2025-07-21 12:21:00.455, FindNode, 41e2be54-44ac-4192-aac0-ad00b4272340, 7BB3577E7F5595B494687818149EE168FEBC2C03, 7BB3577E7F5595B494687818149EE16AFEBC2C03
2025-07-21 12:21:00.458, ReplyFindNode, 41e2be54-44ac-4192-aac0-ad00b4272340, 7BB3577E7F5595B494687818149EE168FEBC2C03, 7BB3577E7F5595B494687818149EE168FEBC2C03
2025-07-21 12:21:12.459, FindNode, 72128459-0f4b-45c9-adea-c21c5dad86b7, 7BB3577E7F5595B494687818149EE168FEBC2C03, 7BB3577E7F55B5B494687818149EE168FEBC2C03
2025-07-21 12:21:12.459, ReplyFindNode, 72128459-0f4b-45c9-adea-c21c5dad86b7, 7BB3577E7F5595B494687818149EE168FEBC2C03, 7BB3577E7F5595B494687818149EE168FEBC2C03
2025-07-21 12:21:24.459, FindNode, da87f7ea-d092-49a9-b88f-e26de2f6c188, 7BB3577E7F5595B494687818149EE168FEBC2C03, 7BB3577E805595B494687818149EE168FEBC2C03
2025-07-21 12:21:24.460, ReplyFindNode, da87f7ea-d092-49a9-b88f-e26de2f6c188, 7BB3577E7F5595B494687818149EE168FEBC2C03, 7BB3577E7F5595B494687818149EE168FEBC2C03
2025-07-21 12:21:31.340, Join, 660329e5-baab-4e92-a4d4-5a60e7996940, 488D91B7237C9FDEC56C70D9374C721A2F230821
2025-07-21 12:21:31.702, FindNode, fa9963d9-5a56-4944-a351-9bce37113fee, 7BB3577E7F5595B494687818149EE168FEBC2C03, 488D91B7237C9FDEC56C70D9374C721A2F230821
2025-07-21 12:21:31.703, ReplyFindNode, fa9963d9-5a56-4944-a351-9bce37113fee, 7BB3577E7F5595B494687818149EE168FEBC2C03, 7BB3577E7F5595B494687818149EE168FEBC2C03
2025-07-21 12:21:32.081, FindNode, 68d109f7-7b13-4fd5-bbad-ccc74feb71ae, 488D91B7237C9FDEC56C70D9374C721A2F230821, 488D91B7257C9FDEC56C70D9374C721A2F230821
2025-07-21 12:21:32.082, ReplyJoin, 660329e5-baab-4e92-a4d4-5a60e7996940
2025-07-21 12:21:32.084, ReplyFindNode, 68d109f7-7b13-4fd5-bbad-ccc74feb71ae, 488D91B7237C9FDEC56C70D9374C721A2F230821, 7BB3577E7F5595B494687818149EE168FEBC2C03
2025-07-21 12:21:36.460, FindNode, 41fdf22e-1b8f-4a90-a452-29cbbe36a8f1, 7BB3577E7F5595B494687818149EE168FEBC2C03, 7BB3577E7F5595B494697818149EE168FEBC2C03
2025-07-21 12:21:36.461, ReplyFindNode, 41fdf22e-1b8f-4a90-a452-29cbbe36a8f1, 7BB3577E7F5595B494687818149EE168FEBC2C03, 488D91B7237C9FDEC56C70D9374C721A2F230821
2025-07-21 12:21:44.084, FindNode, e6b508c1-960f-4310-bb3d-55ce6aae8baa, 488D91B7237C9FDEC56C70D9374C721A2F230821, 488D91B7237C9FDEC56C70D9374CB21A2F230821
2025-07-21 12:21:44.084, ReplyFindNode, e6b508c1-960f-4310-bb3d-55ce6aae8baa, 488D91B7237C9FDEC56C70D9374C721A2F230821, 7BB3577E7F5595B494687818149EE168FEBC2C03
2025-07-21 12:21:48.461, FindNode, a80ffc6c-5b86-4951-9632-97e0e5746e12, 7BB3577E7F5595B494687818149EE168FEBC2C03, 7BB3577E7F5595B494687818149EE16900BC2C03
2025-07-21 12:21:48.462, ReplyFindNode, a80ffc6c-5b86-4951-9632-97e0e5746e12, 7BB3577E7F5595B494687818149EE168FEBC2C03, 488D91B7237C9FDEC56C70D9374C721A2F230821
2025-07-21 12:21:56.085, FindNode, 4f17066f-dcd2-45be-88e5-e4fce40dd022, 488D91B7237C9FDEC56C70D9374C721A2F230821, 488D91B7237C9FDEC56C72D9374C721A2F230821
2025-07-21 12:21:56.085, ReplyFindNode, 4f17066f-dcd2-45be-88e5-e4fce40dd022, 488D91B7237C9FDEC56C70D9374C721A2F230821, 7BB3577E7F5595B494687818149EE168FEBC2C03
2025-07-21 12:22:00.462, FindNode, 24ed1eae-0651-4fa2-9e95-9636fac6a867, 7BB3577E7F5595B494687818149EE168FEBC2C03, 7BD3577E7F5595B494687818149EE168FEBC2C03
2025-07-21 12:22:00.463, ReplyFindNode, 24ed1eae-0651-4fa2-9e95-9636fac6a867, 7BB3577E7F5595B494687818149EE168FEBC2C03, 488D91B7237C9FDEC56C70D9374C721A2F230821
2025-07-21 12:22:02.256, Join, 47018938-8b06-48f7-b341-b92ead0fa40d, ADC0E723DF6E376068DC6BEFDD59C00882974E21
2025-07-21 12:22:02.617, FindNode, 167cb537-70b7-4e83-b253-64c93e3b2eb1, 7BB3577E7F5595B494687818149EE168FEBC2C03, ADC0E723DF6E376068DC6BEFDD59C00882974E21
2025-07-21 12:22:02.618, ReplyFindNode, 167cb537-70b7-4e83-b253-64c93e3b2eb1, 7BB3577E7F5595B494687818149EE168FEBC2C03, 488D91B7237C9FDEC56C70D9374C721A2F230821
2025-07-21 12:22:03.439, FindNode, c9efe8a7-1ea2-4413-ada1-8e3856aadf82, ADC0E723DF6E376068DC6BEFDD59C00882974E21, ADC0E723DF6E376068DCEBEFDD59C00882974E21
2025-07-21 12:22:03.440, ReplyJoin, 47018938-8b06-48f7-b341-b92ead0fa40d
2025-07-21 12:22:03.442, ReplyFindNode, c9efe8a7-1ea2-4413-ada1-8e3856aadf82, ADC0E723DF6E376068DC6BEFDD59C00882974E21, 488D91B7237C9FDEC56C70D9374C721A2F230821
2025-07-21 12:22:08.086, FindNode, f2e2979f-ba58-40e4-8ca2-93fb3f35ab9a, 488D91B7237C9FDEC56C70D9374C721A2F230821, 488D91B7437C9FDEC56C70D9374C721A2F230821
2025-07-21 12:22:08.086, ReplyFindNode, f2e2979f-ba58-40e4-8ca2-93fb3f35ab9a, 488D91B7237C9FDEC56C70D9374C721A2F230821, 7BB3577E7F5595B494687818149EE168FEBC2C03
2025-07-21 12:22:12.463, FindNode, cad286ef-240f-40d3-9d30-285d27969047, 7BB3577E7F5595B494687818149EE168FEBC2C03, 7BB5577E7F5595B494687818149EE168FEBC2C03
2025-07-21 12:22:12.464, ReplyFindNode, cad286ef-240f-40d3-9d30-285d27969047, 7BB3577E7F5595B494687818149EE168FEBC2C03, ADC0E723DF6E376068DC6BEFDD59C00882974E21
2025-07-21 12:22:15.443, FindNode, d242b3fa-0d96-4a90-b77a-324821a6af70, ADC0E723DF6E376068DC6BEFDD59C00882974E21, ADC0E723DF6E376068DC6BEFDD59C00882974EA1
2025-07-21 12:22:15.443, ReplyFindNode, d242b3fa-0d96-4a90-b77a-324821a6af70, ADC0E723DF6E376068DC6BEFDD59C00882974E21, 488D91B7237C9FDEC56C70D9374C721A2F230821
2025-07-21 12:22:20.087, FindNode, 9bd4fbf9-63ca-4893-a36e-36df172a2ada, 488D91B7237C9FDEC56C70D9374C721A2F230821, 488D91BF237C9FDEC56C70D9374C721A2F230821
2025-07-21 12:22:20.087, ReplyFindNode, 9bd4fbf9-63ca-4893-a36e-36df172a2ada, 488D91B7237C9FDEC56C70D9374C721A2F230821, 7BB3577E7F5595B494687818149EE168FEBC2C03
2025-07-21 12:22:24.465, FindNode, 1cb32cd5-d348-4048-88c8-0aaba6d13d12, 7BB3577E7F5595B494687818149EE168FEBC2C03, 7BB3577E7F5595B494687818149EE1693EBC2C03
2025-07-21 12:22:24.465, ReplyFindNode, 1cb32cd5-d348-4048-88c8-0aaba6d13d12, 7BB3577E7F5595B494687818149EE168FEBC2C03, ADC0E723DF6E376068DC6BEFDD59C00882974E21
2025-07-21 12:22:27.444, FindNode, cba8bab3-ee43-4a76-aba5-5f90289f7b13, ADC0E723DF6E376068DC6BEFDD59C00882974E21, ADC0E723DF6E376068DC6BEFDD59C00882975221
2025-07-21 12:22:27.444, ReplyFindNode, cba8bab3-ee43-4a76-aba5-5f90289f7b13, ADC0E723DF6E376068DC6BEFDD59C00882974E21, 488D91B7237C9FDEC56C70D9374C721A2F230821
2025-07-21 12:22:32.088, FindNode, 61958a60-7a78-4025-84ba-4f082520fbb8, 488D91B7237C9FDEC56C70D9374C721A2F230821, 488D91B7237C9FDEC56C70D9378C721A2F230821
2025-07-21 12:22:32.088, ReplyFindNode, 61958a60-7a78-4025-84ba-4f082520fbb8, 488D91B7237C9FDEC56C70D9374C721A2F230821, 7BB3577E7F5595B494687818149EE168FEBC2C03
2025-07-21 12:22:33.071, StartStableRegimen
2025-07-21 12:22:36.466, FindNode, 07779181-3a8e-49e0-bba0-19ea35cad91a, 7BB3577E7F5595B494687818149EE168FEBC2C03, 7BB3577E875595B494687818149EE168FEBC2C03
2025-07-21 12:22:36.466, ReplyFindNode, 07779181-3a8e-49e0-bba0-19ea35cad91a, 7BB3577E7F5595B494687818149EE168FEBC2C03, ADC0E723DF6E376068DC6BEFDD59C00882974E21
2025-07-21 12:22:39.445, FindNode, d95e12f1-748a-460e-b1ec-1e26e16aac4c, ADC0E723DF6E376068DC6BEFDD59C00882974E21, ADC0E723DF6E376068DC6BEFDD59C00882975E21
2025-07-21 12:22:39.445, ReplyFindNode, d95e12f1-748a-460e-b1ec-1e26e16aac4c, ADC0E723DF6E376068DC6BEFDD59C00882974E21, 488D91B7237C9FDEC56C70D9374C721A2F230821
2025-07-21 12:22:43.570, StartReadWriteRegimen
2025-07-21 12:22:43.962, Lookup, 48f90d70-f255-43c4-b526-13b6909391f5, ADC0E723DF6E376068DC6BEFDD59C00882974E21, E824869B684158C07A787A5C645FF0140BF874A6
2025-07-21 12:22:44.011, ReplyLookup, 48f90d70-f255-43c4-b526-13b6909391f5, 488D91B7237C9FDEC56C70D9374C721A2F230821,
2025-07-21 12:22:44.089, FindNode, 59a72917-107c-487c-a8f3-18b2eff04857, 488D91B7237C9FDEC56C70D9374C721A2F230821, 488D91B7237D9FDEC56C70D9374C721A2F230821
2025-07-21 12:22:44.089, ReplyFindNode, 59a72917-107c-487c-a8f3-18b2eff04857, 488D91B7237C9FDEC56C70D9374C721A2F230821, 7BB3577E7F5595B494687818149EE168FEBC2C03
2025-07-21 12:22:44.341, Lookup, df823942-3702-45ca-ab6a-0990bdd2e692, 488D91B7237C9FDEC56C70D9374C721A2F230821, 4CCF6933EB529A47464DD9E5224728394224058B
2025-07-21 12:22:44.376, ReplyLookup, df823942-3702-45ca-ab6a-0990bdd2e692, 7BB3577E7F5595B494687818149EE168FEBC2C03,
2025-07-21 12:22:44.741, Store, e8532d4f-8a7f-4a04-8418-4ca88f58c0ab, 7BB3577E7F5595B494687818149EE168FEBC2C03, 858F097B0451CF1D56F13568E3729ED4387F5743, 43CD2911F75409D31767C6AF2BF526575A5D3C5E
2025-07-21 12:22:44.796, ReplyStore, e8532d4f-8a7f-4a04-8418-4ca88f58c0ab, ADC0E723DF6E376068DC6BEFDD59C00882974E21
2025-07-21 12:22:48.466, FindNode, 7411cb33-6765-4221-9f82-12c2f8c2c1c9, 7BB3577E7F5595B494687818149EE168FEBC2C03, 7BB3577E7F5595B4D4687818149EE168FEBC2C03
2025-07-21 12:22:48.467, ReplyFindNode, 7411cb33-6765-4221-9f82-12c2f8c2c1c9, 7BB3577E7F5595B494687818149EE168FEBC2C03, ADC0E723DF6E376068DC6BEFDD59C00882974E21
2025-07-21 12:22:51.445, FindNode, 1427ba16-2f9b-44dd-991e-6b67e4e0cd72, ADC0E723DF6E376068DC6BEFDD59C00882974E21, ADC0E723DF6E376068DC6BFFDD59C00882974E21
2025-07-21 12:22:51.446, ReplyFindNode, 1427ba16-2f9b-44dd-991e-6b67e4e0cd72, ADC0E723DF6E376068DC6BEFDD59C00882974E21, 488D91B7237C9FDEC56C70D9374C721A2F230821
2025-07-21 12:22:56.090, FindNode, 0114dc9d-89d8-4d0b-994a-d4f41fafd939, 488D91B7237C9FDEC56C70D9374C721A2F230821, 488D91B7237C9FDEC56C70D9374C721AAF230821
2025-07-21 12:22:56.090, ReplyFindNode, 0114dc9d-89d8-4d0b-994a-d4f41fafd939, 488D91B7237C9FDEC56C70D9374C721A2F230821, 7BB3577E7F5595B494687818149EE168FEBC2C03
2025-07-21 12:22:58.962, Store, 65f092ce-4a65-4dc8-935a-f4115d754a3c, ADC0E723DF6E376068DC6BEFDD59C00882974E21, 6D7D7C11BD2C2C4AFB07B0C036CFD55EFDDBEC31, 8159747587B87BD1A8AE24AD9292F5AC92A345A1
2025-07-21 12:22:59.013, FindNode, 1ac20830-6e33-443d-831f-4f32ed6d33f5, 488D91B7237C9FDEC56C70D9374C721A2F230821, 6D7D7C11BD2C2C4AFB07B0C036CFD55EFDDBEC31
2025-07-21 12:22:59.014, ReplyFindNode, 1ac20830-6e33-443d-831f-4f32ed6d33f5, 488D91B7237C9FDEC56C70D9374C721A2F230821, 7BB3577E7F5595B494687818149EE168FEBC2C03
2025-07-21 12:22:59.069, ReplyStore, 65f092ce-4a65-4dc8-935a-f4115d754a3c, 488D91B7237C9FDEC56C70D9374C721A2F230821
2025-07-21 12:22:59.342, Lookup, a981dbe7-5803-483e-9fb4-e48ea6faeb58, 488D91B7237C9FDEC56C70D9374C721A2F230821, DE5B282323123CA302D56568530C363B70ACCB69
2025-07-21 12:22:59.385, FindNode, 83a3ca48-4ca7-4f9c-b5b2-76213b42b294, ADC0E723DF6E376068DC6BEFDD59C00882974E21, DE5B282323123CA302D56568530C363B70ACCB69
2025-07-21 12:22:59.385, ReplyFindNode, 83a3ca48-4ca7-4f9c-b5b2-76213b42b294, ADC0E723DF6E376068DC6BEFDD59C00882974E21, 488D91B7237C9FDEC56C70D9374C721A2F230821
2025-07-21 12:22:59.577, ReplyLookup, a981dbe7-5803-483e-9fb4-e48ea6faeb58, ADC0E723DF6E376068DC6BEFDD59C00882974E21,
2025-07-21 12:22:59.740, Store, f053fdc6-8a10-467b-838c-a37cca0b9dbf, 7BB3577E7F5595B494687818149EE168FEBC2C03, 8A8AC395C43863828DA6A46F963E1F78A030D24F, 08328F590FAD71E9652DCF6D8FA27F5C3179838D
2025-07-21 12:22:59.744, ReplyStore, f053fdc6-8a10-467b-838c-a37cca0b9dbf, ADC0E723DF6E376068DC6BEFDD59C00882974E21
2025-07-21 12:23:00.467, FindNode, 4cc697d8-82df-4d13-a295-97b6796845fe, 7BB3577E7F5595B494687818149EE168FEBC2C03, 7BB3577E7F5595B494687818159EE168FEBC2C03
2025-07-21 12:23:00.468, ReplyFindNode, 4cc697d8-82df-4d13-a295-97b6796845fe, 7BB3577E7F5595B494687818149EE168FEBC2C03, ADC0E723DF6E376068DC6BEFDD59C00882974E21
2025-07-21 12:23:03.446, FindNode, 93b06021-d04f-4802-8aed-ef36f171af51, ADC0E723DF6E376068DC6BEFDD59C00882974E21, AE00E723DF6E376068DC6BEFDD59C00882974E21
2025-07-21 12:23:03.447, ReplyFindNode, 93b06021-d04f-4802-8aed-ef36f171af51, ADC0E723DF6E376068DC6BEFDD59C00882974E21, 488D91B7237C9FDEC56C70D9374C721A2F230821
2025-07-21 12:23:08.091, FindNode, b4310aac-a6fb-495c-9bda-49299aeb03da, 488D91B7237C9FDEC56C70D9374C721A2F230821, 488D91B7237C9FDEC56C70D9374C721A2F230A21
2025-07-21 12:23:08.091, ReplyFindNode, b4310aac-a6fb-495c-9bda-49299aeb03da, 488D91B7237C9FDEC56C70D9374C721A2F230821, 7BB3577E7F5595B494687818149EE168FEBC2C03
2025-07-21 12:23:12.468, FindNode, ea641af2-817b-4310-9f51-8504610334da, 7BB3577E7F5595B494687818149EE168FEBC2C03, 7BB3577E7F5595B494688818149EE168FEBC2C03
2025-07-21 12:23:12.469, ReplyFindNode, ea641af2-817b-4310-9f51-8504610334da, 7BB3577E7F5595B494687818149EE168FEBC2C03, ADC0E723DF6E376068DC6BEFDD59C00882974E21
2025-07-21 12:23:13.962, Remove, 3fdd85e2-ba43-494a-9f1f-fdb13a0a41fc, ADC0E723DF6E376068DC6BEFDD59C00882974E21, 6D7D7C11BD2C2C4AFB07B0C036CFD55EFDDBEC31, 8159747587B87BD1A8AE24AD9292F5AC92A345A1
2025-07-21 12:23:14.005, FindNode, 6242d01d-0069-4d17-95ea-30f541ef9ae8, 488D91B7237C9FDEC56C70D9374C721A2F230821, 6D7D7C11BD2C2C4AFB07B0C036CFD55EFDDBEC31
2025-07-21 12:23:14.006, ReplyFindNode, 6242d01d-0069-4d17-95ea-30f541ef9ae8, 488D91B7237C9FDEC56C70D9374C721A2F230821, 7BB3577E7F5595B494687818149EE168FEBC2C03
2025-07-21 12:23:14.101, ReplyRemove, 3fdd85e2-ba43-494a-9f1f-fdb13a0a41fc, 488D91B7237C9FDEC56C70D9374C721A2F230821
2025-07-21 12:23:14.343, Lookup, 19d2c928-2baf-4f39-bda3-f3afcd4a6b89, 488D91B7237C9FDEC56C70D9374C721A2F230821, 4CCF6933EB529A47464DD9E5224728394224058B
2025-07-21 12:23:14.386, ReplyLookup, 19d2c928-2baf-4f39-bda3-f3afcd4a6b89, 7BB3577E7F5595B494687818149EE168FEBC2C03,
2025-07-21 12:23:14.741, Store, b90f475a-7671-49f4-84d2-6fecf71f5059, 7BB3577E7F5595B494687818149EE168FEBC2C03, 37D50FCF19804A70BE2116E9CF46685C2802C790, 343DBC5DE41B09BDE7418DCB07FF74F9BC36FF54
2025-07-21 12:23:14.785, FindNode, e0e0ea81-3005-4395-9658-05b71886748b, ADC0E723DF6E376068DC6BEFDD59C00882974E21, 37D50FCF19804A70BE2116E9CF46685C2802C790
2025-07-21 12:23:14.786, ReplyFindNode, e0e0ea81-3005-4395-9658-05b71886748b, ADC0E723DF6E376068DC6BEFDD59C00882974E21, 488D91B7237C9FDEC56C70D9374C721A2F230821
2025-07-21 12:23:14.881, ReplyStore, b90f475a-7671-49f4-84d2-6fecf71f5059, ADC0E723DF6E376068DC6BEFDD59C00882974E21
2025-07-21 12:23:15.447, FindNode, 94efc5d0-994f-465a-a72f-470670e36ab5, ADC0E723DF6E376068DC6BEFDD59C00882974E21, ADC0E723DF72376068DC6BEFDD59C00882974E21
2025-07-21 12:23:15.447, ReplyFindNode, 94efc5d0-994f-465a-a72f-470670e36ab5, ADC0E723DF6E376068DC6BEFDD59C00882974E21, 488D91B7237C9FDEC56C70D9374C721A2F230821
2025-07-21 12:23:20.092, FindNode, bc6ef063-5e06-4d6d-b417-ea58871fa340, 488D91B7237C9FDEC56C70D9374C721A2F230821, 488D91B8237C9FDEC56C70D9374C721A2F230821
2025-07-21 12:23:20.092, ReplyFindNode, bc6ef063-5e06-4d6d-b417-ea58871fa340, 488D91B7237C9FDEC56C70D9374C721A2F230821, 7BB3577E7F5595B494687818149EE168FEBC2C03
2025-07-21 12:23:24.469, FindNode, 027a6d7d-fafe-42c6-a586-d9aeb406ac72, 7BB3577E7F5595B494687818149EE168FEBC2C03, 7BB3577E7F5595B494687818149EE168FEBC2C04
2025-07-21 12:23:24.469, ReplyFindNode, 027a6d7d-fafe-42c6-a586-d9aeb406ac72, 7BB3577E7F5595B494687818149EE168FEBC2C03, ADC0E723DF6E376068DC6BEFDD59C00882974E21
2025-07-21 12:23:27.448, FindNode, d2df4550-2e7f-4a42-bc06-b831a445b95e, ADC0E723DF6E376068DC6BEFDD59C00882974E21, ADC0E723DF6E386068DC6BEFDD59C00882974E21
2025-07-21 12:23:27.448, ReplyFindNode, d2df4550-2e7f-4a42-bc06-b831a445b95e, ADC0E723DF6E376068DC6BEFDD59C00882974E21, 488D91B7237C9FDEC56C70D9374C721A2F230821
2025-07-21 12:23:28.962, Store, 0966775b-2b13-4d65-86e3-18e73570f486, ADC0E723DF6E376068DC6BEFDD59C00882974E21, 0399D5485AEE2DBE46CBEB81BF5D648AB98AE879, 46915788B7CDB791571941DECC212EB4F1C45E4E
2025-07-21 12:23:28.966, ReplyStore, 0966775b-2b13-4d65-86e3-18e73570f486, 488D91B7237C9FDEC56C70D9374C721A2F230821
2025-07-21 12:23:29.344, Store, 80406dac-6105-48f7-ab29-0e4d25a8a474, 488D91B7237C9FDEC56C70D9374C721A2F230821, CE3F2F497EF5657EDA8D4E9F9D61E7535427D6FF, 2E86017D28D3F7DFD10C323A6293B75E2F1FACCE
2025-07-21 12:23:29.393, FindNode, 7a33bfe6-5a88-43be-80bc-7358b88556ac, ADC0E723DF6E376068DC6BEFDD59C00882974E21, CE3F2F497EF5657EDA8D4E9F9D61E7535427D6FF
2025-07-21 12:23:29.393, ReplyFindNode, 7a33bfe6-5a88-43be-80bc-7358b88556ac, ADC0E723DF6E376068DC6BEFDD59C00882974E21, 488D91B7237C9FDEC56C70D9374C721A2F230821
2025-07-21 12:23:29.489, ReplyStore, 80406dac-6105-48f7-ab29-0e4d25a8a474, ADC0E723DF6E376068DC6BEFDD59C00882974E21
2025-07-21 12:23:29.742, Lookup, c2d93656-514f-436c-90f0-1bdcc47c3e85, 7BB3577E7F5595B494687818149EE168FEBC2C03, 858F097B0451CF1D56F13568E3729ED4387F5743
2025-07-21 12:23:29.787, ReplyLookup, c2d93656-514f-436c-90f0-1bdcc47c3e85, ADC0E723DF6E376068DC6BEFDD59C00882974E21, 43CD2911F75409D31767C6AF2BF526575A5D3C5E
2025-07-21 12:23:32.093, FindNode, a4c15122-5eab-4a71-a3b9-4d499608d8fe, 488D91B7237C9FDEC56C70D9374C721A2F230821, 488D91B7237C9FDEC57C70D9374C721A2F230821
2025-07-21 12:23:32.093, ReplyFindNode, a4c15122-5eab-4a71-a3b9-4d499608d8fe, 488D91B7237C9FDEC56C70D9374C721A2F230821, 7BB3577E7F5595B494687818149EE168FEBC2C03
2025-07-21 12:23:36.470, FindNode, 3ac454cf-8529-4b3a-a7f6-af36f498e3c2, 7BB3577E7F5595B494687818149EE168FEBC2C03, 7BB7577E7F5595B494687818149EE168FEBC2C03
2025-07-21 12:23:36.470, ReplyFindNode, 3ac454cf-8529-4b3a-a7f6-af36f498e3c2, 7BB3577E7F5595B494687818149EE168FEBC2C03, ADC0E723DF6E376068DC6BEFDD59C00882974E21
2025-07-21 12:23:39.449, FindNode, 58fcf1d0-edb4-46b1-829f-ea963836907d, ADC0E723DF6E376068DC6BEFDD59C00882974E21, ADC0E723DF6E376068DC6BEFDD59C00882D74E21
2025-07-21 12:23:39.449, ReplyFindNode, 58fcf1d0-edb4-46b1-829f-ea963836907d, ADC0E723DF6E376068DC6BEFDD59C00882974E21, 488D91B7237C9FDEC56C70D9374C721A2F230821
2025-07-21 12:23:43.962, Remove, f18592e1-bd21-48db-b4ef-aca077c78423, ADC0E723DF6E376068DC6BEFDD59C00882974E21, 0399D5485AEE2DBE46CBEB81BF5D648AB98AE879, 46915788B7CDB791571941DECC212EB4F1C45E4E
2025-07-21 12:23:43.967, ReplyRemove, f18592e1-bd21-48db-b4ef-aca077c78423, 488D91B7237C9FDEC56C70D9374C721A2F230821
2025-07-21 12:23:44.093, FindNode, 87acd048-515e-4213-8259-6f0bd028607f, 488D91B7237C9FDEC56C70D9374C721A2F230821, 488E91B7237C9FDEC56C70D9374C721A2F230821
2025-07-21 12:23:44.094, ReplyFindNode, 87acd048-515e-4213-8259-6f0bd028607f, 488D91B7237C9FDEC56C70D9374C721A2F230821, 7BB3577E7F5595B494687818149EE168FEBC2C03
2025-07-21 12:23:44.344, Store, 5061df7c-0393-4f7e-ae68-ffc923507921, 488D91B7237C9FDEC56C70D9374C721A2F230821, 1330DB16179C53B6C04EB201C153E03CCD2D87E7, 7FF3154F7ADFF5153FA18F6EF0D0BF81B58BC327
2025-07-21 12:23:44.389, FindNode, effaf472-4925-428e-b83f-bf1244fcd952, ADC0E723DF6E376068DC6BEFDD59C00882974E21, 1330DB16179C53B6C04EB201C153E03CCD2D87E7
2025-07-21 12:23:44.389, ReplyFindNode, effaf472-4925-428e-b83f-bf1244fcd952, ADC0E723DF6E376068DC6BEFDD59C00882974E21, 488D91B7237C9FDEC56C70D9374C721A2F230821
2025-07-21 12:23:44.441, ReplyStore, 5061df7c-0393-4f7e-ae68-ffc923507921, ADC0E723DF6E376068DC6BEFDD59C00882974E21
2025-07-21 12:23:44.742, Lookup, d49597bc-88f9-4ddc-a1eb-758cb3dc6b66, 7BB3577E7F5595B494687818149EE168FEBC2C03, 9BDC0DACD1F3417CC97F7EEAE0769EB69758FAD4
2025-07-21 12:23:44.786, ReplyLookup, d49597bc-88f9-4ddc-a1eb-758cb3dc6b66, ADC0E723DF6E376068DC6BEFDD59C00882974E21,
2025-07-21 12:23:45.248, EndStableRegimen
2025-07-21 12:23:45.642, Leave, 83dc25b0-889d-42b1-a62c-bee840f2b566, 488D91B7237C9FDEC56C70D9374C721A2F230821
2025-07-21 12:23:45.689, ReplyLeave, 83dc25b0-889d-42b1-a62c-bee840f2b566
2025-07-21 12:23:45.690, EndMember, 488D91B7237C9FDEC56C70D9374C721A2F230821
2025-07-21 12:23:46.187, StartStableRegimen
2025-07-21 12:23:48.471, FindNode, 27b4b9de-e6da-4465-b4cf-f4677534ad35, 7BB3577E7F5595B494687818149EE168FEBC2C03, 7BB3577E7F5595B494687818949EE168FEBC2C03
2025-07-21 12:23:48.471, ReplyFindNode, 27b4b9de-e6da-4465-b4cf-f4677534ad35, 7BB3577E7F5595B494687818149EE168FEBC2C03, ADC0E723DF6E376068DC6BEFDD59C00882974E21
2025-07-21 12:23:51.450, FindNode, 8e3c9aee-57e1-4ea7-8a12-249e7e046f53, ADC0E723DF6E376068DC6BEFDD59C00882974E21, ADC0E723DF6E376068DC6BEFDD59C00882974E31
2025-07-21 12:23:51.450, ReplyFindNode, 8e3c9aee-57e1-4ea7-8a12-249e7e046f53, ADC0E723DF6E376068DC6BEFDD59C00882974E21, 488D91B7237C9FDEC56C70D9374C721A2F230821
2025-07-21 12:23:58.963, Lookup, 55d4432c-e8ad-4905-a8ef-d3f9056335c8, ADC0E723DF6E376068DC6BEFDD59C00882974E21, DE5B282323123CA302D56568530C363B70ACCB69
2025-07-21 12:23:59.007, ReplyLookup, 55d4432c-e8ad-4905-a8ef-d3f9056335c8, 7BB3577E7F5595B494687818149EE168FEBC2C03,
2025-07-21 12:23:59.742, Lookup, f3daa519-f5dc-4f5e-bc21-650e9781f6b0, 7BB3577E7F5595B494687818149EE168FEBC2C03, 0399D5485AEE2DBE46CBEB81BF5D648AB98AE879
2025-07-21 12:23:59.785, FindNode, a0c567a9-7278-4cbf-af06-f61d12416a5e, ADC0E723DF6E376068DC6BEFDD59C00882974E21, 0399D5485AEE2DBE46CBEB81BF5D648AB98AE879
2025-07-21 12:23:59.785, ReplyFindNode, a0c567a9-7278-4cbf-af06-f61d12416a5e, ADC0E723DF6E376068DC6BEFDD59C00882974E21, 7BB3577E7F5595B494687818149EE168FEBC2C03
2025-07-21 12:23:59.917, ReplyLookup, f3daa519-f5dc-4f5e-bc21-650e9781f6b0, ADC0E723DF6E376068DC6BEFDD59C00882974E21,
2025-07-21 12:24:00.472, FindNode, 4ce0c9c6-39ab-4e0b-8b9e-0041d57afb50, 7BB3577E7F5595B494687818149EE168FEBC2C03, 7BB3577E7F5595B494687818149EE168FEBC3003
2025-07-21 12:24:00.472, ReplyFindNode, 4ce0c9c6-39ab-4e0b-8b9e-0041d57afb50, 7BB3577E7F5595B494687818149EE168FEBC2C03, ADC0E723DF6E376068DC6BEFDD59C00882974E21
2025-07-21 12:24:03.451, FindNode, 33920e50-39ee-411d-a05e-886cb3da7af0, ADC0E723DF6E376068DC6BEFDD59C00882974E21, AE40E723DF6E376068DC6BEFDD59C00882974E21
2025-07-21 12:24:03.451, ReplyFindNode, 33920e50-39ee-411d-a05e-886cb3da7af0, ADC0E723DF6E376068DC6BEFDD59C00882974E21, 7BB3577E7F5595B494687818149EE168FEBC2C03
2025-07-21 12:24:12.473, FindNode, bda35dc4-a253-4c27-9b78-d1a9b4869b4a, 7BB3577E7F5595B494687818149EE168FEBC2C03, 7BBB577E7F5595B494687818149EE168FEBC2C03
2025-07-21 12:24:12.473, ReplyFindNode, bda35dc4-a253-4c27-9b78-d1a9b4869b4a, 7BB3577E7F5595B494687818149EE168FEBC2C03, ADC0E723DF6E376068DC6BEFDD59C00882974E21
2025-07-21 12:24:13.962, Store, 43139e5b-caf6-4f86-b8bf-60fcb4078474, ADC0E723DF6E376068DC6BEFDD59C00882974E21, 9BDC0DACD1F3417CC97F7EEAE0769EB69758FAD4, 6F8CD3286789927BD4C1D0478A2E7C9425452A59
2025-07-21 12:24:14.005, FindNode, 5a0c749c-b25e-4aca-aa49-8909fdcb7c82, 7BB3577E7F5595B494687818149EE168FEBC2C03, 9BDC0DACD1F3417CC97F7EEAE0769EB69758FAD4
2025-07-21 12:24:14.005, ReplyFindNode, 5a0c749c-b25e-4aca-aa49-8909fdcb7c82, 7BB3577E7F5595B494687818149EE168FEBC2C03, ADC0E723DF6E376068DC6BEFDD59C00882974E21
2025-07-21 12:24:14.097, ReplyStore, 43139e5b-caf6-4f86-b8bf-60fcb4078474, 7BB3577E7F5595B494687818149EE168FEBC2C03
2025-07-21 12:24:14.741, Lookup, 5c756c17-8136-4c83-8e09-e28fab4c53b0, 7BB3577E7F5595B494687818149EE168FEBC2C03, E824869B684158C07A787A5C645FF0140BF874A6
2025-07-21 12:24:14.785, FindNode, 668aae03-dda3-44e0-a65b-1c928819b865, ADC0E723DF6E376068DC6BEFDD59C00882974E21, E824869B684158C07A787A5C645FF0140BF874A6
2025-07-21 12:24:14.785, ReplyFindNode, 668aae03-dda3-44e0-a65b-1c928819b865, ADC0E723DF6E376068DC6BEFDD59C00882974E21, 488D91B7237C9FDEC56C70D9374C721A2F230821
2025-07-21 12:24:14.917, ReplyLookup, 5c756c17-8136-4c83-8e09-e28fab4c53b0, ADC0E723DF6E376068DC6BEFDD59C00882974E21,
2025-07-21 12:24:15.452, FindNode, b6ae4a45-ac06-44ce-919d-3ece0f3dfa48, ADC0E723DF6E376068DC6BEFDD59C00882974E21, AEC0E723DF6E376068DC6BEFDD59C00882974E21
2025-07-21 12:24:15.452, ReplyFindNode, b6ae4a45-ac06-44ce-919d-3ece0f3dfa48, ADC0E723DF6E376068DC6BEFDD59C00882974E21, 488D91B7237C9FDEC56C70D9374C721A2F230821
2025-07-21 12:24:24.474, FindNode, 3df95be6-858d-4175-962f-2c2daf3e074e, 7BB3577E7F5595B494687818149EE168FEBC2C03, 7BB3577E7F5595B494687818149EE168FEBC2C13
2025-07-21 12:24:24.474, ReplyFindNode, 3df95be6-858d-4175-962f-2c2daf3e074e, 7BB3577E7F5595B494687818149EE168FEBC2C03, ADC0E723DF6E376068DC6BEFDD59C00882974E21
2025-07-21 12:24:27.453, FindNode, 5a425ae4-b3fa-43b3-be0d-e8a1e916e7d5, ADC0E723DF6E376068DC6BEFDD59C00882974E21, ADC0E723DF6E376068DC6BEFDD59C01882974E21
2025-07-21 12:24:27.453, ReplyFindNode, 5a425ae4-b3fa-43b3-be0d-e8a1e916e7d5, ADC0E723DF6E376068DC6BEFDD59C00882974E21, 7BB3577E7F5595B494687818149EE168FEBC2C03
2025-07-21 12:24:28.962, Lookup, 141b85e7-cf46-4280-9bad-d7856dee3d85, ADC0E723DF6E376068DC6BEFDD59C00882974E21, CCB63B7D33DC43CAD86706330FA8F1BAB1A1811A
2025-07-21 12:24:29.742, Store, f019f8cb-4286-4762-a401-8a6cda2c637d, 7BB3577E7F5595B494687818149EE168FEBC2C03, CCB63B7D33DC43CAD86706330FA8F1BAB1A1811A, A0C5282F8FB4D87C370AE63988DB3D27729D7EE0
2025-07-21 12:24:29.785, FindNode, ce3ccfbd-49a1-4912-b042-a9b246eaf1c6, ADC0E723DF6E376068DC6BEFDD59C00882974E21, CCB63B7D33DC43CAD86706330FA8F1BAB1A1811A
2025-07-21 12:24:29.785, ReplyFindNode, ce3ccfbd-49a1-4912-b042-a9b246eaf1c6, ADC0E723DF6E376068DC6BEFDD59C00882974E21, 488D91B7237C9FDEC56C70D9374C721A2F230821
2025-07-21 12:24:29.877, ReplyStore, f019f8cb-4286-4762-a401-8a6cda2c637d, ADC0E723DF6E376068DC6BEFDD59C00882974E21
2025-07-21 12:24:36.474, FindNode, 92a6972e-3941-45fa-952b-3a96ea524980, 7BB3577E7F5595B494687818149EE168FEBC2C03, 7BB4577E7F5595B494687818149EE168FEBC2C03
2025-07-21 12:24:36.475, ReplyFindNode, 92a6972e-3941-45fa-952b-3a96ea524980, 7BB3577E7F5595B494687818149EE168FEBC2C03, ADC0E723DF6E376068DC6BEFDD59C00882974E21
2025-07-21 12:24:39.454, FindNode, ee664c1b-5282-4192-826f-d7198688bf54, ADC0E723DF6E376068DC6BEFDD59C00882974E21, ADC0E723DF6E376068DC6BEFDF59C00882974E21
2025-07-21 12:24:39.455, ReplyFindNode, ee664c1b-5282-4192-826f-d7198688bf54, ADC0E723DF6E376068DC6BEFDD59C00882974E21, 488D91B7237C9FDEC56C70D9374C721A2F230821
2025-07-21 12:24:39.972, ReplyLookup, 141b85e7-cf46-4280-9bad-d7856dee3d85, 7BB3577E7F5595B494687818149EE168FEBC2C03, A0C5282F8FB4D87C370AE63988DB3D27729D7EE0
2025-07-21 12:24:43.962, Store, c3aa5c5c-f987-4c87-9389-7459383c280c, ADC0E723DF6E376068DC6BEFDD59C00882974E21, C8B8B30DF9CCAF9240BC5E19F2C3A9263EB56B68, 1E9857830CC4CD5742B26F45710A8537190E914C
2025-07-21 12:24:43.966, ReplyStore, c3aa5c5c-f987-4c87-9389-7459383c280c, 7BB3577E7F5595B494687818149EE168FEBC2C03
2025-07-21 12:24:44.742, Remove, cdf3f453-bd49-4519-ad75-b1dfef17148b, 7BB3577E7F5595B494687818149EE168FEBC2C03, 8A8AC395C43863828DA6A46F963E1F78A030D24F, 08328F590FAD71E9652DCF6D8FA27F5C3179838D
2025-07-21 12:24:44.749, ReplyRemove, cdf3f453-bd49-4519-ad75-b1dfef17148b, ADC0E723DF6E376068DC6BEFDD59C00882974E21
2025-07-21 12:24:48.475, FindNode, cb9c6c52-a31d-4a05-80a6-a39b30b480f3, 7BB3577E7F5595B494687818149EE168FEBC2C03, 7BB3577EBF5595B494687818149EE168FEBC2C03
2025-07-21 12:24:48.475, ReplyFindNode, cb9c6c52-a31d-4a05-80a6-a39b30b480f3, 7BB3577E7F5595B494687818149EE168FEBC2C03, ADC0E723DF6E376068DC6BEFDD59C00882974E21
2025-07-21 12:24:51.455, FindNode, e469a58b-be4a-4378-96ed-9dba2a5d308a, ADC0E723DF6E376068DC6BEFDD59C00882974E21, ADC0E723DF6E376068DC6BF1DD59C00882974E21
2025-07-21 12:24:51.456, ReplyFindNode, e469a58b-be4a-4378-96ed-9dba2a5d308a, ADC0E723DF6E376068DC6BEFDD59C00882974E21, 7BB3577E7F5595B494687818149EE168FEBC2C03
2025-07-21 12:24:58.962, Lookup, 91b16a99-b132-484d-9f39-a5481b02a018, ADC0E723DF6E376068DC6BEFDD59C00882974E21, C8B8B30DF9CCAF9240BC5E19F2C3A9263EB56B68
2025-07-21 12:24:59.742, Remove, d885f8da-879d-4110-b985-5132d1c64a72, 7BB3577E7F5595B494687818149EE168FEBC2C03, CCB63B7D33DC43CAD86706330FA8F1BAB1A1811A, A0C5282F8FB4D87C370AE63988DB3D27729D7EE0
2025-07-21 12:24:59.785, FindNode, 86d5fe98-9de5-411d-a2a9-c6f587b7195a, ADC0E723DF6E376068DC6BEFDD59C00882974E21, CCB63B7D33DC43CAD86706330FA8F1BAB1A1811A
2025-07-21 12:24:59.786, ReplyFindNode, 86d5fe98-9de5-411d-a2a9-c6f587b7195a, ADC0E723DF6E376068DC6BEFDD59C00882974E21, 488D91B7237C9FDEC56C70D9374C721A2F230821
2025-07-21 12:24:59.877, ReplyRemove, d885f8da-879d-4110-b985-5132d1c64a72, ADC0E723DF6E376068DC6BEFDD59C00882974E21
2025-07-21 12:25:00.476, FindNode, 000aa227-8bc4-4505-84e6-3e94051b3456, 7BB3577E7F5595B494687818149EE168FEBC2C03, 7BB3577E7F5595B494687818149EE168FEBC2C04
2025-07-21 12:25:00.476, ReplyFindNode, 000aa227-8bc4-4505-84e6-3e94051b3456, 7BB3577E7F5595B494687818149EE168FEBC2C03, ADC0E723DF6E376068DC6BEFDD59C00882974E21
2025-07-21 12:25:03.456, FindNode, 6f350192-5df0-4556-a5ec-d37972eba959, ADC0E723DF6E376068DC6BEFDD59C00882974E21, ADC0E723DF6E376068DCABEFDD59C00882974E21
2025-07-21 12:25:03.456, ReplyFindNode, 6f350192-5df0-4556-a5ec-d37972eba959, ADC0E723DF6E376068DC6BEFDD59C00882974E21, 488D91B7237C9FDEC56C70D9374C721A2F230821
2025-07-21 12:25:04.018, ReplyLookup, 91b16a99-b132-484d-9f39-a5481b02a018, 7BB3577E7F5595B494687818149EE168FEBC2C03, 1E9857830CC4CD5742B26F45710A8537190E914C
2025-07-21 12:25:12.477, FindNode, fa1439a7-b8b8-4924-a770-bca84105ea5d, 7BB3577E7F5595B494687818149EE168FEBC2C03, 7BB5577E7F5595B494687818149EE168FEBC2C03
2025-07-21 12:25:12.477, ReplyFindNode, fa1439a7-b8b8-4924-a770-bca84105ea5d, 7BB3577E7F5595B494687818149EE168FEBC2C03, ADC0E723DF6E376068DC6BEFDD59C00882974E21
2025-07-21 12:25:13.962, Lookup, 9702dc03-3da2-4397-bea6-50ddde522279, ADC0E723DF6E376068DC6BEFDD59C00882974E21, C8B8B30DF9CCAF9240BC5E19F2C3A9263EB56B68
2025-07-21 12:25:14.006, ReplyLookup, 9702dc03-3da2-4397-bea6-50ddde522279, 7BB3577E7F5595B494687818149EE168FEBC2C03, 1E9857830CC4CD5742B26F45710A8537190E914C
2025-07-21 12:25:14.742, Lookup, 58c40f06-5d0e-488e-a350-572f61b370d0, 7BB3577E7F5595B494687818149EE168FEBC2C03, B0097FF07623ED5B730FF757525C145E31266FE9
2025-07-21 12:25:14.785, FindNode, 80f9490b-b9c9-4bf1-bd79-ff03fea095ff, ADC0E723DF6E376068DC6BEFDD59C00882974E21, B0097FF07623ED5B730FF757525C145E31266FE9
2025-07-21 12:25:14.785, ReplyFindNode, 80f9490b-b9c9-4bf1-bd79-ff03fea095ff, ADC0E723DF6E376068DC6BEFDD59C00882974E21, 7BB3577E7F5595B494687818149EE168FEBC2C03
2025-07-21 12:25:14.917, ReplyLookup, 58c40f06-5d0e-488e-a350-572f61b370d0, ADC0E723DF6E376068DC6BEFDD59C00882974E21,
2025-07-21 12:25:15.457, FindNode, d44c3a43-b7c3-43a3-81f4-303965a45932, ADC0E723DF6E376068DC6BEFDD59C00882974E21, ADC0E723DF6E376068DE6BEFDD59C00882974E21
2025-07-21 12:25:15.457, ReplyFindNode, d44c3a43-b7c3-43a3-81f4-303965a45932, ADC0E723DF6E376068DC6BEFDD59C00882974E21, 7BB3577E7F5595B494687818149EE168FEBC2C03
2025-07-21 12:25:24.477, FindNode, c9c477bc-3955-4d3b-8c72-e72dac0e5b80, 7BB3577E7F5595B494687818149EE168FEBC2C03, 7BB3577E7F5595BC94687818149EE168FEBC2C03
2025-07-21 12:25:24.478, ReplyFindNode, c9c477bc-3955-4d3b-8c72-e72dac0e5b80, 7BB3577E7F5595B494687818149EE168FEBC2C03, ADC0E723DF6E376068DC6BEFDD59C00882974E21
2025-07-21 12:25:27.458, FindNode, 8c883c9d-3ff9-4c80-a12a-cb1bd8a68f2d, ADC0E723DF6E376068DC6BEFDD59C00882974E21, ADC0E723DF6E376068DC6BEFDD5A000882974E21
2025-07-21 12:25:27.458, ReplyFindNode, 8c883c9d-3ff9-4c80-a12a-cb1bd8a68f2d, ADC0E723DF6E376068DC6BEFDD59C00882974E21, 488D91B7237C9FDEC56C70D9374C721A2F230821
2025-07-21 12:25:28.962, Lookup, ec2e2cfc-2751-4f12-b6dc-bb88d32b7366, ADC0E723DF6E376068DC6BEFDD59C00882974E21, 9BDC0DACD1F3417CC97F7EEAE0769EB69758FAD4
2025-07-21 12:25:29.005, FindNode, 2533cd2b-1c5f-4a90-acc2-d474e0eb65dc, 7BB3577E7F5595B494687818149EE168FEBC2C03, 9BDC0DACD1F3417CC97F7EEAE0769EB69758FAD4
2025-07-21 12:25:29.005, ReplyFindNode, 2533cd2b-1c5f-4a90-acc2-d474e0eb65dc, 7BB3577E7F5595B494687818149EE168FEBC2C03, ADC0E723DF6E376068DC6BEFDD59C00882974E21
2025-07-21 12:25:29.137, ReplyLookup, ec2e2cfc-2751-4f12-b6dc-bb88d32b7366, 7BB3577E7F5595B494687818149EE168FEBC2C03, 6F8CD3286789927BD4C1D0478A2E7C9425452A59
2025-07-21 12:25:29.741, Lookup, e9a2934a-3187-4b3e-9823-b58943ecb338, 7BB3577E7F5595B494687818149EE168FEBC2C03, 858F097B0451CF1D56F13568E3729ED4387F5743
2025-07-21 12:25:29.786, ReplyLookup, e9a2934a-3187-4b3e-9823-b58943ecb338, ADC0E723DF6E376068DC6BEFDD59C00882974E21, 43CD2911F75409D31767C6AF2BF526575A5D3C5E
2025-07-21 12:25:36.478, FindNode, bb6904bb-5f1a-423d-bdfc-727546b44a9d, 7BB3577E7F5595B494687818149EE168FEBC2C03, 7BB3577E7F5595B49468781814BEE168FEBC2C03
2025-07-21 12:25:36.479, ReplyFindNode, bb6904bb-5f1a-423d-bdfc-727546b44a9d, 7BB3577E7F5595B494687818149EE168FEBC2C03, ADC0E723DF6E376068DC6BEFDD59C00882974E21
2025-07-21 12:25:39.459, FindNode, 72dc01a7-1a16-4836-a43e-688f44547f62, ADC0E723DF6E376068DC6BEFDD59C00882974E21, ADC0E723DF70376068DC6BEFDD59C00882974E21
2025-07-21 12:25:39.459, ReplyFindNode, 72dc01a7-1a16-4836-a43e-688f44547f62, ADC0E723DF6E376068DC6BEFDD59C00882974E21, 7BB3577E7F5595B494687818149EE168FEBC2C03
2025-07-21 12:25:43.963, Lookup, 881dcc5a-420d-4caa-83d1-f230d915eba4, ADC0E723DF6E376068DC6BEFDD59C00882974E21, C8B8B30DF9CCAF9240BC5E19F2C3A9263EB56B68
2025-07-21 12:25:44.742, Lookup, cd973d1f-0602-4ef9-9712-7f5a1c7e0e1f, 7BB3577E7F5595B494687818149EE168FEBC2C03, 858F097B0451CF1D56F13568E3729ED4387F5743
2025-07-21 12:25:44.788, ReplyLookup, cd973d1f-0602-4ef9-9712-7f5a1c7e0e1f, ADC0E723DF6E376068DC6BEFDD59C00882974E21, 43CD2911F75409D31767C6AF2BF526575A5D3C5E
2025-07-21 12:25:47.509, EndReadWriteRegimen
2025-07-21 12:25:48.479, FindNode, 3d9e8d5b-3fee-4fe5-936f-195889e42192, 7BB3577E7F5595B494687818149EE168FEBC2C03, 7BB3577E7F5595B494687818189EE168FEBC2C03
2025-07-21 12:25:48.479, ReplyFindNode, 3d9e8d5b-3fee-4fe5-936f-195889e42192, 7BB3577E7F5595B494687818149EE168FEBC2C03, ADC0E723DF6E376068DC6BEFDD59C00882974E21
2025-07-21 12:25:51.461, FindNode, ca511dd8-0c45-4775-a756-91915b4b53e8, ADC0E723DF6E376068DC6BEFDD59C00882974E21, ADC0E723DF6E376068DC6BEFDD59C00882975E21
2025-07-21 12:25:51.462, ReplyFindNode, ca511dd8-0c45-4775-a756-91915b4b53e8, ADC0E723DF6E376068DC6BEFDD59C00882974E21, 488D91B7237C9FDEC56C70D9374C721A2F230821
2025-07-21 12:25:52.115, ReplyLookup, 881dcc5a-420d-4caa-83d1-f230d915eba4, 7BB3577E7F5595B494687818149EE168FEBC2C03, 1E9857830CC4CD5742B26F45710A8537190E914C
2025-07-21 12:25:52.886, StartReadOnlyRegimen
2025-07-21 12:25:53.262, Lookup, 953b7a28-3004-48e7-bacd-a27071baafb5, ADC0E723DF6E376068DC6BEFDD59C00882974E21, C8B8B30DF9CCAF9240BC5E19F2C3A9263EB56B68
2025-07-21 12:25:53.310, ReplyLookup, 953b7a28-3004-48e7-bacd-a27071baafb5, 7BB3577E7F5595B494687818149EE168FEBC2C03, 1E9857830CC4CD5742B26F45710A8537190E914C
2025-07-21 12:25:53.635, Lookup, 496ee342-1843-4e4c-90cf-b8f571f55e24, 7BB3577E7F5595B494687818149EE168FEBC2C03, C56628FB2747CE2E0CEDE7E6A9774A3AC78AC625
2025-07-21 12:25:53.681, FindNode, a112fd84-589c-4332-8148-f4b449e6b3a0, ADC0E723DF6E376068DC6BEFDD59C00882974E21, C56628FB2747CE2E0CEDE7E6A9774A3AC78AC625
2025-07-21 12:25:53.681, ReplyFindNode, a112fd84-589c-4332-8148-f4b449e6b3a0, ADC0E723DF6E376068DC6BEFDD59C00882974E21, 7BB3577E7F5595B494687818149EE168FEBC2C03
2025-07-21 12:25:53.813, ReplyLookup, 496ee342-1843-4e4c-90cf-b8f571f55e24, ADC0E723DF6E376068DC6BEFDD59C00882974E21,
2025-07-21 12:25:58.964, Lookup, 7846a2b0-a7a5-4914-a931-c121f646b5e6, ADC0E723DF6E376068DC6BEFDD59C00882974E21, 1D3C9F6AAE06D1A1855FAF03B36F21415901D219
2025-07-21 12:25:59.010, ReplyLookup, 7846a2b0-a7a5-4914-a931-c121f646b5e6, 7BB3577E7F5595B494687818149EE168FEBC2C03,
2025-07-21 12:25:59.742, Lookup, eaa9031c-0547-4895-a4f8-80697ed7d221, 7BB3577E7F5595B494687818149EE168FEBC2C03, C56628FB2747CE2E0CEDE7E6A9774A3AC78AC625
2025-07-21 12:25:59.785, FindNode, 076de01d-2920-4bac-bb0a-6796ab69e779, ADC0E723DF6E376068DC6BEFDD59C00882974E21, C56628FB2747CE2E0CEDE7E6A9774A3AC78AC625
2025-07-21 12:25:59.786, ReplyFindNode, 076de01d-2920-4bac-bb0a-6796ab69e779, ADC0E723DF6E376068DC6BEFDD59C00882974E21, 7BB3577E7F5595B494687818149EE168FEBC2C03
2025-07-21 12:25:59.917, ReplyLookup, eaa9031c-0547-4895-a4f8-80697ed7d221, ADC0E723DF6E376068DC6BEFDD59C00882974E21,
2025-07-21 12:26:00.480, FindNode, 188046ef-cdc8-4e7a-a224-a0f0991bb088, 7BB3577E7F5595B494687818149EE168FEBC2C03, 7BB357827F5595B494687818149EE168FEBC2C03
2025-07-21 12:26:00.480, ReplyFindNode, 188046ef-cdc8-4e7a-a224-a0f0991bb088, 7BB3577E7F5595B494687818149EE168FEBC2C03, ADC0E723DF6E376068DC6BEFDD59C00882974E21
2025-07-21 12:26:03.463, FindNode, 05b1ff8a-8e91-492f-bcac-67ca4a83077b, ADC0E723DF6E376068DC6BEFDD59C00882974E21, B5C0E723DF6E376068DC6BEFDD59C00882974E21
2025-07-21 12:26:03.463, ReplyFindNode, 05b1ff8a-8e91-492f-bcac-67ca4a83077b, ADC0E723DF6E376068DC6BEFDD59C00882974E21, 7BB3577E7F5595B494687818149EE168FEBC2C03
2025-07-21 12:26:08.263, Lookup, b1517cea-0f52-4476-b339-60989a0dc178, ADC0E723DF6E376068DC6BEFDD59C00882974E21, 9BDC0DACD1F3417CC97F7EEAE0769EB69758FAD4
2025-07-21 12:26:08.305, FindNode, 0a27c084-0669-42b2-955b-50c987383466, 7BB3577E7F5595B494687818149EE168FEBC2C03, 9BDC0DACD1F3417CC97F7EEAE0769EB69758FAD4
2025-07-21 12:26:08.305, ReplyFindNode, 0a27c084-0669-42b2-955b-50c987383466, 7BB3577E7F5595B494687818149EE168FEBC2C03, ADC0E723DF6E376068DC6BEFDD59C00882974E21
2025-07-21 12:26:08.437, ReplyLookup, b1517cea-0f52-4476-b339-60989a0dc178, 7BB3577E7F5595B494687818149EE168FEBC2C03, 6F8CD3286789927BD4C1D0478A2E7C9425452A59
2025-07-21 12:26:08.636, Lookup, 5c8b7e10-9038-4d23-99db-1a4dd9e82593, 7BB3577E7F5595B494687818149EE168FEBC2C03, 858F097B0451CF1D56F13568E3729ED4387F5743
2025-07-21 12:26:08.683, ReplyLookup, 5c8b7e10-9038-4d23-99db-1a4dd9e82593, ADC0E723DF6E376068DC6BEFDD59C00882974E21, 43CD2911F75409D31767C6AF2BF526575A5D3C5E
2025-07-21 12:26:12.480, FindNode, 87e6ba3d-14ba-4dc6-b83e-3e73fba2b94a, 7BB3577E7F5595B494687818149EE168FEBC2C03, 7BB3577E7F5595B494687818189EE168FEBC2C03
2025-07-21 12:26:12.481, ReplyFindNode, 87e6ba3d-14ba-4dc6-b83e-3e73fba2b94a, 7BB3577E7F5595B494687818149EE168FEBC2C03, ADC0E723DF6E376068DC6BEFDD59C00882974E21
2025-07-21 12:26:13.964, Lookup, 0341fb29-9236-4f38-8d05-6eef6180c41d, ADC0E723DF6E376068DC6BEFDD59C00882974E21, C8B8B30DF9CCAF9240BC5E19F2C3A9263EB56B68
2025-07-21 12:26:14.742, Lookup, fb621aee-a649-4ac2-a6ea-7044773e0219, 7BB3577E7F5595B494687818149EE168FEBC2C03, 37D50FCF19804A70BE2116E9CF46685C2802C790
2025-07-21 12:26:14.785, FindNode, c05adeba-6116-41bb-91a4-fe11051597a2, ADC0E723DF6E376068DC6BEFDD59C00882974E21, 37D50FCF19804A70BE2116E9CF46685C2802C790
2025-07-21 12:26:14.785, ReplyFindNode, c05adeba-6116-41bb-91a4-fe11051597a2, ADC0E723DF6E376068DC6BEFDD59C00882974E21, 488D91B7237C9FDEC56C70D9374C721A2F230821
2025-07-21 12:26:14.917, ReplyLookup, fb621aee-a649-4ac2-a6ea-7044773e0219, ADC0E723DF6E376068DC6BEFDD59C00882974E21,
2025-07-21 12:26:15.464, FindNode, c7416ee7-79ea-4e11-a723-b82e086e7e5f, ADC0E723DF6E376068DC6BEFDD59C00882974E21, ADC0F723DF6E376068DC6BEFDD59C00882974E21
2025-07-21 12:26:15.464, ReplyFindNode, c7416ee7-79ea-4e11-a723-b82e086e7e5f, ADC0E723DF6E376068DC6BEFDD59C00882974E21, 488D91B7237C9FDEC56C70D9374C721A2F230821
2025-07-21 12:26:16.163, ReplyLookup, 0341fb29-9236-4f38-8d05-6eef6180c41d, 7BB3577E7F5595B494687818149EE168FEBC2C03, 1E9857830CC4CD5742B26F45710A8537190E914C
2025-07-21 12:26:23.263, Lookup, 4c9d9ca5-7a65-4be1-b7c8-b6aa29b7febf, ADC0E723DF6E376068DC6BEFDD59C00882974E21, C8B8B30DF9CCAF9240BC5E19F2C3A9263EB56B68
2025-07-21 12:26:23.307, ReplyLookup, 4c9d9ca5-7a65-4be1-b7c8-b6aa29b7febf, 7BB3577E7F5595B494687818149EE168FEBC2C03, 1E9857830CC4CD5742B26F45710A8537190E914C
2025-07-21 12:26:23.635, Lookup, 2e999135-95bf-41ec-bb8d-acda72a377ed, 7BB3577E7F5595B494687818149EE168FEBC2C03, 858F097B0451CF1D56F13568E3729ED4387F5743
2025-07-21 12:26:23.679, ReplyLookup, 2e999135-95bf-41ec-bb8d-acda72a377ed, ADC0E723DF6E376068DC6BEFDD59C00882974E21, 43CD2911F75409D31767C6AF2BF526575A5D3C5E
2025-07-21 12:26:24.481, FindNode, ace24690-b3a5-4f6f-bb00-8300f2577872, 7BB3577E7F5595B494687818149EE168FEBC2C03, 7BB3577E7F5595B494687818149EE168FECC2C03
2025-07-21 12:26:24.481, ReplyFindNode, ace24690-b3a5-4f6f-bb00-8300f2577872, 7BB3577E7F5595B494687818149EE168FEBC2C03, ADC0E723DF6E376068DC6BEFDD59C00882974E21
2025-07-21 12:26:27.465, FindNode, dff0d650-5ac7-462a-9c1b-cdf668b353b4, ADC0E723DF6E376068DC6BEFDD59C00882974E21, ADC0E723DF6E376068DC6BEFDDD9C00882974E21
2025-07-21 12:26:27.465, ReplyFindNode, dff0d650-5ac7-462a-9c1b-cdf668b353b4, ADC0E723DF6E376068DC6BEFDD59C00882974E21, 7BB3577E7F5595B494687818149EE168FEBC2C03
2025-07-21 12:26:28.965, Lookup, ed0e0ad4-0819-49ef-be8e-730e60ec592b, ADC0E723DF6E376068DC6BEFDD59C00882974E21, 9BDC0DACD1F3417CC97F7EEAE0769EB69758FAD4
2025-07-21 12:26:29.009, FindNode, 80738b9d-a3ee-4c08-9283-1ba83a6e786d, 7BB3577E7F5595B494687818149EE168FEBC2C03, 9BDC0DACD1F3417CC97F7EEAE0769EB69758FAD4
2025-07-21 12:26:29.009, ReplyFindNode, 80738b9d-a3ee-4c08-9283-1ba83a6e786d, 7BB3577E7F5595B494687818149EE168FEBC2C03, ADC0E723DF6E376068DC6BEFDD59C00882974E21
2025-07-21 12:26:29.145, ReplyLookup, ed0e0ad4-0819-49ef-be8e-730e60ec592b, 7BB3577E7F5595B494687818149EE168FEBC2C03, 6F8CD3286789927BD4C1D0478A2E7C9425452A59
2025-07-21 12:26:29.743, Lookup, 7ecc69ac-d0b0-4129-849d-9d4beea45e57, 7BB3577E7F5595B494687818149EE168FEBC2C03, 327158E2349C0F40CDD9A8BE6D444C350B0B93DC
2025-07-21 12:26:29.785, FindNode, c50d725c-19b3-4128-bfce-cefb839a1489, ADC0E723DF6E376068DC6BEFDD59C00882974E21, 327158E2349C0F40CDD9A8BE6D444C350B0B93DC
2025-07-21 12:26:29.785, ReplyFindNode, c50d725c-19b3-4128-bfce-cefb839a1489, ADC0E723DF6E376068DC6BEFDD59C00882974E21, 488D91B7237C9FDEC56C70D9374C721A2F230821
2025-07-21 12:26:29.872, ReplyLookup, 7ecc69ac-d0b0-4129-849d-9d4beea45e57, ADC0E723DF6E376068DC6BEFDD59C00882974E21,
2025-07-21 12:26:36.482, FindNode, f4a51a44-1d42-424b-8628-449d143adac4, 7BB3577E7F5595B494687818149EE168FEBC2C03, 7BB3577E7F5595B494687818149EE168FEBC2E03
2025-07-21 12:26:36.482, ReplyFindNode, f4a51a44-1d42-424b-8628-449d143adac4, 7BB3577E7F5595B494687818149EE168FEBC2C03, ADC0E723DF6E376068DC6BEFDD59C00882974E21
2025-07-21 12:26:38.264, Lookup, 63ec3316-05d1-4fb3-b125-01b3b4650173, ADC0E723DF6E376068DC6BEFDD59C00882974E21, 9BDC0DACD1F3417CC97F7EEAE0769EB69758FAD4
2025-07-21 12:26:38.309, FindNode, b4501a4b-a02d-49b4-a627-c3d640cdd686, 7BB3577E7F5595B494687818149EE168FEBC2C03, 9BDC0DACD1F3417CC97F7EEAE0769EB69758FAD4
2025-07-21 12:26:38.309, ReplyFindNode, b4501a4b-a02d-49b4-a627-c3d640cdd686, 7BB3577E7F5595B494687818149EE168FEBC2C03, ADC0E723DF6E376068DC6BEFDD59C00882974E21
2025-07-21 12:26:38.441, ReplyLookup, 63ec3316-05d1-4fb3-b125-01b3b4650173, 7BB3577E7F5595B494687818149EE168FEBC2C03, 6F8CD3286789927BD4C1D0478A2E7C9425452A59
2025-07-21 12:26:38.636, Lookup, 8f81fadc-7444-46a9-86b5-7e6da5f66c7f, 7BB3577E7F5595B494687818149EE168FEBC2C03, C5C27D6764A1B88EE308F9AAC7EF957A0CAA9AC9
2025-07-21 12:26:38.681, FindNode, fc3de091-d777-44ba-9f78-10e10d43a533, ADC0E723DF6E376068DC6BEFDD59C00882974E21, C5C27D6764A1B88EE308F9AAC7EF957A0CAA9AC9
2025-07-21 12:26:38.681, ReplyFindNode, fc3de091-d777-44ba-9f78-10e10d43a533, ADC0E723DF6E376068DC6BEFDD59C00882974E21, 488D91B7237C9FDEC56C70D9374C721A2F230821
2025-07-21 12:26:38.769, ReplyLookup, 8f81fadc-7444-46a9-86b5-7e6da5f66c7f, ADC0E723DF6E376068DC6BEFDD59C00882974E21,
2025-07-21 12:26:39.466, FindNode, a9a1d51e-6c73-426f-b4a6-5ab08dbc47f8, ADC0E723DF6E376068DC6BEFDD59C00882974E21, ADC0E723DF6E376068DC6C6FDD59C00882974E21
2025-07-21 12:26:39.466, ReplyFindNode, a9a1d51e-6c73-426f-b4a6-5ab08dbc47f8, ADC0E723DF6E376068DC6BEFDD59C00882974E21, 488D91B7237C9FDEC56C70D9374C721A2F230821
2025-07-21 12:26:43.966, Lookup, 1869824a-d49d-4757-871e-f96e381af08e, ADC0E723DF6E376068DC6BEFDD59C00882974E21, F5E658FF5E952099D2410CEA34A5555AB7485504
2025-07-21 12:26:44.010, ReplyLookup, 1869824a-d49d-4757-871e-f96e381af08e, 7BB3577E7F5595B494687818149EE168FEBC2C03,
2025-07-21 12:26:44.742, Lookup, dac6e091-9d78-4b88-b7dc-fe47d9b5b6b6, 7BB3577E7F5595B494687818149EE168FEBC2C03, 37D50FCF19804A70BE2116E9CF46685C2802C790
2025-07-21 12:26:44.785, FindNode, 711ff558-78e5-4230-9fc4-057542bdd3d6, ADC0E723DF6E376068DC6BEFDD59C00882974E21, 37D50FCF19804A70BE2116E9CF46685C2802C790
2025-07-21 12:26:44.785, ReplyFindNode, 711ff558-78e5-4230-9fc4-057542bdd3d6, ADC0E723DF6E376068DC6BEFDD59C00882974E21, 7BB3577E7F5595B494687818149EE168FEBC2C03
2025-07-21 12:26:44.917, ReplyLookup, dac6e091-9d78-4b88-b7dc-fe47d9b5b6b6, ADC0E723DF6E376068DC6BEFDD59C00882974E21,
2025-07-21 12:26:48.483, FindNode, 96b5a0ca-4a8c-4c29-b138-35c73831cabc, 7BB3577E7F5595B494687818149EE168FEBC2C03, 7BB3577E7F5595B494687818149F2168FEBC2C03
2025-07-21 12:26:48.483, ReplyFindNode, 96b5a0ca-4a8c-4c29-b138-35c73831cabc, 7BB3577E7F5595B494687818149EE168FEBC2C03, ADC0E723DF6E376068DC6BEFDD59C00882974E21
2025-07-21 12:26:51.467, FindNode, 2b3d5ea0-9520-480c-9139-c79cf706c5d5, ADC0E723DF6E376068DC6BEFDD59C00882974E21, ADC0E723DF6E378068DC6BEFDD59C00882974E21
2025-07-21 12:26:51.467, ReplyFindNode, 2b3d5ea0-9520-480c-9139-c79cf706c5d5, ADC0E723DF6E376068DC6BEFDD59C00882974E21, 7BB3577E7F5595B494687818149EE168FEBC2C03
2025-07-21 12:26:53.264, Lookup, 52c3e8fc-d259-4981-8149-458a63506405, ADC0E723DF6E376068DC6BEFDD59C00882974E21, 9BDC0DACD1F3417CC97F7EEAE0769EB69758FAD4
2025-07-21 12:26:53.309, FindNode, 126de7ce-7234-4fe4-9099-5627ade3fa84, 7BB3577E7F5595B494687818149EE168FEBC2C03, 9BDC0DACD1F3417CC97F7EEAE0769EB69758FAD4
2025-07-21 12:26:53.309, ReplyFindNode, 126de7ce-7234-4fe4-9099-5627ade3fa84, 7BB3577E7F5595B494687818149EE168FEBC2C03, ADC0E723DF6E376068DC6BEFDD59C00882974E21
2025-07-21 12:26:53.441, ReplyLookup, 52c3e8fc-d259-4981-8149-458a63506405, 7BB3577E7F5595B494687818149EE168FEBC2C03, 6F8CD3286789927BD4C1D0478A2E7C9425452A59
2025-07-21 12:26:53.636, Lookup, d367f8fa-979c-4299-ae99-600e2b0d7731, 7BB3577E7F5595B494687818149EE168FEBC2C03, B0097FF07623ED5B730FF757525C145E31266FE9
2025-07-21 12:26:53.681, FindNode, 089d5591-b100-4c2f-8ae0-c95883ffc9f5, ADC0E723DF6E376068DC6BEFDD59C00882974E21, B0097FF07623ED5B730FF757525C145E31266FE9
2025-07-21 12:26:53.681, ReplyFindNode, 089d5591-b100-4c2f-8ae0-c95883ffc9f5, ADC0E723DF6E376068DC6BEFDD59C00882974E21, 488D91B7237C9FDEC56C70D9374C721A2F230821
2025-07-21 12:26:53.769, ReplyLookup, d367f8fa-979c-4299-ae99-600e2b0d7731, ADC0E723DF6E376068DC6BEFDD59C00882974E21,
2025-07-21 12:26:58.966, Lookup, 34e4a482-1118-4226-8a59-8ccc667baef2, ADC0E723DF6E376068DC6BEFDD59C00882974E21, 9BDC0DACD1F3417CC97F7EEAE0769EB69758FAD4
2025-07-21 12:26:59.009, FindNode, c3049b91-e13f-4be5-ba08-585f14d71b1a, 7BB3577E7F5595B494687818149EE168FEBC2C03, 9BDC0DACD1F3417CC97F7EEAE0769EB69758FAD4
2025-07-21 12:26:59.009, ReplyFindNode, c3049b91-e13f-4be5-ba08-585f14d71b1a, 7BB3577E7F5595B494687818149EE168FEBC2C03, ADC0E723DF6E376068DC6BEFDD59C00882974E21
2025-07-21 12:26:59.141, ReplyLookup, 34e4a482-1118-4226-8a59-8ccc667baef2, 7BB3577E7F5595B494687818149EE168FEBC2C03, 6F8CD3286789927BD4C1D0478A2E7C9425452A59
2025-07-21 12:26:59.743, Lookup, ccd2532b-e676-47fe-ab7f-c6582f73bb95, 7BB3577E7F5595B494687818149EE168FEBC2C03, C56628FB2747CE2E0CEDE7E6A9774A3AC78AC625
2025-07-21 12:26:59.785, FindNode, c141aa8a-3e47-48e8-b212-97fb8a667c36, ADC0E723DF6E376068DC6BEFDD59C00882974E21, C56628FB2747CE2E0CEDE7E6A9774A3AC78AC625
2025-07-21 12:26:59.785, ReplyFindNode, c141aa8a-3e47-48e8-b212-97fb8a667c36, ADC0E723DF6E376068DC6BEFDD59C00882974E21, 488D91B7237C9FDEC56C70D9374C721A2F230821
2025-07-21 12:26:59.873, ReplyLookup, ccd2532b-e676-47fe-ab7f-c6582f73bb95, ADC0E723DF6E376068DC6BEFDD59C00882974E21,
2025-07-21 12:27:00.484, FindNode, 0b71ce32-790d-4c14-894c-7d29c926da9f, 7BB3577E7F5595B494687818149EE168FEBC2C03, 7BB3577E7F5595B494687818149EE16902BC2C03
2025-07-21 12:27:00.484, ReplyFindNode, 0b71ce32-790d-4c14-894c-7d29c926da9f, 7BB3577E7F5595B494687818149EE168FEBC2C03, ADC0E723DF6E376068DC6BEFDD59C00882974E21
2025-07-21 12:27:03.468, FindNode, 4ffa5b13-16ac-4d23-9471-12297eb2ea52, ADC0E723DF6E376068DC6BEFDD59C00882974E21, ADC0E723DF6E376068DC6BF1DD59C00882974E21
2025-07-21 12:27:03.468, ReplyFindNode, 4ffa5b13-16ac-4d23-9471-12297eb2ea52, ADC0E723DF6E376068DC6BEFDD59C00882974E21, 488D91B7237C9FDEC56C70D9374C721A2F230821
2025-07-21 12:27:08.264, Lookup, a2478ec5-b889-4989-a4f3-3c7fb7fa8208, ADC0E723DF6E376068DC6BEFDD59C00882974E21, 4CCF6933EB529A47464DD9E5224728394224058B
2025-07-21 12:27:08.310, ReplyLookup, a2478ec5-b889-4989-a4f3-3c7fb7fa8208, 7BB3577E7F5595B494687818149EE168FEBC2C03,
2025-07-21 12:27:08.636, Lookup, 0a14ea34-1c39-4bd5-9e2d-904bc2a5ccd7, 7BB3577E7F5595B494687818149EE168FEBC2C03, 858F097B0451CF1D56F13568E3729ED4387F5743
2025-07-21 12:27:08.683, ReplyLookup, 0a14ea34-1c39-4bd5-9e2d-904bc2a5ccd7, ADC0E723DF6E376068DC6BEFDD59C00882974E21, 43CD2911F75409D31767C6AF2BF526575A5D3C5E
2025-07-21 12:27:12.484, FindNode, 1907f704-7fc0-45d3-946b-1195c3edf3fa, 7BB3577E7F5595B494687818149EE168FEBC2C03, 7BB3577E7F5595B494687818149EE168FEBC3C03
2025-07-21 12:27:12.485, ReplyFindNode, 1907f704-7fc0-45d3-946b-1195c3edf3fa, 7BB3577E7F5595B494687818149EE168FEBC2C03, ADC0E723DF6E376068DC6BEFDD59C00882974E21
2025-07-21 12:27:13.966, Lookup, b5675724-8b86-43ba-977e-83eefddc3f09, ADC0E723DF6E376068DC6BEFDD59C00882974E21, 8A8AC395C43863828DA6A46F963E1F78A030D24F
2025-07-21 12:27:14.009, FindNode, 8d055019-a4a9-4aa1-b431-154c466018bf, 7BB3577E7F5595B494687818149EE168FEBC2C03, 8A8AC395C43863828DA6A46F963E1F78A030D24F
2025-07-21 12:27:14.009, ReplyFindNode, 8d055019-a4a9-4aa1-b431-154c466018bf, 7BB3577E7F5595B494687818149EE168FEBC2C03, ADC0E723DF6E376068DC6BEFDD59C00882974E21
2025-07-21 12:27:14.141, ReplyLookup, b5675724-8b86-43ba-977e-83eefddc3f09, 7BB3577E7F5595B494687818149EE168FEBC2C03,
2025-07-21 12:27:14.742, Lookup, bfc5b7e7-7055-450e-bcf7-c3e36cee9556, 7BB3577E7F5595B494687818149EE168FEBC2C03, 858F097B0451CF1D56F13568E3729ED4387F5743
2025-07-21 12:27:14.786, ReplyLookup, bfc5b7e7-7055-450e-bcf7-c3e36cee9556, ADC0E723DF6E376068DC6BEFDD59C00882974E21, 43CD2911F75409D31767C6AF2BF526575A5D3C5E
2025-07-21 12:27:15.469, FindNode, ee1c5750-fb0b-4af1-aa09-b0590321279b, ADC0E723DF6E376068DC6BEFDD59C00882974E21, ADC0E723DF6E376068DC6BEFDD59C00882974E23
2025-07-21 12:27:15.469, ReplyFindNode, ee1c5750-fb0b-4af1-aa09-b0590321279b, ADC0E723DF6E376068DC6BEFDD59C00882974E21, 7BB3577E7F5595B494687818149EE168FEBC2C03
2025-07-21 12:27:23.264, Lookup, 67037c1a-5d7c-4ff0-9c09-edf39f7f39c1, ADC0E723DF6E376068DC6BEFDD59C00882974E21, C8B8B30DF9CCAF9240BC5E19F2C3A9263EB56B68
2025-07-21 12:27:23.635, Lookup, 9eaf771c-edfa-402f-993e-e7b1f25968d7, 7BB3577E7F5595B494687818149EE168FEBC2C03, C5C27D6764A1B88EE308F9AAC7EF957A0CAA9AC9
2025-07-21 12:27:23.677, FindNode, 71ef1325-965f-4c3d-bf8f-23905c79055d, ADC0E723DF6E376068DC6BEFDD59C00882974E21, C5C27D6764A1B88EE308F9AAC7EF957A0CAA9AC9
2025-07-21 12:27:23.677, ReplyFindNode, 71ef1325-965f-4c3d-bf8f-23905c79055d, ADC0E723DF6E376068DC6BEFDD59C00882974E21, 488D91B7237C9FDEC56C70D9374C721A2F230821
2025-07-21 12:27:23.809, ReplyLookup, 9eaf771c-edfa-402f-993e-e7b1f25968d7, ADC0E723DF6E376068DC6BEFDD59C00882974E21,
2025-07-21 12:27:24.485, FindNode, 7daac579-e278-4ae6-ae36-b2fb8d5f6d8c, 7BB3577E7F5595B494687818149EE168FEBC2C03, 7BB3577E7F5595B49468F818149EE168FEBC2C03
2025-07-21 12:27:24.486, ReplyFindNode, 7daac579-e278-4ae6-ae36-b2fb8d5f6d8c, 7BB3577E7F5595B494687818149EE168FEBC2C03, ADC0E723DF6E376068DC6BEFDD59C00882974E21
2025-07-21 12:27:27.471, FindNode, 16714c08-3558-4dc5-896c-ca2d18d553d3, ADC0E723DF6E376068DC6BEFDD59C00882974E21, AE40E723DF6E376068DC6BEFDD59C00882974E21
2025-07-21 12:27:27.473, ReplyFindNode, 16714c08-3558-4dc5-896c-ca2d18d553d3, ADC0E723DF6E376068DC6BEFDD59C00882974E21, 488D91B7237C9FDEC56C70D9374C721A2F230821
2025-07-21 12:27:28.266, ReplyLookup, 67037c1a-5d7c-4ff0-9c09-edf39f7f39c1, 7BB3577E7F5595B494687818149EE168FEBC2C03, 1E9857830CC4CD5742B26F45710A8537190E914C
2025-07-21 12:27:28.967, Lookup, 57bba43b-c67b-40f6-8775-372468138281, ADC0E723DF6E376068DC6BEFDD59C00882974E21, 9BDC0DACD1F3417CC97F7EEAE0769EB69758FAD4
2025-07-21 12:27:29.009, FindNode, 31ba50de-89e8-47b2-9e88-b62623e607c9, 7BB3577E7F5595B494687818149EE168FEBC2C03, 9BDC0DACD1F3417CC97F7EEAE0769EB69758FAD4
2025-07-21 12:27:29.009, ReplyFindNode, 31ba50de-89e8-47b2-9e88-b62623e607c9, 7BB3577E7F5595B494687818149EE168FEBC2C03, ADC0E723DF6E376068DC6BEFDD59C00882974E21
2025-07-21 12:27:29.141, ReplyLookup, 57bba43b-c67b-40f6-8775-372468138281, 7BB3577E7F5595B494687818149EE168FEBC2C03, 6F8CD3286789927BD4C1D0478A2E7C9425452A59
2025-07-21 12:27:29.742, Lookup, 0b3f24f7-0f14-418b-9915-43869f9b4b72, 7BB3577E7F5595B494687818149EE168FEBC2C03, 37D50FCF19804A70BE2116E9CF46685C2802C790
2025-07-21 12:27:29.785, FindNode, f4d98050-3737-4f4d-8f81-d8a53fd15237, ADC0E723DF6E376068DC6BEFDD59C00882974E21, 37D50FCF19804A70BE2116E9CF46685C2802C790
2025-07-21 12:27:29.785, ReplyFindNode, f4d98050-3737-4f4d-8f81-d8a53fd15237, ADC0E723DF6E376068DC6BEFDD59C00882974E21, 7BB3577E7F5595B494687818149EE168FEBC2C03
2025-07-21 12:27:29.877, ReplyLookup, 0b3f24f7-0f14-418b-9915-43869f9b4b72, ADC0E723DF6E376068DC6BEFDD59C00882974E21,
2025-07-21 12:27:36.486, FindNode, 0d3a03ce-9f4d-4f0b-8232-500303cd6ffe, 7BB3577E7F5595B494687818149EE168FEBC2C03, 7BB3577E7F5595B4A4687818149EE168FEBC2C03
2025-07-21 12:27:36.486, ReplyFindNode, 0d3a03ce-9f4d-4f0b-8232-500303cd6ffe, 7BB3577E7F5595B494687818149EE168FEBC2C03, ADC0E723DF6E376068DC6BEFDD59C00882974E21
2025-07-21 12:27:38.265, Lookup, 17894738-ab97-4f0c-8fc6-77c87d160b93, ADC0E723DF6E376068DC6BEFDD59C00882974E21, 9BDC0DACD1F3417CC97F7EEAE0769EB69758FAD4
2025-07-21 12:27:38.309, FindNode, 37212f8e-a177-4216-9f6c-ccaf4e2b129a, 7BB3577E7F5595B494687818149EE168FEBC2C03, 9BDC0DACD1F3417CC97F7EEAE0769EB69758FAD4
2025-07-21 12:27:38.309, ReplyFindNode, 37212f8e-a177-4216-9f6c-ccaf4e2b129a, 7BB3577E7F5595B494687818149EE168FEBC2C03, ADC0E723DF6E376068DC6BEFDD59C00882974E21
2025-07-21 12:27:38.441, ReplyLookup, 17894738-ab97-4f0c-8fc6-77c87d160b93, 7BB3577E7F5595B494687818149EE168FEBC2C03, 6F8CD3286789927BD4C1D0478A2E7C9425452A59
2025-07-21 12:27:38.636, Lookup, 71bb6c2e-5efb-451f-996e-de34887c7bbb, 7BB3577E7F5595B494687818149EE168FEBC2C03, CE3F2F497EF5657EDA8D4E9F9D61E7535427D6FF
2025-07-21 12:27:38.681, FindNode, 7caf3f60-52ce-4468-9b01-91ae4ef3dead, ADC0E723DF6E376068DC6BEFDD59C00882974E21, CE3F2F497EF5657EDA8D4E9F9D61E7535427D6FF
2025-07-21 12:27:38.681, ReplyFindNode, 7caf3f60-52ce-4468-9b01-91ae4ef3dead, ADC0E723DF6E376068DC6BEFDD59C00882974E21, 7BB3577E7F5595B494687818149EE168FEBC2C03
2025-07-21 12:27:38.769, ReplyLookup, 71bb6c2e-5efb-451f-996e-de34887c7bbb, ADC0E723DF6E376068DC6BEFDD59C00882974E21,
2025-07-21 12:27:39.473, FindNode, 0adb042c-6b19-48d8-8306-685d865a003b, ADC0E723DF6E376068DC6BEFDD59C00882974E21, AE40E723DF6E376068DC6BEFDD59C00882974E21
2025-07-21 12:27:39.474, ReplyFindNode, 0adb042c-6b19-48d8-8306-685d865a003b, ADC0E723DF6E376068DC6BEFDD59C00882974E21, 7BB3577E7F5595B494687818149EE168FEBC2C03
2025-07-21 12:27:43.967, Lookup, a0941992-49e5-44aa-8368-c23f82d2e026, ADC0E723DF6E376068DC6BEFDD59C00882974E21, BFC681A7C4C54A48ED74D176ECEDB35B1B46D0ED
2025-07-21 12:27:44.742, Lookup, 0689c125-276c-4039-b468-ba73963c25dc, 7BB3577E7F5595B494687818149EE168FEBC2C03, 858F097B0451CF1D56F13568E3729ED4387F5743
2025-07-21 12:27:44.786, ReplyLookup, 0689c125-276c-4039-b468-ba73963c25dc, ADC0E723DF6E376068DC6BEFDD59C00882974E21, 43CD2911F75409D31767C6AF2BF526575A5D3C5E
2025-07-21 12:27:48.487, FindNode, 9dc0c3e2-3e30-4e93-abbb-3f96edf13366, 7BB3577E7F5595B494687818149EE168FEBC2C03, 7BB3577E7F5595B494687858149EE168FEBC2C03
2025-07-21 12:27:48.487, ReplyFindNode, 9dc0c3e2-3e30-4e93-abbb-3f96edf13366, 7BB3577E7F5595B494687818149EE168FEBC2C03, ADC0E723DF6E376068DC6BEFDD59C00882974E21
2025-07-21 12:27:51.474, FindNode, 2c8377b1-82af-48b7-a00e-70e3200c316e, ADC0E723DF6E376068DC6BEFDD59C00882974E21, ADC0E723DF6E376068DC6BF1DD59C00882974E21
2025-07-21 12:27:51.475, ReplyFindNode, 2c8377b1-82af-48b7-a00e-70e3200c316e, ADC0E723DF6E376068DC6BEFDD59C00882974E21, 488D91B7237C9FDEC56C70D9374C721A2F230821
2025-07-21 12:27:52.315, ReplyLookup, a0941992-49e5-44aa-8368-c23f82d2e026, 7BB3577E7F5595B494687818149EE168FEBC2C03,
2025-07-21 12:27:53.267, Lookup, 4544506a-8c1e-47e6-a0a4-34f4acfb8e14, ADC0E723DF6E376068DC6BEFDD59C00882974E21, 9BDC0DACD1F3417CC97F7EEAE0769EB69758FAD4
2025-07-21 12:27:53.309, FindNode, 6704a7df-057c-4287-8dfb-a1e87357d33e, 7BB3577E7F5595B494687818149EE168FEBC2C03, 9BDC0DACD1F3417CC97F7EEAE0769EB69758FAD4
2025-07-21 12:27:53.309, ReplyFindNode, 6704a7df-057c-4287-8dfb-a1e87357d33e, 7BB3577E7F5595B494687818149EE168FEBC2C03, ADC0E723DF6E376068DC6BEFDD59C00882974E21
2025-07-21 12:27:53.401, ReplyLookup, 4544506a-8c1e-47e6-a0a4-34f4acfb8e14, 7BB3577E7F5595B494687818149EE168FEBC2C03, 6F8CD3286789927BD4C1D0478A2E7C9425452A59
2025-07-21 12:27:53.636, Lookup, 0e54e26e-5b12-48d6-aafa-b20c8ec3a054, 7BB3577E7F5595B494687818149EE168FEBC2C03, 858F097B0451CF1D56F13568E3729ED4387F5743
2025-07-21 12:27:53.682, ReplyLookup, 0e54e26e-5b12-48d6-aafa-b20c8ec3a054, ADC0E723DF6E376068DC6BEFDD59C00882974E21, 43CD2911F75409D31767C6AF2BF526575A5D3C5E
2025-07-21 12:27:54.823, EndReadOnlyRegimen
2025-07-21 12:28:00.487, FindNode, 9c4fa93c-ebf3-4309-817e-aaf7224bfaf3, 7BB3577E7F5595B494687818149EE168FEBC2C03, 7BB3577E7F5595B494687818149EE168FEBC3C03
2025-07-21 12:28:00.488, ReplyFindNode, 9c4fa93c-ebf3-4309-817e-aaf7224bfaf3, 7BB3577E7F5595B494687818149EE168FEBC2C03, ADC0E723DF6E376068DC6BEFDD59C00882974E21
2025-07-21 12:28:03.476, FindNode, 347ba1c3-7ec9-4760-80b1-f4c448799687, ADC0E723DF6E376068DC6BEFDD59C00882974E21, ADC0E723DF6E376068DC6BEFDD59C00882976E21
2025-07-21 12:28:03.476, ReplyFindNode, 347ba1c3-7ec9-4760-80b1-f4c448799687, ADC0E723DF6E376068DC6BEFDD59C00882974E21, 7BB3577E7F5595B494687818149EE168FEBC2C03
2025-07-21 12:28:12.488, FindNode, f1523015-8958-45af-82f5-1698c5f06a19, 7BB3577E7F5595B494687818149EE168FEBC2C03, 7BF3577E7F5595B494687818149EE168FEBC2C03
2025-07-21 12:28:12.489, ReplyFindNode, f1523015-8958-45af-82f5-1698c5f06a19, 7BB3577E7F5595B494687818149EE168FEBC2C03, ADC0E723DF6E376068DC6BEFDD59C00882974E21
2025-07-21 12:28:15.477, FindNode, 2b98c36e-4db8-4906-91bc-54fd8b19a933, ADC0E723DF6E376068DC6BEFDD59C00882974E21, ADC0E723DF6E3760A8DC6BEFDD59C00882974E21
2025-07-21 12:28:15.477, ReplyFindNode, 2b98c36e-4db8-4906-91bc-54fd8b19a933, ADC0E723DF6E376068DC6BEFDD59C00882974E21, 488D91B7237C9FDEC56C70D9374C721A2F230821
2025-07-21 12:28:24.489, FindNode, 090c9dc1-abae-4870-913d-b8ecb43ebb50, 7BB3577E7F5595B494687818149EE168FEBC2C03, 7BB3577E7F5595B494687818149EE1A8FEBC2C03
2025-07-21 12:28:24.489, ReplyFindNode, 090c9dc1-abae-4870-913d-b8ecb43ebb50, 7BB3577E7F5595B494687818149EE168FEBC2C03, ADC0E723DF6E376068DC6BEFDD59C00882974E21
2025-07-21 12:28:27.478, FindNode, 0896500c-b2a9-494f-84c1-6f6b8102af36, ADC0E723DF6E376068DC6BEFDD59C00882974E21, ADC0E723EF6E376068DC6BEFDD59C00882974E21
2025-07-21 12:28:27.478, ReplyFindNode, 0896500c-b2a9-494f-84c1-6f6b8102af36, ADC0E723DF6E376068DC6BEFDD59C00882974E21, 7BB3577E7F5595B494687818149EE168FEBC2C03
2025-07-21 12:28:36.490, FindNode, 4c8b76ce-eae4-4ed5-9016-525bd2bb3bb4, 7BB3577E7F5595B494687818149EE168FEBC2C03, 7BB3577E815595B494687818149EE168FEBC2C03
2025-07-21 12:28:36.490, ReplyFindNode, 4c8b76ce-eae4-4ed5-9016-525bd2bb3bb4, 7BB3577E7F5595B494687818149EE168FEBC2C03, ADC0E723DF6E376068DC6BEFDD59C00882974E21
2025-07-21 12:28:39.479, FindNode, ae282571-7126-4b9a-8f9d-64745b3333a0, ADC0E723DF6E376068DC6BEFDD59C00882974E21, ADC0E723DF6E376068DC6BEFDD59C00883174E21
2025-07-21 12:28:39.479, ReplyFindNode, ae282571-7126-4b9a-8f9d-64745b3333a0, ADC0E723DF6E376068DC6BEFDD59C00882974E21, 488D91B7237C9FDEC56C70D9374C721A2F230821
2025-07-21 12:28:48.491, FindNode, 2d767ce5-47f3-4239-a137-221650e62961, 7BB3577E7F5595B494687818149EE168FEBC2C03, 7BB3577E7F5595B494697818149EE168FEBC2C03
2025-07-21 12:28:48.491, ReplyFindNode, 2d767ce5-47f3-4239-a137-221650e62961, 7BB3577E7F5595B494687818149EE168FEBC2C03, ADC0E723DF6E376068DC6BEFDD59C00882974E21
2025-07-21 12:28:51.479, FindNode, 76e85a48-5a18-4a45-a74d-f93624b9fd27, ADC0E723DF6E376068DC6BEFDD59C00882974E21, ADC0E723DF6E376068DC6BF05D59C00882974E21
2025-07-21 12:28:51.480, ReplyFindNode, 76e85a48-5a18-4a45-a74d-f93624b9fd27, ADC0E723DF6E376068DC6BEFDD59C00882974E21, 7BB3577E7F5595B494687818149EE168FEBC2C03
2025-07-21 12:28:55.313, EndStableRegimen
2025-07-21 12:28:55.700, Leave, 9b409554-528e-4482-a283-4b800d2d4fd1, ADC0E723DF6E376068DC6BEFDD59C00882974E21
2025-07-21 12:28:55.704, ReplyLeave, 9b409554-528e-4482-a283-4b800d2d4fd1
2025-07-21 12:28:55.741, EndMember, ADC0E723DF6E376068DC6BEFDD59C00882974E21
2025-07-21 12:29:00.492, FindNode, 40a09475-49f4-4f4c-981c-b1b0cb87261d, 7BB3577E7F5595B494687818149EE168FEBC2C03, 7BB3577E7F5595B495687818149EE168FEBC2C03
2025-07-21 12:29:00.492, ReplyFindNode, 40a09475-49f4-4f4c-981c-b1b0cb87261d, 7BB3577E7F5595B494687818149EE168FEBC2C03, 488D91B7237C9FDEC56C70D9374C721A2F230821
2025-07-21 12:29:12.493, FindNode, 4aaf155a-394e-4f86-a4c3-a1845971ebab, 7BB3577E7F5595B494687818149EE168FEBC2C03, 7BB3577E7F5595B494687818189EE168FEBC2C03
2025-07-21 12:29:12.493, ReplyFindNode, 4aaf155a-394e-4f86-a4c3-a1845971ebab, 7BB3577E7F5595B494687818149EE168FEBC2C03, 7BB3577E7F5595B494687818149EE168FEBC2C03
2025-07-21 12:29:24.494, FindNode, 07c1df4c-db92-4630-b113-b879f6f2fc88, 7BB3577E7F5595B494687818149EE168FEBC2C03, 7BB3577E7F5595B494687819149EE168FEBC2C03
2025-07-21 12:29:24.494, ReplyFindNode, 07c1df4c-db92-4630-b113-b879f6f2fc88, 7BB3577E7F5595B494687818149EE168FEBC2C03, 7BB3577E7F5595B494687818149EE168FEBC2C03
2025-07-21 12:29:26.263, Leave, 00148f55-2018-45f8-859e-0f713b1246a0, 7BB3577E7F5595B494687818149EE168FEBC2C03
2025-07-21 12:29:26.264, ReplyLeave, 00148f55-2018-45f8-859e-0f713b1246a0
2025-07-21 12:29:26.265, EndMember, 7BB3577E7F5595B494687818149EE168FEBC2C03
