2025-07-23 22:44:02.241, New Successor, 488D91B7237C9FDEC56C70D9374C721A2F230821, 7BB3577E7F5595B494687818149EE168FEBC2C03
2025-07-23 22:44:02.339, New Successor, 488D91B7237C9FDEC56C70D9374C721A2F230821, 7BB3577E7F5595B494687818149EE168FEBC2C03
2025-07-23 22:44:02.570, New Successor, 7BB3577E7F5595B494687818149EE168FEBC2C03, 488D91B7237C9FDEC56C70D9374C721A2F230821
2025-07-23 22:44:02.666, New Successor, 488D91B7237C9FDEC56C70D9374C721A2F230821, 7BB3577E7F5595B494687818149EE168FEBC2C03
2025-07-23 22:44:07.031, New Successor, 488D91B7237C9FDEC56C70D9374C721A2F230821, 7BB3577E7F5595B494687818149EE168FEBC2C03
2025-07-23 22:44:14.716, New Successor, 7BB3577E7F5595B494687818149EE168FEBC2C03, 488D91B7237C9FDEC56C70D9374C721A2F230821
2025-07-23 22:44:19.083, New Successor, 488D91B7237C9FDEC56C70D9374C721A2F230821, 7BB3577E7F5595B494687818149EE168FEBC2C03
2025-07-23 22:44:26.763, New Successor, 7BB3577E7F5595B494687818149EE168FEBC2C03, 488D91B7237C9FDEC56C70D9374C721A2F230821
2025-07-23 22:44:31.131, New Successor, 488D91B7237C9FDEC56C70D9374C721A2F230821, 7BB3577E7F5595B494687818149EE168FEBC2C03
2025-07-23 22:44:33.092, New Successor, ADC0E723DF6E376068DC6BEFDD59C00882974E21, 7BB3577E7F5595B494687818149EE168FEBC2C03
2025-07-23 22:44:33.188, New Successor, ADC0E723DF6E376068DC6BEFDD59C00882974E21, 7BB3577E7F5595B494687818149EE168FEBC2C03
2025-07-23 22:44:33.413, New Successor, 7BB3577E7F5595B494687818149EE168FEBC2C03, ADC0E723DF6E376068DC6BEFDD59C00882974E21
2025-07-23 22:44:33.641, New Successor, ADC0E723DF6E376068DC6BEFDD59C00882974E21, 488D91B7237C9FDEC56C70D9374C721A2F230821
2025-07-23 22:45:03.887, New Successor, 1310CA676570E3E69902AE9E8F0A939C39E6159B, 7BB3577E7F5595B494687818149EE168FEBC2C03
2025-07-23 22:45:04.026, New Successor, 1310CA676570E3E69902AE9E8F0A939C39E6159B, 7BB3577E7F5595B494687818149EE168FEBC2C03
2025-07-23 22:45:04.485, New Successor, 1310CA676570E3E69902AE9E8F0A939C39E6159B, 488D91B7237C9FDEC56C70D9374C721A2F230821
2025-07-23 22:45:10.415, New Successor, ADC0E723DF6E376068DC6BEFDD59C00882974E21, 1310CA676570E3E69902AE9E8F0A939C39E6159B
2025-07-23 22:45:34.692, New Successor, C6EEA59CE4CF611D37FA2777D94B23FB46252E13, 7BB3577E7F5595B494687818149EE168FEBC2C03
2025-07-23 22:45:34.831, New Successor, C6EEA59CE4CF611D37FA2777D94B23FB46252E13, 7BB3577E7F5595B494687818149EE168FEBC2C03
2025-07-23 22:45:35.285, New Successor, C6EEA59CE4CF611D37FA2777D94B23FB46252E13, 488D91B7237C9FDEC56C70D9374C721A2F230821
2025-07-23 22:45:35.558, New Successor, C6EEA59CE4CF611D37FA2777D94B23FB46252E13, 1310CA676570E3E69902AE9E8F0A939C39E6159B
2025-07-23 22:45:46.875, New Successor, ADC0E723DF6E376068DC6BEFDD59C00882974E21, C6EEA59CE4CF611D37FA2777D94B23FB46252E13
2025-07-23 22:54:49.573, New Successor, 1310CA676570E3E69902AE9E8F0A939C39E6159B, C6EEA59CE4CF611D37FA2777D94B23FB46252E13
2025-07-23 22:54:54.598, New Successor, C6EEA59CE4CF611D37FA2777D94B23FB46252E13, 1310CA676570E3E69902AE9E8F0A939C39E6159B
2025-07-23 22:54:54.603, New Successor, 1310CA676570E3E69902AE9E8F0A939C39E6159B, 488D91B7237C9FDEC56C70D9374C721A2F230821
