2025-07-21 11:51:54.949, New Successor, 488D91B7237C9FDEC56C70D9374C721A2F230821, 7BB3577E7F5595B494687818149EE168FEBC2C03
2025-07-21 11:51:55.047, New Successor, 488D91B7237C9FDEC56C70D9374C721A2F230821, 7BB3577E7F5595B494687818149EE168FEBC2C03
2025-07-21 11:51:55.277, New Successor, 7BB3577E7F5595B494687818149EE168FEBC2C03, 488D91B7237C9FDEC56C70D9374C721A2F230821
2025-07-21 11:51:55.369, New Successor, 488D91B7237C9FDEC56C70D9374C721A2F230821, 7BB3577E7F5595B494687818149EE168FEBC2C03
2025-07-21 11:51:59.795, New Successor, 488D91B7237C9FDEC56C70D9374C721A2F230821, 7BB3577E7F5595B494687818149EE168FEBC2C03
2025-07-21 11:52:07.419, New Successor, 7BB3577E7F5595B494687818149EE168FEBC2C03, 488D91B7237C9FDEC56C70D9374C721A2F230821
2025-07-21 11:52:11.847, New Successor, 488D91B7237C9FDEC56C70D9374C721A2F230821, 7BB3577E7F5595B494687818149EE168FEBC2C03
2025-07-21 11:52:19.467, New Successor, 7BB3577E7F5595B494687818149EE168FEBC2C03, 488D91B7237C9FDEC56C70D9374C721A2F230821
2025-07-21 11:52:23.894, New Successor, 488D91B7237C9FDEC56C70D9374C721A2F230821, 7BB3577E7F5595B494687818149EE168FEBC2C03
2025-07-21 11:52:25.680, New Successor, ADC0E723DF6E376068DC6BEFDD59C00882974E21, 7BB3577E7F5595B494687818149EE168FEBC2C03
2025-07-21 11:52:25.776, New Successor, ADC0E723DF6E376068DC6BEFDD59C00882974E21, 7BB3577E7F5595B494687818149EE168FEBC2C03
2025-07-21 11:52:26.001, New Successor, 7BB3577E7F5595B494687818149EE168FEBC2C03, ADC0E723DF6E376068DC6BEFDD59C00882974E21
2025-07-21 11:52:26.229, New Successor, ADC0E723DF6E376068DC6BEFDD59C00882974E21, 488D91B7237C9FDEC56C70D9374C721A2F230821
2025-07-21 11:54:24.289, New Successor, ADC0E723DF6E376068DC6BEFDD59C00882974E21, 7BB3577E7F5595B494687818149EE168FEBC2C03
2025-07-21 11:54:26.983, New Successor, 7BB3577E7F5595B494687818149EE168FEBC2C03, ADC0E723DF6E376068DC6BEFDD59C00882974E21
2025-07-21 11:54:26.988, New Successor, ADC0E723DF6E376068DC6BEFDD59C00882974E21, 488D91B7237C9FDEC56C70D9374C721A2F230821
2025-07-21 11:54:48.381, New Successor, ADC0E723DF6E376068DC6BEFDD59C00882974E21, 7BB3577E7F5595B494687818149EE168FEBC2C03
2025-07-21 11:54:51.033, New Successor, 7BB3577E7F5595B494687818149EE168FEBC2C03, ADC0E723DF6E376068DC6BEFDD59C00882974E21
2025-07-21 11:54:51.037, New Successor, ADC0E723DF6E376068DC6BEFDD59C00882974E21, 488D91B7237C9FDEC56C70D9374C721A2F230821
2025-07-21 11:55:12.477, New Successor, ADC0E723DF6E376068DC6BEFDD59C00882974E21, 7BB3577E7F5595B494687818149EE168FEBC2C03
2025-07-21 11:55:15.081, New Successor, 7BB3577E7F5595B494687818149EE168FEBC2C03, ADC0E723DF6E376068DC6BEFDD59C00882974E21
2025-07-21 11:55:15.085, New Successor, ADC0E723DF6E376068DC6BEFDD59C00882974E21, 488D91B7237C9FDEC56C70D9374C721A2F230821
2025-07-21 11:55:36.573, New Successor, ADC0E723DF6E376068DC6BEFDD59C00882974E21, 7BB3577E7F5595B494687818149EE168FEBC2C03
2025-07-21 11:55:39.129, New Successor, 7BB3577E7F5595B494687818149EE168FEBC2C03, ADC0E723DF6E376068DC6BEFDD59C00882974E21
2025-07-21 11:55:39.132, New Successor, ADC0E723DF6E376068DC6BEFDD59C00882974E21, 488D91B7237C9FDEC56C70D9374C721A2F230821
2025-07-21 11:56:00.669, New Successor, ADC0E723DF6E376068DC6BEFDD59C00882974E21, 7BB3577E7F5595B494687818149EE168FEBC2C03
2025-07-21 11:56:03.177, New Successor, 7BB3577E7F5595B494687818149EE168FEBC2C03, ADC0E723DF6E376068DC6BEFDD59C00882974E21
2025-07-21 11:56:03.180, New Successor, ADC0E723DF6E376068DC6BEFDD59C00882974E21, 488D91B7237C9FDEC56C70D9374C721A2F230821
2025-07-21 11:56:24.718, New Successor, ADC0E723DF6E376068DC6BEFDD59C00882974E21, 7BB3577E7F5595B494687818149EE168FEBC2C03
2025-07-21 11:56:27.225, New Successor, 7BB3577E7F5595B494687818149EE168FEBC2C03, ADC0E723DF6E376068DC6BEFDD59C00882974E21
2025-07-21 11:56:27.228, New Successor, ADC0E723DF6E376068DC6BEFDD59C00882974E21, 488D91B7237C9FDEC56C70D9374C721A2F230821
2025-07-21 11:56:48.814, New Successor, ADC0E723DF6E376068DC6BEFDD59C00882974E21, 7BB3577E7F5595B494687818149EE168FEBC2C03
2025-07-21 11:56:51.273, New Successor, 7BB3577E7F5595B494687818149EE168FEBC2C03, ADC0E723DF6E376068DC6BEFDD59C00882974E21
2025-07-21 11:56:51.276, New Successor, ADC0E723DF6E376068DC6BEFDD59C00882974E21, 488D91B7237C9FDEC56C70D9374C721A2F230821
2025-07-21 11:57:12.866, New Successor, ADC0E723DF6E376068DC6BEFDD59C00882974E21, 7BB3577E7F5595B494687818149EE168FEBC2C03
2025-07-21 11:57:15.321, New Successor, 7BB3577E7F5595B494687818149EE168FEBC2C03, ADC0E723DF6E376068DC6BEFDD59C00882974E21
2025-07-21 11:57:15.324, New Successor, ADC0E723DF6E376068DC6BEFDD59C00882974E21, 488D91B7237C9FDEC56C70D9374C721A2F230821
2025-07-21 11:57:36.961, New Successor, ADC0E723DF6E376068DC6BEFDD59C00882974E21, 7BB3577E7F5595B494687818149EE168FEBC2C03
2025-07-21 11:57:39.369, New Successor, 7BB3577E7F5595B494687818149EE168FEBC2C03, ADC0E723DF6E376068DC6BEFDD59C00882974E21
2025-07-21 11:57:39.372, New Successor, ADC0E723DF6E376068DC6BEFDD59C00882974E21, 488D91B7237C9FDEC56C70D9374C721A2F230821
2025-07-21 11:58:01.017, New Successor, ADC0E723DF6E376068DC6BEFDD59C00882974E21, 7BB3577E7F5595B494687818149EE168FEBC2C03
2025-07-21 11:58:03.417, New Successor, 7BB3577E7F5595B494687818149EE168FEBC2C03, ADC0E723DF6E376068DC6BEFDD59C00882974E21
2025-07-21 11:58:03.420, New Successor, ADC0E723DF6E376068DC6BEFDD59C00882974E21, 488D91B7237C9FDEC56C70D9374C721A2F230821
2025-07-21 11:58:25.113, New Successor, ADC0E723DF6E376068DC6BEFDD59C00882974E21, 7BB3577E7F5595B494687818149EE168FEBC2C03
2025-07-21 11:58:27.465, New Successor, 7BB3577E7F5595B494687818149EE168FEBC2C03, ADC0E723DF6E376068DC6BEFDD59C00882974E21
2025-07-21 11:58:27.468, New Successor, ADC0E723DF6E376068DC6BEFDD59C00882974E21, 488D91B7237C9FDEC56C70D9374C721A2F230821
2025-07-21 11:58:49.205, New Successor, ADC0E723DF6E376068DC6BEFDD59C00882974E21, 7BB3577E7F5595B494687818149EE168FEBC2C03
2025-07-21 11:58:51.513, New Successor, 7BB3577E7F5595B494687818149EE168FEBC2C03, ADC0E723DF6E376068DC6BEFDD59C00882974E21
2025-07-21 11:58:51.516, New Successor, ADC0E723DF6E376068DC6BEFDD59C00882974E21, 488D91B7237C9FDEC56C70D9374C721A2F230821
2025-07-21 11:59:13.297, New Successor, ADC0E723DF6E376068DC6BEFDD59C00882974E21, 7BB3577E7F5595B494687818149EE168FEBC2C03
2025-07-21 11:59:15.561, New Successor, 7BB3577E7F5595B494687818149EE168FEBC2C03, ADC0E723DF6E376068DC6BEFDD59C00882974E21
2025-07-21 11:59:15.565, New Successor, ADC0E723DF6E376068DC6BEFDD59C00882974E21, 488D91B7237C9FDEC56C70D9374C721A2F230821
