2025-07-21 11:51:23.751, FindNode, 3110da1e-fcc4-4049-996f-40f1bb1f660f, 7BB3577E7F5595B494687818149EE168FEBC2C03, 7BB3577E7F5595B494687818149EE168FEBC2C0B
2025-07-21 11:51:23.754, ReplyFindNode, 3110da1e-fcc4-4049-996f-40f1bb1f660f, 7BB3577E7F5595B494687818149EE168FEBC2C03, 7BB3577E7F5595B494687818149EE168FEBC2C03
2025-07-21 11:51:35.755, FindNode, 5702d2e8-4e3d-4508-9aaf-d0f36445add3, 7BB3577E7F5595B494687818149EE168FEBC2C03, 7BB3577E7F5595B494E87818149EE168FEBC2C03
2025-07-21 11:51:35.755, ReplyFindNode, 5702d2e8-4e3d-4508-9aaf-d0f36445add3, 7BB3577E7F5595B494687818149EE168FEBC2C03, 7BB3577E7F5595B494687818149EE168FEBC2C03
2025-07-21 11:51:47.756, FindNode, f84ea6c4-7025-4070-b0bb-aae023454ad0, 7BB3577E7F5595B494687818149EE168FEBC2C03, 7BB3577E7F5595B494687818149EE16CFEBC2C03
2025-07-21 11:51:47.756, ReplyFindNode, f84ea6c4-7025-4070-b0bb-aae023454ad0, 7BB3577E7F5595B494687818149EE168FEBC2C03, 7BB3577E7F5595B494687818149EE168FEBC2C03
2025-07-21 11:51:54.567, Join, d95ab253-414e-4574-829f-1d0b3c0fc84a, 488D91B7237C9FDEC56C70D9374C721A2F230821
2025-07-21 11:51:54.994, FindNode, cdea6107-a9d3-43ef-b313-38b528308e5f, 7BB3577E7F5595B494687818149EE168FEBC2C03, 488D91B7237C9FDEC56C70D9374C721A2F230821
2025-07-21 11:51:54.995, ReplyFindNode, cdea6107-a9d3-43ef-b313-38b528308e5f, 7BB3577E7F5595B494687818149EE168FEBC2C03, 7BB3577E7F5595B494687818149EE168FEBC2C03
2025-07-21 11:51:55.374, FindNode, f73a07ef-9269-4db3-8b85-a15a1bbb15cb, 488D91B7237C9FDEC56C70D9374C721A2F230821, 488D91B7237C9FE2C56C70D9374C721A2F230821
2025-07-21 11:51:55.375, ReplyJoin, d95ab253-414e-4574-829f-1d0b3c0fc84a
2025-07-21 11:51:55.378, ReplyFindNode, f73a07ef-9269-4db3-8b85-a15a1bbb15cb, 488D91B7237C9FDEC56C70D9374C721A2F230821, 7BB3577E7F5595B494687818149EE168FEBC2C03
2025-07-21 11:51:59.757, FindNode, 985a1370-4850-4754-8cce-3f5b5530ebe9, 7BB3577E7F5595B494687818149EE168FEBC2C03, 7BB3577E7F5595B494687818149EE168FEBC2C0B
2025-07-21 11:51:59.757, ReplyFindNode, 985a1370-4850-4754-8cce-3f5b5530ebe9, 7BB3577E7F5595B494687818149EE168FEBC2C03, 488D91B7237C9FDEC56C70D9374C721A2F230821
2025-07-21 11:52:07.378, FindNode, 61161735-831e-435a-a9e6-a36e9e8f05a6, 488D91B7237C9FDEC56C70D9374C721A2F230821, 488D91B7237C9FDEC56C70D9374C761A2F230821
2025-07-21 11:52:07.378, ReplyFindNode, 61161735-831e-435a-a9e6-a36e9e8f05a6, 488D91B7237C9FDEC56C70D9374C721A2F230821, 7BB3577E7F5595B494687818149EE168FEBC2C03
2025-07-21 11:52:11.758, FindNode, bdce1cf4-1d86-4de5-bdc3-a0af7a310ae9, 7BB3577E7F5595B494687818149EE168FEBC2C03, 7BB3577E7F5595B494687818149EE1697EBC2C03
2025-07-21 11:52:11.758, ReplyFindNode, bdce1cf4-1d86-4de5-bdc3-a0af7a310ae9, 7BB3577E7F5595B494687818149EE168FEBC2C03, 488D91B7237C9FDEC56C70D9374C721A2F230821
2025-07-21 11:52:19.379, FindNode, 96be12d8-14c9-4e38-8f08-1cdcd887a78d, 488D91B7237C9FDEC56C70D9374C721A2F230821, 488DA1B7237C9FDEC56C70D9374C721A2F230821
2025-07-21 11:52:19.380, ReplyFindNode, 96be12d8-14c9-4e38-8f08-1cdcd887a78d, 488D91B7237C9FDEC56C70D9374C721A2F230821, 7BB3577E7F5595B494687818149EE168FEBC2C03
2025-07-21 11:52:23.759, FindNode, f4cd17cb-bfdb-49ea-965c-470bf09565ed, 7BB3577E7F5595B494687818149EE168FEBC2C03, 7BB3577E7F5595B694687818149EE168FEBC2C03
2025-07-21 11:52:23.759, ReplyFindNode, f4cd17cb-bfdb-49ea-965c-470bf09565ed, 7BB3577E7F5595B494687818149EE168FEBC2C03, 488D91B7237C9FDEC56C70D9374C721A2F230821
2025-07-21 11:52:25.370, Join, 11ba613f-4acb-4da9-92ca-474d4b1b71c4, ADC0E723DF6E376068DC6BEFDD59C00882974E21
2025-07-21 11:52:25.725, FindNode, d6e91874-c245-4bb6-850e-aced3f3392d5, 7BB3577E7F5595B494687818149EE168FEBC2C03, ADC0E723DF6E376068DC6BEFDD59C00882974E21
2025-07-21 11:52:25.726, ReplyFindNode, d6e91874-c245-4bb6-850e-aced3f3392d5, 7BB3577E7F5595B494687818149EE168FEBC2C03, 488D91B7237C9FDEC56C70D9374C721A2F230821
2025-07-21 11:52:26.508, FindNode, 26108552-5b2f-4d9a-81df-7ab08e38a660, ADC0E723DF6E376068DC6BEFDD59C00882974E21, ADC0F723DF6E376068DC6BEFDD59C00882974E21
2025-07-21 11:52:26.509, ReplyJoin, 11ba613f-4acb-4da9-92ca-474d4b1b71c4
2025-07-21 11:52:26.511, ReplyFindNode, 26108552-5b2f-4d9a-81df-7ab08e38a660, ADC0E723DF6E376068DC6BEFDD59C00882974E21, 488D91B7237C9FDEC56C70D9374C721A2F230821
2025-07-21 11:52:31.380, FindNode, 7787eddb-7213-4f34-a373-f910d6776395, 488D91B7237C9FDEC56C70D9374C721A2F230821, 488D91B7237C9FDEC56C70D9374C7A1A2F230821
2025-07-21 11:52:31.381, ReplyFindNode, 7787eddb-7213-4f34-a373-f910d6776395, 488D91B7237C9FDEC56C70D9374C721A2F230821, 7BB3577E7F5595B494687818149EE168FEBC2C03
2025-07-21 11:52:35.760, FindNode, 266150ff-657f-464f-a104-eb7053d44a18, 7BB3577E7F5595B494687818149EE168FEBC2C03, 7BB3577E9F5595B494687818149EE168FEBC2C03
2025-07-21 11:52:35.760, ReplyFindNode, 266150ff-657f-464f-a104-eb7053d44a18, 7BB3577E7F5595B494687818149EE168FEBC2C03, ADC0E723DF6E376068DC6BEFDD59C00882974E21
2025-07-21 11:52:38.511, FindNode, b616329e-8a3b-4a95-9d40-a3951eb94159, ADC0E723DF6E376068DC6BEFDD59C00882974E21, ADC0E823DF6E376068DC6BEFDD59C00882974E21
2025-07-21 11:52:38.512, ReplyFindNode, b616329e-8a3b-4a95-9d40-a3951eb94159, ADC0E723DF6E376068DC6BEFDD59C00882974E21, 488D91B7237C9FDEC56C70D9374C721A2F230821
2025-07-21 11:52:43.382, FindNode, 3f6c7a53-1622-4281-8432-37f030cf1647, 488D91B7237C9FDEC56C70D9374C721A2F230821, 488D91B7237C9FDEC56C70D9374C723A2F230821
2025-07-21 11:52:43.382, ReplyFindNode, 3f6c7a53-1622-4281-8432-37f030cf1647, 488D91B7237C9FDEC56C70D9374C721A2F230821, 7BB3577E7F5595B494687818149EE168FEBC2C03
2025-07-21 11:52:47.761, FindNode, f1d97362-e81e-4645-a2c5-6e391ff49a46, 7BB3577E7F5595B494687818149EE168FEBC2C03, 7BB3577E7F5595B494687858149EE168FEBC2C03
2025-07-21 11:52:47.761, ReplyFindNode, f1d97362-e81e-4645-a2c5-6e391ff49a46, 7BB3577E7F5595B494687818149EE168FEBC2C03, ADC0E723DF6E376068DC6BEFDD59C00882974E21
2025-07-21 11:52:50.512, FindNode, 0955c8da-9bb2-43e1-b2a1-1059e8a1ce85, ADC0E723DF6E376068DC6BEFDD59C00882974E21, ADC0E723DF6E376068DC6BEFDD59C00882974E29
2025-07-21 11:52:50.513, ReplyFindNode, 0955c8da-9bb2-43e1-b2a1-1059e8a1ce85, ADC0E723DF6E376068DC6BEFDD59C00882974E21, 488D91B7237C9FDEC56C70D9374C721A2F230821
2025-07-21 11:52:55.383, FindNode, f72655de-e34e-4828-b945-739943dfc633, 488D91B7237C9FDEC56C70D9374C721A2F230821, 488D91B7237CA1DEC56C70D9374C721A2F230821
2025-07-21 11:52:55.384, ReplyFindNode, f72655de-e34e-4828-b945-739943dfc633, 488D91B7237C9FDEC56C70D9374C721A2F230821, 7BB3577E7F5595B494687818149EE168FEBC2C03
2025-07-21 11:52:56.114, StartStableRegimen
2025-07-21 11:52:59.762, FindNode, 642b412b-0954-494a-9add-696a5dddec2e, 7BB3577E7F5595B494687818149EE168FEBC2C03, 7BB3577E7F5595F494687818149EE168FEBC2C03
2025-07-21 11:52:59.762, ReplyFindNode, 642b412b-0954-494a-9add-696a5dddec2e, 7BB3577E7F5595B494687818149EE168FEBC2C03, ADC0E723DF6E376068DC6BEFDD59C00882974E21
2025-07-21 11:53:02.513, FindNode, c84f1f00-d572-464f-96b0-432c538c00c2, ADC0E723DF6E376068DC6BEFDD59C00882974E21, ADC0E723DF7E376068DC6BEFDD59C00882974E21
2025-07-21 11:53:02.513, ReplyFindNode, c84f1f00-d572-464f-96b0-432c538c00c2, ADC0E723DF6E376068DC6BEFDD59C00882974E21, 488D91B7237C9FDEC56C70D9374C721A2F230821
2025-07-21 11:53:06.486, StartReadWriteRegimen
2025-07-21 11:53:06.842, Lookup, f605e130-ba17-48b5-b9c7-e45f0b14ec37, ADC0E723DF6E376068DC6BEFDD59C00882974E21, E824869B684158C07A787A5C645FF0140BF874A6
2025-07-21 11:53:06.890, ReplyLookup, f605e130-ba17-48b5-b9c7-e45f0b14ec37, 488D91B7237C9FDEC56C70D9374C721A2F230821,
2025-07-21 11:53:07.213, Lookup, fcd76525-7b7f-4d7f-8773-3c0f2a23aa03, 488D91B7237C9FDEC56C70D9374C721A2F230821, 4CCF6933EB529A47464DD9E5224728394224058B
2025-07-21 11:53:07.286, ReplyLookup, fcd76525-7b7f-4d7f-8773-3c0f2a23aa03, 7BB3577E7F5595B494687818149EE168FEBC2C03,
2025-07-21 11:53:07.384, FindNode, d54797a5-d979-42d4-999f-aceea9a1f7f8, 488D91B7237C9FDEC56C70D9374C721A2F230821, 488D91B7237C9FDEC56C70D9374C721B2F230821
2025-07-21 11:53:07.385, ReplyFindNode, d54797a5-d979-42d4-999f-aceea9a1f7f8, 488D91B7237C9FDEC56C70D9374C721A2F230821, 7BB3577E7F5595B494687818149EE168FEBC2C03
2025-07-21 11:53:07.605, Store, 1db6e039-7418-4f63-8adc-da0b1fcd50b5, 7BB3577E7F5595B494687818149EE168FEBC2C03, 858F097B0451CF1D56F13568E3729ED4387F5743, 43CD2911F75409D31767C6AF2BF526575A5D3C5E
2025-07-21 11:53:07.689, ReplyStore, 1db6e039-7418-4f63-8adc-da0b1fcd50b5, ADC0E723DF6E376068DC6BEFDD59C00882974E21
2025-07-21 11:53:11.763, FindNode, 96c05cda-0f66-470c-a840-03fae0ebaf03, 7BB3577E7F5595B494687818149EE168FEBC2C03, 7BB3577E7F5595B49468781814A2E168FEBC2C03
2025-07-21 11:53:11.763, ReplyFindNode, 96c05cda-0f66-470c-a840-03fae0ebaf03, 7BB3577E7F5595B494687818149EE168FEBC2C03, ADC0E723DF6E376068DC6BEFDD59C00882974E21
2025-07-21 11:53:14.514, FindNode, 949c4ab9-bb60-4e71-9f43-3e5967f5f50b, ADC0E723DF6E376068DC6BEFDD59C00882974E21, ADC0E7241F6E376068DC6BEFDD59C00882974E21
2025-07-21 11:53:14.514, ReplyFindNode, 949c4ab9-bb60-4e71-9f43-3e5967f5f50b, ADC0E723DF6E376068DC6BEFDD59C00882974E21, 488D91B7237C9FDEC56C70D9374C721A2F230821
2025-07-21 11:53:19.385, FindNode, d34460a0-817e-42c8-af89-34e8fa66ca76, 488D91B7237C9FDEC56C70D9374C721A2F230821, 488D91B7237C9FDEC56C70D9374C721A2F250821
2025-07-21 11:53:19.386, ReplyFindNode, d34460a0-817e-42c8-af89-34e8fa66ca76, 488D91B7237C9FDEC56C70D9374C721A2F230821, 7BB3577E7F5595B494687818149EE168FEBC2C03
2025-07-21 11:53:21.842, Store, c526cf64-f19c-488a-b930-50eddc3ce096, ADC0E723DF6E376068DC6BEFDD59C00882974E21, 6D7D7C11BD2C2C4AFB07B0C036CFD55EFDDBEC31, 8159747587B87BD1A8AE24AD9292F5AC92A345A1
2025-07-21 11:53:21.889, FindNode, 4c25ebcc-0f53-45a1-a8de-1a2fdf335290, 488D91B7237C9FDEC56C70D9374C721A2F230821, 6D7D7C11BD2C2C4AFB07B0C036CFD55EFDDBEC31
2025-07-21 11:53:21.889, ReplyFindNode, 4c25ebcc-0f53-45a1-a8de-1a2fdf335290, 488D91B7237C9FDEC56C70D9374C721A2F230821, 7BB3577E7F5595B494687818149EE168FEBC2C03
2025-07-21 11:53:21.985, ReplyStore, c526cf64-f19c-488a-b930-50eddc3ce096, 488D91B7237C9FDEC56C70D9374C721A2F230821
2025-07-21 11:53:22.213, Lookup, 55a875cc-d8dc-4277-b2f9-7d7e8e817da8, 488D91B7237C9FDEC56C70D9374C721A2F230821, DE5B282323123CA302D56568530C363B70ACCB69
2025-07-21 11:53:22.257, FindNode, 481a21c7-be67-4432-93df-449b467caa4d, ADC0E723DF6E376068DC6BEFDD59C00882974E21, DE5B282323123CA302D56568530C363B70ACCB69
2025-07-21 11:53:22.257, ReplyFindNode, 481a21c7-be67-4432-93df-449b467caa4d, ADC0E723DF6E376068DC6BEFDD59C00882974E21, 488D91B7237C9FDEC56C70D9374C721A2F230821
2025-07-21 11:53:22.449, ReplyLookup, 55a875cc-d8dc-4277-b2f9-7d7e8e817da8, ADC0E723DF6E376068DC6BEFDD59C00882974E21,
2025-07-21 11:53:22.605, Store, 7b5bde11-c98b-4349-ab00-e3e228e61215, 7BB3577E7F5595B494687818149EE168FEBC2C03, 8A8AC395C43863828DA6A46F963E1F78A030D24F, 08328F590FAD71E9652DCF6D8FA27F5C3179838D
2025-07-21 11:53:22.608, ReplyStore, 7b5bde11-c98b-4349-ab00-e3e228e61215, ADC0E723DF6E376068DC6BEFDD59C00882974E21
2025-07-21 11:53:23.763, FindNode, b7ed32bd-2a8e-4443-9462-4d8fe6b40ff0, 7BB3577E7F5595B494687818149EE168FEBC2C03, 7BB3577E7F5595B494687818149EE1691EBC2C03
2025-07-21 11:53:23.764, ReplyFindNode, b7ed32bd-2a8e-4443-9462-4d8fe6b40ff0, 7BB3577E7F5595B494687818149EE168FEBC2C03, ADC0E723DF6E376068DC6BEFDD59C00882974E21
2025-07-21 11:53:26.515, FindNode, ea45e805-9bb4-423f-8961-6baab2f947f2, ADC0E723DF6E376068DC6BEFDD59C00882974E21, ADC0E72BDF6E376068DC6BEFDD59C00882974E21
2025-07-21 11:53:26.515, ReplyFindNode, ea45e805-9bb4-423f-8961-6baab2f947f2, ADC0E723DF6E376068DC6BEFDD59C00882974E21, 488D91B7237C9FDEC56C70D9374C721A2F230821
2025-07-21 11:53:31.386, FindNode, 976f6e8d-c2f9-4412-aba9-931bd2200672, 488D91B7237C9FDEC56C70D9374C721A2F230821, 488D91B7237E9FDEC56C70D9374C721A2F230821
2025-07-21 11:53:31.387, ReplyFindNode, 976f6e8d-c2f9-4412-aba9-931bd2200672, 488D91B7237C9FDEC56C70D9374C721A2F230821, 7BB3577E7F5595B494687818149EE168FEBC2C03
2025-07-21 11:53:35.764, FindNode, d2a99886-0828-4cb7-a457-04dec0b08128, 7BB3577E7F5595B494687818149EE168FEBC2C03, 7BB3577E7F5595B4D4687818149EE168FEBC2C03
2025-07-21 11:53:35.765, ReplyFindNode, d2a99886-0828-4cb7-a457-04dec0b08128, 7BB3577E7F5595B494687818149EE168FEBC2C03, ADC0E723DF6E376068DC6BEFDD59C00882974E21
2025-07-21 11:53:36.843, Remove, 10c4648c-4f8d-4f47-b479-f0501fccd457, ADC0E723DF6E376068DC6BEFDD59C00882974E21, 6D7D7C11BD2C2C4AFB07B0C036CFD55EFDDBEC31, 8159747587B87BD1A8AE24AD9292F5AC92A345A1
2025-07-21 11:53:36.885, FindNode, cd7a7d18-bfea-40d9-ad13-c7e1e019e914, 488D91B7237C9FDEC56C70D9374C721A2F230821, 6D7D7C11BD2C2C4AFB07B0C036CFD55EFDDBEC31
2025-07-21 11:53:36.886, ReplyFindNode, cd7a7d18-bfea-40d9-ad13-c7e1e019e914, 488D91B7237C9FDEC56C70D9374C721A2F230821, 7BB3577E7F5595B494687818149EE168FEBC2C03
2025-07-21 11:53:36.940, ReplyRemove, 10c4648c-4f8d-4f47-b479-f0501fccd457, 488D91B7237C9FDEC56C70D9374C721A2F230821
2025-07-21 11:53:37.212, Lookup, 1c3b72bf-4ea5-45dc-a3da-e48f08c94a03, 488D91B7237C9FDEC56C70D9374C721A2F230821, 4CCF6933EB529A47464DD9E5224728394224058B
2025-07-21 11:53:37.258, ReplyLookup, 1c3b72bf-4ea5-45dc-a3da-e48f08c94a03, 7BB3577E7F5595B494687818149EE168FEBC2C03,
2025-07-21 11:53:37.605, Store, 241ac0ab-834f-4904-b139-27a80020126e, 7BB3577E7F5595B494687818149EE168FEBC2C03, 37D50FCF19804A70BE2116E9CF46685C2802C790, 343DBC5DE41B09BDE7418DCB07FF74F9BC36FF54
2025-07-21 11:53:37.649, FindNode, c6b02713-b00d-4c36-b011-e5384a22b007, ADC0E723DF6E376068DC6BEFDD59C00882974E21, 37D50FCF19804A70BE2116E9CF46685C2802C790
2025-07-21 11:53:37.649, ReplyFindNode, c6b02713-b00d-4c36-b011-e5384a22b007, ADC0E723DF6E376068DC6BEFDD59C00882974E21, 488D91B7237C9FDEC56C70D9374C721A2F230821
2025-07-21 11:53:37.745, ReplyStore, 241ac0ab-834f-4904-b139-27a80020126e, ADC0E723DF6E376068DC6BEFDD59C00882974E21
2025-07-21 11:53:38.516, FindNode, e074f4fc-69ad-4220-bc2e-b7feab87a296, ADC0E723DF6E376068DC6BEFDD59C00882974E21, ADC0E723DF6E376068DC6BEFDD59C008829B4E21
2025-07-21 11:53:38.516, ReplyFindNode, e074f4fc-69ad-4220-bc2e-b7feab87a296, ADC0E723DF6E376068DC6BEFDD59C00882974E21, 488D91B7237C9FDEC56C70D9374C721A2F230821
2025-07-21 11:53:43.388, FindNode, 6a4016a4-0388-4444-90c9-594ca4dc9226, 488D91B7237C9FDEC56C70D9374C721A2F230821, 488D91B7237C9FDEC57C70D9374C721A2F230821
2025-07-21 11:53:43.388, ReplyFindNode, 6a4016a4-0388-4444-90c9-594ca4dc9226, 488D91B7237C9FDEC56C70D9374C721A2F230821, 7BB3577E7F5595B494687818149EE168FEBC2C03
2025-07-21 11:53:47.765, FindNode, a61c843c-751f-4de0-9cd5-113eadc8a971, 7BB3577E7F5595B494687818149EE168FEBC2C03, 7BB3577E7F5595B494687818149EE168FEBC2C0B
2025-07-21 11:53:47.766, ReplyFindNode, a61c843c-751f-4de0-9cd5-113eadc8a971, 7BB3577E7F5595B494687818149EE168FEBC2C03, ADC0E723DF6E376068DC6BEFDD59C00882974E21
2025-07-21 11:53:50.517, FindNode, 69b44217-5de4-4a75-a5ca-376b829d68da, ADC0E723DF6E376068DC6BEFDD59C00882974E21, ADC0E723DF6E376068DC6BEFDD59C04882974E21
2025-07-21 11:53:50.517, ReplyFindNode, 69b44217-5de4-4a75-a5ca-376b829d68da, ADC0E723DF6E376068DC6BEFDD59C00882974E21, 488D91B7237C9FDEC56C70D9374C721A2F230821
2025-07-21 11:53:51.843, Store, 941140a2-a86b-41d6-bb12-946c74cbf91d, ADC0E723DF6E376068DC6BEFDD59C00882974E21, 0399D5485AEE2DBE46CBEB81BF5D648AB98AE879, 46915788B7CDB791571941DECC212EB4F1C45E4E
2025-07-21 11:53:51.847, ReplyStore, 941140a2-a86b-41d6-bb12-946c74cbf91d, 488D91B7237C9FDEC56C70D9374C721A2F230821
2025-07-21 11:53:52.213, Store, 3fa80a7e-9335-441a-8447-e72ce106d1dc, 488D91B7237C9FDEC56C70D9374C721A2F230821, CE3F2F497EF5657EDA8D4E9F9D61E7535427D6FF, 2E86017D28D3F7DFD10C323A6293B75E2F1FACCE
2025-07-21 11:53:52.261, FindNode, 833d502e-9ec8-42e9-948f-3275cb52350e, ADC0E723DF6E376068DC6BEFDD59C00882974E21, CE3F2F497EF5657EDA8D4E9F9D61E7535427D6FF
2025-07-21 11:53:52.261, ReplyFindNode, 833d502e-9ec8-42e9-948f-3275cb52350e, ADC0E723DF6E376068DC6BEFDD59C00882974E21, 488D91B7237C9FDEC56C70D9374C721A2F230821
2025-07-21 11:53:52.357, ReplyStore, 3fa80a7e-9335-441a-8447-e72ce106d1dc, ADC0E723DF6E376068DC6BEFDD59C00882974E21
2025-07-21 11:53:52.605, Lookup, 2ffa3241-1f38-4157-a552-fa6f74bebce7, 7BB3577E7F5595B494687818149EE168FEBC2C03, 858F097B0451CF1D56F13568E3729ED4387F5743
2025-07-21 11:53:52.651, ReplyLookup, 2ffa3241-1f38-4157-a552-fa6f74bebce7, ADC0E723DF6E376068DC6BEFDD59C00882974E21, 43CD2911F75409D31767C6AF2BF526575A5D3C5E
2025-07-21 11:53:55.389, FindNode, cde0256b-6ba5-45a4-8820-0df5bdf169f3, 488D91B7237C9FDEC56C70D9374C721A2F230821, 488D91B7237C9FDEC56C70D9384C721A2F230821
2025-07-21 11:53:55.389, ReplyFindNode, cde0256b-6ba5-45a4-8820-0df5bdf169f3, 488D91B7237C9FDEC56C70D9374C721A2F230821, 7BB3577E7F5595B494687818149EE168FEBC2C03
2025-07-21 11:53:59.766, FindNode, 7761c580-f8d0-44c4-ad16-b3f2f6220e48, 7BB3577E7F5595B494687818149EE168FEBC2C03, 7BB3577E7F5595B494687818149EE168FEBC2C0B
2025-07-21 11:53:59.766, ReplyFindNode, 7761c580-f8d0-44c4-ad16-b3f2f6220e48, 7BB3577E7F5595B494687818149EE168FEBC2C03, ADC0E723DF6E376068DC6BEFDD59C00882974E21
2025-07-21 11:54:02.518, FindNode, a7f126df-fcd2-4f59-8752-6bce7b98633d, ADC0E723DF6E376068DC6BEFDD59C00882974E21, ADC0E725DF6E376068DC6BEFDD59C00882974E21
2025-07-21 11:54:02.518, ReplyFindNode, a7f126df-fcd2-4f59-8752-6bce7b98633d, ADC0E723DF6E376068DC6BEFDD59C00882974E21, 488D91B7237C9FDEC56C70D9374C721A2F230821
2025-07-21 11:54:06.843, Remove, 893f3bf5-b31f-4a21-8481-01b52a5e0200, ADC0E723DF6E376068DC6BEFDD59C00882974E21, 0399D5485AEE2DBE46CBEB81BF5D648AB98AE879, 46915788B7CDB791571941DECC212EB4F1C45E4E
2025-07-21 11:54:06.848, ReplyRemove, 893f3bf5-b31f-4a21-8481-01b52a5e0200, 488D91B7237C9FDEC56C70D9374C721A2F230821
2025-07-21 11:54:07.214, Store, 0839a0c5-2e9e-438d-84c7-21df339a4463, 488D91B7237C9FDEC56C70D9374C721A2F230821, 1330DB16179C53B6C04EB201C153E03CCD2D87E7, 7FF3154F7ADFF5153FA18F6EF0D0BF81B58BC327
2025-07-21 11:54:07.257, FindNode, 34dfb97c-65b8-446e-accc-033066705882, ADC0E723DF6E376068DC6BEFDD59C00882974E21, 1330DB16179C53B6C04EB201C153E03CCD2D87E7
2025-07-21 11:54:07.257, ReplyFindNode, 34dfb97c-65b8-446e-accc-033066705882, ADC0E723DF6E376068DC6BEFDD59C00882974E21, 488D91B7237C9FDEC56C70D9374C721A2F230821
2025-07-21 11:54:07.353, ReplyStore, 0839a0c5-2e9e-438d-84c7-21df339a4463, ADC0E723DF6E376068DC6BEFDD59C00882974E21
2025-07-21 11:54:07.390, FindNode, a089bb59-81cc-4c70-b580-29ee5d99b003, 488D91B7237C9FDEC56C70D9374C721A2F230821, 488D91B7237C9FDEC56C70D9374C721E2F230821
2025-07-21 11:54:07.390, ReplyFindNode, a089bb59-81cc-4c70-b580-29ee5d99b003, 488D91B7237C9FDEC56C70D9374C721A2F230821, 7BB3577E7F5595B494687818149EE168FEBC2C03
2025-07-21 11:54:07.605, Lookup, 50f280c3-9011-407a-9a1a-aa488df6c7b7, 7BB3577E7F5595B494687818149EE168FEBC2C03, 9BDC0DACD1F3417CC97F7EEAE0769EB69758FAD4
2025-07-21 11:54:07.651, ReplyLookup, 50f280c3-9011-407a-9a1a-aa488df6c7b7, ADC0E723DF6E376068DC6BEFDD59C00882974E21,
2025-07-21 11:54:08.118, EndStableRegimen
2025-07-21 11:54:08.498, Leave, 75da71d2-8a21-4702-aef4-bbe9679db239, 488D91B7237C9FDEC56C70D9374C721A2F230821
2025-07-21 11:54:08.549, EndMember, 488D91B7237C9FDEC56C70D9374C721A2F230821
2025-07-21 11:54:08.549, ReplyLeave, 75da71d2-8a21-4702-aef4-bbe9679db239
2025-07-21 11:54:08.828, StartStableRegimen
2025-07-21 11:54:11.767, FindNode, bf663221-562b-42ed-ab58-2e30d01abbd0, 7BB3577E7F5595B494687818149EE168FEBC2C03, 7BB3577E7F5595B594687818149EE168FEBC2C03
2025-07-21 11:54:11.767, ReplyFindNode, bf663221-562b-42ed-ab58-2e30d01abbd0, 7BB3577E7F5595B494687818149EE168FEBC2C03, ADC0E723DF6E376068DC6BEFDD59C00882974E21
2025-07-21 11:54:14.519, FindNode, bf5414e0-2a89-4a7b-a746-23f97268c70e, ADC0E723DF6E376068DC6BEFDD59C00882974E21, ADC1E723DF6E376068DC6BEFDD59C00882974E21
2025-07-21 11:54:14.519, ReplyFindNode, bf5414e0-2a89-4a7b-a746-23f97268c70e, ADC0E723DF6E376068DC6BEFDD59C00882974E21, 488D91B7237C9FDEC56C70D9374C721A2F230821
2025-07-21 11:54:21.844, Lookup, ccc3df5f-6d5c-43a0-aef4-645098703da1, ADC0E723DF6E376068DC6BEFDD59C00882974E21, DE5B282323123CA302D56568530C363B70ACCB69
2025-07-21 11:54:21.891, ReplyLookup, ccc3df5f-6d5c-43a0-aef4-645098703da1, 7BB3577E7F5595B494687818149EE168FEBC2C03,
2025-07-21 11:54:22.604, Lookup, 0143d785-9ead-427b-9a52-b3a0add4aa27, 7BB3577E7F5595B494687818149EE168FEBC2C03, 0399D5485AEE2DBE46CBEB81BF5D648AB98AE879
2025-07-21 11:54:22.649, FindNode, 41d227e8-7a33-4224-bada-7ed655a8d98c, ADC0E723DF6E376068DC6BEFDD59C00882974E21, 0399D5485AEE2DBE46CBEB81BF5D648AB98AE879
2025-07-21 11:54:22.649, ReplyFindNode, 41d227e8-7a33-4224-bada-7ed655a8d98c, ADC0E723DF6E376068DC6BEFDD59C00882974E21, 7BB3577E7F5595B494687818149EE168FEBC2C03
2025-07-21 11:54:22.781, ReplyLookup, 0143d785-9ead-427b-9a52-b3a0add4aa27, ADC0E723DF6E376068DC6BEFDD59C00882974E21,
2025-07-21 11:54:23.768, FindNode, 2e686ab9-19a7-4dd5-806d-17565334136b, 7BB3577E7F5595B494687818149EE168FEBC2C03, 7BB3577E7F5599B494687818149EE168FEBC2C03
2025-07-21 11:54:23.768, ReplyFindNode, 2e686ab9-19a7-4dd5-806d-17565334136b, 7BB3577E7F5595B494687818149EE168FEBC2C03, ADC0E723DF6E376068DC6BEFDD59C00882974E21
2025-07-21 11:54:26.519, FindNode, 1f248d57-e865-4767-bcd2-b2e32f1e9769, ADC0E723DF6E376068DC6BEFDD59C00882974E21, ADC0E723DF6E376068DC6BEFDD59C00882975221
2025-07-21 11:54:26.520, ReplyFindNode, 1f248d57-e865-4767-bcd2-b2e32f1e9769, ADC0E723DF6E376068DC6BEFDD59C00882974E21, 7BB3577E7F5595B494687818149EE168FEBC2C03
2025-07-21 11:54:35.769, FindNode, 9ab90158-9860-481d-b339-10136fcd8e7e, 7BB3577E7F5595B494687818149EE168FEBC2C03, 7BB3577E7F5595B494687819149EE168FEBC2C03
2025-07-21 11:54:35.769, ReplyFindNode, 9ab90158-9860-481d-b339-10136fcd8e7e, 7BB3577E7F5595B494687818149EE168FEBC2C03, ADC0E723DF6E376068DC6BEFDD59C00882974E21
2025-07-21 11:54:36.844, Store, 54eb9d8b-763e-46ed-a09d-a733ee0cd79d, ADC0E723DF6E376068DC6BEFDD59C00882974E21, 9BDC0DACD1F3417CC97F7EEAE0769EB69758FAD4, 6F8CD3286789927BD4C1D0478A2E7C9425452A59
2025-07-21 11:54:36.889, FindNode, 71fbabad-7753-4f03-b5d4-8fd057139fb7, 7BB3577E7F5595B494687818149EE168FEBC2C03, 9BDC0DACD1F3417CC97F7EEAE0769EB69758FAD4
2025-07-21 11:54:36.890, ReplyFindNode, 71fbabad-7753-4f03-b5d4-8fd057139fb7, 7BB3577E7F5595B494687818149EE168FEBC2C03, ADC0E723DF6E376068DC6BEFDD59C00882974E21
2025-07-21 11:54:36.896, ReplyStore, 54eb9d8b-763e-46ed-a09d-a733ee0cd79d, 7BB3577E7F5595B494687818149EE168FEBC2C03
2025-07-21 11:54:37.604, Lookup, dc2bdee7-0827-4355-815f-8dbea36526b7, 7BB3577E7F5595B494687818149EE168FEBC2C03, E824869B684158C07A787A5C645FF0140BF874A6
2025-07-21 11:54:37.649, FindNode, 07b39d60-22e9-426b-8d55-7ae8ceff7873, ADC0E723DF6E376068DC6BEFDD59C00882974E21, E824869B684158C07A787A5C645FF0140BF874A6
2025-07-21 11:54:37.650, ReplyFindNode, 07b39d60-22e9-426b-8d55-7ae8ceff7873, ADC0E723DF6E376068DC6BEFDD59C00882974E21, 488D91B7237C9FDEC56C70D9374C721A2F230821
2025-07-21 11:54:37.781, ReplyLookup, dc2bdee7-0827-4355-815f-8dbea36526b7, ADC0E723DF6E376068DC6BEFDD59C00882974E21,
2025-07-21 11:54:38.520, FindNode, ba220ae3-dcc4-410b-a279-9515a063ff9d, ADC0E723DF6E376068DC6BEFDD59C00882974E21, ADC0E723DF6E376068DC6BEFDD59C00882975E21
2025-07-21 11:54:38.521, ReplyFindNode, ba220ae3-dcc4-410b-a279-9515a063ff9d, ADC0E723DF6E376068DC6BEFDD59C00882974E21, 488D91B7237C9FDEC56C70D9374C721A2F230821
2025-07-21 11:54:47.770, FindNode, 4384fa31-05de-49c2-81fb-88aadd518b57, 7BB3577E7F5595B494687818149EE168FEBC2C03, 7BB3577E7F5595B494687818149F6168FEBC2C03
2025-07-21 11:54:47.770, ReplyFindNode, 4384fa31-05de-49c2-81fb-88aadd518b57, 7BB3577E7F5595B494687818149EE168FEBC2C03, ADC0E723DF6E376068DC6BEFDD59C00882974E21
2025-07-21 11:54:50.521, FindNode, 02c62aea-f845-41f7-ba65-b41093ef7877, ADC0E723DF6E376068DC6BEFDD59C00882974E21, B5C0E723DF6E376068DC6BEFDD59C00882974E21
2025-07-21 11:54:50.522, ReplyFindNode, 02c62aea-f845-41f7-ba65-b41093ef7877, ADC0E723DF6E376068DC6BEFDD59C00882974E21, 7BB3577E7F5595B494687818149EE168FEBC2C03
2025-07-21 11:54:51.843, Lookup, 6d423d5a-118e-4767-bd5c-5c28c833ac03, ADC0E723DF6E376068DC6BEFDD59C00882974E21, CCB63B7D33DC43CAD86706330FA8F1BAB1A1811A
2025-07-21 11:54:52.605, Store, 2773619b-f854-456f-bb7e-17f83a121251, 7BB3577E7F5595B494687818149EE168FEBC2C03, CCB63B7D33DC43CAD86706330FA8F1BAB1A1811A, A0C5282F8FB4D87C370AE63988DB3D27729D7EE0
2025-07-21 11:54:52.649, FindNode, f36fb88c-97d8-4c89-9ad4-4e0ff8f35729, ADC0E723DF6E376068DC6BEFDD59C00882974E21, CCB63B7D33DC43CAD86706330FA8F1BAB1A1811A
2025-07-21 11:54:52.649, ReplyFindNode, f36fb88c-97d8-4c89-9ad4-4e0ff8f35729, ADC0E723DF6E376068DC6BEFDD59C00882974E21, 488D91B7237C9FDEC56C70D9374C721A2F230821
2025-07-21 11:54:52.741, ReplyStore, 2773619b-f854-456f-bb7e-17f83a121251, ADC0E723DF6E376068DC6BEFDD59C00882974E21
2025-07-21 11:54:59.770, FindNode, 4853a61e-e3d1-4ded-9277-4c66ce5b34a9, 7BB3577E7F5595B494687818149EE168FEBC2C03, 7BB3577E7F5595B496687818149EE168FEBC2C03
2025-07-21 11:54:59.771, ReplyFindNode, 4853a61e-e3d1-4ded-9277-4c66ce5b34a9, 7BB3577E7F5595B494687818149EE168FEBC2C03, ADC0E723DF6E376068DC6BEFDD59C00882974E21
2025-07-21 11:55:02.522, FindNode, fc243908-31b6-4bdd-aef1-5ab45604bcb1, ADC0E723DF6E376068DC6BEFDD59C00882974E21, ADC0E723DF6E376068DC6BEFDD59C00882974E41
2025-07-21 11:55:02.523, ReplyFindNode, fc243908-31b6-4bdd-aef1-5ab45604bcb1, ADC0E723DF6E376068DC6BEFDD59C00882974E21, 488D91B7237C9FDEC56C70D9374C721A2F230821
2025-07-21 11:55:03.084, ReplyLookup, 6d423d5a-118e-4767-bd5c-5c28c833ac03, 7BB3577E7F5595B494687818149EE168FEBC2C03, A0C5282F8FB4D87C370AE63988DB3D27729D7EE0
2025-07-21 11:55:06.844, Store, b971cd71-60c5-4bdc-941a-227a92884be5, ADC0E723DF6E376068DC6BEFDD59C00882974E21, C8B8B30DF9CCAF9240BC5E19F2C3A9263EB56B68, 1E9857830CC4CD5742B26F45710A8537190E914C
2025-07-21 11:55:06.847, ReplyStore, b971cd71-60c5-4bdc-941a-227a92884be5, 7BB3577E7F5595B494687818149EE168FEBC2C03
2025-07-21 11:55:07.605, Remove, 69f640ca-6697-485f-bc60-29599e4863cb, 7BB3577E7F5595B494687818149EE168FEBC2C03, 8A8AC395C43863828DA6A46F963E1F78A030D24F, 08328F590FAD71E9652DCF6D8FA27F5C3179838D
2025-07-21 11:55:07.612, ReplyRemove, 69f640ca-6697-485f-bc60-29599e4863cb, ADC0E723DF6E376068DC6BEFDD59C00882974E21
2025-07-21 11:55:11.771, FindNode, 2c774c0d-e27d-4c4f-8b9c-3931e7dcbb9a, 7BB3577E7F5595B494687818149EE168FEBC2C03, 7BB3577E7F5595B494687820149EE168FEBC2C03
2025-07-21 11:55:11.772, ReplyFindNode, 2c774c0d-e27d-4c4f-8b9c-3931e7dcbb9a, 7BB3577E7F5595B494687818149EE168FEBC2C03, ADC0E723DF6E376068DC6BEFDD59C00882974E21
2025-07-21 11:55:14.524, FindNode, b435b22f-6843-418e-bf4a-1b23105dd888, ADC0E723DF6E376068DC6BEFDD59C00882974E21, ADC0E723DF6E376168DC6BEFDD59C00882974E21
2025-07-21 11:55:14.524, ReplyFindNode, b435b22f-6843-418e-bf4a-1b23105dd888, ADC0E723DF6E376068DC6BEFDD59C00882974E21, 7BB3577E7F5595B494687818149EE168FEBC2C03
2025-07-21 11:55:21.845, Lookup, 87f8611a-5fe6-45f4-bba4-0bc30e2f39f3, ADC0E723DF6E376068DC6BEFDD59C00882974E21, C8B8B30DF9CCAF9240BC5E19F2C3A9263EB56B68
2025-07-21 11:55:22.605, Remove, 0e408537-ba8b-439f-805e-f24b9414255c, 7BB3577E7F5595B494687818149EE168FEBC2C03, CCB63B7D33DC43CAD86706330FA8F1BAB1A1811A, A0C5282F8FB4D87C370AE63988DB3D27729D7EE0
2025-07-21 11:55:22.649, FindNode, 98eee2dd-f2ac-49bd-9159-df41b343e0cc, ADC0E723DF6E376068DC6BEFDD59C00882974E21, CCB63B7D33DC43CAD86706330FA8F1BAB1A1811A
2025-07-21 11:55:22.649, ReplyFindNode, 98eee2dd-f2ac-49bd-9159-df41b343e0cc, ADC0E723DF6E376068DC6BEFDD59C00882974E21, 488D91B7237C9FDEC56C70D9374C721A2F230821
2025-07-21 11:55:22.741, ReplyRemove, 0e408537-ba8b-439f-805e-f24b9414255c, ADC0E723DF6E376068DC6BEFDD59C00882974E21
2025-07-21 11:55:23.772, FindNode, 87930484-d8c4-44b1-af18-cfdc62901ecb, 7BB3577E7F5595B494687818149EE168FEBC2C03, 7BB3577E7F5595B49468781814DEE168FEBC2C03
2025-07-21 11:55:23.772, ReplyFindNode, 87930484-d8c4-44b1-af18-cfdc62901ecb, 7BB3577E7F5595B494687818149EE168FEBC2C03, ADC0E723DF6E376068DC6BEFDD59C00882974E21
2025-07-21 11:55:26.525, FindNode, a666d72a-c6e2-4a66-b2f3-039bc8414f7a, ADC0E723DF6E376068DC6BEFDD59C00882974E21, ADC0E723DF6E376068DC6BFFDD59C00882974E21
2025-07-21 11:55:26.525, ReplyFindNode, a666d72a-c6e2-4a66-b2f3-039bc8414f7a, ADC0E723DF6E376068DC6BEFDD59C00882974E21, 488D91B7237C9FDEC56C70D9374C721A2F230821
2025-07-21 11:55:27.130, ReplyLookup, 87f8611a-5fe6-45f4-bba4-0bc30e2f39f3, 7BB3577E7F5595B494687818149EE168FEBC2C03, 1E9857830CC4CD5742B26F45710A8537190E914C
2025-07-21 11:55:35.773, FindNode, d8b484f3-6b5e-46c9-bb29-59ae326b4b12, 7BB3577E7F5595B494687818149EE168FEBC2C03, 7BB3577E7F559DB494687818149EE168FEBC2C03
2025-07-21 11:55:35.773, ReplyFindNode, d8b484f3-6b5e-46c9-bb29-59ae326b4b12, 7BB3577E7F5595B494687818149EE168FEBC2C03, ADC0E723DF6E376068DC6BEFDD59C00882974E21
2025-07-21 11:55:36.846, Lookup, dafa243c-a105-4c57-868c-848504d03830, ADC0E723DF6E376068DC6BEFDD59C00882974E21, C8B8B30DF9CCAF9240BC5E19F2C3A9263EB56B68
2025-07-21 11:55:36.890, ReplyLookup, dafa243c-a105-4c57-868c-848504d03830, 7BB3577E7F5595B494687818149EE168FEBC2C03, 1E9857830CC4CD5742B26F45710A8537190E914C
2025-07-21 11:55:37.604, Lookup, c60ea5d8-5028-4877-8910-2369ee654841, 7BB3577E7F5595B494687818149EE168FEBC2C03, B0097FF07623ED5B730FF757525C145E31266FE9
2025-07-21 11:55:37.649, FindNode, 7c8b7d60-3b16-470f-a232-f87768289a26, ADC0E723DF6E376068DC6BEFDD59C00882974E21, B0097FF07623ED5B730FF757525C145E31266FE9
2025-07-21 11:55:37.649, ReplyFindNode, 7c8b7d60-3b16-470f-a232-f87768289a26, ADC0E723DF6E376068DC6BEFDD59C00882974E21, 7BB3577E7F5595B494687818149EE168FEBC2C03
2025-07-21 11:55:37.781, ReplyLookup, c60ea5d8-5028-4877-8910-2369ee654841, ADC0E723DF6E376068DC6BEFDD59C00882974E21,
2025-07-21 11:55:38.526, FindNode, dad06377-37e0-4285-ab65-d4e59a4a22ff, ADC0E723DF6E376068DC6BEFDD59C00882974E21, ADC0E723E76E376068DC6BEFDD59C00882974E21
2025-07-21 11:55:38.526, ReplyFindNode, dad06377-37e0-4285-ab65-d4e59a4a22ff, ADC0E723DF6E376068DC6BEFDD59C00882974E21, 7BB3577E7F5595B494687818149EE168FEBC2C03
2025-07-21 11:55:47.774, FindNode, fd16c20e-874e-4abc-ac07-9878b08c071b, 7BB3577E7F5595B494687818149EE168FEBC2C03, 7BB3577E7F5595B494687818149EE168FEBC2E03
2025-07-21 11:55:47.774, ReplyFindNode, fd16c20e-874e-4abc-ac07-9878b08c071b, 7BB3577E7F5595B494687818149EE168FEBC2C03, ADC0E723DF6E376068DC6BEFDD59C00882974E21
2025-07-21 11:55:50.527, FindNode, 0cc538b8-b36b-4a9d-9837-83aee194a48c, ADC0E723DF6E376068DC6BEFDD59C00882974E21, ADC0E723DF6E376868DC6BEFDD59C00882974E21
2025-07-21 11:55:50.527, ReplyFindNode, 0cc538b8-b36b-4a9d-9837-83aee194a48c, ADC0E723DF6E376068DC6BEFDD59C00882974E21, 488D91B7237C9FDEC56C70D9374C721A2F230821
2025-07-21 11:55:51.846, Lookup, cf24501e-a0c7-4379-8232-93cd4e13f028, ADC0E723DF6E376068DC6BEFDD59C00882974E21, 9BDC0DACD1F3417CC97F7EEAE0769EB69758FAD4
2025-07-21 11:55:51.889, FindNode, 1c5a9703-5804-4a50-b501-4edf557cb69a, 7BB3577E7F5595B494687818149EE168FEBC2C03, 9BDC0DACD1F3417CC97F7EEAE0769EB69758FAD4
2025-07-21 11:55:51.889, ReplyFindNode, 1c5a9703-5804-4a50-b501-4edf557cb69a, 7BB3577E7F5595B494687818149EE168FEBC2C03, ADC0E723DF6E376068DC6BEFDD59C00882974E21
2025-07-21 11:55:52.021, ReplyLookup, cf24501e-a0c7-4379-8232-93cd4e13f028, 7BB3577E7F5595B494687818149EE168FEBC2C03, 6F8CD3286789927BD4C1D0478A2E7C9425452A59
2025-07-21 11:55:52.605, Lookup, a81c418a-0cb3-498a-801a-0b30a7d224b4, 7BB3577E7F5595B494687818149EE168FEBC2C03, 858F097B0451CF1D56F13568E3729ED4387F5743
2025-07-21 11:55:52.650, ReplyLookup, a81c418a-0cb3-498a-801a-0b30a7d224b4, ADC0E723DF6E376068DC6BEFDD59C00882974E21, 43CD2911F75409D31767C6AF2BF526575A5D3C5E
2025-07-21 11:55:59.775, FindNode, 11fef9ee-15ec-4627-8ad8-c1ad9520513b, 7BB3577E7F5595B494687818149EE168FEBC2C03, 7BB3577E7F5995B494687818149EE168FEBC2C03
2025-07-21 11:55:59.775, ReplyFindNode, 11fef9ee-15ec-4627-8ad8-c1ad9520513b, 7BB3577E7F5595B494687818149EE168FEBC2C03, ADC0E723DF6E376068DC6BEFDD59C00882974E21
2025-07-21 11:56:02.527, FindNode, 93807d7f-372a-45c4-8ff7-1b2de7b4bcfc, ADC0E723DF6E376068DC6BEFDD59C00882974E21, ADC0E723DF6E376068E46BEFDD59C00882974E21
2025-07-21 11:56:02.528, ReplyFindNode, 93807d7f-372a-45c4-8ff7-1b2de7b4bcfc, ADC0E723DF6E376068DC6BEFDD59C00882974E21, 7BB3577E7F5595B494687818149EE168FEBC2C03
2025-07-21 11:56:06.847, Lookup, f495c617-5d8c-47fb-a8bd-822dbcdd2646, ADC0E723DF6E376068DC6BEFDD59C00882974E21, C8B8B30DF9CCAF9240BC5E19F2C3A9263EB56B68
2025-07-21 11:56:07.604, Lookup, 523636e7-e8f1-4ae5-bc58-55b11112b3ac, 7BB3577E7F5595B494687818149EE168FEBC2C03, 858F097B0451CF1D56F13568E3729ED4387F5743
2025-07-21 11:56:07.650, ReplyLookup, 523636e7-e8f1-4ae5-bc58-55b11112b3ac, ADC0E723DF6E376068DC6BEFDD59C00882974E21, 43CD2911F75409D31767C6AF2BF526575A5D3C5E
2025-07-21 11:56:10.221, EndReadWriteRegimen
2025-07-21 11:56:11.775, FindNode, 881040d4-6424-4ce5-b458-bd7197c3b75e, 7BB3577E7F5595B494687818149EE168FEBC2C03, 7BB3577E7F5595B494707818149EE168FEBC2C03
2025-07-21 11:56:11.775, ReplyFindNode, 881040d4-6424-4ce5-b458-bd7197c3b75e, 7BB3577E7F5595B494687818149EE168FEBC2C03, ADC0E723DF6E376068DC6BEFDD59C00882974E21
2025-07-21 11:56:14.529, FindNode, 1ada8bbd-bc4e-48e1-aaf9-ce310ed7d82c, ADC0E723DF6E376068DC6BEFDD59C00882974E21, ADC0E723DF6E376070DC6BEFDD59C00882974E21
2025-07-21 11:56:14.529, ReplyFindNode, 1ada8bbd-bc4e-48e1-aaf9-ce310ed7d82c, ADC0E723DF6E376068DC6BEFDD59C00882974E21, 488D91B7237C9FDEC56C70D9374C721A2F230821
2025-07-21 11:56:15.226, ReplyLookup, f495c617-5d8c-47fb-a8bd-822dbcdd2646, 7BB3577E7F5595B494687818149EE168FEBC2C03, 1E9857830CC4CD5742B26F45710A8537190E914C
2025-07-21 11:56:15.609, StartReadOnlyRegimen
2025-07-21 11:56:16.012, Lookup, 5b059acc-a8e0-4087-92f6-d367b406b4ee, ADC0E723DF6E376068DC6BEFDD59C00882974E21, C8B8B30DF9CCAF9240BC5E19F2C3A9263EB56B68
2025-07-21 11:56:16.062, ReplyLookup, 5b059acc-a8e0-4087-92f6-d367b406b4ee, 7BB3577E7F5595B494687818149EE168FEBC2C03, 1E9857830CC4CD5742B26F45710A8537190E914C
2025-07-21 11:56:16.446, Lookup, ad1a54ae-3872-4180-9627-61c614c3d93b, 7BB3577E7F5595B494687818149EE168FEBC2C03, C56628FB2747CE2E0CEDE7E6A9774A3AC78AC625
2025-07-21 11:56:16.489, FindNode, 619c0ee3-27f1-418e-bcad-8bb4761829c8, ADC0E723DF6E376068DC6BEFDD59C00882974E21, C56628FB2747CE2E0CEDE7E6A9774A3AC78AC625
2025-07-21 11:56:16.489, ReplyFindNode, 619c0ee3-27f1-418e-bcad-8bb4761829c8, ADC0E723DF6E376068DC6BEFDD59C00882974E21, 7BB3577E7F5595B494687818149EE168FEBC2C03
2025-07-21 11:56:16.621, ReplyLookup, ad1a54ae-3872-4180-9627-61c614c3d93b, ADC0E723DF6E376068DC6BEFDD59C00882974E21,
2025-07-21 11:56:21.847, Lookup, 062450e5-1479-43cb-b1e3-bfbd4ca6b680, ADC0E723DF6E376068DC6BEFDD59C00882974E21, 1D3C9F6AAE06D1A1855FAF03B36F21415901D219
2025-07-21 11:56:21.890, ReplyLookup, 062450e5-1479-43cb-b1e3-bfbd4ca6b680, 7BB3577E7F5595B494687818149EE168FEBC2C03,
2025-07-21 11:56:22.605, Lookup, 5284636d-66d7-4a1a-ab04-e295940ad0f8, 7BB3577E7F5595B494687818149EE168FEBC2C03, C56628FB2747CE2E0CEDE7E6A9774A3AC78AC625
2025-07-21 11:56:22.649, FindNode, bd8998b6-b6ef-4229-a30f-590504089ad2, ADC0E723DF6E376068DC6BEFDD59C00882974E21, C56628FB2747CE2E0CEDE7E6A9774A3AC78AC625
2025-07-21 11:56:22.649, ReplyFindNode, bd8998b6-b6ef-4229-a30f-590504089ad2, ADC0E723DF6E376068DC6BEFDD59C00882974E21, 7BB3577E7F5595B494687818149EE168FEBC2C03
2025-07-21 11:56:22.781, ReplyLookup, 5284636d-66d7-4a1a-ab04-e295940ad0f8, ADC0E723DF6E376068DC6BEFDD59C00882974E21,
2025-07-21 11:56:23.776, FindNode, 812344f7-fabc-41e3-8df3-bc165102e59f, 7BB3577E7F5595B494687818149EE168FEBC2C03, 7BB3577E7F5595B494707818149EE168FEBC2C03
2025-07-21 11:56:23.776, ReplyFindNode, 812344f7-fabc-41e3-8df3-bc165102e59f, 7BB3577E7F5595B494687818149EE168FEBC2C03, ADC0E723DF6E376068DC6BEFDD59C00882974E21
2025-07-21 11:56:26.530, FindNode, 6bfb6858-fb39-4880-a433-e6623b56354b, ADC0E723DF6E376068DC6BEFDD59C00882974E21, ADC0E723DF6E376068DC6BEFDD59C00902974E21
2025-07-21 11:56:26.530, ReplyFindNode, 6bfb6858-fb39-4880-a433-e6623b56354b, ADC0E723DF6E376068DC6BEFDD59C00882974E21, 7BB3577E7F5595B494687818149EE168FEBC2C03
2025-07-21 11:56:31.012, Lookup, 0c2b197a-db10-4e6e-acf7-db03ed00784a, ADC0E723DF6E376068DC6BEFDD59C00882974E21, 9BDC0DACD1F3417CC97F7EEAE0769EB69758FAD4
2025-07-21 11:56:31.057, FindNode, 54a52eca-956f-4426-bb5a-694314e86dfc, 7BB3577E7F5595B494687818149EE168FEBC2C03, 9BDC0DACD1F3417CC97F7EEAE0769EB69758FAD4
2025-07-21 11:56:31.057, ReplyFindNode, 54a52eca-956f-4426-bb5a-694314e86dfc, 7BB3577E7F5595B494687818149EE168FEBC2C03, ADC0E723DF6E376068DC6BEFDD59C00882974E21
2025-07-21 11:56:31.189, ReplyLookup, 0c2b197a-db10-4e6e-acf7-db03ed00784a, 7BB3577E7F5595B494687818149EE168FEBC2C03, 6F8CD3286789927BD4C1D0478A2E7C9425452A59
2025-07-21 11:56:31.446, Lookup, 5037103a-2ba7-48e0-80c5-3e650ae8c7e6, 7BB3577E7F5595B494687818149EE168FEBC2C03, 858F097B0451CF1D56F13568E3729ED4387F5743
2025-07-21 11:56:31.490, ReplyLookup, 5037103a-2ba7-48e0-80c5-3e650ae8c7e6, ADC0E723DF6E376068DC6BEFDD59C00882974E21, 43CD2911F75409D31767C6AF2BF526575A5D3C5E
2025-07-21 11:56:35.777, FindNode, 8f40ea65-5d29-4e6b-963c-a246c8e4a45c, 7BB3577E7F5595B494687818149EE168FEBC2C03, 7BB3577E7F5595B49468781814DEE168FEBC2C03
2025-07-21 11:56:35.777, ReplyFindNode, 8f40ea65-5d29-4e6b-963c-a246c8e4a45c, 7BB3577E7F5595B494687818149EE168FEBC2C03, ADC0E723DF6E376068DC6BEFDD59C00882974E21
2025-07-21 11:56:36.848, Lookup, 1543ebbb-c5c0-4361-8817-123bd8e03140, ADC0E723DF6E376068DC6BEFDD59C00882974E21, C8B8B30DF9CCAF9240BC5E19F2C3A9263EB56B68
2025-07-21 11:56:37.605, Lookup, 111f467b-4f20-481e-aea6-67c1bbb95565, 7BB3577E7F5595B494687818149EE168FEBC2C03, 37D50FCF19804A70BE2116E9CF46685C2802C790
2025-07-21 11:56:37.649, FindNode, fe5b84de-90e6-418f-9a1a-6812f9e37134, ADC0E723DF6E376068DC6BEFDD59C00882974E21, 37D50FCF19804A70BE2116E9CF46685C2802C790
2025-07-21 11:56:37.649, ReplyFindNode, fe5b84de-90e6-418f-9a1a-6812f9e37134, ADC0E723DF6E376068DC6BEFDD59C00882974E21, 488D91B7237C9FDEC56C70D9374C721A2F230821
2025-07-21 11:56:37.781, ReplyLookup, 111f467b-4f20-481e-aea6-67c1bbb95565, ADC0E723DF6E376068DC6BEFDD59C00882974E21,
2025-07-21 11:56:38.531, FindNode, 29a08e30-774d-42d0-a797-816ee4921f7c, ADC0E723DF6E376068DC6BEFDD59C00882974E21, ADC0E723DF6E376068DC6BF05D59C00882974E21
2025-07-21 11:56:38.533, ReplyFindNode, 29a08e30-774d-42d0-a797-816ee4921f7c, ADC0E723DF6E376068DC6BEFDD59C00882974E21, 488D91B7237C9FDEC56C70D9374C721A2F230821
2025-07-21 11:56:39.275, ReplyLookup, 1543ebbb-c5c0-4361-8817-123bd8e03140, 7BB3577E7F5595B494687818149EE168FEBC2C03, 1E9857830CC4CD5742B26F45710A8537190E914C
2025-07-21 11:56:46.012, Lookup, 74875cf0-900c-4208-8ba6-3155bdfab2b7, ADC0E723DF6E376068DC6BEFDD59C00882974E21, C8B8B30DF9CCAF9240BC5E19F2C3A9263EB56B68
2025-07-21 11:56:46.060, ReplyLookup, 74875cf0-900c-4208-8ba6-3155bdfab2b7, 7BB3577E7F5595B494687818149EE168FEBC2C03, 1E9857830CC4CD5742B26F45710A8537190E914C
2025-07-21 11:56:46.447, Lookup, b9bbfa7f-76a4-41c5-8eba-0556ad52d005, 7BB3577E7F5595B494687818149EE168FEBC2C03, 858F097B0451CF1D56F13568E3729ED4387F5743
2025-07-21 11:56:46.491, ReplyLookup, b9bbfa7f-76a4-41c5-8eba-0556ad52d005, ADC0E723DF6E376068DC6BEFDD59C00882974E21, 43CD2911F75409D31767C6AF2BF526575A5D3C5E
2025-07-21 11:56:47.778, FindNode, ca80d6e1-847b-450c-871f-48e448a935e4, 7BB3577E7F5595B494687818149EE168FEBC2C03, 7BB3577E8F5595B494687818149EE168FEBC2C03
2025-07-21 11:56:47.778, ReplyFindNode, ca80d6e1-847b-450c-871f-48e448a935e4, 7BB3577E7F5595B494687818149EE168FEBC2C03, ADC0E723DF6E376068DC6BEFDD59C00882974E21
2025-07-21 11:56:50.534, FindNode, d91bb0b3-d685-4c03-b91d-84d7acda35a1, ADC0E723DF6E376068DC6BEFDD59C00882974E21, ADC0E723DF6E376068E46BEFDD59C00882974E21
2025-07-21 11:56:50.535, ReplyFindNode, d91bb0b3-d685-4c03-b91d-84d7acda35a1, ADC0E723DF6E376068DC6BEFDD59C00882974E21, 7BB3577E7F5595B494687818149EE168FEBC2C03
2025-07-21 11:56:51.849, Lookup, acc1bd25-35e1-47b2-acbe-108155e6d09c, ADC0E723DF6E376068DC6BEFDD59C00882974E21, 9BDC0DACD1F3417CC97F7EEAE0769EB69758FAD4
2025-07-21 11:56:51.893, FindNode, 85c84123-3a1f-4520-8543-369210e80629, 7BB3577E7F5595B494687818149EE168FEBC2C03, 9BDC0DACD1F3417CC97F7EEAE0769EB69758FAD4
2025-07-21 11:56:51.893, ReplyFindNode, 85c84123-3a1f-4520-8543-369210e80629, 7BB3577E7F5595B494687818149EE168FEBC2C03, ADC0E723DF6E376068DC6BEFDD59C00882974E21
2025-07-21 11:56:52.029, ReplyLookup, acc1bd25-35e1-47b2-acbe-108155e6d09c, 7BB3577E7F5595B494687818149EE168FEBC2C03, 6F8CD3286789927BD4C1D0478A2E7C9425452A59
2025-07-21 11:56:52.605, Lookup, 7316a5a2-3e78-4c64-8af0-22c4a0fdfd02, 7BB3577E7F5595B494687818149EE168FEBC2C03, 327158E2349C0F40CDD9A8BE6D444C350B0B93DC
2025-07-21 11:56:52.649, FindNode, faeda1fe-efa7-4a32-9290-feed8f647e2b, ADC0E723DF6E376068DC6BEFDD59C00882974E21, 327158E2349C0F40CDD9A8BE6D444C350B0B93DC
2025-07-21 11:56:52.649, ReplyFindNode, faeda1fe-efa7-4a32-9290-feed8f647e2b, ADC0E723DF6E376068DC6BEFDD59C00882974E21, 488D91B7237C9FDEC56C70D9374C721A2F230821
2025-07-21 11:56:52.737, ReplyLookup, 7316a5a2-3e78-4c64-8af0-22c4a0fdfd02, ADC0E723DF6E376068DC6BEFDD59C00882974E21,
2025-07-21 11:56:59.778, FindNode, a1c4d967-032b-49f8-b18f-be4e363ab93b, 7BB3577E7F5595B494687818149EE168FEBC2C03, 7BB3577E7F5595F494687818149EE168FEBC2C03
2025-07-21 11:56:59.779, ReplyFindNode, a1c4d967-032b-49f8-b18f-be4e363ab93b, 7BB3577E7F5595B494687818149EE168FEBC2C03, ADC0E723DF6E376068DC6BEFDD59C00882974E21
2025-07-21 11:57:01.012, Lookup, 74441cac-ef85-4e33-aa2f-612c41caee26, ADC0E723DF6E376068DC6BEFDD59C00882974E21, 9BDC0DACD1F3417CC97F7EEAE0769EB69758FAD4
2025-07-21 11:57:01.057, FindNode, eadfad01-693f-442c-8503-31c930535d2d, 7BB3577E7F5595B494687818149EE168FEBC2C03, 9BDC0DACD1F3417CC97F7EEAE0769EB69758FAD4
2025-07-21 11:57:01.057, ReplyFindNode, eadfad01-693f-442c-8503-31c930535d2d, 7BB3577E7F5595B494687818149EE168FEBC2C03, ADC0E723DF6E376068DC6BEFDD59C00882974E21
2025-07-21 11:57:01.189, ReplyLookup, 74441cac-ef85-4e33-aa2f-612c41caee26, 7BB3577E7F5595B494687818149EE168FEBC2C03, 6F8CD3286789927BD4C1D0478A2E7C9425452A59
2025-07-21 11:57:01.447, Lookup, 2d39341c-fa59-41cb-bffa-bbd9ded6b67c, 7BB3577E7F5595B494687818149EE168FEBC2C03, C5C27D6764A1B88EE308F9AAC7EF957A0CAA9AC9
2025-07-21 11:57:01.493, FindNode, 22a43a1a-9b98-44ad-b5ba-d55304b594ac, ADC0E723DF6E376068DC6BEFDD59C00882974E21, C5C27D6764A1B88EE308F9AAC7EF957A0CAA9AC9
2025-07-21 11:57:01.493, ReplyFindNode, 22a43a1a-9b98-44ad-b5ba-d55304b594ac, ADC0E723DF6E376068DC6BEFDD59C00882974E21, 488D91B7237C9FDEC56C70D9374C721A2F230821
2025-07-21 11:57:01.581, ReplyLookup, 2d39341c-fa59-41cb-bffa-bbd9ded6b67c, ADC0E723DF6E376068DC6BEFDD59C00882974E21,
2025-07-21 11:57:02.535, FindNode, 928266d6-c2a2-450d-a16e-74319292ba40, ADC0E723DF6E376068DC6BEFDD59C00882974E21, ADC0E723DF6E376068DC6BEFDD59C20882974E21
2025-07-21 11:57:02.535, ReplyFindNode, 928266d6-c2a2-450d-a16e-74319292ba40, ADC0E723DF6E376068DC6BEFDD59C00882974E21, 488D91B7237C9FDEC56C70D9374C721A2F230821
2025-07-21 11:57:06.849, Lookup, 611615a3-c006-4239-b1c6-5590bd15fc80, ADC0E723DF6E376068DC6BEFDD59C00882974E21, F5E658FF5E952099D2410CEA34A5555AB7485504
2025-07-21 11:57:06.894, ReplyLookup, 611615a3-c006-4239-b1c6-5590bd15fc80, 7BB3577E7F5595B494687818149EE168FEBC2C03,
2025-07-21 11:57:07.605, Lookup, df717bf9-03a2-4fe6-ab0d-c79fedcb00e6, 7BB3577E7F5595B494687818149EE168FEBC2C03, 37D50FCF19804A70BE2116E9CF46685C2802C790
2025-07-21 11:57:07.649, FindNode, 2bfbc0cc-ab48-415b-a625-c1683bfe74fa, ADC0E723DF6E376068DC6BEFDD59C00882974E21, 37D50FCF19804A70BE2116E9CF46685C2802C790
2025-07-21 11:57:07.649, ReplyFindNode, 2bfbc0cc-ab48-415b-a625-c1683bfe74fa, ADC0E723DF6E376068DC6BEFDD59C00882974E21, 7BB3577E7F5595B494687818149EE168FEBC2C03
2025-07-21 11:57:07.781, ReplyLookup, df717bf9-03a2-4fe6-ab0d-c79fedcb00e6, ADC0E723DF6E376068DC6BEFDD59C00882974E21,
2025-07-21 11:57:11.779, FindNode, c55d10ad-276a-4f7e-aabe-0a74c3cba4ee, 7BB3577E7F5595B494687818149EE168FEBC2C03, 7BB357BE7F5595B494687818149EE168FEBC2C03
2025-07-21 11:57:11.780, ReplyFindNode, c55d10ad-276a-4f7e-aabe-0a74c3cba4ee, 7BB3577E7F5595B494687818149EE168FEBC2C03, ADC0E723DF6E376068DC6BEFDD59C00882974E21
2025-07-21 11:57:14.536, FindNode, 9de61c3c-6c36-4c07-b0b3-203c0b8943ce, ADC0E723DF6E376068DC6BEFDD59C00882974E21, ADC0E763DF6E376068DC6BEFDD59C00882974E21
2025-07-21 11:57:14.536, ReplyFindNode, 9de61c3c-6c36-4c07-b0b3-203c0b8943ce, ADC0E723DF6E376068DC6BEFDD59C00882974E21, 7BB3577E7F5595B494687818149EE168FEBC2C03
2025-07-21 11:57:16.013, Lookup, 1008955a-5124-495f-aaa3-972b8fc776f5, ADC0E723DF6E376068DC6BEFDD59C00882974E21, 9BDC0DACD1F3417CC97F7EEAE0769EB69758FAD4
2025-07-21 11:57:16.057, FindNode, e6ee239e-9113-475b-8492-1bfee1a6c199, 7BB3577E7F5595B494687818149EE168FEBC2C03, 9BDC0DACD1F3417CC97F7EEAE0769EB69758FAD4
2025-07-21 11:57:16.057, ReplyFindNode, e6ee239e-9113-475b-8492-1bfee1a6c199, 7BB3577E7F5595B494687818149EE168FEBC2C03, ADC0E723DF6E376068DC6BEFDD59C00882974E21
2025-07-21 11:57:16.189, ReplyLookup, 1008955a-5124-495f-aaa3-972b8fc776f5, 7BB3577E7F5595B494687818149EE168FEBC2C03, 6F8CD3286789927BD4C1D0478A2E7C9425452A59
2025-07-21 11:57:16.448, Lookup, 41932595-829b-4549-bf7c-7cdad6206285, 7BB3577E7F5595B494687818149EE168FEBC2C03, B0097FF07623ED5B730FF757525C145E31266FE9
2025-07-21 11:57:16.493, FindNode, 3e1fadc1-3162-470d-8af2-4b88dd494933, ADC0E723DF6E376068DC6BEFDD59C00882974E21, B0097FF07623ED5B730FF757525C145E31266FE9
2025-07-21 11:57:16.493, ReplyFindNode, 3e1fadc1-3162-470d-8af2-4b88dd494933, ADC0E723DF6E376068DC6BEFDD59C00882974E21, 488D91B7237C9FDEC56C70D9374C721A2F230821
2025-07-21 11:57:16.581, ReplyLookup, 41932595-829b-4549-bf7c-7cdad6206285, ADC0E723DF6E376068DC6BEFDD59C00882974E21,
2025-07-21 11:57:21.850, Lookup, 3dad9c9f-0cad-4a44-a6d0-e5c244c3edf4, ADC0E723DF6E376068DC6BEFDD59C00882974E21, 9BDC0DACD1F3417CC97F7EEAE0769EB69758FAD4
2025-07-21 11:57:21.893, FindNode, 38e3d336-878f-4072-8741-e0e828d14462, 7BB3577E7F5595B494687818149EE168FEBC2C03, 9BDC0DACD1F3417CC97F7EEAE0769EB69758FAD4
2025-07-21 11:57:21.893, ReplyFindNode, 38e3d336-878f-4072-8741-e0e828d14462, 7BB3577E7F5595B494687818149EE168FEBC2C03, ADC0E723DF6E376068DC6BEFDD59C00882974E21
2025-07-21 11:57:22.025, ReplyLookup, 3dad9c9f-0cad-4a44-a6d0-e5c244c3edf4, 7BB3577E7F5595B494687818149EE168FEBC2C03, 6F8CD3286789927BD4C1D0478A2E7C9425452A59
2025-07-21 11:57:22.606, Lookup, 5b4246aa-0aa2-44a6-b24d-8948095fcf50, 7BB3577E7F5595B494687818149EE168FEBC2C03, C56628FB2747CE2E0CEDE7E6A9774A3AC78AC625
2025-07-21 11:57:22.649, FindNode, 0753042f-ae6e-4ab8-943e-7203db4e8730, ADC0E723DF6E376068DC6BEFDD59C00882974E21, C56628FB2747CE2E0CEDE7E6A9774A3AC78AC625
2025-07-21 11:57:22.649, ReplyFindNode, 0753042f-ae6e-4ab8-943e-7203db4e8730, ADC0E723DF6E376068DC6BEFDD59C00882974E21, 488D91B7237C9FDEC56C70D9374C721A2F230821
2025-07-21 11:57:22.737, ReplyLookup, 5b4246aa-0aa2-44a6-b24d-8948095fcf50, ADC0E723DF6E376068DC6BEFDD59C00882974E21,
2025-07-21 11:57:23.780, FindNode, 176761c2-c733-4246-aef3-7eac8f41061e, 7BB3577E7F5595B494687818149EE168FEBC2C03, 7BB3577E7F5595B494687C18149EE168FEBC2C03
2025-07-21 11:57:23.780, ReplyFindNode, 176761c2-c733-4246-aef3-7eac8f41061e, 7BB3577E7F5595B494687818149EE168FEBC2C03, ADC0E723DF6E376068DC6BEFDD59C00882974E21
2025-07-21 11:57:26.537, FindNode, 8ea6e7fb-861f-4d05-9949-8578807bc724, ADC0E723DF6E376068DC6BEFDD59C00882974E21, ADC0E7245F6E376068DC6BEFDD59C00882974E21
2025-07-21 11:57:26.537, ReplyFindNode, 8ea6e7fb-861f-4d05-9949-8578807bc724, ADC0E723DF6E376068DC6BEFDD59C00882974E21, 488D91B7237C9FDEC56C70D9374C721A2F230821
2025-07-21 11:57:31.014, Lookup, f69ebd07-e700-40b6-85f0-288f06b281fe, ADC0E723DF6E376068DC6BEFDD59C00882974E21, 4CCF6933EB529A47464DD9E5224728394224058B
2025-07-21 11:57:31.058, ReplyLookup, f69ebd07-e700-40b6-85f0-288f06b281fe, 7BB3577E7F5595B494687818149EE168FEBC2C03,
2025-07-21 11:57:31.448, Lookup, bdad3eee-075f-4cd5-92e0-97a7af6d3244, 7BB3577E7F5595B494687818149EE168FEBC2C03, 858F097B0451CF1D56F13568E3729ED4387F5743
2025-07-21 11:57:31.494, ReplyLookup, bdad3eee-075f-4cd5-92e0-97a7af6d3244, ADC0E723DF6E376068DC6BEFDD59C00882974E21, 43CD2911F75409D31767C6AF2BF526575A5D3C5E
2025-07-21 11:57:35.781, FindNode, dd78e9c3-f05c-4a07-af01-ea18ee6d41dd, 7BB3577E7F5595B494687818149EE168FEBC2C03, 7BB3577E805595B494687818149EE168FEBC2C03
2025-07-21 11:57:35.781, ReplyFindNode, dd78e9c3-f05c-4a07-af01-ea18ee6d41dd, 7BB3577E7F5595B494687818149EE168FEBC2C03, ADC0E723DF6E376068DC6BEFDD59C00882974E21
2025-07-21 11:57:36.850, Lookup, 15470877-30b2-44d6-8586-37c33b93d509, ADC0E723DF6E376068DC6BEFDD59C00882974E21, 8A8AC395C43863828DA6A46F963E1F78A030D24F
2025-07-21 11:57:36.893, FindNode, af657129-3d87-4111-810b-9c8566077402, 7BB3577E7F5595B494687818149EE168FEBC2C03, 8A8AC395C43863828DA6A46F963E1F78A030D24F
2025-07-21 11:57:36.893, ReplyFindNode, af657129-3d87-4111-810b-9c8566077402, 7BB3577E7F5595B494687818149EE168FEBC2C03, ADC0E723DF6E376068DC6BEFDD59C00882974E21
2025-07-21 11:57:37.005, ReplyLookup, 15470877-30b2-44d6-8586-37c33b93d509, 7BB3577E7F5595B494687818149EE168FEBC2C03,
2025-07-21 11:57:37.605, Lookup, c338e12e-0c16-4a76-baf9-7532cfafb9ba, 7BB3577E7F5595B494687818149EE168FEBC2C03, 858F097B0451CF1D56F13568E3729ED4387F5743
2025-07-21 11:57:37.651, ReplyLookup, c338e12e-0c16-4a76-baf9-7532cfafb9ba, ADC0E723DF6E376068DC6BEFDD59C00882974E21, 43CD2911F75409D31767C6AF2BF526575A5D3C5E
2025-07-21 11:57:38.538, FindNode, c9bab285-d301-4cde-b216-ac5bb0ca4154, ADC0E723DF6E376068DC6BEFDD59C00882974E21, ADC0E723DF6E376068DC7BEFDD59C00882974E21
2025-07-21 11:57:38.538, ReplyFindNode, c9bab285-d301-4cde-b216-ac5bb0ca4154, ADC0E723DF6E376068DC6BEFDD59C00882974E21, 7BB3577E7F5595B494687818149EE168FEBC2C03
2025-07-21 11:57:46.014, Lookup, e758cb7a-e44e-4adc-be00-0f569cc31585, ADC0E723DF6E376068DC6BEFDD59C00882974E21, C8B8B30DF9CCAF9240BC5E19F2C3A9263EB56B68
2025-07-21 11:57:46.448, Lookup, 2385542c-4228-4977-a227-2d3ad25b7844, 7BB3577E7F5595B494687818149EE168FEBC2C03, C5C27D6764A1B88EE308F9AAC7EF957A0CAA9AC9
2025-07-21 11:57:46.497, FindNode, 2f5896db-374c-43ef-b330-2e15dc58f308, ADC0E723DF6E376068DC6BEFDD59C00882974E21, C5C27D6764A1B88EE308F9AAC7EF957A0CAA9AC9
2025-07-21 11:57:46.497, ReplyFindNode, 2f5896db-374c-43ef-b330-2e15dc58f308, ADC0E723DF6E376068DC6BEFDD59C00882974E21, 488D91B7237C9FDEC56C70D9374C721A2F230821
2025-07-21 11:57:46.633, ReplyLookup, 2385542c-4228-4977-a227-2d3ad25b7844, ADC0E723DF6E376068DC6BEFDD59C00882974E21,
2025-07-21 11:57:47.782, FindNode, f0272746-9e0c-4b46-b920-6a8cbf118716, 7BB3577E7F5595B494687818149EE168FEBC2C03, 7BB3577E7F5597B494687818149EE168FEBC2C03
2025-07-21 11:57:47.782, ReplyFindNode, f0272746-9e0c-4b46-b920-6a8cbf118716, 7BB3577E7F5595B494687818149EE168FEBC2C03, ADC0E723DF6E376068DC6BEFDD59C00882974E21
2025-07-21 11:57:50.539, FindNode, 0de59be8-aef8-4e84-8380-d7bbd1304831, ADC0E723DF6E376068DC6BEFDD59C00882974E21, AEC0E723DF6E376068DC6BEFDD59C00882974E21
2025-07-21 11:57:50.541, ReplyFindNode, 0de59be8-aef8-4e84-8380-d7bbd1304831, ADC0E723DF6E376068DC6BEFDD59C00882974E21, 488D91B7237C9FDEC56C70D9374C721A2F230821
2025-07-21 11:57:51.419, ReplyLookup, e758cb7a-e44e-4adc-be00-0f569cc31585, 7BB3577E7F5595B494687818149EE168FEBC2C03, 1E9857830CC4CD5742B26F45710A8537190E914C
2025-07-21 11:57:51.851, Lookup, 3d7f5e32-ca8f-4399-aaae-efb7f5b12edd, ADC0E723DF6E376068DC6BEFDD59C00882974E21, 9BDC0DACD1F3417CC97F7EEAE0769EB69758FAD4
2025-07-21 11:57:51.893, FindNode, 7064d131-b76c-40e1-87db-0b5f87687f21, 7BB3577E7F5595B494687818149EE168FEBC2C03, 9BDC0DACD1F3417CC97F7EEAE0769EB69758FAD4
2025-07-21 11:57:51.893, ReplyFindNode, 7064d131-b76c-40e1-87db-0b5f87687f21, 7BB3577E7F5595B494687818149EE168FEBC2C03, ADC0E723DF6E376068DC6BEFDD59C00882974E21
2025-07-21 11:57:52.025, ReplyLookup, 3d7f5e32-ca8f-4399-aaae-efb7f5b12edd, 7BB3577E7F5595B494687818149EE168FEBC2C03, 6F8CD3286789927BD4C1D0478A2E7C9425452A59
2025-07-21 11:57:52.605, Lookup, 08fbba89-0021-4db1-aace-4964f137d700, 7BB3577E7F5595B494687818149EE168FEBC2C03, 37D50FCF19804A70BE2116E9CF46685C2802C790
2025-07-21 11:57:52.649, FindNode, 920ecd79-0f4e-45e8-8ba2-2a958c1d9f74, ADC0E723DF6E376068DC6BEFDD59C00882974E21, 37D50FCF19804A70BE2116E9CF46685C2802C790
2025-07-21 11:57:52.649, ReplyFindNode, 920ecd79-0f4e-45e8-8ba2-2a958c1d9f74, ADC0E723DF6E376068DC6BEFDD59C00882974E21, 7BB3577E7F5595B494687818149EE168FEBC2C03
2025-07-21 11:57:52.741, ReplyLookup, 08fbba89-0021-4db1-aace-4964f137d700, ADC0E723DF6E376068DC6BEFDD59C00882974E21,
2025-07-21 11:57:59.782, FindNode, ce202168-2dd7-4700-a254-12e209c3b0a2, 7BB3577E7F5595B494687818149EE168FEBC2C03, 7BB357FE7F5595B494687818149EE168FEBC2C03
2025-07-21 11:57:59.783, ReplyFindNode, ce202168-2dd7-4700-a254-12e209c3b0a2, 7BB3577E7F5595B494687818149EE168FEBC2C03, ADC0E723DF6E376068DC6BEFDD59C00882974E21
2025-07-21 11:58:01.014, Lookup, f3eac364-f408-428c-959f-3b373f073128, ADC0E723DF6E376068DC6BEFDD59C00882974E21, 9BDC0DACD1F3417CC97F7EEAE0769EB69758FAD4
2025-07-21 11:58:01.057, FindNode, da5810f1-2746-414b-9d80-883108c84ddf, 7BB3577E7F5595B494687818149EE168FEBC2C03, 9BDC0DACD1F3417CC97F7EEAE0769EB69758FAD4
2025-07-21 11:58:01.057, ReplyFindNode, da5810f1-2746-414b-9d80-883108c84ddf, 7BB3577E7F5595B494687818149EE168FEBC2C03, ADC0E723DF6E376068DC6BEFDD59C00882974E21
2025-07-21 11:58:01.189, ReplyLookup, f3eac364-f408-428c-959f-3b373f073128, 7BB3577E7F5595B494687818149EE168FEBC2C03, 6F8CD3286789927BD4C1D0478A2E7C9425452A59
2025-07-21 11:58:01.448, Lookup, 41ba25c7-6b3b-4867-b266-2ec36b917a20, 7BB3577E7F5595B494687818149EE168FEBC2C03, CE3F2F497EF5657EDA8D4E9F9D61E7535427D6FF
2025-07-21 11:58:01.493, FindNode, 7deb49a2-f1aa-4d81-9257-14758fdb31ca, ADC0E723DF6E376068DC6BEFDD59C00882974E21, CE3F2F497EF5657EDA8D4E9F9D61E7535427D6FF
2025-07-21 11:58:01.493, ReplyFindNode, 7deb49a2-f1aa-4d81-9257-14758fdb31ca, ADC0E723DF6E376068DC6BEFDD59C00882974E21, 7BB3577E7F5595B494687818149EE168FEBC2C03
2025-07-21 11:58:01.581, ReplyLookup, 41ba25c7-6b3b-4867-b266-2ec36b917a20, ADC0E723DF6E376068DC6BEFDD59C00882974E21,
2025-07-21 11:58:02.542, FindNode, 605e2b51-50b8-43af-b5a2-fc6837a9296e, ADC0E723DF6E376068DC6BEFDD59C00882974E21, ADC10723DF6E376068DC6BEFDD59C00882974E21
2025-07-21 11:58:02.542, ReplyFindNode, 605e2b51-50b8-43af-b5a2-fc6837a9296e, ADC0E723DF6E376068DC6BEFDD59C00882974E21, 7BB3577E7F5595B494687818149EE168FEBC2C03
2025-07-21 11:58:06.851, Lookup, 6064e2ff-4d00-4111-88e7-3b057d598167, ADC0E723DF6E376068DC6BEFDD59C00882974E21, BFC681A7C4C54A48ED74D176ECEDB35B1B46D0ED
2025-07-21 11:58:07.605, Lookup, ce401d0a-81a4-44c1-8ef7-9b47d23cbb61, 7BB3577E7F5595B494687818149EE168FEBC2C03, 858F097B0451CF1D56F13568E3729ED4387F5743
2025-07-21 11:58:07.650, ReplyLookup, ce401d0a-81a4-44c1-8ef7-9b47d23cbb61, ADC0E723DF6E376068DC6BEFDD59C00882974E21, 43CD2911F75409D31767C6AF2BF526575A5D3C5E
2025-07-21 11:58:11.783, FindNode, 62f274d3-2ed2-4c0e-ad60-f7971a059732, 7BB3577E7F5595B494687818149EE168FEBC2C03, 7BB35F7E7F5595B494687818149EE168FEBC2C03
2025-07-21 11:58:11.783, ReplyFindNode, 62f274d3-2ed2-4c0e-ad60-f7971a059732, 7BB3577E7F5595B494687818149EE168FEBC2C03, ADC0E723DF6E376068DC6BEFDD59C00882974E21
2025-07-21 11:58:14.543, FindNode, 78e2ffde-5f69-4bba-a565-3e70011f2a1b, ADC0E723DF6E376068DC6BEFDD59C00882974E21, ADC0E723DF6E376168DC6BEFDD59C00882974E21
2025-07-21 11:58:14.544, ReplyFindNode, 78e2ffde-5f69-4bba-a565-3e70011f2a1b, ADC0E723DF6E376068DC6BEFDD59C00882974E21, 488D91B7237C9FDEC56C70D9374C721A2F230821
2025-07-21 11:58:15.466, ReplyLookup, 6064e2ff-4d00-4111-88e7-3b057d598167, 7BB3577E7F5595B494687818149EE168FEBC2C03,
2025-07-21 11:58:16.014, Lookup, fe24250b-5987-41d2-a4d2-8ba22ad1427b, ADC0E723DF6E376068DC6BEFDD59C00882974E21, 9BDC0DACD1F3417CC97F7EEAE0769EB69758FAD4
2025-07-21 11:58:16.057, FindNode, d0c14541-0298-425a-bf6f-d77fad96b859, 7BB3577E7F5595B494687818149EE168FEBC2C03, 9BDC0DACD1F3417CC97F7EEAE0769EB69758FAD4
2025-07-21 11:58:16.057, ReplyFindNode, d0c14541-0298-425a-bf6f-d77fad96b859, 7BB3577E7F5595B494687818149EE168FEBC2C03, ADC0E723DF6E376068DC6BEFDD59C00882974E21
2025-07-21 11:58:16.149, ReplyLookup, fe24250b-5987-41d2-a4d2-8ba22ad1427b, 7BB3577E7F5595B494687818149EE168FEBC2C03, 6F8CD3286789927BD4C1D0478A2E7C9425452A59
2025-07-21 11:58:16.448, Lookup, 6a254bc0-3274-405e-bf04-fdd09a37dae2, 7BB3577E7F5595B494687818149EE168FEBC2C03, 858F097B0451CF1D56F13568E3729ED4387F5743
2025-07-21 11:58:16.494, ReplyLookup, 6a254bc0-3274-405e-bf04-fdd09a37dae2, ADC0E723DF6E376068DC6BEFDD59C00882974E21, 43CD2911F75409D31767C6AF2BF526575A5D3C5E
2025-07-21 11:58:17.684, EndReadOnlyRegimen
2025-07-21 11:58:23.784, FindNode, 6ddddb74-7d7d-4480-84a1-da1486f12abe, 7BB3577E7F5595B494687818149EE168FEBC2C03, 7BB357827F5595B494687818149EE168FEBC2C03
2025-07-21 11:58:23.784, ReplyFindNode, 6ddddb74-7d7d-4480-84a1-da1486f12abe, 7BB3577E7F5595B494687818149EE168FEBC2C03, ADC0E723DF6E376068DC6BEFDD59C00882974E21
2025-07-21 11:58:26.544, FindNode, 2224c4ae-8f16-4ff4-9365-a3a7d5ce89a1, ADC0E723DF6E376068DC6BEFDD59C00882974E21, ADC0E723DF6E376068DC6BEFDD59C008829F4E21
2025-07-21 11:58:26.545, ReplyFindNode, 2224c4ae-8f16-4ff4-9365-a3a7d5ce89a1, ADC0E723DF6E376068DC6BEFDD59C00882974E21, 7BB3577E7F5595B494687818149EE168FEBC2C03
2025-07-21 11:58:35.785, FindNode, e3d9d8f6-3222-4dc9-a6be-fbde1c8f2c41, 7BB3577E7F5595B494687818149EE168FEBC2C03, 7BB3577E7F5595B494687818149EE168FEBC3403
2025-07-21 11:58:35.785, ReplyFindNode, e3d9d8f6-3222-4dc9-a6be-fbde1c8f2c41, 7BB3577E7F5595B494687818149EE168FEBC2C03, ADC0E723DF6E376068DC6BEFDD59C00882974E21
2025-07-21 11:58:38.545, FindNode, 3410d6db-8207-4024-82f0-1eacd5bfc6e1, ADC0E723DF6E376068DC6BEFDD59C00882974E21, ADC0E723DF6E376068DC6BEFDD59C00882974E25
2025-07-21 11:58:38.546, ReplyFindNode, 3410d6db-8207-4024-82f0-1eacd5bfc6e1, ADC0E723DF6E376068DC6BEFDD59C00882974E21, 488D91B7237C9FDEC56C70D9374C721A2F230821
2025-07-21 11:58:47.785, FindNode, c8bed3bc-95c8-4b3e-9661-3cb0b6b881f0, 7BB3577E7F5595B494687818149EE168FEBC2C03, 7BB3577E7F5595B494687818149EE168FEBC2C23
2025-07-21 11:58:47.786, ReplyFindNode, c8bed3bc-95c8-4b3e-9661-3cb0b6b881f0, 7BB3577E7F5595B494687818149EE168FEBC2C03, ADC0E723DF6E376068DC6BEFDD59C00882974E21
2025-07-21 11:58:50.546, FindNode, 0475422a-2c96-4dae-8549-957c7324db9b, ADC0E723DF6E376068DC6BEFDD59C00882974E21, ADC0E723DF6E376068DC6CEFDD59C00882974E21
2025-07-21 11:58:50.546, ReplyFindNode, 0475422a-2c96-4dae-8549-957c7324db9b, ADC0E723DF6E376068DC6BEFDD59C00882974E21, 7BB3577E7F5595B494687818149EE168FEBC2C03
2025-07-21 11:58:59.786, FindNode, 6175d177-b532-42d4-95b4-3a7a73b894a8, 7BB3577E7F5595B494687818149EE168FEBC2C03, 7BB3577E7F5595B4946C7818149EE168FEBC2C03
2025-07-21 11:58:59.787, ReplyFindNode, 6175d177-b532-42d4-95b4-3a7a73b894a8, 7BB3577E7F5595B494687818149EE168FEBC2C03, ADC0E723DF6E376068DC6BEFDD59C00882974E21
2025-07-21 11:59:02.547, FindNode, edd4feb8-7197-492b-8a26-3660f7662e22, ADC0E723DF6E376068DC6BEFDD59C00882974E21, ADD0E723DF6E376068DC6BEFDD59C00882974E21
2025-07-21 11:59:02.547, ReplyFindNode, edd4feb8-7197-492b-8a26-3660f7662e22, ADC0E723DF6E376068DC6BEFDD59C00882974E21, 488D91B7237C9FDEC56C70D9374C721A2F230821
2025-07-21 11:59:11.787, FindNode, ba2a5816-be8b-4666-ac3f-c74e8f9c87ee, 7BB3577E7F5595B494687818149EE168FEBC2C03, 7BB3577E7F55963494687818149EE168FEBC2C03
2025-07-21 11:59:11.787, ReplyFindNode, ba2a5816-be8b-4666-ac3f-c74e8f9c87ee, 7BB3577E7F5595B494687818149EE168FEBC2C03, ADC0E723DF6E376068DC6BEFDD59C00882974E21
2025-07-21 11:59:14.548, FindNode, dff17fe0-b737-4cfb-a691-34e3db28ea8d, ADC0E723DF6E376068DC6BEFDD59C00882974E21, ADC0E723DF6E376068DC73EFDD59C00882974E21
2025-07-21 11:59:14.548, ReplyFindNode, dff17fe0-b737-4cfb-a691-34e3db28ea8d, ADC0E723DF6E376068DC6BEFDD59C00882974E21, 7BB3577E7F5595B494687818149EE168FEBC2C03
2025-07-21 11:59:18.198, EndStableRegimen
2025-07-21 11:59:18.604, Leave, 8aef62bd-9f01-44ff-83dd-ff8d2093872d, ADC0E723DF6E376068DC6BEFDD59C00882974E21
2025-07-21 11:59:18.641, ReplyLeave, 8aef62bd-9f01-44ff-83dd-ff8d2093872d
2025-07-21 11:59:18.642, EndMember, ADC0E723DF6E376068DC6BEFDD59C00882974E21
2025-07-21 11:59:23.788, FindNode, 97469a82-4543-437b-aed6-c6dd7daac1aa, 7BB3577E7F5595B494687818149EE168FEBC2C03, 7BB3577E7F5595B498687818149EE168FEBC2C03
2025-07-21 11:59:23.788, ReplyFindNode, 97469a82-4543-437b-aed6-c6dd7daac1aa, 7BB3577E7F5595B494687818149EE168FEBC2C03, 488D91B7237C9FDEC56C70D9374C721A2F230821
2025-07-21 11:59:35.789, FindNode, b35e10d3-6368-4864-8ebb-50392ad991a1, 7BB3577E7F5595B494687818149EE168FEBC2C03, 7BB3577E7F6595B494687818149EE168FEBC2C03
2025-07-21 11:59:35.789, ReplyFindNode, b35e10d3-6368-4864-8ebb-50392ad991a1, 7BB3577E7F5595B494687818149EE168FEBC2C03, 7BB3577E7F5595B494687818149EE168FEBC2C03
2025-07-21 11:59:47.789, FindNode, b12b4b2c-7264-4a5f-9e14-f195bb8bf859, 7BB3577E7F5595B494687818149EE168FEBC2C03, 7BB3577E7F5595B494687818149EE568FEBC2C03
2025-07-21 11:59:47.790, ReplyFindNode, b12b4b2c-7264-4a5f-9e14-f195bb8bf859, 7BB3577E7F5595B494687818149EE168FEBC2C03, 7BB3577E7F5595B494687818149EE168FEBC2C03
2025-07-21 11:59:49.158, Leave, a8a1c198-c8c9-41f8-84ba-a733d1ec2af1, 7BB3577E7F5595B494687818149EE168FEBC2C03
2025-07-21 11:59:49.159, ReplyLeave, a8a1c198-c8c9-41f8-84ba-a733d1ec2af1
2025-07-21 11:59:49.160, EndMember, 7BB3577E7F5595B494687818149EE168FEBC2C03
