2025-07-15 17:10:46.946, FindNode, c80b34f8-d90b-45dd-b5cb-4bbf1707a95e, 7BB3577E7F5595B494687818149EE168FEBC2C03, 7BB3577E7F5595B49468781814AEE168FEBC2C03
2025-07-15 17:10:46.955, ReplyFindNode, c80b34f8-d90b-45dd-b5cb-4bbf1707a95e, 7BB3577E7F5595B494687818149EE168FEBC2C03, 7BB3577E7F5595B494687818149EE168FEBC2C03
2025-07-15 17:10:58.956, FindNode, 7c9a4aff-cdae-436b-b583-e70c90191b1b, 7BB3577E7F5595B494687818149EE168FEBC2C03, 7BB3577E7F5595B498687818149EE168FEBC2C03
2025-07-15 17:10:58.957, ReplyFindNode, 7c9a4aff-cdae-436b-b583-e70c90191b1b, 7BB3577E7F5595B494687818149EE168FEBC2C03, 7BB3577E7F5595B494687818149EE168FEBC2C03
2025-07-15 17:11:10.957, FindNode, e513b282-e37c-4b02-a1ba-9f594409971d, 7BB3577E7F5595B494687818149EE168FEBC2C03, 7BB3577E7F5597B494687818149EE168FEBC2C03
2025-07-15 17:11:10.958, ReplyFindNode, e513b282-e37c-4b02-a1ba-9f594409971d, 7BB3577E7F5595B494687818149EE168FEBC2C03, 7BB3577E7F5595B494687818149EE168FEBC2C03
2025-07-15 17:11:17.977, Join, c3c360cd-00bd-4328-87e9-c6d3e2cb8fc4, 488D91B7237C9FDEC56C70D9374C721A2F230821
2025-07-15 17:11:18.539, FindNode, c6f6fe44-045f-4752-9f01-f691e2bedce7, 7BB3577E7F5595B494687818149EE168FEBC2C03, 488D91B7237C9FDEC56C70D9374C721A2F230821
2025-07-15 17:11:18.540, ReplyFindNode, c6f6fe44-045f-4752-9f01-f691e2bedce7, 7BB3577E7F5595B494687818149EE168FEBC2C03, 7BB3577E7F5595B494687818149EE168FEBC2C03
2025-07-15 17:11:18.940, FindNode, 71da08b3-89a3-43f5-ae7b-8b7aade0a87e, 488D91B7237C9FDEC56C70D9374C721A2F230821, 488D91B7237C9FDEC56C70D9374C721A30230821
2025-07-15 17:11:18.941, ReplyJoin, c3c360cd-00bd-4328-87e9-c6d3e2cb8fc4
2025-07-15 17:11:18.949, ReplyFindNode, 71da08b3-89a3-43f5-ae7b-8b7aade0a87e, 488D91B7237C9FDEC56C70D9374C721A2F230821, 7BB3577E7F5595B494687818149EE168FEBC2C03
2025-07-15 17:11:22.958, FindNode, 88a4d470-b2f9-4aff-95f5-1eb733a37d81, 7BB3577E7F5595B494687818149EE168FEBC2C03, 7BB3577E7F5595B494687818159EE168FEBC2C03
2025-07-15 17:11:22.959, ReplyFindNode, 88a4d470-b2f9-4aff-95f5-1eb733a37d81, 7BB3577E7F5595B494687818149EE168FEBC2C03, 488D91B7237C9FDEC56C70D9374C721A2F230821
2025-07-15 17:11:30.950, FindNode, 243b652f-7c38-41e4-9cc0-9de1a1d53579, 488D91B7237C9FDEC56C70D9374C721A2F230821, 488D91B7237C9FDEC56C70E1374C721A2F230821
2025-07-15 17:11:30.951, ReplyFindNode, 243b652f-7c38-41e4-9cc0-9de1a1d53579, 488D91B7237C9FDEC56C70D9374C721A2F230821, 7BB3577E7F5595B494687818149EE168FEBC2C03
2025-07-15 17:11:34.959, FindNode, 7c5d9123-c0c6-43b0-9efd-262e99d16611, 7BB3577E7F5595B494687818149EE168FEBC2C03, 7BB3577E7F5595B494687819149EE168FEBC2C03
2025-07-15 17:11:34.959, ReplyFindNode, 7c5d9123-c0c6-43b0-9efd-262e99d16611, 7BB3577E7F5595B494687818149EE168FEBC2C03, 488D91B7237C9FDEC56C70D9374C721A2F230821
2025-07-15 17:11:42.951, FindNode, 37258450-f61d-4947-a6a8-0842b631208e, 488D91B7237C9FDEC56C70D9374C721A2F230821, 488D91B7237C9FDEC56C70D9374C721A30230821
2025-07-15 17:11:42.952, ReplyFindNode, 37258450-f61d-4947-a6a8-0842b631208e, 488D91B7237C9FDEC56C70D9374C721A2F230821, 7BB3577E7F5595B494687818149EE168FEBC2C03
2025-07-15 17:11:46.960, FindNode, 30578bd2-f2fd-4f13-827e-57b05beba43b, 7BB3577E7F5595B494687818149EE168FEBC2C03, 7BB3577E7F55963494687818149EE168FEBC2C03
2025-07-15 17:11:46.960, ReplyFindNode, 30578bd2-f2fd-4f13-827e-57b05beba43b, 7BB3577E7F5595B494687818149EE168FEBC2C03, 488D91B7237C9FDEC56C70D9374C721A2F230821
2025-07-15 17:11:49.159, Join, ccf03dbe-999d-458f-adf7-618857abd72d, ADC0E723DF6E376068DC6BEFDD59C00882974E21
2025-07-15 17:11:49.637, FindNode, 8273b434-f0ba-40f9-bbb3-080d6297dffc, 7BB3577E7F5595B494687818149EE168FEBC2C03, ADC0E723DF6E376068DC6BEFDD59C00882974E21
2025-07-15 17:11:49.637, ReplyFindNode, 8273b434-f0ba-40f9-bbb3-080d6297dffc, 7BB3577E7F5595B494687818149EE168FEBC2C03, 488D91B7237C9FDEC56C70D9374C721A2F230821
2025-07-15 17:11:50.431, FindNode, 043ee6d7-7729-4167-a69c-917a0ace0ef3, ADC0E723DF6E376068DC6BEFDD59C00882974E21, CDC0E723DF6E376068DC6BEFDD59C00882974E21
2025-07-15 17:11:50.433, ReplyJoin, ccf03dbe-999d-458f-adf7-618857abd72d
2025-07-15 17:11:50.441, ReplyFindNode, 043ee6d7-7729-4167-a69c-917a0ace0ef3, ADC0E723DF6E376068DC6BEFDD59C00882974E21, 488D91B7237C9FDEC56C70D9374C721A2F230821
2025-07-15 17:11:54.952, FindNode, a3ac47ff-4d80-4dc8-81c3-1691dc2c00c6, 488D91B7237C9FDEC56C70D9374C721A2F230821, 488D91B7237C9FDEC56C70D9374C721A4F230821
2025-07-15 17:11:54.953, ReplyFindNode, a3ac47ff-4d80-4dc8-81c3-1691dc2c00c6, 488D91B7237C9FDEC56C70D9374C721A2F230821, 7BB3577E7F5595B494687818149EE168FEBC2C03
2025-07-15 17:11:58.961, FindNode, 0e7c303d-f862-4ab4-b044-856c4d3f885c, 7BB3577E7F5595B494687818149EE168FEBC2C03, 7BB3577E7F5595B49468781A149EE168FEBC2C03
2025-07-15 17:11:58.961, ReplyFindNode, 0e7c303d-f862-4ab4-b044-856c4d3f885c, 7BB3577E7F5595B494687818149EE168FEBC2C03, ADC0E723DF6E376068DC6BEFDD59C00882974E21
2025-07-15 17:12:02.442, FindNode, b0eaa67a-15a4-44b8-a46c-714945a17a2b, ADC0E723DF6E376068DC6BEFDD59C00882974E21, ADC0E723DF6E386068DC6BEFDD59C00882974E21
2025-07-15 17:12:02.442, ReplyFindNode, b0eaa67a-15a4-44b8-a46c-714945a17a2b, ADC0E723DF6E376068DC6BEFDD59C00882974E21, 488D91B7237C9FDEC56C70D9374C721A2F230821
2025-07-15 17:12:06.953, FindNode, cf87b8e3-993d-4147-8940-3c6b4c6ff4b0, 488D91B7237C9FDEC56C70D9374C721A2F230821, 488D91B7237CA1DEC56C70D9374C721A2F230821
2025-07-15 17:12:06.954, ReplyFindNode, cf87b8e3-993d-4147-8940-3c6b4c6ff4b0, 488D91B7237C9FDEC56C70D9374C721A2F230821, 7BB3577E7F5595B494687818149EE168FEBC2C03
2025-07-15 17:12:10.962, FindNode, e4ad645b-5ab7-486e-a060-5e1f75efcf91, 7BB3577E7F5595B494687818149EE168FEBC2C03, 7BB3577E7F5995B494687818149EE168FEBC2C03
2025-07-15 17:12:10.962, ReplyFindNode, e4ad645b-5ab7-486e-a060-5e1f75efcf91, 7BB3577E7F5595B494687818149EE168FEBC2C03, ADC0E723DF6E376068DC6BEFDD59C00882974E21
2025-07-15 17:12:14.443, FindNode, 832369c9-2243-4f6a-a246-c29be512fc56, ADC0E723DF6E376068DC6BEFDD59C00882974E21, ADC0E723DF6E376068DC6BEFDD59C00882994E21
2025-07-15 17:12:14.443, ReplyFindNode, 832369c9-2243-4f6a-a246-c29be512fc56, ADC0E723DF6E376068DC6BEFDD59C00882974E21, 488D91B7237C9FDEC56C70D9374C721A2F230821
2025-07-15 17:12:18.954, FindNode, e7af7aab-5b35-4579-83de-7ecb9502c893, 488D91B7237C9FDEC56C70D9374C721A2F230821, 490D91B7237C9FDEC56C70D9374C721A2F230821
2025-07-15 17:12:18.955, ReplyFindNode, e7af7aab-5b35-4579-83de-7ecb9502c893, 488D91B7237C9FDEC56C70D9374C721A2F230821, 7BB3577E7F5595B494687818149EE168FEBC2C03
2025-07-15 17:12:20.084, StartStableRegimen
2025-07-15 17:12:22.962, FindNode, 0e2fb2a0-c161-4842-a0e3-31368c6f6767, 7BB3577E7F5595B494687818149EE168FEBC2C03, 7BB3577E7F5595B494687818149EE1697EBC2C03
2025-07-15 17:12:22.963, ReplyFindNode, 0e2fb2a0-c161-4842-a0e3-31368c6f6767, 7BB3577E7F5595B494687818149EE168FEBC2C03, ADC0E723DF6E376068DC6BEFDD59C00882974E21
2025-07-15 17:12:26.443, FindNode, e53c9824-619b-4f4c-b753-3a507b485043, ADC0E723DF6E376068DC6BEFDD59C00882974E21, ADC0E723DF6E376068DC6C0FDD59C00882974E21
2025-07-15 17:12:26.444, ReplyFindNode, e53c9824-619b-4f4c-b753-3a507b485043, ADC0E723DF6E376068DC6BEFDD59C00882974E21, 488D91B7237C9FDEC56C70D9374C721A2F230821
2025-07-15 17:12:30.955, FindNode, e096b427-ec64-42cb-a8d6-2595dae25695, 488D91B7237C9FDEC56C70D9374C721A2F230821, 488D91B7237C9FDEC56C7159374C721A2F230821
2025-07-15 17:12:30.956, ReplyFindNode, e096b427-ec64-42cb-a8d6-2595dae25695, 488D91B7237C9FDEC56C70D9374C721A2F230821, 7BB3577E7F5595B494687818149EE168FEBC2C03
2025-07-15 17:12:34.963, FindNode, d6a5a027-69a0-4ad0-a0be-cc7682d3a357, 7BB3577E7F5595B494687818149EE168FEBC2C03, 7BB3577E7F5595B494687818249EE168FEBC2C03
2025-07-15 17:12:34.964, ReplyFindNode, d6a5a027-69a0-4ad0-a0be-cc7682d3a357, 7BB3577E7F5595B494687818149EE168FEBC2C03, ADC0E723DF6E376068DC6BEFDD59C00882974E21
2025-07-15 17:12:38.445, FindNode, c79dc068-db61-49b0-bf0c-fce221f305db, ADC0E723DF6E376068DC6BEFDD59C00882974E21, ADC0E723DF6E376068DC6BEFDD59D00882974E21
2025-07-15 17:12:38.445, ReplyFindNode, c79dc068-db61-49b0-bf0c-fce221f305db, ADC0E723DF6E376068DC6BEFDD59C00882974E21, 488D91B7237C9FDEC56C70D9374C721A2F230821
2025-07-15 17:12:42.956, FindNode, 52f4d21b-de4f-4dc6-bb2a-63edf612fc8a, 488D91B7237C9FDEC56C70D9374C721A2F230821, 488D91B7237C9FDEC56C70F9374C721A2F230821
2025-07-15 17:12:42.957, ReplyFindNode, 52f4d21b-de4f-4dc6-bb2a-63edf612fc8a, 488D91B7237C9FDEC56C70D9374C721A2F230821, 7BB3577E7F5595B494687818149EE168FEBC2C03
2025-07-15 17:12:46.964, FindNode, 44ef9961-30cd-4d19-b470-d06ad514e315, 7BB3577E7F5595B494687818149EE168FEBC2C03, 7BB3577E7F5595B494687818149EE1691EBC2C03
2025-07-15 17:12:46.965, ReplyFindNode, 44ef9961-30cd-4d19-b470-d06ad514e315, 7BB3577E7F5595B494687818149EE168FEBC2C03, ADC0E723DF6E376068DC6BEFDD59C00882974E21
2025-07-15 17:12:50.446, FindNode, c2e7a017-420f-43bf-a34c-8b5ed186c8b6, ADC0E723DF6E376068DC6BEFDD59C00882974E21, ADC0E7241F6E376068DC6BEFDD59C00882974E21
2025-07-15 17:12:50.446, ReplyFindNode, c2e7a017-420f-43bf-a34c-8b5ed186c8b6, ADC0E723DF6E376068DC6BEFDD59C00882974E21, 488D91B7237C9FDEC56C70D9374C721A2F230821
2025-07-15 17:12:54.957, FindNode, be176912-65ab-49ac-b234-17421551bf11, 488D91B7237C9FDEC56C70D9374C721A2F230821, 488D91B7237C9FDEC56C70D9374C721A3F230821
2025-07-15 17:12:54.957, ReplyFindNode, be176912-65ab-49ac-b234-17421551bf11, 488D91B7237C9FDEC56C70D9374C721A2F230821, 7BB3577E7F5595B494687818149EE168FEBC2C03
2025-07-15 17:12:58.965, FindNode, 0f074ef6-58e4-4c27-8b8b-ca35074fa76e, 7BB3577E7F5595B494687818149EE168FEBC2C03, 7BB3577E7F5595B494687818149EE968FEBC2C03
2025-07-15 17:12:58.966, ReplyFindNode, 0f074ef6-58e4-4c27-8b8b-ca35074fa76e, 7BB3577E7F5595B494687818149EE168FEBC2C03, ADC0E723DF6E376068DC6BEFDD59C00882974E21
2025-07-15 17:13:02.447, FindNode, f973f2ef-0cf2-4e66-8031-1b5131172407, ADC0E723DF6E376068DC6BEFDD59C00882974E21, ADC0E723DF6E376868DC6BEFDD59C00882974E21
2025-07-15 17:13:02.447, ReplyFindNode, f973f2ef-0cf2-4e66-8031-1b5131172407, ADC0E723DF6E376068DC6BEFDD59C00882974E21, 488D91B7237C9FDEC56C70D9374C721A2F230821
2025-07-15 17:13:06.958, FindNode, 163ae6f8-7261-44d2-afe0-1b54d96af00e, 488D91B7237C9FDEC56C70D9374C721A2F230821, 688D91B7237C9FDEC56C70D9374C721A2F230821
2025-07-15 17:13:06.958, ReplyFindNode, 163ae6f8-7261-44d2-afe0-1b54d96af00e, 488D91B7237C9FDEC56C70D9374C721A2F230821, 7BB3577E7F5595B494687818149EE168FEBC2C03
2025-07-15 17:13:10.966, FindNode, 19de0323-d8f9-4287-8957-37e798104a13, 7BB3577E7F5595B494687818149EE168FEBC2C03, 7BB3577E7F5595B494687818149EE368FEBC2C03
2025-07-15 17:13:10.966, ReplyFindNode, 19de0323-d8f9-4287-8957-37e798104a13, 7BB3577E7F5595B494687818149EE168FEBC2C03, ADC0E723DF6E376068DC6BEFDD59C00882974E21
2025-07-15 17:13:14.447, FindNode, 571a13c2-6ee0-4bf2-b24d-a3ffe6ec3d03, ADC0E723DF6E376068DC6BEFDD59C00882974E21, ADC0E723DF6E376068DC6BEFDD59C00882974EA1
2025-07-15 17:13:14.448, ReplyFindNode, 571a13c2-6ee0-4bf2-b24d-a3ffe6ec3d03, ADC0E723DF6E376068DC6BEFDD59C00882974E21, 488D91B7237C9FDEC56C70D9374C721A2F230821
2025-07-15 17:13:18.959, FindNode, e78a6e4a-1a87-4c62-b2e6-2878b1be2738, 488D91B7237C9FDEC56C70D9374C721A2F230821, 488D91B7237CA1DEC56C70D9374C721A2F230821
2025-07-15 17:13:18.959, ReplyFindNode, e78a6e4a-1a87-4c62-b2e6-2878b1be2738, 488D91B7237C9FDEC56C70D9374C721A2F230821, 7BB3577E7F5595B494687818149EE168FEBC2C03
2025-07-15 17:13:20.773, StartReadWriteRegimen
2025-07-15 17:13:21.278, Lookup, 3117c214-080e-4d62-a30d-5d06750d21ff, ADC0E723DF6E376068DC6BEFDD59C00882974E21, 623451B1C32F4EAF28A948346B38E0C435C9B941
2025-07-15 17:13:21.321, FindNode, 990e34e9-3611-4cb4-88bc-95ca1af47953, 488D91B7237C9FDEC56C70D9374C721A2F230821, 623451B1C32F4EAF28A948346B38E0C435C9B941
2025-07-15 17:13:21.322, ReplyFindNode, 990e34e9-3611-4cb4-88bc-95ca1af47953, 488D91B7237C9FDEC56C70D9374C721A2F230821, 7BB3577E7F5595B494687818149EE168FEBC2C03
2025-07-15 17:13:21.529, ReplyLookup, 3117c214-080e-4d62-a30d-5d06750d21ff, 488D91B7237C9FDEC56C70D9374C721A2F230821,
2025-07-15 17:13:21.778, Lookup, 64e57fa5-9c1c-45b6-8692-edc6e0ed341e, 488D91B7237C9FDEC56C70D9374C721A2F230821, CBA409FE9BE57AC094BAA16FFE3B518CA8EAB1AD
2025-07-15 17:13:21.781, FindNode, fde9e003-641d-4187-8336-2b13a721f493, ADC0E723DF6E376068DC6BEFDD59C00882974E21, CBA409FE9BE57AC094BAA16FFE3B518CA8EAB1AD
2025-07-15 17:13:21.782, ReplyFindNode, fde9e003-641d-4187-8336-2b13a721f493, ADC0E723DF6E376068DC6BEFDD59C00882974E21, 488D91B7237C9FDEC56C70D9374C721A2F230821
2025-07-15 17:13:21.994, ReplyLookup, 64e57fa5-9c1c-45b6-8692-edc6e0ed341e, ADC0E723DF6E376068DC6BEFDD59C00882974E21,
2025-07-15 17:13:22.276, Store, 9e0a6ea9-3878-4568-80bb-ce4780a3f0cc, 7BB3577E7F5595B494687818149EE168FEBC2C03, 8C1E5403FD8A45BBECB50ED48E66CE309B51C285, 44E65DC814999576EFB356FC593C6BA788A52070
2025-07-15 17:13:22.337, ReplyStore, 9e0a6ea9-3878-4568-80bb-ce4780a3f0cc, ADC0E723DF6E376068DC6BEFDD59C00882974E21
2025-07-15 17:13:22.967, FindNode, c82f2cc9-ebd1-4536-a467-b1ceb0dcb40c, 7BB3577E7F5595B494687818149EE168FEBC2C03, 7BB3577E7F5595B494687818149EE16AFEBC2C03
2025-07-15 17:13:22.967, ReplyFindNode, c82f2cc9-ebd1-4536-a467-b1ceb0dcb40c, 7BB3577E7F5595B494687818149EE168FEBC2C03, ADC0E723DF6E376068DC6BEFDD59C00882974E21
2025-07-15 17:13:26.449, FindNode, 3245a245-920c-48bf-a278-e5bba4923159, ADC0E723DF6E376068DC6BEFDD59C00882974E21, ADC0E723DF6E376068DC6BEFDD59C00892974E21
2025-07-15 17:13:26.449, ReplyFindNode, 3245a245-920c-48bf-a278-e5bba4923159, ADC0E723DF6E376068DC6BEFDD59C00882974E21, 488D91B7237C9FDEC56C70D9374C721A2F230821
2025-07-15 17:13:30.960, FindNode, fad81872-6e6f-4c29-8158-65edf7241791, 488D91B7237C9FDEC56C70D9374C721A2F230821, 488D91B723809FDEC56C70D9374C721A2F230821
2025-07-15 17:13:30.960, ReplyFindNode, fad81872-6e6f-4c29-8158-65edf7241791, 488D91B7237C9FDEC56C70D9374C721A2F230821, 7BB3577E7F5595B494687818149EE168FEBC2C03
2025-07-15 17:13:34.968, FindNode, 169b5bf9-596a-4d4b-98d2-7109952e79a9, 7BB3577E7F5595B494687818149EE168FEBC2C03, 7BB3577E7F5595B494687818149EE168FEBD2C03
2025-07-15 17:13:34.968, ReplyFindNode, 169b5bf9-596a-4d4b-98d2-7109952e79a9, 7BB3577E7F5595B494687818149EE168FEBC2C03, ADC0E723DF6E376068DC6BEFDD59C00882974E21
2025-07-15 17:13:36.278, Store, 03746185-a5bd-44d6-9fa0-618fc2e262b9, ADC0E723DF6E376068DC6BEFDD59C00882974E21, E9C37BEEF51AAC584CB600E7D83DC7410DC57FBC, 7A320980AE11BB283ACC7735052FFFA99DD52EB4
2025-07-15 17:13:36.333, ReplyStore, 03746185-a5bd-44d6-9fa0-618fc2e262b9, 488D91B7237C9FDEC56C70D9374C721A2F230821
2025-07-15 17:13:36.777, Lookup, 77220fa5-1dc7-4903-aed7-ca53f8985c0c, 488D91B7237C9FDEC56C70D9374C721A2F230821, 084C92B05146C206856D5BD6B710423B147C02BE
2025-07-15 17:13:36.821, FindNode, 487eaf25-4f27-4d7c-8f12-3bdced0b1913, ADC0E723DF6E376068DC6BEFDD59C00882974E21, 084C92B05146C206856D5BD6B710423B147C02BE
2025-07-15 17:13:36.821, ReplyFindNode, 487eaf25-4f27-4d7c-8f12-3bdced0b1913, ADC0E723DF6E376068DC6BEFDD59C00882974E21, 488D91B7237C9FDEC56C70D9374C721A2F230821
2025-07-15 17:13:36.996, ReplyLookup, 77220fa5-1dc7-4903-aed7-ca53f8985c0c, ADC0E723DF6E376068DC6BEFDD59C00882974E21,
2025-07-15 17:13:37.274, Store, 870bfc88-0f44-4556-a632-0cfbdd442f9b, 7BB3577E7F5595B494687818149EE168FEBC2C03, 6482183064C6312DE3FC14FE912062CC67103876, 211E69D0731F68DE798C256BE7F9304533D57B87
2025-07-15 17:13:37.317, FindNode, 8dbcc66a-6d46-4843-9428-ea879e471f05, 488D91B7237C9FDEC56C70D9374C721A2F230821, 6482183064C6312DE3FC14FE912062CC67103876
2025-07-15 17:13:37.317, ReplyFindNode, 8dbcc66a-6d46-4843-9428-ea879e471f05, 488D91B7237C9FDEC56C70D9374C721A2F230821, 7BB3577E7F5595B494687818149EE168FEBC2C03
2025-07-15 17:13:37.329, ReplyStore, 870bfc88-0f44-4556-a632-0cfbdd442f9b, 488D91B7237C9FDEC56C70D9374C721A2F230821
2025-07-15 17:13:38.449, FindNode, b8d316f8-63e3-4166-a5a8-0ca2438d29be, ADC0E723DF6E376068DC6BEFDD59C00882974E21, ADC0E723DF6E376068E06BEFDD59C00882974E21
2025-07-15 17:13:38.450, ReplyFindNode, b8d316f8-63e3-4166-a5a8-0ca2438d29be, ADC0E723DF6E376068DC6BEFDD59C00882974E21, 488D91B7237C9FDEC56C70D9374C721A2F230821
2025-07-15 17:13:42.960, FindNode, 3afb5728-efa6-4f58-9cff-a1c6b3f83c24, 488D91B7237C9FDEC56C70D9374C721A2F230821, 488D95B7237C9FDEC56C70D9374C721A2F230821
2025-07-15 17:13:42.961, ReplyFindNode, 3afb5728-efa6-4f58-9cff-a1c6b3f83c24, 488D91B7237C9FDEC56C70D9374C721A2F230821, 7BB3577E7F5595B494687818149EE168FEBC2C03
2025-07-15 17:13:46.969, FindNode, f86f0812-fca7-448a-8e82-d98513da9491, 7BB3577E7F5595B494687818149EE168FEBC2C03, 7BB3577EBF5595B494687818149EE168FEBC2C03
2025-07-15 17:13:46.969, ReplyFindNode, f86f0812-fca7-448a-8e82-d98513da9491, 7BB3577E7F5595B494687818149EE168FEBC2C03, ADC0E723DF6E376068DC6BEFDD59C00882974E21
2025-07-15 17:13:50.450, FindNode, 7cd4ce96-f610-41f6-8eb4-0ed893c73336, ADC0E723DF6E376068DC6BEFDD59C00882974E21, ADC0E723DF6E376068DC6BEFDD59C00882974E22
2025-07-15 17:13:50.451, ReplyFindNode, 7cd4ce96-f610-41f6-8eb4-0ed893c73336, ADC0E723DF6E376068DC6BEFDD59C00882974E21, 488D91B7237C9FDEC56C70D9374C721A2F230821
2025-07-15 17:13:51.279, Remove, b900f0aa-ee5c-4bd5-aa47-bcbd19ca04e9, ADC0E723DF6E376068DC6BEFDD59C00882974E21, E9C37BEEF51AAC584CB600E7D83DC7410DC57FBC, 7A320980AE11BB283ACC7735052FFFA99DD52EB4
2025-07-15 17:13:51.329, ReplyRemove, b900f0aa-ee5c-4bd5-aa47-bcbd19ca04e9, 488D91B7237C9FDEC56C70D9374C721A2F230821
2025-07-15 17:13:51.776, Lookup, d852a4ae-26be-4a0d-a3ce-087bf0d31331, 488D91B7237C9FDEC56C70D9374C721A2F230821, 524377CDE8725AC0D2731F7427E2BA0C75991BCC
2025-07-15 17:13:51.822, ReplyLookup, d852a4ae-26be-4a0d-a3ce-087bf0d31331, 7BB3577E7F5595B494687818149EE168FEBC2C03,
2025-07-15 17:13:52.274, Store, 81e738cc-4f7d-4c17-8218-0a8116d297a0, 7BB3577E7F5595B494687818149EE168FEBC2C03, 0D72C8E05CBB0A1D1B6071D976C5CDA18D1A124C, 7DEB9A3C72639C3BE93B85AE69F74D98F0EF5558
2025-07-15 17:13:52.317, FindNode, ffd99492-14eb-4605-8efb-1ed292c960b2, ADC0E723DF6E376068DC6BEFDD59C00882974E21, 0D72C8E05CBB0A1D1B6071D976C5CDA18D1A124C
2025-07-15 17:13:52.317, ReplyFindNode, ffd99492-14eb-4605-8efb-1ed292c960b2, ADC0E723DF6E376068DC6BEFDD59C00882974E21, 488D91B7237C9FDEC56C70D9374C721A2F230821
2025-07-15 17:13:52.412, ReplyStore, 81e738cc-4f7d-4c17-8218-0a8116d297a0, ADC0E723DF6E376068DC6BEFDD59C00882974E21
2025-07-15 17:13:54.961, FindNode, 263b4336-948d-4d07-9618-0fc312b860ae, 488D91B7237C9FDEC56C70D9374C721A2F230821, 488D91B7237C9FDEC56C78D9374C721A2F230821
2025-07-15 17:13:54.961, ReplyFindNode, 263b4336-948d-4d07-9618-0fc312b860ae, 488D91B7237C9FDEC56C70D9374C721A2F230821, 7BB3577E7F5595B494687818149EE168FEBC2C03
2025-07-15 17:13:58.969, FindNode, 8ef6d976-294d-4d70-b702-27f2af26d6cd, 7BB3577E7F5595B494687818149EE168FEBC2C03, 7BB3577E7F5595B494687818189EE168FEBC2C03
2025-07-15 17:13:58.970, ReplyFindNode, 8ef6d976-294d-4d70-b702-27f2af26d6cd, 7BB3577E7F5595B494687818149EE168FEBC2C03, ADC0E723DF6E376068DC6BEFDD59C00882974E21
2025-07-15 17:14:02.451, FindNode, 90cbf4b9-1371-4bf4-8fbb-3b06daf1d885, ADC0E723DF6E376068DC6BEFDD59C00882974E21, ADC0E723DF6E376088DC6BEFDD59C00882974E21
2025-07-15 17:14:02.451, ReplyFindNode, 90cbf4b9-1371-4bf4-8fbb-3b06daf1d885, ADC0E723DF6E376068DC6BEFDD59C00882974E21, 488D91B7237C9FDEC56C70D9374C721A2F230821
2025-07-15 17:14:06.279, Store, 6bd613ff-8ba9-42d3-9d8d-0bd87ec744f3, ADC0E723DF6E376068DC6BEFDD59C00882974E21, 00BF75C0771FE5C00E4E21973BCFD90CDFBF8992, 4872D52F470A9C7E0B66D0A4062715D07BBF24C0
2025-07-15 17:14:06.324, ReplyStore, 6bd613ff-8ba9-42d3-9d8d-0bd87ec744f3, 488D91B7237C9FDEC56C70D9374C721A2F230821
2025-07-15 17:14:06.777, Store, 1988ff1c-5e3c-44af-8535-0e57260dd278, 488D91B7237C9FDEC56C70D9374C721A2F230821, 20A5461E257D93E9FCBFB4F19F2A9243AFEE918C, B4841A6CFF87141380778AF4406DCD14D736B6E1
2025-07-15 17:14:06.828, FindNode, a45119b1-6f40-498d-96db-a52531aa6118, ADC0E723DF6E376068DC6BEFDD59C00882974E21, 20A5461E257D93E9FCBFB4F19F2A9243AFEE918C
2025-07-15 17:14:06.829, ReplyFindNode, a45119b1-6f40-498d-96db-a52531aa6118, ADC0E723DF6E376068DC6BEFDD59C00882974E21, 488D91B7237C9FDEC56C70D9374C721A2F230821
2025-07-15 17:14:06.925, ReplyStore, 1988ff1c-5e3c-44af-8535-0e57260dd278, ADC0E723DF6E376068DC6BEFDD59C00882974E21
2025-07-15 17:14:06.962, FindNode, 351c2e7d-33ff-4a85-8227-293791643c6e, 488D91B7237C9FDEC56C70D9374C721A2F230821, 488D91B7237C9FDEC56C70D937CC721A2F230821
2025-07-15 17:14:06.962, ReplyFindNode, 351c2e7d-33ff-4a85-8227-293791643c6e, 488D91B7237C9FDEC56C70D9374C721A2F230821, 7BB3577E7F5595B494687818149EE168FEBC2C03
2025-07-15 17:14:07.275, Lookup, b774ff6c-3af9-4837-a5c3-4217f88d4020, 7BB3577E7F5595B494687818149EE168FEBC2C03, 6482183064C6312DE3FC14FE912062CC67103876
2025-07-15 17:14:07.320, FindNode, 0a96aa87-139a-4015-9204-b0239ff5c3e3, 488D91B7237C9FDEC56C70D9374C721A2F230821, 6482183064C6312DE3FC14FE912062CC67103876
2025-07-15 17:14:07.321, ReplyFindNode, 0a96aa87-139a-4015-9204-b0239ff5c3e3, 488D91B7237C9FDEC56C70D9374C721A2F230821, 7BB3577E7F5595B494687818149EE168FEBC2C03
2025-07-15 17:14:07.501, ReplyLookup, b774ff6c-3af9-4837-a5c3-4217f88d4020, 488D91B7237C9FDEC56C70D9374C721A2F230821, 211E69D0731F68DE798C256BE7F9304533D57B87
2025-07-15 17:14:10.970, FindNode, 47a1cc19-41ef-42ee-9487-e78d13764b35, 7BB3577E7F5595B494687818149EE168FEBC2C03, 7BB3577E7F5595B494689818149EE168FEBC2C03
2025-07-15 17:14:10.971, ReplyFindNode, 47a1cc19-41ef-42ee-9487-e78d13764b35, 7BB3577E7F5595B494687818149EE168FEBC2C03, ADC0E723DF6E376068DC6BEFDD59C00882974E21
2025-07-15 17:14:14.452, FindNode, e5751d64-4ebc-4e53-97a3-805aabd202db, ADC0E723DF6E376068DC6BEFDD59C00882974E21, ADC0E723DF6E376068DC6C0FDD59C00882974E21
2025-07-15 17:14:14.452, ReplyFindNode, e5751d64-4ebc-4e53-97a3-805aabd202db, ADC0E723DF6E376068DC6BEFDD59C00882974E21, 488D91B7237C9FDEC56C70D9374C721A2F230821
2025-07-15 17:14:18.963, FindNode, f2040dcf-6ac9-42cd-864b-43a932f198b0, 488D91B7237C9FDEC56C70D9374C721A2F230821, 488D91B7237C9FDEC56C70D9374C721A2F430821
2025-07-15 17:14:18.963, ReplyFindNode, f2040dcf-6ac9-42cd-864b-43a932f198b0, 488D91B7237C9FDEC56C70D9374C721A2F230821, 7BB3577E7F5595B494687818149EE168FEBC2C03
2025-07-15 17:14:21.278, Remove, 379229d4-bc32-47f7-bbd9-96ab9ec75eff, ADC0E723DF6E376068DC6BEFDD59C00882974E21, 00BF75C0771FE5C00E4E21973BCFD90CDFBF8992, 4872D52F470A9C7E0B66D0A4062715D07BBF24C0
2025-07-15 17:14:21.281, ReplyRemove, 379229d4-bc32-47f7-bbd9-96ab9ec75eff, 488D91B7237C9FDEC56C70D9374C721A2F230821
2025-07-15 17:14:21.777, Store, 85d27469-98ea-422f-b562-e3986303c1f7, 488D91B7237C9FDEC56C70D9374C721A2F230821, 4972B78B75E1FBE7528F0BCC0C7B0CF7E0E6BB0B, CD80598EC517EAE9A358EDA9FD94A445051EF53F
2025-07-15 17:14:21.820, ReplyStore, 85d27469-98ea-422f-b562-e3986303c1f7, 7BB3577E7F5595B494687818149EE168FEBC2C03
2025-07-15 17:14:22.275, Lookup, ea29c762-3c31-42de-9844-4da748f874b5, 7BB3577E7F5595B494687818149EE168FEBC2C03, E30B2DA212DBA96C958944E3E09107C4A46BFE85
2025-07-15 17:14:22.321, FindNode, 22096d30-f1ab-488c-99a8-d7d0798ff9c0, ADC0E723DF6E376068DC6BEFDD59C00882974E21, E30B2DA212DBA96C958944E3E09107C4A46BFE85
2025-07-15 17:14:22.321, ReplyFindNode, 22096d30-f1ab-488c-99a8-d7d0798ff9c0, ADC0E723DF6E376068DC6BEFDD59C00882974E21, 488D91B7237C9FDEC56C70D9374C721A2F230821
2025-07-15 17:14:22.496, ReplyLookup, ea29c762-3c31-42de-9844-4da748f874b5, ADC0E723DF6E376068DC6BEFDD59C00882974E21,
2025-07-15 17:14:22.971, FindNode, 96a9ab35-1752-4f64-aef1-537fd46ff28c, 7BB3577E7F5595B494687818149EE168FEBC2C03, 7BB3577E7F5595B494687828149EE168FEBC2C03
2025-07-15 17:14:22.971, ReplyFindNode, 96a9ab35-1752-4f64-aef1-537fd46ff28c, 7BB3577E7F5595B494687818149EE168FEBC2C03, ADC0E723DF6E376068DC6BEFDD59C00882974E21
2025-07-15 17:14:26.453, FindNode, 52508a89-cffd-4762-aa28-3447486cabf2, ADC0E723DF6E376068DC6BEFDD59C00882974E21, ADC0E723DF6E376068DC6DEFDD59C00882974E21
2025-07-15 17:14:26.453, ReplyFindNode, 52508a89-cffd-4762-aa28-3447486cabf2, ADC0E723DF6E376068DC6BEFDD59C00882974E21, 488D91B7237C9FDEC56C70D9374C721A2F230821
2025-07-15 17:14:30.963, FindNode, 8f0cda1f-a7a1-4c2b-9a27-57ab2589f2f0, 488D91B7237C9FDEC56C70D9374C721A2F230821, 488D91B7237C9FDFC56C70D9374C721A2F230821
2025-07-15 17:14:30.964, ReplyFindNode, 8f0cda1f-a7a1-4c2b-9a27-57ab2589f2f0, 488D91B7237C9FDEC56C70D9374C721A2F230821, 7BB3577E7F5595B494687818149EE168FEBC2C03
2025-07-15 17:14:34.972, FindNode, c7201466-26e1-4a63-b712-05b27d8102b0, 7BB3577E7F5595B494687818149EE168FEBC2C03, 7BB3577E7F5595B494687818149EE168FEBC2D03
2025-07-15 17:14:34.972, ReplyFindNode, c7201466-26e1-4a63-b712-05b27d8102b0, 7BB3577E7F5595B494687818149EE168FEBC2C03, ADC0E723DF6E376068DC6BEFDD59C00882974E21
2025-07-15 17:14:36.278, Lookup, 2c6bf463-5e3f-4d8e-884b-3a789bc0638e, ADC0E723DF6E376068DC6BEFDD59C00882974E21, 1A34561D16C8A240E962A8310514CE6213F86899
2025-07-15 17:14:36.322, ReplyLookup, 2c6bf463-5e3f-4d8e-884b-3a789bc0638e, 488D91B7237C9FDEC56C70D9374C721A2F230821,
2025-07-15 17:14:36.777, Lookup, d5a06e0c-00cd-4a00-871b-8a91222e399b, 488D91B7237C9FDEC56C70D9374C721A2F230821, DB0B4002144BE3AF077D960E607619CB36897DBF
2025-07-15 17:14:36.820, FindNode, 75ef4911-4a48-42b0-a36e-160c2bab8e50, ADC0E723DF6E376068DC6BEFDD59C00882974E21, DB0B4002144BE3AF077D960E607619CB36897DBF
2025-07-15 17:14:36.821, ReplyFindNode, 75ef4911-4a48-42b0-a36e-160c2bab8e50, ADC0E723DF6E376068DC6BEFDD59C00882974E21, 488D91B7237C9FDEC56C70D9374C721A2F230821
2025-07-15 17:14:36.996, ReplyLookup, d5a06e0c-00cd-4a00-871b-8a91222e399b, ADC0E723DF6E376068DC6BEFDD59C00882974E21,
2025-07-15 17:14:37.275, Lookup, 4f2c151a-82f4-4305-a6d2-db405ad737cc, 7BB3577E7F5595B494687818149EE168FEBC2C03, D909219BBFB971BF485F85732D86097E4B8050BC
2025-07-15 17:14:37.320, FindNode, 64ce2351-3b0b-4c06-a51d-6f9e07f0025a, ADC0E723DF6E376068DC6BEFDD59C00882974E21, D909219BBFB971BF485F85732D86097E4B8050BC
2025-07-15 17:14:37.321, ReplyFindNode, 64ce2351-3b0b-4c06-a51d-6f9e07f0025a, ADC0E723DF6E376068DC6BEFDD59C00882974E21, 488D91B7237C9FDEC56C70D9374C721A2F230821
2025-07-15 17:14:37.452, ReplyLookup, 4f2c151a-82f4-4305-a6d2-db405ad737cc, ADC0E723DF6E376068DC6BEFDD59C00882974E21,
2025-07-15 17:14:38.454, FindNode, 1205edb9-8477-4d1c-a007-a3bfc54519c1, ADC0E723DF6E376068DC6BEFDD59C00882974E21, AE00E723DF6E376068DC6BEFDD59C00882974E21
2025-07-15 17:14:38.454, ReplyFindNode, 1205edb9-8477-4d1c-a007-a3bfc54519c1, ADC0E723DF6E376068DC6BEFDD59C00882974E21, 488D91B7237C9FDEC56C70D9374C721A2F230821
2025-07-15 17:14:42.964, FindNode, c9864dc3-f8d8-493b-9089-ea9fc92a96a8, 488D91B7237C9FDEC56C70D9374C721A2F230821, 488D91B7237C9FDEC56C70D9374C721A2F2B0821
2025-07-15 17:14:42.965, ReplyFindNode, c9864dc3-f8d8-493b-9089-ea9fc92a96a8, 488D91B7237C9FDEC56C70D9374C721A2F230821, 7BB3577E7F5595B494687818149EE168FEBC2C03
2025-07-15 17:14:46.973, FindNode, 20732e1a-a716-423f-8667-f87b9bba322d, 7BB3577E7F5595B494687818149EE168FEBC2C03, 7BB3577E7F5595B494687818149EE168FEBC2C43
2025-07-15 17:14:46.973, ReplyFindNode, 20732e1a-a716-423f-8667-f87b9bba322d, 7BB3577E7F5595B494687818149EE168FEBC2C03, ADC0E723DF6E376068DC6BEFDD59C00882974E21
2025-07-15 17:14:50.455, FindNode, e84e2091-d47f-4c2b-8db8-7ad71cff28cc, ADC0E723DF6E376068DC6BEFDD59C00882974E21, ADC0E723DF6E376068DC6BEFDD59C80882974E21
2025-07-15 17:14:50.455, ReplyFindNode, e84e2091-d47f-4c2b-8db8-7ad71cff28cc, ADC0E723DF6E376068DC6BEFDD59C00882974E21, 488D91B7237C9FDEC56C70D9374C721A2F230821
2025-07-15 17:14:51.278, Store, 5b13d4a8-5d22-48da-8478-eabba109d559, ADC0E723DF6E376068DC6BEFDD59C00882974E21, 46970298B7C49635134908446D6DD59B87AFD76A, 8E8E7481FC021BB47B823DDD87C38EB180994263
2025-07-15 17:14:51.324, ReplyStore, 5b13d4a8-5d22-48da-8478-eabba109d559, 488D91B7237C9FDEC56C70D9374C721A2F230821
2025-07-15 17:14:51.777, Lookup, 036b043e-8009-4e30-96f2-b689ed10fc8b, 488D91B7237C9FDEC56C70D9374C721A2F230821, 20A5461E257D93E9FCBFB4F19F2A9243AFEE918C
2025-07-15 17:14:51.820, FindNode, a90e94f8-3c73-454b-b548-2ae289002311, ADC0E723DF6E376068DC6BEFDD59C00882974E21, 20A5461E257D93E9FCBFB4F19F2A9243AFEE918C
2025-07-15 17:14:51.821, ReplyFindNode, a90e94f8-3c73-454b-b548-2ae289002311, ADC0E723DF6E376068DC6BEFDD59C00882974E21, 488D91B7237C9FDEC56C70D9374C721A2F230821
2025-07-15 17:14:51.997, ReplyLookup, 036b043e-8009-4e30-96f2-b689ed10fc8b, ADC0E723DF6E376068DC6BEFDD59C00882974E21, B4841A6CFF87141380778AF4406DCD14D736B6E1
2025-07-15 17:14:52.275, Lookup, 767d498b-77dc-4122-a340-f9be2318c536, 7BB3577E7F5595B494687818149EE168FEBC2C03, A565259DBFCFE6D40D4D8FCAB1AAE55845015F69
2025-07-15 17:14:52.321, ReplyLookup, 767d498b-77dc-4122-a340-f9be2318c536, ADC0E723DF6E376068DC6BEFDD59C00882974E21,
2025-07-15 17:14:54.965, FindNode, 7efeab72-f09d-4f26-9129-6909dbff0027, 488D91B7237C9FDEC56C70D9374C721A2F230821, 488D91B723BC9FDEC56C70D9374C721A2F230821
2025-07-15 17:14:54.965, ReplyFindNode, 7efeab72-f09d-4f26-9129-6909dbff0027, 488D91B7237C9FDEC56C70D9374C721A2F230821, 7BB3577E7F5595B494687818149EE168FEBC2C03
2025-07-15 17:14:58.973, FindNode, b1898d21-ad94-4dba-b301-1458fca9da6a, 7BB3577E7F5595B494687818149EE168FEBC2C03, 7BB3577E7F5615B494687818149EE168FEBC2C03
2025-07-15 17:14:58.974, ReplyFindNode, b1898d21-ad94-4dba-b301-1458fca9da6a, 7BB3577E7F5595B494687818149EE168FEBC2C03, ADC0E723DF6E376068DC6BEFDD59C00882974E21
2025-07-15 17:15:02.455, FindNode, 3086c1e5-8ec9-4612-8d9e-8a66ba13d87e, ADC0E723DF6E376068DC6BEFDD59C00882974E21, ADC0E723DF6E376068DC6BEFDD59C00882974E25
2025-07-15 17:15:02.456, ReplyFindNode, 3086c1e5-8ec9-4612-8d9e-8a66ba13d87e, ADC0E723DF6E376068DC6BEFDD59C00882974E21, 488D91B7237C9FDEC56C70D9374C721A2F230821
2025-07-15 17:15:06.279, Lookup, bd6572ca-66a2-45e7-aa4d-0dd6088eac6b, ADC0E723DF6E376068DC6BEFDD59C00882974E21, CE3F2F497EF5657EDA8D4E9F9D61E7535427D6FF
2025-07-15 17:15:06.321, ReplyLookup, bd6572ca-66a2-45e7-aa4d-0dd6088eac6b, 488D91B7237C9FDEC56C70D9374C721A2F230821,
2025-07-15 17:15:06.777, Store, 405dd9e5-f3ba-46dc-9e02-09cfd1c70427, 488D91B7237C9FDEC56C70D9374C721A2F230821, F83AFDBF1E4A7279A5E4A0D63C7D2F354EB5E3C7, C46DF3FBA59172BD0B1E825BA5E0C1F5A109E510
2025-07-15 17:15:06.820, FindNode, 4a127413-b0f9-486b-a9f6-25970c865e4a, ADC0E723DF6E376068DC6BEFDD59C00882974E21, F83AFDBF1E4A7279A5E4A0D63C7D2F354EB5E3C7
2025-07-15 17:15:06.821, ReplyFindNode, 4a127413-b0f9-486b-a9f6-25970c865e4a, ADC0E723DF6E376068DC6BEFDD59C00882974E21, 488D91B7237C9FDEC56C70D9374C721A2F230821
2025-07-15 17:15:06.912, ReplyStore, 405dd9e5-f3ba-46dc-9e02-09cfd1c70427, ADC0E723DF6E376068DC6BEFDD59C00882974E21
2025-07-15 17:15:06.966, FindNode, 178b93d0-2a13-440d-b8fb-90dffb7ff0d2, 488D91B7237C9FDEC56C70D9374C721A2F230821, 488D91B7237C9FDEC56CB0D9374C721A2F230821
2025-07-15 17:15:06.966, ReplyFindNode, 178b93d0-2a13-440d-b8fb-90dffb7ff0d2, 488D91B7237C9FDEC56C70D9374C721A2F230821, 7BB3577E7F5595B494687818149EE168FEBC2C03
2025-07-15 17:15:07.275, Store, 33da4935-7b6b-4891-9a23-3c41609d6827, 7BB3577E7F5595B494687818149EE168FEBC2C03, F283F65B4F3BC43D5CDE609449592EF014AD317E, 86954B0558ACBE6787B6FB108FCA3CA9645718FA
2025-07-15 17:15:07.320, FindNode, 5bfdec3c-5ed4-4ec5-a0d5-0589013e94d2, ADC0E723DF6E376068DC6BEFDD59C00882974E21, F283F65B4F3BC43D5CDE609449592EF014AD317E
2025-07-15 17:15:07.321, ReplyFindNode, 5bfdec3c-5ed4-4ec5-a0d5-0589013e94d2, ADC0E723DF6E376068DC6BEFDD59C00882974E21, 488D91B7237C9FDEC56C70D9374C721A2F230821
2025-07-15 17:15:07.412, ReplyStore, 33da4935-7b6b-4891-9a23-3c41609d6827, ADC0E723DF6E376068DC6BEFDD59C00882974E21
2025-07-15 17:15:10.974, FindNode, fede8f2d-6da1-4026-a945-f8f83805b963, 7BB3577E7F5595B494687818149EE168FEBC2C03, 7BB357827F5595B494687818149EE168FEBC2C03
2025-07-15 17:15:10.975, ReplyFindNode, fede8f2d-6da1-4026-a945-f8f83805b963, 7BB3577E7F5595B494687818149EE168FEBC2C03, ADC0E723DF6E376068DC6BEFDD59C00882974E21
2025-07-15 17:15:14.456, FindNode, 0fb3ef7d-a913-44ed-9736-7b327eab825b, ADC0E723DF6E376068DC6BEFDD59C00882974E21, ADC1E723DF6E376068DC6BEFDD59C00882974E21
2025-07-15 17:15:14.456, ReplyFindNode, 0fb3ef7d-a913-44ed-9736-7b327eab825b, ADC0E723DF6E376068DC6BEFDD59C00882974E21, 488D91B7237C9FDEC56C70D9374C721A2F230821
2025-07-15 17:15:18.966, FindNode, e28fe18f-294a-4adb-9302-526472c67885, 488D91B7237C9FDEC56C70D9374C721A2F230821, 489591B7237C9FDEC56C70D9374C721A2F230821
2025-07-15 17:15:18.967, ReplyFindNode, e28fe18f-294a-4adb-9302-526472c67885, 488D91B7237C9FDEC56C70D9374C721A2F230821, 7BB3577E7F5595B494687818149EE168FEBC2C03
2025-07-15 17:15:21.279, Store, cbd2e545-46ab-4163-ac37-3d08c0031e3a, ADC0E723DF6E376068DC6BEFDD59C00882974E21, D1EE42497945091A1654B4682DBB8B9E659AB7AA, 29D147E150828B31FDA006223A08ABDD566B8504
2025-07-15 17:15:21.324, ReplyStore, cbd2e545-46ab-4163-ac37-3d08c0031e3a, 488D91B7237C9FDEC56C70D9374C721A2F230821
2025-07-15 17:15:21.777, Store, 0a3d48e5-015b-4135-b09b-ae7a6c2e7505, 488D91B7237C9FDEC56C70D9374C721A2F230821, F8FB87BD1A25BD0684B9B409D0A528F256B12056, 77B9AC77EDD5BE54747B66D59377BC615FFCB4F1
2025-07-15 17:15:21.820, FindNode, 77fbcb63-32a1-4ebe-bc05-9969a19bb046, ADC0E723DF6E376068DC6BEFDD59C00882974E21, F8FB87BD1A25BD0684B9B409D0A528F256B12056
2025-07-15 17:15:21.821, ReplyFindNode, 77fbcb63-32a1-4ebe-bc05-9969a19bb046, ADC0E723DF6E376068DC6BEFDD59C00882974E21, 488D91B7237C9FDEC56C70D9374C721A2F230821
2025-07-15 17:15:21.912, ReplyStore, 0a3d48e5-015b-4135-b09b-ae7a6c2e7505, ADC0E723DF6E376068DC6BEFDD59C00882974E21
2025-07-15 17:15:22.276, Remove, 8d1bd726-6410-424d-a4b2-d385ee798654, 7BB3577E7F5595B494687818149EE168FEBC2C03, 8C1E5403FD8A45BBECB50ED48E66CE309B51C285, 44E65DC814999576EFB356FC593C6BA788A52070
2025-07-15 17:15:22.325, ReplyRemove, 8d1bd726-6410-424d-a4b2-d385ee798654, ADC0E723DF6E376068DC6BEFDD59C00882974E21
2025-07-15 17:15:22.975, FindNode, 6053e364-c967-4776-9c0c-e81ac9a2c4a6, 7BB3577E7F5595B494687818149EE168FEBC2C03, 7BB3577E9F5595B494687818149EE168FEBC2C03
2025-07-15 17:15:22.975, ReplyFindNode, 6053e364-c967-4776-9c0c-e81ac9a2c4a6, 7BB3577E7F5595B494687818149EE168FEBC2C03, ADC0E723DF6E376068DC6BEFDD59C00882974E21
2025-07-15 17:15:26.457, FindNode, 3f22b29a-f19a-4500-ac88-0f61234a01cb, ADC0E723DF6E376068DC6BEFDD59C00882974E21, ADC0E723DF6E376068DC6BEFDD59C00882976E21
2025-07-15 17:15:26.457, ReplyFindNode, 3f22b29a-f19a-4500-ac88-0f61234a01cb, ADC0E723DF6E376068DC6BEFDD59C00882974E21, 488D91B7237C9FDEC56C70D9374C721A2F230821
2025-07-15 17:15:30.967, FindNode, 960382a2-368a-4208-8695-0b696916bf2e, 488D91B7237C9FDEC56C70D9374C721A2F230821, 488D91B7237E9FDEC56C70D9374C721A2F230821
2025-07-15 17:15:30.967, ReplyFindNode, 960382a2-368a-4208-8695-0b696916bf2e, 488D91B7237C9FDEC56C70D9374C721A2F230821, 7BB3577E7F5595B494687818149EE168FEBC2C03
2025-07-15 17:15:34.976, FindNode, e09bcc33-332b-4d4f-8363-ad38e517364d, 7BB3577E7F5595B494687818149EE168FEBC2C03, 7BB35B7E7F5595B494687818149EE168FEBC2C03
2025-07-15 17:15:34.977, ReplyFindNode, e09bcc33-332b-4d4f-8363-ad38e517364d, 7BB3577E7F5595B494687818149EE168FEBC2C03, ADC0E723DF6E376068DC6BEFDD59C00882974E21
2025-07-15 17:15:36.280, Lookup, 4525142e-8fd1-4d35-a2fc-64840eaf1258, ADC0E723DF6E376068DC6BEFDD59C00882974E21, 46970298B7C49635134908446D6DD59B87AFD76A
2025-07-15 17:15:36.327, ReplyLookup, 4525142e-8fd1-4d35-a2fc-64840eaf1258, 488D91B7237C9FDEC56C70D9374C721A2F230821, 8E8E7481FC021BB47B823DDD87C38EB180994263
2025-07-15 17:15:36.777, Lookup, ab545aaf-7f83-486e-800a-b7071edba0d6, 488D91B7237C9FDEC56C70D9374C721A2F230821, D6220063ED4F3235813F3E2DC8549CDEB817DE3D
2025-07-15 17:15:36.820, FindNode, cbbf6df7-21e4-44f3-aa33-a1dd2e99b42d, ADC0E723DF6E376068DC6BEFDD59C00882974E21, D6220063ED4F3235813F3E2DC8549CDEB817DE3D
2025-07-15 17:15:36.821, ReplyFindNode, cbbf6df7-21e4-44f3-aa33-a1dd2e99b42d, ADC0E723DF6E376068DC6BEFDD59C00882974E21, 488D91B7237C9FDEC56C70D9374C721A2F230821
2025-07-15 17:15:36.996, ReplyLookup, ab545aaf-7f83-486e-800a-b7071edba0d6, ADC0E723DF6E376068DC6BEFDD59C00882974E21,
2025-07-15 17:15:37.277, Remove, 827d0103-8948-42e1-b936-785a6bc2dd0c, 7BB3577E7F5595B494687818149EE168FEBC2C03, 6482183064C6312DE3FC14FE912062CC67103876, 211E69D0731F68DE798C256BE7F9304533D57B87
2025-07-15 17:15:37.320, FindNode, c96cda1b-ccc9-4500-93a1-92dabaf1af71, 488D91B7237C9FDEC56C70D9374C721A2F230821, 6482183064C6312DE3FC14FE912062CC67103876
2025-07-15 17:15:37.321, ReplyFindNode, c96cda1b-ccc9-4500-93a1-92dabaf1af71, 488D91B7237C9FDEC56C70D9374C721A2F230821, 7BB3577E7F5595B494687818149EE168FEBC2C03
2025-07-15 17:15:37.330, ReplyRemove, 827d0103-8948-42e1-b936-785a6bc2dd0c, 488D91B7237C9FDEC56C70D9374C721A2F230821
2025-07-15 17:15:38.458, FindNode, 3dc5d5ef-3e2a-44bc-a163-2802be70bace, ADC0E723DF6E376068DC6BEFDD59C00882974E21, ADC0E723DF6E376068DC6BEFDD59C04882974E21
2025-07-15 17:15:38.458, ReplyFindNode, 3dc5d5ef-3e2a-44bc-a163-2802be70bace, ADC0E723DF6E376068DC6BEFDD59C00882974E21, 488D91B7237C9FDEC56C70D9374C721A2F230821
2025-07-15 17:15:42.968, FindNode, af37ff21-a61c-4302-84c0-43b144776b3c, 488D91B7237C9FDEC56C70D9374C721A2F230821, 488D91B7237C9FDEC56C70D9374C721A30230821
2025-07-15 17:15:42.968, ReplyFindNode, af37ff21-a61c-4302-84c0-43b144776b3c, 488D91B7237C9FDEC56C70D9374C721A2F230821, 7BB3577E7F5595B494687818149EE168FEBC2C03
2025-07-15 17:15:46.977, FindNode, dede22f0-d76f-4484-80ea-c4eaa95e5c65, 7BB3577E7F5595B494687818149EE168FEBC2C03, 7BB3577E7F5595B494E87818149EE168FEBC2C03
2025-07-15 17:15:46.977, ReplyFindNode, dede22f0-d76f-4484-80ea-c4eaa95e5c65, 7BB3577E7F5595B494687818149EE168FEBC2C03, ADC0E723DF6E376068DC6BEFDD59C00882974E21
2025-07-15 17:15:50.459, FindNode, 1e534995-ed77-4bcc-a8fd-11b1cc006237, ADC0E723DF6E376068DC6BEFDD59C00882974E21, ADC10723DF6E376068DC6BEFDD59C00882974E21
2025-07-15 17:15:50.459, ReplyFindNode, 1e534995-ed77-4bcc-a8fd-11b1cc006237, ADC0E723DF6E376068DC6BEFDD59C00882974E21, 488D91B7237C9FDEC56C70D9374C721A2F230821
2025-07-15 17:15:51.280, Lookup, 9a598a1a-a50c-4c11-885d-555f326bd6f7, ADC0E723DF6E376068DC6BEFDD59C00882974E21, 46970298B7C49635134908446D6DD59B87AFD76A
2025-07-15 17:15:51.326, ReplyLookup, 9a598a1a-a50c-4c11-885d-555f326bd6f7, 488D91B7237C9FDEC56C70D9374C721A2F230821, 8E8E7481FC021BB47B823DDD87C38EB180994263
2025-07-15 17:15:51.777, Remove, 064fd53f-e302-4542-b727-c5883ccc8752, 488D91B7237C9FDEC56C70D9374C721A2F230821, F8FB87BD1A25BD0684B9B409D0A528F256B12056, 77B9AC77EDD5BE54747B66D59377BC615FFCB4F1
2025-07-15 17:15:51.820, FindNode, 55de62dc-9e1c-46db-bb53-066be6e978b6, ADC0E723DF6E376068DC6BEFDD59C00882974E21, F8FB87BD1A25BD0684B9B409D0A528F256B12056
2025-07-15 17:15:51.821, ReplyFindNode, 55de62dc-9e1c-46db-bb53-066be6e978b6, ADC0E723DF6E376068DC6BEFDD59C00882974E21, 488D91B7237C9FDEC56C70D9374C721A2F230821
2025-07-15 17:15:51.912, ReplyRemove, 064fd53f-e302-4542-b727-c5883ccc8752, ADC0E723DF6E376068DC6BEFDD59C00882974E21
2025-07-15 17:15:52.277, Lookup, a694845b-b9ab-4c8c-824b-e754a509d7ae, 7BB3577E7F5595B494687818149EE168FEBC2C03, E0FA1E729C81CAB1D1F71449C4DEFDC7C2089D1D
2025-07-15 17:15:52.320, FindNode, 09c78164-5437-4c6a-8d0b-1eb85ec69e81, ADC0E723DF6E376068DC6BEFDD59C00882974E21, E0FA1E729C81CAB1D1F71449C4DEFDC7C2089D1D
2025-07-15 17:15:52.321, ReplyFindNode, 09c78164-5437-4c6a-8d0b-1eb85ec69e81, ADC0E723DF6E376068DC6BEFDD59C00882974E21, 488D91B7237C9FDEC56C70D9374C721A2F230821
2025-07-15 17:15:52.496, ReplyLookup, a694845b-b9ab-4c8c-824b-e754a509d7ae, ADC0E723DF6E376068DC6BEFDD59C00882974E21,
2025-07-15 17:15:54.969, FindNode, 2d21db55-940d-4281-8097-f9c39bd19726, 488D91B7237C9FDEC56C70D9374C721A2F230821, 488D9237237C9FDEC56C70D9374C721A2F230821
2025-07-15 17:15:54.969, ReplyFindNode, 2d21db55-940d-4281-8097-f9c39bd19726, 488D91B7237C9FDEC56C70D9374C721A2F230821, 7BB3577E7F5595B494687818149EE168FEBC2C03
2025-07-15 17:15:58.978, FindNode, 110ed4b0-7e8f-440e-8703-95ffce8af709, 7BB3577E7F5595B494687818149EE168FEBC2C03, 7BB3577E7F5595B49468781814A0E168FEBC2C03
2025-07-15 17:15:58.978, ReplyFindNode, 110ed4b0-7e8f-440e-8703-95ffce8af709, 7BB3577E7F5595B494687818149EE168FEBC2C03, ADC0E723DF6E376068DC6BEFDD59C00882974E21
2025-07-15 17:16:02.459, FindNode, ab5b5639-7427-4d44-bae3-e2cb98cd84c5, ADC0E723DF6E376068DC6BEFDD59C00882974E21, ADE0E723DF6E376068DC6BEFDD59C00882974E21
2025-07-15 17:16:02.460, ReplyFindNode, ab5b5639-7427-4d44-bae3-e2cb98cd84c5, ADC0E723DF6E376068DC6BEFDD59C00882974E21, 488D91B7237C9FDEC56C70D9374C721A2F230821
2025-07-15 17:16:06.280, Lookup, c7bba68e-cb0d-4215-a5bf-7dc5b9eac65b, ADC0E723DF6E376068DC6BEFDD59C00882974E21, D1EE42497945091A1654B4682DBB8B9E659AB7AA
2025-07-15 17:16:06.326, ReplyLookup, c7bba68e-cb0d-4215-a5bf-7dc5b9eac65b, 488D91B7237C9FDEC56C70D9374C721A2F230821, 29D147E150828B31FDA006223A08ABDD566B8504
2025-07-15 17:16:06.777, Lookup, 5077008c-46ee-481d-b126-ecdf673a01c2, 488D91B7237C9FDEC56C70D9374C721A2F230821, 46970298B7C49635134908446D6DD59B87AFD76A
2025-07-15 17:16:06.820, FindNode, 8c7a4257-b5d9-4403-83c0-5049344b1520, ADC0E723DF6E376068DC6BEFDD59C00882974E21, 46970298B7C49635134908446D6DD59B87AFD76A
2025-07-15 17:16:06.821, ReplyFindNode, 8c7a4257-b5d9-4403-83c0-5049344b1520, ADC0E723DF6E376068DC6BEFDD59C00882974E21, 488D91B7237C9FDEC56C70D9374C721A2F230821
2025-07-15 17:16:06.969, FindNode, 65dca03f-ed3d-47e7-a1ff-72bed744d106, 488D91B7237C9FDEC56C70D9374C721A2F230821, 488D91B723809FDEC56C70D9374C721A2F230821
2025-07-15 17:16:06.970, ReplyFindNode, 65dca03f-ed3d-47e7-a1ff-72bed744d106, 488D91B7237C9FDEC56C70D9374C721A2F230821, 7BB3577E7F5595B494687818149EE168FEBC2C03
2025-07-15 17:16:06.997, ReplyLookup, 5077008c-46ee-481d-b126-ecdf673a01c2, ADC0E723DF6E376068DC6BEFDD59C00882974E21, 8E8E7481FC021BB47B823DDD87C38EB180994263
2025-07-15 17:16:07.277, Lookup, dce13a03-daf5-48bc-821f-f3db23fc9a55, 7BB3577E7F5595B494687818149EE168FEBC2C03, 0D72C8E05CBB0A1D1B6071D976C5CDA18D1A124C
2025-07-15 17:16:07.320, FindNode, 2ad31c9b-cc86-4a78-83bb-a78d633ffc12, ADC0E723DF6E376068DC6BEFDD59C00882974E21, 0D72C8E05CBB0A1D1B6071D976C5CDA18D1A124C
2025-07-15 17:16:07.321, ReplyFindNode, 2ad31c9b-cc86-4a78-83bb-a78d633ffc12, ADC0E723DF6E376068DC6BEFDD59C00882974E21, 488D91B7237C9FDEC56C70D9374C721A2F230821
2025-07-15 17:16:07.453, ReplyLookup, dce13a03-daf5-48bc-821f-f3db23fc9a55, ADC0E723DF6E376068DC6BEFDD59C00882974E21, 7DEB9A3C72639C3BE93B85AE69F74D98F0EF5558
2025-07-15 17:16:10.979, FindNode, 5e6b439a-e8dc-469a-be71-21ad6d0081d9, 7BB3577E7F5595B494687818149EE168FEBC2C03, 7BB3577E7F5595B494687838149EE168FEBC2C03
2025-07-15 17:16:10.979, ReplyFindNode, 5e6b439a-e8dc-469a-be71-21ad6d0081d9, 7BB3577E7F5595B494687818149EE168FEBC2C03, ADC0E723DF6E376068DC6BEFDD59C00882974E21
2025-07-15 17:16:14.460, FindNode, 937fb054-abf0-4a7e-9c56-1ac4b5dfc6e1, ADC0E723DF6E376068DC6BEFDD59C00882974E21, ADC0E723DF8E376068DC6BEFDD59C00882974E21
2025-07-15 17:16:14.460, ReplyFindNode, 937fb054-abf0-4a7e-9c56-1ac4b5dfc6e1, ADC0E723DF6E376068DC6BEFDD59C00882974E21, 488D91B7237C9FDEC56C70D9374C721A2F230821
2025-07-15 17:16:18.970, FindNode, 6f4e31e1-eeba-4c37-9938-f0ca404ffd53, 488D91B7237C9FDEC56C70D9374C721A2F230821, 488D91B7237C9FDEC56C70D9375C721A2F230821
2025-07-15 17:16:18.970, ReplyFindNode, 6f4e31e1-eeba-4c37-9938-f0ca404ffd53, 488D91B7237C9FDEC56C70D9374C721A2F230821, 7BB3577E7F5595B494687818149EE168FEBC2C03
2025-07-15 17:16:21.280, Lookup, eae4c9da-3d99-433b-8767-0e86e626a71a, ADC0E723DF6E376068DC6BEFDD59C00882974E21, 46970298B7C49635134908446D6DD59B87AFD76A
2025-07-15 17:16:21.326, ReplyLookup, eae4c9da-3d99-433b-8767-0e86e626a71a, 488D91B7237C9FDEC56C70D9374C721A2F230821, 8E8E7481FC021BB47B823DDD87C38EB180994263
2025-07-15 17:16:21.777, Lookup, f844401e-d9d3-4a04-8a27-b601341c1cd0, 488D91B7237C9FDEC56C70D9374C721A2F230821, D81ABF5B3BB23D0CB80B64502B890DD2AE9651C1
2025-07-15 17:16:21.820, FindNode, e183f24f-fc05-4807-9755-2ff86188ee13, ADC0E723DF6E376068DC6BEFDD59C00882974E21, D81ABF5B3BB23D0CB80B64502B890DD2AE9651C1
2025-07-15 17:16:21.821, ReplyFindNode, e183f24f-fc05-4807-9755-2ff86188ee13, ADC0E723DF6E376068DC6BEFDD59C00882974E21, 488D91B7237C9FDEC56C70D9374C721A2F230821
2025-07-15 17:16:21.996, ReplyLookup, f844401e-d9d3-4a04-8a27-b601341c1cd0, ADC0E723DF6E376068DC6BEFDD59C00882974E21,
2025-07-15 17:16:22.277, Lookup, e968e3af-b119-4db0-b9c6-376a3ab159fd, 7BB3577E7F5595B494687818149EE168FEBC2C03, 0D72C8E05CBB0A1D1B6071D976C5CDA18D1A124C
2025-07-15 17:16:22.320, FindNode, d2ab73a0-5d6f-43c3-a252-d7a98354f9e6, ADC0E723DF6E376068DC6BEFDD59C00882974E21, 0D72C8E05CBB0A1D1B6071D976C5CDA18D1A124C
2025-07-15 17:16:22.321, ReplyFindNode, d2ab73a0-5d6f-43c3-a252-d7a98354f9e6, ADC0E723DF6E376068DC6BEFDD59C00882974E21, 488D91B7237C9FDEC56C70D9374C721A2F230821
2025-07-15 17:16:22.457, ReplyLookup, e968e3af-b119-4db0-b9c6-376a3ab159fd, ADC0E723DF6E376068DC6BEFDD59C00882974E21, 7DEB9A3C72639C3BE93B85AE69F74D98F0EF5558
2025-07-15 17:16:22.961, EndStableRegimen
2025-07-15 17:16:22.979, FindNode, d5bcecde-92f5-48c9-b1d8-5c0a72a99803, 7BB3577E7F5595B494687818149EE168FEBC2C03, 7BB3577E9F5595B494687818149EE168FEBC2C03
2025-07-15 17:16:22.979, ReplyFindNode, d5bcecde-92f5-48c9-b1d8-5c0a72a99803, 7BB3577E7F5595B494687818149EE168FEBC2C03, ADC0E723DF6E376068DC6BEFDD59C00882974E21
2025-07-15 17:16:23.456, Fail, e47f18ce-da0a-4f30-9a92-b3e62afc08d2, ADC0E723DF6E376068DC6BEFDD59C00882974E21
2025-07-15 17:16:23.961, MARK FAIL openchord-3
2025-07-15 17:16:24.453, StartStableRegimen
2025-07-15 17:16:30.971, FindNode, e2d915cd-b326-4d15-8713-5f55c35dedff, 488D91B7237C9FDEC56C70D9374C721A2F230821, 488D91B7237C9FDEC56C70D9374C721A3F230821
2025-07-15 17:16:30.971, ReplyFindNode, e2d915cd-b326-4d15-8713-5f55c35dedff, 488D91B7237C9FDEC56C70D9374C721A2F230821, 7BB3577E7F5595B494687818149EE168FEBC2C03
2025-07-15 17:16:34.980, FindNode, 231862a4-3e63-42f3-b081-752f90aed5ad, 7BB3577E7F5595B494687818149EE168FEBC2C03, 7BB3577E7F5595B494687828149EE168FEBC2C03
2025-07-15 17:16:34.980, ReplyFindNode, 231862a4-3e63-42f3-b081-752f90aed5ad, 7BB3577E7F5595B494687818149EE168FEBC2C03, 488D91B7237C9FDEC56C70D9374C721A2F230821
2025-07-15 17:16:36.778, Lookup, c4b7edd7-dcec-4560-a066-774533e69650, 488D91B7237C9FDEC56C70D9374C721A2F230821, D6220063ED4F3235813F3E2DC8549CDEB817DE3D
2025-07-15 17:16:36.820, FindNode, 46483a3d-7e15-490e-b338-66c40ed36e42, 7BB3577E7F5595B494687818149EE168FEBC2C03, D6220063ED4F3235813F3E2DC8549CDEB817DE3D
2025-07-15 17:16:36.821, ReplyFindNode, 46483a3d-7e15-490e-b338-66c40ed36e42, 7BB3577E7F5595B494687818149EE168FEBC2C03, 488D91B7237C9FDEC56C70D9374C721A2F230821
2025-07-15 17:16:36.952, ReplyLookup, c4b7edd7-dcec-4560-a066-774533e69650, 7BB3577E7F5595B494687818149EE168FEBC2C03,
2025-07-15 17:16:37.277, Lookup, 8d2d8422-628b-4ccf-98c3-db4accaf717a, 7BB3577E7F5595B494687818149EE168FEBC2C03, 0D72C8E05CBB0A1D1B6071D976C5CDA18D1A124C
2025-07-15 17:16:37.322, ReplyLookup, 8d2d8422-628b-4ccf-98c3-db4accaf717a, 488D91B7237C9FDEC56C70D9374C721A2F230821, 7DEB9A3C72639C3BE93B85AE69F74D98F0EF5558
2025-07-15 17:16:42.972, FindNode, 9641fde8-685c-434b-b765-745dff131ba0, 488D91B7237C9FDEC56C70D9374C721A2F230821, 488E11B7237C9FDEC56C70D9374C721A2F230821
2025-07-15 17:16:42.972, ReplyFindNode, 9641fde8-685c-434b-b765-745dff131ba0, 488D91B7237C9FDEC56C70D9374C721A2F230821, 7BB3577E7F5595B494687818149EE168FEBC2C03
2025-07-15 17:16:46.981, FindNode, 794fdd59-eaa2-476f-94cf-f2c6d6ab5925, 7BB3577E7F5595B494687818149EE168FEBC2C03, 7BD3577E7F5595B494687818149EE168FEBC2C03
2025-07-15 17:16:46.981, ReplyFindNode, 794fdd59-eaa2-476f-94cf-f2c6d6ab5925, 7BB3577E7F5595B494687818149EE168FEBC2C03, 488D91B7237C9FDEC56C70D9374C721A2F230821
2025-07-15 17:16:51.778, Store, f8138fa6-9236-4e44-a116-aa6528ba3916, 488D91B7237C9FDEC56C70D9374C721A2F230821, A1CCFF8CC5D4030BF2DB965FF3A35D2545AF9E63, 03794D999C6536EB4E17A75EA1E309DE70801530
2025-07-15 17:16:51.820, FindNode, 328c5399-9970-4b78-9264-f44bf0c47922, 7BB3577E7F5595B494687818149EE168FEBC2C03, A1CCFF8CC5D4030BF2DB965FF3A35D2545AF9E63
2025-07-15 17:16:51.821, ReplyFindNode, 328c5399-9970-4b78-9264-f44bf0c47922, 7BB3577E7F5595B494687818149EE168FEBC2C03, 488D91B7237C9FDEC56C70D9374C721A2F230821
2025-07-15 17:16:51.912, ReplyStore, f8138fa6-9236-4e44-a116-aa6528ba3916, 7BB3577E7F5595B494687818149EE168FEBC2C03
2025-07-15 17:16:52.277, Lookup, 38206c7e-1f16-4291-97a3-f36dc9db0218, 7BB3577E7F5595B494687818149EE168FEBC2C03, 0D72C8E05CBB0A1D1B6071D976C5CDA18D1A124C
2025-07-15 17:16:52.322, ReplyLookup, 38206c7e-1f16-4291-97a3-f36dc9db0218, 488D91B7237C9FDEC56C70D9374C721A2F230821, 7DEB9A3C72639C3BE93B85AE69F74D98F0EF5558
2025-07-15 17:16:54.972, FindNode, b71b6873-d98c-43df-85ba-ad11678adb92, 488D91B7237C9FDEC56C70D9374C721A2F230821, 488D91B7238C9FDEC56C70D9374C721A2F230821
2025-07-15 17:16:54.972, ReplyFindNode, b71b6873-d98c-43df-85ba-ad11678adb92, 488D91B7237C9FDEC56C70D9374C721A2F230821, 7BB3577E7F5595B494687818149EE168FEBC2C03
2025-07-15 17:16:58.981, FindNode, fe84cad4-2853-40bc-89c7-b24e3a31ce2b, 7BB3577E7F5595B494687818149EE168FEBC2C03, 7BB3577E7F5595B49468781814DEE168FEBC2C03
2025-07-15 17:16:58.981, ReplyFindNode, fe84cad4-2853-40bc-89c7-b24e3a31ce2b, 7BB3577E7F5595B494687818149EE168FEBC2C03, 488D91B7237C9FDEC56C70D9374C721A2F230821
2025-07-15 17:17:06.778, Lookup, 82eae056-4ccf-4d91-85b5-cb2ffcf2d251, 488D91B7237C9FDEC56C70D9374C721A2F230821, 19B0DB1E143F4A74F90E42B5F94281E94BBEADFF
2025-07-15 17:17:06.820, FindNode, 3dcd8f39-04f1-4716-9aa0-df7380f52f9f, 7BB3577E7F5595B494687818149EE168FEBC2C03, 19B0DB1E143F4A74F90E42B5F94281E94BBEADFF
2025-07-15 17:17:06.821, ReplyFindNode, 3dcd8f39-04f1-4716-9aa0-df7380f52f9f, 7BB3577E7F5595B494687818149EE168FEBC2C03, 488D91B7237C9FDEC56C70D9374C721A2F230821
2025-07-15 17:17:06.952, ReplyLookup, 82eae056-4ccf-4d91-85b5-cb2ffcf2d251, 7BB3577E7F5595B494687818149EE168FEBC2C03,
2025-07-15 17:17:06.973, FindNode, 6cf65db8-7091-40a1-ad46-190d5dfd7d3d, 488D91B7237C9FDEC56C70D9374C721A2F230821, 488D91B7237C9FDEC56C7119374C721A2F230821
2025-07-15 17:17:06.973, ReplyFindNode, 6cf65db8-7091-40a1-ad46-190d5dfd7d3d, 488D91B7237C9FDEC56C70D9374C721A2F230821, 7BB3577E7F5595B494687818149EE168FEBC2C03
2025-07-15 17:17:07.277, Lookup, 648fa4b4-11b6-4720-91f4-280382537649, 7BB3577E7F5595B494687818149EE168FEBC2C03, 0D72C8E05CBB0A1D1B6071D976C5CDA18D1A124C
2025-07-15 17:17:07.322, ReplyLookup, 648fa4b4-11b6-4720-91f4-280382537649, 488D91B7237C9FDEC56C70D9374C721A2F230821, 7DEB9A3C72639C3BE93B85AE69F74D98F0EF5558
2025-07-15 17:17:10.983, FindNode, 48151bc9-9883-4094-9253-76ad9f53e855, 7BB3577E7F5595B494687818149EE168FEBC2C03, 7BB3577E7F5595F494687818149EE168FEBC2C03
2025-07-15 17:17:10.984, ReplyFindNode, 48151bc9-9883-4094-9253-76ad9f53e855, 7BB3577E7F5595B494687818149EE168FEBC2C03, 488D91B7237C9FDEC56C70D9374C721A2F230821
2025-07-15 17:17:18.973, FindNode, 2a937216-74bf-4a54-bcfe-892ae5a6d60a, 488D91B7237C9FDEC56C70D9374C721A2F230821, 488D91B7237D9FDEC56C70D9374C721A2F230821
2025-07-15 17:17:18.974, ReplyFindNode, 2a937216-74bf-4a54-bcfe-892ae5a6d60a, 488D91B7237C9FDEC56C70D9374C721A2F230821, 7BB3577E7F5595B494687818149EE168FEBC2C03
2025-07-15 17:17:21.778, Lookup, 04fd23bd-79ff-4e10-a8fe-16b4d92363cf, 488D91B7237C9FDEC56C70D9374C721A2F230821, 40ABDF0A8CBD27C671039AD086F8E05FF204A138
2025-07-15 17:17:21.820, FindNode, ddb6a26c-b931-46e7-8a73-937492dccdd7, 7BB3577E7F5595B494687818149EE168FEBC2C03, 40ABDF0A8CBD27C671039AD086F8E05FF204A138
2025-07-15 17:17:21.821, ReplyFindNode, ddb6a26c-b931-46e7-8a73-937492dccdd7, 7BB3577E7F5595B494687818149EE168FEBC2C03, 488D91B7237C9FDEC56C70D9374C721A2F230821
2025-07-15 17:17:21.952, ReplyLookup, 04fd23bd-79ff-4e10-a8fe-16b4d92363cf, 7BB3577E7F5595B494687818149EE168FEBC2C03,
2025-07-15 17:17:22.279, Lookup, 9f680726-b715-4103-94d5-19e29c674210, 7BB3577E7F5595B494687818149EE168FEBC2C03, 26613E766BFA6AABB037628873F09AEA94A876A2
2025-07-15 17:17:22.325, ReplyLookup, 9f680726-b715-4103-94d5-19e29c674210, 488D91B7237C9FDEC56C70D9374C721A2F230821,
2025-07-15 17:17:22.984, FindNode, 84e79f8d-155d-489c-b1ae-0e9577d02091, 7BB3577E7F5595B494687818149EE168FEBC2C03, 7BB3577E7F559DB494687818149EE168FEBC2C03
2025-07-15 17:17:22.984, ReplyFindNode, 84e79f8d-155d-489c-b1ae-0e9577d02091, 7BB3577E7F5595B494687818149EE168FEBC2C03, 488D91B7237C9FDEC56C70D9374C721A2F230821
2025-07-15 17:17:30.974, FindNode, c5e0198e-d684-42e1-8b38-c3c04ddd0d7e, 488D91B7237C9FDEC56C70D9374C721A2F230821, 488D91B7237CDFDEC56C70D9374C721A2F230821
2025-07-15 17:17:30.974, ReplyFindNode, c5e0198e-d684-42e1-8b38-c3c04ddd0d7e, 488D91B7237C9FDEC56C70D9374C721A2F230821, 7BB3577E7F5595B494687818149EE168FEBC2C03
2025-07-15 17:17:34.985, FindNode, a5ab5b9f-b383-486c-bc83-e0d863751bb0, 7BB3577E7F5595B494687818149EE168FEBC2C03, 7BB3577E7F5595B494687818159EE168FEBC2C03
2025-07-15 17:17:34.985, ReplyFindNode, a5ab5b9f-b383-486c-bc83-e0d863751bb0, 7BB3577E7F5595B494687818149EE168FEBC2C03, 488D91B7237C9FDEC56C70D9374C721A2F230821
2025-07-15 17:17:36.778, Remove, e77c15c9-c832-4b58-8227-828d08fdb7f0, 488D91B7237C9FDEC56C70D9374C721A2F230821, F83AFDBF1E4A7279A5E4A0D63C7D2F354EB5E3C7, C46DF3FBA59172BD0B1E825BA5E0C1F5A109E510
2025-07-15 17:17:36.820, FindNode, 12cf549b-c28d-494a-a6e6-36e079d0238f, 7BB3577E7F5595B494687818149EE168FEBC2C03, F83AFDBF1E4A7279A5E4A0D63C7D2F354EB5E3C7
2025-07-15 17:17:36.821, ReplyFindNode, 12cf549b-c28d-494a-a6e6-36e079d0238f, 7BB3577E7F5595B494687818149EE168FEBC2C03, 488D91B7237C9FDEC56C70D9374C721A2F230821
2025-07-15 17:17:36.912, ReplyRemove, e77c15c9-c832-4b58-8227-828d08fdb7f0, 7BB3577E7F5595B494687818149EE168FEBC2C03
2025-07-15 17:17:37.279, Lookup, 1b152003-fa0d-4c3f-8db2-83c457798a17, 7BB3577E7F5595B494687818149EE168FEBC2C03, 8953B8A7BD064050D5F41F201FF0FB3049A97373
2025-07-15 17:17:37.321, ReplyLookup, 1b152003-fa0d-4c3f-8db2-83c457798a17, 488D91B7237C9FDEC56C70D9374C721A2F230821,
2025-07-15 17:17:42.975, FindNode, ca130076-8098-4b8a-bef9-42ad5424009e, 488D91B7237C9FDEC56C70D9374C721A2F230821, 488D91B7237C9FDEC56C70D9374D721A2F230821
2025-07-15 17:17:42.975, ReplyFindNode, ca130076-8098-4b8a-bef9-42ad5424009e, 488D91B7237C9FDEC56C70D9374C721A2F230821, 7BB3577E7F5595B494687818149EE168FEBC2C03
2025-07-15 17:17:46.985, FindNode, f5de4047-85a9-4322-847f-eb986e2f1a89, 7BB3577E7F5595B494687818149EE168FEBC2C03, 7BB3D77E7F5595B494687818149EE168FEBC2C03
2025-07-15 17:17:46.985, ReplyFindNode, f5de4047-85a9-4322-847f-eb986e2f1a89, 7BB3577E7F5595B494687818149EE168FEBC2C03, 488D91B7237C9FDEC56C70D9374C721A2F230821
2025-07-15 17:17:51.778, Lookup, accfc6ce-99bd-453c-92b9-fa221492d8f1, 488D91B7237C9FDEC56C70D9374C721A2F230821, 802FEE370E9087DF936129805824CE17CD2E9535
2025-07-15 17:17:51.820, FindNode, 89e725d1-c22a-40f8-bd2e-8b0d9d117626, 7BB3577E7F5595B494687818149EE168FEBC2C03, 802FEE370E9087DF936129805824CE17CD2E9535
2025-07-15 17:17:51.821, ReplyFindNode, 89e725d1-c22a-40f8-bd2e-8b0d9d117626, 7BB3577E7F5595B494687818149EE168FEBC2C03, 488D91B7237C9FDEC56C70D9374C721A2F230821
2025-07-15 17:17:51.952, ReplyLookup, accfc6ce-99bd-453c-92b9-fa221492d8f1, 7BB3577E7F5595B494687818149EE168FEBC2C03,
2025-07-15 17:17:52.279, Store, 419f0308-2d1d-4e56-b22d-747fec98fef1, 7BB3577E7F5595B494687818149EE168FEBC2C03, 0F10C12292978628EC49BB62F7D445E8E99F3C25, 580A928439F2EFF0F5ED81454EBF7EE7EFE93F21
2025-07-15 17:17:52.324, ReplyStore, 419f0308-2d1d-4e56-b22d-747fec98fef1, 488D91B7237C9FDEC56C70D9374C721A2F230821
2025-07-15 17:17:54.975, FindNode, 8ff24e66-e95f-4a3e-9a8e-440cf967999f, 488D91B7237C9FDEC56C70D9374C721A2F230821, 488D91B7237C9FDEC56C70D93B4C721A2F230821
2025-07-15 17:17:54.976, ReplyFindNode, 8ff24e66-e95f-4a3e-9a8e-440cf967999f, 488D91B7237C9FDEC56C70D9374C721A2F230821, 7BB3577E7F5595B494687818149EE168FEBC2C03
2025-07-15 17:17:58.986, FindNode, c6803da4-f2f4-4dba-9141-468b1daf05ab, 7BB3577E7F5595B494687818149EE168FEBC2C03, 7BB3577E7F55963494687818149EE168FEBC2C03
2025-07-15 17:17:58.986, ReplyFindNode, c6803da4-f2f4-4dba-9141-468b1daf05ab, 7BB3577E7F5595B494687818149EE168FEBC2C03, 488D91B7237C9FDEC56C70D9374C721A2F230821
2025-07-15 17:18:06.781, Remove, 25630f89-41b4-4dbe-b8a1-0c2993fdd06c, 488D91B7237C9FDEC56C70D9374C721A2F230821, A1CCFF8CC5D4030BF2DB965FF3A35D2545AF9E63, 03794D999C6536EB4E17A75EA1E309DE70801530
2025-07-15 17:18:06.824, FindNode, 5eb7ae86-67c5-4f3a-9820-5518cd71adc6, 7BB3577E7F5595B494687818149EE168FEBC2C03, A1CCFF8CC5D4030BF2DB965FF3A35D2545AF9E63
2025-07-15 17:18:06.825, ReplyFindNode, 5eb7ae86-67c5-4f3a-9820-5518cd71adc6, 7BB3577E7F5595B494687818149EE168FEBC2C03, 488D91B7237C9FDEC56C70D9374C721A2F230821
2025-07-15 17:18:06.839, ReplyRemove, 25630f89-41b4-4dbe-b8a1-0c2993fdd06c, 7BB3577E7F5595B494687818149EE168FEBC2C03
2025-07-15 17:18:06.976, FindNode, 6ea6e1ea-4f88-4316-8d7b-f3d2d42c84d0, 488D91B7237C9FDEC56C70D9374C721A2F230821, 488D91B723FC9FDEC56C70D9374C721A2F230821
2025-07-15 17:18:06.977, ReplyFindNode, 6ea6e1ea-4f88-4316-8d7b-f3d2d42c84d0, 488D91B7237C9FDEC56C70D9374C721A2F230821, 7BB3577E7F5595B494687818149EE168FEBC2C03
2025-07-15 17:18:07.280, Lookup, c179f59d-6ba2-420b-8558-bb1790176028, 7BB3577E7F5595B494687818149EE168FEBC2C03, 0D72C8E05CBB0A1D1B6071D976C5CDA18D1A124C
2025-07-15 17:18:07.326, ReplyLookup, c179f59d-6ba2-420b-8558-bb1790176028, 488D91B7237C9FDEC56C70D9374C721A2F230821, 7DEB9A3C72639C3BE93B85AE69F74D98F0EF5558
2025-07-15 17:18:10.986, FindNode, 60e6fad6-778c-4fbd-b3ea-e6b6c57f62db, 7BB3577E7F5595B494687818149EE168FEBC2C03, 7BB3577E7F5595B494687818149EE168FEBC2C05
2025-07-15 17:18:10.987, ReplyFindNode, 60e6fad6-778c-4fbd-b3ea-e6b6c57f62db, 7BB3577E7F5595B494687818149EE168FEBC2C03, 488D91B7237C9FDEC56C70D9374C721A2F230821
2025-07-15 17:18:18.977, FindNode, 9716a0bd-aff7-4dc1-9c47-a89e0cdea835, 488D91B7237C9FDEC56C70D9374C721A2F230821, 488D91B7237C9FDEC56C70D9374C761A2F230821
2025-07-15 17:18:18.978, ReplyFindNode, 9716a0bd-aff7-4dc1-9c47-a89e0cdea835, 488D91B7237C9FDEC56C70D9374C721A2F230821, 7BB3577E7F5595B494687818149EE168FEBC2C03
2025-07-15 17:18:21.780, Lookup, e1adf874-dd27-4504-8ca1-fe14791256aa, 488D91B7237C9FDEC56C70D9374C721A2F230821, 4972B78B75E1FBE7528F0BCC0C7B0CF7E0E6BB0B
2025-07-15 17:18:21.826, ReplyLookup, e1adf874-dd27-4504-8ca1-fe14791256aa, 7BB3577E7F5595B494687818149EE168FEBC2C03, CD80598EC517EAE9A358EDA9FD94A445051EF53F
2025-07-15 17:18:22.280, Lookup, 362d822b-a452-4618-b42e-a70e0baad3a8, 7BB3577E7F5595B494687818149EE168FEBC2C03, F283F65B4F3BC43D5CDE609449592EF014AD317E
2025-07-15 17:18:22.326, ReplyLookup, 362d822b-a452-4618-b42e-a70e0baad3a8, 488D91B7237C9FDEC56C70D9374C721A2F230821, 86954B0558ACBE6787B6FB108FCA3CA9645718FA
2025-07-15 17:18:22.987, FindNode, 339079bd-0d4b-487c-879d-951cfda11d9c, 7BB3577E7F5595B494687818149EE168FEBC2C03, 7BB3577E7F5595B494687818149EE1E8FEBC2C03
2025-07-15 17:18:22.988, ReplyFindNode, 339079bd-0d4b-487c-879d-951cfda11d9c, 7BB3577E7F5595B494687818149EE168FEBC2C03, 488D91B7237C9FDEC56C70D9374C721A2F230821
2025-07-15 17:18:30.978, FindNode, 1217274a-1c77-4e0e-9964-6f4404e833ba, 488D91B7237C9FDEC56C70D9374C721A2F230821, 488D99B7237C9FDEC56C70D9374C721A2F230821
2025-07-15 17:18:30.978, ReplyFindNode, 1217274a-1c77-4e0e-9964-6f4404e833ba, 488D91B7237C9FDEC56C70D9374C721A2F230821, 7BB3577E7F5595B494687818149EE168FEBC2C03
2025-07-15 17:18:34.988, FindNode, 4f622020-0d84-4c1c-b93c-9c9d16316a88, 7BB3577E7F5595B494687818149EE168FEBC2C03, 7BB3577E7F5595B49468B818149EE168FEBC2C03
2025-07-15 17:18:34.988, ReplyFindNode, 4f622020-0d84-4c1c-b93c-9c9d16316a88, 7BB3577E7F5595B494687818149EE168FEBC2C03, 488D91B7237C9FDEC56C70D9374C721A2F230821
2025-07-15 17:18:36.780, Remove, ea062415-8bc7-45d7-a9aa-a3d2def0b386, 488D91B7237C9FDEC56C70D9374C721A2F230821, 4972B78B75E1FBE7528F0BCC0C7B0CF7E0E6BB0B, CD80598EC517EAE9A358EDA9FD94A445051EF53F
2025-07-15 17:18:36.824, ReplyRemove, ea062415-8bc7-45d7-a9aa-a3d2def0b386, 7BB3577E7F5595B494687818149EE168FEBC2C03
2025-07-15 17:18:37.279, Lookup, 2a86a181-0ea7-4563-aefa-03c8891dc473, 7BB3577E7F5595B494687818149EE168FEBC2C03, F283F65B4F3BC43D5CDE609449592EF014AD317E
2025-07-15 17:18:37.322, ReplyLookup, 2a86a181-0ea7-4563-aefa-03c8891dc473, 488D91B7237C9FDEC56C70D9374C721A2F230821, 86954B0558ACBE6787B6FB108FCA3CA9645718FA
2025-07-15 17:18:42.979, FindNode, b20f80b7-5690-4676-b903-9181b73ea8c4, 488D91B7237C9FDEC56C70D9374C721A2F230821, 488F91B7237C9FDEC56C70D9374C721A2F230821
2025-07-15 17:18:42.979, ReplyFindNode, b20f80b7-5690-4676-b903-9181b73ea8c4, 488D91B7237C9FDEC56C70D9374C721A2F230821, 7BB3577E7F5595B494687818149EE168FEBC2C03
2025-07-15 17:18:46.989, FindNode, 419d3318-1bc4-4b52-8379-f31da8c5d6f7, 7BB3577E7F5595B494687818149EE168FEBC2C03, 7BB3577E7F5595B494687818149EE168FF3C2C03
2025-07-15 17:18:46.989, ReplyFindNode, 419d3318-1bc4-4b52-8379-f31da8c5d6f7, 7BB3577E7F5595B494687818149EE168FEBC2C03, 488D91B7237C9FDEC56C70D9374C721A2F230821
2025-07-15 17:18:51.781, Lookup, 28ee545c-fa44-4f6e-9f01-301114f6715e, 488D91B7237C9FDEC56C70D9374C721A2F230821, 20A5461E257D93E9FCBFB4F19F2A9243AFEE918C
2025-07-15 17:18:51.824, FindNode, 9fa8ca9d-6332-4981-8bfe-b6a301110ebd, 7BB3577E7F5595B494687818149EE168FEBC2C03, 20A5461E257D93E9FCBFB4F19F2A9243AFEE918C
2025-07-15 17:18:51.825, ReplyFindNode, 9fa8ca9d-6332-4981-8bfe-b6a301110ebd, 7BB3577E7F5595B494687818149EE168FEBC2C03, 488D91B7237C9FDEC56C70D9374C721A2F230821
2025-07-15 17:18:51.957, ReplyLookup, 28ee545c-fa44-4f6e-9f01-301114f6715e, 7BB3577E7F5595B494687818149EE168FEBC2C03, B4841A6CFF87141380778AF4406DCD14D736B6E1
2025-07-15 17:18:52.279, Lookup, b94b4af6-f0d3-435c-8ee8-98580ff5fba2, 7BB3577E7F5595B494687818149EE168FEBC2C03, BE3862AEB1338B90C0556BD3B1843470B831D205
2025-07-15 17:18:52.321, ReplyLookup, b94b4af6-f0d3-435c-8ee8-98580ff5fba2, 488D91B7237C9FDEC56C70D9374C721A2F230821,
2025-07-15 17:18:54.979, FindNode, 090f7721-b213-4a85-8d68-f8cd91d06c9c, 488D91B7237C9FDEC56C70D9374C721A2F230821, 488D91D7237C9FDEC56C70D9374C721A2F230821
2025-07-15 17:18:54.979, ReplyFindNode, 090f7721-b213-4a85-8d68-f8cd91d06c9c, 488D91B7237C9FDEC56C70D9374C721A2F230821, 7BB3577E7F5595B494687818149EE168FEBC2C03
2025-07-15 17:18:58.989, FindNode, 25780141-5146-4a4a-8320-fd87e121b32f, 7BB3577E7F5595B494687818149EE168FEBC2C03, 7BB3577E7F5595B494687818149EE188FEBC2C03
2025-07-15 17:18:58.989, ReplyFindNode, 25780141-5146-4a4a-8320-fd87e121b32f, 7BB3577E7F5595B494687818149EE168FEBC2C03, 488D91B7237C9FDEC56C70D9374C721A2F230821
2025-07-15 17:19:06.780, Store, afef9e4c-4ef0-4e14-9d4d-734a85abb8f3, 488D91B7237C9FDEC56C70D9374C721A2F230821, CA16F112A365243121E2146E747A6A7EE1D81533, F795060E4622240A4FC257DAD04AE0ECE508C1C3
2025-07-15 17:19:06.824, FindNode, 6ec287c1-204c-4aa5-a5b0-5835afd7ac77, 7BB3577E7F5595B494687818149EE168FEBC2C03, CA16F112A365243121E2146E747A6A7EE1D81533
2025-07-15 17:19:06.825, ReplyFindNode, 6ec287c1-204c-4aa5-a5b0-5835afd7ac77, 7BB3577E7F5595B494687818149EE168FEBC2C03, 488D91B7237C9FDEC56C70D9374C721A2F230821
2025-07-15 17:19:06.916, ReplyStore, afef9e4c-4ef0-4e14-9d4d-734a85abb8f3, 7BB3577E7F5595B494687818149EE168FEBC2C03
2025-07-15 17:19:06.980, FindNode, 5df625ba-94ea-4296-bf5a-982c26da5324, 488D91B7237C9FDEC56C70D9374C721A2F230821, 488D91B7237C9FDEC56C70D9374C721A2F430821
2025-07-15 17:19:06.980, ReplyFindNode, 5df625ba-94ea-4296-bf5a-982c26da5324, 488D91B7237C9FDEC56C70D9374C721A2F230821, 7BB3577E7F5595B494687818149EE168FEBC2C03
2025-07-15 17:19:07.280, Store, 44c9c8b3-a3dc-4eeb-bd7b-71bf81c655b1, 7BB3577E7F5595B494687818149EE168FEBC2C03, 0C0D55BB44BDD82AE345763EE07A0F2640389669, B6D5D2F8B36E629C224D81AD2915EDDE5CA1049C
2025-07-15 17:19:07.324, ReplyStore, 44c9c8b3-a3dc-4eeb-bd7b-71bf81c655b1, 488D91B7237C9FDEC56C70D9374C721A2F230821
2025-07-15 17:19:10.990, FindNode, bbbd5710-2764-4279-a6ca-dfc31d4077b8, 7BB3577E7F5595B494687818149EE168FEBC2C03, 7BB3577E7F5595B494687818149EE168FEC42C03
2025-07-15 17:19:10.990, ReplyFindNode, bbbd5710-2764-4279-a6ca-dfc31d4077b8, 7BB3577E7F5595B494687818149EE168FEBC2C03, 488D91B7237C9FDEC56C70D9374C721A2F230821
2025-07-15 17:19:18.980, FindNode, b2cd8f83-9e87-4803-8b2a-7c6c373db45a, 488D91B7237C9FDEC56C70D9374C721A2F230821, 488D99B7237C9FDEC56C70D9374C721A2F230821
2025-07-15 17:19:18.981, ReplyFindNode, b2cd8f83-9e87-4803-8b2a-7c6c373db45a, 488D91B7237C9FDEC56C70D9374C721A2F230821, 7BB3577E7F5595B494687818149EE168FEBC2C03
2025-07-15 17:19:21.780, Lookup, 82b16f18-0f0b-40f4-b7ac-9bfda1096ece, 488D91B7237C9FDEC56C70D9374C721A2F230821, 20A5461E257D93E9FCBFB4F19F2A9243AFEE918C
2025-07-15 17:19:21.824, FindNode, 7a8c1f88-e3dd-4b2f-8c4e-fc5bf5bf18c4, 7BB3577E7F5595B494687818149EE168FEBC2C03, 20A5461E257D93E9FCBFB4F19F2A9243AFEE918C
2025-07-15 17:19:21.824, ReplyFindNode, 7a8c1f88-e3dd-4b2f-8c4e-fc5bf5bf18c4, 7BB3577E7F5595B494687818149EE168FEBC2C03, 488D91B7237C9FDEC56C70D9374C721A2F230821
2025-07-15 17:19:21.915, ReplyLookup, 82b16f18-0f0b-40f4-b7ac-9bfda1096ece, 7BB3577E7F5595B494687818149EE168FEBC2C03, B4841A6CFF87141380778AF4406DCD14D736B6E1
2025-07-15 17:19:22.281, Lookup, a3533a03-a396-47ce-bb88-36405ee65392, 7BB3577E7F5595B494687818149EE168FEBC2C03, 663FA5C146D4E62D872BDDAF4EECA1C34E6390B9
2025-07-15 17:19:22.324, FindNode, 87647e16-4899-4351-8cfe-e545363b2f89, 488D91B7237C9FDEC56C70D9374C721A2F230821, 663FA5C146D4E62D872BDDAF4EECA1C34E6390B9
2025-07-15 17:19:22.325, ReplyFindNode, 87647e16-4899-4351-8cfe-e545363b2f89, 488D91B7237C9FDEC56C70D9374C721A2F230821, 7BB3577E7F5595B494687818149EE168FEBC2C03
2025-07-15 17:19:22.456, ReplyLookup, a3533a03-a396-47ce-bb88-36405ee65392, 488D91B7237C9FDEC56C70D9374C721A2F230821,
2025-07-15 17:19:22.990, FindNode, d8a42f81-7dcd-4682-91dc-7a764cea0649, 7BB3577E7F5595B494687818149EE168FEBC2C03, 7BB3977E7F5595B494687818149EE168FEBC2C03
2025-07-15 17:19:22.991, ReplyFindNode, d8a42f81-7dcd-4682-91dc-7a764cea0649, 7BB3577E7F5595B494687818149EE168FEBC2C03, 488D91B7237C9FDEC56C70D9374C721A2F230821
2025-07-15 17:19:26.064, EndReadWriteRegimen
2025-07-15 17:19:30.981, FindNode, d682691c-a9d1-4d50-a44f-78048ff0ce8d, 488D91B7237C9FDEC56C70D9374C721A2F230821, 488D91B7237C9FDEC56C72D9374C721A2F230821
2025-07-15 17:19:30.981, ReplyFindNode, d682691c-a9d1-4d50-a44f-78048ff0ce8d, 488D91B7237C9FDEC56C70D9374C721A2F230821, 7BB3577E7F5595B494687818149EE168FEBC2C03
2025-07-15 17:19:34.991, FindNode, 69282290-1435-4268-a174-e962b687f5e1, 7BB3577E7F5595B494687818149EE168FEBC2C03, 7BB3577E7F5595B494687818149EE168FEBC6C03
2025-07-15 17:19:34.991, ReplyFindNode, 69282290-1435-4268-a174-e962b687f5e1, 7BB3577E7F5595B494687818149EE168FEBC2C03, 488D91B7237C9FDEC56C70D9374C721A2F230821
2025-07-15 17:19:42.982, FindNode, fc4034cf-fc16-4176-b8ee-df8e0da29376, 488D91B7237C9FDEC56C70D9374C721A2F230821, 488D91B7237C9FDEC56C7119374C721A2F230821
2025-07-15 17:19:42.982, ReplyFindNode, fc4034cf-fc16-4176-b8ee-df8e0da29376, 488D91B7237C9FDEC56C70D9374C721A2F230821, 7BB3577E7F5595B494687818149EE168FEBC2C03
2025-07-15 17:19:46.992, FindNode, efb25293-b61d-4985-876a-af0082aefbb0, 7BB3577E7F5595B494687818149EE168FEBC2C03, 7BB3577E7F5595B494687818149EF168FEBC2C03
2025-07-15 17:19:46.992, ReplyFindNode, efb25293-b61d-4985-876a-af0082aefbb0, 7BB3577E7F5595B494687818149EE168FEBC2C03, 488D91B7237C9FDEC56C70D9374C721A2F230821
2025-07-15 17:19:54.982, FindNode, 47793bc5-9873-4821-9b8a-8d7cf4019552, 488D91B7237C9FDEC56C70D9374C721A2F230821, 488D91B7237C9FDEC56D70D9374C721A2F230821
2025-07-15 17:19:54.983, ReplyFindNode, 47793bc5-9873-4821-9b8a-8d7cf4019552, 488D91B7237C9FDEC56C70D9374C721A2F230821, 7BB3577E7F5595B494687818149EE168FEBC2C03
2025-07-15 17:19:58.992, FindNode, 74687dbc-00db-42c7-94f8-2d68df76b004, 7BB3577E7F5595B494687818149EE168FEBC2C03, 7BB3577E7F5595B494687818149EE168FFBC2C03
2025-07-15 17:19:58.992, ReplyFindNode, 74687dbc-00db-42c7-94f8-2d68df76b004, 7BB3577E7F5595B494687818149EE168FEBC2C03, 488D91B7237C9FDEC56C70D9374C721A2F230821
2025-07-15 17:20:06.983, FindNode, 6c55b868-06c9-428f-b8bb-f33b01506a0a, 488D91B7237C9FDEC56C70D9374C721A2F230821, 488D95B7237C9FDEC56C70D9374C721A2F230821
2025-07-15 17:20:06.983, ReplyFindNode, 6c55b868-06c9-428f-b8bb-f33b01506a0a, 488D91B7237C9FDEC56C70D9374C721A2F230821, 7BB3577E7F5595B494687818149EE168FEBC2C03
2025-07-15 17:20:10.993, FindNode, 3c933343-cd79-4f1b-8057-cf73562f3e5e, 7BB3577E7F5595B494687818149EE168FEBC2C03, 7BB3577E7F5595B494687818149EE168FEBC2C05
2025-07-15 17:20:10.993, ReplyFindNode, 3c933343-cd79-4f1b-8057-cf73562f3e5e, 7BB3577E7F5595B494687818149EE168FEBC2C03, 488D91B7237C9FDEC56C70D9374C721A2F230821
2025-07-15 17:20:18.984, FindNode, 80cbd707-a1ec-4445-9683-358aa98d9453, 488D91B7237C9FDEC56C70D9374C721A2F230821, 488D91B7237C9FDEC56C70E1374C721A2F230821
2025-07-15 17:20:18.984, ReplyFindNode, 80cbd707-a1ec-4445-9683-358aa98d9453, 488D91B7237C9FDEC56C70D9374C721A2F230821, 7BB3577E7F5595B494687818149EE168FEBC2C03
2025-07-15 17:20:22.993, FindNode, 5a04da19-dc46-4cb8-a439-86ab919f07f9, 7BB3577E7F5595B494687818149EE168FEBC2C03, 7BB3577E7F5595B494687818149EE16900BC2C03
2025-07-15 17:20:22.994, ReplyFindNode, 5a04da19-dc46-4cb8-a439-86ab919f07f9, 7BB3577E7F5595B494687818149EE168FEBC2C03, 488D91B7237C9FDEC56C70D9374C721A2F230821
2025-07-15 17:20:26.753, StartReadOnlyRegimen
2025-07-15 17:20:27.262, Lookup, c4ddd20b-bc52-42d6-acd2-9d6d11ff0642, 488D91B7237C9FDEC56C70D9374C721A2F230821, 20A5461E257D93E9FCBFB4F19F2A9243AFEE918C
2025-07-15 17:20:27.308, FindNode, d33c653f-c1ed-4fec-bb79-540fac092cba, 7BB3577E7F5595B494687818149EE168FEBC2C03, 20A5461E257D93E9FCBFB4F19F2A9243AFEE918C
2025-07-15 17:20:27.309, ReplyFindNode, d33c653f-c1ed-4fec-bb79-540fac092cba, 7BB3577E7F5595B494687818149EE168FEBC2C03, 488D91B7237C9FDEC56C70D9374C721A2F230821
2025-07-15 17:20:27.399, ReplyLookup, c4ddd20b-bc52-42d6-acd2-9d6d11ff0642, 7BB3577E7F5595B494687818149EE168FEBC2C03, B4841A6CFF87141380778AF4406DCD14D736B6E1
2025-07-15 17:20:27.776, Lookup, 1c62aa67-0c0c-42c7-8fa0-61cba2ded904, 7BB3577E7F5595B494687818149EE168FEBC2C03, 0F10C12292978628EC49BB62F7D445E8E99F3C25
2025-07-15 17:20:27.823, ReplyLookup, 1c62aa67-0c0c-42c7-8fa0-61cba2ded904, 488D91B7237C9FDEC56C70D9374C721A2F230821, 580A928439F2EFF0F5ED81454EBF7EE7EFE93F21
2025-07-15 17:20:30.984, FindNode, ed16c21a-877d-4341-8ae1-2eb0b18ca0f5, 488D91B7237C9FDEC56C70D9374C721A2F230821, C88D91B7237C9FDEC56C70D9374C721A2F230821
2025-07-15 17:20:30.986, FindNode, 50220eae-4b1f-4bd6-a6a8-3062389b067e, 7BB3577E7F5595B494687818149EE168FEBC2C03, C88D91B7237C9FDEC56C70D9374C721A2F230821
2025-07-15 17:20:30.986, ReplyFindNode, 50220eae-4b1f-4bd6-a6a8-3062389b067e, 7BB3577E7F5595B494687818149EE168FEBC2C03, 488D91B7237C9FDEC56C70D9374C721A2F230821
2025-07-15 17:20:31.029, ReplyFindNode, ed16c21a-877d-4341-8ae1-2eb0b18ca0f5, 488D91B7237C9FDEC56C70D9374C721A2F230821, 7BB3577E7F5595B494687818149EE168FEBC2C03
2025-07-15 17:20:34.994, FindNode, 66f9a67c-f64a-487c-a61f-b2041ac0bfc2, 7BB3577E7F5595B494687818149EE168FEBC2C03, 7BB3577E7F5599B494687818149EE168FEBC2C03
2025-07-15 17:20:34.994, ReplyFindNode, 66f9a67c-f64a-487c-a61f-b2041ac0bfc2, 7BB3577E7F5595B494687818149EE168FEBC2C03, 488D91B7237C9FDEC56C70D9374C721A2F230821
2025-07-15 17:20:42.261, Lookup, e3daaebe-f06b-4188-b0ac-e605b549f5fd, 488D91B7237C9FDEC56C70D9374C721A2F230821, 20A5461E257D93E9FCBFB4F19F2A9243AFEE918C
2025-07-15 17:20:42.304, FindNode, 66f7f6db-4594-4a9b-bc11-ea2715e32c1a, 7BB3577E7F5595B494687818149EE168FEBC2C03, 20A5461E257D93E9FCBFB4F19F2A9243AFEE918C
2025-07-15 17:20:42.304, ReplyFindNode, 66f7f6db-4594-4a9b-bc11-ea2715e32c1a, 7BB3577E7F5595B494687818149EE168FEBC2C03, 488D91B7237C9FDEC56C70D9374C721A2F230821
2025-07-15 17:20:42.395, ReplyLookup, e3daaebe-f06b-4188-b0ac-e605b549f5fd, 7BB3577E7F5595B494687818149EE168FEBC2C03, B4841A6CFF87141380778AF4406DCD14D736B6E1
2025-07-15 17:20:42.775, Lookup, a0488681-2377-43a3-8c5a-70569e2ca177, 7BB3577E7F5595B494687818149EE168FEBC2C03, F283F65B4F3BC43D5CDE609449592EF014AD317E
2025-07-15 17:20:42.822, ReplyLookup, a0488681-2377-43a3-8c5a-70569e2ca177, 488D91B7237C9FDEC56C70D9374C721A2F230821, 86954B0558ACBE6787B6FB108FCA3CA9645718FA
2025-07-15 17:20:43.029, FindNode, 909373a0-b76e-46c7-b70b-2eee3387e8f2, 488D91B7237C9FDEC56C70D9374C721A2F230821, 488D91B7237C9FDEC56C70DB374C721A2F230821
2025-07-15 17:20:43.029, ReplyFindNode, 909373a0-b76e-46c7-b70b-2eee3387e8f2, 488D91B7237C9FDEC56C70D9374C721A2F230821, 7BB3577E7F5595B494687818149EE168FEBC2C03
2025-07-15 17:20:46.994, FindNode, f867bc8a-0e68-4f25-82e7-060db9e5c0d7, 7BB3577E7F5595B494687818149EE168FEBC2C03, 7BB3577E7F5595B494687818149EE16902BC2C03
2025-07-15 17:20:46.995, ReplyFindNode, f867bc8a-0e68-4f25-82e7-060db9e5c0d7, 7BB3577E7F5595B494687818149EE168FEBC2C03, 488D91B7237C9FDEC56C70D9374C721A2F230821
2025-07-15 17:20:55.030, FindNode, f39d9147-97e6-442d-aad2-e942def5d9fe, 488D91B7237C9FDEC56C70D9374C721A2F230821, 488D91B7237CA05EC56C70D9374C721A2F230821
2025-07-15 17:20:55.030, ReplyFindNode, f39d9147-97e6-442d-aad2-e942def5d9fe, 488D91B7237C9FDEC56C70D9374C721A2F230821, 7BB3577E7F5595B494687818149EE168FEBC2C03
2025-07-15 17:20:57.262, Lookup, c3c8522e-8e85-4814-9439-dd08cf064779, 488D91B7237C9FDEC56C70D9374C721A2F230821, CA16F112A365243121E2146E747A6A7EE1D81533
2025-07-15 17:20:57.304, FindNode, 0a98c798-2a00-49f5-9a1f-d223e2bf6086, 7BB3577E7F5595B494687818149EE168FEBC2C03, CA16F112A365243121E2146E747A6A7EE1D81533
2025-07-15 17:20:57.304, ReplyFindNode, 0a98c798-2a00-49f5-9a1f-d223e2bf6086, 7BB3577E7F5595B494687818149EE168FEBC2C03, 488D91B7237C9FDEC56C70D9374C721A2F230821
2025-07-15 17:20:57.395, ReplyLookup, c3c8522e-8e85-4814-9439-dd08cf064779, 7BB3577E7F5595B494687818149EE168FEBC2C03, F795060E4622240A4FC257DAD04AE0ECE508C1C3
2025-07-15 17:20:57.775, Lookup, 4a9b1e87-8217-43f4-a2fe-6b13d5cedfc9, 7BB3577E7F5595B494687818149EE168FEBC2C03, F283F65B4F3BC43D5CDE609449592EF014AD317E
2025-07-15 17:20:57.822, ReplyLookup, 4a9b1e87-8217-43f4-a2fe-6b13d5cedfc9, 488D91B7237C9FDEC56C70D9374C721A2F230821, 86954B0558ACBE6787B6FB108FCA3CA9645718FA
2025-07-15 17:20:58.995, FindNode, 9303dab4-51ec-44ed-9b1e-2ac89a0e637b, 7BB3577E7F5595B494687818149EE168FEBC2C03, 7BB3577E7F5595F494687818149EE168FEBC2C03
2025-07-15 17:20:58.995, ReplyFindNode, 9303dab4-51ec-44ed-9b1e-2ac89a0e637b, 7BB3577E7F5595B494687818149EE168FEBC2C03, 488D91B7237C9FDEC56C70D9374C721A2F230821
2025-07-15 17:21:07.030, FindNode, 76647d91-8135-4f46-84f8-f1c11b74b959, 488D91B7237C9FDEC56C70D9374C721A2F230821, 488E11B7237C9FDEC56C70D9374C721A2F230821
2025-07-15 17:21:07.030, ReplyFindNode, 76647d91-8135-4f46-84f8-f1c11b74b959, 488D91B7237C9FDEC56C70D9374C721A2F230821, 7BB3577E7F5595B494687818149EE168FEBC2C03
2025-07-15 17:21:10.995, FindNode, 89c5e373-f077-419c-9d86-24fba36e35d5, 7BB3577E7F5595B494687818149EE168FEBC2C03, 7BB3577E7F5595B494687818149EE168FEBC4C03
2025-07-15 17:21:10.996, ReplyFindNode, 89c5e373-f077-419c-9d86-24fba36e35d5, 7BB3577E7F5595B494687818149EE168FEBC2C03, 488D91B7237C9FDEC56C70D9374C721A2F230821
2025-07-15 17:21:12.261, Lookup, ae5709e2-7bd2-4cd8-9f56-3871d91449e8, 488D91B7237C9FDEC56C70D9374C721A2F230821, 20A5461E257D93E9FCBFB4F19F2A9243AFEE918C
2025-07-15 17:21:12.304, FindNode, ddce6cb0-258a-4e05-89c7-5fe67818b2c0, 7BB3577E7F5595B494687818149EE168FEBC2C03, 20A5461E257D93E9FCBFB4F19F2A9243AFEE918C
2025-07-15 17:21:12.304, ReplyFindNode, ddce6cb0-258a-4e05-89c7-5fe67818b2c0, 7BB3577E7F5595B494687818149EE168FEBC2C03, 488D91B7237C9FDEC56C70D9374C721A2F230821
2025-07-15 17:21:12.394, ReplyLookup, ae5709e2-7bd2-4cd8-9f56-3871d91449e8, 7BB3577E7F5595B494687818149EE168FEBC2C03, B4841A6CFF87141380778AF4406DCD14D736B6E1
2025-07-15 17:21:12.775, Lookup, 9e4e2d40-e671-4b59-bb07-cc4ef08d5986, 7BB3577E7F5595B494687818149EE168FEBC2C03, BF88B1F23BD269260A2D45FCDF410296ABCAA4F3
2025-07-15 17:21:12.817, ReplyLookup, 9e4e2d40-e671-4b59-bb07-cc4ef08d5986, 488D91B7237C9FDEC56C70D9374C721A2F230821,
2025-07-15 17:21:19.031, FindNode, 2eb46633-14ec-40cd-910b-a5d561452d0f, 488D91B7237C9FDEC56C70D9374C721A2F230821, 488D91B7237C9FDEC56C70D9374C921A2F230821
2025-07-15 17:21:19.031, ReplyFindNode, 2eb46633-14ec-40cd-910b-a5d561452d0f, 488D91B7237C9FDEC56C70D9374C721A2F230821, 7BB3577E7F5595B494687818149EE168FEBC2C03
2025-07-15 17:21:22.996, FindNode, 9bfed8e6-a60a-45c5-b31f-ac9d3156f719, 7BB3577E7F5595B494687818149EE168FEBC2C03, 7BB3577E7F5595B498687818149EE168FEBC2C03
2025-07-15 17:21:22.996, ReplyFindNode, 9bfed8e6-a60a-45c5-b31f-ac9d3156f719, 7BB3577E7F5595B494687818149EE168FEBC2C03, 488D91B7237C9FDEC56C70D9374C721A2F230821
2025-07-15 17:21:27.261, Lookup, 5807455a-00f6-4f9a-b02c-db877f7a1155, 488D91B7237C9FDEC56C70D9374C721A2F230821, 20A5461E257D93E9FCBFB4F19F2A9243AFEE918C
2025-07-15 17:21:27.304, FindNode, 8d6a87cf-cd54-4ebb-87df-16dd7f298db2, 7BB3577E7F5595B494687818149EE168FEBC2C03, 20A5461E257D93E9FCBFB4F19F2A9243AFEE918C
2025-07-15 17:21:27.304, ReplyFindNode, 8d6a87cf-cd54-4ebb-87df-16dd7f298db2, 7BB3577E7F5595B494687818149EE168FEBC2C03, 488D91B7237C9FDEC56C70D9374C721A2F230821
2025-07-15 17:21:27.395, ReplyLookup, 5807455a-00f6-4f9a-b02c-db877f7a1155, 7BB3577E7F5595B494687818149EE168FEBC2C03, B4841A6CFF87141380778AF4406DCD14D736B6E1
2025-07-15 17:21:27.776, Lookup, d92e7998-003e-40dd-92ab-c5085917ceb0, 7BB3577E7F5595B494687818149EE168FEBC2C03, 0C0D55BB44BDD82AE345763EE07A0F2640389669
2025-07-15 17:21:27.822, ReplyLookup, d92e7998-003e-40dd-92ab-c5085917ceb0, 488D91B7237C9FDEC56C70D9374C721A2F230821, B6D5D2F8B36E629C224D81AD2915EDDE5CA1049C
2025-07-15 17:21:31.031, FindNode, b5fd47fc-902e-4d57-b085-92f833f4a2ac, 488D91B7237C9FDEC56C70D9374C721A2F230821, 488D91B7237C9FDEC56C80D9374C721A2F230821
2025-07-15 17:21:31.032, ReplyFindNode, b5fd47fc-902e-4d57-b085-92f833f4a2ac, 488D91B7237C9FDEC56C70D9374C721A2F230821, 7BB3577E7F5595B494687818149EE168FEBC2C03
2025-07-15 17:21:34.997, FindNode, 41c35f10-0b5d-490f-aa6e-2601a522b340, 7BB3577E7F5595B494687818149EE168FEBC2C03, 7BB35F7E7F5595B494687818149EE168FEBC2C03
2025-07-15 17:21:34.997, ReplyFindNode, 41c35f10-0b5d-490f-aa6e-2601a522b340, 7BB3577E7F5595B494687818149EE168FEBC2C03, 488D91B7237C9FDEC56C70D9374C721A2F230821
2025-07-15 17:21:42.261, Lookup, fe94e9b3-9f7d-4ca5-b1ef-dd3ac4744407, 488D91B7237C9FDEC56C70D9374C721A2F230821, CA16F112A365243121E2146E747A6A7EE1D81533
2025-07-15 17:21:42.304, FindNode, 4ebb2a96-0749-4d6a-9f5e-3f427f622a8b, 7BB3577E7F5595B494687818149EE168FEBC2C03, CA16F112A365243121E2146E747A6A7EE1D81533
2025-07-15 17:21:42.305, ReplyFindNode, 4ebb2a96-0749-4d6a-9f5e-3f427f622a8b, 7BB3577E7F5595B494687818149EE168FEBC2C03, 488D91B7237C9FDEC56C70D9374C721A2F230821
2025-07-15 17:21:42.395, ReplyLookup, fe94e9b3-9f7d-4ca5-b1ef-dd3ac4744407, 7BB3577E7F5595B494687818149EE168FEBC2C03, F795060E4622240A4FC257DAD04AE0ECE508C1C3
2025-07-15 17:21:42.775, Lookup, 34bc67fe-bb86-46c6-8a21-08c429a6c3a1, 7BB3577E7F5595B494687818149EE168FEBC2C03, 0F10C12292978628EC49BB62F7D445E8E99F3C25
2025-07-15 17:21:42.822, ReplyLookup, 34bc67fe-bb86-46c6-8a21-08c429a6c3a1, 488D91B7237C9FDEC56C70D9374C721A2F230821, 580A928439F2EFF0F5ED81454EBF7EE7EFE93F21
2025-07-15 17:21:43.032, FindNode, d56227f6-d545-4156-a671-01befd604949, 488D91B7237C9FDEC56C70D9374C721A2F230821, 488D91B7237C9FDEC56C70D9374C721A2FA30821
2025-07-15 17:21:43.032, ReplyFindNode, d56227f6-d545-4156-a671-01befd604949, 488D91B7237C9FDEC56C70D9374C721A2F230821, 7BB3577E7F5595B494687818149EE168FEBC2C03
2025-07-15 17:21:46.997, FindNode, 3c0c2cb2-c6b2-452f-bfc6-9997de56bdd0, 7BB3577E7F5595B494687818149EE168FEBC2C03, 7BB3577E7F5595B494687898149EE168FEBC2C03
2025-07-15 17:21:46.997, ReplyFindNode, 3c0c2cb2-c6b2-452f-bfc6-9997de56bdd0, 7BB3577E7F5595B494687818149EE168FEBC2C03, 488D91B7237C9FDEC56C70D9374C721A2F230821
2025-07-15 17:21:55.032, FindNode, 7a60fa56-4ce3-4342-84b6-6c2811349266, 488D91B7237C9FDEC56C70D9374C721A2F230821, 488D91B7237C9FDEC5AC70D9374C721A2F230821
2025-07-15 17:21:55.033, ReplyFindNode, 7a60fa56-4ce3-4342-84b6-6c2811349266, 488D91B7237C9FDEC56C70D9374C721A2F230821, 7BB3577E7F5595B494687818149EE168FEBC2C03
2025-07-15 17:21:57.261, Lookup, 022cce20-7750-4469-8bb3-bca61f6e20bb, 488D91B7237C9FDEC56C70D9374C721A2F230821, 4CFC2DCB72FD37A2506CBC756A1E53891DFE7E8F
2025-07-15 17:21:57.275, ReplyLookup, 022cce20-7750-4469-8bb3-bca61f6e20bb, 7BB3577E7F5595B494687818149EE168FEBC2C03,
2025-07-15 17:21:57.775, Lookup, 59119672-2d44-42df-8ce2-e248f1a2943b, 7BB3577E7F5595B494687818149EE168FEBC2C03, 0F10C12292978628EC49BB62F7D445E8E99F3C25
2025-07-15 17:21:57.818, ReplyLookup, 59119672-2d44-42df-8ce2-e248f1a2943b, 488D91B7237C9FDEC56C70D9374C721A2F230821, 580A928439F2EFF0F5ED81454EBF7EE7EFE93F21
2025-07-15 17:21:58.998, FindNode, 36a83849-5b98-4fa3-8fbe-819f70a3de0b, 7BB3577E7F5595B494687818149EE168FEBC2C03, 7BB3577E7F5595B494687818159EE168FEBC2C03
2025-07-15 17:21:58.998, ReplyFindNode, 36a83849-5b98-4fa3-8fbe-819f70a3de0b, 7BB3577E7F5595B494687818149EE168FEBC2C03, 488D91B7237C9FDEC56C70D9374C721A2F230821
2025-07-15 17:22:07.033, FindNode, 29987d64-4bd4-4430-afcd-749ab0214715, 488D91B7237C9FDEC56C70D9374C721A2F230821, 488D95B7237C9FDEC56C70D9374C721A2F230821
2025-07-15 17:22:07.033, ReplyFindNode, 29987d64-4bd4-4430-afcd-749ab0214715, 488D91B7237C9FDEC56C70D9374C721A2F230821, 7BB3577E7F5595B494687818149EE168FEBC2C03
2025-07-15 17:22:10.998, FindNode, ea87658b-384f-4e5f-87de-06f8fde9ef8c, 7BB3577E7F5595B494687818149EE168FEBC2C03, 7BB3577E7F5595B494687C18149EE168FEBC2C03
2025-07-15 17:22:10.998, ReplyFindNode, ea87658b-384f-4e5f-87de-06f8fde9ef8c, 7BB3577E7F5595B494687818149EE168FEBC2C03, 488D91B7237C9FDEC56C70D9374C721A2F230821
2025-07-15 17:22:12.261, Lookup, db609b7d-f65f-45f5-baf9-a15f3b1d4c7a, 488D91B7237C9FDEC56C70D9374C721A2F230821, 0EEA22092D9F2E8421751F15A8C8961EC36F126E
2025-07-15 17:22:12.304, FindNode, 6e441d06-28a5-4366-ae4d-adb275750ac9, 7BB3577E7F5595B494687818149EE168FEBC2C03, 0EEA22092D9F2E8421751F15A8C8961EC36F126E
2025-07-15 17:22:12.304, ReplyFindNode, 6e441d06-28a5-4366-ae4d-adb275750ac9, 7BB3577E7F5595B494687818149EE168FEBC2C03, 488D91B7237C9FDEC56C70D9374C721A2F230821
2025-07-15 17:22:12.436, ReplyLookup, db609b7d-f65f-45f5-baf9-a15f3b1d4c7a, 7BB3577E7F5595B494687818149EE168FEBC2C03,
2025-07-15 17:22:12.775, Lookup, a8b72ddc-b5bb-4d61-ac83-c7e631b1d6b2, 7BB3577E7F5595B494687818149EE168FEBC2C03, 0F10C12292978628EC49BB62F7D445E8E99F3C25
2025-07-15 17:22:12.818, ReplyLookup, a8b72ddc-b5bb-4d61-ac83-c7e631b1d6b2, 488D91B7237C9FDEC56C70D9374C721A2F230821, 580A928439F2EFF0F5ED81454EBF7EE7EFE93F21
2025-07-15 17:22:19.034, FindNode, 9315a55f-3ac9-4e6d-bfb3-2e64aaa1604f, 488D91B7237C9FDEC56C70D9374C721A2F230821, 488F91B7237C9FDEC56C70D9374C721A2F230821
2025-07-15 17:22:19.034, ReplyFindNode, 9315a55f-3ac9-4e6d-bfb3-2e64aaa1604f, 488D91B7237C9FDEC56C70D9374C721A2F230821, 7BB3577E7F5595B494687818149EE168FEBC2C03
2025-07-15 17:22:22.999, FindNode, cf9b5827-7eb6-4911-8cd0-40a1717ab19a, 7BB3577E7F5595B494687818149EE168FEBC2C03, 7BB3577E7F5595B494687A18149EE168FEBC2C03
2025-07-15 17:22:22.999, ReplyFindNode, cf9b5827-7eb6-4911-8cd0-40a1717ab19a, 7BB3577E7F5595B494687818149EE168FEBC2C03, 488D91B7237C9FDEC56C70D9374C721A2F230821
2025-07-15 17:22:27.262, Lookup, b20f7bfa-4e6d-4253-9ead-315f0338893d, 488D91B7237C9FDEC56C70D9374C721A2F230821, EF461A172E10E6EA07A5D3337222C447C1BE57F1
2025-07-15 17:22:27.304, FindNode, 5ead262c-6808-485a-8b2d-cc090b0d3bf9, 7BB3577E7F5595B494687818149EE168FEBC2C03, EF461A172E10E6EA07A5D3337222C447C1BE57F1
2025-07-15 17:22:27.304, ReplyFindNode, 5ead262c-6808-485a-8b2d-cc090b0d3bf9, 7BB3577E7F5595B494687818149EE168FEBC2C03, 488D91B7237C9FDEC56C70D9374C721A2F230821
2025-07-15 17:22:27.436, ReplyLookup, b20f7bfa-4e6d-4253-9ead-315f0338893d, 7BB3577E7F5595B494687818149EE168FEBC2C03,
2025-07-15 17:22:27.776, Lookup, 2a4438e8-3a5b-4de1-ae59-03e4756b549d, 7BB3577E7F5595B494687818149EE168FEBC2C03, 2781DD5755E5E35F9F81321950D2F389078662CF
2025-07-15 17:22:27.821, ReplyLookup, 2a4438e8-3a5b-4de1-ae59-03e4756b549d, 488D91B7237C9FDEC56C70D9374C721A2F230821,
2025-07-15 17:22:31.034, FindNode, bf2c50b7-d57a-4cd2-9235-4b54bc46bbed, 488D91B7237C9FDEC56C70D9374C721A2F230821, 488D91B7237C9FDEC56C70D9374C721A31230821
2025-07-15 17:22:31.034, ReplyFindNode, bf2c50b7-d57a-4cd2-9235-4b54bc46bbed, 488D91B7237C9FDEC56C70D9374C721A2F230821, 7BB3577E7F5595B494687818149EE168FEBC2C03
2025-07-15 17:22:34.999, FindNode, 4299857d-73a4-4f5b-995e-868025f2a3a6, 7BB3577E7F5595B494687818149EE168FEBC2C03, 7BB3577E7F5595B494687818149EE168FEC02C03
2025-07-15 17:22:34.999, ReplyFindNode, 4299857d-73a4-4f5b-995e-868025f2a3a6, 7BB3577E7F5595B494687818149EE168FEBC2C03, 488D91B7237C9FDEC56C70D9374C721A2F230821
2025-07-15 17:22:42.263, Lookup, 225a7493-166b-41ac-a365-0db59ab30e52, 488D91B7237C9FDEC56C70D9374C721A2F230821, 20A5461E257D93E9FCBFB4F19F2A9243AFEE918C
2025-07-15 17:22:42.304, FindNode, de154869-7c29-45e5-aea4-a9a5183be58d, 7BB3577E7F5595B494687818149EE168FEBC2C03, 20A5461E257D93E9FCBFB4F19F2A9243AFEE918C
2025-07-15 17:22:42.304, ReplyFindNode, de154869-7c29-45e5-aea4-a9a5183be58d, 7BB3577E7F5595B494687818149EE168FEBC2C03, 488D91B7237C9FDEC56C70D9374C721A2F230821
2025-07-15 17:22:42.395, ReplyLookup, 225a7493-166b-41ac-a365-0db59ab30e52, 7BB3577E7F5595B494687818149EE168FEBC2C03, B4841A6CFF87141380778AF4406DCD14D736B6E1
2025-07-15 17:22:42.776, Lookup, 8481861c-75c2-422c-b1d4-01e1a28cd324, 7BB3577E7F5595B494687818149EE168FEBC2C03, 4627A4E94BB06C98596A66ADA50F1E718F849876
2025-07-15 17:22:42.821, ReplyLookup, 8481861c-75c2-422c-b1d4-01e1a28cd324, 488D91B7237C9FDEC56C70D9374C721A2F230821,
2025-07-15 17:22:43.035, FindNode, f579589e-f66e-42b6-9396-7b9e15218673, 488D91B7237C9FDEC56C70D9374C721A2F230821, 488D91B7237C9FEEC56C70D9374C721A2F230821
2025-07-15 17:22:43.035, ReplyFindNode, f579589e-f66e-42b6-9396-7b9e15218673, 488D91B7237C9FDEC56C70D9374C721A2F230821, 7BB3577E7F5595B494687818149EE168FEBC2C03
2025-07-15 17:22:47.000, FindNode, 441e3ed5-7d41-432d-85e3-147c18e06c32, 7BB3577E7F5595B494687818149EE168FEBC2C03, 7BBB577E7F5595B494687818149EE168FEBC2C03
2025-07-15 17:22:47.000, ReplyFindNode, 441e3ed5-7d41-432d-85e3-147c18e06c32, 7BB3577E7F5595B494687818149EE168FEBC2C03, 488D91B7237C9FDEC56C70D9374C721A2F230821
2025-07-15 17:22:55.035, FindNode, e7469cd3-72c2-46c6-9ca4-360b8bd70b9e, 488D91B7237C9FDEC56C70D9374C721A2F230821, 488D91B7237C9FDEC56C70D9374C721A2F234821
2025-07-15 17:22:55.035, ReplyFindNode, e7469cd3-72c2-46c6-9ca4-360b8bd70b9e, 488D91B7237C9FDEC56C70D9374C721A2F230821, 7BB3577E7F5595B494687818149EE168FEBC2C03
2025-07-15 17:22:57.263, Lookup, 211864c9-3631-4554-84f2-f840fc0d1b96, 488D91B7237C9FDEC56C70D9374C721A2F230821, 20A5461E257D93E9FCBFB4F19F2A9243AFEE918C
2025-07-15 17:22:57.304, FindNode, 9e3e094b-bdd1-445c-9448-ab0582bb9619, 7BB3577E7F5595B494687818149EE168FEBC2C03, 20A5461E257D93E9FCBFB4F19F2A9243AFEE918C
2025-07-15 17:22:57.304, ReplyFindNode, 9e3e094b-bdd1-445c-9448-ab0582bb9619, 7BB3577E7F5595B494687818149EE168FEBC2C03, 488D91B7237C9FDEC56C70D9374C721A2F230821
2025-07-15 17:22:57.395, ReplyLookup, 211864c9-3631-4554-84f2-f840fc0d1b96, 7BB3577E7F5595B494687818149EE168FEBC2C03, B4841A6CFF87141380778AF4406DCD14D736B6E1
2025-07-15 17:22:57.776, Lookup, 05ee7f5f-6da9-4957-bbdd-21f1b6b7e318, 7BB3577E7F5595B494687818149EE168FEBC2C03, 8FC188F8387A28FC06A18A49F14A8E6A09608B56
2025-07-15 17:22:57.821, ReplyLookup, 05ee7f5f-6da9-4957-bbdd-21f1b6b7e318, 488D91B7237C9FDEC56C70D9374C721A2F230821,
2025-07-15 17:22:59.000, FindNode, d998bda9-07c9-4550-b0d3-c7881da4cee7, 7BB3577E7F5595B494687818149EE168FEBC2C03, 7BB3577E7F5595F494687818149EE168FEBC2C03
2025-07-15 17:22:59.000, ReplyFindNode, d998bda9-07c9-4550-b0d3-c7881da4cee7, 7BB3577E7F5595B494687818149EE168FEBC2C03, 488D91B7237C9FDEC56C70D9374C721A2F230821
2025-07-15 17:23:07.036, FindNode, 9a15f6ba-97fc-4c97-bd85-d9aabd26df99, 488D91B7237C9FDEC56C70D9374C721A2F230821, 488D91B7237C9FDEC56C70D9374C721A2F230825
2025-07-15 17:23:07.036, ReplyFindNode, 9a15f6ba-97fc-4c97-bd85-d9aabd26df99, 488D91B7237C9FDEC56C70D9374C721A2F230821, 7BB3577E7F5595B494687818149EE168FEBC2C03
2025-07-15 17:23:11.001, FindNode, bdc18cf0-d87d-4196-8459-69d639a5375b, 7BB3577E7F5595B494687818149EE168FEBC2C03, 7BB3577E7F5595C494687818149EE168FEBC2C03
2025-07-15 17:23:11.001, ReplyFindNode, bdc18cf0-d87d-4196-8459-69d639a5375b, 7BB3577E7F5595B494687818149EE168FEBC2C03, 488D91B7237C9FDEC56C70D9374C721A2F230821
2025-07-15 17:23:12.263, Lookup, db2ed743-7f74-4d0a-b80e-9d9e42a63edc, 488D91B7237C9FDEC56C70D9374C721A2F230821, FB8C6F3B746975E7823A84B165AD4C2BA095AC48
2025-07-15 17:23:12.308, FindNode, 3c7c4760-c692-4863-8356-266f0256aa8f, 7BB3577E7F5595B494687818149EE168FEBC2C03, FB8C6F3B746975E7823A84B165AD4C2BA095AC48
2025-07-15 17:23:12.308, ReplyFindNode, 3c7c4760-c692-4863-8356-266f0256aa8f, 7BB3577E7F5595B494687818149EE168FEBC2C03, 488D91B7237C9FDEC56C70D9374C721A2F230821
2025-07-15 17:23:12.440, ReplyLookup, db2ed743-7f74-4d0a-b80e-9d9e42a63edc, 7BB3577E7F5595B494687818149EE168FEBC2C03,
2025-07-15 17:23:12.776, Lookup, 9d50f65a-5ab5-4ce1-8ff2-bba61f970c26, 7BB3577E7F5595B494687818149EE168FEBC2C03, 8537B074D13C5AB7CDECD272B196BB12F281A871
2025-07-15 17:23:12.821, ReplyLookup, 9d50f65a-5ab5-4ce1-8ff2-bba61f970c26, 488D91B7237C9FDEC56C70D9374C721A2F230821,
2025-07-15 17:23:19.037, FindNode, 57b2c0a7-93c2-418d-981e-cff7c89aeba6, 488D91B7237C9FDEC56C70D9374C721A2F230821, 488D91B7237CA01EC56C70D9374C721A2F230821
2025-07-15 17:23:19.037, ReplyFindNode, 57b2c0a7-93c2-418d-981e-cff7c89aeba6, 488D91B7237C9FDEC56C70D9374C721A2F230821, 7BB3577E7F5595B494687818149EE168FEBC2C03
2025-07-15 17:23:23.001, FindNode, 880c8425-d4db-4099-8e41-58c525327147, 7BB3577E7F5595B494687818149EE168FEBC2C03, 7BB3577E7F5595B4946C7818149EE168FEBC2C03
2025-07-15 17:23:23.001, ReplyFindNode, 880c8425-d4db-4099-8e41-58c525327147, 7BB3577E7F5595B494687818149EE168FEBC2C03, 488D91B7237C9FDEC56C70D9374C721A2F230821
2025-07-15 17:23:27.263, Lookup, e2b45f31-c825-4cd8-a97a-c812fc20d580, 488D91B7237C9FDEC56C70D9374C721A2F230821, 20A5461E257D93E9FCBFB4F19F2A9243AFEE918C
2025-07-15 17:23:27.304, FindNode, 79ae7cc0-4cb5-4e62-bf58-49fadec7ee76, 7BB3577E7F5595B494687818149EE168FEBC2C03, 20A5461E257D93E9FCBFB4F19F2A9243AFEE918C
2025-07-15 17:23:27.304, ReplyFindNode, 79ae7cc0-4cb5-4e62-bf58-49fadec7ee76, 7BB3577E7F5595B494687818149EE168FEBC2C03, 488D91B7237C9FDEC56C70D9374C721A2F230821
2025-07-15 17:23:27.439, ReplyLookup, e2b45f31-c825-4cd8-a97a-c812fc20d580, 7BB3577E7F5595B494687818149EE168FEBC2C03, B4841A6CFF87141380778AF4406DCD14D736B6E1
2025-07-15 17:23:27.776, Lookup, 97e5eba4-f523-4fec-98d2-7c5dd93764b3, 7BB3577E7F5595B494687818149EE168FEBC2C03, 3BB1F7FCFE6013B35DAF5CE6AAEF6EAA60B1CF9D
2025-07-15 17:23:27.821, ReplyLookup, 97e5eba4-f523-4fec-98d2-7c5dd93764b3, 488D91B7237C9FDEC56C70D9374C721A2F230821,
2025-07-15 17:23:29.448, EndReadOnlyRegimen
2025-07-15 17:23:31.037, FindNode, ed4f3966-1759-4af7-be1c-3eb53481b644, 488D91B7237C9FDEC56C70D9374C721A2F230821, 488D91B7237C9FDEC56C70D9374D721A2F230821
2025-07-15 17:23:31.038, ReplyFindNode, ed4f3966-1759-4af7-be1c-3eb53481b644, 488D91B7237C9FDEC56C70D9374C721A2F230821, 7BB3577E7F5595B494687818149EE168FEBC2C03
2025-07-15 17:23:35.002, FindNode, d4588860-d338-4ec6-8163-accbe52d73f5, 7BB3577E7F5595B494687818149EE168FEBC2C03, 7BB3577E7F5595B494687818149EE168FEC42C03
2025-07-15 17:23:35.002, ReplyFindNode, d4588860-d338-4ec6-8163-accbe52d73f5, 7BB3577E7F5595B494687818149EE168FEBC2C03, 488D91B7237C9FDEC56C70D9374C721A2F230821
2025-07-15 17:23:43.038, FindNode, b4257f9f-f3e7-403c-a983-9469e09b91c5, 488D91B7237C9FDEC56C70D9374C721A2F230821, 488D91B7237C9FDEC56E70D9374C721A2F230821
2025-07-15 17:23:43.038, ReplyFindNode, b4257f9f-f3e7-403c-a983-9469e09b91c5, 488D91B7237C9FDEC56C70D9374C721A2F230821, 7BB3577E7F5595B494687818149EE168FEBC2C03
2025-07-15 17:23:47.003, FindNode, 87f04ddd-c934-4e63-9116-91c6c3ba442f, 7BB3577E7F5595B494687818149EE168FEBC2C03, 7BB3577E7F5595B594687818149EE168FEBC2C03
2025-07-15 17:23:47.003, ReplyFindNode, 87f04ddd-c934-4e63-9116-91c6c3ba442f, 7BB3577E7F5595B494687818149EE168FEBC2C03, 488D91B7237C9FDEC56C70D9374C721A2F230821
2025-07-15 17:23:55.039, FindNode, 6f1132de-e4d6-4ad4-8c2b-ced7d7b93e74, 488D91B7237C9FDEC56C70D9374C721A2F230821, 488D91B7637C9FDEC56C70D9374C721A2F230821
2025-07-15 17:23:55.039, ReplyFindNode, 6f1132de-e4d6-4ad4-8c2b-ced7d7b93e74, 488D91B7237C9FDEC56C70D9374C721A2F230821, 7BB3577E7F5595B494687818149EE168FEBC2C03
2025-07-15 17:23:59.003, FindNode, b6507c5c-4651-4c15-b52c-ab5791d92fb9, 7BB3577E7F5595B494687818149EE168FEBC2C03, 9BB3577E7F5595B494687818149EE168FEBC2C03
2025-07-15 17:23:59.004, ReplyFindNode, b6507c5c-4651-4c15-b52c-ab5791d92fb9, 7BB3577E7F5595B494687818149EE168FEBC2C03, 488D91B7237C9FDEC56C70D9374C721A2F230821
2025-07-15 17:24:07.039, FindNode, ecf7019d-ae0d-4ab6-abe2-c9ae5a70d4b6, 488D91B7237C9FDEC56C70D9374C721A2F230821, 488D9237237C9FDEC56C70D9374C721A2F230821
2025-07-15 17:24:07.039, ReplyFindNode, ecf7019d-ae0d-4ab6-abe2-c9ae5a70d4b6, 488D91B7237C9FDEC56C70D9374C721A2F230821, 7BB3577E7F5595B494687818149EE168FEBC2C03
2025-07-15 17:24:11.004, FindNode, 91b52d25-9c96-4762-a422-cb86c333f9fc, 7BB3577E7F5595B494687818149EE168FEBC2C03, 7BB3577E7F5595B494687A18149EE168FEBC2C03
2025-07-15 17:24:11.004, ReplyFindNode, 91b52d25-9c96-4762-a422-cb86c333f9fc, 7BB3577E7F5595B494687818149EE168FEBC2C03, 488D91B7237C9FDEC56C70D9374C721A2F230821
2025-07-15 17:24:19.040, FindNode, ff2d44b2-a315-491f-a33f-30bece1d2b95, 488D91B7237C9FDEC56C70D9374C721A2F230821, 488D91B7237CA1DEC56C70D9374C721A2F230821
2025-07-15 17:24:19.040, ReplyFindNode, ff2d44b2-a315-491f-a33f-30bece1d2b95, 488D91B7237C9FDEC56C70D9374C721A2F230821, 7BB3577E7F5595B494687818149EE168FEBC2C03
2025-07-15 17:24:23.004, FindNode, 7eb64a1c-072e-4186-878a-ac46e4483d78, 7BB3577E7F5595B494687818149EE168FEBC2C03, 7BB3577E7F5595B494687818949EE168FEBC2C03
2025-07-15 17:24:23.005, ReplyFindNode, 7eb64a1c-072e-4186-878a-ac46e4483d78, 7BB3577E7F5595B494687818149EE168FEBC2C03, 488D91B7237C9FDEC56C70D9374C721A2F230821
2025-07-15 17:24:30.077, EndStableRegimen
2025-07-15 17:24:30.561, Leave, b8ff4647-afa1-485d-b397-1baa903e6855, 488D91B7237C9FDEC56C70D9374C721A2F230821
2025-07-15 17:24:30.609, ReplyLeave, b8ff4647-afa1-485d-b397-1baa903e6855
2025-07-15 17:24:30.610, EndMember, 488D91B7237C9FDEC56C70D9374C721A2F230821
2025-07-15 17:24:35.005, FindNode, 534d3ae0-113e-4aab-867e-0fa831c8c02f, 7BB3577E7F5595B494687818149EE168FEBC2C03, 7BB3577E7F5595B494687818169EE168FEBC2C03
2025-07-15 17:24:35.005, ReplyFindNode, 534d3ae0-113e-4aab-867e-0fa831c8c02f, 7BB3577E7F5595B494687818149EE168FEBC2C03, 7BB3577E7F5595B494687818149EE168FEBC2C03
2025-07-15 17:24:47.005, FindNode, 587b6b65-1d55-448a-98f8-755cc8da4782, 7BB3577E7F5595B494687818149EE168FEBC2C03, 7BB3577E7F5599B494687818149EE168FEBC2C03
2025-07-15 17:24:47.006, ReplyFindNode, 587b6b65-1d55-448a-98f8-755cc8da4782, 7BB3577E7F5595B494687818149EE168FEBC2C03, 7BB3577E7F5595B494687818149EE168FEBC2C03
2025-07-15 17:24:59.006, FindNode, e2013b50-50e6-45c5-ae1e-7d68196e3024, 7BB3577E7F5595B494687818149EE168FEBC2C03, 7BB3577E7F55A5B494687818149EE168FEBC2C03
2025-07-15 17:24:59.006, ReplyFindNode, e2013b50-50e6-45c5-ae1e-7d68196e3024, 7BB3577E7F5595B494687818149EE168FEBC2C03, 7BB3577E7F5595B494687818149EE168FEBC2C03
2025-07-15 17:25:01.170, Leave, 7f6c014a-c9a0-44ac-a0f7-5df3de37ec78, 7BB3577E7F5595B494687818149EE168FEBC2C03
2025-07-15 17:25:01.172, ReplyLeave, 7f6c014a-c9a0-44ac-a0f7-5df3de37ec78
2025-07-15 17:25:01.173, EndMember, 7BB3577E7F5595B494687818149EE168FEBC2C03
