2025-07-15 17:11:18.494, New Successor, 488D91B7237C9FDEC56C70D9374C721A2F230821, 7BB3577E7F5595B494687818149EE168FEBC2C03
2025-07-15 17:11:18.593, New Successor, 488D91B7237C9FDEC56C70D9374C721A2F230821, 7BB3577E7F5595B494687818149EE168FEBC2C03
2025-07-15 17:11:18.834, New Successor, 7BB3577E7F5595B494687818149EE168FEBC2C03, 488D91B7237C9FDEC56C70D9374C721A2F230821
2025-07-15 17:11:18.933, New Successor, 488D91B7237C9FDEC56C70D9374C721A2F230821, 7BB3577E7F5595B494687818149EE168FEBC2C03
2025-07-15 17:11:22.928, New Successor, 488D91B7237C9FDEC56C70D9374C721A2F230821, 7BB3577E7F5595B494687818149EE168FEBC2C03
2025-07-15 17:11:30.985, New Successor, 7BB3577E7F5595B494687818149EE168FEBC2C03, 488D91B7237C9FDEC56C70D9374C721A2F230821
2025-07-15 17:11:34.979, New Successor, 488D91B7237C9FDEC56C70D9374C721A2F230821, 7BB3577E7F5595B494687818149EE168FEBC2C03
2025-07-15 17:11:43.036, New Successor, 7BB3577E7F5595B494687818149EE168FEBC2C03, 488D91B7237C9FDEC56C70D9374C721A2F230821
2025-07-15 17:11:47.027, New Successor, 488D91B7237C9FDEC56C70D9374C721A2F230821, 7BB3577E7F5595B494687818149EE168FEBC2C03
2025-07-15 17:11:49.593, New Successor, ADC0E723DF6E376068DC6BEFDD59C00882974E21, 7BB3577E7F5595B494687818149EE168FEBC2C03
2025-07-15 17:11:49.691, New Successor, ADC0E723DF6E376068DC6BEFDD59C00882974E21, 7BB3577E7F5595B494687818149EE168FEBC2C03
2025-07-15 17:11:49.916, New Successor, 7BB3577E7F5595B494687818149EE168FEBC2C03, ADC0E723DF6E376068DC6BEFDD59C00882974E21
2025-07-15 17:11:50.148, New Successor, ADC0E723DF6E376068DC6BEFDD59C00882974E21, 488D91B7237C9FDEC56C70D9374C721A2F230821
2025-07-15 17:16:32.149, New Successor, 7BB3577E7F5595B494687818149EE168FEBC2C03, 488D91B7237C9FDEC56C70D9374C721A2F230821
2025-07-15 17:16:35.992, New Successor, 488D91B7237C9FDEC56C70D9374C721A2F230821, 7BB3577E7F5595B494687818149EE168FEBC2C03
2025-07-15 17:16:44.197, New Successor, 7BB3577E7F5595B494687818149EE168FEBC2C03, 488D91B7237C9FDEC56C70D9374C721A2F230821
2025-07-15 17:16:48.037, New Successor, 488D91B7237C9FDEC56C70D9374C721A2F230821, 7BB3577E7F5595B494687818149EE168FEBC2C03
2025-07-15 17:16:56.241, New Successor, 7BB3577E7F5595B494687818149EE168FEBC2C03, 488D91B7237C9FDEC56C70D9374C721A2F230821
2025-07-15 17:17:00.081, New Successor, 488D91B7237C9FDEC56C70D9374C721A2F230821, 7BB3577E7F5595B494687818149EE168FEBC2C03
2025-07-15 17:17:08.246, New Successor, 7BB3577E7F5595B494687818149EE168FEBC2C03, 488D91B7237C9FDEC56C70D9374C721A2F230821
2025-07-15 17:17:12.129, New Successor, 488D91B7237C9FDEC56C70D9374C721A2F230821, 7BB3577E7F5595B494687818149EE168FEBC2C03
2025-07-15 17:17:20.293, New Successor, 7BB3577E7F5595B494687818149EE168FEBC2C03, 488D91B7237C9FDEC56C70D9374C721A2F230821
2025-07-15 17:17:24.173, New Successor, 488D91B7237C9FDEC56C70D9374C721A2F230821, 7BB3577E7F5595B494687818149EE168FEBC2C03
2025-07-15 17:17:32.337, New Successor, 7BB3577E7F5595B494687818149EE168FEBC2C03, 488D91B7237C9FDEC56C70D9374C721A2F230821
2025-07-15 17:17:36.217, New Successor, 488D91B7237C9FDEC56C70D9374C721A2F230821, 7BB3577E7F5595B494687818149EE168FEBC2C03
2025-07-15 17:17:44.381, New Successor, 7BB3577E7F5595B494687818149EE168FEBC2C03, 488D91B7237C9FDEC56C70D9374C721A2F230821
2025-07-15 17:17:48.261, New Successor, 488D91B7237C9FDEC56C70D9374C721A2F230821, 7BB3577E7F5595B494687818149EE168FEBC2C03
2025-07-15 17:17:56.425, New Successor, 7BB3577E7F5595B494687818149EE168FEBC2C03, 488D91B7237C9FDEC56C70D9374C721A2F230821
2025-07-15 17:18:00.305, New Successor, 488D91B7237C9FDEC56C70D9374C721A2F230821, 7BB3577E7F5595B494687818149EE168FEBC2C03
2025-07-15 17:18:08.469, New Successor, 7BB3577E7F5595B494687818149EE168FEBC2C03, 488D91B7237C9FDEC56C70D9374C721A2F230821
2025-07-15 17:18:12.350, New Successor, 488D91B7237C9FDEC56C70D9374C721A2F230821, 7BB3577E7F5595B494687818149EE168FEBC2C03
2025-07-15 17:18:20.513, New Successor, 7BB3577E7F5595B494687818149EE168FEBC2C03, 488D91B7237C9FDEC56C70D9374C721A2F230821
2025-07-15 17:18:24.397, New Successor, 488D91B7237C9FDEC56C70D9374C721A2F230821, 7BB3577E7F5595B494687818149EE168FEBC2C03
2025-07-15 17:18:32.557, New Successor, 7BB3577E7F5595B494687818149EE168FEBC2C03, 488D91B7237C9FDEC56C70D9374C721A2F230821
2025-07-15 17:18:36.441, New Successor, 488D91B7237C9FDEC56C70D9374C721A2F230821, 7BB3577E7F5595B494687818149EE168FEBC2C03
2025-07-15 17:18:44.601, New Successor, 7BB3577E7F5595B494687818149EE168FEBC2C03, 488D91B7237C9FDEC56C70D9374C721A2F230821
2025-07-15 17:18:48.489, New Successor, 488D91B7237C9FDEC56C70D9374C721A2F230821, 7BB3577E7F5595B494687818149EE168FEBC2C03
2025-07-15 17:18:56.604, New Successor, 7BB3577E7F5595B494687818149EE168FEBC2C03, 488D91B7237C9FDEC56C70D9374C721A2F230821
2025-07-15 17:19:00.533, New Successor, 488D91B7237C9FDEC56C70D9374C721A2F230821, 7BB3577E7F5595B494687818149EE168FEBC2C03
2025-07-15 17:19:08.649, New Successor, 7BB3577E7F5595B494687818149EE168FEBC2C03, 488D91B7237C9FDEC56C70D9374C721A2F230821
2025-07-15 17:19:12.577, New Successor, 488D91B7237C9FDEC56C70D9374C721A2F230821, 7BB3577E7F5595B494687818149EE168FEBC2C03
2025-07-15 17:19:20.693, New Successor, 7BB3577E7F5595B494687818149EE168FEBC2C03, 488D91B7237C9FDEC56C70D9374C721A2F230821
2025-07-15 17:19:24.580, New Successor, 488D91B7237C9FDEC56C70D9374C721A2F230821, 7BB3577E7F5595B494687818149EE168FEBC2C03
2025-07-15 17:19:32.737, New Successor, 7BB3577E7F5595B494687818149EE168FEBC2C03, 488D91B7237C9FDEC56C70D9374C721A2F230821
2025-07-15 17:19:36.625, New Successor, 488D91B7237C9FDEC56C70D9374C721A2F230821, 7BB3577E7F5595B494687818149EE168FEBC2C03
2025-07-15 17:19:44.781, New Successor, 7BB3577E7F5595B494687818149EE168FEBC2C03, 488D91B7237C9FDEC56C70D9374C721A2F230821
2025-07-15 17:19:48.673, New Successor, 488D91B7237C9FDEC56C70D9374C721A2F230821, 7BB3577E7F5595B494687818149EE168FEBC2C03
2025-07-15 17:19:56.825, New Successor, 7BB3577E7F5595B494687818149EE168FEBC2C03, 488D91B7237C9FDEC56C70D9374C721A2F230821
2025-07-15 17:20:00.717, New Successor, 488D91B7237C9FDEC56C70D9374C721A2F230821, 7BB3577E7F5595B494687818149EE168FEBC2C03
2025-07-15 17:20:08.869, New Successor, 7BB3577E7F5595B494687818149EE168FEBC2C03, 488D91B7237C9FDEC56C70D9374C721A2F230821
2025-07-15 17:20:12.761, New Successor, 488D91B7237C9FDEC56C70D9374C721A2F230821, 7BB3577E7F5595B494687818149EE168FEBC2C03
2025-07-15 17:20:20.913, New Successor, 7BB3577E7F5595B494687818149EE168FEBC2C03, 488D91B7237C9FDEC56C70D9374C721A2F230821
2025-07-15 17:20:24.805, New Successor, 488D91B7237C9FDEC56C70D9374C721A2F230821, 7BB3577E7F5595B494687818149EE168FEBC2C03
2025-07-15 17:20:32.957, New Successor, 7BB3577E7F5595B494687818149EE168FEBC2C03, 488D91B7237C9FDEC56C70D9374C721A2F230821
2025-07-15 17:20:36.849, New Successor, 488D91B7237C9FDEC56C70D9374C721A2F230821, 7BB3577E7F5595B494687818149EE168FEBC2C03
2025-07-15 17:20:44.960, New Successor, 7BB3577E7F5595B494687818149EE168FEBC2C03, 488D91B7237C9FDEC56C70D9374C721A2F230821
2025-07-15 17:20:48.893, New Successor, 488D91B7237C9FDEC56C70D9374C721A2F230821, 7BB3577E7F5595B494687818149EE168FEBC2C03
2025-07-15 17:20:57.049, New Successor, 7BB3577E7F5595B494687818149EE168FEBC2C03, 488D91B7237C9FDEC56C70D9374C721A2F230821
2025-07-15 17:21:00.937, New Successor, 488D91B7237C9FDEC56C70D9374C721A2F230821, 7BB3577E7F5595B494687818149EE168FEBC2C03
2025-07-15 17:21:09.093, New Successor, 7BB3577E7F5595B494687818149EE168FEBC2C03, 488D91B7237C9FDEC56C70D9374C721A2F230821
2025-07-15 17:21:12.981, New Successor, 488D91B7237C9FDEC56C70D9374C721A2F230821, 7BB3577E7F5595B494687818149EE168FEBC2C03
2025-07-15 17:21:21.137, New Successor, 7BB3577E7F5595B494687818149EE168FEBC2C03, 488D91B7237C9FDEC56C70D9374C721A2F230821
2025-07-15 17:21:25.025, New Successor, 488D91B7237C9FDEC56C70D9374C721A2F230821, 7BB3577E7F5595B494687818149EE168FEBC2C03
2025-07-15 17:21:33.140, New Successor, 7BB3577E7F5595B494687818149EE168FEBC2C03, 488D91B7237C9FDEC56C70D9374C721A2F230821
2025-07-15 17:21:37.069, New Successor, 488D91B7237C9FDEC56C70D9374C721A2F230821, 7BB3577E7F5595B494687818149EE168FEBC2C03
2025-07-15 17:21:45.186, New Successor, 7BB3577E7F5595B494687818149EE168FEBC2C03, 488D91B7237C9FDEC56C70D9374C721A2F230821
2025-07-15 17:21:49.114, New Successor, 488D91B7237C9FDEC56C70D9374C721A2F230821, 7BB3577E7F5595B494687818149EE168FEBC2C03
2025-07-15 17:21:57.273, New Successor, 7BB3577E7F5595B494687818149EE168FEBC2C03, 488D91B7237C9FDEC56C70D9374C721A2F230821
2025-07-15 17:22:01.161, New Successor, 488D91B7237C9FDEC56C70D9374C721A2F230821, 7BB3577E7F5595B494687818149EE168FEBC2C03
2025-07-15 17:22:09.317, New Successor, 7BB3577E7F5595B494687818149EE168FEBC2C03, 488D91B7237C9FDEC56C70D9374C721A2F230821
2025-07-15 17:22:13.205, New Successor, 488D91B7237C9FDEC56C70D9374C721A2F230821, 7BB3577E7F5595B494687818149EE168FEBC2C03
2025-07-15 17:22:21.361, New Successor, 7BB3577E7F5595B494687818149EE168FEBC2C03, 488D91B7237C9FDEC56C70D9374C721A2F230821
2025-07-15 17:22:25.249, New Successor, 488D91B7237C9FDEC56C70D9374C721A2F230821, 7BB3577E7F5595B494687818149EE168FEBC2C03
2025-07-15 17:22:33.365, New Successor, 7BB3577E7F5595B494687818149EE168FEBC2C03, 488D91B7237C9FDEC56C70D9374C721A2F230821
2025-07-15 17:22:37.293, New Successor, 488D91B7237C9FDEC56C70D9374C721A2F230821, 7BB3577E7F5595B494687818149EE168FEBC2C03
2025-07-15 17:22:45.368, New Successor, 7BB3577E7F5595B494687818149EE168FEBC2C03, 488D91B7237C9FDEC56C70D9374C721A2F230821
2025-07-15 17:22:49.337, New Successor, 488D91B7237C9FDEC56C70D9374C721A2F230821, 7BB3577E7F5595B494687818149EE168FEBC2C03
2025-07-15 17:22:57.414, New Successor, 7BB3577E7F5595B494687818149EE168FEBC2C03, 488D91B7237C9FDEC56C70D9374C721A2F230821
2025-07-15 17:23:01.381, New Successor, 488D91B7237C9FDEC56C70D9374C721A2F230821, 7BB3577E7F5595B494687818149EE168FEBC2C03
2025-07-15 17:23:09.501, New Successor, 7BB3577E7F5595B494687818149EE168FEBC2C03, 488D91B7237C9FDEC56C70D9374C721A2F230821
2025-07-15 17:23:13.425, New Successor, 488D91B7237C9FDEC56C70D9374C721A2F230821, 7BB3577E7F5595B494687818149EE168FEBC2C03
2025-07-15 17:23:21.545, New Successor, 7BB3577E7F5595B494687818149EE168FEBC2C03, 488D91B7237C9FDEC56C70D9374C721A2F230821
2025-07-15 17:23:25.469, New Successor, 488D91B7237C9FDEC56C70D9374C721A2F230821, 7BB3577E7F5595B494687818149EE168FEBC2C03
2025-07-15 17:23:33.548, New Successor, 7BB3577E7F5595B494687818149EE168FEBC2C03, 488D91B7237C9FDEC56C70D9374C721A2F230821
2025-07-15 17:23:37.513, New Successor, 488D91B7237C9FDEC56C70D9374C721A2F230821, 7BB3577E7F5595B494687818149EE168FEBC2C03
2025-07-15 17:23:45.637, New Successor, 7BB3577E7F5595B494687818149EE168FEBC2C03, 488D91B7237C9FDEC56C70D9374C721A2F230821
2025-07-15 17:23:49.557, New Successor, 488D91B7237C9FDEC56C70D9374C721A2F230821, 7BB3577E7F5595B494687818149EE168FEBC2C03
2025-07-15 17:23:57.681, New Successor, 7BB3577E7F5595B494687818149EE168FEBC2C03, 488D91B7237C9FDEC56C70D9374C721A2F230821
2025-07-15 17:24:01.601, New Successor, 488D91B7237C9FDEC56C70D9374C721A2F230821, 7BB3577E7F5595B494687818149EE168FEBC2C03
2025-07-15 17:24:09.725, New Successor, 7BB3577E7F5595B494687818149EE168FEBC2C03, 488D91B7237C9FDEC56C70D9374C721A2F230821
2025-07-15 17:24:13.645, New Successor, 488D91B7237C9FDEC56C70D9374C721A2F230821, 7BB3577E7F5595B494687818149EE168FEBC2C03
2025-07-15 17:24:21.769, New Successor, 7BB3577E7F5595B494687818149EE168FEBC2C03, 488D91B7237C9FDEC56C70D9374C721A2F230821
2025-07-15 17:24:25.689, New Successor, 488D91B7237C9FDEC56C70D9374C721A2F230821, 7BB3577E7F5595B494687818149EE168FEBC2C03
