2025-07-15 17:26:19.170, FindNode, 0b7ea9b4-cdc6-4f19-9312-dd8d45f7cc88, 7BB3577E7F5595B494687818149EE168FEBC2C03, 7BB3577E7F5595B494687818149EE168FEBC2C23
2025-07-15 17:26:19.182, ReplyFindNode, 0b7ea9b4-cdc6-4f19-9312-dd8d45f7cc88, 7BB3577E7F5595B494687818149EE168FEBC2C03, 7BB3577E7F5595B494687818149EE168FEBC2C03
2025-07-15 17:26:31.183, FindNode, 380c2481-7cd9-4b26-ba22-f9f63fe15c1f, 7BB3577E7F5595B494687818149EE168FEBC2C03, 7BB3577E7F5595B494687818149EE168FEBCAC03
2025-07-15 17:26:31.184, ReplyFindNode, 380c2481-7cd9-4b26-ba22-f9f63fe15c1f, 7BB3577E7F5595B494687818149EE168FEBC2C03, 7BB3577E7F5595B494687818149EE168FEBC2C03
2025-07-15 17:26:43.184, FindNode, 666922d6-a8e2-42f4-abe8-d86eaaa62651, 7BB3577E7F5595B494687818149EE168FEBC2C03, FBB3577E7F5595B494687818149EE168FEBC2C03
2025-07-15 17:26:43.184, ReplyFindNode, 666922d6-a8e2-42f4-abe8-d86eaaa62651, 7BB3577E7F5595B494687818149EE168FEBC2C03, 7BB3577E7F5595B494687818149EE168FEBC2C03
2025-07-15 17:26:50.281, Join, ca7c05d9-79f8-430e-aa86-a3b2a1e2fd7a, 488D91B7237C9FDEC56C70D9374C721A2F230821
2025-07-15 17:26:50.827, FindNode, 05201c86-d7c1-4b0b-83e9-544b25303455, 7BB3577E7F5595B494687818149EE168FEBC2C03, 488D91B7237C9FDEC56C70D9374C721A2F230821
2025-07-15 17:26:50.828, ReplyFindNode, 05201c86-d7c1-4b0b-83e9-544b25303455, 7BB3577E7F5595B494687818149EE168FEBC2C03, 7BB3577E7F5595B494687818149EE168FEBC2C03
2025-07-15 17:26:51.228, FindNode, 2b810a09-7422-40b5-a405-d010713f7259, 488D91B7237C9FDEC56C70D9374C721A2F230821, 498D91B7237C9FDEC56C70D9374C721A2F230821
2025-07-15 17:26:51.229, ReplyJoin, ca7c05d9-79f8-430e-aa86-a3b2a1e2fd7a
2025-07-15 17:26:51.238, ReplyFindNode, 2b810a09-7422-40b5-a405-d010713f7259, 488D91B7237C9FDEC56C70D9374C721A2F230821, 7BB3577E7F5595B494687818149EE168FEBC2C03
2025-07-15 17:26:55.185, FindNode, d18ded77-e26e-4fc6-a768-8d1be6411abc, 7BB3577E7F5595B494687818149EE168FEBC2C03, 7BF3577E7F5595B494687818149EE168FEBC2C03
2025-07-15 17:26:55.185, ReplyFindNode, d18ded77-e26e-4fc6-a768-8d1be6411abc, 7BB3577E7F5595B494687818149EE168FEBC2C03, 488D91B7237C9FDEC56C70D9374C721A2F230821
2025-07-15 17:27:03.239, FindNode, 682a8115-228b-4b61-b9d7-9b289ff47648, 488D91B7237C9FDEC56C70D9374C721A2F230821, 488D91B7237C9FDEC56C70D9374C721A2F230A21
2025-07-15 17:27:03.239, ReplyFindNode, 682a8115-228b-4b61-b9d7-9b289ff47648, 488D91B7237C9FDEC56C70D9374C721A2F230821, 7BB3577E7F5595B494687818149EE168FEBC2C03
2025-07-15 17:27:07.186, FindNode, e36aed23-ed98-451f-958c-0ac9ae626827, 7BB3577E7F5595B494687818149EE168FEBC2C03, 7BB3577E7F5595C494687818149EE168FEBC2C03
2025-07-15 17:27:07.186, ReplyFindNode, e36aed23-ed98-451f-958c-0ac9ae626827, 7BB3577E7F5595B494687818149EE168FEBC2C03, 488D91B7237C9FDEC56C70D9374C721A2F230821
2025-07-15 17:27:15.240, FindNode, bb2a51b2-f482-4df0-889e-328ed5c9dc89, 488D91B7237C9FDEC56C70D9374C721A2F230821, 488D91B7237C9FDEC56C72D9374C721A2F230821
2025-07-15 17:27:15.240, ReplyFindNode, bb2a51b2-f482-4df0-889e-328ed5c9dc89, 488D91B7237C9FDEC56C70D9374C721A2F230821, 7BB3577E7F5595B494687818149EE168FEBC2C03
2025-07-15 17:27:19.187, FindNode, 6e033801-c793-442f-9161-3c46b467c18e, 7BB3577E7F5595B494687818149EE168FEBC2C03, 7BB357807F5595B494687818149EE168FEBC2C03
2025-07-15 17:27:19.187, ReplyFindNode, 6e033801-c793-442f-9161-3c46b467c18e, 7BB3577E7F5595B494687818149EE168FEBC2C03, 488D91B7237C9FDEC56C70D9374C721A2F230821
2025-07-15 17:27:21.479, Join, 1089f755-d2dd-4bb1-a289-d7c8289c684f, ADC0E723DF6E376068DC6BEFDD59C00882974E21
2025-07-15 17:27:21.957, FindNode, bda7fc16-4875-479d-aa7f-fbc5809a921b, 7BB3577E7F5595B494687818149EE168FEBC2C03, ADC0E723DF6E376068DC6BEFDD59C00882974E21
2025-07-15 17:27:21.957, ReplyFindNode, bda7fc16-4875-479d-aa7f-fbc5809a921b, 7BB3577E7F5595B494687818149EE168FEBC2C03, 488D91B7237C9FDEC56C70D9374C721A2F230821
2025-07-15 17:27:22.799, FindNode, 0860d744-13a7-45a7-b159-a17bcdd1434e, ADC0E723DF6E376068DC6BEFDD59C00882974E21, ADC0E723DF6E37A068DC6BEFDD59C00882974E21
2025-07-15 17:27:22.801, ReplyJoin, 1089f755-d2dd-4bb1-a289-d7c8289c684f
2025-07-15 17:27:22.809, ReplyFindNode, 0860d744-13a7-45a7-b159-a17bcdd1434e, ADC0E723DF6E376068DC6BEFDD59C00882974E21, 488D91B7237C9FDEC56C70D9374C721A2F230821
2025-07-15 17:27:27.241, FindNode, 4d9ff638-55a0-45e9-8dbc-2fd492fabf5f, 488D91B7237C9FDEC56C70D9374C721A2F230821, 488D91B7237C9FDEC56C70D93F4C721A2F230821
2025-07-15 17:27:27.241, ReplyFindNode, 4d9ff638-55a0-45e9-8dbc-2fd492fabf5f, 488D91B7237C9FDEC56C70D9374C721A2F230821, 7BB3577E7F5595B494687818149EE168FEBC2C03
2025-07-15 17:27:31.188, FindNode, b007ebed-b83d-4daa-b0fb-df40b7cfc7fe, 7BB3577E7F5595B494687818149EE168FEBC2C03, 7BB3577E7F9595B494687818149EE168FEBC2C03
2025-07-15 17:27:31.188, ReplyFindNode, b007ebed-b83d-4daa-b0fb-df40b7cfc7fe, 7BB3577E7F5595B494687818149EE168FEBC2C03, ADC0E723DF6E376068DC6BEFDD59C00882974E21
2025-07-15 17:27:34.810, FindNode, c892e852-38cb-4b19-afa1-619cbf1c64f6, ADC0E723DF6E376068DC6BEFDD59C00882974E21, ADC2E723DF6E376068DC6BEFDD59C00882974E21
2025-07-15 17:27:34.810, ReplyFindNode, c892e852-38cb-4b19-afa1-619cbf1c64f6, ADC0E723DF6E376068DC6BEFDD59C00882974E21, 488D91B7237C9FDEC56C70D9374C721A2F230821
2025-07-15 17:27:39.242, FindNode, b7c6e59e-400e-4ead-a838-7d60c804543f, 488D91B7237C9FDEC56C70D9374C721A2F230821, 488D91B7237C9FDEC56C70DB374C721A2F230821
2025-07-15 17:27:39.242, ReplyFindNode, b7c6e59e-400e-4ead-a838-7d60c804543f, 488D91B7237C9FDEC56C70D9374C721A2F230821, 7BB3577E7F5595B494687818149EE168FEBC2C03
2025-07-15 17:27:43.188, FindNode, 6bf521b7-a8f7-48c9-9fda-37131b92fe9b, 7BB3577E7F5595B494687818149EE168FEBC2C03, 7BB3577E7F5595D494687818149EE168FEBC2C03
2025-07-15 17:27:43.189, ReplyFindNode, 6bf521b7-a8f7-48c9-9fda-37131b92fe9b, 7BB3577E7F5595B494687818149EE168FEBC2C03, ADC0E723DF6E376068DC6BEFDD59C00882974E21
2025-07-15 17:27:46.811, FindNode, d9aeb44d-1877-4d18-9729-a93caa5fba70, ADC0E723DF6E376068DC6BEFDD59C00882974E21, ADC0E723DF6E376068E46BEFDD59C00882974E21
2025-07-15 17:27:46.811, ReplyFindNode, d9aeb44d-1877-4d18-9729-a93caa5fba70, ADC0E723DF6E376068DC6BEFDD59C00882974E21, 488D91B7237C9FDEC56C70D9374C721A2F230821
2025-07-15 17:27:51.243, FindNode, 5aa80a6f-8e3e-4687-8423-a2eca5d98bf9, 488D91B7237C9FDEC56C70D9374C721A2F230821, 488F91B7237C9FDEC56C70D9374C721A2F230821
2025-07-15 17:27:51.243, ReplyFindNode, 5aa80a6f-8e3e-4687-8423-a2eca5d98bf9, 488D91B7237C9FDEC56C70D9374C721A2F230821, 7BB3577E7F5595B494687818149EE168FEBC2C03
2025-07-15 17:27:52.485, StartStableRegimen
2025-07-15 17:27:55.189, FindNode, fd7e6617-70ac-41fa-8719-9ccc052f205f, 7BB3577E7F5595B494687818149EE168FEBC2C03, 7BB3577E7F5595B498687818149EE168FEBC2C03
2025-07-15 17:27:55.190, ReplyFindNode, fd7e6617-70ac-41fa-8719-9ccc052f205f, 7BB3577E7F5595B494687818149EE168FEBC2C03, ADC0E723DF6E376068DC6BEFDD59C00882974E21
2025-07-15 17:27:58.812, FindNode, 38e48395-daca-44af-bee0-729f7fece022, ADC0E723DF6E376068DC6BEFDD59C00882974E21, ADC0E723DF6E376068DC6BEFDD59C00882984E21
2025-07-15 17:27:58.812, ReplyFindNode, 38e48395-daca-44af-bee0-729f7fece022, ADC0E723DF6E376068DC6BEFDD59C00882974E21, 488D91B7237C9FDEC56C70D9374C721A2F230821
2025-07-15 17:28:03.244, FindNode, d68937ab-bc6c-4062-9bc4-0d4fb9618316, 488D91B7237C9FDEC56C70D9374C721A2F230821, 488D91B7237CA05EC56C70D9374C721A2F230821
2025-07-15 17:28:03.244, ReplyFindNode, d68937ab-bc6c-4062-9bc4-0d4fb9618316, 488D91B7237C9FDEC56C70D9374C721A2F230821, 7BB3577E7F5595B494687818149EE168FEBC2C03
2025-07-15 17:28:07.190, FindNode, 39494489-e67e-48de-b891-833064ac10f9, 7BB3577E7F5595B494687818149EE168FEBC2C03, 7BB3577E7FD595B494687818149EE168FEBC2C03
2025-07-15 17:28:07.191, ReplyFindNode, 39494489-e67e-48de-b891-833064ac10f9, 7BB3577E7F5595B494687818149EE168FEBC2C03, ADC0E723DF6E376068DC6BEFDD59C00882974E21
2025-07-15 17:28:10.813, FindNode, fd40162d-9bd8-4e17-982b-bcce99bd9647, ADC0E723DF6E376068DC6BEFDD59C00882974E21, ADC0E723DF6E376068DC6BEFDD59C00902974E21
2025-07-15 17:28:10.813, ReplyFindNode, fd40162d-9bd8-4e17-982b-bcce99bd9647, ADC0E723DF6E376068DC6BEFDD59C00882974E21, 488D91B7237C9FDEC56C70D9374C721A2F230821
2025-07-15 17:28:15.245, FindNode, e660e46d-aac3-4f34-9f4a-ac3f9afd7fba, 488D91B7237C9FDEC56C70D9374C721A2F230821, 488D92B7237C9FDEC56C70D9374C721A2F230821
2025-07-15 17:28:15.245, ReplyFindNode, e660e46d-aac3-4f34-9f4a-ac3f9afd7fba, 488D91B7237C9FDEC56C70D9374C721A2F230821, 7BB3577E7F5595B494687818149EE168FEBC2C03
2025-07-15 17:28:19.191, FindNode, 2b908347-ddb5-44f3-bb8c-9ae92d81eb72, 7BB3577E7F5595B494687818149EE168FEBC2C03, 7BB5577E7F5595B494687818149EE168FEBC2C03
2025-07-15 17:28:19.192, ReplyFindNode, 2b908347-ddb5-44f3-bb8c-9ae92d81eb72, 7BB3577E7F5595B494687818149EE168FEBC2C03, ADC0E723DF6E376068DC6BEFDD59C00882974E21
2025-07-15 17:28:22.814, FindNode, fcaa75c0-df49-428e-ab37-213152754693, ADC0E723DF6E376068DC6BEFDD59C00882974E21, ADC0E723DF6E376068DC6BEFDD5BC00882974E21
2025-07-15 17:28:22.814, ReplyFindNode, fcaa75c0-df49-428e-ab37-213152754693, ADC0E723DF6E376068DC6BEFDD59C00882974E21, 488D91B7237C9FDEC56C70D9374C721A2F230821
2025-07-15 17:28:27.245, FindNode, cb812388-7eec-4824-a308-2cf79409f654, 488D91B7237C9FDEC56C70D9374C721A2F230821, 488D91B7237C9FDEC56C70D9374C721A2F230823
2025-07-15 17:28:27.246, ReplyFindNode, cb812388-7eec-4824-a308-2cf79409f654, 488D91B7237C9FDEC56C70D9374C721A2F230821, 7BB3577E7F5595B494687818149EE168FEBC2C03
2025-07-15 17:28:31.192, FindNode, c79cb178-77fd-4b84-8418-c7811102e994, 7BB3577E7F5595B494687818149EE168FEBC2C03, 7BB3577E7F5595B494697818149EE168FEBC2C03
2025-07-15 17:28:31.192, ReplyFindNode, c79cb178-77fd-4b84-8418-c7811102e994, 7BB3577E7F5595B494687818149EE168FEBC2C03, ADC0E723DF6E376068DC6BEFDD59C00882974E21
2025-07-15 17:28:34.815, FindNode, 7a2ce11b-c945-4a09-910c-37c7fdf3024b, ADC0E723DF6E376068DC6BEFDD59C00882974E21, ADC0E723DF6E376068DC6BEFDD59C00882974E25
2025-07-15 17:28:34.815, ReplyFindNode, 7a2ce11b-c945-4a09-910c-37c7fdf3024b, ADC0E723DF6E376068DC6BEFDD59C00882974E21, 488D91B7237C9FDEC56C70D9374C721A2F230821
2025-07-15 17:28:39.246, FindNode, 00b3894e-55ef-4773-b627-eae178ad8ef7, 488D91B7237C9FDEC56C70D9374C721A2F230821, 488D91B7237CAFDEC56C70D9374C721A2F230821
2025-07-15 17:28:39.246, ReplyFindNode, 00b3894e-55ef-4773-b627-eae178ad8ef7, 488D91B7237C9FDEC56C70D9374C721A2F230821, 7BB3577E7F5595B494687818149EE168FEBC2C03
2025-07-15 17:28:43.193, FindNode, b9e25e00-f3e9-4950-9c09-38727589245e, 7BB3577E7F5595B494687818149EE168FEBC2C03, 7BB3577E7FD595B494687818149EE168FEBC2C03
2025-07-15 17:28:43.193, ReplyFindNode, b9e25e00-f3e9-4950-9c09-38727589245e, 7BB3577E7F5595B494687818149EE168FEBC2C03, ADC0E723DF6E376068DC6BEFDD59C00882974E21
2025-07-15 17:28:46.815, FindNode, 6b026cde-9316-406f-b094-0d34f1cff16c, ADC0E723DF6E376068DC6BEFDD59C00882974E21, AE00E723DF6E376068DC6BEFDD59C00882974E21
2025-07-15 17:28:46.816, ReplyFindNode, 6b026cde-9316-406f-b094-0d34f1cff16c, ADC0E723DF6E376068DC6BEFDD59C00882974E21, 488D91B7237C9FDEC56C70D9374C721A2F230821
2025-07-15 17:28:51.247, FindNode, f04f880a-4b0e-47d3-8b5e-0b8cca99b57b, 488D91B7237C9FDEC56C70D9374C721A2F230821, 488D91B7237C9FDEC56C70D9374C721A3F230821
2025-07-15 17:28:51.247, ReplyFindNode, f04f880a-4b0e-47d3-8b5e-0b8cca99b57b, 488D91B7237C9FDEC56C70D9374C721A2F230821, 7BB3577E7F5595B494687818149EE168FEBC2C03
2025-07-15 17:28:53.245, StartReadWriteRegimen
2025-07-15 17:28:53.755, Lookup, 0db39bf7-8949-4dcb-bb64-a84754bb4849, ADC0E723DF6E376068DC6BEFDD59C00882974E21, 623451B1C32F4EAF28A948346B38E0C435C9B941
2025-07-15 17:28:53.801, FindNode, d1d343fa-ae70-4ac5-9698-378035fefd45, 488D91B7237C9FDEC56C70D9374C721A2F230821, 623451B1C32F4EAF28A948346B38E0C435C9B941
2025-07-15 17:28:53.801, ReplyFindNode, d1d343fa-ae70-4ac5-9698-378035fefd45, 488D91B7237C9FDEC56C70D9374C721A2F230821, 7BB3577E7F5595B494687818149EE168FEBC2C03
2025-07-15 17:28:54.013, ReplyLookup, 0db39bf7-8949-4dcb-bb64-a84754bb4849, 488D91B7237C9FDEC56C70D9374C721A2F230821,
2025-07-15 17:28:54.250, Lookup, bf50c183-627d-4dd4-a8f1-81d55f8eaca3, 488D91B7237C9FDEC56C70D9374C721A2F230821, CBA409FE9BE57AC094BAA16FFE3B518CA8EAB1AD
2025-07-15 17:28:54.252, FindNode, 9007b4f7-5f48-4986-95ef-e9e7626cf963, ADC0E723DF6E376068DC6BEFDD59C00882974E21, CBA409FE9BE57AC094BAA16FFE3B518CA8EAB1AD
2025-07-15 17:28:54.253, ReplyFindNode, 9007b4f7-5f48-4986-95ef-e9e7626cf963, ADC0E723DF6E376068DC6BEFDD59C00882974E21, 488D91B7237C9FDEC56C70D9374C721A2F230821
2025-07-15 17:28:54.453, ReplyLookup, bf50c183-627d-4dd4-a8f1-81d55f8eaca3, ADC0E723DF6E376068DC6BEFDD59C00882974E21,
2025-07-15 17:28:54.773, Store, d42f0fac-b886-419a-80b5-cf88c7572214, 7BB3577E7F5595B494687818149EE168FEBC2C03, 8C1E5403FD8A45BBECB50ED48E66CE309B51C285, 44E65DC814999576EFB356FC593C6BA788A52070
2025-07-15 17:28:54.844, ReplyStore, d42f0fac-b886-419a-80b5-cf88c7572214, ADC0E723DF6E376068DC6BEFDD59C00882974E21
2025-07-15 17:28:55.194, FindNode, 16bee81a-989c-459c-9ded-ee69df4950fd, 7BB3577E7F5595B494687818149EE168FEBC2C03, 7BB3577EBF5595B494687818149EE168FEBC2C03
2025-07-15 17:28:55.194, ReplyFindNode, 16bee81a-989c-459c-9ded-ee69df4950fd, 7BB3577E7F5595B494687818149EE168FEBC2C03, ADC0E723DF6E376068DC6BEFDD59C00882974E21
2025-07-15 17:28:58.816, FindNode, bfc94093-3088-4248-92d5-11e46c184042, ADC0E723DF6E376068DC6BEFDD59C00882974E21, ADC0E723DF6E376068DC6BEFDD59C00882978E21
2025-07-15 17:28:58.817, ReplyFindNode, bfc94093-3088-4248-92d5-11e46c184042, ADC0E723DF6E376068DC6BEFDD59C00882974E21, 488D91B7237C9FDEC56C70D9374C721A2F230821
2025-07-15 17:29:03.248, FindNode, e72977ca-750e-4d0d-bcbf-90a2ab9021b9, 488D91B7237C9FDEC56C70D9374C721A2F230821, 488D91B7237C9FDEC57070D9374C721A2F230821
2025-07-15 17:29:03.248, ReplyFindNode, e72977ca-750e-4d0d-bcbf-90a2ab9021b9, 488D91B7237C9FDEC56C70D9374C721A2F230821, 7BB3577E7F5595B494687818149EE168FEBC2C03
2025-07-15 17:29:07.194, FindNode, 13ed9bae-a0ec-4b41-bd2a-4703d4d5a35a, 7BB3577E7F5595B494687818149EE168FEBC2C03, 7BB3577E7F5595B494687819149EE168FEBC2C03
2025-07-15 17:29:07.195, ReplyFindNode, 13ed9bae-a0ec-4b41-bd2a-4703d4d5a35a, 7BB3577E7F5595B494687818149EE168FEBC2C03, ADC0E723DF6E376068DC6BEFDD59C00882974E21
2025-07-15 17:29:08.753, Store, 846160da-932b-48dc-8f90-f02a741dbf8a, ADC0E723DF6E376068DC6BEFDD59C00882974E21, E9C37BEEF51AAC584CB600E7D83DC7410DC57FBC, 7A320980AE11BB283ACC7735052FFFA99DD52EB4
2025-07-15 17:29:08.809, ReplyStore, 846160da-932b-48dc-8f90-f02a741dbf8a, 488D91B7237C9FDEC56C70D9374C721A2F230821
2025-07-15 17:29:09.249, Lookup, d2bbf300-17a5-469f-b86f-2899c8b582c6, 488D91B7237C9FDEC56C70D9374C721A2F230821, 084C92B05146C206856D5BD6B710423B147C02BE
2025-07-15 17:29:09.293, FindNode, e22c14d1-c5ec-43b2-bf60-93367292aba8, ADC0E723DF6E376068DC6BEFDD59C00882974E21, 084C92B05146C206856D5BD6B710423B147C02BE
2025-07-15 17:29:09.293, ReplyFindNode, e22c14d1-c5ec-43b2-bf60-93367292aba8, ADC0E723DF6E376068DC6BEFDD59C00882974E21, 488D91B7237C9FDEC56C70D9374C721A2F230821
2025-07-15 17:29:09.468, ReplyLookup, d2bbf300-17a5-469f-b86f-2899c8b582c6, ADC0E723DF6E376068DC6BEFDD59C00882974E21,
2025-07-15 17:29:09.771, Store, d1c783db-e4fa-44c3-b9d7-46e44fa4a99c, 7BB3577E7F5595B494687818149EE168FEBC2C03, 6482183064C6312DE3FC14FE912062CC67103876, 211E69D0731F68DE798C256BE7F9304533D57B87
2025-07-15 17:29:09.816, FindNode, 9ab779bc-a1b8-4db1-adea-7c7a56cfb98e, 488D91B7237C9FDEC56C70D9374C721A2F230821, 6482183064C6312DE3FC14FE912062CC67103876
2025-07-15 17:29:09.817, ReplyFindNode, 9ab779bc-a1b8-4db1-adea-7c7a56cfb98e, 488D91B7237C9FDEC56C70D9374C721A2F230821, 7BB3577E7F5595B494687818149EE168FEBC2C03
2025-07-15 17:29:09.912, ReplyStore, d1c783db-e4fa-44c3-b9d7-46e44fa4a99c, 488D91B7237C9FDEC56C70D9374C721A2F230821
2025-07-15 17:29:10.817, FindNode, a1c675da-c022-473f-a4ef-a1310fa48275, ADC0E723DF6E376068DC6BEFDD59C00882974E21, ADC0E723DF6E376068DC6BEFDD59C0088297CE21
2025-07-15 17:29:10.818, ReplyFindNode, a1c675da-c022-473f-a4ef-a1310fa48275, ADC0E723DF6E376068DC6BEFDD59C00882974E21, 488D91B7237C9FDEC56C70D9374C721A2F230821
2025-07-15 17:29:15.249, FindNode, b94757a2-9b12-4fee-8240-3095b14bfb34, 488D91B7237C9FDEC56C70D9374C721A2F230821, 488D99B7237C9FDEC56C70D9374C721A2F230821
2025-07-15 17:29:15.249, ReplyFindNode, b94757a2-9b12-4fee-8240-3095b14bfb34, 488D91B7237C9FDEC56C70D9374C721A2F230821, 7BB3577E7F5595B494687818149EE168FEBC2C03
2025-07-15 17:29:19.195, FindNode, 93b3eb66-ea48-418f-8d16-d39cd986b51a, 7BB3577E7F5595B494687818149EE168FEBC2C03, 8BB3577E7F5595B494687818149EE168FEBC2C03
2025-07-15 17:29:19.196, ReplyFindNode, 93b3eb66-ea48-418f-8d16-d39cd986b51a, 7BB3577E7F5595B494687818149EE168FEBC2C03, ADC0E723DF6E376068DC6BEFDD59C00882974E21
2025-07-15 17:29:22.818, FindNode, e747c1f4-4a26-4efa-ac8e-8c404affc55f, ADC0E723DF6E376068DC6BEFDD59C00882974E21, ADC0E723DF6E376068DC6BEFDD59C00902974E21
2025-07-15 17:29:22.818, ReplyFindNode, e747c1f4-4a26-4efa-ac8e-8c404affc55f, ADC0E723DF6E376068DC6BEFDD59C00882974E21, 488D91B7237C9FDEC56C70D9374C721A2F230821
2025-07-15 17:29:23.754, Remove, d504ce06-1f13-4d22-93c0-3e8970d42fc8, ADC0E723DF6E376068DC6BEFDD59C00882974E21, E9C37BEEF51AAC584CB600E7D83DC7410DC57FBC, 7A320980AE11BB283ACC7735052FFFA99DD52EB4
2025-07-15 17:29:23.800, ReplyRemove, d504ce06-1f13-4d22-93c0-3e8970d42fc8, 488D91B7237C9FDEC56C70D9374C721A2F230821
2025-07-15 17:29:24.248, Lookup, b170f6e2-e08d-4d3e-8811-468efb7cadae, 488D91B7237C9FDEC56C70D9374C721A2F230821, 524377CDE8725AC0D2731F7427E2BA0C75991BCC
2025-07-15 17:29:24.294, ReplyLookup, b170f6e2-e08d-4d3e-8811-468efb7cadae, 7BB3577E7F5595B494687818149EE168FEBC2C03,
2025-07-15 17:29:24.771, Store, dfdeef9a-8deb-4dd8-ad4f-e7fed3a861cc, 7BB3577E7F5595B494687818149EE168FEBC2C03, 0D72C8E05CBB0A1D1B6071D976C5CDA18D1A124C, 7DEB9A3C72639C3BE93B85AE69F74D98F0EF5558
2025-07-15 17:29:24.817, FindNode, 98736fb3-647d-446a-a48f-bd74e08f7585, ADC0E723DF6E376068DC6BEFDD59C00882974E21, 0D72C8E05CBB0A1D1B6071D976C5CDA18D1A124C
2025-07-15 17:29:24.817, ReplyFindNode, 98736fb3-647d-446a-a48f-bd74e08f7585, ADC0E723DF6E376068DC6BEFDD59C00882974E21, 488D91B7237C9FDEC56C70D9374C721A2F230821
2025-07-15 17:29:24.912, ReplyStore, dfdeef9a-8deb-4dd8-ad4f-e7fed3a861cc, ADC0E723DF6E376068DC6BEFDD59C00882974E21
2025-07-15 17:29:27.249, FindNode, d0f022af-1bcd-4ba3-b87a-18f73c2748db, 488D91B7237C9FDEC56C70D9374C721A2F230821, 488D91B7237C9FE0C56C70D9374C721A2F230821
2025-07-15 17:29:27.250, ReplyFindNode, d0f022af-1bcd-4ba3-b87a-18f73c2748db, 488D91B7237C9FDEC56C70D9374C721A2F230821, 7BB3577E7F5595B494687818149EE168FEBC2C03
2025-07-15 17:29:31.196, FindNode, 085eab3d-c48f-49fb-80e7-3875bfcbd937, 7BB3577E7F5595B494687818149EE168FEBC2C03, 7BB3577E7F559DB494687818149EE168FEBC2C03
2025-07-15 17:29:31.196, ReplyFindNode, 085eab3d-c48f-49fb-80e7-3875bfcbd937, 7BB3577E7F5595B494687818149EE168FEBC2C03, ADC0E723DF6E376068DC6BEFDD59C00882974E21
2025-07-15 17:29:34.819, FindNode, 2dc400c6-03c5-4b1b-b51e-f9f3325978a4, ADC0E723DF6E376068DC6BEFDD59C00882974E21, ADC0E723DF6E376069DC6BEFDD59C00882974E21
2025-07-15 17:29:34.819, ReplyFindNode, 2dc400c6-03c5-4b1b-b51e-f9f3325978a4, ADC0E723DF6E376068DC6BEFDD59C00882974E21, 488D91B7237C9FDEC56C70D9374C721A2F230821
2025-07-15 17:29:38.753, Store, 96647752-8ce3-4a5e-a5eb-49fce4de969c, ADC0E723DF6E376068DC6BEFDD59C00882974E21, 00BF75C0771FE5C00E4E21973BCFD90CDFBF8992, 4872D52F470A9C7E0B66D0A4062715D07BBF24C0
2025-07-15 17:29:38.800, ReplyStore, 96647752-8ce3-4a5e-a5eb-49fce4de969c, 488D91B7237C9FDEC56C70D9374C721A2F230821
2025-07-15 17:29:39.249, Store, a41ddd09-6336-4110-b532-a71a50a0fa59, 488D91B7237C9FDEC56C70D9374C721A2F230821, 20A5461E257D93E9FCBFB4F19F2A9243AFEE918C, B4841A6CFF87141380778AF4406DCD14D736B6E1
2025-07-15 17:29:39.250, FindNode, 93f9e8ab-5469-4647-9b6c-14a8a369e9c0, 488D91B7237C9FDEC56C70D9374C721A2F230821, 488D91B7237C9FDEC56C80D9374C721A2F230821
2025-07-15 17:29:39.251, ReplyFindNode, 93f9e8ab-5469-4647-9b6c-14a8a369e9c0, 488D91B7237C9FDEC56C70D9374C721A2F230821, 7BB3577E7F5595B494687818149EE168FEBC2C03
2025-07-15 17:29:39.300, FindNode, 9b73663e-20fd-4b6f-8417-774a90334801, ADC0E723DF6E376068DC6BEFDD59C00882974E21, 20A5461E257D93E9FCBFB4F19F2A9243AFEE918C
2025-07-15 17:29:39.301, ReplyFindNode, 9b73663e-20fd-4b6f-8417-774a90334801, ADC0E723DF6E376068DC6BEFDD59C00882974E21, 488D91B7237C9FDEC56C70D9374C721A2F230821
2025-07-15 17:29:39.392, ReplyStore, a41ddd09-6336-4110-b532-a71a50a0fa59, ADC0E723DF6E376068DC6BEFDD59C00882974E21
2025-07-15 17:29:39.772, Lookup, d0dfb0b6-9640-4110-b8a9-f2e5c927fb17, 7BB3577E7F5595B494687818149EE168FEBC2C03, 6482183064C6312DE3FC14FE912062CC67103876
2025-07-15 17:29:39.816, FindNode, bf1099ae-a549-4265-97cb-2f9a8a1ca2e7, 488D91B7237C9FDEC56C70D9374C721A2F230821, 6482183064C6312DE3FC14FE912062CC67103876
2025-07-15 17:29:39.817, ReplyFindNode, bf1099ae-a549-4265-97cb-2f9a8a1ca2e7, 488D91B7237C9FDEC56C70D9374C721A2F230821, 7BB3577E7F5595B494687818149EE168FEBC2C03
2025-07-15 17:29:39.993, ReplyLookup, d0dfb0b6-9640-4110-b8a9-f2e5c927fb17, 488D91B7237C9FDEC56C70D9374C721A2F230821, 211E69D0731F68DE798C256BE7F9304533D57B87
2025-07-15 17:29:43.197, FindNode, de06b3b6-cc02-4f4e-a804-f15fb8cde4b2, 7BB3577E7F5595B494687818149EE168FEBC2C03, 7BB3577E7F5595B494687818149EE168FEBC2C05
2025-07-15 17:29:43.197, ReplyFindNode, de06b3b6-cc02-4f4e-a804-f15fb8cde4b2, 7BB3577E7F5595B494687818149EE168FEBC2C03, ADC0E723DF6E376068DC6BEFDD59C00882974E21
2025-07-15 17:29:46.820, FindNode, 93324f3c-497b-4ebe-b65a-915a07cc0e4a, ADC0E723DF6E376068DC6BEFDD59C00882974E21, ADC0E723DF6E376068DC6FEFDD59C00882974E21
2025-07-15 17:29:46.820, ReplyFindNode, 93324f3c-497b-4ebe-b65a-915a07cc0e4a, ADC0E723DF6E376068DC6BEFDD59C00882974E21, 488D91B7237C9FDEC56C70D9374C721A2F230821
2025-07-15 17:29:51.251, FindNode, 2e0faa17-ce0a-4ed9-a0e8-341a019f82f4, 488D91B7237C9FDEC56C70D9374C721A2F230821, 488D91B7237C9FDEC56C70D9374C721A2F230921
2025-07-15 17:29:51.252, ReplyFindNode, 2e0faa17-ce0a-4ed9-a0e8-341a019f82f4, 488D91B7237C9FDEC56C70D9374C721A2F230821, 7BB3577E7F5595B494687818149EE168FEBC2C03
2025-07-15 17:29:53.753, Remove, fd8ecbe1-2ca3-4940-adaa-94e595898593, ADC0E723DF6E376068DC6BEFDD59C00882974E21, 00BF75C0771FE5C00E4E21973BCFD90CDFBF8992, 4872D52F470A9C7E0B66D0A4062715D07BBF24C0
2025-07-15 17:29:53.755, ReplyRemove, fd8ecbe1-2ca3-4940-adaa-94e595898593, 488D91B7237C9FDEC56C70D9374C721A2F230821
2025-07-15 17:29:54.248, Store, b140708f-3b72-466c-b11a-5cbcc7380a3a, 488D91B7237C9FDEC56C70D9374C721A2F230821, 4972B78B75E1FBE7528F0BCC0C7B0CF7E0E6BB0B, CD80598EC517EAE9A358EDA9FD94A445051EF53F
2025-07-15 17:29:54.292, ReplyStore, b140708f-3b72-466c-b11a-5cbcc7380a3a, 7BB3577E7F5595B494687818149EE168FEBC2C03
2025-07-15 17:29:54.772, Lookup, f86fa6dc-849a-4958-accd-b9a0be6cddc7, 7BB3577E7F5595B494687818149EE168FEBC2C03, E30B2DA212DBA96C958944E3E09107C4A46BFE85
2025-07-15 17:29:54.817, FindNode, b3b89781-5357-4a80-9985-4316290b5ee5, ADC0E723DF6E376068DC6BEFDD59C00882974E21, E30B2DA212DBA96C958944E3E09107C4A46BFE85
2025-07-15 17:29:54.817, ReplyFindNode, b3b89781-5357-4a80-9985-4316290b5ee5, ADC0E723DF6E376068DC6BEFDD59C00882974E21, 488D91B7237C9FDEC56C70D9374C721A2F230821
2025-07-15 17:29:54.992, ReplyLookup, f86fa6dc-849a-4958-accd-b9a0be6cddc7, ADC0E723DF6E376068DC6BEFDD59C00882974E21,
2025-07-15 17:29:55.198, FindNode, 35bded2c-c706-4827-89ac-d6469acbb5b1, 7BB3577E7F5595B494687818149EE168FEBC2C03, 7BB3577E7F5595B496687818149EE168FEBC2C03
2025-07-15 17:29:55.198, ReplyFindNode, 35bded2c-c706-4827-89ac-d6469acbb5b1, 7BB3577E7F5595B494687818149EE168FEBC2C03, ADC0E723DF6E376068DC6BEFDD59C00882974E21
2025-07-15 17:29:58.820, FindNode, 2dcc680c-8f9d-4dc3-ae27-07eb521f9c13, ADC0E723DF6E376068DC6BEFDD59C00882974E21, ADC0E72BDF6E376068DC6BEFDD59C00882974E21
2025-07-15 17:29:58.821, ReplyFindNode, 2dcc680c-8f9d-4dc3-ae27-07eb521f9c13, ADC0E723DF6E376068DC6BEFDD59C00882974E21, 488D91B7237C9FDEC56C70D9374C721A2F230821
2025-07-15 17:30:03.252, FindNode, 7c6be11c-4c8a-47a5-8392-3e1888733d4b, 488D91B7237C9FDEC56C70D9374C721A2F230821, 488D91B7237C9FDEC56C70D9374C721E2F230821
2025-07-15 17:30:03.252, ReplyFindNode, 7c6be11c-4c8a-47a5-8392-3e1888733d4b, 488D91B7237C9FDEC56C70D9374C721A2F230821, 7BB3577E7F5595B494687818149EE168FEBC2C03
2025-07-15 17:30:07.199, FindNode, d86e586a-c5ab-41c0-837c-0e1171930ee5, 7BB3577E7F5595B494687818149EE168FEBC2C03, 7BB3577E7F5595B494687818349EE168FEBC2C03
2025-07-15 17:30:07.199, ReplyFindNode, d86e586a-c5ab-41c0-837c-0e1171930ee5, 7BB3577E7F5595B494687818149EE168FEBC2C03, ADC0E723DF6E376068DC6BEFDD59C00882974E21
2025-07-15 17:30:08.753, Lookup, 987ced75-149f-4599-bd42-42bf8b36ed4e, ADC0E723DF6E376068DC6BEFDD59C00882974E21, 1A34561D16C8A240E962A8310514CE6213F86899
2025-07-15 17:30:08.797, ReplyLookup, 987ced75-149f-4599-bd42-42bf8b36ed4e, 488D91B7237C9FDEC56C70D9374C721A2F230821,
2025-07-15 17:30:09.249, Lookup, 5dcbc31a-17cc-487b-a50b-76582e3c5265, 488D91B7237C9FDEC56C70D9374C721A2F230821, DB0B4002144BE3AF077D960E607619CB36897DBF
2025-07-15 17:30:09.292, FindNode, f8255af8-e23c-40e5-9d67-147d9f6b5b4a, ADC0E723DF6E376068DC6BEFDD59C00882974E21, DB0B4002144BE3AF077D960E607619CB36897DBF
2025-07-15 17:30:09.293, ReplyFindNode, f8255af8-e23c-40e5-9d67-147d9f6b5b4a, ADC0E723DF6E376068DC6BEFDD59C00882974E21, 488D91B7237C9FDEC56C70D9374C721A2F230821
2025-07-15 17:30:09.468, ReplyLookup, 5dcbc31a-17cc-487b-a50b-76582e3c5265, ADC0E723DF6E376068DC6BEFDD59C00882974E21,
2025-07-15 17:30:09.772, Lookup, 9a200634-6ff1-42ee-8a90-093c48241bee, 7BB3577E7F5595B494687818149EE168FEBC2C03, D909219BBFB971BF485F85732D86097E4B8050BC
2025-07-15 17:30:09.816, FindNode, 4d45e533-05a4-4137-83d0-b76cc7d4eb75, ADC0E723DF6E376068DC6BEFDD59C00882974E21, D909219BBFB971BF485F85732D86097E4B8050BC
2025-07-15 17:30:09.817, ReplyFindNode, 4d45e533-05a4-4137-83d0-b76cc7d4eb75, ADC0E723DF6E376068DC6BEFDD59C00882974E21, 488D91B7237C9FDEC56C70D9374C721A2F230821
2025-07-15 17:30:09.948, ReplyLookup, 9a200634-6ff1-42ee-8a90-093c48241bee, ADC0E723DF6E376068DC6BEFDD59C00882974E21,
2025-07-15 17:30:10.821, FindNode, 3b7ed9bc-994b-44ae-9a67-453264851eb4, ADC0E723DF6E376068DC6BEFDD59C00882974E21, ADC0E723DF6EB76068DC6BEFDD59C00882974E21
2025-07-15 17:30:10.821, ReplyFindNode, 3b7ed9bc-994b-44ae-9a67-453264851eb4, ADC0E723DF6E376068DC6BEFDD59C00882974E21, 488D91B7237C9FDEC56C70D9374C721A2F230821
2025-07-15 17:30:15.253, FindNode, aac9d526-0699-4abc-8cd6-16f08b1415f1, 488D91B7237C9FDEC56C70D9374C721A2F230821, 488D91B7237C9FDEC56C70D9374C721A6F230821
2025-07-15 17:30:15.253, ReplyFindNode, aac9d526-0699-4abc-8cd6-16f08b1415f1, 488D91B7237C9FDEC56C70D9374C721A2F230821, 7BB3577E7F5595B494687818149EE168FEBC2C03
2025-07-15 17:30:19.199, FindNode, e996a536-b0a0-48d6-8aa4-834c1edf6823, 7BB3577E7F5595B494687818149EE168FEBC2C03, 9BB3577E7F5595B494687818149EE168FEBC2C03
2025-07-15 17:30:19.200, ReplyFindNode, e996a536-b0a0-48d6-8aa4-834c1edf6823, 7BB3577E7F5595B494687818149EE168FEBC2C03, ADC0E723DF6E376068DC6BEFDD59C00882974E21
2025-07-15 17:30:22.822, FindNode, 830fbf96-ee03-42e4-9c8b-76e52e129ed6, ADC0E723DF6E376068DC6BEFDD59C00882974E21, ADC0E723DF6E3760A8DC6BEFDD59C00882974E21
2025-07-15 17:30:22.822, ReplyFindNode, 830fbf96-ee03-42e4-9c8b-76e52e129ed6, ADC0E723DF6E376068DC6BEFDD59C00882974E21, 488D91B7237C9FDEC56C70D9374C721A2F230821
2025-07-15 17:30:23.753, Store, dd1c1393-cd92-40aa-ae23-774b5b641070, ADC0E723DF6E376068DC6BEFDD59C00882974E21, 46970298B7C49635134908446D6DD59B87AFD76A, 8E8E7481FC021BB47B823DDD87C38EB180994263
2025-07-15 17:30:23.796, ReplyStore, dd1c1393-cd92-40aa-ae23-774b5b641070, 488D91B7237C9FDEC56C70D9374C721A2F230821
2025-07-15 17:30:24.249, Lookup, 208f7eac-6507-4bb4-aa41-2e07b1f501ec, 488D91B7237C9FDEC56C70D9374C721A2F230821, 20A5461E257D93E9FCBFB4F19F2A9243AFEE918C
2025-07-15 17:30:24.292, FindNode, 8372b683-b4e4-4aaa-b120-236a31b2d213, ADC0E723DF6E376068DC6BEFDD59C00882974E21, 20A5461E257D93E9FCBFB4F19F2A9243AFEE918C
2025-07-15 17:30:24.293, ReplyFindNode, 8372b683-b4e4-4aaa-b120-236a31b2d213, ADC0E723DF6E376068DC6BEFDD59C00882974E21, 488D91B7237C9FDEC56C70D9374C721A2F230821
2025-07-15 17:30:24.469, ReplyLookup, 208f7eac-6507-4bb4-aa41-2e07b1f501ec, ADC0E723DF6E376068DC6BEFDD59C00882974E21, B4841A6CFF87141380778AF4406DCD14D736B6E1
2025-07-15 17:30:24.773, Lookup, cdce60c0-4c66-4a03-979d-222c523b4a04, 7BB3577E7F5595B494687818149EE168FEBC2C03, A565259DBFCFE6D40D4D8FCAB1AAE55845015F69
2025-07-15 17:30:24.817, ReplyLookup, cdce60c0-4c66-4a03-979d-222c523b4a04, ADC0E723DF6E376068DC6BEFDD59C00882974E21,
2025-07-15 17:30:27.254, FindNode, ec34f15e-83ff-4bba-b03c-2ee446343834, 488D91B7237C9FDEC56C70D9374C721A2F230821, 488D91B7237C9FDEC56C70D9374C721A2F230861
2025-07-15 17:30:27.254, ReplyFindNode, ec34f15e-83ff-4bba-b03c-2ee446343834, 488D91B7237C9FDEC56C70D9374C721A2F230821, 7BB3577E7F5595B494687818149EE168FEBC2C03
2025-07-15 17:30:31.200, FindNode, 6d93b691-f6b0-4667-8758-401b30766113, 7BB3577E7F5595B494687818149EE168FEBC2C03, 7BB3577E7F5595B494687818149EE168FFBC2C03
2025-07-15 17:30:31.200, ReplyFindNode, 6d93b691-f6b0-4667-8758-401b30766113, 7BB3577E7F5595B494687818149EE168FEBC2C03, ADC0E723DF6E376068DC6BEFDD59C00882974E21
2025-07-15 17:30:34.822, FindNode, 58723356-6f42-465b-afbb-bf9c9bc38bf4, ADC0E723DF6E376068DC6BEFDD59C00882974E21, ADC0E723DF6E376068DC6BEFDD59C008829B4E21
2025-07-15 17:30:34.823, ReplyFindNode, 58723356-6f42-465b-afbb-bf9c9bc38bf4, ADC0E723DF6E376068DC6BEFDD59C00882974E21, 488D91B7237C9FDEC56C70D9374C721A2F230821
2025-07-15 17:30:38.754, Lookup, 918b2006-42ce-4561-bbfa-ed2c197f082a, ADC0E723DF6E376068DC6BEFDD59C00882974E21, CE3F2F497EF5657EDA8D4E9F9D61E7535427D6FF
2025-07-15 17:30:38.797, ReplyLookup, 918b2006-42ce-4561-bbfa-ed2c197f082a, 488D91B7237C9FDEC56C70D9374C721A2F230821,
2025-07-15 17:30:39.250, Store, fefdf404-e425-4e91-a508-a4766a0eeeb5, 488D91B7237C9FDEC56C70D9374C721A2F230821, F83AFDBF1E4A7279A5E4A0D63C7D2F354EB5E3C7, C46DF3FBA59172BD0B1E825BA5E0C1F5A109E510
2025-07-15 17:30:39.254, FindNode, c3cf3099-2cf7-4748-bdfd-813f90f791ce, 488D91B7237C9FDEC56C70D9374C721A2F230821, 488D91B7237C9FDEC56C70D9374C721A2F230861
2025-07-15 17:30:39.255, ReplyFindNode, c3cf3099-2cf7-4748-bdfd-813f90f791ce, 488D91B7237C9FDEC56C70D9374C721A2F230821, 7BB3577E7F5595B494687818149EE168FEBC2C03
2025-07-15 17:30:39.292, FindNode, 116f1b6e-e2c3-494f-8d49-e03f71714e51, ADC0E723DF6E376068DC6BEFDD59C00882974E21, F83AFDBF1E4A7279A5E4A0D63C7D2F354EB5E3C7
2025-07-15 17:30:39.293, ReplyFindNode, 116f1b6e-e2c3-494f-8d49-e03f71714e51, ADC0E723DF6E376068DC6BEFDD59C00882974E21, 488D91B7237C9FDEC56C70D9374C721A2F230821
2025-07-15 17:30:39.384, ReplyStore, fefdf404-e425-4e91-a508-a4766a0eeeb5, ADC0E723DF6E376068DC6BEFDD59C00882974E21
2025-07-15 17:30:39.773, Store, 5e883c07-39de-4e12-bdbb-d0dd9e1ff93e, 7BB3577E7F5595B494687818149EE168FEBC2C03, F283F65B4F3BC43D5CDE609449592EF014AD317E, 86954B0558ACBE6787B6FB108FCA3CA9645718FA
2025-07-15 17:30:39.816, FindNode, 64b8fee6-8fee-4525-936c-f42a5af38c2e, ADC0E723DF6E376068DC6BEFDD59C00882974E21, F283F65B4F3BC43D5CDE609449592EF014AD317E
2025-07-15 17:30:39.817, ReplyFindNode, 64b8fee6-8fee-4525-936c-f42a5af38c2e, ADC0E723DF6E376068DC6BEFDD59C00882974E21, 488D91B7237C9FDEC56C70D9374C721A2F230821
2025-07-15 17:30:39.908, ReplyStore, 5e883c07-39de-4e12-bdbb-d0dd9e1ff93e, ADC0E723DF6E376068DC6BEFDD59C00882974E21
2025-07-15 17:30:43.201, FindNode, 490b9853-848d-4366-b5a4-062d43070e7d, 7BB3577E7F5595B494687818149EE168FEBC2C03, 7BB3577E7F5595B894687818149EE168FEBC2C03
2025-07-15 17:30:43.201, ReplyFindNode, 490b9853-848d-4366-b5a4-062d43070e7d, 7BB3577E7F5595B494687818149EE168FEBC2C03, ADC0E723DF6E376068DC6BEFDD59C00882974E21
2025-07-15 17:30:46.823, FindNode, 183fc5d0-9817-411f-8ef4-90ad27ef3a59, ADC0E723DF6E376068DC6BEFDD59C00882974E21, ADC0E723DF6E376068DC6BEFDD61C00882974E21
2025-07-15 17:30:46.824, ReplyFindNode, 183fc5d0-9817-411f-8ef4-90ad27ef3a59, ADC0E723DF6E376068DC6BEFDD59C00882974E21, 488D91B7237C9FDEC56C70D9374C721A2F230821
2025-07-15 17:30:51.255, FindNode, 3786e39d-03e3-49a9-8177-03e890da1d9d, 488D91B7237C9FDEC56C70D9374C721A2F230821, 488D91B7237C9FDEC57070D9374C721A2F230821
2025-07-15 17:30:51.255, ReplyFindNode, 3786e39d-03e3-49a9-8177-03e890da1d9d, 488D91B7237C9FDEC56C70D9374C721A2F230821, 7BB3577E7F5595B494687818149EE168FEBC2C03
2025-07-15 17:30:53.754, Store, 3ec4cc9f-1b3b-4551-9a6f-d5d57b815bcf, ADC0E723DF6E376068DC6BEFDD59C00882974E21, D1EE42497945091A1654B4682DBB8B9E659AB7AA, 29D147E150828B31FDA006223A08ABDD566B8504
2025-07-15 17:30:53.796, ReplyStore, 3ec4cc9f-1b3b-4551-9a6f-d5d57b815bcf, 488D91B7237C9FDEC56C70D9374C721A2F230821
2025-07-15 17:30:54.249, Store, 77079b36-954c-4432-939b-db4482486001, 488D91B7237C9FDEC56C70D9374C721A2F230821, F8FB87BD1A25BD0684B9B409D0A528F256B12056, 77B9AC77EDD5BE54747B66D59377BC615FFCB4F1
2025-07-15 17:30:54.292, FindNode, efe55b42-22db-45f2-af79-3b7c75080a96, ADC0E723DF6E376068DC6BEFDD59C00882974E21, F8FB87BD1A25BD0684B9B409D0A528F256B12056
2025-07-15 17:30:54.293, ReplyFindNode, efe55b42-22db-45f2-af79-3b7c75080a96, ADC0E723DF6E376068DC6BEFDD59C00882974E21, 488D91B7237C9FDEC56C70D9374C721A2F230821
2025-07-15 17:30:54.384, ReplyStore, 77079b36-954c-4432-939b-db4482486001, ADC0E723DF6E376068DC6BEFDD59C00882974E21
2025-07-15 17:30:54.774, Remove, 38131e28-7361-4b6a-a06b-d77069ef20c8, 7BB3577E7F5595B494687818149EE168FEBC2C03, 8C1E5403FD8A45BBECB50ED48E66CE309B51C285, 44E65DC814999576EFB356FC593C6BA788A52070
2025-07-15 17:30:54.821, ReplyRemove, 38131e28-7361-4b6a-a06b-d77069ef20c8, ADC0E723DF6E376068DC6BEFDD59C00882974E21
2025-07-15 17:30:55.201, FindNode, c88d6a33-c548-40ee-b97f-c3f5c932afc7, 7BB3577E7F5595B494687818149EE168FEBC2C03, 7BB3577E7F5595B494687818549EE168FEBC2C03
2025-07-15 17:30:55.202, ReplyFindNode, c88d6a33-c548-40ee-b97f-c3f5c932afc7, 7BB3577E7F5595B494687818149EE168FEBC2C03, ADC0E723DF6E376068DC6BEFDD59C00882974E21
2025-07-15 17:30:58.824, FindNode, fafd26c8-024f-4e26-98e4-6d31d7e18854, ADC0E723DF6E376068DC6BEFDD59C00882974E21, ADC0E723DF6E376068DC6BEFDD59C00902974E21
2025-07-15 17:30:58.824, ReplyFindNode, fafd26c8-024f-4e26-98e4-6d31d7e18854, ADC0E723DF6E376068DC6BEFDD59C00882974E21, 488D91B7237C9FDEC56C70D9374C721A2F230821
2025-07-15 17:31:03.256, FindNode, 0eb2a22c-30a0-4163-a7f3-2d61dfb015b4, 488D91B7237C9FDEC56C70D9374C721A2F230821, 488D91B7237C9FDEC56C70D9374C721A2F231821
2025-07-15 17:31:03.256, ReplyFindNode, 0eb2a22c-30a0-4163-a7f3-2d61dfb015b4, 488D91B7237C9FDEC56C70D9374C721A2F230821, 7BB3577E7F5595B494687818149EE168FEBC2C03
2025-07-15 17:31:07.202, FindNode, 0e4780c8-e6c1-4421-ab6a-44e4318246b7, 7BB3577E7F5595B494687818149EE168FEBC2C03, 7BB3577E7F5595B494687818149EE168FEBC2C43
2025-07-15 17:31:07.203, ReplyFindNode, 0e4780c8-e6c1-4421-ab6a-44e4318246b7, 7BB3577E7F5595B494687818149EE168FEBC2C03, ADC0E723DF6E376068DC6BEFDD59C00882974E21
2025-07-15 17:31:08.755, Lookup, 2e2ea394-4ae8-4248-b1f1-21bd1cb18e2b, ADC0E723DF6E376068DC6BEFDD59C00882974E21, 46970298B7C49635134908446D6DD59B87AFD76A
2025-07-15 17:31:08.798, ReplyLookup, 2e2ea394-4ae8-4248-b1f1-21bd1cb18e2b, 488D91B7237C9FDEC56C70D9374C721A2F230821, 8E8E7481FC021BB47B823DDD87C38EB180994263
2025-07-15 17:31:09.249, Lookup, 16d09848-7257-4232-b94c-522d57adc17e, 488D91B7237C9FDEC56C70D9374C721A2F230821, D6220063ED4F3235813F3E2DC8549CDEB817DE3D
2025-07-15 17:31:09.292, FindNode, 44076f92-98fc-44d3-819f-b984064edcfc, ADC0E723DF6E376068DC6BEFDD59C00882974E21, D6220063ED4F3235813F3E2DC8549CDEB817DE3D
2025-07-15 17:31:09.293, ReplyFindNode, 44076f92-98fc-44d3-819f-b984064edcfc, ADC0E723DF6E376068DC6BEFDD59C00882974E21, 488D91B7237C9FDEC56C70D9374C721A2F230821
2025-07-15 17:31:09.468, ReplyLookup, 16d09848-7257-4232-b94c-522d57adc17e, ADC0E723DF6E376068DC6BEFDD59C00882974E21,
2025-07-15 17:31:09.775, Remove, 955b66fd-bbc9-4864-a25f-287ad1e52e88, 7BB3577E7F5595B494687818149EE168FEBC2C03, 6482183064C6312DE3FC14FE912062CC67103876, 211E69D0731F68DE798C256BE7F9304533D57B87
2025-07-15 17:31:09.816, FindNode, 0aef8954-da1f-4038-bd71-8fab7cd566c8, 488D91B7237C9FDEC56C70D9374C721A2F230821, 6482183064C6312DE3FC14FE912062CC67103876
2025-07-15 17:31:09.817, ReplyFindNode, 0aef8954-da1f-4038-bd71-8fab7cd566c8, 488D91B7237C9FDEC56C70D9374C721A2F230821, 7BB3577E7F5595B494687818149EE168FEBC2C03
2025-07-15 17:31:09.826, ReplyRemove, 955b66fd-bbc9-4864-a25f-287ad1e52e88, 488D91B7237C9FDEC56C70D9374C721A2F230821
2025-07-15 17:31:10.825, FindNode, 9854ef6e-d54d-4b6d-a2fc-f5cd70a29e83, ADC0E723DF6E376068DC6BEFDD59C00882974E21, ADC0EF23DF6E376068DC6BEFDD59C00882974E21
2025-07-15 17:31:10.825, ReplyFindNode, 9854ef6e-d54d-4b6d-a2fc-f5cd70a29e83, ADC0E723DF6E376068DC6BEFDD59C00882974E21, 488D91B7237C9FDEC56C70D9374C721A2F230821
2025-07-15 17:31:15.256, FindNode, 8d8d3431-6ff6-43d1-9be3-135cbc5fc4f2, 488D91B7237C9FDEC56C70D9374C721A2F230821, 488D91B7237CA1DEC56C70D9374C721A2F230821
2025-07-15 17:31:15.257, ReplyFindNode, 8d8d3431-6ff6-43d1-9be3-135cbc5fc4f2, 488D91B7237C9FDEC56C70D9374C721A2F230821, 7BB3577E7F5595B494687818149EE168FEBC2C03
2025-07-15 17:31:19.203, FindNode, f174b2ee-9155-4db2-86ee-cefe2a2435ab, 7BB3577E7F5595B494687818149EE168FEBC2C03, 7BB3577E7F5595B494687818149EE1691EBC2C03
2025-07-15 17:31:19.203, ReplyFindNode, f174b2ee-9155-4db2-86ee-cefe2a2435ab, 7BB3577E7F5595B494687818149EE168FEBC2C03, ADC0E723DF6E376068DC6BEFDD59C00882974E21
2025-07-15 17:31:22.826, FindNode, 8268e713-afd0-429d-a702-3f9a9ccce27f, ADC0E723DF6E376068DC6BEFDD59C00882974E21, AFC0E723DF6E376068DC6BEFDD59C00882974E21
2025-07-15 17:31:22.826, ReplyFindNode, 8268e713-afd0-429d-a702-3f9a9ccce27f, ADC0E723DF6E376068DC6BEFDD59C00882974E21, 488D91B7237C9FDEC56C70D9374C721A2F230821
2025-07-15 17:31:23.754, Lookup, 2388468f-24f2-443a-8ae7-f86295899e5c, ADC0E723DF6E376068DC6BEFDD59C00882974E21, 46970298B7C49635134908446D6DD59B87AFD76A
2025-07-15 17:31:23.841, ReplyLookup, 2388468f-24f2-443a-8ae7-f86295899e5c, 488D91B7237C9FDEC56C70D9374C721A2F230821, 8E8E7481FC021BB47B823DDD87C38EB180994263
2025-07-15 17:31:24.249, Remove, a41d1ca5-6f5c-40ed-85bc-8ea32ea7bf9c, 488D91B7237C9FDEC56C70D9374C721A2F230821, F8FB87BD1A25BD0684B9B409D0A528F256B12056, 77B9AC77EDD5BE54747B66D59377BC615FFCB4F1
2025-07-15 17:31:24.292, FindNode, 3302bdf7-0897-42a8-a3df-2012513c84b5, ADC0E723DF6E376068DC6BEFDD59C00882974E21, F8FB87BD1A25BD0684B9B409D0A528F256B12056
2025-07-15 17:31:24.293, ReplyFindNode, 3302bdf7-0897-42a8-a3df-2012513c84b5, ADC0E723DF6E376068DC6BEFDD59C00882974E21, 488D91B7237C9FDEC56C70D9374C721A2F230821
2025-07-15 17:31:24.384, ReplyRemove, a41d1ca5-6f5c-40ed-85bc-8ea32ea7bf9c, ADC0E723DF6E376068DC6BEFDD59C00882974E21
2025-07-15 17:31:24.775, Lookup, 77a3d74d-b0a2-4675-bb00-ec9a64794bec, 7BB3577E7F5595B494687818149EE168FEBC2C03, E0FA1E729C81CAB1D1F71449C4DEFDC7C2089D1D
2025-07-15 17:31:24.816, FindNode, 96980701-1a0a-47a3-b9f7-9fee44d00534, ADC0E723DF6E376068DC6BEFDD59C00882974E21, E0FA1E729C81CAB1D1F71449C4DEFDC7C2089D1D
2025-07-15 17:31:24.817, ReplyFindNode, 96980701-1a0a-47a3-b9f7-9fee44d00534, ADC0E723DF6E376068DC6BEFDD59C00882974E21, 488D91B7237C9FDEC56C70D9374C721A2F230821
2025-07-15 17:31:24.992, ReplyLookup, 77a3d74d-b0a2-4675-bb00-ec9a64794bec, ADC0E723DF6E376068DC6BEFDD59C00882974E21,
2025-07-15 17:31:27.257, FindNode, 1e38c5f9-1294-457d-bf82-d6b0e3903d86, 488D91B7237C9FDEC56C70D9374C721A2F230821, 488D91B7237C9FDEC57470D9374C721A2F230821
2025-07-15 17:31:27.257, ReplyFindNode, 1e38c5f9-1294-457d-bf82-d6b0e3903d86, 488D91B7237C9FDEC56C70D9374C721A2F230821, 7BB3577E7F5595B494687818149EE168FEBC2C03
2025-07-15 17:31:31.204, FindNode, 57173819-e686-4fa8-9d14-248b86697381, 7BB3577E7F5595B494687818149EE168FEBC2C03, 83B3577E7F5595B494687818149EE168FEBC2C03
2025-07-15 17:31:31.204, ReplyFindNode, 57173819-e686-4fa8-9d14-248b86697381, 7BB3577E7F5595B494687818149EE168FEBC2C03, ADC0E723DF6E376068DC6BEFDD59C00882974E21
2025-07-15 17:31:34.826, FindNode, 432b86db-7809-40a9-a7cc-295b28b28837, ADC0E723DF6E376068DC6BEFDD59C00882974E21, ADC0E723DF6E376068DC6BEFDD59C008829B4E21
2025-07-15 17:31:34.827, ReplyFindNode, 432b86db-7809-40a9-a7cc-295b28b28837, ADC0E723DF6E376068DC6BEFDD59C00882974E21, 488D91B7237C9FDEC56C70D9374C721A2F230821
2025-07-15 17:31:38.754, Lookup, 1d0795dc-b49e-46bd-8af3-0ffbc07ebd5a, ADC0E723DF6E376068DC6BEFDD59C00882974E21, D1EE42497945091A1654B4682DBB8B9E659AB7AA
2025-07-15 17:31:38.798, ReplyLookup, 1d0795dc-b49e-46bd-8af3-0ffbc07ebd5a, 488D91B7237C9FDEC56C70D9374C721A2F230821, 29D147E150828B31FDA006223A08ABDD566B8504
2025-07-15 17:31:39.249, Lookup, 80938646-796c-440e-b72e-237e0cba7a74, 488D91B7237C9FDEC56C70D9374C721A2F230821, 46970298B7C49635134908446D6DD59B87AFD76A
2025-07-15 17:31:39.258, FindNode, e13b00ad-c6af-4c81-bf2a-ce7203155c23, 488D91B7237C9FDEC56C70D9374C721A2F230821, 488D91B7237C9FDEC56C72D9374C721A2F230821
2025-07-15 17:31:39.258, ReplyFindNode, e13b00ad-c6af-4c81-bf2a-ce7203155c23, 488D91B7237C9FDEC56C70D9374C721A2F230821, 7BB3577E7F5595B494687818149EE168FEBC2C03
2025-07-15 17:31:39.292, FindNode, 94554d29-9d9d-4299-a959-61f33bfb0b46, ADC0E723DF6E376068DC6BEFDD59C00882974E21, 46970298B7C49635134908446D6DD59B87AFD76A
2025-07-15 17:31:39.293, ReplyFindNode, 94554d29-9d9d-4299-a959-61f33bfb0b46, ADC0E723DF6E376068DC6BEFDD59C00882974E21, 488D91B7237C9FDEC56C70D9374C721A2F230821
2025-07-15 17:31:39.469, ReplyLookup, 80938646-796c-440e-b72e-237e0cba7a74, ADC0E723DF6E376068DC6BEFDD59C00882974E21, 8E8E7481FC021BB47B823DDD87C38EB180994263
2025-07-15 17:31:39.775, Lookup, 3ca9f71d-6e28-4802-81f8-23658bec10a0, 7BB3577E7F5595B494687818149EE168FEBC2C03, 0D72C8E05CBB0A1D1B6071D976C5CDA18D1A124C
2025-07-15 17:31:39.816, FindNode, 76dd9fd1-36c6-4a3e-9453-783e656b2fdc, ADC0E723DF6E376068DC6BEFDD59C00882974E21, 0D72C8E05CBB0A1D1B6071D976C5CDA18D1A124C
2025-07-15 17:31:39.817, ReplyFindNode, 76dd9fd1-36c6-4a3e-9453-783e656b2fdc, ADC0E723DF6E376068DC6BEFDD59C00882974E21, 488D91B7237C9FDEC56C70D9374C721A2F230821
2025-07-15 17:31:39.949, ReplyLookup, 3ca9f71d-6e28-4802-81f8-23658bec10a0, ADC0E723DF6E376068DC6BEFDD59C00882974E21, 7DEB9A3C72639C3BE93B85AE69F74D98F0EF5558
2025-07-15 17:31:43.204, FindNode, e27dd5e1-0732-452f-81e3-d38cb4cfa535, 7BB3577E7F5595B494687818149EE168FEBC2C03, 7BB3577E7F5595B4A4687818149EE168FEBC2C03
2025-07-15 17:31:43.205, ReplyFindNode, e27dd5e1-0732-452f-81e3-d38cb4cfa535, 7BB3577E7F5595B494687818149EE168FEBC2C03, ADC0E723DF6E376068DC6BEFDD59C00882974E21
2025-07-15 17:31:46.827, FindNode, 02dc3e7e-7a38-48a7-8aca-9723032fb13b, ADC0E723DF6E376068DC6BEFDD59C00882974E21, ADC0E724DF6E376068DC6BEFDD59C00882974E21
2025-07-15 17:31:46.827, ReplyFindNode, 02dc3e7e-7a38-48a7-8aca-9723032fb13b, ADC0E723DF6E376068DC6BEFDD59C00882974E21, 488D91B7237C9FDEC56C70D9374C721A2F230821
2025-07-15 17:31:51.258, FindNode, 4edf87cb-126e-431f-a279-219c807be525, 488D91B7237C9FDEC56C70D9374C721A2F230821, 488D91B7237C9FDEE56C70D9374C721A2F230821
2025-07-15 17:31:51.259, ReplyFindNode, 4edf87cb-126e-431f-a279-219c807be525, 488D91B7237C9FDEC56C70D9374C721A2F230821, 7BB3577E7F5595B494687818149EE168FEBC2C03
2025-07-15 17:31:53.754, Lookup, 5bf44186-f94e-454e-a1ae-fdc112f61688, ADC0E723DF6E376068DC6BEFDD59C00882974E21, 46970298B7C49635134908446D6DD59B87AFD76A
2025-07-15 17:31:53.798, ReplyLookup, 5bf44186-f94e-454e-a1ae-fdc112f61688, 488D91B7237C9FDEC56C70D9374C721A2F230821, 8E8E7481FC021BB47B823DDD87C38EB180994263
2025-07-15 17:31:54.249, Lookup, d7fb6926-004f-47ff-98e1-899639601420, 488D91B7237C9FDEC56C70D9374C721A2F230821, D81ABF5B3BB23D0CB80B64502B890DD2AE9651C1
2025-07-15 17:31:54.292, FindNode, 314819ce-7628-477c-a8e3-87abd7c4f7da, ADC0E723DF6E376068DC6BEFDD59C00882974E21, D81ABF5B3BB23D0CB80B64502B890DD2AE9651C1
2025-07-15 17:31:54.293, ReplyFindNode, 314819ce-7628-477c-a8e3-87abd7c4f7da, ADC0E723DF6E376068DC6BEFDD59C00882974E21, 488D91B7237C9FDEC56C70D9374C721A2F230821
2025-07-15 17:31:54.468, ReplyLookup, d7fb6926-004f-47ff-98e1-899639601420, ADC0E723DF6E376068DC6BEFDD59C00882974E21,
2025-07-15 17:31:54.775, Lookup, 3a564a45-b257-4773-9479-ae21bbdc6f87, 7BB3577E7F5595B494687818149EE168FEBC2C03, 0D72C8E05CBB0A1D1B6071D976C5CDA18D1A124C
2025-07-15 17:31:54.820, FindNode, f819a263-fa9f-455d-b013-bcb350c81653, ADC0E723DF6E376068DC6BEFDD59C00882974E21, 0D72C8E05CBB0A1D1B6071D976C5CDA18D1A124C
2025-07-15 17:31:54.821, ReplyFindNode, f819a263-fa9f-455d-b013-bcb350c81653, ADC0E723DF6E376068DC6BEFDD59C00882974E21, 488D91B7237C9FDEC56C70D9374C721A2F230821
2025-07-15 17:31:54.953, ReplyLookup, 3a564a45-b257-4773-9479-ae21bbdc6f87, ADC0E723DF6E376068DC6BEFDD59C00882974E21, 7DEB9A3C72639C3BE93B85AE69F74D98F0EF5558
2025-07-15 17:31:55.205, FindNode, 501848dd-a55e-4e0a-a91c-8abaa89be1f9, 7BB3577E7F5595B494687818149EE168FEBC2C03, 7BB3577E7F5596B494687818149EE168FEBC2C03
2025-07-15 17:31:55.205, ReplyFindNode, 501848dd-a55e-4e0a-a91c-8abaa89be1f9, 7BB3577E7F5595B494687818149EE168FEBC2C03, ADC0E723DF6E376068DC6BEFDD59C00882974E21
2025-07-15 17:31:55.454, EndStableRegimen
2025-07-15 17:31:55.960, Fail, 6dbf81ea-96e1-471f-8fba-473d7aad654b, ADC0E723DF6E376068DC6BEFDD59C00882974E21
2025-07-15 17:31:56.461, MARK FAIL openchord-3
2025-07-15 17:32:03.259, FindNode, 127d8a37-9e86-439e-b758-e5d32c1e7d51, 488D91B7237C9FDEC56C70D9374C721A2F230821, 489D91B7237C9FDEC56C70D9374C721A2F230821
2025-07-15 17:32:03.260, ReplyFindNode, 127d8a37-9e86-439e-b758-e5d32c1e7d51, 488D91B7237C9FDEC56C70D9374C721A2F230821, 7BB3577E7F5595B494687818149EE168FEBC2C03
2025-07-15 17:32:07.206, FindNode, 7a934522-7b01-478a-a7fb-ff98955bf3fe, 7BB3577E7F5595B494687818149EE168FEBC2C03, 7BB3577E7F5595B514687818149EE168FEBC2C03
2025-07-15 17:32:07.206, ReplyFindNode, 7a934522-7b01-478a-a7fb-ff98955bf3fe, 7BB3577E7F5595B494687818149EE168FEBC2C03, 488D91B7237C9FDEC56C70D9374C721A2F230821
2025-07-15 17:32:09.250, Lookup, 47322bc6-4a95-4eea-b8d3-04f72a7b09dd, 488D91B7237C9FDEC56C70D9374C721A2F230821, D6220063ED4F3235813F3E2DC8549CDEB817DE3D
2025-07-15 17:32:09.292, FindNode, 4b2d3572-a7ef-478e-9752-8e627682c02e, 7BB3577E7F5595B494687818149EE168FEBC2C03, D6220063ED4F3235813F3E2DC8549CDEB817DE3D
2025-07-15 17:32:09.293, ReplyFindNode, 4b2d3572-a7ef-478e-9752-8e627682c02e, 7BB3577E7F5595B494687818149EE168FEBC2C03, 488D91B7237C9FDEC56C70D9374C721A2F230821
2025-07-15 17:32:09.380, ReplyLookup, 47322bc6-4a95-4eea-b8d3-04f72a7b09dd, 7BB3577E7F5595B494687818149EE168FEBC2C03,
2025-07-15 17:32:09.775, Lookup, 55f96d7f-49b1-4483-bfec-594899ad3acf, 7BB3577E7F5595B494687818149EE168FEBC2C03, 0D72C8E05CBB0A1D1B6071D976C5CDA18D1A124C
2025-07-15 17:32:09.818, ReplyLookup, 55f96d7f-49b1-4483-bfec-594899ad3acf, 488D91B7237C9FDEC56C70D9374C721A2F230821, 7DEB9A3C72639C3BE93B85AE69F74D98F0EF5558
2025-07-15 17:32:15.260, FindNode, 4227eaa9-7566-4cb4-ae79-e95bb89e9a17, 488D91B7237C9FDEC56C70D9374C721A2F230821, 488D91B7237C9FDEC56C70D9374C721A2F231021
2025-07-15 17:32:15.260, ReplyFindNode, 4227eaa9-7566-4cb4-ae79-e95bb89e9a17, 488D91B7237C9FDEC56C70D9374C721A2F230821, 7BB3577E7F5595B494687818149EE168FEBC2C03
2025-07-15 17:32:19.207, FindNode, 9fba986e-0253-454c-886e-c9af58c50fd8, 7BB3577E7F5595B494687818149EE168FEBC2C03, 7BB35F7E7F5595B494687818149EE168FEBC2C03
2025-07-15 17:32:19.207, ReplyFindNode, 9fba986e-0253-454c-886e-c9af58c50fd8, 7BB3577E7F5595B494687818149EE168FEBC2C03, 488D91B7237C9FDEC56C70D9374C721A2F230821
2025-07-15 17:32:24.250, Store, a6e1c759-6105-414d-8408-0aff546fc785, 488D91B7237C9FDEC56C70D9374C721A2F230821, A1CCFF8CC5D4030BF2DB965FF3A35D2545AF9E63, 03794D999C6536EB4E17A75EA1E309DE70801530
2025-07-15 17:32:24.292, FindNode, 364d658a-6242-4762-a35f-19de270e7264, 7BB3577E7F5595B494687818149EE168FEBC2C03, A1CCFF8CC5D4030BF2DB965FF3A35D2545AF9E63
2025-07-15 17:32:24.293, ReplyFindNode, 364d658a-6242-4762-a35f-19de270e7264, 7BB3577E7F5595B494687818149EE168FEBC2C03, 488D91B7237C9FDEC56C70D9374C721A2F230821
2025-07-15 17:32:24.384, ReplyStore, a6e1c759-6105-414d-8408-0aff546fc785, 7BB3577E7F5595B494687818149EE168FEBC2C03
2025-07-15 17:32:24.775, Lookup, 3d0bc005-29ae-410c-b503-3dc7d14fe6fe, 7BB3577E7F5595B494687818149EE168FEBC2C03, 0D72C8E05CBB0A1D1B6071D976C5CDA18D1A124C
2025-07-15 17:32:24.822, ReplyLookup, 3d0bc005-29ae-410c-b503-3dc7d14fe6fe, 488D91B7237C9FDEC56C70D9374C721A2F230821, 7DEB9A3C72639C3BE93B85AE69F74D98F0EF5558
2025-07-15 17:32:27.081, StartStableRegimen
2025-07-15 17:32:27.261, FindNode, d726ab24-c410-458e-8240-6a3d66c6c503, 488D91B7237C9FDEC56C70D9374C721A2F230821, 488D91B7237C9FDEC56C70D9376C721A2F230821
2025-07-15 17:32:27.261, ReplyFindNode, d726ab24-c410-458e-8240-6a3d66c6c503, 488D91B7237C9FDEC56C70D9374C721A2F230821, 7BB3577E7F5595B494687818149EE168FEBC2C03
2025-07-15 17:32:31.207, FindNode, 7b051d67-9851-4571-b25f-25a46f285f6d, 7BB3577E7F5595B494687818149EE168FEBC2C03, 7BB7577E7F5595B494687818149EE168FEBC2C03
2025-07-15 17:32:31.207, ReplyFindNode, 7b051d67-9851-4571-b25f-25a46f285f6d, 7BB3577E7F5595B494687818149EE168FEBC2C03, 488D91B7237C9FDEC56C70D9374C721A2F230821
2025-07-15 17:32:39.250, Lookup, 7c8c04aa-f04a-4a39-9a42-b74852b0ed76, 488D91B7237C9FDEC56C70D9374C721A2F230821, 19B0DB1E143F4A74F90E42B5F94281E94BBEADFF
2025-07-15 17:32:39.261, FindNode, 3852d43b-fb1a-475e-8c8c-8f666eb00b21, 488D91B7237C9FDEC56C70D9374C721A2F230821, 488D91B7237C9FDEC56C70D9374C721A2F230825
2025-07-15 17:32:39.262, ReplyFindNode, 3852d43b-fb1a-475e-8c8c-8f666eb00b21, 488D91B7237C9FDEC56C70D9374C721A2F230821, 7BB3577E7F5595B494687818149EE168FEBC2C03
2025-07-15 17:32:39.292, FindNode, 1fe273ec-87dd-4930-9b9c-8d50cf9a1682, 7BB3577E7F5595B494687818149EE168FEBC2C03, 19B0DB1E143F4A74F90E42B5F94281E94BBEADFF
2025-07-15 17:32:39.293, ReplyFindNode, 1fe273ec-87dd-4930-9b9c-8d50cf9a1682, 7BB3577E7F5595B494687818149EE168FEBC2C03, 488D91B7237C9FDEC56C70D9374C721A2F230821
2025-07-15 17:32:39.424, ReplyLookup, 7c8c04aa-f04a-4a39-9a42-b74852b0ed76, 7BB3577E7F5595B494687818149EE168FEBC2C03,
2025-07-15 17:32:39.775, Lookup, e64d45a7-4e40-4c11-9bda-6050de3710fa, 7BB3577E7F5595B494687818149EE168FEBC2C03, 0D72C8E05CBB0A1D1B6071D976C5CDA18D1A124C
2025-07-15 17:32:39.822, ReplyLookup, e64d45a7-4e40-4c11-9bda-6050de3710fa, 488D91B7237C9FDEC56C70D9374C721A2F230821, 7DEB9A3C72639C3BE93B85AE69F74D98F0EF5558
2025-07-15 17:32:43.208, FindNode, 7cad0b65-45c4-4a29-906e-e938e89e201a, 7BB3577E7F5595B494687818149EE168FEBC2C03, 7BB3577E7F5595B494687818149EE168FEBC6C03
2025-07-15 17:32:43.208, ReplyFindNode, 7cad0b65-45c4-4a29-906e-e938e89e201a, 7BB3577E7F5595B494687818149EE168FEBC2C03, 488D91B7237C9FDEC56C70D9374C721A2F230821
2025-07-15 17:32:51.262, FindNode, c95b0637-173f-4f77-80c7-eac0882d6b7e, 488D91B7237C9FDEC56C70D9374C721A2F230821, 488D91B7237C9FDEC56C70D9374C721A2F230921
2025-07-15 17:32:51.262, ReplyFindNode, c95b0637-173f-4f77-80c7-eac0882d6b7e, 488D91B7237C9FDEC56C70D9374C721A2F230821, 7BB3577E7F5595B494687818149EE168FEBC2C03
2025-07-15 17:32:54.250, Lookup, ec948cb0-2814-4d56-a01e-28acd6678489, 488D91B7237C9FDEC56C70D9374C721A2F230821, 40ABDF0A8CBD27C671039AD086F8E05FF204A138
2025-07-15 17:32:54.292, FindNode, 068fcaf7-2a7f-4fcf-ba51-3c471f8a2848, 7BB3577E7F5595B494687818149EE168FEBC2C03, 40ABDF0A8CBD27C671039AD086F8E05FF204A138
2025-07-15 17:32:54.293, ReplyFindNode, 068fcaf7-2a7f-4fcf-ba51-3c471f8a2848, 7BB3577E7F5595B494687818149EE168FEBC2C03, 488D91B7237C9FDEC56C70D9374C721A2F230821
2025-07-15 17:32:54.424, ReplyLookup, ec948cb0-2814-4d56-a01e-28acd6678489, 7BB3577E7F5595B494687818149EE168FEBC2C03,
2025-07-15 17:32:54.775, Lookup, b7caff11-56ea-407d-bd1c-bf6af4322414, 7BB3577E7F5595B494687818149EE168FEBC2C03, 26613E766BFA6AABB037628873F09AEA94A876A2
2025-07-15 17:32:54.821, ReplyLookup, b7caff11-56ea-407d-bd1c-bf6af4322414, 488D91B7237C9FDEC56C70D9374C721A2F230821,
2025-07-15 17:32:55.209, FindNode, d56c83f5-04ad-46fc-98cf-91b54940ecef, 7BB3577E7F5595B494687818149EE168FEBC2C03, 7BB3577E7F5615B494687818149EE168FEBC2C03
2025-07-15 17:32:55.209, ReplyFindNode, d56c83f5-04ad-46fc-98cf-91b54940ecef, 7BB3577E7F5595B494687818149EE168FEBC2C03, 488D91B7237C9FDEC56C70D9374C721A2F230821
2025-07-15 17:33:03.263, FindNode, 788a14cd-24cc-47c8-9ff4-c17562648af3, 488D91B7237C9FDEC56C70D9374C721A2F230821, 488D91B723FC9FDEC56C70D9374C721A2F230821
2025-07-15 17:33:03.263, ReplyFindNode, 788a14cd-24cc-47c8-9ff4-c17562648af3, 488D91B7237C9FDEC56C70D9374C721A2F230821, 7BB3577E7F5595B494687818149EE168FEBC2C03
2025-07-15 17:33:07.209, FindNode, 378d5bd6-6319-486b-9297-07f9fbd74ffe, 7BB3577E7F5595B494687818149EE168FEBC2C03, 7BB3579E7F5595B494687818149EE168FEBC2C03
2025-07-15 17:33:07.209, ReplyFindNode, 378d5bd6-6319-486b-9297-07f9fbd74ffe, 7BB3577E7F5595B494687818149EE168FEBC2C03, 488D91B7237C9FDEC56C70D9374C721A2F230821
2025-07-15 17:33:09.251, Remove, 4b665810-f1da-4ecd-8b7f-2af51a55c170, 488D91B7237C9FDEC56C70D9374C721A2F230821, F83AFDBF1E4A7279A5E4A0D63C7D2F354EB5E3C7, C46DF3FBA59172BD0B1E825BA5E0C1F5A109E510
2025-07-15 17:33:09.292, FindNode, a91864ec-8b2e-4bbe-a670-d8b24b4da027, 7BB3577E7F5595B494687818149EE168FEBC2C03, F83AFDBF1E4A7279A5E4A0D63C7D2F354EB5E3C7
2025-07-15 17:33:09.293, ReplyFindNode, a91864ec-8b2e-4bbe-a670-d8b24b4da027, 7BB3577E7F5595B494687818149EE168FEBC2C03, 488D91B7237C9FDEC56C70D9374C721A2F230821
2025-07-15 17:33:09.384, ReplyRemove, 4b665810-f1da-4ecd-8b7f-2af51a55c170, 7BB3577E7F5595B494687818149EE168FEBC2C03
2025-07-15 17:33:09.776, Lookup, ff244231-5d0a-4e58-a5bb-2f3160fb2472, 7BB3577E7F5595B494687818149EE168FEBC2C03, 8953B8A7BD064050D5F41F201FF0FB3049A97373
2025-07-15 17:33:09.821, ReplyLookup, ff244231-5d0a-4e58-a5bb-2f3160fb2472, 488D91B7237C9FDEC56C70D9374C721A2F230821,
2025-07-15 17:33:15.263, FindNode, bbf0db8d-99a2-4d99-8eaf-ef00968c7259, 488D91B7237C9FDEC56C70D9374C721A2F230821, 488D91B7237C9FDEC56C70D93B4C721A2F230821
2025-07-15 17:33:15.264, ReplyFindNode, bbf0db8d-99a2-4d99-8eaf-ef00968c7259, 488D91B7237C9FDEC56C70D9374C721A2F230821, 7BB3577E7F5595B494687818149EE168FEBC2C03
2025-07-15 17:33:19.210, FindNode, 980df8f8-5908-4f77-a8ef-d687a595a22f, 7BB3577E7F5595B494687818149EE168FEBC2C03, 7BB3577E7F5615B494687818149EE168FEBC2C03
2025-07-15 17:33:19.210, ReplyFindNode, 980df8f8-5908-4f77-a8ef-d687a595a22f, 7BB3577E7F5595B494687818149EE168FEBC2C03, 488D91B7237C9FDEC56C70D9374C721A2F230821
2025-07-15 17:33:24.251, Lookup, f1f0110d-9a43-4d71-af9e-6b36e60d6a1f, 488D91B7237C9FDEC56C70D9374C721A2F230821, 802FEE370E9087DF936129805824CE17CD2E9535
2025-07-15 17:33:24.292, FindNode, 93f6fb72-a379-4ca3-96a5-321c7a7b6659, 7BB3577E7F5595B494687818149EE168FEBC2C03, 802FEE370E9087DF936129805824CE17CD2E9535
2025-07-15 17:33:24.293, ReplyFindNode, 93f6fb72-a379-4ca3-96a5-321c7a7b6659, 7BB3577E7F5595B494687818149EE168FEBC2C03, 488D91B7237C9FDEC56C70D9374C721A2F230821
2025-07-15 17:33:24.424, ReplyLookup, f1f0110d-9a43-4d71-af9e-6b36e60d6a1f, 7BB3577E7F5595B494687818149EE168FEBC2C03,
2025-07-15 17:33:24.776, Store, b0a0615e-cccf-430a-af25-ec2228f50c25, 7BB3577E7F5595B494687818149EE168FEBC2C03, 0F10C12292978628EC49BB62F7D445E8E99F3C25, 580A928439F2EFF0F5ED81454EBF7EE7EFE93F21
2025-07-15 17:33:24.820, ReplyStore, b0a0615e-cccf-430a-af25-ec2228f50c25, 488D91B7237C9FDEC56C70D9374C721A2F230821
2025-07-15 17:33:27.264, FindNode, 0007d298-cdba-406e-b085-a7011b1c6a78, 488D91B7237C9FDEC56C70D9374C721A2F230821, 488D91B7237C9FDEC76C70D9374C721A2F230821
2025-07-15 17:33:27.264, ReplyFindNode, 0007d298-cdba-406e-b085-a7011b1c6a78, 488D91B7237C9FDEC56C70D9374C721A2F230821, 7BB3577E7F5595B494687818149EE168FEBC2C03
2025-07-15 17:33:31.210, FindNode, 8a7ae3a7-ddde-4d60-bfd9-5532c43bf134, 7BB3577E7F5595B494687818149EE168FEBC2C03, 7BB3577E7F5595B49468781A149EE168FEBC2C03
2025-07-15 17:33:31.211, ReplyFindNode, 8a7ae3a7-ddde-4d60-bfd9-5532c43bf134, 7BB3577E7F5595B494687818149EE168FEBC2C03, 488D91B7237C9FDEC56C70D9374C721A2F230821
2025-07-15 17:33:39.251, Remove, 827a811d-08b2-4a56-b599-f008d25b40fc, 488D91B7237C9FDEC56C70D9374C721A2F230821, A1CCFF8CC5D4030BF2DB965FF3A35D2545AF9E63, 03794D999C6536EB4E17A75EA1E309DE70801530
2025-07-15 17:33:39.265, FindNode, c604cbe7-21c1-45da-9906-9232e605bd52, 488D91B7237C9FDEC56C70D9374C721A2F230821, 488D91B72B7C9FDEC56C70D9374C721A2F230821
2025-07-15 17:33:39.265, ReplyFindNode, c604cbe7-21c1-45da-9906-9232e605bd52, 488D91B7237C9FDEC56C70D9374C721A2F230821, 7BB3577E7F5595B494687818149EE168FEBC2C03
2025-07-15 17:33:39.292, FindNode, 5b026c65-7754-45d0-a4cb-c10b591190e1, 7BB3577E7F5595B494687818149EE168FEBC2C03, A1CCFF8CC5D4030BF2DB965FF3A35D2545AF9E63
2025-07-15 17:33:39.293, ReplyFindNode, 5b026c65-7754-45d0-a4cb-c10b591190e1, 7BB3577E7F5595B494687818149EE168FEBC2C03, 488D91B7237C9FDEC56C70D9374C721A2F230821
2025-07-15 17:33:39.384, ReplyRemove, 827a811d-08b2-4a56-b599-f008d25b40fc, 7BB3577E7F5595B494687818149EE168FEBC2C03
2025-07-15 17:33:39.777, Lookup, f4ebdf88-b95b-404a-b9a4-2e3ccdf33903, 7BB3577E7F5595B494687818149EE168FEBC2C03, 0D72C8E05CBB0A1D1B6071D976C5CDA18D1A124C
2025-07-15 17:33:39.822, ReplyLookup, f4ebdf88-b95b-404a-b9a4-2e3ccdf33903, 488D91B7237C9FDEC56C70D9374C721A2F230821, 7DEB9A3C72639C3BE93B85AE69F74D98F0EF5558
2025-07-15 17:33:43.211, FindNode, e19ec313-2722-4fa0-a55c-f2cbe6809c9e, 7BB3577E7F5595B494687818149EE168FEBC2C03, 7BB3577E7F5595B495687818149EE168FEBC2C03
2025-07-15 17:33:43.211, ReplyFindNode, e19ec313-2722-4fa0-a55c-f2cbe6809c9e, 7BB3577E7F5595B494687818149EE168FEBC2C03, 488D91B7237C9FDEC56C70D9374C721A2F230821
2025-07-15 17:33:51.265, FindNode, 514d4d23-ab4c-49f5-a534-19bac2ea3a7e, 488D91B7237C9FDEC56C70D9374C721A2F230821, 488D91B7237C9FDEC56C70D9374C721A2FA30821
2025-07-15 17:33:51.266, ReplyFindNode, 514d4d23-ab4c-49f5-a534-19bac2ea3a7e, 488D91B7237C9FDEC56C70D9374C721A2F230821, 7BB3577E7F5595B494687818149EE168FEBC2C03
2025-07-15 17:33:54.251, Lookup, 78a9c811-df0c-4e91-a151-ace2b4947659, 488D91B7237C9FDEC56C70D9374C721A2F230821, 4972B78B75E1FBE7528F0BCC0C7B0CF7E0E6BB0B
2025-07-15 17:33:54.294, ReplyLookup, 78a9c811-df0c-4e91-a151-ace2b4947659, 7BB3577E7F5595B494687818149EE168FEBC2C03, CD80598EC517EAE9A358EDA9FD94A445051EF53F
2025-07-15 17:33:54.777, Lookup, fad1afcb-a1ad-4a94-8fdb-5daca50aa97f, 7BB3577E7F5595B494687818149EE168FEBC2C03, F283F65B4F3BC43D5CDE609449592EF014AD317E
2025-07-15 17:33:54.822, ReplyLookup, fad1afcb-a1ad-4a94-8fdb-5daca50aa97f, 488D91B7237C9FDEC56C70D9374C721A2F230821, 86954B0558ACBE6787B6FB108FCA3CA9645718FA
2025-07-15 17:33:55.212, FindNode, 24a4fd63-db8a-4789-8895-5d4d996fef96, 7BB3577E7F5595B494687818149EE168FEBC2C03, 7BF3577E7F5595B494687818149EE168FEBC2C03
2025-07-15 17:33:55.212, ReplyFindNode, 24a4fd63-db8a-4789-8895-5d4d996fef96, 7BB3577E7F5595B494687818149EE168FEBC2C03, 488D91B7237C9FDEC56C70D9374C721A2F230821
2025-07-15 17:34:03.266, FindNode, 1f1f8530-95c3-410e-8069-55e7f1e21ade, 488D91B7237C9FDEC56C70D9374C721A2F230821, 488D91B7237D9FDEC56C70D9374C721A2F230821
2025-07-15 17:34:03.266, ReplyFindNode, 1f1f8530-95c3-410e-8069-55e7f1e21ade, 488D91B7237C9FDEC56C70D9374C721A2F230821, 7BB3577E7F5595B494687818149EE168FEBC2C03
2025-07-15 17:34:07.212, FindNode, bb738afe-c3c4-40bc-8dd5-839a02837fe8, 7BB3577E7F5595B494687818149EE168FEBC2C03, 7BB3577E7F5595B494687818149EE170FEBC2C03
2025-07-15 17:34:07.213, ReplyFindNode, bb738afe-c3c4-40bc-8dd5-839a02837fe8, 7BB3577E7F5595B494687818149EE168FEBC2C03, 488D91B7237C9FDEC56C70D9374C721A2F230821
2025-07-15 17:34:09.252, Remove, bb75591d-3f05-442c-b68f-8eeedcaac8b0, 488D91B7237C9FDEC56C70D9374C721A2F230821, 4972B78B75E1FBE7528F0BCC0C7B0CF7E0E6BB0B, CD80598EC517EAE9A358EDA9FD94A445051EF53F
2025-07-15 17:34:09.296, ReplyRemove, bb75591d-3f05-442c-b68f-8eeedcaac8b0, 7BB3577E7F5595B494687818149EE168FEBC2C03
2025-07-15 17:34:09.777, Lookup, 8c22f28b-51f4-403b-bb1c-9d2799105e52, 7BB3577E7F5595B494687818149EE168FEBC2C03, F283F65B4F3BC43D5CDE609449592EF014AD317E
2025-07-15 17:34:09.822, ReplyLookup, 8c22f28b-51f4-403b-bb1c-9d2799105e52, 488D91B7237C9FDEC56C70D9374C721A2F230821, 86954B0558ACBE6787B6FB108FCA3CA9645718FA
2025-07-15 17:34:15.267, FindNode, c4378202-5195-47a2-9f10-cc088d23ae04, 488D91B7237C9FDEC56C70D9374C721A2F230821, 488D91B7237C9FEEC56C70D9374C721A2F230821
2025-07-15 17:34:15.267, ReplyFindNode, c4378202-5195-47a2-9f10-cc088d23ae04, 488D91B7237C9FDEC56C70D9374C721A2F230821, 7BB3577E7F5595B494687818149EE168FEBC2C03
2025-07-15 17:34:19.213, FindNode, 78c81081-f028-44a9-bfaa-4223fbb71108, 7BB3577E7F5595B494687818149EE168FEBC2C03, 7BB3577E7F5595B494687818149EE170FEBC2C03
2025-07-15 17:34:19.213, ReplyFindNode, 78c81081-f028-44a9-bfaa-4223fbb71108, 7BB3577E7F5595B494687818149EE168FEBC2C03, 488D91B7237C9FDEC56C70D9374C721A2F230821
2025-07-15 17:34:24.252, Lookup, 4022f137-acde-4de1-96d6-2d113e11a5b5, 488D91B7237C9FDEC56C70D9374C721A2F230821, 20A5461E257D93E9FCBFB4F19F2A9243AFEE918C
2025-07-15 17:34:24.296, FindNode, 885ca1da-63fa-4fab-a40a-85eddf90953b, 7BB3577E7F5595B494687818149EE168FEBC2C03, 20A5461E257D93E9FCBFB4F19F2A9243AFEE918C
2025-07-15 17:34:24.297, ReplyFindNode, 885ca1da-63fa-4fab-a40a-85eddf90953b, 7BB3577E7F5595B494687818149EE168FEBC2C03, 488D91B7237C9FDEC56C70D9374C721A2F230821
2025-07-15 17:34:24.429, ReplyLookup, 4022f137-acde-4de1-96d6-2d113e11a5b5, 7BB3577E7F5595B494687818149EE168FEBC2C03, B4841A6CFF87141380778AF4406DCD14D736B6E1
2025-07-15 17:34:24.777, Lookup, a3059cf1-affa-4004-8030-45b76f2347ab, 7BB3577E7F5595B494687818149EE168FEBC2C03, BE3862AEB1338B90C0556BD3B1843470B831D205
2025-07-15 17:34:24.821, ReplyLookup, a3059cf1-affa-4004-8030-45b76f2347ab, 488D91B7237C9FDEC56C70D9374C721A2F230821,
2025-07-15 17:34:27.267, FindNode, 9678fb16-90bf-4b82-aedc-c42e4e05e1dd, 488D91B7237C9FDEC56C70D9374C721A2F230821, 488D91B7237C9FDEC56C70D9374C721A3F230821
2025-07-15 17:34:27.268, ReplyFindNode, 9678fb16-90bf-4b82-aedc-c42e4e05e1dd, 488D91B7237C9FDEC56C70D9374C721A2F230821, 7BB3577E7F5595B494687818149EE168FEBC2C03
2025-07-15 17:34:31.214, FindNode, 878451ab-3d93-4201-9eb2-baf523023515, 7BB3577E7F5595B494687818149EE168FEBC2C03, 7BB3577E7F5595B494687818149EF168FEBC2C03
2025-07-15 17:34:31.214, ReplyFindNode, 878451ab-3d93-4201-9eb2-baf523023515, 7BB3577E7F5595B494687818149EE168FEBC2C03, 488D91B7237C9FDEC56C70D9374C721A2F230821
2025-07-15 17:34:39.252, Store, fc31314e-0433-4db8-9e9d-80fa1b7e747a, 488D91B7237C9FDEC56C70D9374C721A2F230821, CA16F112A365243121E2146E747A6A7EE1D81533, F795060E4622240A4FC257DAD04AE0ECE508C1C3
2025-07-15 17:34:39.268, FindNode, 6ea5847f-2f9c-4c8b-904c-0e522386685e, 488D91B7237C9FDEC56C70D9374C721A2F230821, 488D91B7237C9FDEC56C70D9374C721A2F230823
2025-07-15 17:34:39.268, ReplyFindNode, 6ea5847f-2f9c-4c8b-904c-0e522386685e, 488D91B7237C9FDEC56C70D9374C721A2F230821, 7BB3577E7F5595B494687818149EE168FEBC2C03
2025-07-15 17:34:39.296, FindNode, 13395979-9f69-4ae4-8de9-c35adddfd6e6, 7BB3577E7F5595B494687818149EE168FEBC2C03, CA16F112A365243121E2146E747A6A7EE1D81533
2025-07-15 17:34:39.296, ReplyFindNode, 13395979-9f69-4ae4-8de9-c35adddfd6e6, 7BB3577E7F5595B494687818149EE168FEBC2C03, 488D91B7237C9FDEC56C70D9374C721A2F230821
2025-07-15 17:34:39.388, ReplyStore, fc31314e-0433-4db8-9e9d-80fa1b7e747a, 7BB3577E7F5595B494687818149EE168FEBC2C03
2025-07-15 17:34:39.778, Store, 817dffe4-f83c-4292-9f70-bc9cae5702ee, 7BB3577E7F5595B494687818149EE168FEBC2C03, 0C0D55BB44BDD82AE345763EE07A0F2640389669, B6D5D2F8B36E629C224D81AD2915EDDE5CA1049C
2025-07-15 17:34:39.780, ReplyStore, 817dffe4-f83c-4292-9f70-bc9cae5702ee, 488D91B7237C9FDEC56C70D9374C721A2F230821
2025-07-15 17:34:43.214, FindNode, f32a5489-e106-49cc-b011-34c4e2d81fb9, 7BB3577E7F5595B494687818149EE168FEBC2C03, 7BB3977E7F5595B494687818149EE168FEBC2C03
2025-07-15 17:34:43.215, ReplyFindNode, f32a5489-e106-49cc-b011-34c4e2d81fb9, 7BB3577E7F5595B494687818149EE168FEBC2C03, 488D91B7237C9FDEC56C70D9374C721A2F230821
2025-07-15 17:34:51.269, FindNode, b9ab6164-c8f9-48a5-a031-ff639e2567dd, 488D91B7237C9FDEC56C70D9374C721A2F230821, 490D91B7237C9FDEC56C70D9374C721A2F230821
2025-07-15 17:34:51.269, ReplyFindNode, b9ab6164-c8f9-48a5-a031-ff639e2567dd, 488D91B7237C9FDEC56C70D9374C721A2F230821, 7BB3577E7F5595B494687818149EE168FEBC2C03
2025-07-15 17:34:54.252, Lookup, 72060b1f-3f50-4182-b42f-c223e2667b04, 488D91B7237C9FDEC56C70D9374C721A2F230821, 20A5461E257D93E9FCBFB4F19F2A9243AFEE918C
2025-07-15 17:34:54.296, FindNode, 71c6393a-15f0-4eac-9f1a-c463a66309d1, 7BB3577E7F5595B494687818149EE168FEBC2C03, 20A5461E257D93E9FCBFB4F19F2A9243AFEE918C
2025-07-15 17:34:54.296, ReplyFindNode, 71c6393a-15f0-4eac-9f1a-c463a66309d1, 7BB3577E7F5595B494687818149EE168FEBC2C03, 488D91B7237C9FDEC56C70D9374C721A2F230821
2025-07-15 17:34:54.387, ReplyLookup, 72060b1f-3f50-4182-b42f-c223e2667b04, 7BB3577E7F5595B494687818149EE168FEBC2C03, B4841A6CFF87141380778AF4406DCD14D736B6E1
2025-07-15 17:34:54.777, Lookup, 2d94c9dc-4cea-4ac0-b855-b8009c8e9e01, 7BB3577E7F5595B494687818149EE168FEBC2C03, 663FA5C146D4E62D872BDDAF4EECA1C34E6390B9
2025-07-15 17:34:54.820, FindNode, 4312cd54-56b1-4647-951b-8738c36c1c41, 488D91B7237C9FDEC56C70D9374C721A2F230821, 663FA5C146D4E62D872BDDAF4EECA1C34E6390B9
2025-07-15 17:34:54.820, ReplyFindNode, 4312cd54-56b1-4647-951b-8738c36c1c41, 488D91B7237C9FDEC56C70D9374C721A2F230821, 7BB3577E7F5595B494687818149EE168FEBC2C03
2025-07-15 17:34:54.952, ReplyLookup, 2d94c9dc-4cea-4ac0-b855-b8009c8e9e01, 488D91B7237C9FDEC56C70D9374C721A2F230821,
2025-07-15 17:34:55.215, FindNode, 6351119e-3106-49c4-8252-6f13842cd7be, 7BB3577E7F5595B494687818149EE168FEBC2C03, 7BB3577E7F5595B494687818149EE16900BC2C03
2025-07-15 17:34:55.215, ReplyFindNode, 6351119e-3106-49c4-8252-6f13842cd7be, 7BB3577E7F5595B494687818149EE168FEBC2C03, 488D91B7237C9FDEC56C70D9374C721A2F230821
2025-07-15 17:35:03.269, FindNode, 3921a73d-4364-4c36-b1f4-a506502e9416, 488D91B7237C9FDEC56C70D9374C721A2F230821, 48AD91B7237C9FDEC56C70D9374C721A2F230821
2025-07-15 17:35:03.269, ReplyFindNode, 3921a73d-4364-4c36-b1f4-a506502e9416, 488D91B7237C9FDEC56C70D9374C721A2F230821, 7BB3577E7F5595B494687818149EE168FEBC2C03
2025-07-15 17:35:07.216, FindNode, 48d78296-3392-47ea-882b-f662f23dfa5f, 7BB3577E7F5595B494687818149EE168FEBC2C03, 7BB3677E7F5595B494687818149EE168FEBC2C03
2025-07-15 17:35:07.216, ReplyFindNode, 48d78296-3392-47ea-882b-f662f23dfa5f, 7BB3577E7F5595B494687818149EE168FEBC2C03, 488D91B7237C9FDEC56C70D9374C721A2F230821
2025-07-15 17:35:09.252, Remove, 97abc536-a88f-414e-8424-a1dda652627b, 488D91B7237C9FDEC56C70D9374C721A2F230821, 20A5461E257D93E9FCBFB4F19F2A9243AFEE918C, B4841A6CFF87141380778AF4406DCD14D736B6E1
2025-07-15 17:35:09.296, FindNode, 02333502-52ec-48df-891b-ec2e0638bc83, 7BB3577E7F5595B494687818149EE168FEBC2C03, 20A5461E257D93E9FCBFB4F19F2A9243AFEE918C
2025-07-15 17:35:09.296, ReplyFindNode, 02333502-52ec-48df-891b-ec2e0638bc83, 7BB3577E7F5595B494687818149EE168FEBC2C03, 488D91B7237C9FDEC56C70D9374C721A2F230821
2025-07-15 17:35:09.344, ReplyRemove, 97abc536-a88f-414e-8424-a1dda652627b, 7BB3577E7F5595B494687818149EE168FEBC2C03
2025-07-15 17:35:09.778, Lookup, 4376c3f4-25f1-4d72-8708-6719a72e82cd, 7BB3577E7F5595B494687818149EE168FEBC2C03, 0F10C12292978628EC49BB62F7D445E8E99F3C25
2025-07-15 17:35:09.822, ReplyLookup, 4376c3f4-25f1-4d72-8708-6719a72e82cd, 488D91B7237C9FDEC56C70D9374C721A2F230821, 580A928439F2EFF0F5ED81454EBF7EE7EFE93F21
2025-07-15 17:35:15.270, FindNode, 9e78fd80-676a-4c47-b44d-27339859f8cf, 488D91B7237C9FDEC56C70D9374C721A2F230821, 488D91B7237C9FDF056C70D9374C721A2F230821
2025-07-15 17:35:15.270, ReplyFindNode, 9e78fd80-676a-4c47-b44d-27339859f8cf, 488D91B7237C9FDEC56C70D9374C721A2F230821, 7BB3577E7F5595B494687818149EE168FEBC2C03
2025-07-15 17:35:19.216, FindNode, 6fa5a6d7-d12f-496f-bfc0-63fd091b59cd, 7BB3577E7F5595B494687818149EE168FEBC2C03, 7DB3577E7F5595B494687818149EE168FEBC2C03
2025-07-15 17:35:19.216, ReplyFindNode, 6fa5a6d7-d12f-496f-bfc0-63fd091b59cd, 7BB3577E7F5595B494687818149EE168FEBC2C03, 488D91B7237C9FDEC56C70D9374C721A2F230821
2025-07-15 17:35:24.253, Store, a94a0afb-62e9-4a11-b6de-bb1af12d9e96, 488D91B7237C9FDEC56C70D9374C721A2F230821, 11B0360EA62C39206E5C34FC4D5CD314A72CEF4E, 24DAF896A03CCBF5D163984055555602B08D50EC
2025-07-15 17:35:24.296, FindNode, 4c3caf8e-a552-4678-a3af-5239ab91491c, 7BB3577E7F5595B494687818149EE168FEBC2C03, 11B0360EA62C39206E5C34FC4D5CD314A72CEF4E
2025-07-15 17:35:24.297, ReplyFindNode, 4c3caf8e-a552-4678-a3af-5239ab91491c, 7BB3577E7F5595B494687818149EE168FEBC2C03, 488D91B7237C9FDEC56C70D9374C721A2F230821
2025-07-15 17:35:24.344, ReplyStore, a94a0afb-62e9-4a11-b6de-bb1af12d9e96, 7BB3577E7F5595B494687818149EE168FEBC2C03
2025-07-15 17:35:24.778, Lookup, 4076653e-d344-4dd9-9df9-292314e10973, 7BB3577E7F5595B494687818149EE168FEBC2C03, F283F65B4F3BC43D5CDE609449592EF014AD317E
2025-07-15 17:35:24.822, ReplyLookup, 4076653e-d344-4dd9-9df9-292314e10973, 488D91B7237C9FDEC56C70D9374C721A2F230821, 86954B0558ACBE6787B6FB108FCA3CA9645718FA
2025-07-15 17:35:27.270, FindNode, b32f192d-2074-4c6d-83b7-96909fb06de5, 488D91B7237C9FDEC56C70D9374C721A2F230821, 488D91B7237C9FDEC56C70D9374C721A2F230829
2025-07-15 17:35:27.271, ReplyFindNode, b32f192d-2074-4c6d-83b7-96909fb06de5, 488D91B7237C9FDEC56C70D9374C721A2F230821, 7BB3577E7F5595B494687818149EE168FEBC2C03
2025-07-15 17:35:28.850, EndReadWriteRegimen
2025-07-15 17:35:31.217, FindNode, a07431b8-85fe-4416-ae10-faf626fc6ec9, 7BB3577E7F5595B494687818149EE168FEBC2C03, 7BB3577E7F5595B494687818149EE168FEBC2E03
2025-07-15 17:35:31.217, ReplyFindNode, a07431b8-85fe-4416-ae10-faf626fc6ec9, 7BB3577E7F5595B494687818149EE168FEBC2C03, 488D91B7237C9FDEC56C70D9374C721A2F230821
2025-07-15 17:35:39.271, FindNode, 41e08a8c-d6e4-4fa0-b637-f3cbb51b918c, 488D91B7237C9FDEC56C70D9374C721A2F230821, 488D91B7247C9FDEC56C70D9374C721A2F230821
2025-07-15 17:35:39.271, ReplyFindNode, 41e08a8c-d6e4-4fa0-b637-f3cbb51b918c, 488D91B7237C9FDEC56C70D9374C721A2F230821, 7BB3577E7F5595B494687818149EE168FEBC2C03
2025-07-15 17:35:43.217, FindNode, d662b84f-9b54-4121-b187-0c3eae19e7d0, 7BB3577E7F5595B494687818149EE168FEBC2C03, 7BB3577E7F5595B494687818549EE168FEBC2C03
2025-07-15 17:35:43.218, ReplyFindNode, d662b84f-9b54-4121-b187-0c3eae19e7d0, 7BB3577E7F5595B494687818149EE168FEBC2C03, 488D91B7237C9FDEC56C70D9374C721A2F230821
2025-07-15 17:35:51.272, FindNode, 2cb75a8f-7134-43f9-9691-6a5bc05a4d4e, 488D91B7237C9FDEC56C70D9374C721A2F230821, 488D91B7237C9FDEC56C70F9374C721A2F230821
2025-07-15 17:35:51.272, ReplyFindNode, 2cb75a8f-7134-43f9-9691-6a5bc05a4d4e, 488D91B7237C9FDEC56C70D9374C721A2F230821, 7BB3577E7F5595B494687818149EE168FEBC2C03
2025-07-15 17:35:55.218, FindNode, 74fc9094-a379-4d2b-b8ca-ad0e4b7e2b13, 7BB3577E7F5595B494687818149EE168FEBC2C03, FBB3577E7F5595B494687818149EE168FEBC2C03
2025-07-15 17:35:55.218, ReplyFindNode, 74fc9094-a379-4d2b-b8ca-ad0e4b7e2b13, 7BB3577E7F5595B494687818149EE168FEBC2C03, 488D91B7237C9FDEC56C70D9374C721A2F230821
2025-07-15 17:36:03.272, FindNode, f472bfd6-4293-4917-9cd3-03da7e0b4b36, 488D91B7237C9FDEC56C70D9374C721A2F230821, 488D91B7237C9FDEC56C70E9374C721A2F230821
2025-07-15 17:36:03.272, ReplyFindNode, f472bfd6-4293-4917-9cd3-03da7e0b4b36, 488D91B7237C9FDEC56C70D9374C721A2F230821, 7BB3577E7F5595B494687818149EE168FEBC2C03
2025-07-15 17:36:07.219, FindNode, 0462e164-ea22-44be-b82c-cf2984ede454, 7BB3577E7F5595B494687818149EE168FEBC2C03, 7BB3577E7F5595B494687818149EE16902BC2C03
2025-07-15 17:36:07.219, ReplyFindNode, 0462e164-ea22-44be-b82c-cf2984ede454, 7BB3577E7F5595B494687818149EE168FEBC2C03, 488D91B7237C9FDEC56C70D9374C721A2F230821
2025-07-15 17:36:15.273, FindNode, f50f06b7-1d00-46c7-a617-4bfd79f36862, 488D91B7237C9FDEC56C70D9374C721A2F230821, 488D91D7237C9FDEC56C70D9374C721A2F230821
2025-07-15 17:36:15.273, ReplyFindNode, f50f06b7-1d00-46c7-a617-4bfd79f36862, 488D91B7237C9FDEC56C70D9374C721A2F230821, 7BB3577E7F5595B494687818149EE168FEBC2C03
2025-07-15 17:36:19.219, FindNode, aba82d0e-2cc2-457d-aebd-43783f8a9938, 7BB3577E7F5595B494687818149EE168FEBC2C03, 7BB3577E7F5595B496687818149EE168FEBC2C03
2025-07-15 17:36:19.219, ReplyFindNode, aba82d0e-2cc2-457d-aebd-43783f8a9938, 7BB3577E7F5595B494687818149EE168FEBC2C03, 488D91B7237C9FDEC56C70D9374C721A2F230821
2025-07-15 17:36:27.273, FindNode, 592b09ae-dd90-4be9-a570-038562a7dfc8, 488D91B7237C9FDEC56C70D9374C721A2F230821, 488D91B7237C9FDEC96C70D9374C721A2F230821
2025-07-15 17:36:27.273, ReplyFindNode, 592b09ae-dd90-4be9-a570-038562a7dfc8, 488D91B7237C9FDEC56C70D9374C721A2F230821, 7BB3577E7F5595B494687818149EE168FEBC2C03
2025-07-15 17:36:29.485, StartReadOnlyRegimen
2025-07-15 17:36:30.049, Lookup, 00ec80aa-64df-416a-8784-2559794cb406, 488D91B7237C9FDEC56C70D9374C721A2F230821, 11B0360EA62C39206E5C34FC4D5CD314A72CEF4E
2025-07-15 17:36:30.092, FindNode, ea818148-4df4-40e4-bc33-4d6b1fe01012, 7BB3577E7F5595B494687818149EE168FEBC2C03, 11B0360EA62C39206E5C34FC4D5CD314A72CEF4E
2025-07-15 17:36:30.093, ReplyFindNode, ea818148-4df4-40e4-bc33-4d6b1fe01012, 7BB3577E7F5595B494687818149EE168FEBC2C03, 488D91B7237C9FDEC56C70D9374C721A2F230821
2025-07-15 17:36:30.183, ReplyLookup, 00ec80aa-64df-416a-8784-2559794cb406, 7BB3577E7F5595B494687818149EE168FEBC2C03, 24DAF896A03CCBF5D163984055555602B08D50EC
2025-07-15 17:36:30.569, Lookup, d1c01a57-dfd1-4d09-9f88-eab9ca57a586, 7BB3577E7F5595B494687818149EE168FEBC2C03, BF88B1F23BD269260A2D45FCDF410296ABCAA4F3
2025-07-15 17:36:30.613, ReplyLookup, d1c01a57-dfd1-4d09-9f88-eab9ca57a586, 488D91B7237C9FDEC56C70D9374C721A2F230821,
2025-07-15 17:36:31.220, FindNode, 2e41a592-4943-4506-a30b-df1afe3d08e4, 7BB3577E7F5595B494687818149EE168FEBC2C03, 7BB3577F7F5595B494687818149EE168FEBC2C03
2025-07-15 17:36:31.220, ReplyFindNode, 2e41a592-4943-4506-a30b-df1afe3d08e4, 7BB3577E7F5595B494687818149EE168FEBC2C03, 488D91B7237C9FDEC56C70D9374C721A2F230821
2025-07-15 17:36:39.274, FindNode, 629f7000-1097-4d04-bd34-afe0b6b53880, 488D91B7237C9FDEC56C70D9374C721A2F230821, 488D91B7237C9FDEC56C70D9374C722A2F230821
2025-07-15 17:36:39.274, ReplyFindNode, 629f7000-1097-4d04-bd34-afe0b6b53880, 488D91B7237C9FDEC56C70D9374C721A2F230821, 7BB3577E7F5595B494687818149EE168FEBC2C03
2025-07-15 17:36:43.220, FindNode, 6aabdcc6-b891-4c8f-9503-59eb4746a8d9, 7BB3577E7F5595B494687818149EE168FEBC2C03, 7BB3577E7F5595B494687818149EE168FEBC2E03
2025-07-15 17:36:43.220, ReplyFindNode, 6aabdcc6-b891-4c8f-9503-59eb4746a8d9, 7BB3577E7F5595B494687818149EE168FEBC2C03, 488D91B7237C9FDEC56C70D9374C721A2F230821
2025-07-15 17:36:45.047, Lookup, 1ad79096-99c8-483a-b9ec-b825e8532c07, 488D91B7237C9FDEC56C70D9374C721A2F230821, 11B0360EA62C39206E5C34FC4D5CD314A72CEF4E
2025-07-15 17:36:45.092, FindNode, 7210978a-9652-490f-9a34-84d8797d2f15, 7BB3577E7F5595B494687818149EE168FEBC2C03, 11B0360EA62C39206E5C34FC4D5CD314A72CEF4E
2025-07-15 17:36:45.092, ReplyFindNode, 7210978a-9652-490f-9a34-84d8797d2f15, 7BB3577E7F5595B494687818149EE168FEBC2C03, 488D91B7237C9FDEC56C70D9374C721A2F230821
2025-07-15 17:36:45.183, ReplyLookup, 1ad79096-99c8-483a-b9ec-b825e8532c07, 7BB3577E7F5595B494687818149EE168FEBC2C03, 24DAF896A03CCBF5D163984055555602B08D50EC
2025-07-15 17:36:45.568, Lookup, 6d2b5d50-fe52-49ab-be4d-0a106f9a4403, 7BB3577E7F5595B494687818149EE168FEBC2C03, 0C0D55BB44BDD82AE345763EE07A0F2640389669
2025-07-15 17:36:45.614, ReplyLookup, 6d2b5d50-fe52-49ab-be4d-0a106f9a4403, 488D91B7237C9FDEC56C70D9374C721A2F230821, B6D5D2F8B36E629C224D81AD2915EDDE5CA1049C
2025-07-15 17:36:51.274, FindNode, c50fe297-ad2c-4e5a-b055-4259e2fb8ba4, 488D91B7237C9FDEC56C70D9374C721A2F230821, 488D9237237C9FDEC56C70D9374C721A2F230821
2025-07-15 17:36:51.275, ReplyFindNode, c50fe297-ad2c-4e5a-b055-4259e2fb8ba4, 488D91B7237C9FDEC56C70D9374C721A2F230821, 7BB3577E7F5595B494687818149EE168FEBC2C03
2025-07-15 17:36:55.221, FindNode, aa8a297b-4a29-4a8f-8d68-c3d18678faa0, 7BB3577E7F5595B494687818149EE168FEBC2C03, 7BB35B7E7F5595B494687818149EE168FEBC2C03
2025-07-15 17:36:55.221, ReplyFindNode, aa8a297b-4a29-4a8f-8d68-c3d18678faa0, 7BB3577E7F5595B494687818149EE168FEBC2C03, 488D91B7237C9FDEC56C70D9374C721A2F230821
2025-07-15 17:37:00.047, Lookup, dfe15a3f-8799-4624-9b12-ec114804fd18, 488D91B7237C9FDEC56C70D9374C721A2F230821, 63F1618E4EEFAC62E6C69B6BB65D4DF5D3A91F3E
2025-07-15 17:37:00.089, ReplyLookup, dfe15a3f-8799-4624-9b12-ec114804fd18, 7BB3577E7F5595B494687818149EE168FEBC2C03,
2025-07-15 17:37:00.568, Lookup, 94d31e8c-26ac-4674-9b54-e1951d01941f, 7BB3577E7F5595B494687818149EE168FEBC2C03, 0F10C12292978628EC49BB62F7D445E8E99F3C25
2025-07-15 17:37:00.614, ReplyLookup, 94d31e8c-26ac-4674-9b54-e1951d01941f, 488D91B7237C9FDEC56C70D9374C721A2F230821, 580A928439F2EFF0F5ED81454EBF7EE7EFE93F21
2025-07-15 17:37:03.275, FindNode, c91755bf-75c4-4e5a-9bdb-332cda4cb3bf, 488D91B7237C9FDEC56C70D9374C721A2F230821, 488D91B7237CA3DEC56C70D9374C721A2F230821
2025-07-15 17:37:03.275, ReplyFindNode, c91755bf-75c4-4e5a-9bdb-332cda4cb3bf, 488D91B7237C9FDEC56C70D9374C721A2F230821, 7BB3577E7F5595B494687818149EE168FEBC2C03
2025-07-15 17:37:07.221, FindNode, fda72b52-95d5-46c2-8865-138ac012ed6d, 7BB3577E7F5595B494687818149EE168FEBC2C03, 7BB3577E7F5595B4946C7818149EE168FEBC2C03
2025-07-15 17:37:07.222, ReplyFindNode, fda72b52-95d5-46c2-8865-138ac012ed6d, 7BB3577E7F5595B494687818149EE168FEBC2C03, 488D91B7237C9FDEC56C70D9374C721A2F230821
2025-07-15 17:37:15.048, Lookup, f981f7e1-2c33-47e0-bfad-1e223b57a336, 488D91B7237C9FDEC56C70D9374C721A2F230821, 11B0360EA62C39206E5C34FC4D5CD314A72CEF4E
2025-07-15 17:37:15.092, FindNode, 85ea03b8-9e97-45cd-95ed-3e1f2825ff30, 7BB3577E7F5595B494687818149EE168FEBC2C03, 11B0360EA62C39206E5C34FC4D5CD314A72CEF4E
2025-07-15 17:37:15.092, ReplyFindNode, 85ea03b8-9e97-45cd-95ed-3e1f2825ff30, 7BB3577E7F5595B494687818149EE168FEBC2C03, 488D91B7237C9FDEC56C70D9374C721A2F230821
2025-07-15 17:37:15.183, ReplyLookup, f981f7e1-2c33-47e0-bfad-1e223b57a336, 7BB3577E7F5595B494687818149EE168FEBC2C03, 24DAF896A03CCBF5D163984055555602B08D50EC
2025-07-15 17:37:15.276, FindNode, 2f9315b1-a35d-403f-808f-8e7f3f030baf, 488D91B7237C9FDEC56C70D9374C721A2F230821, 488D91B7237C9FDEC56C70D9774C721A2F230821
2025-07-15 17:37:15.276, ReplyFindNode, 2f9315b1-a35d-403f-808f-8e7f3f030baf, 488D91B7237C9FDEC56C70D9374C721A2F230821, 7BB3577E7F5595B494687818149EE168FEBC2C03
2025-07-15 17:37:15.568, Lookup, ecbf73cf-beeb-4102-9500-acb3eb5e62ae, 7BB3577E7F5595B494687818149EE168FEBC2C03, 0F10C12292978628EC49BB62F7D445E8E99F3C25
2025-07-15 17:37:15.614, ReplyLookup, ecbf73cf-beeb-4102-9500-acb3eb5e62ae, 488D91B7237C9FDEC56C70D9374C721A2F230821, 580A928439F2EFF0F5ED81454EBF7EE7EFE93F21
2025-07-15 17:37:19.222, FindNode, c71ec193-1273-4850-91b1-79bd21e6e29c, 7BB3577E7F5595B494687818149EE168FEBC2C03, 7BB3577E7F5595B49468781814A0E168FEBC2C03
2025-07-15 17:37:19.222, ReplyFindNode, c71ec193-1273-4850-91b1-79bd21e6e29c, 7BB3577E7F5595B494687818149EE168FEBC2C03, 488D91B7237C9FDEC56C70D9374C721A2F230821
2025-07-15 17:37:27.277, FindNode, f0b6829a-ca2f-4e7f-9b3f-5eb064ee51a7, 488D91B7237C9FDEC56C70D9374C721A2F230821, 488D91B7237C9FDEC56C74D9374C721A2F230821
2025-07-15 17:37:27.277, ReplyFindNode, f0b6829a-ca2f-4e7f-9b3f-5eb064ee51a7, 488D91B7237C9FDEC56C70D9374C721A2F230821, 7BB3577E7F5595B494687818149EE168FEBC2C03
2025-07-15 17:37:30.047, Lookup, de442e03-926a-4504-bfb3-9920b6b0ab51, 488D91B7237C9FDEC56C70D9374C721A2F230821, 11B0360EA62C39206E5C34FC4D5CD314A72CEF4E
2025-07-15 17:37:30.088, FindNode, 7206b264-7984-4149-a2ca-b91ca4c33631, 7BB3577E7F5595B494687818149EE168FEBC2C03, 11B0360EA62C39206E5C34FC4D5CD314A72CEF4E
2025-07-15 17:37:30.088, ReplyFindNode, 7206b264-7984-4149-a2ca-b91ca4c33631, 7BB3577E7F5595B494687818149EE168FEBC2C03, 488D91B7237C9FDEC56C70D9374C721A2F230821
2025-07-15 17:37:30.178, ReplyLookup, de442e03-926a-4504-bfb3-9920b6b0ab51, 7BB3577E7F5595B494687818149EE168FEBC2C03, 24DAF896A03CCBF5D163984055555602B08D50EC
2025-07-15 17:37:30.568, Lookup, 93fb10bd-ed10-40f3-99fa-5de01c1892f3, 7BB3577E7F5595B494687818149EE168FEBC2C03, 0F10C12292978628EC49BB62F7D445E8E99F3C25
2025-07-15 17:37:30.614, ReplyLookup, 93fb10bd-ed10-40f3-99fa-5de01c1892f3, 488D91B7237C9FDEC56C70D9374C721A2F230821, 580A928439F2EFF0F5ED81454EBF7EE7EFE93F21
2025-07-15 17:37:31.223, FindNode, c69bf73a-560d-4757-8918-2eaf9665bd6a, 7BB3577E7F5595B494687818149EE168FEBC2C03, 7BB3577E7F5595B49468781814BEE168FEBC2C03
2025-07-15 17:37:31.223, ReplyFindNode, c69bf73a-560d-4757-8918-2eaf9665bd6a, 7BB3577E7F5595B494687818149EE168FEBC2C03, 488D91B7237C9FDEC56C70D9374C721A2F230821
2025-07-15 17:37:39.277, FindNode, 0e9bd4a7-9742-4954-a7ac-5a7f74c71f6f, 488D91B7237C9FDEC56C70D9374C721A2F230821, 488D9237237C9FDEC56C70D9374C721A2F230821
2025-07-15 17:37:39.277, ReplyFindNode, 0e9bd4a7-9742-4954-a7ac-5a7f74c71f6f, 488D91B7237C9FDEC56C70D9374C721A2F230821, 7BB3577E7F5595B494687818149EE168FEBC2C03
2025-07-15 17:37:43.223, FindNode, b526ab80-b3a4-4fe0-8fea-1bb542b9bed2, 7BB3577E7F5595B494687818149EE168FEBC2C03, 7BBB577E7F5595B494687818149EE168FEBC2C03
2025-07-15 17:37:43.223, ReplyFindNode, b526ab80-b3a4-4fe0-8fea-1bb542b9bed2, 7BB3577E7F5595B494687818149EE168FEBC2C03, 488D91B7237C9FDEC56C70D9374C721A2F230821
2025-07-15 17:37:45.047, Lookup, 05ededdc-10e4-45e2-ac31-b9d65d1b4bc0, 488D91B7237C9FDEC56C70D9374C721A2F230821, CA16F112A365243121E2146E747A6A7EE1D81533
2025-07-15 17:37:45.088, FindNode, 8f00dc06-d7ac-411d-b59e-72d20d28ec29, 7BB3577E7F5595B494687818149EE168FEBC2C03, CA16F112A365243121E2146E747A6A7EE1D81533
2025-07-15 17:37:45.088, ReplyFindNode, 8f00dc06-d7ac-411d-b59e-72d20d28ec29, 7BB3577E7F5595B494687818149EE168FEBC2C03, 488D91B7237C9FDEC56C70D9374C721A2F230821
2025-07-15 17:37:45.178, ReplyLookup, 05ededdc-10e4-45e2-ac31-b9d65d1b4bc0, 7BB3577E7F5595B494687818149EE168FEBC2C03, F795060E4622240A4FC257DAD04AE0ECE508C1C3
2025-07-15 17:37:45.568, Lookup, a05343ee-d0d8-437e-95e6-0717592a83da, 7BB3577E7F5595B494687818149EE168FEBC2C03, 2781DD5755E5E35F9F81321950D2F389078662CF
2025-07-15 17:37:45.613, ReplyLookup, a05343ee-d0d8-437e-95e6-0717592a83da, 488D91B7237C9FDEC56C70D9374C721A2F230821,
2025-07-15 17:37:51.278, FindNode, 15e34fb4-84f6-4c0b-9fcd-02ee6a6dbd83, 488D91B7237C9FDEC56C70D9374C721A2F230821, 488D91B7237C9FDEC56C70D9374C721A2F430821
2025-07-15 17:37:51.278, ReplyFindNode, 15e34fb4-84f6-4c0b-9fcd-02ee6a6dbd83, 488D91B7237C9FDEC56C70D9374C721A2F230821, 7BB3577E7F5595B494687818149EE168FEBC2C03
2025-07-15 17:37:55.224, FindNode, 0783535b-5576-4b43-9ecb-914e27b94d77, 7BB3577E7F5595B494687818149EE168FEBC2C03, 7BB5577E7F5595B494687818149EE168FEBC2C03
2025-07-15 17:37:55.224, ReplyFindNode, 0783535b-5576-4b43-9ecb-914e27b94d77, 7BB3577E7F5595B494687818149EE168FEBC2C03, 488D91B7237C9FDEC56C70D9374C721A2F230821
2025-07-15 17:38:00.047, Lookup, e61a1589-a823-4b27-8b56-df718e0cd365, 488D91B7237C9FDEC56C70D9374C721A2F230821, 288CD921BA8C133DDF4324FE520803BDFB66FE5B
2025-07-15 17:38:00.088, FindNode, 48b53cf1-0325-48cc-9a9f-10faaaf6c1e1, 7BB3577E7F5595B494687818149EE168FEBC2C03, 288CD921BA8C133DDF4324FE520803BDFB66FE5B
2025-07-15 17:38:00.088, ReplyFindNode, 48b53cf1-0325-48cc-9a9f-10faaaf6c1e1, 7BB3577E7F5595B494687818149EE168FEBC2C03, 488D91B7237C9FDEC56C70D9374C721A2F230821
2025-07-15 17:38:00.220, ReplyLookup, e61a1589-a823-4b27-8b56-df718e0cd365, 7BB3577E7F5595B494687818149EE168FEBC2C03,
2025-07-15 17:38:00.568, Lookup, b2be045a-d4d5-408b-aa63-3c606edd7f19, 7BB3577E7F5595B494687818149EE168FEBC2C03, 4627A4E94BB06C98596A66ADA50F1E718F849876
2025-07-15 17:38:00.613, ReplyLookup, b2be045a-d4d5-408b-aa63-3c606edd7f19, 488D91B7237C9FDEC56C70D9374C721A2F230821,
2025-07-15 17:38:03.278, FindNode, 237b45a6-8356-4a4a-9901-016d09e602d0, 488D91B7237C9FDEC56C70D9374C721A2F230821, 488D91B723FC9FDEC56C70D9374C721A2F230821
2025-07-15 17:38:03.278, ReplyFindNode, 237b45a6-8356-4a4a-9901-016d09e602d0, 488D91B7237C9FDEC56C70D9374C721A2F230821, 7BB3577E7F5595B494687818149EE168FEBC2C03
2025-07-15 17:38:07.225, FindNode, 05636ff9-a611-4b95-b794-a7633144b71d, 7BB3577E7F5595B494687818149EE168FEBC2C03, 7BB3577E7F559DB494687818149EE168FEBC2C03
2025-07-15 17:38:07.225, ReplyFindNode, 05636ff9-a611-4b95-b794-a7633144b71d, 7BB3577E7F5595B494687818149EE168FEBC2C03, 488D91B7237C9FDEC56C70D9374C721A2F230821
2025-07-15 17:38:15.048, Lookup, c09f6203-196f-444b-b17a-ba87733784ee, 488D91B7237C9FDEC56C70D9374C721A2F230821, 662318F4D2CEEF4A170FE647C45DDA903DFBB412
2025-07-15 17:38:15.093, ReplyLookup, c09f6203-196f-444b-b17a-ba87733784ee, 7BB3577E7F5595B494687818149EE168FEBC2C03,
2025-07-15 17:38:15.279, FindNode, c208f9c9-f459-46ea-ba90-9a507129871c, 488D91B7237C9FDEC56C70D9374C721A2F230821, 488D91B7237C9FDEC56C70D9374C721A2F231821
2025-07-15 17:38:15.279, ReplyFindNode, c208f9c9-f459-46ea-ba90-9a507129871c, 488D91B7237C9FDEC56C70D9374C721A2F230821, 7BB3577E7F5595B494687818149EE168FEBC2C03
2025-07-15 17:38:15.569, Lookup, 6b562b83-a329-45a5-a283-6ea063ae5eb8, 7BB3577E7F5595B494687818149EE168FEBC2C03, 8FC188F8387A28FC06A18A49F14A8E6A09608B56
2025-07-15 17:38:15.613, ReplyLookup, 6b562b83-a329-45a5-a283-6ea063ae5eb8, 488D91B7237C9FDEC56C70D9374C721A2F230821,
2025-07-15 17:38:19.225, FindNode, 7bf5781a-d71a-4524-a9c2-c208610ea3ea, 7BB3577E7F5595B494687818149EE168FEBC2C03, 7BB3577E7F55D5B494687818149EE168FEBC2C03
2025-07-15 17:38:19.225, ReplyFindNode, 7bf5781a-d71a-4524-a9c2-c208610ea3ea, 7BB3577E7F5595B494687818149EE168FEBC2C03, 488D91B7237C9FDEC56C70D9374C721A2F230821
2025-07-15 17:38:27.279, FindNode, 6d581207-bd8b-48d3-b524-f092225d3968, 488D91B7237C9FDEC56C70D9374C721A2F230821, 488D91B7237C9FDEC56C70D9374C721A2F231021
2025-07-15 17:38:27.280, ReplyFindNode, 6d581207-bd8b-48d3-b524-f092225d3968, 488D91B7237C9FDEC56C70D9374C721A2F230821, 7BB3577E7F5595B494687818149EE168FEBC2C03
2025-07-15 17:38:30.048, Lookup, b416d032-bac6-4429-962f-456b798b81fa, 488D91B7237C9FDEC56C70D9374C721A2F230821, CA16F112A365243121E2146E747A6A7EE1D81533
2025-07-15 17:38:30.092, FindNode, 505422cb-5c9a-40ec-a304-c5023b8082dc, 7BB3577E7F5595B494687818149EE168FEBC2C03, CA16F112A365243121E2146E747A6A7EE1D81533
2025-07-15 17:38:30.092, ReplyFindNode, 505422cb-5c9a-40ec-a304-c5023b8082dc, 7BB3577E7F5595B494687818149EE168FEBC2C03, 488D91B7237C9FDEC56C70D9374C721A2F230821
2025-07-15 17:38:30.182, ReplyLookup, b416d032-bac6-4429-962f-456b798b81fa, 7BB3577E7F5595B494687818149EE168FEBC2C03, F795060E4622240A4FC257DAD04AE0ECE508C1C3
2025-07-15 17:38:30.570, Lookup, 546f48f6-dbef-45fa-a5f6-e32246d1df95, 7BB3577E7F5595B494687818149EE168FEBC2C03, 8537B074D13C5AB7CDECD272B196BB12F281A871
2025-07-15 17:38:30.613, ReplyLookup, 546f48f6-dbef-45fa-a5f6-e32246d1df95, 488D91B7237C9FDEC56C70D9374C721A2F230821,
2025-07-15 17:38:31.226, FindNode, 0bff8ae2-36fd-4776-a8ae-01ae5db90b67, 7BB3577E7F5595B494687818149EE168FEBC2C03, 7BB3578E7F5595B494687818149EE168FEBC2C03
2025-07-15 17:38:31.226, ReplyFindNode, 0bff8ae2-36fd-4776-a8ae-01ae5db90b67, 7BB3577E7F5595B494687818149EE168FEBC2C03, 488D91B7237C9FDEC56C70D9374C721A2F230821
2025-07-15 17:38:39.280, FindNode, 837aac50-21a6-449a-9646-912128f2176e, 488D91B7237C9FDEC56C70D9374C721A2F230821, 488D91B7237C9FDEC56C72D9374C721A2F230821
2025-07-15 17:38:39.280, ReplyFindNode, 837aac50-21a6-449a-9646-912128f2176e, 488D91B7237C9FDEC56C70D9374C721A2F230821, 7BB3577E7F5595B494687818149EE168FEBC2C03
2025-07-15 17:38:43.226, FindNode, a7c30cce-24a1-4cdd-b6ca-b70c85e093f0, 7BB3577E7F5595B494687818149EE168FEBC2C03, 7BB3577E7F5595B494687818149EE168FEBC3003
2025-07-15 17:38:43.226, ReplyFindNode, a7c30cce-24a1-4cdd-b6ca-b70c85e093f0, 7BB3577E7F5595B494687818149EE168FEBC2C03, 488D91B7237C9FDEC56C70D9374C721A2F230821
2025-07-15 17:38:45.048, Lookup, 0ac6a3cf-dc01-441b-9b20-8cf3fb7143f1, 488D91B7237C9FDEC56C70D9374C721A2F230821, BCBF13DA13688FBB4F40685B29D0BC6AA5958FE1
2025-07-15 17:38:45.092, FindNode, 4e2edd60-bc7a-4a0a-8f91-7c72d399df36, 7BB3577E7F5595B494687818149EE168FEBC2C03, BCBF13DA13688FBB4F40685B29D0BC6AA5958FE1
2025-07-15 17:38:45.092, ReplyFindNode, 4e2edd60-bc7a-4a0a-8f91-7c72d399df36, 7BB3577E7F5595B494687818149EE168FEBC2C03, 488D91B7237C9FDEC56C70D9374C721A2F230821
2025-07-15 17:38:45.224, ReplyLookup, 0ac6a3cf-dc01-441b-9b20-8cf3fb7143f1, 7BB3577E7F5595B494687818149EE168FEBC2C03,
2025-07-15 17:38:45.571, Lookup, 05ed2827-5c4d-4a37-8345-2c02c63b590f, 7BB3577E7F5595B494687818149EE168FEBC2C03, 3BB1F7FCFE6013B35DAF5CE6AAEF6EAA60B1CF9D
2025-07-15 17:38:45.613, ReplyLookup, 05ed2827-5c4d-4a37-8345-2c02c63b590f, 488D91B7237C9FDEC56C70D9374C721A2F230821,
2025-07-15 17:38:51.280, FindNode, eb488123-8b49-4dd4-818e-6c02124f7c1e, 488D91B7237C9FDEC56C70D9374C721A2F230821, 488D93B7237C9FDEC56C70D9374C721A2F230821
2025-07-15 17:38:51.281, ReplyFindNode, eb488123-8b49-4dd4-818e-6c02124f7c1e, 488D91B7237C9FDEC56C70D9374C721A2F230821, 7BB3577E7F5595B494687818149EE168FEBC2C03
2025-07-15 17:38:55.227, FindNode, d068c17e-a62f-4760-8eec-7ef27fbc1e00, 7BB3577E7F5595B494687818149EE168FEBC2C03, 7BB3577E7F5595B494687818149F0168FEBC2C03
2025-07-15 17:38:55.227, ReplyFindNode, d068c17e-a62f-4760-8eec-7ef27fbc1e00, 7BB3577E7F5595B494687818149EE168FEBC2C03, 488D91B7237C9FDEC56C70D9374C721A2F230821
2025-07-15 17:39:00.049, Lookup, 0d790969-4c34-48b2-8759-320f78f03dc9, 488D91B7237C9FDEC56C70D9374C721A2F230821, AC9ECC6A80EDC8D08A6B2F8A731E806C9AFD36CF
2025-07-15 17:39:00.092, FindNode, d5e97b17-2c51-430a-9522-7a47e79dc2b3, 7BB3577E7F5595B494687818149EE168FEBC2C03, AC9ECC6A80EDC8D08A6B2F8A731E806C9AFD36CF
2025-07-15 17:39:00.092, ReplyFindNode, d5e97b17-2c51-430a-9522-7a47e79dc2b3, 7BB3577E7F5595B494687818149EE168FEBC2C03, 488D91B7237C9FDEC56C70D9374C721A2F230821
2025-07-15 17:39:00.224, ReplyLookup, 0d790969-4c34-48b2-8759-320f78f03dc9, 7BB3577E7F5595B494687818149EE168FEBC2C03,
2025-07-15 17:39:00.572, Lookup, 08cc9873-ae81-40ca-8408-d6b148f9decc, 7BB3577E7F5595B494687818149EE168FEBC2C03, 0D72C8E05CBB0A1D1B6071D976C5CDA18D1A124C
2025-07-15 17:39:00.618, ReplyLookup, 08cc9873-ae81-40ca-8408-d6b148f9decc, 488D91B7237C9FDEC56C70D9374C721A2F230821, 7DEB9A3C72639C3BE93B85AE69F74D98F0EF5558
2025-07-15 17:39:03.281, FindNode, 8752fc19-d460-45ad-b184-c87cbac58dfd, 488D91B7237C9FDEC56C70D9374C721A2F230821, 488D91B7237C9FDEC56C70D9374C761A2F230821
2025-07-15 17:39:03.281, ReplyFindNode, 8752fc19-d460-45ad-b184-c87cbac58dfd, 488D91B7237C9FDEC56C70D9374C721A2F230821, 7BB3577E7F5595B494687818149EE168FEBC2C03
2025-07-15 17:39:07.227, FindNode, b63cdf12-49f9-49ae-b166-2e050216396f, 7BB3577E7F5595B494687818149EE168FEBC2C03, 7BB7577E7F5595B494687818149EE168FEBC2C03
2025-07-15 17:39:07.228, ReplyFindNode, b63cdf12-49f9-49ae-b166-2e050216396f, 7BB3577E7F5595B494687818149EE168FEBC2C03, 488D91B7237C9FDEC56C70D9374C721A2F230821
2025-07-15 17:39:15.050, Lookup, e232d605-01b7-4fef-8ceb-53571e7baa24, 488D91B7237C9FDEC56C70D9374C721A2F230821, 1FD13B1049224883D640FB9F829432E99C08100A
2025-07-15 17:39:15.092, FindNode, f5cbbd54-f878-4854-99e8-27c19fc33d7c, 7BB3577E7F5595B494687818149EE168FEBC2C03, 1FD13B1049224883D640FB9F829432E99C08100A
2025-07-15 17:39:15.093, ReplyFindNode, f5cbbd54-f878-4854-99e8-27c19fc33d7c, 7BB3577E7F5595B494687818149EE168FEBC2C03, 488D91B7237C9FDEC56C70D9374C721A2F230821
2025-07-15 17:39:15.224, ReplyLookup, e232d605-01b7-4fef-8ceb-53571e7baa24, 7BB3577E7F5595B494687818149EE168FEBC2C03,
2025-07-15 17:39:15.282, FindNode, 378cb534-2690-4a86-bf0d-236985b02bef, 488D91B7237C9FDEC56C70D9374C721A2F230821, 488D91B723BC9FDEC56C70D9374C721A2F230821
2025-07-15 17:39:15.282, ReplyFindNode, 378cb534-2690-4a86-bf0d-236985b02bef, 488D91B7237C9FDEC56C70D9374C721A2F230821, 7BB3577E7F5595B494687818149EE168FEBC2C03
2025-07-15 17:39:15.570, Lookup, 071c7109-85ae-438b-86d6-90cee574f8d6, 7BB3577E7F5595B494687818149EE168FEBC2C03, E92299375924C3D5164B511ABB275262712364E3
2025-07-15 17:39:15.613, ReplyLookup, 071c7109-85ae-438b-86d6-90cee574f8d6, 488D91B7237C9FDEC56C70D9374C721A2F230821,
2025-07-15 17:39:19.228, FindNode, 64948e81-62c1-4d4d-8aae-05db1fdb9f9a, 7BB3577E7F5595B494687818149EE168FEBC2C03, 7BB3577E7F5595B494687818149EE16CFEBC2C03
2025-07-15 17:39:19.228, ReplyFindNode, 64948e81-62c1-4d4d-8aae-05db1fdb9f9a, 7BB3577E7F5595B494687818149EE168FEBC2C03, 488D91B7237C9FDEC56C70D9374C721A2F230821
2025-07-15 17:39:27.283, FindNode, a34f928c-1059-4247-88fc-14e9ad1b59b0, 488D91B7237C9FDEC56C70D9374C721A2F230821, 488D91B7237CA0DEC56C70D9374C721A2F230821
2025-07-15 17:39:27.283, ReplyFindNode, a34f928c-1059-4247-88fc-14e9ad1b59b0, 488D91B7237C9FDEC56C70D9374C721A2F230821, 7BB3577E7F5595B494687818149EE168FEBC2C03
2025-07-15 17:39:30.051, Lookup, f08e89af-b0db-4076-a297-9c3e94e171e2, 488D91B7237C9FDEC56C70D9374C721A2F230821, E92299375924C3D5164B511ABB275262712364E3
2025-07-15 17:39:30.092, FindNode, 7334fc27-381e-4afc-9ef9-dbedbe33e239, 7BB3577E7F5595B494687818149EE168FEBC2C03, E92299375924C3D5164B511ABB275262712364E3
2025-07-15 17:39:30.092, ReplyFindNode, 7334fc27-381e-4afc-9ef9-dbedbe33e239, 7BB3577E7F5595B494687818149EE168FEBC2C03, 488D91B7237C9FDEC56C70D9374C721A2F230821
2025-07-15 17:39:30.224, ReplyLookup, f08e89af-b0db-4076-a297-9c3e94e171e2, 7BB3577E7F5595B494687818149EE168FEBC2C03,
2025-07-15 17:39:30.571, Lookup, f4444a7c-ae5a-48cf-bddb-79a30bcc0116, 7BB3577E7F5595B494687818149EE168FEBC2C03, F283F65B4F3BC43D5CDE609449592EF014AD317E
2025-07-15 17:39:30.618, ReplyLookup, f4444a7c-ae5a-48cf-bddb-79a30bcc0116, 488D91B7237C9FDEC56C70D9374C721A2F230821, 86954B0558ACBE6787B6FB108FCA3CA9645718FA
2025-07-15 17:39:31.229, FindNode, 566b7cb3-cda9-4516-8625-72af954a1ae3, 7BB3577E7F5595B494687818149EE168FEBC2C03, 7BB3577E7F5595B494687818149F0168FEBC2C03
2025-07-15 17:39:31.229, ReplyFindNode, 566b7cb3-cda9-4516-8625-72af954a1ae3, 7BB3577E7F5595B494687818149EE168FEBC2C03, 488D91B7237C9FDEC56C70D9374C721A2F230821
2025-07-15 17:39:32.245, EndReadOnlyRegimen
2025-07-15 17:39:39.283, FindNode, 926306b7-a110-40c8-ae4d-df24d4f36f5e, 488D91B7237C9FDEC56C70D9374C721A2F230821, 488D91B7237C9FDEC56C70D9574C721A2F230821
2025-07-15 17:39:39.283, ReplyFindNode, 926306b7-a110-40c8-ae4d-df24d4f36f5e, 488D91B7237C9FDEC56C70D9374C721A2F230821, 7BB3577E7F5595B494687818149EE168FEBC2C03
2025-07-15 17:39:43.229, FindNode, 088ff17f-e4ee-4a69-9905-1e2d35e70a69, 7BB3577E7F5595B494687818149EE168FEBC2C03, 7BB3578E7F5595B494687818149EE168FEBC2C03
2025-07-15 17:39:43.229, ReplyFindNode, 088ff17f-e4ee-4a69-9905-1e2d35e70a69, 7BB3577E7F5595B494687818149EE168FEBC2C03, 488D91B7237C9FDEC56C70D9374C721A2F230821
2025-07-15 17:39:51.284, FindNode, 70588f6f-87ea-41c9-875e-fee4a9c0c6f8, 488D91B7237C9FDEC56C70D9374C721A2F230821, 488D91B7237CA01EC56C70D9374C721A2F230821
2025-07-15 17:39:51.284, ReplyFindNode, 70588f6f-87ea-41c9-875e-fee4a9c0c6f8, 488D91B7237C9FDEC56C70D9374C721A2F230821, 7BB3577E7F5595B494687818149EE168FEBC2C03
2025-07-15 17:39:55.230, FindNode, d004103c-5448-4077-8c28-cdd69e6236bd, 7BB3577E7F5595B494687818149EE168FEBC2C03, 7BB3577E7F5595B494697818149EE168FEBC2C03
2025-07-15 17:39:55.230, ReplyFindNode, d004103c-5448-4077-8c28-cdd69e6236bd, 7BB3577E7F5595B494687818149EE168FEBC2C03, 488D91B7237C9FDEC56C70D9374C721A2F230821
2025-07-15 17:40:03.284, FindNode, 6a7b62f2-6002-4076-a4d8-18ae2d6366a2, 488D91B7237C9FDEC56C70D9374C721A2F230821, 488D93B7237C9FDEC56C70D9374C721A2F230821
2025-07-15 17:40:03.284, ReplyFindNode, 6a7b62f2-6002-4076-a4d8-18ae2d6366a2, 488D91B7237C9FDEC56C70D9374C721A2F230821, 7BB3577E7F5595B494687818149EE168FEBC2C03
2025-07-15 17:40:07.230, FindNode, 6f4a0b4c-7254-45ab-80f7-8aea3bf1c2ce, 7BB3577E7F5595B494687818149EE168FEBC2C03, 7BB3577E7F5595B494687818149EE168FEDC2C03
2025-07-15 17:40:07.230, ReplyFindNode, 6f4a0b4c-7254-45ab-80f7-8aea3bf1c2ce, 7BB3577E7F5595B494687818149EE168FEBC2C03, 488D91B7237C9FDEC56C70D9374C721A2F230821
2025-07-15 17:40:15.285, FindNode, 914deee0-6772-4716-8345-04bf95f03723, 488D91B7237C9FDEC56C70D9374C721A2F230821, 488D91B7237C9FDEE56C70D9374C721A2F230821
2025-07-15 17:40:15.285, ReplyFindNode, 914deee0-6772-4716-8345-04bf95f03723, 488D91B7237C9FDEC56C70D9374C721A2F230821, 7BB3577E7F5595B494687818149EE168FEBC2C03
2025-07-15 17:40:19.231, FindNode, 150395a2-4937-46c7-9424-0e7e97b08754, 7BB3577E7F5595B494687818149EE168FEBC2C03, 7BB3577E7F5595B494687818149EE168FEC42C03
2025-07-15 17:40:19.231, ReplyFindNode, 150395a2-4937-46c7-9424-0e7e97b08754, 7BB3577E7F5595B494687818149EE168FEBC2C03, 488D91B7237C9FDEC56C70D9374C721A2F230821
2025-07-15 17:40:27.286, FindNode, 7e260528-35fa-4369-845d-87e991feeec8, 488D91B7237C9FDEC56C70D9374C721A2F230821, 488D91B7237C9FDEC56C70D9774C721A2F230821
2025-07-15 17:40:27.286, ReplyFindNode, 7e260528-35fa-4369-845d-87e991feeec8, 488D91B7237C9FDEC56C70D9374C721A2F230821, 7BB3577E7F5595B494687818149EE168FEBC2C03
2025-07-15 17:40:31.231, FindNode, 47fd9d1a-31f5-49e6-8feb-3e9424a44627, 7BB3577E7F5595B494687818149EE168FEBC2C03, 7BB3577E7F5595B494687838149EE168FEBC2C03
2025-07-15 17:40:31.231, ReplyFindNode, 47fd9d1a-31f5-49e6-8feb-3e9424a44627, 7BB3577E7F5595B494687818149EE168FEBC2C03, 488D91B7237C9FDEC56C70D9374C721A2F230821
2025-07-15 17:40:32.945, EndStableRegimen
2025-07-15 17:40:33.456, Leave, f7b23918-2e1e-45a5-b48b-a0978ea6c465, 488D91B7237C9FDEC56C70D9374C721A2F230821
2025-07-15 17:40:33.509, ReplyLeave, f7b23918-2e1e-45a5-b48b-a0978ea6c465
2025-07-15 17:40:33.510, EndMember, 488D91B7237C9FDEC56C70D9374C721A2F230821
2025-07-15 17:40:43.232, FindNode, 880e26ed-bac9-4bf8-834e-ed97ba552420, 7BB3577E7F5595B494687818149EE168FEBC2C03, 7BB3577EBF5595B494687818149EE168FEBC2C03
2025-07-15 17:40:43.232, ReplyFindNode, 880e26ed-bac9-4bf8-834e-ed97ba552420, 7BB3577E7F5595B494687818149EE168FEBC2C03, 7BB3577E7F5595B494687818149EE168FEBC2C03
2025-07-15 17:40:55.233, FindNode, 2c9dfc3b-6301-4eef-9418-451a28c4f275, 7BB3577E7F5595B494687818149EE168FEBC2C03, 7BB3577E7F5595B494687820149EE168FEBC2C03
2025-07-15 17:40:55.233, ReplyFindNode, 2c9dfc3b-6301-4eef-9418-451a28c4f275, 7BB3577E7F5595B494687818149EE168FEBC2C03, 7BB3577E7F5595B494687818149EE168FEBC2C03
2025-07-15 17:41:04.150, Leave, 9cf300f9-9d8d-4c8b-9d10-ff6405cce4f7, 7BB3577E7F5595B494687818149EE168FEBC2C03
2025-07-15 17:41:04.152, ReplyLeave, 9cf300f9-9d8d-4c8b-9d10-ff6405cce4f7
2025-07-15 17:41:04.153, EndMember, 7BB3577E7F5595B494687818149EE168FEBC2C03
