2025-07-15 18:08:43.530, New Successor, 488D91B7237C9FDEC56C70D9374C721A2F230821, 7BB3577E7F5595B494687818149EE168FEBC2C03
2025-07-15 18:08:43.629, New Successor, 488D91B7237C9FDEC56C70D9374C721A2F230821, 7BB3577E7F5595B494687818149EE168FEBC2C03
2025-07-15 18:08:43.871, New Successor, 7BB3577E7F5595B494687818149EE168FEBC2C03, 488D91B7237C9FDEC56C70D9374C721A2F230821
2025-07-15 18:08:43.969, New Successor, 488D91B7237C9FDEC56C70D9374C721A2F230821, 7BB3577E7F5595B494687818149EE168FEBC2C03
2025-07-15 18:08:47.932, New Successor, 488D91B7237C9FDEC56C70D9374C721A2F230821, 7BB3577E7F5595B494687818149EE168FEBC2C03
2025-07-15 18:08:56.020, New Successor, 7BB3577E7F5595B494687818149EE168FEBC2C03, 488D91B7237C9FDEC56C70D9374C721A2F230821
2025-07-15 18:08:59.983, New Successor, 488D91B7237C9FDEC56C70D9374C721A2F230821, 7BB3577E7F5595B494687818149EE168FEBC2C03
2025-07-15 18:09:08.072, New Successor, 7BB3577E7F5595B494687818149EE168FEBC2C03, 488D91B7237C9FDEC56C70D9374C721A2F230821
2025-07-15 18:09:12.032, New Successor, 488D91B7237C9FDEC56C70D9374C721A2F230821, 7BB3577E7F5595B494687818149EE168FEBC2C03
2025-07-15 18:09:14.785, New Successor, ADC0E723DF6E376068DC6BEFDD59C00882974E21, 7BB3577E7F5595B494687818149EE168FEBC2C03
2025-07-15 18:09:14.882, New Successor, ADC0E723DF6E376068DC6BEFDD59C00882974E21, 7BB3577E7F5595B494687818149EE168FEBC2C03
2025-07-15 18:09:15.112, New Successor, 7BB3577E7F5595B494687818149EE168FEBC2C03, ADC0E723DF6E376068DC6BEFDD59C00882974E21
2025-07-15 18:09:15.344, New Successor, ADC0E723DF6E376068DC6BEFDD59C00882974E21, 488D91B7237C9FDEC56C70D9374C721A2F230821
2025-07-15 18:09:46.041, New Successor, 1310CA676570E3E69902AE9E8F0A939C39E6159B, 7BB3577E7F5595B494687818149EE168FEBC2C03
2025-07-15 18:09:46.185, New Successor, 1310CA676570E3E69902AE9E8F0A939C39E6159B, 7BB3577E7F5595B494687818149EE168FEBC2C03
2025-07-15 18:09:46.652, New Successor, 1310CA676570E3E69902AE9E8F0A939C39E6159B, 488D91B7237C9FDEC56C70D9374C721A2F230821
2025-07-15 18:09:52.083, New Successor, ADC0E723DF6E376068DC6BEFDD59C00882974E21, 1310CA676570E3E69902AE9E8F0A939C39E6159B
2025-07-15 18:10:17.429, New Successor, C6EEA59CE4CF611D37FA2777D94B23FB46252E13, 7BB3577E7F5595B494687818149EE168FEBC2C03
2025-07-15 18:10:17.574, New Successor, C6EEA59CE4CF611D37FA2777D94B23FB46252E13, 7BB3577E7F5595B494687818149EE168FEBC2C03
2025-07-15 18:10:18.041, New Successor, C6EEA59CE4CF611D37FA2777D94B23FB46252E13, 488D91B7237C9FDEC56C70D9374C721A2F230821
2025-07-15 18:10:18.316, New Successor, C6EEA59CE4CF611D37FA2777D94B23FB46252E13, 1310CA676570E3E69902AE9E8F0A939C39E6159B
2025-07-15 18:10:28.607, New Successor, ADC0E723DF6E376068DC6BEFDD59C00882974E21, C6EEA59CE4CF611D37FA2777D94B23FB46252E13
2025-07-15 18:23:13.813, New Successor, 7BB3577E7F5595B494687818149EE168FEBC2C03, 1310CA676570E3E69902AE9E8F0A939C39E6159B
2025-07-15 18:23:14.881, New Successor, 1310CA676570E3E69902AE9E8F0A939C39E6159B, 7BB3577E7F5595B494687818149EE168FEBC2C03
2025-07-15 18:23:25.857, New Successor, 7BB3577E7F5595B494687818149EE168FEBC2C03, 1310CA676570E3E69902AE9E8F0A939C39E6159B
2025-07-15 18:23:26.925, New Successor, 1310CA676570E3E69902AE9E8F0A939C39E6159B, 7BB3577E7F5595B494687818149EE168FEBC2C03
