2025-07-15 17:52:08.468, FindNode, 2e8d4685-d6b2-4385-9ae5-3ba59bb32121, 7BB3577E7F5595B494687818149EE168FEBC2C03, 7BC3577E7F5595B494687818149EE168FEBC2C03
2025-07-15 17:52:08.544, ReplyFindNode, 2e8d4685-d6b2-4385-9ae5-3ba59bb32121, 7BB3577E7F5595B494687818149EE168FEBC2C03, 7BB3577E7F5595B494687818149EE168FEBC2C03
2025-07-15 17:52:20.545, FindNode, 2bcd6a8b-9d8e-471d-ab5d-77fa1c4c57b8, 7BB3577E7F5595B494687818149EE168FEBC2C03, 7DB3577E7F5595B494687818149EE168FEBC2C03
2025-07-15 17:52:20.546, ReplyFindNode, 2bcd6a8b-9d8e-471d-ab5d-77fa1c4c57b8, 7BB3577E7F5595B494687818149EE168FEBC2C03, 7BB3577E7F5595B494687818149EE168FEBC2C03
2025-07-15 17:52:32.546, FindNode, 1729a1ed-940b-4e75-966e-21bf9d62622f, 7BB3577E7F5595B494687818149EE168FEBC2C03, 7BB357FE7F5595B494687818149EE168FEBC2C03
2025-07-15 17:52:32.547, ReplyFindNode, 1729a1ed-940b-4e75-966e-21bf9d62622f, 7BB3577E7F5595B494687818149EE168FEBC2C03, 7BB3577E7F5595B494687818149EE168FEBC2C03
2025-07-15 17:52:39.470, Join, 4f1dfda0-123e-4405-b3b7-6cfc95d6442b, 488D91B7237C9FDEC56C70D9374C721A2F230821
2025-07-15 17:52:39.963, FindNode, 5ae8cf50-a213-412b-bc28-c2e2ebc14785, 7BB3577E7F5595B494687818149EE168FEBC2C03, 488D91B7237C9FDEC56C70D9374C721A2F230821
2025-07-15 17:52:39.964, ReplyFindNode, 5ae8cf50-a213-412b-bc28-c2e2ebc14785, 7BB3577E7F5595B494687818149EE168FEBC2C03, 7BB3577E7F5595B494687818149EE168FEBC2C03
2025-07-15 17:52:40.364, FindNode, 839c00f3-ef1e-45a8-8924-76cec0c1cbb6, 488D91B7237C9FDEC56C70D9374C721A2F230821, 488D91B7237C9FDEC56C70D9374C721A2FA30821
2025-07-15 17:52:40.366, ReplyJoin, 4f1dfda0-123e-4405-b3b7-6cfc95d6442b
2025-07-15 17:52:40.374, ReplyFindNode, 839c00f3-ef1e-45a8-8924-76cec0c1cbb6, 488D91B7237C9FDEC56C70D9374C721A2F230821, 7BB3577E7F5595B494687818149EE168FEBC2C03
2025-07-15 17:52:44.547, FindNode, ffc25ad8-4bb4-4812-a0c0-eb261fce9774, 7BB3577E7F5595B494687818149EE168FEBC2C03, 7BB3577E7F5595B494687818149EE168FEBE2C03
2025-07-15 17:52:44.548, ReplyFindNode, ffc25ad8-4bb4-4812-a0c0-eb261fce9774, 7BB3577E7F5595B494687818149EE168FEBC2C03, 488D91B7237C9FDEC56C70D9374C721A2F230821
2025-07-15 17:52:52.375, FindNode, 839bb37c-f92c-4af7-9f70-9d4256dc2165, 488D91B7237C9FDEC56C70D9374C721A2F230821, 488D91B7237C9FDEC56C70D9374C723A2F230821
2025-07-15 17:52:52.376, ReplyFindNode, 839bb37c-f92c-4af7-9f70-9d4256dc2165, 488D91B7237C9FDEC56C70D9374C721A2F230821, 7BB3577E7F5595B494687818149EE168FEBC2C03
2025-07-15 17:52:56.548, FindNode, a7bbf1d1-f301-447f-ba44-01b507c4dedc, 7BB3577E7F5595B494687818149EE168FEBC2C03, 7BB3577E7F5595B494687818149EE168FEBCAC03
2025-07-15 17:52:56.549, ReplyFindNode, a7bbf1d1-f301-447f-ba44-01b507c4dedc, 7BB3577E7F5595B494687818149EE168FEBC2C03, 488D91B7237C9FDEC56C70D9374C721A2F230821
2025-07-15 17:53:04.377, FindNode, 616f97e8-51a5-41fa-b20a-8cb9289ddc32, 488D91B7237C9FDEC56C70D9374C721A2F230821, 488D91B7237C9FDEC56C70D9374C721C2F230821
2025-07-15 17:53:04.377, ReplyFindNode, 616f97e8-51a5-41fa-b20a-8cb9289ddc32, 488D91B7237C9FDEC56C70D9374C721A2F230821, 7BB3577E7F5595B494687818149EE168FEBC2C03
2025-07-15 17:53:08.549, FindNode, e7e02969-496a-47d5-bee6-df52d6ce53d4, 7BB3577E7F5595B494687818149EE168FEBC2C03, 7BB3677E7F5595B494687818149EE168FEBC2C03
2025-07-15 17:53:08.549, ReplyFindNode, e7e02969-496a-47d5-bee6-df52d6ce53d4, 7BB3577E7F5595B494687818149EE168FEBC2C03, 488D91B7237C9FDEC56C70D9374C721A2F230821
2025-07-15 17:53:10.659, Join, 84f77237-de16-4364-b792-0ecb63004673, ADC0E723DF6E376068DC6BEFDD59C00882974E21
2025-07-15 17:53:11.081, FindNode, b7f61ee9-e75f-4441-bd04-2da6a72ba3eb, 7BB3577E7F5595B494687818149EE168FEBC2C03, ADC0E723DF6E376068DC6BEFDD59C00882974E21
2025-07-15 17:53:11.081, ReplyFindNode, b7f61ee9-e75f-4441-bd04-2da6a72ba3eb, 7BB3577E7F5595B494687818149EE168FEBC2C03, 488D91B7237C9FDEC56C70D9374C721A2F230821
2025-07-15 17:53:11.879, FindNode, 405b5875-691a-48ed-bf70-4e05a2b6aa64, ADC0E723DF6E376068DC6BEFDD59C00882974E21, ADC0E723DF6E376068DC6BEFDD5DC00882974E21
2025-07-15 17:53:11.881, ReplyJoin, 84f77237-de16-4364-b792-0ecb63004673
2025-07-15 17:53:11.890, ReplyFindNode, 405b5875-691a-48ed-bf70-4e05a2b6aa64, ADC0E723DF6E376068DC6BEFDD59C00882974E21, 488D91B7237C9FDEC56C70D9374C721A2F230821
2025-07-15 17:53:16.377, FindNode, 22723cd4-6510-4084-bdb7-be58d5bc4f7a, 488D91B7237C9FDEC56C70D9374C721A2F230821, 488D91B7237C9FDEC56C70E9374C721A2F230821
2025-07-15 17:53:16.378, ReplyFindNode, 22723cd4-6510-4084-bdb7-be58d5bc4f7a, 488D91B7237C9FDEC56C70D9374C721A2F230821, 7BB3577E7F5595B494687818149EE168FEBC2C03
2025-07-15 17:53:20.550, FindNode, c78aa515-b20f-4abe-b3a1-c333974fbdfa, 7BB3577E7F5595B494687818149EE168FEBC2C03, 7BB3577E7F5595B49468781C149EE168FEBC2C03
2025-07-15 17:53:20.550, ReplyFindNode, c78aa515-b20f-4abe-b3a1-c333974fbdfa, 7BB3577E7F5595B494687818149EE168FEBC2C03, ADC0E723DF6E376068DC6BEFDD59C00882974E21
2025-07-15 17:53:23.891, FindNode, efec39bf-acb8-4071-89e8-71230ec82e59, ADC0E723DF6E376068DC6BEFDD59C00882974E21, ADC0E723DF6E376068DC6BEFDD59C00882B74E21
2025-07-15 17:53:23.891, ReplyFindNode, efec39bf-acb8-4071-89e8-71230ec82e59, ADC0E723DF6E376068DC6BEFDD59C00882974E21, 488D91B7237C9FDEC56C70D9374C721A2F230821
2025-07-15 17:53:28.379, FindNode, cbb74ddb-1465-4f2c-8bd0-dfbda166f4f3, 488D91B7237C9FDEC56C70D9374C721A2F230821, 488D91B7237C9FDEC56C7159374C721A2F230821
2025-07-15 17:53:28.379, ReplyFindNode, cbb74ddb-1465-4f2c-8bd0-dfbda166f4f3, 488D91B7237C9FDEC56C70D9374C721A2F230821, 7BB3577E7F5595B494687818149EE168FEBC2C03
2025-07-15 17:53:32.551, FindNode, e7c8fc44-2551-46b1-baa3-6782b20851ab, 7BB3577E7F5595B494687818149EE168FEBC2C03, 7BB7577E7F5595B494687818149EE168FEBC2C03
2025-07-15 17:53:32.551, ReplyFindNode, e7c8fc44-2551-46b1-baa3-6782b20851ab, 7BB3577E7F5595B494687818149EE168FEBC2C03, ADC0E723DF6E376068DC6BEFDD59C00882974E21
2025-07-15 17:53:35.892, FindNode, 848d8d9f-fb5a-46db-bb5f-ce7cde0461e4, ADC0E723DF6E376068DC6BEFDD59C00882974E21, ADC0E723DF6E376068DC6BEFDD59C08882974E21
2025-07-15 17:53:35.892, ReplyFindNode, 848d8d9f-fb5a-46db-bb5f-ce7cde0461e4, ADC0E723DF6E376068DC6BEFDD59C00882974E21, 488D91B7237C9FDEC56C70D9374C721A2F230821
2025-07-15 17:53:40.380, FindNode, 7d1b5bea-3a8d-4cef-b220-f2d5eb8448d7, 488D91B7237C9FDEC56C70D9374C721A2F230821, 488D91B7237C9FDEC56C70D9375C721A2F230821
2025-07-15 17:53:40.380, ReplyFindNode, 7d1b5bea-3a8d-4cef-b220-f2d5eb8448d7, 488D91B7237C9FDEC56C70D9374C721A2F230821, 7BB3577E7F5595B494687818149EE168FEBC2C03
2025-07-15 17:53:41.583, StartStableRegimen
2025-07-15 17:53:44.552, FindNode, 9fe9960e-5e7f-455f-8acb-6c59a088cc84, 7BB3577E7F5595B494687818149EE168FEBC2C03, 7BB3577E7F5595B494707818149EE168FEBC2C03
2025-07-15 17:53:44.552, ReplyFindNode, 9fe9960e-5e7f-455f-8acb-6c59a088cc84, 7BB3577E7F5595B494687818149EE168FEBC2C03, ADC0E723DF6E376068DC6BEFDD59C00882974E21
2025-07-15 17:53:47.893, FindNode, 89bd305a-d795-4864-94ac-89ee33d11baa, ADC0E723DF6E376068DC6BEFDD59C00882974E21, ADC0E723DF6E376068DC6BEFDE59C00882974E21
2025-07-15 17:53:47.893, ReplyFindNode, 89bd305a-d795-4864-94ac-89ee33d11baa, ADC0E723DF6E376068DC6BEFDD59C00882974E21, 488D91B7237C9FDEC56C70D9374C721A2F230821
2025-07-15 17:53:52.381, FindNode, 2eb455af-5294-4261-b607-8effdfac1e36, 488D91B7237C9FDEC56C70D9374C721A2F230821, 488D91B7237C9FDEC58C70D9374C721A2F230821
2025-07-15 17:53:52.381, ReplyFindNode, 2eb455af-5294-4261-b607-8effdfac1e36, 488D91B7237C9FDEC56C70D9374C721A2F230821, 7BB3577E7F5595B494687818149EE168FEBC2C03
2025-07-15 17:53:56.552, FindNode, dfd076d0-5723-494f-9ed2-9cb73b3ba97c, 7BB3577E7F5595B494687818149EE168FEBC2C03, 7BB3577E7F9595B494687818149EE168FEBC2C03
2025-07-15 17:53:56.553, ReplyFindNode, dfd076d0-5723-494f-9ed2-9cb73b3ba97c, 7BB3577E7F5595B494687818149EE168FEBC2C03, ADC0E723DF6E376068DC6BEFDD59C00882974E21
2025-07-15 17:53:59.894, FindNode, 64a14fcc-7cff-4ab0-92fb-50bab26d31c1, ADC0E723DF6E376068DC6BEFDD59C00882974E21, ADC4E723DF6E376068DC6BEFDD59C00882974E21
2025-07-15 17:53:59.894, ReplyFindNode, 64a14fcc-7cff-4ab0-92fb-50bab26d31c1, ADC0E723DF6E376068DC6BEFDD59C00882974E21, 488D91B7237C9FDEC56C70D9374C721A2F230821
2025-07-15 17:54:04.381, FindNode, 9ee08fd3-0a2a-499c-975b-67496efe3c98, 488D91B7237C9FDEC56C70D9374C721A2F230821, 488D91B7237C9FDEC56C70D9374E721A2F230821
2025-07-15 17:54:04.382, ReplyFindNode, 9ee08fd3-0a2a-499c-975b-67496efe3c98, 488D91B7237C9FDEC56C70D9374C721A2F230821, 7BB3577E7F5595B494687818149EE168FEBC2C03
2025-07-15 17:54:08.553, FindNode, b02ba5db-40e5-4228-8ff3-dbc3550326f5, 7BB3577E7F5595B494687818149EE168FEBC2C03, 7BB3577E7F6595B494687818149EE168FEBC2C03
2025-07-15 17:54:08.554, ReplyFindNode, b02ba5db-40e5-4228-8ff3-dbc3550326f5, 7BB3577E7F5595B494687818149EE168FEBC2C03, ADC0E723DF6E376068DC6BEFDD59C00882974E21
2025-07-15 17:54:11.895, FindNode, b311afa0-b9f7-400d-a1e4-213219ee4209, ADC0E723DF6E376068DC6BEFDD59C00882974E21, ADC0E723DF6E376068DC6BF0DD59C00882974E21
2025-07-15 17:54:11.895, ReplyFindNode, b311afa0-b9f7-400d-a1e4-213219ee4209, ADC0E723DF6E376068DC6BEFDD59C00882974E21, 488D91B7237C9FDEC56C70D9374C721A2F230821
2025-07-15 17:54:16.382, FindNode, 16eaebc2-752c-47c5-aad6-9723185271e9, 488D91B7237C9FDEC56C70D9374C721A2F230821, 488D91B7237C9FDEC56C70D9374C7A1A2F230821
2025-07-15 17:54:16.383, ReplyFindNode, 16eaebc2-752c-47c5-aad6-9723185271e9, 488D91B7237C9FDEC56C70D9374C721A2F230821, 7BB3577E7F5595B494687818149EE168FEBC2C03
2025-07-15 17:54:20.554, FindNode, 1ef80a98-73af-4a2d-a50e-208fb5225ffe, 7BB3577E7F5595B494687818149EE168FEBC2C03, 7BB3677E7F5595B494687818149EE168FEBC2C03
2025-07-15 17:54:20.554, ReplyFindNode, 1ef80a98-73af-4a2d-a50e-208fb5225ffe, 7BB3577E7F5595B494687818149EE168FEBC2C03, ADC0E723DF6E376068DC6BEFDD59C00882974E21
2025-07-15 17:54:23.895, FindNode, 1f1e0e29-278d-4524-8cfe-2e080c3053a6, ADC0E723DF6E376068DC6BEFDD59C00882974E21, ADC2E723DF6E376068DC6BEFDD59C00882974E21
2025-07-15 17:54:23.896, ReplyFindNode, 1f1e0e29-278d-4524-8cfe-2e080c3053a6, ADC0E723DF6E376068DC6BEFDD59C00882974E21, 488D91B7237C9FDEC56C70D9374C721A2F230821
2025-07-15 17:54:28.383, FindNode, 8e6c10bf-2465-48e1-af2d-118bf80f2034, 488D91B7237C9FDEC56C70D9374C721A2F230821, 488D91B723849FDEC56C70D9374C721A2F230821
2025-07-15 17:54:28.384, ReplyFindNode, 8e6c10bf-2465-48e1-af2d-118bf80f2034, 488D91B7237C9FDEC56C70D9374C721A2F230821, 7BB3577E7F5595B494687818149EE168FEBC2C03
2025-07-15 17:54:32.555, FindNode, abc7e813-a86a-4e39-a10f-13d3fe989da7, 7BB3577E7F5595B494687818149EE168FEBC2C03, 7BB3577E7F5595B494687818149EE568FEBC2C03
2025-07-15 17:54:32.555, ReplyFindNode, abc7e813-a86a-4e39-a10f-13d3fe989da7, 7BB3577E7F5595B494687818149EE168FEBC2C03, ADC0E723DF6E376068DC6BEFDD59C00882974E21
2025-07-15 17:54:35.896, FindNode, 0c52f9e3-8361-43e5-959c-de0c965ae66a, ADC0E723DF6E376068DC6BEFDD59C00882974E21, ADC0E723DF6E376068DC6BEFDD5A000882974E21
2025-07-15 17:54:35.897, ReplyFindNode, 0c52f9e3-8361-43e5-959c-de0c965ae66a, ADC0E723DF6E376068DC6BEFDD59C00882974E21, 488D91B7237C9FDEC56C70D9374C721A2F230821
2025-07-15 17:54:40.384, FindNode, 2c14d96c-5b9f-42d7-8014-0d6117b2c536, 488D91B7237C9FDEC56C70D9374C721A2F230821, 488D91B7237C9FDEC56C70D9374C721C2F230821
2025-07-15 17:54:40.385, ReplyFindNode, 2c14d96c-5b9f-42d7-8014-0d6117b2c536, 488D91B7237C9FDEC56C70D9374C721A2F230821, 7BB3577E7F5595B494687818149EE168FEBC2C03
2025-07-15 17:54:42.284, StartReadWriteRegimen
2025-07-15 17:54:42.863, Lookup, 9d52f350-8bb4-475b-bf81-add3d36fd6c5, ADC0E723DF6E376068DC6BEFDD59C00882974E21, 623451B1C32F4EAF28A948346B38E0C435C9B941
2025-07-15 17:54:42.913, FindNode, dc1e720b-94e6-4bb3-804f-f075a8645b9f, 488D91B7237C9FDEC56C70D9374C721A2F230821, 623451B1C32F4EAF28A948346B38E0C435C9B941
2025-07-15 17:54:42.913, ReplyFindNode, dc1e720b-94e6-4bb3-804f-f075a8645b9f, 488D91B7237C9FDEC56C70D9374C721A2F230821, 7BB3577E7F5595B494687818149EE168FEBC2C03
2025-07-15 17:54:43.133, ReplyLookup, 9d52f350-8bb4-475b-bf81-add3d36fd6c5, 488D91B7237C9FDEC56C70D9374C721A2F230821,
2025-07-15 17:54:43.376, Lookup, e9123650-ffec-4660-98ee-1b1fe6e5045d, 488D91B7237C9FDEC56C70D9374C721A2F230821, CBA409FE9BE57AC094BAA16FFE3B518CA8EAB1AD
2025-07-15 17:54:43.379, FindNode, 668ed610-96a6-482a-b3f7-a1fee6ea959c, ADC0E723DF6E376068DC6BEFDD59C00882974E21, CBA409FE9BE57AC094BAA16FFE3B518CA8EAB1AD
2025-07-15 17:54:43.380, ReplyFindNode, 668ed610-96a6-482a-b3f7-a1fee6ea959c, ADC0E723DF6E376068DC6BEFDD59C00882974E21, 488D91B7237C9FDEC56C70D9374C721A2F230821
2025-07-15 17:54:43.585, ReplyLookup, e9123650-ffec-4660-98ee-1b1fe6e5045d, ADC0E723DF6E376068DC6BEFDD59C00882974E21,
2025-07-15 17:54:43.875, Store, 5eda4166-faf7-4c28-b693-58a8080be763, 7BB3577E7F5595B494687818149EE168FEBC2C03, 8C1E5403FD8A45BBECB50ED48E66CE309B51C285, 44E65DC814999576EFB356FC593C6BA788A52070
2025-07-15 17:54:43.944, ReplyStore, 5eda4166-faf7-4c28-b693-58a8080be763, ADC0E723DF6E376068DC6BEFDD59C00882974E21
2025-07-15 17:54:44.556, FindNode, 81296f1c-07c3-48a8-9fae-3dbcf9f14dfc, 7BB3577E7F5595B494687818149EE168FEBC2C03, 7BB3577E7F5595B494687818149EE168FEC02C03
2025-07-15 17:54:44.556, ReplyFindNode, 81296f1c-07c3-48a8-9fae-3dbcf9f14dfc, 7BB3577E7F5595B494687818149EE168FEBC2C03, ADC0E723DF6E376068DC6BEFDD59C00882974E21
2025-07-15 17:54:47.897, FindNode, bf2f414c-b3f0-4e14-98c5-763ea19ef85a, ADC0E723DF6E376068DC6BEFDD59C00882974E21, ADC0E723DF6E376068DC6BEFDD61C00882974E21
2025-07-15 17:54:47.897, ReplyFindNode, bf2f414c-b3f0-4e14-98c5-763ea19ef85a, ADC0E723DF6E376068DC6BEFDD59C00882974E21, 488D91B7237C9FDEC56C70D9374C721A2F230821
2025-07-15 17:54:52.386, FindNode, 3049c907-e471-4433-ab80-f558a351f1c4, 488D91B7237C9FDEC56C70D9374C721A2F230821, 488D91B7237C9FDEC56C70D9474C721A2F230821
2025-07-15 17:54:52.386, ReplyFindNode, 3049c907-e471-4433-ab80-f558a351f1c4, 488D91B7237C9FDEC56C70D9374C721A2F230821, 7BB3577E7F5595B494687818149EE168FEBC2C03
2025-07-15 17:54:56.556, FindNode, 667ffbee-1d3d-4a15-931e-1ff956c1304c, 7BB3577E7F5595B494687818149EE168FEBC2C03, 7BB3577E7F5595B514687818149EE168FEBC2C03
2025-07-15 17:54:56.557, ReplyFindNode, 667ffbee-1d3d-4a15-931e-1ff956c1304c, 7BB3577E7F5595B494687818149EE168FEBC2C03, ADC0E723DF6E376068DC6BEFDD59C00882974E21
2025-07-15 17:54:57.861, Store, dc989a9a-d7f2-4e7c-9119-5aeef3319b25, ADC0E723DF6E376068DC6BEFDD59C00882974E21, E9C37BEEF51AAC584CB600E7D83DC7410DC57FBC, 7A320980AE11BB283ACC7735052FFFA99DD52EB4
2025-07-15 17:54:57.917, ReplyStore, dc989a9a-d7f2-4e7c-9119-5aeef3319b25, 488D91B7237C9FDEC56C70D9374C721A2F230821
2025-07-15 17:54:58.375, Lookup, 28389f8b-8883-41e0-b6c3-dc299273fdb0, 488D91B7237C9FDEC56C70D9374C721A2F230821, 084C92B05146C206856D5BD6B710423B147C02BE
2025-07-15 17:54:58.421, FindNode, 4c39e44f-108b-4ccc-936f-bff8180acade, ADC0E723DF6E376068DC6BEFDD59C00882974E21, 084C92B05146C206856D5BD6B710423B147C02BE
2025-07-15 17:54:58.421, ReplyFindNode, 4c39e44f-108b-4ccc-936f-bff8180acade, ADC0E723DF6E376068DC6BEFDD59C00882974E21, 488D91B7237C9FDEC56C70D9374C721A2F230821
2025-07-15 17:54:58.596, ReplyLookup, 28389f8b-8883-41e0-b6c3-dc299273fdb0, ADC0E723DF6E376068DC6BEFDD59C00882974E21,
2025-07-15 17:54:58.872, Store, dc6f24c4-edd1-46a2-9008-b2a18674429a, 7BB3577E7F5595B494687818149EE168FEBC2C03, 6482183064C6312DE3FC14FE912062CC67103876, 211E69D0731F68DE798C256BE7F9304533D57B87
2025-07-15 17:54:58.917, FindNode, 987b1802-7094-49eb-9076-8985ffe92d98, 488D91B7237C9FDEC56C70D9374C721A2F230821, 6482183064C6312DE3FC14FE912062CC67103876
2025-07-15 17:54:58.917, ReplyFindNode, 987b1802-7094-49eb-9076-8985ffe92d98, 488D91B7237C9FDEC56C70D9374C721A2F230821, 7BB3577E7F5595B494687818149EE168FEBC2C03
2025-07-15 17:54:59.012, ReplyStore, dc6f24c4-edd1-46a2-9008-b2a18674429a, 488D91B7237C9FDEC56C70D9374C721A2F230821
2025-07-15 17:54:59.898, FindNode, a769abf6-2d22-47b3-9bbc-236c318d8b93, ADC0E723DF6E376068DC6BEFDD59C00882974E21, ADC0E723DF6E376068DC6BEFDD59C00982974E21
2025-07-15 17:54:59.898, ReplyFindNode, a769abf6-2d22-47b3-9bbc-236c318d8b93, ADC0E723DF6E376068DC6BEFDD59C00882974E21, 488D91B7237C9FDEC56C70D9374C721A2F230821
2025-07-15 17:55:04.387, FindNode, c6133ef4-d70e-4f5d-aea7-d682a6cc7d4d, 488D91B7237C9FDEC56C70D9374C721A2F230821, 488D91B7237CA05EC56C70D9374C721A2F230821
2025-07-15 17:55:04.387, ReplyFindNode, c6133ef4-d70e-4f5d-aea7-d682a6cc7d4d, 488D91B7237C9FDEC56C70D9374C721A2F230821, 7BB3577E7F5595B494687818149EE168FEBC2C03
2025-07-15 17:55:08.557, FindNode, e9b78240-7006-41d7-abc6-67819440dfdd, 7BB3577E7F5595B494687818149EE168FEBC2C03, 7FB3577E7F5595B494687818149EE168FEBC2C03
2025-07-15 17:55:08.557, ReplyFindNode, e9b78240-7006-41d7-abc6-67819440dfdd, 7BB3577E7F5595B494687818149EE168FEBC2C03, ADC0E723DF6E376068DC6BEFDD59C00882974E21
2025-07-15 17:55:11.899, FindNode, c2046c25-f371-4762-8e91-6b214c0fb928, ADC0E723DF6E376068DC6BEFDD59C00882974E21, ADC0E723DF6F376068DC6BEFDD59C00882974E21
2025-07-15 17:55:11.899, ReplyFindNode, c2046c25-f371-4762-8e91-6b214c0fb928, ADC0E723DF6E376068DC6BEFDD59C00882974E21, 488D91B7237C9FDEC56C70D9374C721A2F230821
2025-07-15 17:55:12.862, Remove, f55700dc-fef2-4f13-be02-ea4ebfc840c6, ADC0E723DF6E376068DC6BEFDD59C00882974E21, E9C37BEEF51AAC584CB600E7D83DC7410DC57FBC, 7A320980AE11BB283ACC7735052FFFA99DD52EB4
2025-07-15 17:55:12.908, ReplyRemove, f55700dc-fef2-4f13-be02-ea4ebfc840c6, 488D91B7237C9FDEC56C70D9374C721A2F230821
2025-07-15 17:55:13.375, Lookup, ac477129-7424-4f55-82fe-beeabe8f94ac, 488D91B7237C9FDEC56C70D9374C721A2F230821, 524377CDE8725AC0D2731F7427E2BA0C75991BCC
2025-07-15 17:55:13.422, ReplyLookup, ac477129-7424-4f55-82fe-beeabe8f94ac, 7BB3577E7F5595B494687818149EE168FEBC2C03,
2025-07-15 17:55:13.873, Store, adfc5e26-e5a2-440c-bd4d-ae2fc755170c, 7BB3577E7F5595B494687818149EE168FEBC2C03, 0D72C8E05CBB0A1D1B6071D976C5CDA18D1A124C, 7DEB9A3C72639C3BE93B85AE69F74D98F0EF5558
2025-07-15 17:55:13.917, FindNode, 21177464-0a3b-4120-9fec-f4e77085d7da, ADC0E723DF6E376068DC6BEFDD59C00882974E21, 0D72C8E05CBB0A1D1B6071D976C5CDA18D1A124C
2025-07-15 17:55:13.917, ReplyFindNode, 21177464-0a3b-4120-9fec-f4e77085d7da, ADC0E723DF6E376068DC6BEFDD59C00882974E21, 488D91B7237C9FDEC56C70D9374C721A2F230821
2025-07-15 17:55:14.008, ReplyStore, adfc5e26-e5a2-440c-bd4d-ae2fc755170c, ADC0E723DF6E376068DC6BEFDD59C00882974E21
2025-07-15 17:55:16.388, FindNode, 69b12ba0-ada2-4ca5-be32-687a445499bc, 488D91B7237C9FDEC56C70D9374C721A2F230821, 488D91B7237C9FDEC56CB0D9374C721A2F230821
2025-07-15 17:55:16.388, ReplyFindNode, 69b12ba0-ada2-4ca5-be32-687a445499bc, 488D91B7237C9FDEC56C70D9374C721A2F230821, 7BB3577E7F5595B494687818149EE168FEBC2C03
2025-07-15 17:55:20.558, FindNode, 20a18cfa-a288-45b0-83e3-34b504266404, 7BB3577E7F5595B494687818149EE168FEBC2C03, 7BB3577E835595B494687818149EE168FEBC2C03
2025-07-15 17:55:20.558, ReplyFindNode, 20a18cfa-a288-45b0-83e3-34b504266404, 7BB3577E7F5595B494687818149EE168FEBC2C03, ADC0E723DF6E376068DC6BEFDD59C00882974E21
2025-07-15 17:55:23.899, FindNode, 1379a658-5521-492b-91c4-c750fc9344f1, ADC0E723DF6E376068DC6BEFDD59C00882974E21, ADC0E723DF8E376068DC6BEFDD59C00882974E21
2025-07-15 17:55:23.900, ReplyFindNode, 1379a658-5521-492b-91c4-c750fc9344f1, ADC0E723DF6E376068DC6BEFDD59C00882974E21, 488D91B7237C9FDEC56C70D9374C721A2F230821
2025-07-15 17:55:27.861, Store, f044ff36-a862-4fef-80b3-54e8c6f2dae9, ADC0E723DF6E376068DC6BEFDD59C00882974E21, 00BF75C0771FE5C00E4E21973BCFD90CDFBF8992, 4872D52F470A9C7E0B66D0A4062715D07BBF24C0
2025-07-15 17:55:27.908, ReplyStore, f044ff36-a862-4fef-80b3-54e8c6f2dae9, 488D91B7237C9FDEC56C70D9374C721A2F230821
2025-07-15 17:55:28.376, Store, e865cc98-2936-4550-9044-44d939fd0190, 488D91B7237C9FDEC56C70D9374C721A2F230821, 20A5461E257D93E9FCBFB4F19F2A9243AFEE918C, B4841A6CFF87141380778AF4406DCD14D736B6E1
2025-07-15 17:55:28.388, FindNode, a40f3094-95ed-4dec-9b79-6f9852118987, 488D91B7237C9FDEC56C70D9374C721A2F230821, 488D91B7237C9FDEC56C70D9374C721A2F238821
2025-07-15 17:55:28.389, ReplyFindNode, a40f3094-95ed-4dec-9b79-6f9852118987, 488D91B7237C9FDEC56C70D9374C721A2F230821, 7BB3577E7F5595B494687818149EE168FEBC2C03
2025-07-15 17:55:28.428, FindNode, 55d7ba38-d5c0-431b-813a-d579ac2c75e5, ADC0E723DF6E376068DC6BEFDD59C00882974E21, 20A5461E257D93E9FCBFB4F19F2A9243AFEE918C
2025-07-15 17:55:28.429, ReplyFindNode, 55d7ba38-d5c0-431b-813a-d579ac2c75e5, ADC0E723DF6E376068DC6BEFDD59C00882974E21, 488D91B7237C9FDEC56C70D9374C721A2F230821
2025-07-15 17:55:28.525, ReplyStore, e865cc98-2936-4550-9044-44d939fd0190, ADC0E723DF6E376068DC6BEFDD59C00882974E21
2025-07-15 17:55:28.874, Lookup, d33d62e8-9fba-471a-8d5e-6e52c0038d29, 7BB3577E7F5595B494687818149EE168FEBC2C03, 6482183064C6312DE3FC14FE912062CC67103876
2025-07-15 17:55:28.917, FindNode, 06845b76-bccd-4247-a027-d887acbdc359, 488D91B7237C9FDEC56C70D9374C721A2F230821, 6482183064C6312DE3FC14FE912062CC67103876
2025-07-15 17:55:28.917, ReplyFindNode, 06845b76-bccd-4247-a027-d887acbdc359, 488D91B7237C9FDEC56C70D9374C721A2F230821, 7BB3577E7F5595B494687818149EE168FEBC2C03
2025-07-15 17:55:29.093, ReplyLookup, d33d62e8-9fba-471a-8d5e-6e52c0038d29, 488D91B7237C9FDEC56C70D9374C721A2F230821, 211E69D0731F68DE798C256BE7F9304533D57B87
2025-07-15 17:55:32.559, FindNode, b9ca4634-747a-4092-b828-a75f4b4fa583, 7BB3577E7F5595B494687818149EE168FEBC2C03, 7BB3577E7F5595BC94687818149EE168FEBC2C03
2025-07-15 17:55:32.559, ReplyFindNode, b9ca4634-747a-4092-b828-a75f4b4fa583, 7BB3577E7F5595B494687818149EE168FEBC2C03, ADC0E723DF6E376068DC6BEFDD59C00882974E21
2025-07-15 17:55:35.900, FindNode, 35bc64c8-9725-418c-a82d-8b8f278c1759, ADC0E723DF6E376068DC6BEFDD59C00882974E21, ADC0E723DF6E37606ADC6BEFDD59C00882974E21
2025-07-15 17:55:35.900, ReplyFindNode, 35bc64c8-9725-418c-a82d-8b8f278c1759, ADC0E723DF6E376068DC6BEFDD59C00882974E21, 488D91B7237C9FDEC56C70D9374C721A2F230821
2025-07-15 17:55:40.389, FindNode, 8236ea67-b136-4ffa-a0aa-bddad06a5b98, 488D91B7237C9FDEC56C70D9374C721A2F230821, 488D91B7237C9FDEC56CB0D9374C721A2F230821
2025-07-15 17:55:40.390, ReplyFindNode, 8236ea67-b136-4ffa-a0aa-bddad06a5b98, 488D91B7237C9FDEC56C70D9374C721A2F230821, 7BB3577E7F5595B494687818149EE168FEBC2C03
2025-07-15 17:55:42.862, Remove, e1e15ad1-ee3f-4d78-83e0-6e4007b72172, ADC0E723DF6E376068DC6BEFDD59C00882974E21, 00BF75C0771FE5C00E4E21973BCFD90CDFBF8992, 4872D52F470A9C7E0B66D0A4062715D07BBF24C0
2025-07-15 17:55:42.864, ReplyRemove, e1e15ad1-ee3f-4d78-83e0-6e4007b72172, 488D91B7237C9FDEC56C70D9374C721A2F230821
2025-07-15 17:55:43.376, Store, 1c9c02c1-5073-49a4-8abd-987fa96ac93a, 488D91B7237C9FDEC56C70D9374C721A2F230821, 4972B78B75E1FBE7528F0BCC0C7B0CF7E0E6BB0B, CD80598EC517EAE9A358EDA9FD94A445051EF53F
2025-07-15 17:55:43.420, ReplyStore, 1c9c02c1-5073-49a4-8abd-987fa96ac93a, 7BB3577E7F5595B494687818149EE168FEBC2C03
2025-07-15 17:55:43.874, Lookup, 6de94442-258e-4e64-80df-b2b1d7f6f6d7, 7BB3577E7F5595B494687818149EE168FEBC2C03, E30B2DA212DBA96C958944E3E09107C4A46BFE85
2025-07-15 17:55:43.917, FindNode, 38da2194-bb2b-44c2-bdcc-ab268bbef737, ADC0E723DF6E376068DC6BEFDD59C00882974E21, E30B2DA212DBA96C958944E3E09107C4A46BFE85
2025-07-15 17:55:43.917, ReplyFindNode, 38da2194-bb2b-44c2-bdcc-ab268bbef737, ADC0E723DF6E376068DC6BEFDD59C00882974E21, 488D91B7237C9FDEC56C70D9374C721A2F230821
2025-07-15 17:55:44.092, ReplyLookup, 6de94442-258e-4e64-80df-b2b1d7f6f6d7, ADC0E723DF6E376068DC6BEFDD59C00882974E21,
2025-07-15 17:55:44.559, FindNode, 2c380fc1-7b50-4f5d-b99c-36c9494ae3a2, 7BB3577E7F5595B494687818149EE168FEBC2C03, 7BBB577E7F5595B494687818149EE168FEBC2C03
2025-07-15 17:55:44.560, ReplyFindNode, 2c380fc1-7b50-4f5d-b99c-36c9494ae3a2, 7BB3577E7F5595B494687818149EE168FEBC2C03, ADC0E723DF6E376068DC6BEFDD59C00882974E21
2025-07-15 17:55:47.901, FindNode, a9d295be-0464-4e54-ba55-36a95677334d, ADC0E723DF6E376068DC6BEFDD59C00882974E21, ADC0E723DF6E376068DC6BEFDD59C08882974E21
2025-07-15 17:55:47.901, ReplyFindNode, a9d295be-0464-4e54-ba55-36a95677334d, ADC0E723DF6E376068DC6BEFDD59C00882974E21, 488D91B7237C9FDEC56C70D9374C721A2F230821
2025-07-15 17:55:52.390, FindNode, c2ccd60d-bc94-4c0c-9cfe-5eb9ae546f11, 488D91B7237C9FDEC56C70D9374C721A2F230821, 488D93B7237C9FDEC56C70D9374C721A2F230821
2025-07-15 17:55:52.391, ReplyFindNode, c2ccd60d-bc94-4c0c-9cfe-5eb9ae546f11, 488D91B7237C9FDEC56C70D9374C721A2F230821, 7BB3577E7F5595B494687818149EE168FEBC2C03
2025-07-15 17:55:56.560, FindNode, fb546896-74ec-4b61-bca4-af41e0b7815b, 7BB3577E7F5595B494687818149EE168FEBC2C03, 7BB3577E7F5595B494687818149F2168FEBC2C03
2025-07-15 17:55:56.560, ReplyFindNode, fb546896-74ec-4b61-bca4-af41e0b7815b, 7BB3577E7F5595B494687818149EE168FEBC2C03, ADC0E723DF6E376068DC6BEFDD59C00882974E21
2025-07-15 17:55:57.862, Lookup, 791b3178-0c50-4858-b6e3-df77101bdb7c, ADC0E723DF6E376068DC6BEFDD59C00882974E21, 1A34561D16C8A240E962A8310514CE6213F86899
2025-07-15 17:55:57.905, ReplyLookup, 791b3178-0c50-4858-b6e3-df77101bdb7c, 488D91B7237C9FDEC56C70D9374C721A2F230821,
2025-07-15 17:55:58.376, Lookup, 17604124-6a49-4cdc-a3bd-5d7c44fd21e4, 488D91B7237C9FDEC56C70D9374C721A2F230821, DB0B4002144BE3AF077D960E607619CB36897DBF
2025-07-15 17:55:58.420, FindNode, e81fb422-de19-4ca5-8743-9696a605763d, ADC0E723DF6E376068DC6BEFDD59C00882974E21, DB0B4002144BE3AF077D960E607619CB36897DBF
2025-07-15 17:55:58.421, ReplyFindNode, e81fb422-de19-4ca5-8743-9696a605763d, ADC0E723DF6E376068DC6BEFDD59C00882974E21, 488D91B7237C9FDEC56C70D9374C721A2F230821
2025-07-15 17:55:58.596, ReplyLookup, 17604124-6a49-4cdc-a3bd-5d7c44fd21e4, ADC0E723DF6E376068DC6BEFDD59C00882974E21,
2025-07-15 17:55:58.874, Lookup, 5c8638e1-a6c0-4c21-ad46-dffab9a15ca1, 7BB3577E7F5595B494687818149EE168FEBC2C03, D909219BBFB971BF485F85732D86097E4B8050BC
2025-07-15 17:55:58.916, FindNode, 173ef95d-c3a6-4d2e-a1dc-323536e7905d, ADC0E723DF6E376068DC6BEFDD59C00882974E21, D909219BBFB971BF485F85732D86097E4B8050BC
2025-07-15 17:55:58.917, ReplyFindNode, 173ef95d-c3a6-4d2e-a1dc-323536e7905d, ADC0E723DF6E376068DC6BEFDD59C00882974E21, 488D91B7237C9FDEC56C70D9374C721A2F230821
2025-07-15 17:55:59.048, ReplyLookup, 5c8638e1-a6c0-4c21-ad46-dffab9a15ca1, ADC0E723DF6E376068DC6BEFDD59C00882974E21,
2025-07-15 17:55:59.902, FindNode, a70e6a47-995f-4fa7-97c8-eb4788e7def6, ADC0E723DF6E376068DC6BEFDD59C00882974E21, ADC0E723DF6E376068DC73EFDD59C00882974E21
2025-07-15 17:55:59.902, ReplyFindNode, a70e6a47-995f-4fa7-97c8-eb4788e7def6, ADC0E723DF6E376068DC6BEFDD59C00882974E21, 488D91B7237C9FDEC56C70D9374C721A2F230821
2025-07-15 17:56:04.391, FindNode, 36b6b278-d9c4-4a3b-b16c-ee1f00c69790, 488D91B7237C9FDEC56C70D9374C721A2F230821, 488D91B72B7C9FDEC56C70D9374C721A2F230821
2025-07-15 17:56:04.392, ReplyFindNode, 36b6b278-d9c4-4a3b-b16c-ee1f00c69790, 488D91B7237C9FDEC56C70D9374C721A2F230821, 7BB3577E7F5595B494687818149EE168FEBC2C03
2025-07-15 17:56:08.561, FindNode, 9b699866-f54d-47d4-8f3e-d31d73a25f1a, 7BB3577E7F5595B494687818149EE168FEBC2C03, 7BB3577E7F5595B494687818159EE168FEBC2C03
2025-07-15 17:56:08.561, ReplyFindNode, 9b699866-f54d-47d4-8f3e-d31d73a25f1a, 7BB3577E7F5595B494687818149EE168FEBC2C03, ADC0E723DF6E376068DC6BEFDD59C00882974E21
2025-07-15 17:56:11.902, FindNode, a1f29c42-35d3-4dce-9466-69819b11101e, ADC0E723DF6E376068DC6BEFDD59C00882974E21, ADC0E723DF6E376068DC6BEFDD59C00882B74E21
2025-07-15 17:56:11.903, ReplyFindNode, a1f29c42-35d3-4dce-9466-69819b11101e, ADC0E723DF6E376068DC6BEFDD59C00882974E21, 488D91B7237C9FDEC56C70D9374C721A2F230821
2025-07-15 17:56:12.862, Store, 3d8d2f93-6d90-4ed8-8617-f9c62a5e1e7a, ADC0E723DF6E376068DC6BEFDD59C00882974E21, 46970298B7C49635134908446D6DD59B87AFD76A, 8E8E7481FC021BB47B823DDD87C38EB180994263
2025-07-15 17:56:12.864, ReplyStore, 3d8d2f93-6d90-4ed8-8617-f9c62a5e1e7a, 488D91B7237C9FDEC56C70D9374C721A2F230821
2025-07-15 17:56:13.376, Lookup, 0849aae5-3418-4690-ae87-a5cdb877c6ef, 488D91B7237C9FDEC56C70D9374C721A2F230821, 20A5461E257D93E9FCBFB4F19F2A9243AFEE918C
2025-07-15 17:56:13.420, FindNode, d877931d-821d-430f-93de-9b78f8617f2d, ADC0E723DF6E376068DC6BEFDD59C00882974E21, 20A5461E257D93E9FCBFB4F19F2A9243AFEE918C
2025-07-15 17:56:13.421, ReplyFindNode, d877931d-821d-430f-93de-9b78f8617f2d, ADC0E723DF6E376068DC6BEFDD59C00882974E21, 488D91B7237C9FDEC56C70D9374C721A2F230821
2025-07-15 17:56:13.597, ReplyLookup, 0849aae5-3418-4690-ae87-a5cdb877c6ef, ADC0E723DF6E376068DC6BEFDD59C00882974E21, B4841A6CFF87141380778AF4406DCD14D736B6E1
2025-07-15 17:56:13.875, Lookup, d1efd842-d07b-4b70-8b75-4649f5e92d57, 7BB3577E7F5595B494687818149EE168FEBC2C03, A565259DBFCFE6D40D4D8FCAB1AAE55845015F69
2025-07-15 17:56:13.917, ReplyLookup, d1efd842-d07b-4b70-8b75-4649f5e92d57, ADC0E723DF6E376068DC6BEFDD59C00882974E21,
2025-07-15 17:56:16.392, FindNode, 73f6a115-68eb-4cce-b206-c819b5245537, 488D91B7237C9FDEC56C70D9374C721A2F230821, 488D91B7237C9FDEC56C70D9374C721A6F230821
2025-07-15 17:56:16.393, ReplyFindNode, 73f6a115-68eb-4cce-b206-c819b5245537, 488D91B7237C9FDEC56C70D9374C721A2F230821, 7BB3577E7F5595B494687818149EE168FEBC2C03
2025-07-15 17:56:20.561, FindNode, fabb0a4f-33df-4275-aba5-7492614a4514, 7BB3577E7F5595B494687818149EE168FEBC2C03, 83B3577E7F5595B494687818149EE168FEBC2C03
2025-07-15 17:56:20.562, ReplyFindNode, fabb0a4f-33df-4275-aba5-7492614a4514, 7BB3577E7F5595B494687818149EE168FEBC2C03, ADC0E723DF6E376068DC6BEFDD59C00882974E21
2025-07-15 17:56:23.903, FindNode, dc31920f-226e-42d4-abe6-f7bcb8b3692b, ADC0E723DF6E376068DC6BEFDD59C00882974E21, ADC0E723DF6E37606ADC6BEFDD59C00882974E21
2025-07-15 17:56:23.903, ReplyFindNode, dc31920f-226e-42d4-abe6-f7bcb8b3692b, ADC0E723DF6E376068DC6BEFDD59C00882974E21, 488D91B7237C9FDEC56C70D9374C721A2F230821
2025-07-15 17:56:27.863, Lookup, 6caf5b81-f141-4afc-9854-c39253eefd38, ADC0E723DF6E376068DC6BEFDD59C00882974E21, CE3F2F497EF5657EDA8D4E9F9D61E7535427D6FF
2025-07-15 17:56:27.905, ReplyLookup, 6caf5b81-f141-4afc-9854-c39253eefd38, 488D91B7237C9FDEC56C70D9374C721A2F230821,
2025-07-15 17:56:28.377, Store, 1fd08db9-f4e5-4650-ac62-f0034a73150a, 488D91B7237C9FDEC56C70D9374C721A2F230821, F83AFDBF1E4A7279A5E4A0D63C7D2F354EB5E3C7, C46DF3FBA59172BD0B1E825BA5E0C1F5A109E510
2025-07-15 17:56:28.393, FindNode, 2dd3a91e-b3a7-48b5-bebc-241edc0eb1cd, 488D91B7237C9FDEC56C70D9374C721A2F230821, 488D91B7237E9FDEC56C70D9374C721A2F230821
2025-07-15 17:56:28.394, ReplyFindNode, 2dd3a91e-b3a7-48b5-bebc-241edc0eb1cd, 488D91B7237C9FDEC56C70D9374C721A2F230821, 7BB3577E7F5595B494687818149EE168FEBC2C03
2025-07-15 17:56:28.420, FindNode, 2adc54f8-255c-4e58-a68a-ae0dde8dba72, ADC0E723DF6E376068DC6BEFDD59C00882974E21, F83AFDBF1E4A7279A5E4A0D63C7D2F354EB5E3C7
2025-07-15 17:56:28.421, ReplyFindNode, 2adc54f8-255c-4e58-a68a-ae0dde8dba72, ADC0E723DF6E376068DC6BEFDD59C00882974E21, 488D91B7237C9FDEC56C70D9374C721A2F230821
2025-07-15 17:56:28.512, ReplyStore, 1fd08db9-f4e5-4650-ac62-f0034a73150a, ADC0E723DF6E376068DC6BEFDD59C00882974E21
2025-07-15 17:56:28.876, Store, f13225ea-5e47-45b7-a42d-f0be7adffdfd, 7BB3577E7F5595B494687818149EE168FEBC2C03, F283F65B4F3BC43D5CDE609449592EF014AD317E, 86954B0558ACBE6787B6FB108FCA3CA9645718FA
2025-07-15 17:56:28.920, FindNode, d3341a14-2b53-4b47-9d86-af8dd0f76635, ADC0E723DF6E376068DC6BEFDD59C00882974E21, F283F65B4F3BC43D5CDE609449592EF014AD317E
2025-07-15 17:56:28.921, ReplyFindNode, d3341a14-2b53-4b47-9d86-af8dd0f76635, ADC0E723DF6E376068DC6BEFDD59C00882974E21, 488D91B7237C9FDEC56C70D9374C721A2F230821
2025-07-15 17:56:29.012, ReplyStore, f13225ea-5e47-45b7-a42d-f0be7adffdfd, ADC0E723DF6E376068DC6BEFDD59C00882974E21
2025-07-15 17:56:32.562, FindNode, eb7cfd02-0488-43a9-aa3f-872712fd7769, 7BB3577E7F5595B494687818149EE168FEBC2C03, 7BF3577E7F5595B494687818149EE168FEBC2C03
2025-07-15 17:56:32.562, ReplyFindNode, eb7cfd02-0488-43a9-aa3f-872712fd7769, 7BB3577E7F5595B494687818149EE168FEBC2C03, ADC0E723DF6E376068DC6BEFDD59C00882974E21
2025-07-15 17:56:35.904, FindNode, e92306a2-1678-4ef6-a305-51e7830c4afb, ADC0E723DF6E376068DC6BEFDD59C00882974E21, ADC10723DF6E376068DC6BEFDD59C00882974E21
2025-07-15 17:56:35.904, ReplyFindNode, e92306a2-1678-4ef6-a305-51e7830c4afb, ADC0E723DF6E376068DC6BEFDD59C00882974E21, 488D91B7237C9FDEC56C70D9374C721A2F230821
2025-07-15 17:56:40.394, FindNode, 1f149cd3-9059-445b-8992-4e959b75f31d, 488D91B7237C9FDEC56C70D9374C721A2F230821, 488D91B7237C9FDEC56C70D9374C721A2F230C21
2025-07-15 17:56:40.394, ReplyFindNode, 1f149cd3-9059-445b-8992-4e959b75f31d, 488D91B7237C9FDEC56C70D9374C721A2F230821, 7BB3577E7F5595B494687818149EE168FEBC2C03
2025-07-15 17:56:42.863, Store, f9e572c2-547f-44da-8c1e-0141c1df6b81, ADC0E723DF6E376068DC6BEFDD59C00882974E21, D1EE42497945091A1654B4682DBB8B9E659AB7AA, 29D147E150828B31FDA006223A08ABDD566B8504
2025-07-15 17:56:42.908, ReplyStore, f9e572c2-547f-44da-8c1e-0141c1df6b81, 488D91B7237C9FDEC56C70D9374C721A2F230821
2025-07-15 17:56:43.377, Store, adb6a727-81ac-4e0e-8097-95f3c58e8844, 488D91B7237C9FDEC56C70D9374C721A2F230821, F8FB87BD1A25BD0684B9B409D0A528F256B12056, 77B9AC77EDD5BE54747B66D59377BC615FFCB4F1
2025-07-15 17:56:43.420, FindNode, 61e6dfb7-0727-4564-afdd-aced4a578e3a, ADC0E723DF6E376068DC6BEFDD59C00882974E21, F8FB87BD1A25BD0684B9B409D0A528F256B12056
2025-07-15 17:56:43.421, ReplyFindNode, 61e6dfb7-0727-4564-afdd-aced4a578e3a, ADC0E723DF6E376068DC6BEFDD59C00882974E21, 488D91B7237C9FDEC56C70D9374C721A2F230821
2025-07-15 17:56:43.512, ReplyStore, adb6a727-81ac-4e0e-8097-95f3c58e8844, ADC0E723DF6E376068DC6BEFDD59C00882974E21
2025-07-15 17:56:43.877, Remove, 77a0ca42-5746-49b8-8a51-71200d174751, 7BB3577E7F5595B494687818149EE168FEBC2C03, 8C1E5403FD8A45BBECB50ED48E66CE309B51C285, 44E65DC814999576EFB356FC593C6BA788A52070
2025-07-15 17:56:43.925, ReplyRemove, 77a0ca42-5746-49b8-8a51-71200d174751, ADC0E723DF6E376068DC6BEFDD59C00882974E21
2025-07-15 17:56:44.563, FindNode, e7882b8a-e884-44ea-896b-ea12fc97f9f0, 7BB3577E7F5595B494687818149EE168FEBC2C03, 7BB3577E7F55B5B494687818149EE168FEBC2C03
2025-07-15 17:56:44.563, ReplyFindNode, e7882b8a-e884-44ea-896b-ea12fc97f9f0, 7BB3577E7F5595B494687818149EE168FEBC2C03, ADC0E723DF6E376068DC6BEFDD59C00882974E21
2025-07-15 17:56:47.904, FindNode, fc836161-02c1-4c9a-a2db-007ba54c89f3, ADC0E723DF6E376068DC6BEFDD59C00882974E21, ADC0E723DF6E376068DE6BEFDD59C00882974E21
2025-07-15 17:56:47.905, ReplyFindNode, fc836161-02c1-4c9a-a2db-007ba54c89f3, ADC0E723DF6E376068DC6BEFDD59C00882974E21, 488D91B7237C9FDEC56C70D9374C721A2F230821
2025-07-15 17:56:52.395, FindNode, b8ddc40a-26f8-4aa2-8652-41c2cc092684, 488D91B7237C9FDEC56C70D9374C721A2F230821, 488D91B7237C9FDEC56C70D9374CF21A2F230821
2025-07-15 17:56:52.395, ReplyFindNode, b8ddc40a-26f8-4aa2-8652-41c2cc092684, 488D91B7237C9FDEC56C70D9374C721A2F230821, 7BB3577E7F5595B494687818149EE168FEBC2C03
2025-07-15 17:56:56.563, FindNode, c05f58ff-494c-406e-900a-9030ba7d6040, 7BB3577E7F5595B494687818149EE168FEBC2C03, 7BB3577E7F5595B498687818149EE168FEBC2C03
2025-07-15 17:56:56.564, ReplyFindNode, c05f58ff-494c-406e-900a-9030ba7d6040, 7BB3577E7F5595B494687818149EE168FEBC2C03, ADC0E723DF6E376068DC6BEFDD59C00882974E21
2025-07-15 17:56:57.864, Lookup, dbe848b6-dbb5-4295-82bb-85722b2327f7, ADC0E723DF6E376068DC6BEFDD59C00882974E21, 46970298B7C49635134908446D6DD59B87AFD76A
2025-07-15 17:56:57.910, ReplyLookup, dbe848b6-dbb5-4295-82bb-85722b2327f7, 488D91B7237C9FDEC56C70D9374C721A2F230821, 8E8E7481FC021BB47B823DDD87C38EB180994263
2025-07-15 17:56:58.377, Lookup, a10924c3-0cd8-4622-a4d3-6b0b2f1d1042, 488D91B7237C9FDEC56C70D9374C721A2F230821, D6220063ED4F3235813F3E2DC8549CDEB817DE3D
2025-07-15 17:56:58.420, FindNode, cc664091-5465-40da-bc0d-4805324688cd, ADC0E723DF6E376068DC6BEFDD59C00882974E21, D6220063ED4F3235813F3E2DC8549CDEB817DE3D
2025-07-15 17:56:58.421, ReplyFindNode, cc664091-5465-40da-bc0d-4805324688cd, ADC0E723DF6E376068DC6BEFDD59C00882974E21, 488D91B7237C9FDEC56C70D9374C721A2F230821
2025-07-15 17:56:58.596, ReplyLookup, a10924c3-0cd8-4622-a4d3-6b0b2f1d1042, ADC0E723DF6E376068DC6BEFDD59C00882974E21,
2025-07-15 17:56:58.877, Remove, f01723ae-cd54-4bd7-af19-61d916e2e711, 7BB3577E7F5595B494687818149EE168FEBC2C03, 6482183064C6312DE3FC14FE912062CC67103876, 211E69D0731F68DE798C256BE7F9304533D57B87
2025-07-15 17:56:58.920, FindNode, 149b2bce-bcc0-41a8-929e-459ddc9bd88e, 488D91B7237C9FDEC56C70D9374C721A2F230821, 6482183064C6312DE3FC14FE912062CC67103876
2025-07-15 17:56:58.920, ReplyFindNode, 149b2bce-bcc0-41a8-929e-459ddc9bd88e, 488D91B7237C9FDEC56C70D9374C721A2F230821, 7BB3577E7F5595B494687818149EE168FEBC2C03
2025-07-15 17:56:58.930, ReplyRemove, f01723ae-cd54-4bd7-af19-61d916e2e711, 488D91B7237C9FDEC56C70D9374C721A2F230821
2025-07-15 17:56:59.905, FindNode, 3cdd5879-a1c9-4c8d-81b3-6fb24273bfe7, ADC0E723DF6E376068DC6BEFDD59C00882974E21, ADC0E723DF6E376068DC6BEFDD59C00882974E31
2025-07-15 17:56:59.905, ReplyFindNode, 3cdd5879-a1c9-4c8d-81b3-6fb24273bfe7, ADC0E723DF6E376068DC6BEFDD59C00882974E21, 488D91B7237C9FDEC56C70D9374C721A2F230821
2025-07-15 17:57:04.396, FindNode, 18173eba-64be-42c8-ab72-b70270ff08d5, 488D91B7237C9FDEC56C70D9374C721A2F230821, 488D91B7237C9FDEC56C70D9374C7A1A2F230821
2025-07-15 17:57:04.396, ReplyFindNode, 18173eba-64be-42c8-ab72-b70270ff08d5, 488D91B7237C9FDEC56C70D9374C721A2F230821, 7BB3577E7F5595B494687818149EE168FEBC2C03
2025-07-15 17:57:08.564, FindNode, f9d1923c-452d-40a2-8e60-026278b08f96, 7BB3577E7F5595B494687818149EE168FEBC2C03, 7BB3577E7F5595B494687858149EE168FEBC2C03
2025-07-15 17:57:08.565, ReplyFindNode, f9d1923c-452d-40a2-8e60-026278b08f96, 7BB3577E7F5595B494687818149EE168FEBC2C03, ADC0E723DF6E376068DC6BEFDD59C00882974E21
2025-07-15 17:57:11.906, FindNode, f7607ba7-9fcb-4505-abb1-021c8bab05e4, ADC0E723DF6E376068DC6BEFDD59C00882974E21, ADC0E723DF6E376068DE6BEFDD59C00882974E21
2025-07-15 17:57:11.906, ReplyFindNode, f7607ba7-9fcb-4505-abb1-021c8bab05e4, ADC0E723DF6E376068DC6BEFDD59C00882974E21, 488D91B7237C9FDEC56C70D9374C721A2F230821
2025-07-15 17:57:12.864, Lookup, 20ca0452-4bc4-4902-bd19-6eca8ac4bce5, ADC0E723DF6E376068DC6BEFDD59C00882974E21, 46970298B7C49635134908446D6DD59B87AFD76A
2025-07-15 17:57:12.910, ReplyLookup, 20ca0452-4bc4-4902-bd19-6eca8ac4bce5, 488D91B7237C9FDEC56C70D9374C721A2F230821, 8E8E7481FC021BB47B823DDD87C38EB180994263
2025-07-15 17:57:13.377, Remove, 7248abd0-3b0c-4642-8ae6-b960c8d05db7, 488D91B7237C9FDEC56C70D9374C721A2F230821, F8FB87BD1A25BD0684B9B409D0A528F256B12056, 77B9AC77EDD5BE54747B66D59377BC615FFCB4F1
2025-07-15 17:57:13.420, FindNode, 64c838e8-09f5-4166-ba25-f10ee7611669, ADC0E723DF6E376068DC6BEFDD59C00882974E21, F8FB87BD1A25BD0684B9B409D0A528F256B12056
2025-07-15 17:57:13.421, ReplyFindNode, 64c838e8-09f5-4166-ba25-f10ee7611669, ADC0E723DF6E376068DC6BEFDD59C00882974E21, 488D91B7237C9FDEC56C70D9374C721A2F230821
2025-07-15 17:57:13.512, ReplyRemove, 7248abd0-3b0c-4642-8ae6-b960c8d05db7, ADC0E723DF6E376068DC6BEFDD59C00882974E21
2025-07-15 17:57:13.877, Lookup, de48a80a-a7b9-440e-8233-3e293a4eb613, 7BB3577E7F5595B494687818149EE168FEBC2C03, E0FA1E729C81CAB1D1F71449C4DEFDC7C2089D1D
2025-07-15 17:57:13.920, FindNode, 532d5996-e62a-41e0-bf4c-8fcf10c95c9d, ADC0E723DF6E376068DC6BEFDD59C00882974E21, E0FA1E729C81CAB1D1F71449C4DEFDC7C2089D1D
2025-07-15 17:57:13.921, ReplyFindNode, 532d5996-e62a-41e0-bf4c-8fcf10c95c9d, ADC0E723DF6E376068DC6BEFDD59C00882974E21, 488D91B7237C9FDEC56C70D9374C721A2F230821
2025-07-15 17:57:14.100, ReplyLookup, de48a80a-a7b9-440e-8233-3e293a4eb613, ADC0E723DF6E376068DC6BEFDD59C00882974E21,
2025-07-15 17:57:16.397, FindNode, 8e045d05-4085-4e36-b40b-862376de81a6, 488D91B7237C9FDEC56C70D9374C721A2F230821, 489191B7237C9FDEC56C70D9374C721A2F230821
2025-07-15 17:57:16.397, ReplyFindNode, 8e045d05-4085-4e36-b40b-862376de81a6, 488D91B7237C9FDEC56C70D9374C721A2F230821, 7BB3577E7F5595B494687818149EE168FEBC2C03
2025-07-15 17:57:20.565, FindNode, 40a26240-2240-4f2d-afa5-e2d37aceff27, 7BB3577E7F5595B494687818149EE168FEBC2C03, 7BB3577E7F5595BC94687818149EE168FEBC2C03
2025-07-15 17:57:20.565, ReplyFindNode, 40a26240-2240-4f2d-afa5-e2d37aceff27, 7BB3577E7F5595B494687818149EE168FEBC2C03, ADC0E723DF6E376068DC6BEFDD59C00882974E21
2025-07-15 17:57:23.907, FindNode, b4725580-f5d1-4316-b03c-313952c36d73, ADC0E723DF6E376068DC6BEFDD59C00882974E21, ADC0E723DF6E376068DC6BEFDD59C01882974E21
2025-07-15 17:57:23.907, ReplyFindNode, b4725580-f5d1-4316-b03c-313952c36d73, ADC0E723DF6E376068DC6BEFDD59C00882974E21, 488D91B7237C9FDEC56C70D9374C721A2F230821
2025-07-15 17:57:27.864, Lookup, 86b02bee-466b-45ea-988b-7aec010614bf, ADC0E723DF6E376068DC6BEFDD59C00882974E21, D1EE42497945091A1654B4682DBB8B9E659AB7AA
2025-07-15 17:57:27.910, ReplyLookup, 86b02bee-466b-45ea-988b-7aec010614bf, 488D91B7237C9FDEC56C70D9374C721A2F230821, 29D147E150828B31FDA006223A08ABDD566B8504
2025-07-15 17:57:28.377, Lookup, 72139482-5d89-47df-adde-df859321e729, 488D91B7237C9FDEC56C70D9374C721A2F230821, 46970298B7C49635134908446D6DD59B87AFD76A
2025-07-15 17:57:28.397, FindNode, 05986b25-2828-4f86-a14f-1779dcc2ce51, 488D91B7237C9FDEC56C70D9374C721A2F230821, 488D91B7237C9FEEC56C70D9374C721A2F230821
2025-07-15 17:57:28.398, ReplyFindNode, 05986b25-2828-4f86-a14f-1779dcc2ce51, 488D91B7237C9FDEC56C70D9374C721A2F230821, 7BB3577E7F5595B494687818149EE168FEBC2C03
2025-07-15 17:57:28.420, FindNode, e5c29f13-5829-42d2-ab20-3b9cd891f96c, ADC0E723DF6E376068DC6BEFDD59C00882974E21, 46970298B7C49635134908446D6DD59B87AFD76A
2025-07-15 17:57:28.421, ReplyFindNode, e5c29f13-5829-42d2-ab20-3b9cd891f96c, ADC0E723DF6E376068DC6BEFDD59C00882974E21, 488D91B7237C9FDEC56C70D9374C721A2F230821
2025-07-15 17:57:28.597, ReplyLookup, 72139482-5d89-47df-adde-df859321e729, ADC0E723DF6E376068DC6BEFDD59C00882974E21, 8E8E7481FC021BB47B823DDD87C38EB180994263
2025-07-15 17:57:28.877, Lookup, 802cf149-dc09-447e-9438-8a9b0abbde3d, 7BB3577E7F5595B494687818149EE168FEBC2C03, 0D72C8E05CBB0A1D1B6071D976C5CDA18D1A124C
2025-07-15 17:57:28.920, FindNode, 8484a2a5-8839-4fc5-8bad-1f243bc705fc, ADC0E723DF6E376068DC6BEFDD59C00882974E21, 0D72C8E05CBB0A1D1B6071D976C5CDA18D1A124C
2025-07-15 17:57:28.921, ReplyFindNode, 8484a2a5-8839-4fc5-8bad-1f243bc705fc, ADC0E723DF6E376068DC6BEFDD59C00882974E21, 488D91B7237C9FDEC56C70D9374C721A2F230821
2025-07-15 17:57:29.053, ReplyLookup, 802cf149-dc09-447e-9438-8a9b0abbde3d, ADC0E723DF6E376068DC6BEFDD59C00882974E21, 7DEB9A3C72639C3BE93B85AE69F74D98F0EF5558
2025-07-15 17:57:32.566, FindNode, 4b1ca2b7-492b-4382-98d2-8a9274a73ce5, 7BB3577E7F5595B494687818149EE168FEBC2C03, 7BB357FE7F5595B494687818149EE168FEBC2C03
2025-07-15 17:57:32.566, ReplyFindNode, 4b1ca2b7-492b-4382-98d2-8a9274a73ce5, 7BB3577E7F5595B494687818149EE168FEBC2C03, ADC0E723DF6E376068DC6BEFDD59C00882974E21
2025-07-15 17:57:35.907, FindNode, cae1c876-5aae-4a83-805b-8b6d1043fa1c, ADC0E723DF6E376068DC6BEFDD59C00882974E21, ADC0E723DF6E378068DC6BEFDD59C00882974E21
2025-07-15 17:57:35.908, ReplyFindNode, cae1c876-5aae-4a83-805b-8b6d1043fa1c, ADC0E723DF6E376068DC6BEFDD59C00882974E21, 488D91B7237C9FDEC56C70D9374C721A2F230821
2025-07-15 17:57:40.398, FindNode, 5d0a4fd1-c2a9-4f69-8dc8-b89a8eebef48, 488D91B7237C9FDEC56C70D9374C721A2F230821, 489591B7237C9FDEC56C70D9374C721A2F230821
2025-07-15 17:57:40.398, ReplyFindNode, 5d0a4fd1-c2a9-4f69-8dc8-b89a8eebef48, 488D91B7237C9FDEC56C70D9374C721A2F230821, 7BB3577E7F5595B494687818149EE168FEBC2C03
2025-07-15 17:57:42.864, Lookup, 3d620c2f-995d-4c1d-ae3b-7ac093a75498, ADC0E723DF6E376068DC6BEFDD59C00882974E21, 46970298B7C49635134908446D6DD59B87AFD76A
2025-07-15 17:57:42.910, ReplyLookup, 3d620c2f-995d-4c1d-ae3b-7ac093a75498, 488D91B7237C9FDEC56C70D9374C721A2F230821, 8E8E7481FC021BB47B823DDD87C38EB180994263
2025-07-15 17:57:43.377, Lookup, 9ab51f97-f389-4bb4-aee5-685fe2ddd003, 488D91B7237C9FDEC56C70D9374C721A2F230821, D81ABF5B3BB23D0CB80B64502B890DD2AE9651C1
2025-07-15 17:57:43.420, FindNode, cbb88610-7375-4951-9e2d-6d8f373d2412, ADC0E723DF6E376068DC6BEFDD59C00882974E21, D81ABF5B3BB23D0CB80B64502B890DD2AE9651C1
2025-07-15 17:57:43.421, ReplyFindNode, cbb88610-7375-4951-9e2d-6d8f373d2412, ADC0E723DF6E376068DC6BEFDD59C00882974E21, 488D91B7237C9FDEC56C70D9374C721A2F230821
2025-07-15 17:57:43.596, ReplyLookup, 9ab51f97-f389-4bb4-aee5-685fe2ddd003, ADC0E723DF6E376068DC6BEFDD59C00882974E21,
2025-07-15 17:57:43.878, Lookup, c3be1f47-84c8-4fe7-9ffc-30f5d097e40c, 7BB3577E7F5595B494687818149EE168FEBC2C03, 0D72C8E05CBB0A1D1B6071D976C5CDA18D1A124C
2025-07-15 17:57:43.920, FindNode, 72c084e8-0d10-4c0c-ac2d-34ea9b89e762, ADC0E723DF6E376068DC6BEFDD59C00882974E21, 0D72C8E05CBB0A1D1B6071D976C5CDA18D1A124C
2025-07-15 17:57:43.921, ReplyFindNode, 72c084e8-0d10-4c0c-ac2d-34ea9b89e762, ADC0E723DF6E376068DC6BEFDD59C00882974E21, 488D91B7237C9FDEC56C70D9374C721A2F230821
2025-07-15 17:57:44.053, ReplyLookup, c3be1f47-84c8-4fe7-9ffc-30f5d097e40c, ADC0E723DF6E376068DC6BEFDD59C00882974E21, 7DEB9A3C72639C3BE93B85AE69F74D98F0EF5558
2025-07-15 17:57:44.552, EndStableRegimen
2025-07-15 17:57:44.566, FindNode, 61a54b62-6fa9-4f3b-bbfc-7b65956f603f, 7BB3577E7F5595B494687818149EE168FEBC2C03, 7BB3577E7F5595B494687818149EE568FEBC2C03
2025-07-15 17:57:44.567, ReplyFindNode, 61a54b62-6fa9-4f3b-bbfc-7b65956f603f, 7BB3577E7F5595B494687818149EE168FEBC2C03, ADC0E723DF6E376068DC6BEFDD59C00882974E21
2025-07-15 17:57:45.050, Leave, 68872867-5c75-4db8-818b-5f40ee186b63, 488D91B7237C9FDEC56C70D9374C721A2F230821
2025-07-15 17:57:45.106, ReplyLeave, 68872867-5c75-4db8-818b-5f40ee186b63
2025-07-15 17:57:45.107, EndMember, 488D91B7237C9FDEC56C70D9374C721A2F230821
2025-07-15 17:57:47.908, FindNode, fa828a00-0e70-4bd1-ab64-13029a5ae242, ADC0E723DF6E376068DC6BEFDD59C00882974E21, ADC0E723DF6E376068DC6BEFDD59C00882974E41
2025-07-15 17:57:47.908, ReplyFindNode, fa828a00-0e70-4bd1-ab64-13029a5ae242, ADC0E723DF6E376068DC6BEFDD59C00882974E21, 488D91B7237C9FDEC56C70D9374C721A2F230821
2025-07-15 17:57:56.567, FindNode, ac93ae0e-629d-4beb-85c8-4533c1bec31a, 7BB3577E7F5595B494687818149EE168FEBC2C03, 7BB3577E7F9595B494687818149EE168FEBC2C03
2025-07-15 17:57:56.567, ReplyFindNode, ac93ae0e-629d-4beb-85c8-4533c1bec31a, 7BB3577E7F5595B494687818149EE168FEBC2C03, ADC0E723DF6E376068DC6BEFDD59C00882974E21
2025-07-15 17:57:57.864, Lookup, 8bb1ff1c-15c4-4f70-9c84-945aecb143f5, ADC0E723DF6E376068DC6BEFDD59C00882974E21, D1EE42497945091A1654B4682DBB8B9E659AB7AA
2025-07-15 17:57:57.909, ReplyLookup, 8bb1ff1c-15c4-4f70-9c84-945aecb143f5, 7BB3577E7F5595B494687818149EE168FEBC2C03,
2025-07-15 17:57:58.877, Lookup, 5daded66-6586-416d-80b5-d69bdd47975e, 7BB3577E7F5595B494687818149EE168FEBC2C03, 0D72C8E05CBB0A1D1B6071D976C5CDA18D1A124C
2025-07-15 17:57:58.920, FindNode, fdb94191-2a4f-4fe6-abcd-4af2d0b9c81d, ADC0E723DF6E376068DC6BEFDD59C00882974E21, 0D72C8E05CBB0A1D1B6071D976C5CDA18D1A124C
2025-07-15 17:57:58.921, ReplyFindNode, fdb94191-2a4f-4fe6-abcd-4af2d0b9c81d, ADC0E723DF6E376068DC6BEFDD59C00882974E21, 7BB3577E7F5595B494687818149EE168FEBC2C03
2025-07-15 17:57:59.052, ReplyLookup, 5daded66-6586-416d-80b5-d69bdd47975e, ADC0E723DF6E376068DC6BEFDD59C00882974E21,
2025-07-15 17:57:59.909, FindNode, 724080bd-4e77-41a1-8229-d9a96e9f19d9, ADC0E723DF6E376068DC6BEFDD59C00882974E21, ADC0E725DF6E376068DC6BEFDD59C00882974E21
2025-07-15 17:57:59.909, ReplyFindNode, 724080bd-4e77-41a1-8229-d9a96e9f19d9, ADC0E723DF6E376068DC6BEFDD59C00882974E21, 7BB3577E7F5595B494687818149EE168FEBC2C03
2025-07-15 17:58:08.568, FindNode, 7065c8d6-4ee9-4998-92a1-4eff6e4ccc5d, 7BB3577E7F5595B494687818149EE168FEBC2C03, 7BB3977E7F5595B494687818149EE168FEBC2C03
2025-07-15 17:58:08.568, ReplyFindNode, 7065c8d6-4ee9-4998-92a1-4eff6e4ccc5d, 7BB3577E7F5595B494687818149EE168FEBC2C03, ADC0E723DF6E376068DC6BEFDD59C00882974E21
2025-07-15 17:58:11.909, FindNode, 55e3e9e7-b8aa-46bf-9f29-2323f744f6a6, ADC0E723DF6E376068DC6BEFDD59C00882974E21, ADC0E923DF6E376068DC6BEFDD59C00882974E21
2025-07-15 17:58:11.910, ReplyFindNode, 55e3e9e7-b8aa-46bf-9f29-2323f744f6a6, ADC0E723DF6E376068DC6BEFDD59C00882974E21, 488D91B7237C9FDEC56C70D9374C721A2F230821
2025-07-15 17:58:12.865, Remove, 8bf9376c-28a0-4c70-9002-4e42d46f50e2, ADC0E723DF6E376068DC6BEFDD59C00882974E21, D1EE42497945091A1654B4682DBB8B9E659AB7AA, 29D147E150828B31FDA006223A08ABDD566B8504
2025-07-15 17:58:12.965, ReplyRemove, 8bf9376c-28a0-4c70-9002-4e42d46f50e2, 7BB3577E7F5595B494687818149EE168FEBC2C03
2025-07-15 17:58:13.877, Lookup, ced8ada3-ef95-464a-aec7-12c76f69bd6b, 7BB3577E7F5595B494687818149EE168FEBC2C03, 0D72C8E05CBB0A1D1B6071D976C5CDA18D1A124C
2025-07-15 17:58:13.920, FindNode, 0bee81b2-b4bd-4025-80f3-18a9214fb13a, ADC0E723DF6E376068DC6BEFDD59C00882974E21, 0D72C8E05CBB0A1D1B6071D976C5CDA18D1A124C
2025-07-15 17:58:13.921, ReplyFindNode, 0bee81b2-b4bd-4025-80f3-18a9214fb13a, ADC0E723DF6E376068DC6BEFDD59C00882974E21, 7BB3577E7F5595B494687818149EE168FEBC2C03
2025-07-15 17:58:14.052, ReplyLookup, ced8ada3-ef95-464a-aec7-12c76f69bd6b, ADC0E723DF6E376068DC6BEFDD59C00882974E21,
2025-07-15 17:58:15.745, StartStableRegimen
2025-07-15 17:58:20.569, FindNode, 7310812b-c2ec-433a-9759-1cdc87fa07a9, 7BB3577E7F5595B494687818149EE168FEBC2C03, 7BB5577E7F5595B494687818149EE168FEBC2C03
2025-07-15 17:58:20.569, ReplyFindNode, 7310812b-c2ec-433a-9759-1cdc87fa07a9, 7BB3577E7F5595B494687818149EE168FEBC2C03, ADC0E723DF6E376068DC6BEFDD59C00882974E21
2025-07-15 17:58:23.910, FindNode, dd325382-5b82-458e-b983-6e24626a5838, ADC0E723DF6E376068DC6BEFDD59C00882974E21, ADC0E723DF6E376068DC6C2FDD59C00882974E21
2025-07-15 17:58:23.911, ReplyFindNode, dd325382-5b82-458e-b983-6e24626a5838, ADC0E723DF6E376068DC6BEFDD59C00882974E21, 7BB3577E7F5595B494687818149EE168FEBC2C03
2025-07-15 17:58:27.866, Lookup, 3f58dc8b-d152-4096-9507-c23959bceeca, ADC0E723DF6E376068DC6BEFDD59C00882974E21, 4CB5B57F811220A0F1B25807BEDD7A96F18914DA
2025-07-15 17:58:27.913, ReplyLookup, 3f58dc8b-d152-4096-9507-c23959bceeca, 7BB3577E7F5595B494687818149EE168FEBC2C03,
2025-07-15 17:58:28.878, Lookup, 320eebc2-5560-4399-8ba7-e546649e1b5e, 7BB3577E7F5595B494687818149EE168FEBC2C03, 0D72C8E05CBB0A1D1B6071D976C5CDA18D1A124C
2025-07-15 17:58:28.920, FindNode, 74021003-c23e-4ebb-8531-86995c6ee47f, ADC0E723DF6E376068DC6BEFDD59C00882974E21, 0D72C8E05CBB0A1D1B6071D976C5CDA18D1A124C
2025-07-15 17:58:28.921, ReplyFindNode, 74021003-c23e-4ebb-8531-86995c6ee47f, ADC0E723DF6E376068DC6BEFDD59C00882974E21, 7BB3577E7F5595B494687818149EE168FEBC2C03
2025-07-15 17:58:29.052, ReplyLookup, 320eebc2-5560-4399-8ba7-e546649e1b5e, ADC0E723DF6E376068DC6BEFDD59C00882974E21,
2025-07-15 17:58:32.569, FindNode, 4534053a-7fc1-43e2-8028-1f9cc14101a7, 7BB3577E7F5595B494687818149EE168FEBC2C03, 7BB3577E7FD595B494687818149EE168FEBC2C03
2025-07-15 17:58:32.570, ReplyFindNode, 4534053a-7fc1-43e2-8028-1f9cc14101a7, 7BB3577E7F5595B494687818149EE168FEBC2C03, ADC0E723DF6E376068DC6BEFDD59C00882974E21
2025-07-15 17:58:35.911, FindNode, 086907cd-e8fc-4a03-b1a1-585d407e17f6, ADC0E723DF6E376068DC6BEFDD59C00882974E21, ADC0E723DF6E376068DC6BEFDD59C80882974E21
2025-07-15 17:58:35.911, ReplyFindNode, 086907cd-e8fc-4a03-b1a1-585d407e17f6, ADC0E723DF6E376068DC6BEFDD59C00882974E21, 7BB3577E7F5595B494687818149EE168FEBC2C03
2025-07-15 17:58:42.865, Lookup, 5d30fc34-7cc3-4a92-82c2-68594e12e3d5, ADC0E723DF6E376068DC6BEFDD59C00882974E21, 46970298B7C49635134908446D6DD59B87AFD76A
2025-07-15 17:58:43.878, Lookup, eb320e84-3b0a-4e26-bffe-f41a7e231745, 7BB3577E7F5595B494687818149EE168FEBC2C03, 26613E766BFA6AABB037628873F09AEA94A876A2
2025-07-15 17:58:43.944, FindNode, 7942852d-f0ed-4499-a854-ca744c2b57f4, ADC0E723DF6E376068DC6BEFDD59C00882974E21, 26613E766BFA6AABB037628873F09AEA94A876A2
2025-07-15 17:58:43.945, ReplyFindNode, 7942852d-f0ed-4499-a854-ca744c2b57f4, ADC0E723DF6E376068DC6BEFDD59C00882974E21, 488D91B7237C9FDEC56C70D9374C721A2F230821
2025-07-15 17:58:44.088, ReplyLookup, eb320e84-3b0a-4e26-bffe-f41a7e231745, ADC0E723DF6E376068DC6BEFDD59C00882974E21,
2025-07-15 17:58:44.570, FindNode, 92eabdcf-4e80-412e-bae6-a45fbefa89c0, 7BB3577E7F5595B494687818149EE168FEBC2C03, 7BB3577E7F5595B494688018149EE168FEBC2C03
2025-07-15 17:58:44.570, ReplyFindNode, 92eabdcf-4e80-412e-bae6-a45fbefa89c0, 7BB3577E7F5595B494687818149EE168FEBC2C03, ADC0E723DF6E376068DC6BEFDD59C00882974E21
2025-07-15 17:58:47.913, FindNode, bd458327-3ea9-4c2f-a98b-2e7edbf66300, ADC0E723DF6E376068DC6BEFDD59C00882974E21, ADC0E723DF6E376068DC6BEFDD59C00882975221
2025-07-15 17:58:47.914, ReplyFindNode, bd458327-3ea9-4c2f-a98b-2e7edbf66300, ADC0E723DF6E376068DC6BEFDD59C00882974E21, 488D91B7237C9FDEC56C70D9374C721A2F230821
2025-07-15 17:58:49.102, ReplyLookup, 5d30fc34-7cc3-4a92-82c2-68594e12e3d5, 7BB3577E7F5595B494687818149EE168FEBC2C03,
2025-07-15 17:58:56.571, FindNode, e3e8e370-56a2-412c-a847-dc7fa95563e1, 7BB3577E7F5595B494687818149EE168FEBC2C03, 7BB3577E7F5595B494687858149EE168FEBC2C03
2025-07-15 17:58:56.571, ReplyFindNode, e3e8e370-56a2-412c-a847-dc7fa95563e1, 7BB3577E7F5595B494687818149EE168FEBC2C03, ADC0E723DF6E376068DC6BEFDD59C00882974E21
2025-07-15 17:58:57.865, Store, 9c4f051c-f9ae-47a1-a2a9-ac20daab77dd, ADC0E723DF6E376068DC6BEFDD59C00882974E21, EF461A172E10E6EA07A5D3337222C447C1BE57F1, 42B8EDF71004DC216629DBDFC221E7E33A024619
2025-07-15 17:58:57.912, ReplyStore, 9c4f051c-f9ae-47a1-a2a9-ac20daab77dd, 7BB3577E7F5595B494687818149EE168FEBC2C03
2025-07-15 17:58:58.878, Lookup, a5e2b721-6453-4b63-bd5c-2f37ab64bd2c, 7BB3577E7F5595B494687818149EE168FEBC2C03, 8953B8A7BD064050D5F41F201FF0FB3049A97373
2025-07-15 17:58:58.922, ReplyLookup, a5e2b721-6453-4b63-bd5c-2f37ab64bd2c, ADC0E723DF6E376068DC6BEFDD59C00882974E21,
2025-07-15 17:58:59.914, FindNode, cdd6a2fa-936a-489f-8496-6a9143d73033, ADC0E723DF6E376068DC6BEFDD59C00882974E21, ADC0E723DF6E376068DC6BEFDD99C00882974E21
2025-07-15 17:58:59.914, ReplyFindNode, cdd6a2fa-936a-489f-8496-6a9143d73033, ADC0E723DF6E376068DC6BEFDD59C00882974E21, 7BB3577E7F5595B494687818149EE168FEBC2C03
2025-07-15 17:59:08.572, FindNode, ae492d97-99c3-456f-b24f-2dff70126602, 7BB3577E7F5595B494687818149EE168FEBC2C03, 7BB3577E7F5595B694687818149EE168FEBC2C03
2025-07-15 17:59:08.572, ReplyFindNode, ae492d97-99c3-456f-b24f-2dff70126602, 7BB3577E7F5595B494687818149EE168FEBC2C03, ADC0E723DF6E376068DC6BEFDD59C00882974E21
2025-07-15 17:59:11.915, FindNode, aeec6705-8360-460a-8278-44ea85925b3d, ADC0E723DF6E376068DC6BEFDD59C00882974E21, ADC0E723DF6E376068DC6BEFDD59C00884974E21
2025-07-15 17:59:11.915, ReplyFindNode, aeec6705-8360-460a-8278-44ea85925b3d, ADC0E723DF6E376068DC6BEFDD59C00882974E21, 488D91B7237C9FDEC56C70D9374C721A2F230821
2025-07-15 17:59:12.866, Store, 0abf806f-1b8a-4750-8909-a0e5771c9d5f, ADC0E723DF6E376068DC6BEFDD59C00882974E21, C8B8B30DF9CCAF9240BC5E19F2C3A9263EB56B68, 1E9857830CC4CD5742B26F45710A8537190E914C
2025-07-15 17:59:13.107, ReplyStore, 0abf806f-1b8a-4750-8909-a0e5771c9d5f, 7BB3577E7F5595B494687818149EE168FEBC2C03
2025-07-15 17:59:13.879, Store, 70760cdc-22e8-4c99-bce3-f116971fe0d7, 7BB3577E7F5595B494687818149EE168FEBC2C03, 0F10C12292978628EC49BB62F7D445E8E99F3C25, 580A928439F2EFF0F5ED81454EBF7EE7EFE93F21
2025-07-15 17:59:13.921, FindNode, 14f459a6-24fb-4c41-9cfc-519aabdfa441, ADC0E723DF6E376068DC6BEFDD59C00882974E21, 0F10C12292978628EC49BB62F7D445E8E99F3C25
2025-07-15 17:59:13.921, ReplyFindNode, 14f459a6-24fb-4c41-9cfc-519aabdfa441, ADC0E723DF6E376068DC6BEFDD59C00882974E21, 7BB3577E7F5595B494687818149EE168FEBC2C03
2025-07-15 17:59:13.968, ReplyStore, 70760cdc-22e8-4c99-bce3-f116971fe0d7, ADC0E723DF6E376068DC6BEFDD59C00882974E21
2025-07-15 17:59:20.572, FindNode, 7f64dec1-5c0a-40a8-97f8-4778cee291fe, 7BB3577E7F5595B494687818149EE168FEBC2C03, 7BB3577E7F5595B494687858149EE168FEBC2C03
2025-07-15 17:59:20.573, ReplyFindNode, 7f64dec1-5c0a-40a8-97f8-4778cee291fe, 7BB3577E7F5595B494687818149EE168FEBC2C03, ADC0E723DF6E376068DC6BEFDD59C00882974E21
2025-07-15 17:59:23.915, FindNode, 1d229bdc-8c33-4fb1-adcf-bd5f4a7b8538, ADC0E723DF6E376068DC6BEFDD59C00882974E21, ADC0E723DF6E376078DC6BEFDD59C00882974E21
2025-07-15 17:59:23.916, ReplyFindNode, 1d229bdc-8c33-4fb1-adcf-bd5f4a7b8538, ADC0E723DF6E376068DC6BEFDD59C00882974E21, 7BB3577E7F5595B494687818149EE168FEBC2C03
2025-07-15 17:59:27.867, Remove, 2bfeced9-d68b-419f-ba1c-e97cff3543bc, ADC0E723DF6E376068DC6BEFDD59C00882974E21, 46970298B7C49635134908446D6DD59B87AFD76A, 8E8E7481FC021BB47B823DDD87C38EB180994263
2025-07-15 17:59:28.880, Lookup, 1f185ba8-019f-4048-822a-efe2f5a4ee15, 7BB3577E7F5595B494687818149EE168FEBC2C03, 0D72C8E05CBB0A1D1B6071D976C5CDA18D1A124C
2025-07-15 17:59:28.925, FindNode, 521ac440-bfb6-4f56-8521-77b751ce311b, ADC0E723DF6E376068DC6BEFDD59C00882974E21, 0D72C8E05CBB0A1D1B6071D976C5CDA18D1A124C
2025-07-15 17:59:28.925, ReplyFindNode, 521ac440-bfb6-4f56-8521-77b751ce311b, ADC0E723DF6E376068DC6BEFDD59C00882974E21, 488D91B7237C9FDEC56C70D9374C721A2F230821
2025-07-15 17:59:29.064, ReplyLookup, 1f185ba8-019f-4048-822a-efe2f5a4ee15, ADC0E723DF6E376068DC6BEFDD59C00882974E21,
2025-07-15 17:59:32.573, FindNode, 26de5b5d-f208-4c09-9542-bd6ad9985b6c, 7BB3577E7F5595B494687818149EE168FEBC2C03, 7BB3577E7F5595B514687818149EE168FEBC2C03
2025-07-15 17:59:32.574, ReplyFindNode, 26de5b5d-f208-4c09-9542-bd6ad9985b6c, 7BB3577E7F5595B494687818149EE168FEBC2C03, ADC0E723DF6E376068DC6BEFDD59C00882974E21
2025-07-15 17:59:35.917, FindNode, 0cf7f538-50d0-42e9-a00e-a7c9e0caa7f0, ADC0E723DF6E376068DC6BEFDD59C00882974E21, ADC0E723DF6E376068DC6BEFDD59C00882974E23
2025-07-15 17:59:35.917, ReplyFindNode, 0cf7f538-50d0-42e9-a00e-a7c9e0caa7f0, ADC0E723DF6E376068DC6BEFDD59C00882974E21, 488D91B7237C9FDEC56C70D9374C721A2F230821
2025-07-15 17:59:37.204, ReplyRemove, 2bfeced9-d68b-419f-ba1c-e97cff3543bc, 7BB3577E7F5595B494687818149EE168FEBC2C03
2025-07-15 17:59:42.868, Lookup, 0a3ca967-bbaf-41aa-9207-c22ee243519e, ADC0E723DF6E376068DC6BEFDD59C00882974E21, C8B8B30DF9CCAF9240BC5E19F2C3A9263EB56B68
2025-07-15 17:59:42.916, ReplyLookup, 0a3ca967-bbaf-41aa-9207-c22ee243519e, 7BB3577E7F5595B494687818149EE168FEBC2C03, 1E9857830CC4CD5742B26F45710A8537190E914C
2025-07-15 17:59:43.882, Lookup, 46a3ad70-b700-4245-a9dd-9903f2e4eeb0, 7BB3577E7F5595B494687818149EE168FEBC2C03, F283F65B4F3BC43D5CDE609449592EF014AD317E
2025-07-15 17:59:43.924, FindNode, 4a27b5ff-c99c-47a4-96fb-5b7446898dae, ADC0E723DF6E376068DC6BEFDD59C00882974E21, F283F65B4F3BC43D5CDE609449592EF014AD317E
2025-07-15 17:59:43.925, ReplyFindNode, 4a27b5ff-c99c-47a4-96fb-5b7446898dae, ADC0E723DF6E376068DC6BEFDD59C00882974E21, 7BB3577E7F5595B494687818149EE168FEBC2C03
2025-07-15 17:59:44.056, ReplyLookup, 46a3ad70-b700-4245-a9dd-9903f2e4eeb0, ADC0E723DF6E376068DC6BEFDD59C00882974E21,
2025-07-15 17:59:44.574, FindNode, 8159fdcc-bcb7-4473-9272-9d1a1455d64c, 7BB3577E7F5595B494687818149EE168FEBC2C03, 7BBB577E7F5595B494687818149EE168FEBC2C03
2025-07-15 17:59:44.574, ReplyFindNode, 8159fdcc-bcb7-4473-9272-9d1a1455d64c, 7BB3577E7F5595B494687818149EE168FEBC2C03, ADC0E723DF6E376068DC6BEFDD59C00882974E21
2025-07-15 17:59:47.918, FindNode, e6cf14fa-3165-4c1a-95b9-9e3282085f4b, ADC0E723DF6E376068DC6BEFDD59C00882974E21, ADC0E723DF6E376068DC6BEFDD59C00882B74E21
2025-07-15 17:59:47.918, ReplyFindNode, e6cf14fa-3165-4c1a-95b9-9e3282085f4b, ADC0E723DF6E376068DC6BEFDD59C00882974E21, 7BB3577E7F5595B494687818149EE168FEBC2C03
2025-07-15 17:59:56.575, FindNode, e9a5d499-1073-4a8f-b1f7-bf248b4b08fd, 7BB3577E7F5595B494687818149EE168FEBC2C03, 7BB3577E7F5595D494687818149EE168FEBC2C03
2025-07-15 17:59:56.575, ReplyFindNode, e9a5d499-1073-4a8f-b1f7-bf248b4b08fd, 7BB3577E7F5595B494687818149EE168FEBC2C03, ADC0E723DF6E376068DC6BEFDD59C00882974E21
2025-07-15 17:59:57.867, Store, 2bc60a72-99a0-4312-9382-b62b43716a71, ADC0E723DF6E376068DC6BEFDD59C00882974E21, E263E59015CD7056609B58E9B1CD834BB5FFC60D, 80467EFB49B2CE0A052DCC4EBF90572E29B7934F
2025-07-15 17:59:58.882, Lookup, 997a9b78-4a44-402d-abab-3473eda65544, 7BB3577E7F5595B494687818149EE168FEBC2C03, F283F65B4F3BC43D5CDE609449592EF014AD317E
2025-07-15 17:59:58.925, FindNode, 8434daa9-f9ba-46d1-a0ea-d6a2f0371f3c, ADC0E723DF6E376068DC6BEFDD59C00882974E21, F283F65B4F3BC43D5CDE609449592EF014AD317E
2025-07-15 17:59:58.925, ReplyFindNode, 8434daa9-f9ba-46d1-a0ea-d6a2f0371f3c, ADC0E723DF6E376068DC6BEFDD59C00882974E21, 488D91B7237C9FDEC56C70D9374C721A2F230821
2025-07-15 17:59:59.056, ReplyLookup, 997a9b78-4a44-402d-abab-3473eda65544, ADC0E723DF6E376068DC6BEFDD59C00882974E21,
2025-07-15 17:59:59.919, FindNode, a5e12a29-64dc-47e5-a87c-4fa9794171c7, ADC0E723DF6E376068DC6BEFDD59C00882974E21, ADC0E723DF6E376068DC6BEFDD79C00882974E21
2025-07-15 17:59:59.919, ReplyFindNode, a5e12a29-64dc-47e5-a87c-4fa9794171c7, ADC0E723DF6E376068DC6BEFDD59C00882974E21, 488D91B7237C9FDEC56C70D9374C721A2F230821
2025-07-15 18:00:01.252, ReplyStore, 2bc60a72-99a0-4312-9382-b62b43716a71, 7BB3577E7F5595B494687818149EE168FEBC2C03
2025-07-15 18:00:08.575, FindNode, 3cacfde0-2d3f-44b9-a79d-6ec84957b824, 7BB3577E7F5595B494687818149EE168FEBC2C03, 7BB3577E7F5595B494687818149EE188FEBC2C03
2025-07-15 18:00:08.576, ReplyFindNode, 3cacfde0-2d3f-44b9-a79d-6ec84957b824, 7BB3577E7F5595B494687818149EE168FEBC2C03, ADC0E723DF6E376068DC6BEFDD59C00882974E21
2025-07-15 18:00:11.919, FindNode, 5b99d16d-2005-40a5-990d-62dde9e5e94b, ADC0E723DF6E376068DC6BEFDD59C00882974E21, ADC0E723DF6F376068DC6BEFDD59C00882974E21
2025-07-15 18:00:11.920, ReplyFindNode, 5b99d16d-2005-40a5-990d-62dde9e5e94b, ADC0E723DF6E376068DC6BEFDD59C00882974E21, 7BB3577E7F5595B494687818149EE168FEBC2C03
2025-07-15 18:00:12.868, Lookup, 17178772-334d-4f26-bf63-b849e0fb8072, ADC0E723DF6E376068DC6BEFDD59C00882974E21, EF461A172E10E6EA07A5D3337222C447C1BE57F1
2025-07-15 18:00:12.914, ReplyLookup, 17178772-334d-4f26-bf63-b849e0fb8072, 7BB3577E7F5595B494687818149EE168FEBC2C03, 42B8EDF71004DC216629DBDFC221E7E33A024619
2025-07-15 18:00:13.882, Lookup, b34b0001-40b5-4df0-b412-7a7770d90c4b, 7BB3577E7F5595B494687818149EE168FEBC2C03, BE3862AEB1338B90C0556BD3B1843470B831D205
2025-07-15 18:00:13.925, FindNode, 57b63cd7-8cda-4572-bbb6-a1f29b4fdccb, ADC0E723DF6E376068DC6BEFDD59C00882974E21, BE3862AEB1338B90C0556BD3B1843470B831D205
2025-07-15 18:00:13.925, ReplyFindNode, 57b63cd7-8cda-4572-bbb6-a1f29b4fdccb, ADC0E723DF6E376068DC6BEFDD59C00882974E21, 488D91B7237C9FDEC56C70D9374C721A2F230821
2025-07-15 18:00:14.056, ReplyLookup, b34b0001-40b5-4df0-b412-7a7770d90c4b, ADC0E723DF6E376068DC6BEFDD59C00882974E21,
2025-07-15 18:00:20.576, FindNode, 6eede3da-be09-491d-a936-83aec2698de2, 7BB3577E7F5595B494687818149EE168FEBC2C03, 7BB3577E7F5595B494687818149EE168FEBC3403
2025-07-15 18:00:20.577, ReplyFindNode, 6eede3da-be09-491d-a936-83aec2698de2, 7BB3577E7F5595B494687818149EE168FEBC2C03, ADC0E723DF6E376068DC6BEFDD59C00882974E21
2025-07-15 18:00:23.920, FindNode, 02fda4d9-a3aa-40fa-8557-54d606b3cdd1, ADC0E723DF6E376068DC6BEFDD59C00882974E21, ADC0E723DF6E376068DC6BEFDD5A400882974E21
2025-07-15 18:00:23.920, ReplyFindNode, 02fda4d9-a3aa-40fa-8557-54d606b3cdd1, ADC0E723DF6E376068DC6BEFDD59C00882974E21, 488D91B7237C9FDEC56C70D9374C721A2F230821
2025-07-15 18:00:27.868, Lookup, 22139de0-f8a4-4597-86d7-94cd43c90f55, ADC0E723DF6E376068DC6BEFDD59C00882974E21, C8B8B30DF9CCAF9240BC5E19F2C3A9263EB56B68
2025-07-15 18:00:27.914, ReplyLookup, 22139de0-f8a4-4597-86d7-94cd43c90f55, 7BB3577E7F5595B494687818149EE168FEBC2C03, 1E9857830CC4CD5742B26F45710A8537190E914C
2025-07-15 18:00:28.882, Store, 43d73fda-8c35-4d92-b8b9-7a23b6af5112, 7BB3577E7F5595B494687818149EE168FEBC2C03, 0C0D55BB44BDD82AE345763EE07A0F2640389669, B6D5D2F8B36E629C224D81AD2915EDDE5CA1049C
2025-07-15 18:00:28.924, FindNode, b72ea2bf-a173-4e7c-9cb0-b6605031c289, ADC0E723DF6E376068DC6BEFDD59C00882974E21, 0C0D55BB44BDD82AE345763EE07A0F2640389669
2025-07-15 18:00:28.925, ReplyFindNode, b72ea2bf-a173-4e7c-9cb0-b6605031c289, ADC0E723DF6E376068DC6BEFDD59C00882974E21, 7BB3577E7F5595B494687818149EE168FEBC2C03
2025-07-15 18:00:29.016, ReplyStore, 43d73fda-8c35-4d92-b8b9-7a23b6af5112, ADC0E723DF6E376068DC6BEFDD59C00882974E21
2025-07-15 18:00:32.577, FindNode, 8cfd9e82-147e-4cc3-8f8a-d2dde579f3ca, 7BB3577E7F5595B494687818149EE168FEBC2C03, 7BB3577EBF5595B494687818149EE168FEBC2C03
2025-07-15 18:00:32.577, ReplyFindNode, 8cfd9e82-147e-4cc3-8f8a-d2dde579f3ca, 7BB3577E7F5595B494687818149EE168FEBC2C03, ADC0E723DF6E376068DC6BEFDD59C00882974E21
2025-07-15 18:00:35.921, FindNode, 47665aff-584c-4f62-8c20-7d260789c4d3, ADC0E723DF6E376068DC6BEFDD59C00882974E21, ADC0E723DF6E376068DCEBEFDD59C00882974E21
2025-07-15 18:00:35.921, ReplyFindNode, 47665aff-584c-4f62-8c20-7d260789c4d3, ADC0E723DF6E376068DC6BEFDD59C00882974E21, 7BB3577E7F5595B494687818149EE168FEBC2C03
2025-07-15 18:00:42.868, Lookup, 7994fa90-8216-4835-8592-6dc7fb95c0a6, ADC0E723DF6E376068DC6BEFDD59C00882974E21, 639190DE79C7E1D926DD6F874D7E068F9F108E3F
2025-07-15 18:00:42.913, ReplyLookup, 7994fa90-8216-4835-8592-6dc7fb95c0a6, 7BB3577E7F5595B494687818149EE168FEBC2C03,
2025-07-15 18:00:43.882, Lookup, a94b9c5a-b65b-47a9-9c63-3da54303e245, 7BB3577E7F5595B494687818149EE168FEBC2C03, 663FA5C146D4E62D872BDDAF4EECA1C34E6390B9
2025-07-15 18:00:43.928, FindNode, e862ca6d-8b74-4462-a6b8-9ee13832b414, ADC0E723DF6E376068DC6BEFDD59C00882974E21, 663FA5C146D4E62D872BDDAF4EECA1C34E6390B9
2025-07-15 18:00:43.929, ReplyFindNode, e862ca6d-8b74-4462-a6b8-9ee13832b414, ADC0E723DF6E376068DC6BEFDD59C00882974E21, 7BB3577E7F5595B494687818149EE168FEBC2C03
2025-07-15 18:00:44.060, ReplyLookup, a94b9c5a-b65b-47a9-9c63-3da54303e245, ADC0E723DF6E376068DC6BEFDD59C00882974E21,
2025-07-15 18:00:44.578, FindNode, bb85160f-02ed-41ae-8bf3-37d97bd9eb93, 7BB3577E7F5595B494687818149EE168FEBC2C03, 7BB3577E7F5595B494687818149EE168FEBC2C05
2025-07-15 18:00:44.578, ReplyFindNode, bb85160f-02ed-41ae-8bf3-37d97bd9eb93, 7BB3577E7F5595B494687818149EE168FEBC2C03, ADC0E723DF6E376068DC6BEFDD59C00882974E21
2025-07-15 18:00:47.921, FindNode, 8899d8fb-9504-4241-81b9-d96a735bf905, ADC0E723DF6E376068DC6BEFDD59C00882974E21, ADC0E723DF6E3F6068DC6BEFDD59C00882974E21
2025-07-15 18:00:47.922, ReplyFindNode, 8899d8fb-9504-4241-81b9-d96a735bf905, ADC0E723DF6E376068DC6BEFDD59C00882974E21, 7BB3577E7F5595B494687818149EE168FEBC2C03
2025-07-15 18:00:56.578, FindNode, 037e2b10-096a-4f5c-ac0b-9c5f84ce23d9, 7BB3577E7F5595B494687818149EE168FEBC2C03, 7BB3577E7F5595B494687818149EE169FEBC2C03
2025-07-15 18:00:56.578, ReplyFindNode, 037e2b10-096a-4f5c-ac0b-9c5f84ce23d9, 7BB3577E7F5595B494687818149EE168FEBC2C03, ADC0E723DF6E376068DC6BEFDD59C00882974E21
2025-07-15 18:00:57.869, Lookup, 6a0b0add-ba04-42cd-af50-cff96765ba51, ADC0E723DF6E376068DC6BEFDD59C00882974E21, EF461A172E10E6EA07A5D3337222C447C1BE57F1
2025-07-15 18:00:57.914, ReplyLookup, 6a0b0add-ba04-42cd-af50-cff96765ba51, 7BB3577E7F5595B494687818149EE168FEBC2C03, 42B8EDF71004DC216629DBDFC221E7E33A024619
2025-07-15 18:00:58.883, Lookup, 4ac82102-a2f0-49a4-9abb-eabca358f98e, 7BB3577E7F5595B494687818149EE168FEBC2C03, 0F10C12292978628EC49BB62F7D445E8E99F3C25
2025-07-15 18:00:58.924, FindNode, 8d5fabf4-45ed-47b1-985b-39c0dd5a0a14, ADC0E723DF6E376068DC6BEFDD59C00882974E21, 0F10C12292978628EC49BB62F7D445E8E99F3C25
2025-07-15 18:00:58.924, ReplyFindNode, 8d5fabf4-45ed-47b1-985b-39c0dd5a0a14, ADC0E723DF6E376068DC6BEFDD59C00882974E21, 7BB3577E7F5595B494687818149EE168FEBC2C03
2025-07-15 18:00:59.015, ReplyLookup, 4ac82102-a2f0-49a4-9abb-eabca358f98e, ADC0E723DF6E376068DC6BEFDD59C00882974E21, 580A928439F2EFF0F5ED81454EBF7EE7EFE93F21
2025-07-15 18:00:59.922, FindNode, 4ab0e011-3f8e-4a61-a0d0-f223b11affbf, ADC0E723DF6E376068DC6BEFDD59C00882974E21, AFC0E723DF6E376068DC6BEFDD59C00882974E21
2025-07-15 18:00:59.923, ReplyFindNode, 4ab0e011-3f8e-4a61-a0d0-f223b11affbf, ADC0E723DF6E376068DC6BEFDD59C00882974E21, 7BB3577E7F5595B494687818149EE168FEBC2C03
2025-07-15 18:01:08.579, FindNode, c784b362-e30e-40d4-8295-013af8adb103, 7BB3577E7F5595B494687818149EE168FEBC2C03, 7DB3577E7F5595B494687818149EE168FEBC2C03
2025-07-15 18:01:08.579, ReplyFindNode, c784b362-e30e-40d4-8295-013af8adb103, 7BB3577E7F5595B494687818149EE168FEBC2C03, ADC0E723DF6E376068DC6BEFDD59C00882974E21
2025-07-15 18:01:11.923, FindNode, 8c10ee4b-0bfd-47f3-96d6-01e9bdfe71f0, ADC0E723DF6E376068DC6BEFDD59C00882974E21, ADC0E723DF6E376068DC6CEFDD59C00882974E21
2025-07-15 18:01:11.923, ReplyFindNode, 8c10ee4b-0bfd-47f3-96d6-01e9bdfe71f0, ADC0E723DF6E376068DC6BEFDD59C00882974E21, 7BB3577E7F5595B494687818149EE168FEBC2C03
2025-07-15 18:01:12.869, Lookup, 6d4fb79e-d273-44cf-97f2-cb15654497dc, ADC0E723DF6E376068DC6BEFDD59C00882974E21, EF461A172E10E6EA07A5D3337222C447C1BE57F1
2025-07-15 18:01:12.914, ReplyLookup, 6d4fb79e-d273-44cf-97f2-cb15654497dc, 7BB3577E7F5595B494687818149EE168FEBC2C03, 42B8EDF71004DC216629DBDFC221E7E33A024619
2025-07-15 18:01:13.883, Lookup, 2d455edc-2b10-4bf3-be86-3505b05bbc7c, 7BB3577E7F5595B494687818149EE168FEBC2C03, F283F65B4F3BC43D5CDE609449592EF014AD317E
2025-07-15 18:01:13.928, FindNode, 515d7f79-4c43-4804-b5d8-c2fa27936f82, ADC0E723DF6E376068DC6BEFDD59C00882974E21, F283F65B4F3BC43D5CDE609449592EF014AD317E
2025-07-15 18:01:13.928, ReplyFindNode, 515d7f79-4c43-4804-b5d8-c2fa27936f82, ADC0E723DF6E376068DC6BEFDD59C00882974E21, 7BB3577E7F5595B494687818149EE168FEBC2C03
2025-07-15 18:01:14.060, ReplyLookup, 2d455edc-2b10-4bf3-be86-3505b05bbc7c, ADC0E723DF6E376068DC6BEFDD59C00882974E21,
2025-07-15 18:01:17.355, EndReadWriteRegimen
2025-07-15 18:01:20.579, FindNode, 9540c606-90bf-4630-b427-3fd3330dbd77, 7BB3577E7F5595B494687818149EE168FEBC2C03, 7BB3577E7F5595B494697818149EE168FEBC2C03
2025-07-15 18:01:20.580, ReplyFindNode, 9540c606-90bf-4630-b427-3fd3330dbd77, 7BB3577E7F5595B494687818149EE168FEBC2C03, ADC0E723DF6E376068DC6BEFDD59C00882974E21
2025-07-15 18:01:23.924, FindNode, 6b4a4f4d-4e9a-4d58-b63a-c767d2ad8cec, ADC0E723DF6E376068DC6BEFDD59C00882974E21, ADC0E723DF6E376068DC6BEFDD59C00882974E29
2025-07-15 18:01:23.924, ReplyFindNode, 6b4a4f4d-4e9a-4d58-b63a-c767d2ad8cec, ADC0E723DF6E376068DC6BEFDD59C00882974E21, 7BB3577E7F5595B494687818149EE168FEBC2C03
2025-07-15 18:01:32.580, FindNode, ab3bffb3-2661-4dd1-9b7e-310201e88c00, 7BB3577E7F5595B494687818149EE168FEBC2C03, 7BB3577E7F5595B494687818149EE170FEBC2C03
2025-07-15 18:01:32.580, ReplyFindNode, ab3bffb3-2661-4dd1-9b7e-310201e88c00, 7BB3577E7F5595B494687818149EE168FEBC2C03, ADC0E723DF6E376068DC6BEFDD59C00882974E21
2025-07-15 18:01:35.924, FindNode, d847a919-1bcf-4dfc-a5fe-4c9eb3574375, ADC0E723DF6E376068DC6BEFDD59C00882974E21, ADC1E723DF6E376068DC6BEFDD59C00882974E21
2025-07-15 18:01:35.925, ReplyFindNode, d847a919-1bcf-4dfc-a5fe-4c9eb3574375, ADC0E723DF6E376068DC6BEFDD59C00882974E21, 7BB3577E7F5595B494687818149EE168FEBC2C03
2025-07-15 18:01:44.581, FindNode, f3b0e602-3464-467c-8800-018feaed59b9, 7BB3577E7F5595B494687818149EE168FEBC2C03, 7BB3577E7F5595B494687818149F0168FEBC2C03
2025-07-15 18:01:44.581, ReplyFindNode, f3b0e602-3464-467c-8800-018feaed59b9, 7BB3577E7F5595B494687818149EE168FEBC2C03, ADC0E723DF6E376068DC6BEFDD59C00882974E21
2025-07-15 18:01:47.925, FindNode, ff0b2b23-4eb2-4a5c-86c9-78b1c37ee49b, ADC0E723DF6E376068DC6BEFDD59C00882974E21, ADC0E723EF6E376068DC6BEFDD59C00882974E21
2025-07-15 18:01:47.925, ReplyFindNode, ff0b2b23-4eb2-4a5c-86c9-78b1c37ee49b, ADC0E723DF6E376068DC6BEFDD59C00882974E21, 7BB3577E7F5595B494687818149EE168FEBC2C03
2025-07-15 18:01:56.581, FindNode, a1b3f7eb-f4b7-4b90-87d5-572efd946638, 7BB3577E7F5595B494687818149EE168FEBC2C03, 7BB3577E7F5596B494687818149EE168FEBC2C03
2025-07-15 18:01:56.582, ReplyFindNode, a1b3f7eb-f4b7-4b90-87d5-572efd946638, 7BB3577E7F5595B494687818149EE168FEBC2C03, ADC0E723DF6E376068DC6BEFDD59C00882974E21
2025-07-15 18:01:59.926, FindNode, f9b5d47c-56bd-4525-8080-5ee5f649a9ec, ADC0E723DF6E376068DC6BEFDD59C00882974E21, ADC0E723DF6E376068DC6BEFDD59C04882974E21
2025-07-15 18:01:59.926, ReplyFindNode, f9b5d47c-56bd-4525-8080-5ee5f649a9ec, ADC0E723DF6E376068DC6BEFDD59C00882974E21, 7BB3577E7F5595B494687818149EE168FEBC2C03
2025-07-15 18:02:08.582, FindNode, 1b634597-4f88-4551-9478-d8b767da4541, 7BB3577E7F5595B494687818149EE168FEBC2C03, 7BB3577E7F5595B494687818149EE168FEC42C03
2025-07-15 18:02:08.582, ReplyFindNode, 1b634597-4f88-4551-9478-d8b767da4541, 7BB3577E7F5595B494687818149EE168FEBC2C03, ADC0E723DF6E376068DC6BEFDD59C00882974E21
2025-07-15 18:02:11.926, FindNode, 3a73f48d-5832-44ca-b238-c87439ab4539, ADC0E723DF6E376068DC6BEFDD59C00882974E21, ADC0E723DF6E376068DC6BEFDD59C008829B4E21
2025-07-15 18:02:11.926, ReplyFindNode, 3a73f48d-5832-44ca-b238-c87439ab4539, ADC0E723DF6E376068DC6BEFDD59C00882974E21, 7BB3577E7F5595B494687818149EE168FEBC2C03
2025-07-15 18:02:17.960, StartReadOnlyRegimen
2025-07-15 18:02:18.466, Lookup, 78942aa7-da23-4fdd-a7aa-9df4835fb120, ADC0E723DF6E376068DC6BEFDD59C00882974E21, 1CFFF69C6591CB6FA0B949D38B367B35ADCE97B7
2025-07-15 18:02:18.510, ReplyLookup, 78942aa7-da23-4fdd-a7aa-9df4835fb120, 7BB3577E7F5595B494687818149EE168FEBC2C03,
2025-07-15 18:02:18.972, Lookup, 01b0e002-88cc-4ad4-8de4-eb97feb1d96a, 7BB3577E7F5595B494687818149EE168FEBC2C03, BF88B1F23BD269260A2D45FCDF410296ABCAA4F3
2025-07-15 18:02:19.017, FindNode, 817fb571-552f-453b-b533-63ccd2f80a92, ADC0E723DF6E376068DC6BEFDD59C00882974E21, BF88B1F23BD269260A2D45FCDF410296ABCAA4F3
2025-07-15 18:02:19.017, ReplyFindNode, 817fb571-552f-453b-b533-63ccd2f80a92, ADC0E723DF6E376068DC6BEFDD59C00882974E21, 7BB3577E7F5595B494687818149EE168FEBC2C03
2025-07-15 18:02:19.148, ReplyLookup, 01b0e002-88cc-4ad4-8de4-eb97feb1d96a, ADC0E723DF6E376068DC6BEFDD59C00882974E21,
2025-07-15 18:02:20.583, FindNode, ba99e499-ed94-4922-9d1c-33544391fb72, 7BB3577E7F5595B494687818149EE168FEBC2C03, 7BB3577E7F5595B494687828149EE168FEBC2C03
2025-07-15 18:02:20.583, ReplyFindNode, ba99e499-ed94-4922-9d1c-33544391fb72, 7BB3577E7F5595B494687818149EE168FEBC2C03, ADC0E723DF6E376068DC6BEFDD59C00882974E21
2025-07-15 18:02:23.927, FindNode, f2e3e2b2-8956-4821-8dc0-98a0555c328a, ADC0E723DF6E376068DC6BEFDD59C00882974E21, ADC0E723DF6E376068DC6BEFDD59C20882974E21
2025-07-15 18:02:23.927, ReplyFindNode, f2e3e2b2-8956-4821-8dc0-98a0555c328a, ADC0E723DF6E376068DC6BEFDD59C00882974E21, 7BB3577E7F5595B494687818149EE168FEBC2C03
2025-07-15 18:02:32.583, FindNode, 1eb26ad7-e561-4f14-8d7e-3f6343a2f1f7, 7BB3577E7F5595B494687818149EE168FEBC2C03, 7BB3577E7F5595B494687818149EE168FEBC2C05
2025-07-15 18:02:32.584, ReplyFindNode, 1eb26ad7-e561-4f14-8d7e-3f6343a2f1f7, 7BB3577E7F5595B494687818149EE168FEBC2C03, ADC0E723DF6E376068DC6BEFDD59C00882974E21
2025-07-15 18:02:33.466, Lookup, 49b79fb0-5501-4ef5-b8df-19f33998f690, ADC0E723DF6E376068DC6BEFDD59C00882974E21, EF461A172E10E6EA07A5D3337222C447C1BE57F1
2025-07-15 18:02:33.510, ReplyLookup, 49b79fb0-5501-4ef5-b8df-19f33998f690, 7BB3577E7F5595B494687818149EE168FEBC2C03, 42B8EDF71004DC216629DBDFC221E7E33A024619
2025-07-15 18:02:33.971, Lookup, fc4141c2-c0e8-4eff-880d-74c8bd6aeef8, 7BB3577E7F5595B494687818149EE168FEBC2C03, 0C0D55BB44BDD82AE345763EE07A0F2640389669
2025-07-15 18:02:34.012, FindNode, af66fcb7-1e7f-430e-84f4-d472f4ebecc5, ADC0E723DF6E376068DC6BEFDD59C00882974E21, 0C0D55BB44BDD82AE345763EE07A0F2640389669
2025-07-15 18:02:34.012, ReplyFindNode, af66fcb7-1e7f-430e-84f4-d472f4ebecc5, ADC0E723DF6E376068DC6BEFDD59C00882974E21, 7BB3577E7F5595B494687818149EE168FEBC2C03
2025-07-15 18:02:34.103, ReplyLookup, fc4141c2-c0e8-4eff-880d-74c8bd6aeef8, ADC0E723DF6E376068DC6BEFDD59C00882974E21, B6D5D2F8B36E629C224D81AD2915EDDE5CA1049C
2025-07-15 18:02:35.928, FindNode, 0f1ca319-2f23-4767-8c59-95e1469e0299, ADC0E723DF6E376068DC6BEFDD59C00882974E21, CDC0E723DF6E376068DC6BEFDD59C00882974E21
2025-07-15 18:02:35.928, ReplyFindNode, 0f1ca319-2f23-4767-8c59-95e1469e0299, ADC0E723DF6E376068DC6BEFDD59C00882974E21, 7BB3577E7F5595B494687818149EE168FEBC2C03
2025-07-15 18:02:44.584, FindNode, 782aec8e-16ec-4127-9dd6-04354791f8ed, 7BB3577E7F5595B494687818149EE168FEBC2C03, 7BB3577E7F5595B49468781814BEE168FEBC2C03
2025-07-15 18:02:44.584, ReplyFindNode, 782aec8e-16ec-4127-9dd6-04354791f8ed, 7BB3577E7F5595B494687818149EE168FEBC2C03, ADC0E723DF6E376068DC6BEFDD59C00882974E21
2025-07-15 18:02:47.928, FindNode, 814435b7-59e0-4a97-a03b-6de2f122859e, ADC0E723DF6E376068DC6BEFDD59C00882974E21, ADC0E723DF6E376068DC6BEFDD59C00882974E25
2025-07-15 18:02:47.928, ReplyFindNode, 814435b7-59e0-4a97-a03b-6de2f122859e, ADC0E723DF6E376068DC6BEFDD59C00882974E21, 7BB3577E7F5595B494687818149EE168FEBC2C03
2025-07-15 18:02:48.466, Lookup, 96d01b50-3f8d-4848-bde3-967a7baa95e3, ADC0E723DF6E376068DC6BEFDD59C00882974E21, C8B8B30DF9CCAF9240BC5E19F2C3A9263EB56B68
2025-07-15 18:02:48.510, ReplyLookup, 96d01b50-3f8d-4848-bde3-967a7baa95e3, 7BB3577E7F5595B494687818149EE168FEBC2C03, 1E9857830CC4CD5742B26F45710A8537190E914C
2025-07-15 18:02:48.971, Lookup, 8de47ab4-75f6-4c22-8f96-805d074bda4c, 7BB3577E7F5595B494687818149EE168FEBC2C03, 0F10C12292978628EC49BB62F7D445E8E99F3C25
2025-07-15 18:02:49.016, FindNode, 73e35d72-fb9d-4694-88a1-31b195956b0e, ADC0E723DF6E376068DC6BEFDD59C00882974E21, 0F10C12292978628EC49BB62F7D445E8E99F3C25
2025-07-15 18:02:49.017, ReplyFindNode, 73e35d72-fb9d-4694-88a1-31b195956b0e, ADC0E723DF6E376068DC6BEFDD59C00882974E21, 7BB3577E7F5595B494687818149EE168FEBC2C03
2025-07-15 18:02:49.107, ReplyLookup, 8de47ab4-75f6-4c22-8f96-805d074bda4c, ADC0E723DF6E376068DC6BEFDD59C00882974E21, 580A928439F2EFF0F5ED81454EBF7EE7EFE93F21
2025-07-15 18:02:56.585, FindNode, 3012c9a1-34b2-4adb-84ba-32f7223d87b6, 7BB3577E7F5595B494687818149EE168FEBC2C03, 7BB3577E7F5595B49468781814AEE168FEBC2C03
2025-07-15 18:02:56.585, ReplyFindNode, 3012c9a1-34b2-4adb-84ba-32f7223d87b6, 7BB3577E7F5595B494687818149EE168FEBC2C03, ADC0E723DF6E376068DC6BEFDD59C00882974E21
2025-07-15 18:02:59.929, FindNode, 5f693499-6bd4-42b2-8ac3-514fc18dd7ad, ADC0E723DF6E376068DC6BEFDD59C00882974E21, ADC0E723DF6E376068DC6BEFDD99C00882974E21
2025-07-15 18:02:59.929, ReplyFindNode, 5f693499-6bd4-42b2-8ac3-514fc18dd7ad, ADC0E723DF6E376068DC6BEFDD59C00882974E21, 7BB3577E7F5595B494687818149EE168FEBC2C03
2025-07-15 18:03:03.466, Lookup, d439e62f-d78f-4b48-9769-bba3937c5ef6, ADC0E723DF6E376068DC6BEFDD59C00882974E21, E263E59015CD7056609B58E9B1CD834BB5FFC60D
2025-07-15 18:03:03.509, ReplyLookup, d439e62f-d78f-4b48-9769-bba3937c5ef6, 7BB3577E7F5595B494687818149EE168FEBC2C03, 80467EFB49B2CE0A052DCC4EBF90572E29B7934F
2025-07-15 18:03:03.971, Lookup, f636bc22-dd65-4ae8-83b6-3da5531d83be, 7BB3577E7F5595B494687818149EE168FEBC2C03, 0F10C12292978628EC49BB62F7D445E8E99F3C25
2025-07-15 18:03:04.016, FindNode, 0ff50de7-b23e-4147-b2b7-6271f63dbc09, ADC0E723DF6E376068DC6BEFDD59C00882974E21, 0F10C12292978628EC49BB62F7D445E8E99F3C25
2025-07-15 18:03:04.017, ReplyFindNode, 0ff50de7-b23e-4147-b2b7-6271f63dbc09, ADC0E723DF6E376068DC6BEFDD59C00882974E21, 7BB3577E7F5595B494687818149EE168FEBC2C03
2025-07-15 18:03:04.106, ReplyLookup, f636bc22-dd65-4ae8-83b6-3da5531d83be, ADC0E723DF6E376068DC6BEFDD59C00882974E21, 580A928439F2EFF0F5ED81454EBF7EE7EFE93F21
2025-07-15 18:03:08.585, FindNode, b2228918-5b8d-46dc-9f1b-d0c985a6c1cb, 7BB3577E7F5595B494687818149EE168FEBC2C03, 7BB3577E7F5595B494687818549EE168FEBC2C03
2025-07-15 18:03:08.586, ReplyFindNode, b2228918-5b8d-46dc-9f1b-d0c985a6c1cb, 7BB3577E7F5595B494687818149EE168FEBC2C03, ADC0E723DF6E376068DC6BEFDD59C00882974E21
2025-07-15 18:03:11.929, FindNode, 5f96f6c0-2c78-4e84-8ee5-f7558aec1cfa, ADC0E723DF6E376068DC6BEFDD59C00882974E21, ADC0E723DF72376068DC6BEFDD59C00882974E21
2025-07-15 18:03:11.930, ReplyFindNode, 5f96f6c0-2c78-4e84-8ee5-f7558aec1cfa, ADC0E723DF6E376068DC6BEFDD59C00882974E21, 7BB3577E7F5595B494687818149EE168FEBC2C03
2025-07-15 18:03:18.466, Lookup, 52d6d6db-5bd8-4b9f-aacf-8ccb0cd70166, ADC0E723DF6E376068DC6BEFDD59C00882974E21, 76A3E33653F8D4DE4F3BF54A343CE16A567507D2
2025-07-15 18:03:18.509, ReplyLookup, 52d6d6db-5bd8-4b9f-aacf-8ccb0cd70166, 7BB3577E7F5595B494687818149EE168FEBC2C03,
2025-07-15 18:03:18.971, Lookup, 4a0f767a-ae4c-46cf-8ad8-6e6967b5fdd2, 7BB3577E7F5595B494687818149EE168FEBC2C03, 0F10C12292978628EC49BB62F7D445E8E99F3C25
2025-07-15 18:03:19.012, FindNode, e0be4eba-a28e-4520-8853-c36d7192e7fa, ADC0E723DF6E376068DC6BEFDD59C00882974E21, 0F10C12292978628EC49BB62F7D445E8E99F3C25
2025-07-15 18:03:19.012, ReplyFindNode, e0be4eba-a28e-4520-8853-c36d7192e7fa, ADC0E723DF6E376068DC6BEFDD59C00882974E21, 7BB3577E7F5595B494687818149EE168FEBC2C03
2025-07-15 18:03:19.103, ReplyLookup, 4a0f767a-ae4c-46cf-8ad8-6e6967b5fdd2, ADC0E723DF6E376068DC6BEFDD59C00882974E21, 580A928439F2EFF0F5ED81454EBF7EE7EFE93F21
2025-07-15 18:03:20.586, FindNode, adfd1007-9636-4f69-9804-acb238d56c08, 7BB3577E7F5595B494687818149EE168FEBC2C03, 7BB3579E7F5595B494687818149EE168FEBC2C03
2025-07-15 18:03:20.586, ReplyFindNode, adfd1007-9636-4f69-9804-acb238d56c08, 7BB3577E7F5595B494687818149EE168FEBC2C03, ADC0E723DF6E376068DC6BEFDD59C00882974E21
2025-07-15 18:03:23.930, FindNode, d4c19dcd-189d-45fa-8661-5052bbb6c7a7, ADC0E723DF6E376068DC6BEFDD59C00882974E21, ADC0E723E16E376068DC6BEFDD59C00882974E21
2025-07-15 18:03:23.930, ReplyFindNode, d4c19dcd-189d-45fa-8661-5052bbb6c7a7, ADC0E723DF6E376068DC6BEFDD59C00882974E21, 7BB3577E7F5595B494687818149EE168FEBC2C03
2025-07-15 18:03:32.587, FindNode, 21e22e7f-e6ff-4d8e-bbac-1b3bedd5de0e, 7BB3577E7F5595B494687818149EE168FEBC2C03, 7BB3577E7F5595B494687818149F0168FEBC2C03
2025-07-15 18:03:32.587, ReplyFindNode, 21e22e7f-e6ff-4d8e-bbac-1b3bedd5de0e, 7BB3577E7F5595B494687818149EE168FEBC2C03, ADC0E723DF6E376068DC6BEFDD59C00882974E21
2025-07-15 18:03:33.467, Lookup, 1b15e792-da05-4e90-9ba1-44dbac7c791b, ADC0E723DF6E376068DC6BEFDD59C00882974E21, 1A114D868F54D0C0AA5852DAA9183CB803E52462
2025-07-15 18:03:33.509, ReplyLookup, 1b15e792-da05-4e90-9ba1-44dbac7c791b, 7BB3577E7F5595B494687818149EE168FEBC2C03,
2025-07-15 18:03:33.971, Lookup, 2ee9b027-4167-4b94-9ba3-55c9948f69bb, 7BB3577E7F5595B494687818149EE168FEBC2C03, 2781DD5755E5E35F9F81321950D2F389078662CF
2025-07-15 18:03:34.012, FindNode, 7445f748-64fe-41fd-803f-a7c83e0c6028, ADC0E723DF6E376068DC6BEFDD59C00882974E21, 2781DD5755E5E35F9F81321950D2F389078662CF
2025-07-15 18:03:34.012, ReplyFindNode, 7445f748-64fe-41fd-803f-a7c83e0c6028, ADC0E723DF6E376068DC6BEFDD59C00882974E21, 7BB3577E7F5595B494687818149EE168FEBC2C03
2025-07-15 18:03:34.144, ReplyLookup, 2ee9b027-4167-4b94-9ba3-55c9948f69bb, ADC0E723DF6E376068DC6BEFDD59C00882974E21,
2025-07-15 18:03:35.931, FindNode, 1f416e2d-8df9-4400-a2c3-2de65e3c9a60, ADC0E723DF6E376068DC6BEFDD59C00882974E21, ADC0E723DF6E376068DCEBEFDD59C00882974E21
2025-07-15 18:03:35.931, ReplyFindNode, 1f416e2d-8df9-4400-a2c3-2de65e3c9a60, ADC0E723DF6E376068DC6BEFDD59C00882974E21, 7BB3577E7F5595B494687818149EE168FEBC2C03
2025-07-15 18:03:44.587, FindNode, 2c3b1cac-a4a1-473b-ad2f-70a541a851ed, 7BB3577E7F5595B494687818149EE168FEBC2C03, 7BB3577E7F5599B494687818149EE168FEBC2C03
2025-07-15 18:03:44.588, ReplyFindNode, 2c3b1cac-a4a1-473b-ad2f-70a541a851ed, 7BB3577E7F5595B494687818149EE168FEBC2C03, ADC0E723DF6E376068DC6BEFDD59C00882974E21
2025-07-15 18:03:47.931, FindNode, 4d022fa2-bcac-46e3-ae3c-63ac06ee7451, ADC0E723DF6E376068DC6BEFDD59C00882974E21, ADC0E723DF76376068DC6BEFDD59C00882974E21
2025-07-15 18:03:47.932, ReplyFindNode, 4d022fa2-bcac-46e3-ae3c-63ac06ee7451, ADC0E723DF6E376068DC6BEFDD59C00882974E21, 7BB3577E7F5595B494687818149EE168FEBC2C03
2025-07-15 18:03:48.467, Lookup, c25c4a0a-a725-4a7a-bfa7-784398acd757, ADC0E723DF6E376068DC6BEFDD59C00882974E21, FEFC4833ED72B08AA63DDDDE958E43D2B4B6D314
2025-07-15 18:03:48.509, ReplyLookup, c25c4a0a-a725-4a7a-bfa7-784398acd757, 7BB3577E7F5595B494687818149EE168FEBC2C03,
2025-07-15 18:03:48.972, Lookup, 97505e68-be72-4a03-8acd-dedb0cbab220, 7BB3577E7F5595B494687818149EE168FEBC2C03, 4627A4E94BB06C98596A66ADA50F1E718F849876
2025-07-15 18:03:49.016, FindNode, b2e5d25d-4968-4aa8-9229-5928c431034b, ADC0E723DF6E376068DC6BEFDD59C00882974E21, 4627A4E94BB06C98596A66ADA50F1E718F849876
2025-07-15 18:03:49.016, ReplyFindNode, b2e5d25d-4968-4aa8-9229-5928c431034b, ADC0E723DF6E376068DC6BEFDD59C00882974E21, 7BB3577E7F5595B494687818149EE168FEBC2C03
2025-07-15 18:03:49.149, ReplyLookup, 97505e68-be72-4a03-8acd-dedb0cbab220, ADC0E723DF6E376068DC6BEFDD59C00882974E21,
2025-07-15 18:03:56.588, FindNode, 81dccf2f-e42a-4f16-b13d-bc9ebe5dac67, 7BB3577E7F5595B494687818149EE168FEBC2C03, 7BB3577E7F5595B494687828149EE168FEBC2C03
2025-07-15 18:03:56.588, ReplyFindNode, 81dccf2f-e42a-4f16-b13d-bc9ebe5dac67, 7BB3577E7F5595B494687818149EE168FEBC2C03, ADC0E723DF6E376068DC6BEFDD59C00882974E21
2025-07-15 18:03:59.932, FindNode, 47fa954c-12bf-4683-bf0e-492559ce690f, ADC0E723DF6E376068DC6BEFDD59C00882974E21, ADC0E723DF6E376068DC73EFDD59C00882974E21
2025-07-15 18:03:59.932, ReplyFindNode, 47fa954c-12bf-4683-bf0e-492559ce690f, ADC0E723DF6E376068DC6BEFDD59C00882974E21, 7BB3577E7F5595B494687818149EE168FEBC2C03
2025-07-15 18:04:03.468, Lookup, 430a2edf-02f1-498b-92d7-eb4736231992, ADC0E723DF6E376068DC6BEFDD59C00882974E21, 8FB19822EC1A9F78B748DE61D7744C3CEA3730A4
2025-07-15 18:04:03.512, FindNode, 0262dc3a-75bb-46b9-b39c-dadfab8ca0b2, 7BB3577E7F5595B494687818149EE168FEBC2C03, 8FB19822EC1A9F78B748DE61D7744C3CEA3730A4
2025-07-15 18:04:03.513, ReplyFindNode, 0262dc3a-75bb-46b9-b39c-dadfab8ca0b2, 7BB3577E7F5595B494687818149EE168FEBC2C03, ADC0E723DF6E376068DC6BEFDD59C00882974E21
2025-07-15 18:04:03.644, ReplyLookup, 430a2edf-02f1-498b-92d7-eb4736231992, 7BB3577E7F5595B494687818149EE168FEBC2C03,
2025-07-15 18:04:03.972, Lookup, 91f59c57-b9a2-4879-9177-8b9e59b4163c, 7BB3577E7F5595B494687818149EE168FEBC2C03, 8FC188F8387A28FC06A18A49F14A8E6A09608B56
2025-07-15 18:04:04.017, ReplyLookup, 91f59c57-b9a2-4879-9177-8b9e59b4163c, ADC0E723DF6E376068DC6BEFDD59C00882974E21,
2025-07-15 18:04:08.588, FindNode, 5e8a2dd6-47ea-42bb-a35a-a471b6275fbd, 7BB3577E7F5595B494687818149EE168FEBC2C03, 7BB3577E7F5595B494687818149EE178FEBC2C03
2025-07-15 18:04:08.589, ReplyFindNode, 5e8a2dd6-47ea-42bb-a35a-a471b6275fbd, 7BB3577E7F5595B494687818149EE168FEBC2C03, ADC0E723DF6E376068DC6BEFDD59C00882974E21
2025-07-15 18:04:11.933, FindNode, 6a7e5961-088a-4e3a-af6a-acd451547ca1, ADC0E723DF6E376068DC6BEFDD59C00882974E21, ADC0E723DF6E576068DC6BEFDD59C00882974E21
2025-07-15 18:04:11.933, ReplyFindNode, 6a7e5961-088a-4e3a-af6a-acd451547ca1, ADC0E723DF6E376068DC6BEFDD59C00882974E21, 7BB3577E7F5595B494687818149EE168FEBC2C03
2025-07-15 18:04:18.468, Lookup, 1347d16a-f3b3-492e-b494-18b4dbe021c2, ADC0E723DF6E376068DC6BEFDD59C00882974E21, EF461A172E10E6EA07A5D3337222C447C1BE57F1
2025-07-15 18:04:18.514, ReplyLookup, 1347d16a-f3b3-492e-b494-18b4dbe021c2, 7BB3577E7F5595B494687818149EE168FEBC2C03, 42B8EDF71004DC216629DBDFC221E7E33A024619
2025-07-15 18:04:18.973, Lookup, 82c2750e-bda0-4b42-9887-c71878c639ac, 7BB3577E7F5595B494687818149EE168FEBC2C03, 8537B074D13C5AB7CDECD272B196BB12F281A871
2025-07-15 18:04:19.017, ReplyLookup, 82c2750e-bda0-4b42-9887-c71878c639ac, ADC0E723DF6E376068DC6BEFDD59C00882974E21,
2025-07-15 18:04:20.589, FindNode, a4636325-9a15-4d99-b73c-657cc13f6a0d, 7BB3577E7F5595B494687818149EE168FEBC2C03, 7BB3577E7F559DB494687818149EE168FEBC2C03
2025-07-15 18:04:20.589, ReplyFindNode, a4636325-9a15-4d99-b73c-657cc13f6a0d, 7BB3577E7F5595B494687818149EE168FEBC2C03, ADC0E723DF6E376068DC6BEFDD59C00882974E21
2025-07-15 18:04:23.933, FindNode, a2d66c4c-899d-4229-b9d7-cf45900082ce, ADC0E723DF6E376068DC6BEFDD59C00882974E21, ADC0E723DF6E376068DC6BEFDD59C008829F4E21
2025-07-15 18:04:23.933, ReplyFindNode, a2d66c4c-899d-4229-b9d7-cf45900082ce, ADC0E723DF6E376068DC6BEFDD59C00882974E21, 7BB3577E7F5595B494687818149EE168FEBC2C03
2025-07-15 18:04:32.590, FindNode, 7204db94-1755-4d6e-8402-5b3ff3d35d67, 7BB3577E7F5595B494687818149EE168FEBC2C03, 7BB3577E7F5595B494687818149EE168FEBE2C03
2025-07-15 18:04:32.590, ReplyFindNode, 7204db94-1755-4d6e-8402-5b3ff3d35d67, 7BB3577E7F5595B494687818149EE168FEBC2C03, ADC0E723DF6E376068DC6BEFDD59C00882974E21
2025-07-15 18:04:33.468, Lookup, dccc1aa5-da4b-44a7-99ea-54036f3ac77e, ADC0E723DF6E376068DC6BEFDD59C00882974E21, E263E59015CD7056609B58E9B1CD834BB5FFC60D
2025-07-15 18:04:33.514, ReplyLookup, dccc1aa5-da4b-44a7-99ea-54036f3ac77e, 7BB3577E7F5595B494687818149EE168FEBC2C03, 80467EFB49B2CE0A052DCC4EBF90572E29B7934F
2025-07-15 18:04:33.973, Lookup, 8db5eb35-cb38-468e-a218-f37667f35010, 7BB3577E7F5595B494687818149EE168FEBC2C03, 3BB1F7FCFE6013B35DAF5CE6AAEF6EAA60B1CF9D
2025-07-15 18:04:34.016, FindNode, b2656749-5e77-48ca-a774-ee2bbec19f18, ADC0E723DF6E376068DC6BEFDD59C00882974E21, 3BB1F7FCFE6013B35DAF5CE6AAEF6EAA60B1CF9D
2025-07-15 18:04:34.016, ReplyFindNode, b2656749-5e77-48ca-a774-ee2bbec19f18, ADC0E723DF6E376068DC6BEFDD59C00882974E21, 7BB3577E7F5595B494687818149EE168FEBC2C03
2025-07-15 18:04:34.148, ReplyLookup, 8db5eb35-cb38-468e-a218-f37667f35010, ADC0E723DF6E376068DC6BEFDD59C00882974E21,
2025-07-15 18:04:35.934, FindNode, e13f4b20-9291-4b2e-a420-319e0350bd7a, ADC0E723DF6E376068DC6BEFDD59C00882974E21, ADC0E763DF6E376068DC6BEFDD59C00882974E21
2025-07-15 18:04:35.934, ReplyFindNode, e13f4b20-9291-4b2e-a420-319e0350bd7a, ADC0E723DF6E376068DC6BEFDD59C00882974E21, 7BB3577E7F5595B494687818149EE168FEBC2C03
2025-07-15 18:04:44.590, FindNode, 13e000b4-9126-428a-b008-7e58eac06053, 7BB3577E7F5595B494687818149EE168FEBC2C03, 7BB3577E7F5595BC94687818149EE168FEBC2C03
2025-07-15 18:04:44.591, ReplyFindNode, 13e000b4-9126-428a-b008-7e58eac06053, 7BB3577E7F5595B494687818149EE168FEBC2C03, ADC0E723DF6E376068DC6BEFDD59C00882974E21
2025-07-15 18:04:47.935, FindNode, 111f992d-b441-45a0-b1f7-77b5361c2479, ADC0E723DF6E376068DC6BEFDD59C00882974E21, ADC0E723DF6E376068DC6BF05D59C00882974E21
2025-07-15 18:04:47.935, ReplyFindNode, 111f992d-b441-45a0-b1f7-77b5361c2479, ADC0E723DF6E376068DC6BEFDD59C00882974E21, 7BB3577E7F5595B494687818149EE168FEBC2C03
2025-07-15 18:04:48.468, Lookup, c7ee265f-3833-460c-9d13-7d913b96c83c, ADC0E723DF6E376068DC6BEFDD59C00882974E21, E263E59015CD7056609B58E9B1CD834BB5FFC60D
2025-07-15 18:04:48.514, ReplyLookup, c7ee265f-3833-460c-9d13-7d913b96c83c, 7BB3577E7F5595B494687818149EE168FEBC2C03, 80467EFB49B2CE0A052DCC4EBF90572E29B7934F
2025-07-15 18:04:48.973, Lookup, a0e3e45f-e4fa-427e-8cb5-586910fa611d, 7BB3577E7F5595B494687818149EE168FEBC2C03, 0D72C8E05CBB0A1D1B6071D976C5CDA18D1A124C
2025-07-15 18:04:49.016, FindNode, 4cff1ae1-ed16-413a-9f2c-3628cef409f8, ADC0E723DF6E376068DC6BEFDD59C00882974E21, 0D72C8E05CBB0A1D1B6071D976C5CDA18D1A124C
2025-07-15 18:04:49.016, ReplyFindNode, 4cff1ae1-ed16-413a-9f2c-3628cef409f8, ADC0E723DF6E376068DC6BEFDD59C00882974E21, 7BB3577E7F5595B494687818149EE168FEBC2C03
2025-07-15 18:04:49.148, ReplyLookup, a0e3e45f-e4fa-427e-8cb5-586910fa611d, ADC0E723DF6E376068DC6BEFDD59C00882974E21,
2025-07-15 18:04:56.591, FindNode, d11d86ed-e678-4c52-8bec-c6148f9665c3, 7BB3577E7F5595B494687818149EE168FEBC2C03, 7BB3577E7F5595B4946878181C9EE168FEBC2C03
2025-07-15 18:04:56.591, ReplyFindNode, d11d86ed-e678-4c52-8bec-c6148f9665c3, 7BB3577E7F5595B494687818149EE168FEBC2C03, ADC0E723DF6E376068DC6BEFDD59C00882974E21
2025-07-15 18:04:59.935, FindNode, 8318c1ec-98d6-4058-a5cf-c7495574ddca, ADC0E723DF6E376068DC6BEFDD59C00882974E21, ADC0E723DF6E376068DC6BEFDD59C00882A74E21
2025-07-15 18:04:59.935, ReplyFindNode, 8318c1ec-98d6-4058-a5cf-c7495574ddca, ADC0E723DF6E376068DC6BEFDD59C00882974E21, 7BB3577E7F5595B494687818149EE168FEBC2C03
2025-07-15 18:05:03.468, Lookup, a933255e-eb46-474a-b992-eb24f86db168, ADC0E723DF6E376068DC6BEFDD59C00882974E21, C8B8B30DF9CCAF9240BC5E19F2C3A9263EB56B68
2025-07-15 18:05:03.514, ReplyLookup, a933255e-eb46-474a-b992-eb24f86db168, 7BB3577E7F5595B494687818149EE168FEBC2C03, 1E9857830CC4CD5742B26F45710A8537190E914C
2025-07-15 18:05:03.974, Lookup, 82d9f146-8404-4fae-969f-35294c46f73c, 7BB3577E7F5595B494687818149EE168FEBC2C03, E92299375924C3D5164B511ABB275262712364E3
2025-07-15 18:05:04.016, FindNode, 6399490f-68ae-4057-900f-17c7d7c0dab3, ADC0E723DF6E376068DC6BEFDD59C00882974E21, E92299375924C3D5164B511ABB275262712364E3
2025-07-15 18:05:04.017, ReplyFindNode, 6399490f-68ae-4057-900f-17c7d7c0dab3, ADC0E723DF6E376068DC6BEFDD59C00882974E21, 7BB3577E7F5595B494687818149EE168FEBC2C03
2025-07-15 18:05:04.148, ReplyLookup, 82d9f146-8404-4fae-969f-35294c46f73c, ADC0E723DF6E376068DC6BEFDD59C00882974E21,
2025-07-15 18:05:08.592, FindNode, 1947c419-2e92-43da-940f-c037383eba7d, 7BB3577E7F5595B494687818149EE168FEBC2C03, 7BB3577E7F5595B494687818149F6168FEBC2C03
2025-07-15 18:05:08.592, ReplyFindNode, 1947c419-2e92-43da-940f-c037383eba7d, 7BB3577E7F5595B494687818149EE168FEBC2C03, ADC0E723DF6E376068DC6BEFDD59C00882974E21
2025-07-15 18:05:11.936, FindNode, 04706361-8b65-4ed5-9366-01702604f789, ADC0E723DF6E376068DC6BEFDD59C00882974E21, ADC0E727DF6E376068DC6BEFDD59C00882974E21
2025-07-15 18:05:11.936, ReplyFindNode, 04706361-8b65-4ed5-9366-01702604f789, ADC0E723DF6E376068DC6BEFDD59C00882974E21, 7BB3577E7F5595B494687818149EE168FEBC2C03
2025-07-15 18:05:18.468, Lookup, a637f018-d5f3-4427-a389-670e1a21a0c1, ADC0E723DF6E376068DC6BEFDD59C00882974E21, 8A8AC395C43863828DA6A46F963E1F78A030D24F
2025-07-15 18:05:18.512, FindNode, e70f6e13-739d-4488-b743-54b6c0078f57, 7BB3577E7F5595B494687818149EE168FEBC2C03, 8A8AC395C43863828DA6A46F963E1F78A030D24F
2025-07-15 18:05:18.513, ReplyFindNode, e70f6e13-739d-4488-b743-54b6c0078f57, 7BB3577E7F5595B494687818149EE168FEBC2C03, ADC0E723DF6E376068DC6BEFDD59C00882974E21
2025-07-15 18:05:18.644, ReplyLookup, a637f018-d5f3-4427-a389-670e1a21a0c1, 7BB3577E7F5595B494687818149EE168FEBC2C03,
2025-07-15 18:05:18.975, Lookup, 1b2d68ae-c52a-4033-af9f-b1dcc030078c, 7BB3577E7F5595B494687818149EE168FEBC2C03, F283F65B4F3BC43D5CDE609449592EF014AD317E
2025-07-15 18:05:19.016, FindNode, a185f384-df1b-4e00-8122-94be7b809121, ADC0E723DF6E376068DC6BEFDD59C00882974E21, F283F65B4F3BC43D5CDE609449592EF014AD317E
2025-07-15 18:05:19.016, ReplyFindNode, a185f384-df1b-4e00-8122-94be7b809121, ADC0E723DF6E376068DC6BEFDD59C00882974E21, 7BB3577E7F5595B494687818149EE168FEBC2C03
2025-07-15 18:05:19.104, ReplyLookup, 1b2d68ae-c52a-4033-af9f-b1dcc030078c, ADC0E723DF6E376068DC6BEFDD59C00882974E21,
2025-07-15 18:05:20.576, EndReadOnlyRegimen
2025-07-15 18:05:20.592, FindNode, 4066ae9a-25c9-4a5c-8870-f5be824054db, 7BB3577E7F5595B494687818149EE168FEBC2C03, 7BB3577E7F5595B494687818149EE168FEBCAC03
2025-07-15 18:05:20.592, ReplyFindNode, 4066ae9a-25c9-4a5c-8870-f5be824054db, 7BB3577E7F5595B494687818149EE168FEBC2C03, ADC0E723DF6E376068DC6BEFDD59C00882974E21
2025-07-15 18:05:23.937, FindNode, c145f670-db9b-4d71-8f3c-277e600783b9, ADC0E723DF6E376068DC6BEFDD59C00882974E21, ADC0E723DF6E376068DC6BEFE159C00882974E21
2025-07-15 18:05:23.937, ReplyFindNode, c145f670-db9b-4d71-8f3c-277e600783b9, ADC0E723DF6E376068DC6BEFDD59C00882974E21, 7BB3577E7F5595B494687818149EE168FEBC2C03
2025-07-15 18:05:32.593, FindNode, c57c3037-58b7-4df5-8d92-d4762707babb, 7BB3577E7F5595B494687818149EE168FEBC2C03, 7BB3577E7F5595B494687818149EE168FEC42C03
2025-07-15 18:05:32.593, ReplyFindNode, c57c3037-58b7-4df5-8d92-d4762707babb, 7BB3577E7F5595B494687818149EE168FEBC2C03, ADC0E723DF6E376068DC6BEFDD59C00882974E21
2025-07-15 18:05:35.937, FindNode, 2c2367e4-bc66-40d6-8b18-c657bc045843, ADC0E723DF6E376068DC6BEFDD59C00882974E21, ADC0E723DF72376068DC6BEFDD59C00882974E21
2025-07-15 18:05:35.938, ReplyFindNode, 2c2367e4-bc66-40d6-8b18-c657bc045843, ADC0E723DF6E376068DC6BEFDD59C00882974E21, 7BB3577E7F5595B494687818149EE168FEBC2C03
2025-07-15 18:05:44.593, FindNode, c96c9efa-f910-4ead-8ea1-230ed65bbbee, 7BB3577E7F5595B494687818149EE168FEBC2C03, 7BB3577E7F5D95B494687818149EE168FEBC2C03
2025-07-15 18:05:44.594, ReplyFindNode, c96c9efa-f910-4ead-8ea1-230ed65bbbee, 7BB3577E7F5595B494687818149EE168FEBC2C03, ADC0E723DF6E376068DC6BEFDD59C00882974E21
2025-07-15 18:05:47.938, FindNode, 863a89cf-b56d-402d-8496-099ee366a146, ADC0E723DF6E376068DC6BEFDD59C00882974E21, ADC0E723DF6E376068DC6BEFDD59E00882974E21
2025-07-15 18:05:47.938, ReplyFindNode, 863a89cf-b56d-402d-8496-099ee366a146, ADC0E723DF6E376068DC6BEFDD59C00882974E21, 7BB3577E7F5595B494687818149EE168FEBC2C03
2025-07-15 18:05:56.594, FindNode, e68d07c4-5bbb-4e80-9505-d6b994a07ba5, 7BB3577E7F5595B494687818149EE168FEBC2C03, BBB3577E7F5595B494687818149EE168FEBC2C03
2025-07-15 18:05:56.636, FindNode, 9a0edbbd-a16e-44e5-8d22-a19150cc864d, ADC0E723DF6E376068DC6BEFDD59C00882974E21, BBB3577E7F5595B494687818149EE168FEBC2C03
2025-07-15 18:05:56.636, ReplyFindNode, 9a0edbbd-a16e-44e5-8d22-a19150cc864d, ADC0E723DF6E376068DC6BEFDD59C00882974E21, 7BB3577E7F5595B494687818149EE168FEBC2C03
2025-07-15 18:05:56.638, ReplyFindNode, e68d07c4-5bbb-4e80-9505-d6b994a07ba5, 7BB3577E7F5595B494687818149EE168FEBC2C03, ADC0E723DF6E376068DC6BEFDD59C00882974E21
2025-07-15 18:05:59.939, FindNode, 2206caab-a87f-40fe-b3d3-beda07933073, ADC0E723DF6E376068DC6BEFDD59C00882974E21, AFC0E723DF6E376068DC6BEFDD59C00882974E21
2025-07-15 18:05:59.939, ReplyFindNode, 2206caab-a87f-40fe-b3d3-beda07933073, ADC0E723DF6E376068DC6BEFDD59C00882974E21, 7BB3577E7F5595B494687818149EE168FEBC2C03
2025-07-15 18:06:08.638, FindNode, a984a45c-262b-4abc-9cd1-93bda2fc024d, 7BB3577E7F5595B494687818149EE168FEBC2C03, 7BB3577E7F5595B494687818151EE168FEBC2C03
2025-07-15 18:06:08.639, ReplyFindNode, a984a45c-262b-4abc-9cd1-93bda2fc024d, 7BB3577E7F5595B494687818149EE168FEBC2C03, ADC0E723DF6E376068DC6BEFDD59C00882974E21
2025-07-15 18:06:11.939, FindNode, c0acd19c-c9a0-475c-813b-8f0778327730, ADC0E723DF6E376068DC6BEFDD59C00882974E21, ADC0E723DF6E376068DC6BEFDF59C00882974E21
2025-07-15 18:06:11.939, ReplyFindNode, c0acd19c-c9a0-475c-813b-8f0778327730, ADC0E723DF6E376068DC6BEFDD59C00882974E21, 7BB3577E7F5595B494687818149EE168FEBC2C03
2025-07-15 18:06:20.639, FindNode, 419ed538-9ef7-45a4-b676-3c4e6f7fefeb, 7BB3577E7F5595B494687818149EE168FEBC2C03, 7DB3577E7F5595B494687818149EE168FEBC2C03
2025-07-15 18:06:20.639, ReplyFindNode, 419ed538-9ef7-45a4-b676-3c4e6f7fefeb, 7BB3577E7F5595B494687818149EE168FEBC2C03, ADC0E723DF6E376068DC6BEFDD59C00882974E21
2025-07-15 18:06:21.254, EndStableRegimen
2025-07-15 18:06:21.691, Leave, c1705ec6-f270-41ef-8a3a-0d43f5ca4fe6, ADC0E723DF6E376068DC6BEFDD59C00882974E21
2025-07-15 18:06:21.792, ReplyLeave, c1705ec6-f270-41ef-8a3a-0d43f5ca4fe6
2025-07-15 18:06:21.793, EndMember, ADC0E723DF6E376068DC6BEFDD59C00882974E21
2025-07-15 18:06:32.640, FindNode, da9ce6e7-83f6-484b-841b-f5a010a7d0b1, 7BB3577E7F5595B494687818149EE168FEBC2C03, 7BB3577E7F559DB494687818149EE168FEBC2C03
2025-07-15 18:06:32.640, ReplyFindNode, da9ce6e7-83f6-484b-841b-f5a010a7d0b1, 7BB3577E7F5595B494687818149EE168FEBC2C03, 7BB3577E7F5595B494687818149EE168FEBC2C03
2025-07-15 18:06:44.640, FindNode, 1e25f95f-b23f-4fc8-9b63-f02a41ce3e48, 7BB3577E7F5595B494687818149EE168FEBC2C03, 7BB3577E7F5595B494697818149EE168FEBC2C03
2025-07-15 18:06:44.641, ReplyFindNode, 1e25f95f-b23f-4fc8-9b63-f02a41ce3e48, 7BB3577E7F5595B494687818149EE168FEBC2C03, 7BB3577E7F5595B494687818149EE168FEBC2C03
2025-07-15 18:06:52.382, Leave, ee46ff7d-64f3-4506-8bca-ebe82863d09c, 7BB3577E7F5595B494687818149EE168FEBC2C03
2025-07-15 18:06:52.444, ReplyLeave, ee46ff7d-64f3-4506-8bca-ebe82863d09c
2025-07-15 18:06:52.445, EndMember, 7BB3577E7F5595B494687818149EE168FEBC2C03
