2025-07-23 22:02:54.659, New Successor, 488D91B7237C9FDEC56C70D9374C721A2F230821, 7BB3577E7F5595B494687818149EE168FEBC2C03
2025-07-23 22:02:54.750, New Successor, 488D91B7237C9FDEC56C70D9374C721A2F230821, 7BB3577E7F5595B494687818149EE168FEBC2C03
2025-07-23 22:02:54.978, New Successor, 7BB3577E7F5595B494687818149EE168FEBC2C03, 488D91B7237C9FDEC56C70D9374C721A2F230821
2025-07-23 22:02:55.070, New Successor, 488D91B7237C9FDEC56C70D9374C721A2F230821, 7BB3577E7F5595B494687818149EE168FEBC2C03
2025-07-23 22:02:59.612, New Successor, 488D91B7237C9FDEC56C70D9374C721A2F230821, 7BB3577E7F5595B494687818149EE168FEBC2C03
2025-07-23 22:03:07.120, New Successor, 7BB3577E7F5595B494687818149EE168FEBC2C03, 488D91B7237C9FDEC56C70D9374C721A2F230821
2025-07-23 22:03:11.664, New Successor, 488D91B7237C9FDEC56C70D9374C721A2F230821, 7BB3577E7F5595B494687818149EE168FEBC2C03
2025-07-23 22:03:19.168, New Successor, 7BB3577E7F5595B494687818149EE168FEBC2C03, 488D91B7237C9FDEC56C70D9374C721A2F230821
2025-07-23 22:03:23.716, New Successor, 488D91B7237C9FDEC56C70D9374C721A2F230821, 7BB3577E7F5595B494687818149EE168FEBC2C03
2025-07-23 22:03:25.479, New Successor, ADC0E723DF6E376068DC6BEFDD59C00882974E21, 7BB3577E7F5595B494687818149EE168FEBC2C03
2025-07-23 22:03:25.571, New Successor, ADC0E723DF6E376068DC6BEFDD59C00882974E21, 7BB3577E7F5595B494687818149EE168FEBC2C03
2025-07-23 22:03:25.793, New Successor, 7BB3577E7F5595B494687818149EE168FEBC2C03, ADC0E723DF6E376068DC6BEFDD59C00882974E21
2025-07-23 22:03:26.025, New Successor, ADC0E723DF6E376068DC6BEFDD59C00882974E21, 488D91B7237C9FDEC56C70D9374C721A2F230821
2025-07-23 22:03:56.399, New Successor, 1310CA676570E3E69902AE9E8F0A939C39E6159B, 7BB3577E7F5595B494687818149EE168FEBC2C03
2025-07-23 22:03:56.538, New Successor, 1310CA676570E3E69902AE9E8F0A939C39E6159B, 7BB3577E7F5595B494687818149EE168FEBC2C03
2025-07-23 22:03:56.985, New Successor, 1310CA676570E3E69902AE9E8F0A939C39E6159B, 488D91B7237C9FDEC56C70D9374C721A2F230821
2025-07-23 22:04:02.799, New Successor, ADC0E723DF6E376068DC6BEFDD59C00882974E21, 1310CA676570E3E69902AE9E8F0A939C39E6159B
2025-07-23 22:04:27.300, New Successor, C6EEA59CE4CF611D37FA2777D94B23FB46252E13, 7BB3577E7F5595B494687818149EE168FEBC2C03
2025-07-23 22:04:27.440, New Successor, C6EEA59CE4CF611D37FA2777D94B23FB46252E13, 7BB3577E7F5595B494687818149EE168FEBC2C03
2025-07-23 22:04:27.893, New Successor, C6EEA59CE4CF611D37FA2777D94B23FB46252E13, 488D91B7237C9FDEC56C70D9374C721A2F230821
2025-07-23 22:04:28.166, New Successor, C6EEA59CE4CF611D37FA2777D94B23FB46252E13, 1310CA676570E3E69902AE9E8F0A939C39E6159B
2025-07-23 22:04:39.258, New Successor, ADC0E723DF6E376068DC6BEFDD59C00882974E21, C6EEA59CE4CF611D37FA2777D94B23FB46252E13
2025-07-23 22:13:42.217, New Successor, 1310CA676570E3E69902AE9E8F0A939C39E6159B, C6EEA59CE4CF611D37FA2777D94B23FB46252E13
2025-07-23 22:13:47.086, New Successor, C6EEA59CE4CF611D37FA2777D94B23FB46252E13, 1310CA676570E3E69902AE9E8F0A939C39E6159B
2025-07-23 22:13:47.091, New Successor, 1310CA676570E3E69902AE9E8F0A939C39E6159B, 488D91B7237C9FDEC56C70D9374C721A2F230821
