2025-07-15 19:30:11.261, FindNode, 640a9ee6-ed66-4f79-a768-081bae0ae802, 7BB3577E7F5595B494687818149EE168FEBC2C03, 7BB3577E7F5595B4946A7818149EE168FEBC2C03
2025-07-15 19:30:11.271, ReplyFindNode, 640a9ee6-ed66-4f79-a768-081bae0ae802, 7BB3577E7F5595B494687818149EE168FEBC2C03, 7BB3577E7F5595B494687818149EE168FEBC2C03
2025-07-15 19:30:23.272, FindNode, e5ce9afe-1f9a-41ce-9b8a-8f42291e1c46, 7BB3577E7F5595B494687818149EE168FEBC2C03, 7BB35F7E7F5595B494687818149EE168FEBC2C03
2025-07-15 19:30:23.272, ReplyFindNode, e5ce9afe-1f9a-41ce-9b8a-8f42291e1c46, 7BB3577E7F5595B494687818149EE168FEBC2C03, 7BB3577E7F5595B494687818149EE168FEBC2C03
2025-07-15 19:30:35.273, FindNode, a69991a5-d70a-4e44-9292-b58d635d4e80, 7BB3577E7F5595B494687818149EE168FEBC2C03, 7BB3577E7F5595B494687A18149EE168FEBC2C03
2025-07-15 19:30:35.273, ReplyFindNode, a69991a5-d70a-4e44-9292-b58d635d4e80, 7BB3577E7F5595B494687818149EE168FEBC2C03, 7BB3577E7F5595B494687818149EE168FEBC2C03
2025-07-15 19:30:42.382, Join, bcb48936-582d-43c5-a789-f431079bdfba, 488D91B7237C9FDEC56C70D9374C721A2F230821
2025-07-15 19:30:42.875, FindNode, ce50485c-7bd9-431b-bf95-341173fc56a5, 7BB3577E7F5595B494687818149EE168FEBC2C03, 488D91B7237C9FDEC56C70D9374C721A2F230821
2025-07-15 19:30:42.876, ReplyFindNode, ce50485c-7bd9-431b-bf95-341173fc56a5, 7BB3577E7F5595B494687818149EE168FEBC2C03, 7BB3577E7F5595B494687818149EE168FEBC2C03
2025-07-15 19:30:43.276, FindNode, 7a3fcef2-81a1-41b0-b3c7-914bf788ddba, 488D91B7237C9FDEC56C70D9374C721A2F230821, 488D92B7237C9FDEC56C70D9374C721A2F230821
2025-07-15 19:30:43.278, ReplyJoin, bcb48936-582d-43c5-a789-f431079bdfba
2025-07-15 19:30:43.286, ReplyFindNode, 7a3fcef2-81a1-41b0-b3c7-914bf788ddba, 488D91B7237C9FDEC56C70D9374C721A2F230821, 7BB3577E7F5595B494687818149EE168FEBC2C03
2025-07-15 19:30:47.274, FindNode, af03cf79-83d7-420c-b0af-d1190c486def, 7BB3577E7F5595B494687818149EE168FEBC2C03, 7BD3577E7F5595B494687818149EE168FEBC2C03
2025-07-15 19:30:47.275, ReplyFindNode, af03cf79-83d7-420c-b0af-d1190c486def, 7BB3577E7F5595B494687818149EE168FEBC2C03, 488D91B7237C9FDEC56C70D9374C721A2F230821
2025-07-15 19:30:55.287, FindNode, 113ea88a-5982-4bcb-82e1-f1597be3833a, 488D91B7237C9FDEC56C70D9374C721A2F230821, 488D91B7237C9FDEC56C70D9374C921A2F230821
2025-07-15 19:30:55.288, ReplyFindNode, 113ea88a-5982-4bcb-82e1-f1597be3833a, 488D91B7237C9FDEC56C70D9374C721A2F230821, 7BB3577E7F5595B494687818149EE168FEBC2C03
2025-07-15 19:30:59.275, FindNode, 46c9c54f-994b-46b8-9349-4b88b89f572e, 7BB3577E7F5595B494687818149EE168FEBC2C03, 7BB3577E7F5595B494687818149EE168FEDC2C03
2025-07-15 19:30:59.276, ReplyFindNode, 46c9c54f-994b-46b8-9349-4b88b89f572e, 7BB3577E7F5595B494687818149EE168FEBC2C03, 488D91B7237C9FDEC56C70D9374C721A2F230821
2025-07-15 19:31:07.288, FindNode, d5463b16-7747-487b-a92f-77c6ed7d0dec, 488D91B7237C9FDEC56C70D9374C721A2F230821, 488D91B7237C9FDEC56C70DB374C721A2F230821
2025-07-15 19:31:07.289, ReplyFindNode, d5463b16-7747-487b-a92f-77c6ed7d0dec, 488D91B7237C9FDEC56C70D9374C721A2F230821, 7BB3577E7F5595B494687818149EE168FEBC2C03
2025-07-15 19:31:11.276, FindNode, 1298f403-14ac-4fc3-8d35-a4cc6f7cb457, 7BB3577E7F5595B494687818149EE168FEBC2C03, 7BB3577E7F5595B494687818149EE568FEBC2C03
2025-07-15 19:31:11.276, ReplyFindNode, 1298f403-14ac-4fc3-8d35-a4cc6f7cb457, 7BB3577E7F5595B494687818149EE168FEBC2C03, 488D91B7237C9FDEC56C70D9374C721A2F230821
2025-07-15 19:31:13.678, Join, b5250d61-7976-40c4-a4a2-63665bca4777, ADC0E723DF6E376068DC6BEFDD59C00882974E21
2025-07-15 19:31:14.149, FindNode, a59df391-3f7f-4446-82ff-1fcab3fb7032, 7BB3577E7F5595B494687818149EE168FEBC2C03, ADC0E723DF6E376068DC6BEFDD59C00882974E21
2025-07-15 19:31:14.149, ReplyFindNode, a59df391-3f7f-4446-82ff-1fcab3fb7032, 7BB3577E7F5595B494687818149EE168FEBC2C03, 488D91B7237C9FDEC56C70D9374C721A2F230821
2025-07-15 19:31:14.947, FindNode, 6921b57d-20d2-4d85-823b-fea0ae4adfe9, ADC0E723DF6E376068DC6BEFDD59C00882974E21, ADC0E723DF6E376068DC6BEFDD5AC00882974E21
2025-07-15 19:31:14.949, ReplyJoin, b5250d61-7976-40c4-a4a2-63665bca4777
2025-07-15 19:31:14.956, ReplyFindNode, 6921b57d-20d2-4d85-823b-fea0ae4adfe9, ADC0E723DF6E376068DC6BEFDD59C00882974E21, 488D91B7237C9FDEC56C70D9374C721A2F230821
2025-07-15 19:31:19.289, FindNode, e6ac9d45-1794-40b7-be41-d6c166ccb8dd, 488D91B7237C9FDEC56C70D9374C721A2F230821, 488D91B723849FDEC56C70D9374C721A2F230821
2025-07-15 19:31:19.290, ReplyFindNode, e6ac9d45-1794-40b7-be41-d6c166ccb8dd, 488D91B7237C9FDEC56C70D9374C721A2F230821, 7BB3577E7F5595B494687818149EE168FEBC2C03
2025-07-15 19:31:23.277, FindNode, 5d5a5192-362c-43d3-a59b-eba557c26aac, 7BB3577E7F5595B494687818149EE168FEBC2C03, 7BB3577E7F7595B494687818149EE168FEBC2C03
2025-07-15 19:31:23.278, ReplyFindNode, 5d5a5192-362c-43d3-a59b-eba557c26aac, 7BB3577E7F5595B494687818149EE168FEBC2C03, ADC0E723DF6E376068DC6BEFDD59C00882974E21
2025-07-15 19:31:26.957, FindNode, 17190cc6-bb53-4ded-a824-9183dcb88914, ADC0E723DF6E376068DC6BEFDD59C00882974E21, ADC0E723DF6E376068DC6BEFDD59C00886974E21
2025-07-15 19:31:26.958, ReplyFindNode, 17190cc6-bb53-4ded-a824-9183dcb88914, ADC0E723DF6E376068DC6BEFDD59C00882974E21, 488D91B7237C9FDEC56C70D9374C721A2F230821
2025-07-15 19:31:31.290, FindNode, 9de81212-ee78-4b16-8032-0c0959473500, 488D91B7237C9FDEC56C70D9374C721A2F230821, 488D91B7237C9FDEC56C70D9774C721A2F230821
2025-07-15 19:31:31.291, ReplyFindNode, 9de81212-ee78-4b16-8032-0c0959473500, 488D91B7237C9FDEC56C70D9374C721A2F230821, 7BB3577E7F5595B494687818149EE168FEBC2C03
2025-07-15 19:31:35.278, FindNode, a6f8a885-1059-47d0-a127-5b7b00d03994, 7BB3577E7F5595B494687818149EE168FEBC2C03, 7BB3577E7F5595C494687818149EE168FEBC2C03
2025-07-15 19:31:35.279, ReplyFindNode, a6f8a885-1059-47d0-a127-5b7b00d03994, 7BB3577E7F5595B494687818149EE168FEBC2C03, ADC0E723DF6E376068DC6BEFDD59C00882974E21
2025-07-15 19:31:38.958, FindNode, d02836e0-4d12-4a37-b4b8-9f2335ebc355, ADC0E723DF6E376068DC6BEFDD59C00882974E21, ADC0E723DF6E376068DC6BEFDD59D00882974E21
2025-07-15 19:31:38.959, ReplyFindNode, d02836e0-4d12-4a37-b4b8-9f2335ebc355, ADC0E723DF6E376068DC6BEFDD59C00882974E21, 488D91B7237C9FDEC56C70D9374C721A2F230821
2025-07-15 19:31:43.291, FindNode, f580f8f0-10b1-4978-924b-e23239b094a8, 488D91B7237C9FDEC56C70D9374C721A2F230821, 488D91B7237CAFDEC56C70D9374C721A2F230821
2025-07-15 19:31:43.292, ReplyFindNode, f580f8f0-10b1-4978-924b-e23239b094a8, 488D91B7237C9FDEC56C70D9374C721A2F230821, 7BB3577E7F5595B494687818149EE168FEBC2C03
2025-07-15 19:31:44.683, StartStableRegimen
2025-07-15 19:31:47.279, FindNode, 3514f069-9135-4746-905a-1edffad0216f, 7BB3577E7F5595B494687818149EE168FEBC2C03, 7BB3577E7F5595B494A87818149EE168FEBC2C03
2025-07-15 19:31:47.280, ReplyFindNode, 3514f069-9135-4746-905a-1edffad0216f, 7BB3577E7F5595B494687818149EE168FEBC2C03, ADC0E723DF6E376068DC6BEFDD59C00882974E21
2025-07-15 19:31:50.959, FindNode, 086a4017-6565-48fc-90fc-d73ff3a3b945, ADC0E723DF6E376068DC6BEFDD59C00882974E21, ADC0E723E36E376068DC6BEFDD59C00882974E21
2025-07-15 19:31:50.960, ReplyFindNode, 086a4017-6565-48fc-90fc-d73ff3a3b945, ADC0E723DF6E376068DC6BEFDD59C00882974E21, 488D91B7237C9FDEC56C70D9374C721A2F230821
2025-07-15 19:31:55.292, FindNode, 6b848d5f-5133-4283-a576-de74f5a1dbf6, 488D91B7237C9FDEC56C70D9374C721A2F230821, 488D91B7237C9FDEC76C70D9374C721A2F230821
2025-07-15 19:31:55.293, ReplyFindNode, 6b848d5f-5133-4283-a576-de74f5a1dbf6, 488D91B7237C9FDEC56C70D9374C721A2F230821, 7BB3577E7F5595B494687818149EE168FEBC2C03
2025-07-15 19:31:59.280, FindNode, e78cd305-d315-4547-9b0d-169a8e2c7cbf, 7BB3577E7F5595B494687818149EE168FEBC2C03, 7BB3577E7F5595B4946878181C9EE168FEBC2C03
2025-07-15 19:31:59.281, ReplyFindNode, e78cd305-d315-4547-9b0d-169a8e2c7cbf, 7BB3577E7F5595B494687818149EE168FEBC2C03, ADC0E723DF6E376068DC6BEFDD59C00882974E21
2025-07-15 19:32:02.960, FindNode, dc51cc46-cf8b-4d3a-b838-c981eab054a5, ADC0E723DF6E376068DC6BEFDD59C00882974E21, AE00E723DF6E376068DC6BEFDD59C00882974E21
2025-07-15 19:32:02.961, ReplyFindNode, dc51cc46-cf8b-4d3a-b838-c981eab054a5, ADC0E723DF6E376068DC6BEFDD59C00882974E21, 488D91B7237C9FDEC56C70D9374C721A2F230821
2025-07-15 19:32:07.293, FindNode, dde0fdf9-2151-4df9-84bc-26482309823c, 488D91B7237C9FDEC56C70D9374C721A2F230821, 488D91B7237C9FDEC56C70D93B4C721A2F230821
2025-07-15 19:32:07.294, ReplyFindNode, dde0fdf9-2151-4df9-84bc-26482309823c, 488D91B7237C9FDEC56C70D9374C721A2F230821, 7BB3577E7F5595B494687818149EE168FEBC2C03
2025-07-15 19:32:11.281, FindNode, 195ba263-2e76-475d-ae12-d71b15f3fb75, 7BB3577E7F5595B494687818149EE168FEBC2C03, 7BB3577E7F5595C494687818149EE168FEBC2C03
2025-07-15 19:32:11.282, ReplyFindNode, 195ba263-2e76-475d-ae12-d71b15f3fb75, 7BB3577E7F5595B494687818149EE168FEBC2C03, ADC0E723DF6E376068DC6BEFDD59C00882974E21
2025-07-15 19:32:14.962, FindNode, 391bac75-3acd-4207-a310-e4face4b78d6, ADC0E723DF6E376068DC6BEFDD59C00882974E21, ADC0E723DF6E376068DC6BEFE159C00882974E21
2025-07-15 19:32:14.962, ReplyFindNode, 391bac75-3acd-4207-a310-e4face4b78d6, ADC0E723DF6E376068DC6BEFDD59C00882974E21, 488D91B7237C9FDEC56C70D9374C721A2F230821
2025-07-15 19:32:19.294, FindNode, 9f9789a6-b926-45c9-8689-e7f61364a470, 488D91B7237C9FDEC56C70D9374C721A2F230821, 488D91B7237C9FDEC56C70D9374C721A2F2308A1
2025-07-15 19:32:19.294, ReplyFindNode, 9f9789a6-b926-45c9-8689-e7f61364a470, 488D91B7237C9FDEC56C70D9374C721A2F230821, 7BB3577E7F5595B494687818149EE168FEBC2C03
2025-07-15 19:32:23.282, FindNode, beb11166-1729-4299-b5c7-367880cf16a2, 7BB3577E7F5595B494687818149EE168FEBC2C03, 7BB3577E7F5595B494687818149EE1691EBC2C03
2025-07-15 19:32:23.283, ReplyFindNode, beb11166-1729-4299-b5c7-367880cf16a2, 7BB3577E7F5595B494687818149EE168FEBC2C03, ADC0E723DF6E376068DC6BEFDD59C00882974E21
2025-07-15 19:32:26.963, FindNode, 5da7b92f-ff69-4faa-9cec-029d52002e07, ADC0E723DF6E376068DC6BEFDD59C00882974E21, ADC0E723DF6E376068DC7BEFDD59C00882974E21
2025-07-15 19:32:26.963, ReplyFindNode, 5da7b92f-ff69-4faa-9cec-029d52002e07, ADC0E723DF6E376068DC6BEFDD59C00882974E21, 488D91B7237C9FDEC56C70D9374C721A2F230821
2025-07-15 19:32:31.295, FindNode, 645c69a9-4a9c-40ea-be7d-dfa4c5a50253, 488D91B7237C9FDEC56C70D9374C721A2F230821, 488D91B7237C9FDEC56C70D9374C721A2F238821
2025-07-15 19:32:31.295, ReplyFindNode, 645c69a9-4a9c-40ea-be7d-dfa4c5a50253, 488D91B7237C9FDEC56C70D9374C721A2F230821, 7BB3577E7F5595B494687818149EE168FEBC2C03
2025-07-15 19:32:35.283, FindNode, 89db538e-0030-43c5-b86b-cf3bb6a3cb13, 7BB3577E7F5595B494687818149EE168FEBC2C03, 83B3577E7F5595B494687818149EE168FEBC2C03
2025-07-15 19:32:35.284, ReplyFindNode, 89db538e-0030-43c5-b86b-cf3bb6a3cb13, 7BB3577E7F5595B494687818149EE168FEBC2C03, ADC0E723DF6E376068DC6BEFDD59C00882974E21
2025-07-15 19:32:38.964, FindNode, c1023ec2-4a71-49cc-824e-7b340d97271d, ADC0E723DF6E376068DC6BEFDD59C00882974E21, ADC0E723DF6E376068DC6BEFDD59C01882974E21
2025-07-15 19:32:38.964, ReplyFindNode, c1023ec2-4a71-49cc-824e-7b340d97271d, ADC0E723DF6E376068DC6BEFDD59C00882974E21, 488D91B7237C9FDEC56C70D9374C721A2F230821
2025-07-15 19:32:43.295, FindNode, d2db09ff-e836-48ec-ab98-b0e5b8cc66e4, 488D91B7237C9FDEC56C70D9374C721A2F230821, 488D91D7237C9FDEC56C70D9374C721A2F230821
2025-07-15 19:32:43.296, ReplyFindNode, d2db09ff-e836-48ec-ab98-b0e5b8cc66e4, 488D91B7237C9FDEC56C70D9374C721A2F230821, 7BB3577E7F5595B494687818149EE168FEBC2C03
2025-07-15 19:32:45.448, StartReadWriteRegimen
2025-07-15 19:32:45.973, Lookup, 95d6e8d7-20bd-417e-970b-202f1473fd2a, ADC0E723DF6E376068DC6BEFDD59C00882974E21, 623451B1C32F4EAF28A948346B38E0C435C9B941
2025-07-15 19:32:46.021, FindNode, f94a8790-c115-4059-92ff-31efccddc2ad, 488D91B7237C9FDEC56C70D9374C721A2F230821, 623451B1C32F4EAF28A948346B38E0C435C9B941
2025-07-15 19:32:46.021, ReplyFindNode, f94a8790-c115-4059-92ff-31efccddc2ad, 488D91B7237C9FDEC56C70D9374C721A2F230821, 7BB3577E7F5595B494687818149EE168FEBC2C03
2025-07-15 19:32:46.229, ReplyLookup, 95d6e8d7-20bd-417e-970b-202f1473fd2a, 488D91B7237C9FDEC56C70D9374C721A2F230821,
2025-07-15 19:32:46.485, Lookup, afc0a4da-994f-4223-81f1-8694564b19cc, 488D91B7237C9FDEC56C70D9374C721A2F230821, CBA409FE9BE57AC094BAA16FFE3B518CA8EAB1AD
2025-07-15 19:32:46.488, FindNode, 40b596ed-19fd-40bc-90d6-32a6d9bf4d0f, ADC0E723DF6E376068DC6BEFDD59C00882974E21, CBA409FE9BE57AC094BAA16FFE3B518CA8EAB1AD
2025-07-15 19:32:46.488, ReplyFindNode, 40b596ed-19fd-40bc-90d6-32a6d9bf4d0f, ADC0E723DF6E376068DC6BEFDD59C00882974E21, 488D91B7237C9FDEC56C70D9374C721A2F230821
2025-07-15 19:32:46.689, ReplyLookup, afc0a4da-994f-4223-81f1-8694564b19cc, ADC0E723DF6E376068DC6BEFDD59C00882974E21,
2025-07-15 19:32:47.060, Store, 23dae783-e418-4a7a-97f5-4f22a82679be, 7BB3577E7F5595B494687818149EE168FEBC2C03, 8C1E5403FD8A45BBECB50ED48E66CE309B51C285, 44E65DC814999576EFB356FC593C6BA788A52070
2025-07-15 19:32:47.117, ReplyStore, 23dae783-e418-4a7a-97f5-4f22a82679be, ADC0E723DF6E376068DC6BEFDD59C00882974E21
2025-07-15 19:32:47.284, FindNode, ea07f339-fef5-4e92-b276-6b097d706e48, 7BB3577E7F5595B494687818149EE168FEBC2C03, 7BB3577E7F55B5B494687818149EE168FEBC2C03
2025-07-15 19:32:47.285, ReplyFindNode, ea07f339-fef5-4e92-b276-6b097d706e48, 7BB3577E7F5595B494687818149EE168FEBC2C03, ADC0E723DF6E376068DC6BEFDD59C00882974E21
2025-07-15 19:32:50.964, FindNode, 482f924e-341d-4aa6-9e5f-af14cf81cc8f, ADC0E723DF6E376068DC6BEFDD59C00882974E21, ADC0E723DF6E376068DC6BEFDD59C00882974E22
2025-07-15 19:32:50.965, ReplyFindNode, 482f924e-341d-4aa6-9e5f-af14cf81cc8f, ADC0E723DF6E376068DC6BEFDD59C00882974E21, 488D91B7237C9FDEC56C70D9374C721A2F230821
2025-07-15 19:32:55.296, FindNode, d738a9f5-1d75-48aa-9ead-1171cb43f9ab, 488D91B7237C9FDEC56C70D9374C721A2F230821, 488D91B7237C9FDEC56D70D9374C721A2F230821
2025-07-15 19:32:55.297, ReplyFindNode, d738a9f5-1d75-48aa-9ead-1171cb43f9ab, 488D91B7237C9FDEC56C70D9374C721A2F230821, 7BB3577E7F5595B494687818149EE168FEBC2C03
2025-07-15 19:32:59.285, FindNode, 88be24a4-eac0-491b-828c-46dc4be9e5ca, 7BB3577E7F5595B494687818149EE168FEBC2C03, 7BB3577E7F5595B494687818149EE168FEBC4C03
2025-07-15 19:32:59.285, ReplyFindNode, 88be24a4-eac0-491b-828c-46dc4be9e5ca, 7BB3577E7F5595B494687818149EE168FEBC2C03, ADC0E723DF6E376068DC6BEFDD59C00882974E21
2025-07-15 19:33:00.971, Store, ffc8b567-5b5d-47c9-82f7-ce0197d220c2, ADC0E723DF6E376068DC6BEFDD59C00882974E21, E9C37BEEF51AAC584CB600E7D83DC7410DC57FBC, 7A320980AE11BB283ACC7735052FFFA99DD52EB4
2025-07-15 19:33:01.025, ReplyStore, ffc8b567-5b5d-47c9-82f7-ce0197d220c2, 488D91B7237C9FDEC56C70D9374C721A2F230821
2025-07-15 19:33:01.484, Lookup, 2daef93c-ee57-4ba7-a2eb-990144a51d48, 488D91B7237C9FDEC56C70D9374C721A2F230821, 084C92B05146C206856D5BD6B710423B147C02BE
2025-07-15 19:33:01.529, FindNode, 40bf5c21-e351-45f4-b0fd-36fa1c1f91a3, ADC0E723DF6E376068DC6BEFDD59C00882974E21, 084C92B05146C206856D5BD6B710423B147C02BE
2025-07-15 19:33:01.529, ReplyFindNode, 40bf5c21-e351-45f4-b0fd-36fa1c1f91a3, ADC0E723DF6E376068DC6BEFDD59C00882974E21, 488D91B7237C9FDEC56C70D9374C721A2F230821
2025-07-15 19:33:01.704, ReplyLookup, 2daef93c-ee57-4ba7-a2eb-990144a51d48, ADC0E723DF6E376068DC6BEFDD59C00882974E21,
2025-07-15 19:33:02.058, Store, 04b9a5be-adb5-4cde-92e4-f2abc41d8697, 7BB3577E7F5595B494687818149EE168FEBC2C03, 6482183064C6312DE3FC14FE912062CC67103876, 211E69D0731F68DE798C256BE7F9304533D57B87
2025-07-15 19:33:02.100, FindNode, 8647134f-5872-4618-a724-1cfe3c8a5304, 488D91B7237C9FDEC56C70D9374C721A2F230821, 6482183064C6312DE3FC14FE912062CC67103876
2025-07-15 19:33:02.101, ReplyFindNode, 8647134f-5872-4618-a724-1cfe3c8a5304, 488D91B7237C9FDEC56C70D9374C721A2F230821, 7BB3577E7F5595B494687818149EE168FEBC2C03
2025-07-15 19:33:02.196, ReplyStore, 04b9a5be-adb5-4cde-92e4-f2abc41d8697, 488D91B7237C9FDEC56C70D9374C721A2F230821
2025-07-15 19:33:02.965, FindNode, 3c194621-8f94-41c8-8e8b-8e5b8b22073d, ADC0E723DF6E376068DC6BEFDD59C00882974E21, ADC0E723DF6E376068DC6BEFDD99C00882974E21
2025-07-15 19:33:02.966, ReplyFindNode, 3c194621-8f94-41c8-8e8b-8e5b8b22073d, ADC0E723DF6E376068DC6BEFDD59C00882974E21, 488D91B7237C9FDEC56C70D9374C721A2F230821
2025-07-15 19:33:07.297, FindNode, e50eb98c-366f-4216-a1c4-a44c05972c79, 488D91B7237C9FDEC56C70D9374C721A2F230821, 488D91B7237C9FDEC56C80D9374C721A2F230821
2025-07-15 19:33:07.298, ReplyFindNode, e50eb98c-366f-4216-a1c4-a44c05972c79, 488D91B7237C9FDEC56C70D9374C721A2F230821, 7BB3577E7F5595B494687818149EE168FEBC2C03
2025-07-15 19:33:11.286, FindNode, e302b1cb-3e64-4dc7-8c7b-466b47369f36, 7BB3577E7F5595B494687818149EE168FEBC2C03, 7BB3577E7F5595BC94687818149EE168FEBC2C03
2025-07-15 19:33:11.286, ReplyFindNode, e302b1cb-3e64-4dc7-8c7b-466b47369f36, 7BB3577E7F5595B494687818149EE168FEBC2C03, ADC0E723DF6E376068DC6BEFDD59C00882974E21
2025-07-15 19:33:14.966, FindNode, 6cbcce04-6f2c-4f74-b659-eb53954513b2, ADC0E723DF6E376068DC6BEFDD59C00882974E21, ADC0E723DF6E376068DC6BEFDD5A400882974E21
2025-07-15 19:33:14.966, ReplyFindNode, 6cbcce04-6f2c-4f74-b659-eb53954513b2, ADC0E723DF6E376068DC6BEFDD59C00882974E21, 488D91B7237C9FDEC56C70D9374C721A2F230821
2025-07-15 19:33:15.972, Remove, 4eb0b379-caff-4352-8129-7369c7b1fcd2, ADC0E723DF6E376068DC6BEFDD59C00882974E21, E9C37BEEF51AAC584CB600E7D83DC7410DC57FBC, 7A320980AE11BB283ACC7735052FFFA99DD52EB4
2025-07-15 19:33:16.021, ReplyRemove, 4eb0b379-caff-4352-8129-7369c7b1fcd2, 488D91B7237C9FDEC56C70D9374C721A2F230821
2025-07-15 19:33:16.484, Lookup, 25b437f5-2476-4367-a883-22c06dcbb2ac, 488D91B7237C9FDEC56C70D9374C721A2F230821, 524377CDE8725AC0D2731F7427E2BA0C75991BCC
2025-07-15 19:33:16.530, ReplyLookup, 25b437f5-2476-4367-a883-22c06dcbb2ac, 7BB3577E7F5595B494687818149EE168FEBC2C03,
2025-07-15 19:33:17.058, Store, 1f10ebf0-e822-42c6-8262-e59d975e2e62, 7BB3577E7F5595B494687818149EE168FEBC2C03, 0D72C8E05CBB0A1D1B6071D976C5CDA18D1A124C, 7DEB9A3C72639C3BE93B85AE69F74D98F0EF5558
2025-07-15 19:33:17.101, FindNode, d23c255c-df02-4a1c-b39e-0eb7c4d3bdf3, ADC0E723DF6E376068DC6BEFDD59C00882974E21, 0D72C8E05CBB0A1D1B6071D976C5CDA18D1A124C
2025-07-15 19:33:17.101, ReplyFindNode, d23c255c-df02-4a1c-b39e-0eb7c4d3bdf3, ADC0E723DF6E376068DC6BEFDD59C00882974E21, 488D91B7237C9FDEC56C70D9374C721A2F230821
2025-07-15 19:33:17.192, ReplyStore, 1f10ebf0-e822-42c6-8262-e59d975e2e62, ADC0E723DF6E376068DC6BEFDD59C00882974E21
2025-07-15 19:33:19.298, FindNode, 65638a91-ddb5-48fb-b78b-273eef739366, 488D91B7237C9FDEC56C70D9374C721A2F230821, 488E91B7237C9FDEC56C70D9374C721A2F230821
2025-07-15 19:33:19.298, ReplyFindNode, 65638a91-ddb5-48fb-b78b-273eef739366, 488D91B7237C9FDEC56C70D9374C721A2F230821, 7BB3577E7F5595B494687818149EE168FEBC2C03
2025-07-15 19:33:23.287, FindNode, 9e27e2eb-6097-424b-9ebc-9c284b889cbe, 7BB3577E7F5595B494687818149EE168FEBC2C03, 7BB3577E7F5595B49468781814BEE168FEBC2C03
2025-07-15 19:33:23.287, ReplyFindNode, 9e27e2eb-6097-424b-9ebc-9c284b889cbe, 7BB3577E7F5595B494687818149EE168FEBC2C03, ADC0E723DF6E376068DC6BEFDD59C00882974E21
2025-07-15 19:33:26.967, FindNode, e5d932a2-ee0f-4478-ba87-019b9ec1283e, ADC0E723DF6E376068DC6BEFDD59C00882974E21, ADC0E723DF6E376068DC6BEFDD59C0088A974E21
2025-07-15 19:33:26.967, ReplyFindNode, e5d932a2-ee0f-4478-ba87-019b9ec1283e, ADC0E723DF6E376068DC6BEFDD59C00882974E21, 488D91B7237C9FDEC56C70D9374C721A2F230821
2025-07-15 19:33:30.971, Store, 73c74c14-7c1a-42f2-a85e-bdff9ebb09c8, ADC0E723DF6E376068DC6BEFDD59C00882974E21, 00BF75C0771FE5C00E4E21973BCFD90CDFBF8992, 4872D52F470A9C7E0B66D0A4062715D07BBF24C0
2025-07-15 19:33:31.016, ReplyStore, 73c74c14-7c1a-42f2-a85e-bdff9ebb09c8, 488D91B7237C9FDEC56C70D9374C721A2F230821
2025-07-15 19:33:31.299, FindNode, f208a772-9bfb-4cf2-878c-874da3c60af1, 488D91B7237C9FDEC56C70D9374C721A2F230821, 488D91B7237C9FE0C56C70D9374C721A2F230821
2025-07-15 19:33:31.299, ReplyFindNode, f208a772-9bfb-4cf2-878c-874da3c60af1, 488D91B7237C9FDEC56C70D9374C721A2F230821, 7BB3577E7F5595B494687818149EE168FEBC2C03
2025-07-15 19:33:31.484, Store, 9fa8542d-11f6-455e-a76a-9c65e5e3caa7, 488D91B7237C9FDEC56C70D9374C721A2F230821, 20A5461E257D93E9FCBFB4F19F2A9243AFEE918C, B4841A6CFF87141380778AF4406DCD14D736B6E1
2025-07-15 19:33:31.536, FindNode, 992fee31-d40a-4262-a8e8-c28b5bc36189, ADC0E723DF6E376068DC6BEFDD59C00882974E21, 20A5461E257D93E9FCBFB4F19F2A9243AFEE918C
2025-07-15 19:33:31.537, ReplyFindNode, 992fee31-d40a-4262-a8e8-c28b5bc36189, ADC0E723DF6E376068DC6BEFDD59C00882974E21, 488D91B7237C9FDEC56C70D9374C721A2F230821
2025-07-15 19:33:31.633, ReplyStore, 9fa8542d-11f6-455e-a76a-9c65e5e3caa7, ADC0E723DF6E376068DC6BEFDD59C00882974E21
2025-07-15 19:33:32.058, Lookup, bea0e074-1c7f-43e5-a9a7-c24a21ad4292, 7BB3577E7F5595B494687818149EE168FEBC2C03, 6482183064C6312DE3FC14FE912062CC67103876
2025-07-15 19:33:32.100, FindNode, 8a9a2ed9-0b8b-48a5-987b-8851834eacf0, 488D91B7237C9FDEC56C70D9374C721A2F230821, 6482183064C6312DE3FC14FE912062CC67103876
2025-07-15 19:33:32.101, ReplyFindNode, 8a9a2ed9-0b8b-48a5-987b-8851834eacf0, 488D91B7237C9FDEC56C70D9374C721A2F230821, 7BB3577E7F5595B494687818149EE168FEBC2C03
2025-07-15 19:33:32.281, ReplyLookup, bea0e074-1c7f-43e5-a9a7-c24a21ad4292, 488D91B7237C9FDEC56C70D9374C721A2F230821, 211E69D0731F68DE798C256BE7F9304533D57B87
2025-07-15 19:33:35.288, FindNode, bd046fa4-5bc1-44b4-bdb4-e619ac7a15d5, 7BB3577E7F5595B494687818149EE168FEBC2C03, 7BB4577E7F5595B494687818149EE168FEBC2C03
2025-07-15 19:33:35.288, ReplyFindNode, bd046fa4-5bc1-44b4-bdb4-e619ac7a15d5, 7BB3577E7F5595B494687818149EE168FEBC2C03, ADC0E723DF6E376068DC6BEFDD59C00882974E21
2025-07-15 19:33:38.967, FindNode, e6a7942c-6e79-4a6d-93e7-5c3d6dcfcb27, ADC0E723DF6E376068DC6BEFDD59C00882974E21, ADC0E723DF6E376068DC6BEFDF59C00882974E21
2025-07-15 19:33:38.968, ReplyFindNode, e6a7942c-6e79-4a6d-93e7-5c3d6dcfcb27, ADC0E723DF6E376068DC6BEFDD59C00882974E21, 488D91B7237C9FDEC56C70D9374C721A2F230821
2025-07-15 19:33:43.300, FindNode, 598e14f3-0bd7-4541-9e4d-7ea4e18f2dad, 488D91B7237C9FDEC56C70D9374C721A2F230821, 488D91B7237C9FDEC56C70D9374C761A2F230821
2025-07-15 19:33:43.300, ReplyFindNode, 598e14f3-0bd7-4541-9e4d-7ea4e18f2dad, 488D91B7237C9FDEC56C70D9374C721A2F230821, 7BB3577E7F5595B494687818149EE168FEBC2C03
2025-07-15 19:33:45.972, Remove, 97d00371-234e-4df7-abae-778b1af0a237, ADC0E723DF6E376068DC6BEFDD59C00882974E21, 00BF75C0771FE5C00E4E21973BCFD90CDFBF8992, 4872D52F470A9C7E0B66D0A4062715D07BBF24C0
2025-07-15 19:33:46.016, ReplyRemove, 97d00371-234e-4df7-abae-778b1af0a237, 488D91B7237C9FDEC56C70D9374C721A2F230821
2025-07-15 19:33:46.485, Store, d0e14f3d-9d5d-4c47-b8f4-40ab7588c62a, 488D91B7237C9FDEC56C70D9374C721A2F230821, 4972B78B75E1FBE7528F0BCC0C7B0CF7E0E6BB0B, CD80598EC517EAE9A358EDA9FD94A445051EF53F
2025-07-15 19:33:46.528, ReplyStore, d0e14f3d-9d5d-4c47-b8f4-40ab7588c62a, 7BB3577E7F5595B494687818149EE168FEBC2C03
2025-07-15 19:33:47.058, Lookup, 37648e35-eae7-4b3e-a837-f5b0e61aff61, 7BB3577E7F5595B494687818149EE168FEBC2C03, E30B2DA212DBA96C958944E3E09107C4A46BFE85
2025-07-15 19:33:47.101, FindNode, b5ff5fcc-fe29-49e8-ad26-9e7578a654b4, ADC0E723DF6E376068DC6BEFDD59C00882974E21, E30B2DA212DBA96C958944E3E09107C4A46BFE85
2025-07-15 19:33:47.101, ReplyFindNode, b5ff5fcc-fe29-49e8-ad26-9e7578a654b4, ADC0E723DF6E376068DC6BEFDD59C00882974E21, 488D91B7237C9FDEC56C70D9374C721A2F230821
2025-07-15 19:33:47.276, ReplyLookup, 37648e35-eae7-4b3e-a837-f5b0e61aff61, ADC0E723DF6E376068DC6BEFDD59C00882974E21,
2025-07-15 19:33:47.288, FindNode, dedf15c6-beec-48f5-892d-f662633c841a, 7BB3577E7F5595B494687818149EE168FEBC2C03, 7BB3577E7F55963494687818149EE168FEBC2C03
2025-07-15 19:33:47.289, ReplyFindNode, dedf15c6-beec-48f5-892d-f662633c841a, 7BB3577E7F5595B494687818149EE168FEBC2C03, ADC0E723DF6E376068DC6BEFDD59C00882974E21
2025-07-15 19:33:50.968, FindNode, f3edfed7-3008-4160-9359-9b8e31b25922, ADC0E723DF6E376068DC6BEFDD59C00882974E21, ADC0E723DF6E376068DCABEFDD59C00882974E21
2025-07-15 19:33:50.969, ReplyFindNode, f3edfed7-3008-4160-9359-9b8e31b25922, ADC0E723DF6E376068DC6BEFDD59C00882974E21, 488D91B7237C9FDEC56C70D9374C721A2F230821
2025-07-15 19:33:55.300, FindNode, 2a4f5049-8cf0-4f3b-b873-bca312da9c81, 488D91B7237C9FDEC56C70D9374C721A2F230821, 488D91B7237C9FDEC56C70D9574C721A2F230821
2025-07-15 19:33:55.301, ReplyFindNode, 2a4f5049-8cf0-4f3b-b873-bca312da9c81, 488D91B7237C9FDEC56C70D9374C721A2F230821, 7BB3577E7F5595B494687818149EE168FEBC2C03
2025-07-15 19:33:59.289, FindNode, 3df5f8a6-d320-4e7b-9035-3c0885450b11, 7BB3577E7F5595B494687818149EE168FEBC2C03, 83B3577E7F5595B494687818149EE168FEBC2C03
2025-07-15 19:33:59.289, ReplyFindNode, 3df5f8a6-d320-4e7b-9035-3c0885450b11, 7BB3577E7F5595B494687818149EE168FEBC2C03, ADC0E723DF6E376068DC6BEFDD59C00882974E21
2025-07-15 19:34:00.973, Lookup, c83fba85-afee-4ce0-b128-b09815a0c86f, ADC0E723DF6E376068DC6BEFDD59C00882974E21, 1A34561D16C8A240E962A8310514CE6213F86899
2025-07-15 19:34:01.017, ReplyLookup, c83fba85-afee-4ce0-b128-b09815a0c86f, 488D91B7237C9FDEC56C70D9374C721A2F230821,
2025-07-15 19:34:01.485, Lookup, 04eeb5ea-4d53-4348-aecd-0250e88375df, 488D91B7237C9FDEC56C70D9374C721A2F230821, DB0B4002144BE3AF077D960E607619CB36897DBF
2025-07-15 19:34:01.528, FindNode, 54521d3a-8955-4fc6-8948-804aa8816d2b, ADC0E723DF6E376068DC6BEFDD59C00882974E21, DB0B4002144BE3AF077D960E607619CB36897DBF
2025-07-15 19:34:01.529, ReplyFindNode, 54521d3a-8955-4fc6-8948-804aa8816d2b, ADC0E723DF6E376068DC6BEFDD59C00882974E21, 488D91B7237C9FDEC56C70D9374C721A2F230821
2025-07-15 19:34:01.704, ReplyLookup, 04eeb5ea-4d53-4348-aecd-0250e88375df, ADC0E723DF6E376068DC6BEFDD59C00882974E21,
2025-07-15 19:34:02.058, Lookup, 01039cc1-19fb-44ef-b919-f5581e490e1b, 7BB3577E7F5595B494687818149EE168FEBC2C03, D909219BBFB971BF485F85732D86097E4B8050BC
2025-07-15 19:34:02.100, FindNode, 72eef905-3a72-4abd-a45b-9fab40a9fbb2, ADC0E723DF6E376068DC6BEFDD59C00882974E21, D909219BBFB971BF485F85732D86097E4B8050BC
2025-07-15 19:34:02.101, ReplyFindNode, 72eef905-3a72-4abd-a45b-9fab40a9fbb2, ADC0E723DF6E376068DC6BEFDD59C00882974E21, 488D91B7237C9FDEC56C70D9374C721A2F230821
2025-07-15 19:34:02.232, ReplyLookup, 01039cc1-19fb-44ef-b919-f5581e490e1b, ADC0E723DF6E376068DC6BEFDD59C00882974E21,
2025-07-15 19:34:02.969, FindNode, d3d7f9b9-0e80-4aa6-981b-c2af418e4ed5, ADC0E723DF6E376068DC6BEFDD59C00882974E21, ADC0E723DF6E376068DC6BEFDD59C00882975E21
2025-07-15 19:34:02.969, ReplyFindNode, d3d7f9b9-0e80-4aa6-981b-c2af418e4ed5, ADC0E723DF6E376068DC6BEFDD59C00882974E21, 488D91B7237C9FDEC56C70D9374C721A2F230821
2025-07-15 19:34:07.301, FindNode, 20c5d924-e7df-4906-8e01-219ffdab3bc7, 488D91B7237C9FDEC56C70D9374C721A2F230821, 488D91B7237E9FDEC56C70D9374C721A2F230821
2025-07-15 19:34:07.301, ReplyFindNode, 20c5d924-e7df-4906-8e01-219ffdab3bc7, 488D91B7237C9FDEC56C70D9374C721A2F230821, 7BB3577E7F5595B494687818149EE168FEBC2C03
2025-07-15 19:34:11.290, FindNode, 59834e57-fd9b-4904-b124-e6c8174e93d0, 7BB3577E7F5595B494687818149EE168FEBC2C03, 7BB3577E7F6595B494687818149EE168FEBC2C03
2025-07-15 19:34:11.290, ReplyFindNode, 59834e57-fd9b-4904-b124-e6c8174e93d0, 7BB3577E7F5595B494687818149EE168FEBC2C03, ADC0E723DF6E376068DC6BEFDD59C00882974E21
2025-07-15 19:34:14.970, FindNode, 0e6d9a23-5536-4b74-93ff-3ac19dfb41d3, ADC0E723DF6E376068DC6BEFDD59C00882974E21, ADC0E723DF6E376068DC6BEFDD59C00902974E21
2025-07-15 19:34:14.970, ReplyFindNode, 0e6d9a23-5536-4b74-93ff-3ac19dfb41d3, ADC0E723DF6E376068DC6BEFDD59C00882974E21, 488D91B7237C9FDEC56C70D9374C721A2F230821
2025-07-15 19:34:15.973, Store, 64060be7-0d2f-47dd-96d8-24dd4b56759e, ADC0E723DF6E376068DC6BEFDD59C00882974E21, 46970298B7C49635134908446D6DD59B87AFD76A, 8E8E7481FC021BB47B823DDD87C38EB180994263
2025-07-15 19:34:16.016, ReplyStore, 64060be7-0d2f-47dd-96d8-24dd4b56759e, 488D91B7237C9FDEC56C70D9374C721A2F230821
2025-07-15 19:34:16.485, Lookup, 0d43c7c7-6362-44b8-bde4-978f8e119a6c, 488D91B7237C9FDEC56C70D9374C721A2F230821, 20A5461E257D93E9FCBFB4F19F2A9243AFEE918C
2025-07-15 19:34:16.528, FindNode, 18c4c113-0e20-458d-989a-08979fc20d35, ADC0E723DF6E376068DC6BEFDD59C00882974E21, 20A5461E257D93E9FCBFB4F19F2A9243AFEE918C
2025-07-15 19:34:16.529, ReplyFindNode, 18c4c113-0e20-458d-989a-08979fc20d35, ADC0E723DF6E376068DC6BEFDD59C00882974E21, 488D91B7237C9FDEC56C70D9374C721A2F230821
2025-07-15 19:34:16.705, ReplyLookup, 0d43c7c7-6362-44b8-bde4-978f8e119a6c, ADC0E723DF6E376068DC6BEFDD59C00882974E21, B4841A6CFF87141380778AF4406DCD14D736B6E1
2025-07-15 19:34:17.059, Lookup, 9a9d4df2-aed5-47df-bb9a-c71b2ce749d5, 7BB3577E7F5595B494687818149EE168FEBC2C03, A565259DBFCFE6D40D4D8FCAB1AAE55845015F69
2025-07-15 19:34:17.101, ReplyLookup, 9a9d4df2-aed5-47df-bb9a-c71b2ce749d5, ADC0E723DF6E376068DC6BEFDD59C00882974E21,
2025-07-15 19:34:19.302, FindNode, 4a9e3e77-a929-492d-a585-a275670f85a9, 488D91B7237C9FDEC56C70D9374C721A2F230821, 490D91B7237C9FDEC56C70D9374C721A2F230821
2025-07-15 19:34:19.302, ReplyFindNode, 4a9e3e77-a929-492d-a585-a275670f85a9, 488D91B7237C9FDEC56C70D9374C721A2F230821, 7BB3577E7F5595B494687818149EE168FEBC2C03
2025-07-15 19:34:23.291, FindNode, d3e70113-0b8e-4516-aa5c-1d8f15188f00, 7BB3577E7F5595B494687818149EE168FEBC2C03, 7BB357807F5595B494687818149EE168FEBC2C03
2025-07-15 19:34:23.291, ReplyFindNode, d3e70113-0b8e-4516-aa5c-1d8f15188f00, 7BB3577E7F5595B494687818149EE168FEBC2C03, ADC0E723DF6E376068DC6BEFDD59C00882974E21
2025-07-15 19:34:26.970, FindNode, 3202c937-bdcf-461c-8892-e0ffd282fd0a, ADC0E723DF6E376068DC6BEFDD59C00882974E21, ADC0E763DF6E376068DC6BEFDD59C00882974E21
2025-07-15 19:34:26.971, ReplyFindNode, 3202c937-bdcf-461c-8892-e0ffd282fd0a, ADC0E723DF6E376068DC6BEFDD59C00882974E21, 488D91B7237C9FDEC56C70D9374C721A2F230821
2025-07-15 19:34:30.974, Lookup, 5abd99d9-52b9-4ecc-a750-07e99ab8fa5e, ADC0E723DF6E376068DC6BEFDD59C00882974E21, CE3F2F497EF5657EDA8D4E9F9D61E7535427D6FF
2025-07-15 19:34:31.017, ReplyLookup, 5abd99d9-52b9-4ecc-a750-07e99ab8fa5e, 488D91B7237C9FDEC56C70D9374C721A2F230821,
2025-07-15 19:34:31.303, FindNode, 2acd9d7c-4bb0-4f2d-85b4-b1b371e3c7eb, 488D91B7237C9FDEC56C70D9374C721A2F230821, 488D91B7237C9FDEC56C70D9374C721A30230821
2025-07-15 19:34:31.303, ReplyFindNode, 2acd9d7c-4bb0-4f2d-85b4-b1b371e3c7eb, 488D91B7237C9FDEC56C70D9374C721A2F230821, 7BB3577E7F5595B494687818149EE168FEBC2C03
2025-07-15 19:34:31.486, Store, 52710aac-ce3b-4789-9e76-dbd84ba19845, 488D91B7237C9FDEC56C70D9374C721A2F230821, F83AFDBF1E4A7279A5E4A0D63C7D2F354EB5E3C7, C46DF3FBA59172BD0B1E825BA5E0C1F5A109E510
2025-07-15 19:34:31.528, FindNode, 0c4142db-8747-40e6-977d-646ed5d9c39a, ADC0E723DF6E376068DC6BEFDD59C00882974E21, F83AFDBF1E4A7279A5E4A0D63C7D2F354EB5E3C7
2025-07-15 19:34:31.529, ReplyFindNode, 0c4142db-8747-40e6-977d-646ed5d9c39a, ADC0E723DF6E376068DC6BEFDD59C00882974E21, 488D91B7237C9FDEC56C70D9374C721A2F230821
2025-07-15 19:34:31.620, ReplyStore, 52710aac-ce3b-4789-9e76-dbd84ba19845, ADC0E723DF6E376068DC6BEFDD59C00882974E21
2025-07-15 19:34:32.059, Store, 54442248-2513-4bf5-bb07-e5c6d45b8452, 7BB3577E7F5595B494687818149EE168FEBC2C03, F283F65B4F3BC43D5CDE609449592EF014AD317E, 86954B0558ACBE6787B6FB108FCA3CA9645718FA
2025-07-15 19:34:32.104, FindNode, fe5e9517-0a45-4b99-820b-6d2ab02ca9de, ADC0E723DF6E376068DC6BEFDD59C00882974E21, F283F65B4F3BC43D5CDE609449592EF014AD317E
2025-07-15 19:34:32.105, ReplyFindNode, fe5e9517-0a45-4b99-820b-6d2ab02ca9de, ADC0E723DF6E376068DC6BEFDD59C00882974E21, 488D91B7237C9FDEC56C70D9374C721A2F230821
2025-07-15 19:34:32.200, ReplyStore, 54442248-2513-4bf5-bb07-e5c6d45b8452, ADC0E723DF6E376068DC6BEFDD59C00882974E21
2025-07-15 19:34:35.291, FindNode, 20a61b6f-8464-40ec-a6cc-0de0a99b07fb, 7BB3577E7F5595B494687818149EE168FEBC2C03, 7BC3577E7F5595B494687818149EE168FEBC2C03
2025-07-15 19:34:35.291, ReplyFindNode, 20a61b6f-8464-40ec-a6cc-0de0a99b07fb, 7BB3577E7F5595B494687818149EE168FEBC2C03, ADC0E723DF6E376068DC6BEFDD59C00882974E21
2025-07-15 19:34:38.971, FindNode, 4ddd510e-cffa-4e3a-a4f6-2bd195d7ebef, ADC0E723DF6E376068DC6BEFDD59C00882974E21, ADC0E723DF6E376068DC6BEFDD59C00882974EA1
2025-07-15 19:34:38.971, ReplyFindNode, 4ddd510e-cffa-4e3a-a4f6-2bd195d7ebef, ADC0E723DF6E376068DC6BEFDD59C00882974E21, 488D91B7237C9FDEC56C70D9374C721A2F230821
2025-07-15 19:34:43.303, FindNode, 753503ed-ab36-4fc6-b658-536f2ba37e7e, 488D91B7237C9FDEC56C70D9374C721A2F230821, 488D91B7237C9FDEC56C70D9374C721A2F230C21
2025-07-15 19:34:43.304, ReplyFindNode, 753503ed-ab36-4fc6-b658-536f2ba37e7e, 488D91B7237C9FDEC56C70D9374C721A2F230821, 7BB3577E7F5595B494687818149EE168FEBC2C03
2025-07-15 19:34:45.974, Store, bc6b739c-286c-4bda-ba0d-c7ade7f585b1, ADC0E723DF6E376068DC6BEFDD59C00882974E21, D1EE42497945091A1654B4682DBB8B9E659AB7AA, 29D147E150828B31FDA006223A08ABDD566B8504
2025-07-15 19:34:46.016, ReplyStore, bc6b739c-286c-4bda-ba0d-c7ade7f585b1, 488D91B7237C9FDEC56C70D9374C721A2F230821
2025-07-15 19:34:46.485, Store, 43c52073-33b7-4c5c-be23-64df98430b4e, 488D91B7237C9FDEC56C70D9374C721A2F230821, F8FB87BD1A25BD0684B9B409D0A528F256B12056, 77B9AC77EDD5BE54747B66D59377BC615FFCB4F1
2025-07-15 19:34:46.528, FindNode, c9a705d8-0f97-4b0b-9bb1-bbd30566cedf, ADC0E723DF6E376068DC6BEFDD59C00882974E21, F8FB87BD1A25BD0684B9B409D0A528F256B12056
2025-07-15 19:34:46.529, ReplyFindNode, c9a705d8-0f97-4b0b-9bb1-bbd30566cedf, ADC0E723DF6E376068DC6BEFDD59C00882974E21, 488D91B7237C9FDEC56C70D9374C721A2F230821
2025-07-15 19:34:46.620, ReplyStore, 43c52073-33b7-4c5c-be23-64df98430b4e, ADC0E723DF6E376068DC6BEFDD59C00882974E21
2025-07-15 19:34:47.060, Remove, 8281fc42-033e-4ac1-ad14-762ed8f15e12, 7BB3577E7F5595B494687818149EE168FEBC2C03, 8C1E5403FD8A45BBECB50ED48E66CE309B51C285, 44E65DC814999576EFB356FC593C6BA788A52070
2025-07-15 19:34:47.109, ReplyRemove, 8281fc42-033e-4ac1-ad14-762ed8f15e12, ADC0E723DF6E376068DC6BEFDD59C00882974E21
2025-07-15 19:34:47.292, FindNode, 57aecf2f-a8b6-413f-85e2-730f3a7904c9, 7BB3577E7F5595B494687818149EE168FEBC2C03, 7BB3577E7F5595B4946C7818149EE168FEBC2C03
2025-07-15 19:34:47.292, ReplyFindNode, 57aecf2f-a8b6-413f-85e2-730f3a7904c9, 7BB3577E7F5595B494687818149EE168FEBC2C03, ADC0E723DF6E376068DC6BEFDD59C00882974E21
2025-07-15 19:34:50.972, FindNode, 0d710f1f-020f-436a-b797-95302b055411, ADC0E723DF6E376068DC6BEFDD59C00882974E21, ADC0E723DF6E376068DC6BEFDD59C00C82974E21
2025-07-15 19:34:50.972, ReplyFindNode, 0d710f1f-020f-436a-b797-95302b055411, ADC0E723DF6E376068DC6BEFDD59C00882974E21, 488D91B7237C9FDEC56C70D9374C721A2F230821
2025-07-15 19:34:55.304, FindNode, 147c7a0a-3589-4522-b295-3c555e4bbb77, 488D91B7237C9FDEC56C70D9374C721A2F230821, 488D91B7237C9FDEC56C74D9374C721A2F230821
2025-07-15 19:34:55.304, ReplyFindNode, 147c7a0a-3589-4522-b295-3c555e4bbb77, 488D91B7237C9FDEC56C70D9374C721A2F230821, 7BB3577E7F5595B494687818149EE168FEBC2C03
2025-07-15 19:34:59.293, FindNode, 74df3170-7310-4e84-a629-dc535c51853d, 7BB3577E7F5595B494687818149EE168FEBC2C03, 7BB3577E7F5595B494687818149EE1A8FEBC2C03
2025-07-15 19:34:59.293, ReplyFindNode, 74df3170-7310-4e84-a629-dc535c51853d, 7BB3577E7F5595B494687818149EE168FEBC2C03, ADC0E723DF6E376068DC6BEFDD59C00882974E21
2025-07-15 19:35:00.975, Lookup, 6bd61e7d-8901-47bd-9194-5851da74240a, ADC0E723DF6E376068DC6BEFDD59C00882974E21, 46970298B7C49635134908446D6DD59B87AFD76A
2025-07-15 19:35:01.019, ReplyLookup, 6bd61e7d-8901-47bd-9194-5851da74240a, 488D91B7237C9FDEC56C70D9374C721A2F230821, 8E8E7481FC021BB47B823DDD87C38EB180994263
2025-07-15 19:35:01.485, Lookup, 01942a48-30e7-4a1c-92ef-8360c1c9cc70, 488D91B7237C9FDEC56C70D9374C721A2F230821, D6220063ED4F3235813F3E2DC8549CDEB817DE3D
2025-07-15 19:35:01.528, FindNode, 10b6bd22-7d13-4306-8a79-f9c514cac346, ADC0E723DF6E376068DC6BEFDD59C00882974E21, D6220063ED4F3235813F3E2DC8549CDEB817DE3D
2025-07-15 19:35:01.529, ReplyFindNode, 10b6bd22-7d13-4306-8a79-f9c514cac346, ADC0E723DF6E376068DC6BEFDD59C00882974E21, 488D91B7237C9FDEC56C70D9374C721A2F230821
2025-07-15 19:35:01.704, ReplyLookup, 01942a48-30e7-4a1c-92ef-8360c1c9cc70, ADC0E723DF6E376068DC6BEFDD59C00882974E21,
2025-07-15 19:35:02.061, Remove, ef8dc555-62c4-40c5-bc4c-b62ad2dd8cb2, 7BB3577E7F5595B494687818149EE168FEBC2C03, 6482183064C6312DE3FC14FE912062CC67103876, 211E69D0731F68DE798C256BE7F9304533D57B87
2025-07-15 19:35:02.104, FindNode, c4c2496c-2818-4ad9-b94e-112901bb0433, 488D91B7237C9FDEC56C70D9374C721A2F230821, 6482183064C6312DE3FC14FE912062CC67103876
2025-07-15 19:35:02.105, ReplyFindNode, c4c2496c-2818-4ad9-b94e-112901bb0433, 488D91B7237C9FDEC56C70D9374C721A2F230821, 7BB3577E7F5595B494687818149EE168FEBC2C03
2025-07-15 19:35:02.200, ReplyRemove, ef8dc555-62c4-40c5-bc4c-b62ad2dd8cb2, 488D91B7237C9FDEC56C70D9374C721A2F230821
2025-07-15 19:35:02.973, FindNode, 11b7fc19-01dd-4896-87fc-b9a08cdef552, ADC0E723DF6E376068DC6BEFDD59C00882974E21, ADC0E727DF6E376068DC6BEFDD59C00882974E21
2025-07-15 19:35:02.973, ReplyFindNode, 11b7fc19-01dd-4896-87fc-b9a08cdef552, ADC0E723DF6E376068DC6BEFDD59C00882974E21, 488D91B7237C9FDEC56C70D9374C721A2F230821
2025-07-15 19:35:07.305, FindNode, 484993df-32c0-4c62-923b-e350510a06b2, 488D91B7237C9FDEC56C70D9374C721A2F230821, 488D95B7237C9FDEC56C70D9374C721A2F230821
2025-07-15 19:35:07.305, ReplyFindNode, 484993df-32c0-4c62-923b-e350510a06b2, 488D91B7237C9FDEC56C70D9374C721A2F230821, 7BB3577E7F5595B494687818149EE168FEBC2C03
2025-07-15 19:35:11.293, FindNode, 6701146f-fbe1-4078-8e1b-c662772db0c1, 7BB3577E7F5595B494687818149EE168FEBC2C03, 7BB3577E7F5595B494687820149EE168FEBC2C03
2025-07-15 19:35:11.294, ReplyFindNode, 6701146f-fbe1-4078-8e1b-c662772db0c1, 7BB3577E7F5595B494687818149EE168FEBC2C03, ADC0E723DF6E376068DC6BEFDD59C00882974E21
2025-07-15 19:35:14.974, FindNode, ebb50c1a-f839-4083-8cd8-013973128b21, ADC0E723DF6E376068DC6BEFDD59C00882974E21, ADC0E723DF6E376068DC6BFFDD59C00882974E21
2025-07-15 19:35:14.974, ReplyFindNode, ebb50c1a-f839-4083-8cd8-013973128b21, ADC0E723DF6E376068DC6BEFDD59C00882974E21, 488D91B7237C9FDEC56C70D9374C721A2F230821
2025-07-15 19:35:15.975, Lookup, dae3170f-d514-401c-a1fb-b2ba21313c9f, ADC0E723DF6E376068DC6BEFDD59C00882974E21, 46970298B7C49635134908446D6DD59B87AFD76A
2025-07-15 19:35:16.018, ReplyLookup, dae3170f-d514-401c-a1fb-b2ba21313c9f, 488D91B7237C9FDEC56C70D9374C721A2F230821, 8E8E7481FC021BB47B823DDD87C38EB180994263
2025-07-15 19:35:16.485, Remove, 27c4b463-0f77-4585-b88f-22b1163c4ca3, 488D91B7237C9FDEC56C70D9374C721A2F230821, F8FB87BD1A25BD0684B9B409D0A528F256B12056, 77B9AC77EDD5BE54747B66D59377BC615FFCB4F1
2025-07-15 19:35:16.528, FindNode, 5e691599-bf87-455c-a715-78d1e7a5948e, ADC0E723DF6E376068DC6BEFDD59C00882974E21, F8FB87BD1A25BD0684B9B409D0A528F256B12056
2025-07-15 19:35:16.529, ReplyFindNode, 5e691599-bf87-455c-a715-78d1e7a5948e, ADC0E723DF6E376068DC6BEFDD59C00882974E21, 488D91B7237C9FDEC56C70D9374C721A2F230821
2025-07-15 19:35:16.620, ReplyRemove, 27c4b463-0f77-4585-b88f-22b1163c4ca3, ADC0E723DF6E376068DC6BEFDD59C00882974E21
2025-07-15 19:35:17.060, Lookup, b23c24b5-dea4-44d0-8cbc-ab08d6715808, 7BB3577E7F5595B494687818149EE168FEBC2C03, E0FA1E729C81CAB1D1F71449C4DEFDC7C2089D1D
2025-07-15 19:35:17.104, FindNode, 05c03327-6603-43d4-b1ca-d3da6099e75f, ADC0E723DF6E376068DC6BEFDD59C00882974E21, E0FA1E729C81CAB1D1F71449C4DEFDC7C2089D1D
2025-07-15 19:35:17.105, ReplyFindNode, 05c03327-6603-43d4-b1ca-d3da6099e75f, ADC0E723DF6E376068DC6BEFDD59C00882974E21, 488D91B7237C9FDEC56C70D9374C721A2F230821
2025-07-15 19:35:17.280, ReplyLookup, b23c24b5-dea4-44d0-8cbc-ab08d6715808, ADC0E723DF6E376068DC6BEFDD59C00882974E21,
2025-07-15 19:35:19.305, FindNode, fa5b9091-62b3-4fcb-a214-b800ff1140da, 488D91B7237C9FDEC56C70D9374C721A2F230821, 488D91B7237CA01EC56C70D9374C721A2F230821
2025-07-15 19:35:19.306, ReplyFindNode, fa5b9091-62b3-4fcb-a214-b800ff1140da, 488D91B7237C9FDEC56C70D9374C721A2F230821, 7BB3577E7F5595B494687818149EE168FEBC2C03
2025-07-15 19:35:23.294, FindNode, bff6702c-3530-4e32-a5bd-adc0014cd456, 7BB3577E7F5595B494687818149EE168FEBC2C03, 7BB3577E7F5595B494687C18149EE168FEBC2C03
2025-07-15 19:35:23.294, ReplyFindNode, bff6702c-3530-4e32-a5bd-adc0014cd456, 7BB3577E7F5595B494687818149EE168FEBC2C03, ADC0E723DF6E376068DC6BEFDD59C00882974E21
2025-07-15 19:35:26.974, FindNode, 62bb682f-f2ff-42a6-bced-d0889774b5a2, ADC0E723DF6E376068DC6BEFDD59C00882974E21, ADC0E723DF6E376068DC6BEFDD59C00882974EA1
2025-07-15 19:35:26.975, ReplyFindNode, 62bb682f-f2ff-42a6-bced-d0889774b5a2, ADC0E723DF6E376068DC6BEFDD59C00882974E21, 488D91B7237C9FDEC56C70D9374C721A2F230821
2025-07-15 19:35:30.975, Lookup, dfc8dadb-ced9-47e2-b49b-493e24fb6ebd, ADC0E723DF6E376068DC6BEFDD59C00882974E21, D1EE42497945091A1654B4682DBB8B9E659AB7AA
2025-07-15 19:35:31.022, ReplyLookup, dfc8dadb-ced9-47e2-b49b-493e24fb6ebd, 488D91B7237C9FDEC56C70D9374C721A2F230821, 29D147E150828B31FDA006223A08ABDD566B8504
2025-07-15 19:35:31.306, FindNode, 0a0cf5f9-89ae-4bde-9d1b-c29cf892678c, 488D91B7237C9FDEC56C70D9374C721A2F230821, 488D91B7277C9FDEC56C70D9374C721A2F230821
2025-07-15 19:35:31.306, ReplyFindNode, 0a0cf5f9-89ae-4bde-9d1b-c29cf892678c, 488D91B7237C9FDEC56C70D9374C721A2F230821, 7BB3577E7F5595B494687818149EE168FEBC2C03
2025-07-15 19:35:31.485, Lookup, 54210321-924e-4ca3-91e0-fd25c90eb78c, 488D91B7237C9FDEC56C70D9374C721A2F230821, 46970298B7C49635134908446D6DD59B87AFD76A
2025-07-15 19:35:31.528, FindNode, 9bed2e40-c072-418d-9254-9191e8f56150, ADC0E723DF6E376068DC6BEFDD59C00882974E21, 46970298B7C49635134908446D6DD59B87AFD76A
2025-07-15 19:35:31.529, ReplyFindNode, 9bed2e40-c072-418d-9254-9191e8f56150, ADC0E723DF6E376068DC6BEFDD59C00882974E21, 488D91B7237C9FDEC56C70D9374C721A2F230821
2025-07-15 19:35:31.705, ReplyLookup, 54210321-924e-4ca3-91e0-fd25c90eb78c, ADC0E723DF6E376068DC6BEFDD59C00882974E21, 8E8E7481FC021BB47B823DDD87C38EB180994263
2025-07-15 19:35:32.060, Lookup, 5b26b7d6-d109-4492-a08d-61cd02d26537, 7BB3577E7F5595B494687818149EE168FEBC2C03, 0D72C8E05CBB0A1D1B6071D976C5CDA18D1A124C
2025-07-15 19:35:32.104, FindNode, 978b2ed9-fa22-4bb0-ba6a-d308b441ef3d, ADC0E723DF6E376068DC6BEFDD59C00882974E21, 0D72C8E05CBB0A1D1B6071D976C5CDA18D1A124C
2025-07-15 19:35:32.105, ReplyFindNode, 978b2ed9-fa22-4bb0-ba6a-d308b441ef3d, ADC0E723DF6E376068DC6BEFDD59C00882974E21, 488D91B7237C9FDEC56C70D9374C721A2F230821
2025-07-15 19:35:32.237, ReplyLookup, 5b26b7d6-d109-4492-a08d-61cd02d26537, ADC0E723DF6E376068DC6BEFDD59C00882974E21, 7DEB9A3C72639C3BE93B85AE69F74D98F0EF5558
2025-07-15 19:35:35.295, FindNode, c4ed1ef8-097f-45bd-88fc-7d9e613a6a87, 7BB3577E7F5595B494687818149EE168FEBC2C03, BBB3577E7F5595B494687818149EE168FEBC2C03
2025-07-15 19:35:35.296, FindNode, 34ba8ca4-2665-4076-acce-79a675325cee, ADC0E723DF6E376068DC6BEFDD59C00882974E21, BBB3577E7F5595B494687818149EE168FEBC2C03
2025-07-15 19:35:35.296, ReplyFindNode, 34ba8ca4-2665-4076-acce-79a675325cee, ADC0E723DF6E376068DC6BEFDD59C00882974E21, 488D91B7237C9FDEC56C70D9374C721A2F230821
2025-07-15 19:35:35.298, ReplyFindNode, c4ed1ef8-097f-45bd-88fc-7d9e613a6a87, 7BB3577E7F5595B494687818149EE168FEBC2C03, ADC0E723DF6E376068DC6BEFDD59C00882974E21
2025-07-15 19:35:38.975, FindNode, c5c3d431-ee93-4ea6-9f1e-09eb99d203b3, ADC0E723DF6E376068DC6BEFDD59C00882974E21, ADC0E723DF6E376068DC6BEFDD59C00882974F21
2025-07-15 19:35:38.975, ReplyFindNode, c5c3d431-ee93-4ea6-9f1e-09eb99d203b3, ADC0E723DF6E376068DC6BEFDD59C00882974E21, 488D91B7237C9FDEC56C70D9374C721A2F230821
2025-07-15 19:35:43.307, FindNode, 8e08bfed-e404-4c02-bfff-0af2467f6bbc, 488D91B7237C9FDEC56C70D9374C721A2F230821, 488D91B7237C9FDEC56C70D93B4C721A2F230821
2025-07-15 19:35:43.307, ReplyFindNode, 8e08bfed-e404-4c02-bfff-0af2467f6bbc, 488D91B7237C9FDEC56C70D9374C721A2F230821, 7BB3577E7F5595B494687818149EE168FEBC2C03
2025-07-15 19:35:45.975, Lookup, 453fa04e-4700-4c84-befb-b473f72fc9e6, ADC0E723DF6E376068DC6BEFDD59C00882974E21, 46970298B7C49635134908446D6DD59B87AFD76A
2025-07-15 19:35:46.018, ReplyLookup, 453fa04e-4700-4c84-befb-b473f72fc9e6, 488D91B7237C9FDEC56C70D9374C721A2F230821, 8E8E7481FC021BB47B823DDD87C38EB180994263
2025-07-15 19:35:46.485, Lookup, 6bdce01d-cb05-48a3-93b1-417a179b7acf, 488D91B7237C9FDEC56C70D9374C721A2F230821, D81ABF5B3BB23D0CB80B64502B890DD2AE9651C1
2025-07-15 19:35:46.528, FindNode, a00bd51a-b699-4def-931c-07c6032bd581, ADC0E723DF6E376068DC6BEFDD59C00882974E21, D81ABF5B3BB23D0CB80B64502B890DD2AE9651C1
2025-07-15 19:35:46.529, ReplyFindNode, a00bd51a-b699-4def-931c-07c6032bd581, ADC0E723DF6E376068DC6BEFDD59C00882974E21, 488D91B7237C9FDEC56C70D9374C721A2F230821
2025-07-15 19:35:46.704, ReplyLookup, 6bdce01d-cb05-48a3-93b1-417a179b7acf, ADC0E723DF6E376068DC6BEFDD59C00882974E21,
2025-07-15 19:35:47.060, Lookup, bf912c55-0109-4b1e-a4c2-8c2b349b3358, 7BB3577E7F5595B494687818149EE168FEBC2C03, 0D72C8E05CBB0A1D1B6071D976C5CDA18D1A124C
2025-07-15 19:35:47.104, FindNode, 9ef323c9-3f41-413c-8d60-7cff24e18704, ADC0E723DF6E376068DC6BEFDD59C00882974E21, 0D72C8E05CBB0A1D1B6071D976C5CDA18D1A124C
2025-07-15 19:35:47.105, ReplyFindNode, 9ef323c9-3f41-413c-8d60-7cff24e18704, ADC0E723DF6E376068DC6BEFDD59C00882974E21, 488D91B7237C9FDEC56C70D9374C721A2F230821
2025-07-15 19:35:47.241, ReplyLookup, bf912c55-0109-4b1e-a4c2-8c2b349b3358, ADC0E723DF6E376068DC6BEFDD59C00882974E21, 7DEB9A3C72639C3BE93B85AE69F74D98F0EF5558
2025-07-15 19:35:47.299, FindNode, a95f9f2f-4964-4b2e-ab0b-84e7b08e96cc, 7BB3577E7F5595B494687818149EE168FEBC2C03, 7BB3577E7F5595B494687818149F2168FEBC2C03
2025-07-15 19:35:47.299, ReplyFindNode, a95f9f2f-4964-4b2e-ab0b-84e7b08e96cc, 7BB3577E7F5595B494687818149EE168FEBC2C03, ADC0E723DF6E376068DC6BEFDD59C00882974E21
2025-07-15 19:35:47.679, EndStableRegimen
2025-07-15 19:35:48.162, Fail, 6d1e6b4d-c3c9-4d3e-ac50-763e4cf43b61, ADC0E723DF6E376068DC6BEFDD59C00882974E21
2025-07-15 19:35:48.649, MARK FAIL openchord-3
2025-07-15 19:35:55.307, FindNode, edd82774-1cfb-4a5d-be6d-9ee72c7363ad, 488D91B7237C9FDEC56C70D9374C721A2F230821, 488D91B7237C9FDF056C70D9374C721A2F230821
2025-07-15 19:35:55.308, ReplyFindNode, edd82774-1cfb-4a5d-be6d-9ee72c7363ad, 488D91B7237C9FDEC56C70D9374C721A2F230821, 7BB3577E7F5595B494687818149EE168FEBC2C03
2025-07-15 19:35:59.299, FindNode, 46d8e1c0-2dd0-4828-bd7b-6b63d2ec3992, 7BB3577E7F5595B494687818149EE168FEBC2C03, 7BB3577E7F5595B49468F818149EE168FEBC2C03
2025-07-15 19:35:59.300, ReplyFindNode, 46d8e1c0-2dd0-4828-bd7b-6b63d2ec3992, 7BB3577E7F5595B494687818149EE168FEBC2C03, 488D91B7237C9FDEC56C70D9374C721A2F230821
2025-07-15 19:36:01.486, Lookup, 8324ce69-6888-4187-821c-08d09b829ac9, 488D91B7237C9FDEC56C70D9374C721A2F230821, D6220063ED4F3235813F3E2DC8549CDEB817DE3D
2025-07-15 19:36:01.528, FindNode, efcb45c0-2dec-4436-8f43-db5cb1edb8c2, 7BB3577E7F5595B494687818149EE168FEBC2C03, D6220063ED4F3235813F3E2DC8549CDEB817DE3D
2025-07-15 19:36:01.529, ReplyFindNode, efcb45c0-2dec-4436-8f43-db5cb1edb8c2, 7BB3577E7F5595B494687818149EE168FEBC2C03, 488D91B7237C9FDEC56C70D9374C721A2F230821
2025-07-15 19:36:01.660, ReplyLookup, 8324ce69-6888-4187-821c-08d09b829ac9, 7BB3577E7F5595B494687818149EE168FEBC2C03,
2025-07-15 19:36:02.060, Lookup, a95f8c5e-06c6-47f9-9807-1f631017c1a2, 7BB3577E7F5595B494687818149EE168FEBC2C03, 0D72C8E05CBB0A1D1B6071D976C5CDA18D1A124C
2025-07-15 19:36:02.106, ReplyLookup, a95f8c5e-06c6-47f9-9807-1f631017c1a2, 488D91B7237C9FDEC56C70D9374C721A2F230821, 7DEB9A3C72639C3BE93B85AE69F74D98F0EF5558
2025-07-15 19:36:07.308, FindNode, ee922498-19cc-42d3-8c9c-efe7c24b33ae, 488D91B7237C9FDEC56C70D9374C721A2F230821, 488D91B7637C9FDEC56C70D9374C721A2F230821
2025-07-15 19:36:07.309, ReplyFindNode, ee922498-19cc-42d3-8c9c-efe7c24b33ae, 488D91B7237C9FDEC56C70D9374C721A2F230821, 7BB3577E7F5595B494687818149EE168FEBC2C03
2025-07-15 19:36:11.300, FindNode, 272a69db-e420-4a14-9f85-e91b6d8d9f38, 7BB3577E7F5595B494687818149EE168FEBC2C03, BBB3577E7F5595B494687818149EE168FEBC2C03
2025-07-15 19:36:11.300, ReplyFindNode, 272a69db-e420-4a14-9f85-e91b6d8d9f38, 7BB3577E7F5595B494687818149EE168FEBC2C03, 488D91B7237C9FDEC56C70D9374C721A2F230821
2025-07-15 19:36:16.487, Store, a851155e-b9f3-4350-8127-f64f733ff4d5, 488D91B7237C9FDEC56C70D9374C721A2F230821, A1CCFF8CC5D4030BF2DB965FF3A35D2545AF9E63, 03794D999C6536EB4E17A75EA1E309DE70801530
2025-07-15 19:36:16.528, FindNode, 19e0aba4-8f52-476d-9c6e-31b75dd9083d, 7BB3577E7F5595B494687818149EE168FEBC2C03, A1CCFF8CC5D4030BF2DB965FF3A35D2545AF9E63
2025-07-15 19:36:16.529, ReplyFindNode, 19e0aba4-8f52-476d-9c6e-31b75dd9083d, 7BB3577E7F5595B494687818149EE168FEBC2C03, 488D91B7237C9FDEC56C70D9374C721A2F230821
2025-07-15 19:36:16.620, ReplyStore, a851155e-b9f3-4350-8127-f64f733ff4d5, 7BB3577E7F5595B494687818149EE168FEBC2C03
2025-07-15 19:36:17.060, Lookup, fc3e2643-2274-4b38-9187-27a7c60e15bf, 7BB3577E7F5595B494687818149EE168FEBC2C03, 0D72C8E05CBB0A1D1B6071D976C5CDA18D1A124C
2025-07-15 19:36:17.106, ReplyLookup, fc3e2643-2274-4b38-9187-27a7c60e15bf, 488D91B7237C9FDEC56C70D9374C721A2F230821, 7DEB9A3C72639C3BE93B85AE69F74D98F0EF5558
2025-07-15 19:36:19.309, FindNode, 2eb98419-b7b2-49f0-a51a-b8edd864b58b, 488D91B7237C9FDEC56C70D9374C721A2F230821, 488D91B7237C9FDEC56C70D9374C821A2F230821
2025-07-15 19:36:19.309, ReplyFindNode, 2eb98419-b7b2-49f0-a51a-b8edd864b58b, 488D91B7237C9FDEC56C70D9374C721A2F230821, 7BB3577E7F5595B494687818149EE168FEBC2C03
2025-07-15 19:36:19.355, StartStableRegimen
2025-07-15 19:36:23.301, FindNode, c30f8bb2-68c4-4ca9-ac9c-18061d7d1956, 7BB3577E7F5595B494687818149EE168FEBC2C03, 7BB3577E7F5595B494687818149EE1691EBC2C03
2025-07-15 19:36:23.301, ReplyFindNode, c30f8bb2-68c4-4ca9-ac9c-18061d7d1956, 7BB3577E7F5595B494687818149EE168FEBC2C03, 488D91B7237C9FDEC56C70D9374C721A2F230821
2025-07-15 19:36:31.310, FindNode, fa52cb3d-fcca-48a8-a4d5-2ae0665c2869, 488D91B7237C9FDEC56C70D9374C721A2F230821, 488D91B7237C9FDEC56C70D9374C721AAF230821
2025-07-15 19:36:31.310, ReplyFindNode, fa52cb3d-fcca-48a8-a4d5-2ae0665c2869, 488D91B7237C9FDEC56C70D9374C721A2F230821, 7BB3577E7F5595B494687818149EE168FEBC2C03
2025-07-15 19:36:31.487, Lookup, 3189a67e-8e36-4213-af1f-c8c2976f1032, 488D91B7237C9FDEC56C70D9374C721A2F230821, 19B0DB1E143F4A74F90E42B5F94281E94BBEADFF
2025-07-15 19:36:31.528, FindNode, be73ff33-1567-438d-80e8-6bedec97c141, 7BB3577E7F5595B494687818149EE168FEBC2C03, 19B0DB1E143F4A74F90E42B5F94281E94BBEADFF
2025-07-15 19:36:31.529, ReplyFindNode, be73ff33-1567-438d-80e8-6bedec97c141, 7BB3577E7F5595B494687818149EE168FEBC2C03, 488D91B7237C9FDEC56C70D9374C721A2F230821
2025-07-15 19:36:31.660, ReplyLookup, 3189a67e-8e36-4213-af1f-c8c2976f1032, 7BB3577E7F5595B494687818149EE168FEBC2C03,
2025-07-15 19:36:32.060, Lookup, 2b901808-1628-452d-aa53-2a88ceca58f4, 7BB3577E7F5595B494687818149EE168FEBC2C03, 0D72C8E05CBB0A1D1B6071D976C5CDA18D1A124C
2025-07-15 19:36:32.106, ReplyLookup, 2b901808-1628-452d-aa53-2a88ceca58f4, 488D91B7237C9FDEC56C70D9374C721A2F230821, 7DEB9A3C72639C3BE93B85AE69F74D98F0EF5558
2025-07-15 19:36:35.301, FindNode, d425a280-6ca8-482c-b39e-76704803c9f9, 7BB3577E7F5595B494687818149EE168FEBC2C03, 7BB3577E7F5595B494687818149EE1690EBC2C03
2025-07-15 19:36:35.302, ReplyFindNode, d425a280-6ca8-482c-b39e-76704803c9f9, 7BB3577E7F5595B494687818149EE168FEBC2C03, 488D91B7237C9FDEC56C70D9374C721A2F230821
2025-07-15 19:36:43.310, FindNode, a1dc8607-e3df-4269-a544-c695d9ee372d, 488D91B7237C9FDEC56C70D9374C721A2F230821, 488D91B7237CA05EC56C70D9374C721A2F230821
2025-07-15 19:36:43.311, ReplyFindNode, a1dc8607-e3df-4269-a544-c695d9ee372d, 488D91B7237C9FDEC56C70D9374C721A2F230821, 7BB3577E7F5595B494687818149EE168FEBC2C03
2025-07-15 19:36:46.487, Lookup, b0148024-fb93-4b64-b37f-0e4af0f5f186, 488D91B7237C9FDEC56C70D9374C721A2F230821, 40ABDF0A8CBD27C671039AD086F8E05FF204A138
2025-07-15 19:36:46.528, FindNode, 05a23d35-7322-41c0-a32c-20346e2fe427, 7BB3577E7F5595B494687818149EE168FEBC2C03, 40ABDF0A8CBD27C671039AD086F8E05FF204A138
2025-07-15 19:36:46.529, ReplyFindNode, 05a23d35-7322-41c0-a32c-20346e2fe427, 7BB3577E7F5595B494687818149EE168FEBC2C03, 488D91B7237C9FDEC56C70D9374C721A2F230821
2025-07-15 19:36:46.660, ReplyLookup, b0148024-fb93-4b64-b37f-0e4af0f5f186, 7BB3577E7F5595B494687818149EE168FEBC2C03,
2025-07-15 19:36:47.060, Lookup, c4f7ba10-9e96-4b69-a575-c67f80f72a19, 7BB3577E7F5595B494687818149EE168FEBC2C03, 26613E766BFA6AABB037628873F09AEA94A876A2
2025-07-15 19:36:47.105, ReplyLookup, c4f7ba10-9e96-4b69-a575-c67f80f72a19, 488D91B7237C9FDEC56C70D9374C721A2F230821,
2025-07-15 19:36:47.302, FindNode, dd1c0818-170e-4af9-9ff2-b7952d9fe232, 7BB3577E7F5595B494687818149EE168FEBC2C03, 7BB357827F5595B494687818149EE168FEBC2C03
2025-07-15 19:36:47.302, ReplyFindNode, dd1c0818-170e-4af9-9ff2-b7952d9fe232, 7BB3577E7F5595B494687818149EE168FEBC2C03, 488D91B7237C9FDEC56C70D9374C721A2F230821
2025-07-15 19:36:55.311, FindNode, eed2b8ea-d30e-48e7-bb1b-9a1b655ad79c, 488D91B7237C9FDEC56C70D9374C721A2F230821, 488D91B7237CA7DEC56C70D9374C721A2F230821
2025-07-15 19:36:55.311, ReplyFindNode, eed2b8ea-d30e-48e7-bb1b-9a1b655ad79c, 488D91B7237C9FDEC56C70D9374C721A2F230821, 7BB3577E7F5595B494687818149EE168FEBC2C03
2025-07-15 19:36:59.303, FindNode, 2f4e4e98-8e1c-48be-8667-4e18333c4cfd, 7BB3577E7F5595B494687818149EE168FEBC2C03, 7BB3577E7F5595B494687818149F6168FEBC2C03
2025-07-15 19:36:59.303, ReplyFindNode, 2f4e4e98-8e1c-48be-8667-4e18333c4cfd, 7BB3577E7F5595B494687818149EE168FEBC2C03, 488D91B7237C9FDEC56C70D9374C721A2F230821
2025-07-15 19:37:01.488, Remove, e1553ae2-08fc-414e-b42c-124ead78a135, 488D91B7237C9FDEC56C70D9374C721A2F230821, F83AFDBF1E4A7279A5E4A0D63C7D2F354EB5E3C7, C46DF3FBA59172BD0B1E825BA5E0C1F5A109E510
2025-07-15 19:37:01.532, FindNode, b94ae6ca-1e32-49e2-89ab-d883f9f7095d, 7BB3577E7F5595B494687818149EE168FEBC2C03, F83AFDBF1E4A7279A5E4A0D63C7D2F354EB5E3C7
2025-07-15 19:37:01.533, ReplyFindNode, b94ae6ca-1e32-49e2-89ab-d883f9f7095d, 7BB3577E7F5595B494687818149EE168FEBC2C03, 488D91B7237C9FDEC56C70D9374C721A2F230821
2025-07-15 19:37:01.624, ReplyRemove, e1553ae2-08fc-414e-b42c-124ead78a135, 7BB3577E7F5595B494687818149EE168FEBC2C03
2025-07-15 19:37:02.061, Lookup, 4fcc462f-56bf-4b04-8917-3c8934eb74c8, 7BB3577E7F5595B494687818149EE168FEBC2C03, 8953B8A7BD064050D5F41F201FF0FB3049A97373
2025-07-15 19:37:02.105, ReplyLookup, 4fcc462f-56bf-4b04-8917-3c8934eb74c8, 488D91B7237C9FDEC56C70D9374C721A2F230821,
2025-07-15 19:37:07.312, FindNode, 2da917e5-4074-48fe-96c3-d33b5291db4f, 488D91B7237C9FDEC56C70D9374C721A2F230821, 488D91B7237C9FDEC56C70D9374C721A2F230921
2025-07-15 19:37:07.312, ReplyFindNode, 2da917e5-4074-48fe-96c3-d33b5291db4f, 488D91B7237C9FDEC56C70D9374C721A2F230821, 7BB3577E7F5595B494687818149EE168FEBC2C03
2025-07-15 19:37:11.303, FindNode, 85b2c9de-c4d4-4017-a948-331f6a2bc329, 7BB3577E7F5595B494687818149EE168FEBC2C03, 7FB3577E7F5595B494687818149EE168FEBC2C03
2025-07-15 19:37:11.304, ReplyFindNode, 85b2c9de-c4d4-4017-a948-331f6a2bc329, 7BB3577E7F5595B494687818149EE168FEBC2C03, 488D91B7237C9FDEC56C70D9374C721A2F230821
2025-07-15 19:37:16.488, Lookup, fbc8c528-b4d3-4c63-93b9-a3f8303d344b, 488D91B7237C9FDEC56C70D9374C721A2F230821, 802FEE370E9087DF936129805824CE17CD2E9535
2025-07-15 19:37:16.533, FindNode, 5eb4f555-4848-4bd6-9895-864c627669d6, 7BB3577E7F5595B494687818149EE168FEBC2C03, 802FEE370E9087DF936129805824CE17CD2E9535
2025-07-15 19:37:16.533, ReplyFindNode, 5eb4f555-4848-4bd6-9895-864c627669d6, 7BB3577E7F5595B494687818149EE168FEBC2C03, 488D91B7237C9FDEC56C70D9374C721A2F230821
2025-07-15 19:37:16.664, ReplyLookup, fbc8c528-b4d3-4c63-93b9-a3f8303d344b, 7BB3577E7F5595B494687818149EE168FEBC2C03,
2025-07-15 19:37:17.061, Store, 4dd68af1-4cc7-4b4b-a33a-adc59216fc0a, 7BB3577E7F5595B494687818149EE168FEBC2C03, 0F10C12292978628EC49BB62F7D445E8E99F3C25, 580A928439F2EFF0F5ED81454EBF7EE7EFE93F21
2025-07-15 19:37:17.105, ReplyStore, 4dd68af1-4cc7-4b4b-a33a-adc59216fc0a, 488D91B7237C9FDEC56C70D9374C721A2F230821
2025-07-15 19:37:19.312, FindNode, b49d7bf5-0aa4-4546-b6a4-3b3fe8d21286, 488D91B7237C9FDEC56C70D9374C721A2F230821, 488D91B7237C9FDFC56C70D9374C721A2F230821
2025-07-15 19:37:19.313, ReplyFindNode, b49d7bf5-0aa4-4546-b6a4-3b3fe8d21286, 488D91B7237C9FDEC56C70D9374C721A2F230821, 7BB3577E7F5595B494687818149EE168FEBC2C03
2025-07-15 19:37:23.304, FindNode, 53758afa-2e21-4d5f-b0b4-df2252ff4c61, 7BB3577E7F5595B494687818149EE168FEBC2C03, 7BB3577E7F55D5B494687818149EE168FEBC2C03
2025-07-15 19:37:23.304, ReplyFindNode, 53758afa-2e21-4d5f-b0b4-df2252ff4c61, 7BB3577E7F5595B494687818149EE168FEBC2C03, 488D91B7237C9FDEC56C70D9374C721A2F230821
2025-07-15 19:37:31.313, FindNode, 1b67c461-17d8-4e50-b115-02d72be61491, 488D91B7237C9FDEC56C70D9374C721A2F230821, 488D91B7237C9FDEC56C70D9374C721A2F231821
2025-07-15 19:37:31.314, ReplyFindNode, 1b67c461-17d8-4e50-b115-02d72be61491, 488D91B7237C9FDEC56C70D9374C721A2F230821, 7BB3577E7F5595B494687818149EE168FEBC2C03
2025-07-15 19:37:31.489, Remove, f285dec4-44ac-4284-be13-1fd9fe031e74, 488D91B7237C9FDEC56C70D9374C721A2F230821, A1CCFF8CC5D4030BF2DB965FF3A35D2545AF9E63, 03794D999C6536EB4E17A75EA1E309DE70801530
2025-07-15 19:37:31.532, FindNode, cc46f0d8-29d2-49b7-804b-031ea10dbd4b, 7BB3577E7F5595B494687818149EE168FEBC2C03, A1CCFF8CC5D4030BF2DB965FF3A35D2545AF9E63
2025-07-15 19:37:31.533, ReplyFindNode, cc46f0d8-29d2-49b7-804b-031ea10dbd4b, 7BB3577E7F5595B494687818149EE168FEBC2C03, 488D91B7237C9FDEC56C70D9374C721A2F230821
2025-07-15 19:37:31.580, ReplyRemove, f285dec4-44ac-4284-be13-1fd9fe031e74, 7BB3577E7F5595B494687818149EE168FEBC2C03
2025-07-15 19:37:32.061, Lookup, 925748f6-3f64-4e76-a200-df23f0a80db6, 7BB3577E7F5595B494687818149EE168FEBC2C03, 0D72C8E05CBB0A1D1B6071D976C5CDA18D1A124C
2025-07-15 19:37:32.106, ReplyLookup, 925748f6-3f64-4e76-a200-df23f0a80db6, 488D91B7237C9FDEC56C70D9374C721A2F230821, 7DEB9A3C72639C3BE93B85AE69F74D98F0EF5558
2025-07-15 19:37:35.305, FindNode, 539074ce-3f0c-4d36-96ac-013b8aa5fe7b, 7BB3577E7F5595B494687818149EE168FEBC2C03, 7BB3577E7F5595B494687818149EE168FEDC2C03
2025-07-15 19:37:35.305, ReplyFindNode, 539074ce-3f0c-4d36-96ac-013b8aa5fe7b, 7BB3577E7F5595B494687818149EE168FEBC2C03, 488D91B7237C9FDEC56C70D9374C721A2F230821
2025-07-15 19:37:43.314, FindNode, 865242ab-5584-4245-9f45-64e867ff9a4b, 488D91B7237C9FDEC56C70D9374C721A2F230821, 488D91B7237C9FDEC56C70D9374C721A31230821
2025-07-15 19:37:43.314, ReplyFindNode, 865242ab-5584-4245-9f45-64e867ff9a4b, 488D91B7237C9FDEC56C70D9374C721A2F230821, 7BB3577E7F5595B494687818149EE168FEBC2C03
2025-07-15 19:37:46.490, Lookup, ac0176d4-6bcf-446d-bb7e-04fea15da6c8, 488D91B7237C9FDEC56C70D9374C721A2F230821, 4972B78B75E1FBE7528F0BCC0C7B0CF7E0E6BB0B
2025-07-15 19:37:46.534, ReplyLookup, ac0176d4-6bcf-446d-bb7e-04fea15da6c8, 7BB3577E7F5595B494687818149EE168FEBC2C03, CD80598EC517EAE9A358EDA9FD94A445051EF53F
2025-07-15 19:37:47.061, Lookup, b955e246-4211-4fc0-820c-8add159f9637, 7BB3577E7F5595B494687818149EE168FEBC2C03, F283F65B4F3BC43D5CDE609449592EF014AD317E
2025-07-15 19:37:47.106, ReplyLookup, b955e246-4211-4fc0-820c-8add159f9637, 488D91B7237C9FDEC56C70D9374C721A2F230821, 86954B0558ACBE6787B6FB108FCA3CA9645718FA
2025-07-15 19:37:47.305, FindNode, 2d0edc20-a4bc-464c-8926-dc98a5fce9b9, 7BB3577E7F5595B494687818149EE168FEBC2C03, 7BB3677E7F5595B494687818149EE168FEBC2C03
2025-07-15 19:37:47.306, ReplyFindNode, 2d0edc20-a4bc-464c-8926-dc98a5fce9b9, 7BB3577E7F5595B494687818149EE168FEBC2C03, 488D91B7237C9FDEC56C70D9374C721A2F230821
2025-07-15 19:37:55.315, FindNode, 6222acb2-6bc8-4883-bf3c-7ea9a9390aca, 488D91B7237C9FDEC56C70D9374C721A2F230821, 488D91B8237C9FDEC56C70D9374C721A2F230821
2025-07-15 19:37:55.315, ReplyFindNode, 6222acb2-6bc8-4883-bf3c-7ea9a9390aca, 488D91B7237C9FDEC56C70D9374C721A2F230821, 7BB3577E7F5595B494687818149EE168FEBC2C03
2025-07-15 19:37:59.306, FindNode, 97b2ae50-5f93-4be3-9926-137ec395d0b6, 7BB3577E7F5595B494687818149EE168FEBC2C03, 7BB3977E7F5595B494687818149EE168FEBC2C03
2025-07-15 19:37:59.306, ReplyFindNode, 97b2ae50-5f93-4be3-9926-137ec395d0b6, 7BB3577E7F5595B494687818149EE168FEBC2C03, 488D91B7237C9FDEC56C70D9374C721A2F230821
2025-07-15 19:38:01.490, Remove, 24b988e3-6d10-4eee-937b-6234fe12e1d5, 488D91B7237C9FDEC56C70D9374C721A2F230821, 4972B78B75E1FBE7528F0BCC0C7B0CF7E0E6BB0B, CD80598EC517EAE9A358EDA9FD94A445051EF53F
2025-07-15 19:38:01.532, ReplyRemove, 24b988e3-6d10-4eee-937b-6234fe12e1d5, 7BB3577E7F5595B494687818149EE168FEBC2C03
2025-07-15 19:38:02.061, Lookup, b0977bfc-1f61-4c39-9129-bff0faf7b6c4, 7BB3577E7F5595B494687818149EE168FEBC2C03, F283F65B4F3BC43D5CDE609449592EF014AD317E
2025-07-15 19:38:02.106, ReplyLookup, b0977bfc-1f61-4c39-9129-bff0faf7b6c4, 488D91B7237C9FDEC56C70D9374C721A2F230821, 86954B0558ACBE6787B6FB108FCA3CA9645718FA
2025-07-15 19:38:07.315, FindNode, 77620a65-5b3a-4a0d-89c5-a15d4714b8e8, 488D91B7237C9FDEC56C70D9374C721A2F230821, 488D91B7237CA05EC56C70D9374C721A2F230821
2025-07-15 19:38:07.316, ReplyFindNode, 77620a65-5b3a-4a0d-89c5-a15d4714b8e8, 488D91B7237C9FDEC56C70D9374C721A2F230821, 7BB3577E7F5595B494687818149EE168FEBC2C03
2025-07-15 19:38:11.307, FindNode, 15ec1d08-36f5-42f9-92ac-9c52260cecb2, 7BB3577E7F5595B494687818149EE168FEBC2C03, 7BB357867F5595B494687818149EE168FEBC2C03
2025-07-15 19:38:11.307, ReplyFindNode, 15ec1d08-36f5-42f9-92ac-9c52260cecb2, 7BB3577E7F5595B494687818149EE168FEBC2C03, 488D91B7237C9FDEC56C70D9374C721A2F230821
2025-07-15 19:38:16.490, Lookup, 8ad55834-4a23-4a66-b12a-0d2da05eb976, 488D91B7237C9FDEC56C70D9374C721A2F230821, 20A5461E257D93E9FCBFB4F19F2A9243AFEE918C
2025-07-15 19:38:16.532, FindNode, b64b822e-99df-4344-b9d3-82465bad26ef, 7BB3577E7F5595B494687818149EE168FEBC2C03, 20A5461E257D93E9FCBFB4F19F2A9243AFEE918C
2025-07-15 19:38:16.533, ReplyFindNode, b64b822e-99df-4344-b9d3-82465bad26ef, 7BB3577E7F5595B494687818149EE168FEBC2C03, 488D91B7237C9FDEC56C70D9374C721A2F230821
2025-07-15 19:38:16.665, ReplyLookup, 8ad55834-4a23-4a66-b12a-0d2da05eb976, 7BB3577E7F5595B494687818149EE168FEBC2C03, B4841A6CFF87141380778AF4406DCD14D736B6E1
2025-07-15 19:38:17.061, Lookup, 660ff911-e6df-4f19-9438-845ebe44ab5e, 7BB3577E7F5595B494687818149EE168FEBC2C03, BE3862AEB1338B90C0556BD3B1843470B831D205
2025-07-15 19:38:17.105, ReplyLookup, 660ff911-e6df-4f19-9438-845ebe44ab5e, 488D91B7237C9FDEC56C70D9374C721A2F230821,
2025-07-15 19:38:19.316, FindNode, e593ae0a-67b5-4cd3-b2e8-fdde32247181, 488D91B7237C9FDEC56C70D9374C721A2F230821, 498D91B7237C9FDEC56C70D9374C721A2F230821
2025-07-15 19:38:19.316, ReplyFindNode, e593ae0a-67b5-4cd3-b2e8-fdde32247181, 488D91B7237C9FDEC56C70D9374C721A2F230821, 7BB3577E7F5595B494687818149EE168FEBC2C03
2025-07-15 19:38:23.308, FindNode, 0149bef4-f51e-4ec4-9081-776d989c6267, 7BB3577E7F5595B494687818149EE168FEBC2C03, 7BB3577E7F5595B494687818149EE168FEBC3003
2025-07-15 19:38:23.308, ReplyFindNode, 0149bef4-f51e-4ec4-9081-776d989c6267, 7BB3577E7F5595B494687818149EE168FEBC2C03, 488D91B7237C9FDEC56C70D9374C721A2F230821
2025-07-15 19:38:31.317, FindNode, fb76d82a-2b34-4aff-bdf0-4d2b02018ee0, 488D91B7237C9FDEC56C70D9374C721A2F230821, 488D91B7247C9FDEC56C70D9374C721A2F230821
2025-07-15 19:38:31.317, ReplyFindNode, fb76d82a-2b34-4aff-bdf0-4d2b02018ee0, 488D91B7237C9FDEC56C70D9374C721A2F230821, 7BB3577E7F5595B494687818149EE168FEBC2C03
2025-07-15 19:38:31.489, Store, 0fbb9383-baa6-40a0-b568-28b1be2fe3e6, 488D91B7237C9FDEC56C70D9374C721A2F230821, CA16F112A365243121E2146E747A6A7EE1D81533, F795060E4622240A4FC257DAD04AE0ECE508C1C3
2025-07-15 19:38:31.532, FindNode, 24ce7cc0-e30e-4034-8428-c76dc656b964, 7BB3577E7F5595B494687818149EE168FEBC2C03, CA16F112A365243121E2146E747A6A7EE1D81533
2025-07-15 19:38:31.533, ReplyFindNode, 24ce7cc0-e30e-4034-8428-c76dc656b964, 7BB3577E7F5595B494687818149EE168FEBC2C03, 488D91B7237C9FDEC56C70D9374C721A2F230821
2025-07-15 19:38:31.624, ReplyStore, 0fbb9383-baa6-40a0-b568-28b1be2fe3e6, 7BB3577E7F5595B494687818149EE168FEBC2C03
2025-07-15 19:38:32.062, Store, 603646c0-4af9-466a-beab-7cb71227940c, 7BB3577E7F5595B494687818149EE168FEBC2C03, 0C0D55BB44BDD82AE345763EE07A0F2640389669, B6D5D2F8B36E629C224D81AD2915EDDE5CA1049C
2025-07-15 19:38:32.064, ReplyStore, 603646c0-4af9-466a-beab-7cb71227940c, 488D91B7237C9FDEC56C70D9374C721A2F230821
2025-07-15 19:38:35.308, FindNode, 0dba9b0d-fa71-4619-a300-ef4f7851b3b3, 7BB3577E7F5595B494687818149EE168FEBC2C03, 7BB3578E7F5595B494687818149EE168FEBC2C03
2025-07-15 19:38:35.309, ReplyFindNode, 0dba9b0d-fa71-4619-a300-ef4f7851b3b3, 7BB3577E7F5595B494687818149EE168FEBC2C03, 488D91B7237C9FDEC56C70D9374C721A2F230821
2025-07-15 19:38:43.317, FindNode, 3513c583-0957-4e5e-bafa-c995343337a6, 488D91B7237C9FDEC56C70D9374C721A2F230821, 488D91B7237CA0DEC56C70D9374C721A2F230821
2025-07-15 19:38:43.317, ReplyFindNode, 3513c583-0957-4e5e-bafa-c995343337a6, 488D91B7237C9FDEC56C70D9374C721A2F230821, 7BB3577E7F5595B494687818149EE168FEBC2C03
2025-07-15 19:38:46.489, Lookup, eac335d1-a95e-4c64-aa4e-9140c16695dc, 488D91B7237C9FDEC56C70D9374C721A2F230821, 20A5461E257D93E9FCBFB4F19F2A9243AFEE918C
2025-07-15 19:38:46.532, FindNode, 7c595610-5f8d-48f5-9158-5190a2dd8663, 7BB3577E7F5595B494687818149EE168FEBC2C03, 20A5461E257D93E9FCBFB4F19F2A9243AFEE918C
2025-07-15 19:38:46.533, ReplyFindNode, 7c595610-5f8d-48f5-9158-5190a2dd8663, 7BB3577E7F5595B494687818149EE168FEBC2C03, 488D91B7237C9FDEC56C70D9374C721A2F230821
2025-07-15 19:38:46.623, ReplyLookup, eac335d1-a95e-4c64-aa4e-9140c16695dc, 7BB3577E7F5595B494687818149EE168FEBC2C03, B4841A6CFF87141380778AF4406DCD14D736B6E1
2025-07-15 19:38:47.061, Lookup, 85e4124d-710e-4e07-8c9d-9254af9aadd7, 7BB3577E7F5595B494687818149EE168FEBC2C03, 663FA5C146D4E62D872BDDAF4EECA1C34E6390B9
2025-07-15 19:38:47.104, FindNode, bbc8f87c-016a-40b3-89aa-8951dcba5a2d, 488D91B7237C9FDEC56C70D9374C721A2F230821, 663FA5C146D4E62D872BDDAF4EECA1C34E6390B9
2025-07-15 19:38:47.104, ReplyFindNode, bbc8f87c-016a-40b3-89aa-8951dcba5a2d, 488D91B7237C9FDEC56C70D9374C721A2F230821, 7BB3577E7F5595B494687818149EE168FEBC2C03
2025-07-15 19:38:47.236, ReplyLookup, 85e4124d-710e-4e07-8c9d-9254af9aadd7, 488D91B7237C9FDEC56C70D9374C721A2F230821,
2025-07-15 19:38:47.309, FindNode, ee36953e-ed14-4b2c-b7a3-af2fc89cd247, 7BB3577E7F5595B494687818149EE168FEBC2C03, 7BB357827F5595B494687818149EE168FEBC2C03
2025-07-15 19:38:47.309, ReplyFindNode, ee36953e-ed14-4b2c-b7a3-af2fc89cd247, 7BB3577E7F5595B494687818149EE168FEBC2C03, 488D91B7237C9FDEC56C70D9374C721A2F230821
2025-07-15 19:38:55.318, FindNode, 687265fd-c94b-467a-991a-e6e2b13437d3, 488D91B7237C9FDEC56C70D9374C721A2F230821, 488D91B7237C9FDEC56C70D9374C821A2F230821
2025-07-15 19:38:55.318, ReplyFindNode, 687265fd-c94b-467a-991a-e6e2b13437d3, 488D91B7237C9FDEC56C70D9374C721A2F230821, 7BB3577E7F5595B494687818149EE168FEBC2C03
2025-07-15 19:38:59.310, FindNode, 9331ad54-2999-479c-a4ec-3faa4a3e360d, 7BB3577E7F5595B494687818149EE168FEBC2C03, 7BB3577E7F5595B494687818159EE168FEBC2C03
2025-07-15 19:38:59.310, ReplyFindNode, 9331ad54-2999-479c-a4ec-3faa4a3e360d, 7BB3577E7F5595B494687818149EE168FEBC2C03, 488D91B7237C9FDEC56C70D9374C721A2F230821
2025-07-15 19:39:01.489, Remove, be959555-0426-41d4-8e81-026fbf2c4a71, 488D91B7237C9FDEC56C70D9374C721A2F230821, 20A5461E257D93E9FCBFB4F19F2A9243AFEE918C, B4841A6CFF87141380778AF4406DCD14D736B6E1
2025-07-15 19:39:01.532, FindNode, 2d913c99-2110-4336-a2a8-7f2d7ccbf373, 7BB3577E7F5595B494687818149EE168FEBC2C03, 20A5461E257D93E9FCBFB4F19F2A9243AFEE918C
2025-07-15 19:39:01.532, ReplyFindNode, 2d913c99-2110-4336-a2a8-7f2d7ccbf373, 7BB3577E7F5595B494687818149EE168FEBC2C03, 488D91B7237C9FDEC56C70D9374C721A2F230821
2025-07-15 19:39:01.620, ReplyRemove, be959555-0426-41d4-8e81-026fbf2c4a71, 7BB3577E7F5595B494687818149EE168FEBC2C03
2025-07-15 19:39:02.062, Lookup, d39bd4e4-780c-497b-880c-ea853f8232ca, 7BB3577E7F5595B494687818149EE168FEBC2C03, 0F10C12292978628EC49BB62F7D445E8E99F3C25
2025-07-15 19:39:02.106, ReplyLookup, d39bd4e4-780c-497b-880c-ea853f8232ca, 488D91B7237C9FDEC56C70D9374C721A2F230821, 580A928439F2EFF0F5ED81454EBF7EE7EFE93F21
2025-07-15 19:39:07.318, FindNode, 3a5b1d90-9a3d-4ab8-b7d6-9162b3a1cb0b, 488D91B7237C9FDEC56C70D9374C721A2F230821, 488D91B7237C9FDEE56C70D9374C721A2F230821
2025-07-15 19:39:07.319, ReplyFindNode, 3a5b1d90-9a3d-4ab8-b7d6-9162b3a1cb0b, 488D91B7237C9FDEC56C70D9374C721A2F230821, 7BB3577E7F5595B494687818149EE168FEBC2C03
2025-07-15 19:39:11.310, FindNode, a21fb3b1-538c-4cc9-a7f1-35876f48a38d, 7BB3577E7F5595B494687818149EE168FEBC2C03, 7BB3577E7F5595B494687818149EE168FEBC2C07
2025-07-15 19:39:11.311, ReplyFindNode, a21fb3b1-538c-4cc9-a7f1-35876f48a38d, 7BB3577E7F5595B494687818149EE168FEBC2C03, 488D91B7237C9FDEC56C70D9374C721A2F230821
2025-07-15 19:39:16.490, Store, 40f795fd-4aa0-4375-aede-64fa76720cbe, 488D91B7237C9FDEC56C70D9374C721A2F230821, 11B0360EA62C39206E5C34FC4D5CD314A72CEF4E, 24DAF896A03CCBF5D163984055555602B08D50EC
2025-07-15 19:39:16.532, FindNode, ee44d359-e7ab-4912-aa46-e84aa3617f8d, 7BB3577E7F5595B494687818149EE168FEBC2C03, 11B0360EA62C39206E5C34FC4D5CD314A72CEF4E
2025-07-15 19:39:16.533, ReplyFindNode, ee44d359-e7ab-4912-aa46-e84aa3617f8d, 7BB3577E7F5595B494687818149EE168FEBC2C03, 488D91B7237C9FDEC56C70D9374C721A2F230821
2025-07-15 19:39:16.624, ReplyStore, 40f795fd-4aa0-4375-aede-64fa76720cbe, 7BB3577E7F5595B494687818149EE168FEBC2C03
2025-07-15 19:39:17.062, Lookup, 24056df6-7eaa-4a78-b471-e40c50128c3c, 7BB3577E7F5595B494687818149EE168FEBC2C03, F283F65B4F3BC43D5CDE609449592EF014AD317E
2025-07-15 19:39:17.106, ReplyLookup, 24056df6-7eaa-4a78-b471-e40c50128c3c, 488D91B7237C9FDEC56C70D9374C721A2F230821, 86954B0558ACBE6787B6FB108FCA3CA9645718FA
2025-07-15 19:39:19.319, FindNode, e5588500-04b9-484a-9935-61a8262568af, 488D91B7237C9FDEC56C70D9374C721A2F230821, 488D91B7237C9FDFC56C70D9374C721A2F230821
2025-07-15 19:39:19.319, ReplyFindNode, e5588500-04b9-484a-9935-61a8262568af, 488D91B7237C9FDEC56C70D9374C721A2F230821, 7BB3577E7F5595B494687818149EE168FEBC2C03
2025-07-15 19:39:21.050, EndReadWriteRegimen
2025-07-15 19:39:23.311, FindNode, 82709ccd-38cd-45f5-a855-5a510ab2ab26, 7BB3577E7F5595B494687818149EE168FEBC2C03, 7BB3577E7F5597B494687818149EE168FEBC2C03
2025-07-15 19:39:23.311, ReplyFindNode, 82709ccd-38cd-45f5-a855-5a510ab2ab26, 7BB3577E7F5595B494687818149EE168FEBC2C03, 488D91B7237C9FDEC56C70D9374C721A2F230821
2025-07-15 19:39:31.320, FindNode, b9919eae-1609-4dd1-bd3c-732bc7acbffe, 488D91B7237C9FDEC56C70D9374C721A2F230821, 488D91B7237C9FDEC56C70D9374CF21A2F230821
2025-07-15 19:39:31.320, ReplyFindNode, b9919eae-1609-4dd1-bd3c-732bc7acbffe, 488D91B7237C9FDEC56C70D9374C721A2F230821, 7BB3577E7F5595B494687818149EE168FEBC2C03
2025-07-15 19:39:35.312, FindNode, 6c9e29a4-48af-4d6d-86c6-4a4f27907c1a, 7BB3577E7F5595B494687818149EE168FEBC2C03, 7BBB577E7F5595B494687818149EE168FEBC2C03
2025-07-15 19:39:35.312, ReplyFindNode, 6c9e29a4-48af-4d6d-86c6-4a4f27907c1a, 7BB3577E7F5595B494687818149EE168FEBC2C03, 488D91B7237C9FDEC56C70D9374C721A2F230821
2025-07-15 19:39:43.320, FindNode, 254bba68-951c-4327-8441-ee3e25f48af8, 488D91B7237C9FDEC56C70D9374C721A2F230821, 488D91B7237C9FDEC56C70D9374C921A2F230821
2025-07-15 19:39:43.320, ReplyFindNode, 254bba68-951c-4327-8441-ee3e25f48af8, 488D91B7237C9FDEC56C70D9374C721A2F230821, 7BB3577E7F5595B494687818149EE168FEBC2C03
2025-07-15 19:39:47.312, FindNode, 5e564307-3e8c-4d6f-9ad8-f9f48b1c513e, 7BB3577E7F5595B494687818149EE168FEBC2C03, 7BB3577E7F5595B494687818149EE168FEBC2C05
2025-07-15 19:39:47.312, ReplyFindNode, 5e564307-3e8c-4d6f-9ad8-f9f48b1c513e, 7BB3577E7F5595B494687818149EE168FEBC2C03, 488D91B7237C9FDEC56C70D9374C721A2F230821
2025-07-15 19:39:55.321, FindNode, 997a95ae-119b-4913-b89d-6efa5db045ae, 488D91B7237C9FDEC56C70D9374C721A2F230821, 488D91B7237C9FDEC56C70F9374C721A2F230821
2025-07-15 19:39:55.321, ReplyFindNode, 997a95ae-119b-4913-b89d-6efa5db045ae, 488D91B7237C9FDEC56C70D9374C721A2F230821, 7BB3577E7F5595B494687818149EE168FEBC2C03
2025-07-15 19:39:59.313, FindNode, eb53b0a4-500e-4a3b-93f0-37e6b3542848, 7BB3577E7F5595B494687818149EE168FEBC2C03, 7BB3577E7F5595B494688018149EE168FEBC2C03
2025-07-15 19:39:59.314, ReplyFindNode, eb53b0a4-500e-4a3b-93f0-37e6b3542848, 7BB3577E7F5595B494687818149EE168FEBC2C03, 488D91B7237C9FDEC56C70D9374C721A2F230821
2025-07-15 19:40:07.321, FindNode, 4eedb87f-f9d7-4cd6-95c4-7670fcf5f4ba, 488D91B7237C9FDEC56C70D9374C721A2F230821, 488DD1B7237C9FDEC56C70D9374C721A2F230821
2025-07-15 19:40:07.322, ReplyFindNode, 4eedb87f-f9d7-4cd6-95c4-7670fcf5f4ba, 488D91B7237C9FDEC56C70D9374C721A2F230821, 7BB3577E7F5595B494687818149EE168FEBC2C03
2025-07-15 19:40:11.314, FindNode, 9a0eb687-b922-4ec1-8a29-cc686a5dd10d, 7BB3577E7F5595B494687818149EE168FEBC2C03, 7BB3577EFF5595B494687818149EE168FEBC2C03
2025-07-15 19:40:11.314, ReplyFindNode, 9a0eb687-b922-4ec1-8a29-cc686a5dd10d, 7BB3577E7F5595B494687818149EE168FEBC2C03, 488D91B7237C9FDEC56C70D9374C721A2F230821
2025-07-15 19:40:19.323, FindNode, 4a506b71-173a-4f48-a724-2879a359a2ba, 488D91B7237C9FDEC56C70D9374C721A2F230821, 488D91B7257C9FDEC56C70D9374C721A2F230821
2025-07-15 19:40:19.323, ReplyFindNode, 4a506b71-173a-4f48-a724-2879a359a2ba, 488D91B7237C9FDEC56C70D9374C721A2F230821, 7BB3577E7F5595B494687818149EE168FEBC2C03
2025-07-15 19:40:21.677, StartReadOnlyRegimen
2025-07-15 19:40:22.167, Lookup, 65162c68-97dd-43e0-a7ff-d26504562acc, 488D91B7237C9FDEC56C70D9374C721A2F230821, 11B0360EA62C39206E5C34FC4D5CD314A72CEF4E
2025-07-15 19:40:22.209, FindNode, d9b07614-2c3c-45c5-bf01-6dd595984544, 7BB3577E7F5595B494687818149EE168FEBC2C03, 11B0360EA62C39206E5C34FC4D5CD314A72CEF4E
2025-07-15 19:40:22.209, ReplyFindNode, d9b07614-2c3c-45c5-bf01-6dd595984544, 7BB3577E7F5595B494687818149EE168FEBC2C03, 488D91B7237C9FDEC56C70D9374C721A2F230821
2025-07-15 19:40:22.299, ReplyLookup, 65162c68-97dd-43e0-a7ff-d26504562acc, 7BB3577E7F5595B494687818149EE168FEBC2C03, 24DAF896A03CCBF5D163984055555602B08D50EC
2025-07-15 19:40:22.661, Lookup, 6c9920a6-0ae7-432b-8628-65e3c281bf3e, 7BB3577E7F5595B494687818149EE168FEBC2C03, BF88B1F23BD269260A2D45FCDF410296ABCAA4F3
2025-07-15 19:40:22.705, ReplyLookup, 6c9920a6-0ae7-432b-8628-65e3c281bf3e, 488D91B7237C9FDEC56C70D9374C721A2F230821,
2025-07-15 19:40:23.315, FindNode, 7cfdedf8-2624-4c66-825e-984ab4dd4d39, 7BB3577E7F5595B494687818149EE168FEBC2C03, 7BB3577E7F55D5B494687818149EE168FEBC2C03
2025-07-15 19:40:23.315, ReplyFindNode, 7cfdedf8-2624-4c66-825e-984ab4dd4d39, 7BB3577E7F5595B494687818149EE168FEBC2C03, 488D91B7237C9FDEC56C70D9374C721A2F230821
2025-07-15 19:40:31.324, FindNode, 563c0388-91c7-45d8-a076-d367e63d6012, 488D91B7237C9FDEC56C70D9374C721A2F230821, 488D91B7237C9FDEC56C70D93B4C721A2F230821
2025-07-15 19:40:31.324, ReplyFindNode, 563c0388-91c7-45d8-a076-d367e63d6012, 488D91B7237C9FDEC56C70D9374C721A2F230821, 7BB3577E7F5595B494687818149EE168FEBC2C03
2025-07-15 19:40:35.315, FindNode, 0d8a0b28-6dde-47d2-b376-f97b5eaef9bd, 7BB3577E7F5595B494687818149EE168FEBC2C03, 7BB3577E7F5595D494687818149EE168FEBC2C03
2025-07-15 19:40:35.315, ReplyFindNode, 0d8a0b28-6dde-47d2-b376-f97b5eaef9bd, 7BB3577E7F5595B494687818149EE168FEBC2C03, 488D91B7237C9FDEC56C70D9374C721A2F230821
2025-07-15 19:40:37.166, Lookup, 345b9152-0070-4ae5-aad7-a489b4ad6be1, 488D91B7237C9FDEC56C70D9374C721A2F230821, 11B0360EA62C39206E5C34FC4D5CD314A72CEF4E
2025-07-15 19:40:37.208, FindNode, fcecbf4c-4a76-4334-92d7-687998b512a9, 7BB3577E7F5595B494687818149EE168FEBC2C03, 11B0360EA62C39206E5C34FC4D5CD314A72CEF4E
2025-07-15 19:40:37.208, ReplyFindNode, fcecbf4c-4a76-4334-92d7-687998b512a9, 7BB3577E7F5595B494687818149EE168FEBC2C03, 488D91B7237C9FDEC56C70D9374C721A2F230821
2025-07-15 19:40:37.299, ReplyLookup, 345b9152-0070-4ae5-aad7-a489b4ad6be1, 7BB3577E7F5595B494687818149EE168FEBC2C03, 24DAF896A03CCBF5D163984055555602B08D50EC
2025-07-15 19:40:37.660, Lookup, 619668e5-de20-4be0-a597-8534b4d0d4db, 7BB3577E7F5595B494687818149EE168FEBC2C03, 0C0D55BB44BDD82AE345763EE07A0F2640389669
2025-07-15 19:40:37.705, ReplyLookup, 619668e5-de20-4be0-a597-8534b4d0d4db, 488D91B7237C9FDEC56C70D9374C721A2F230821, B6D5D2F8B36E629C224D81AD2915EDDE5CA1049C
2025-07-15 19:40:43.324, FindNode, 1a263907-312e-4e13-9832-4bed4a0231d5, 488D91B7237C9FDEC56C70D9374C721A2F230821, 488D91B723BC9FDEC56C70D9374C721A2F230821
2025-07-15 19:40:43.325, ReplyFindNode, 1a263907-312e-4e13-9832-4bed4a0231d5, 488D91B7237C9FDEC56C70D9374C721A2F230821, 7BB3577E7F5595B494687818149EE168FEBC2C03
2025-07-15 19:40:47.316, FindNode, 96f48856-0b70-4aeb-ac8a-333ecc7c3437, 7BB3577E7F5595B494687818149EE168FEBC2C03, 7BB3577E7F5595B494687818149EE168FF3C2C03
2025-07-15 19:40:47.316, ReplyFindNode, 96f48856-0b70-4aeb-ac8a-333ecc7c3437, 7BB3577E7F5595B494687818149EE168FEBC2C03, 488D91B7237C9FDEC56C70D9374C721A2F230821
2025-07-15 19:40:52.166, Lookup, f05a161b-c576-4651-be56-8da118fa32fd, 488D91B7237C9FDEC56C70D9374C721A2F230821, 63F1618E4EEFAC62E6C69B6BB65D4DF5D3A91F3E
2025-07-15 19:40:52.209, ReplyLookup, f05a161b-c576-4651-be56-8da118fa32fd, 7BB3577E7F5595B494687818149EE168FEBC2C03,
2025-07-15 19:40:52.660, Lookup, cd1e2595-b329-4fe6-8f61-ad49e777ffb4, 7BB3577E7F5595B494687818149EE168FEBC2C03, 0F10C12292978628EC49BB62F7D445E8E99F3C25
2025-07-15 19:40:52.706, ReplyLookup, cd1e2595-b329-4fe6-8f61-ad49e777ffb4, 488D91B7237C9FDEC56C70D9374C721A2F230821, 580A928439F2EFF0F5ED81454EBF7EE7EFE93F21
2025-07-15 19:40:55.325, FindNode, 06c3cbc3-a4e4-44ef-9cdb-56932b788343, 488D91B7237C9FDEC56C70D9374C721A2F230821, 488D91B7237C9FDEC56C70D9374C721A2F231821
2025-07-15 19:40:55.325, ReplyFindNode, 06c3cbc3-a4e4-44ef-9cdb-56932b788343, 488D91B7237C9FDEC56C70D9374C721A2F230821, 7BB3577E7F5595B494687818149EE168FEBC2C03
2025-07-15 19:40:59.322, FindNode, 75b2ca04-534d-484b-8577-455eac78db87, 7BB3577E7F5595B494687818149EE168FEBC2C03, 7BB3577E7F5595B494687818149EE168FEBC2C43
2025-07-15 19:40:59.322, ReplyFindNode, 75b2ca04-534d-484b-8577-455eac78db87, 7BB3577E7F5595B494687818149EE168FEBC2C03, 488D91B7237C9FDEC56C70D9374C721A2F230821
2025-07-15 19:41:07.167, Lookup, 08fb0dc5-52c4-47b4-8412-f83899366f57, 488D91B7237C9FDEC56C70D9374C721A2F230821, 11B0360EA62C39206E5C34FC4D5CD314A72CEF4E
2025-07-15 19:41:07.208, FindNode, 51bc1a6c-5cab-4e34-acee-37176ea56f86, 7BB3577E7F5595B494687818149EE168FEBC2C03, 11B0360EA62C39206E5C34FC4D5CD314A72CEF4E
2025-07-15 19:41:07.209, ReplyFindNode, 51bc1a6c-5cab-4e34-acee-37176ea56f86, 7BB3577E7F5595B494687818149EE168FEBC2C03, 488D91B7237C9FDEC56C70D9374C721A2F230821
2025-07-15 19:41:07.298, ReplyLookup, 08fb0dc5-52c4-47b4-8412-f83899366f57, 7BB3577E7F5595B494687818149EE168FEBC2C03, 24DAF896A03CCBF5D163984055555602B08D50EC
2025-07-15 19:41:07.326, FindNode, c8cd4480-5775-41f2-8ed8-885b95b2dfc7, 488D91B7237C9FDEC56C70D9374C721A2F230821, 488D91B7237C9FDEC56C70D93F4C721A2F230821
2025-07-15 19:41:07.326, ReplyFindNode, c8cd4480-5775-41f2-8ed8-885b95b2dfc7, 488D91B7237C9FDEC56C70D9374C721A2F230821, 7BB3577E7F5595B494687818149EE168FEBC2C03
2025-07-15 19:41:07.660, Lookup, c1fc5515-c228-4f2b-a7aa-c7fbb5371432, 7BB3577E7F5595B494687818149EE168FEBC2C03, 0F10C12292978628EC49BB62F7D445E8E99F3C25
2025-07-15 19:41:07.706, ReplyLookup, c1fc5515-c228-4f2b-a7aa-c7fbb5371432, 488D91B7237C9FDEC56C70D9374C721A2F230821, 580A928439F2EFF0F5ED81454EBF7EE7EFE93F21
2025-07-15 19:41:11.322, FindNode, f1904555-9e29-4f2a-b86f-93d3349d622d, 7BB3577E7F5595B494687818149EE168FEBC2C03, 7BB3577E7F5595B49C687818149EE168FEBC2C03
2025-07-15 19:41:11.323, ReplyFindNode, f1904555-9e29-4f2a-b86f-93d3349d622d, 7BB3577E7F5595B494687818149EE168FEBC2C03, 488D91B7237C9FDEC56C70D9374C721A2F230821
2025-07-15 19:41:19.326, FindNode, bc639de6-2be2-4d89-a9c3-35b48cb667d8, 488D91B7237C9FDEC56C70D9374C721A2F230821, 488D91B7237C9FDEC56C80D9374C721A2F230821
2025-07-15 19:41:19.326, ReplyFindNode, bc639de6-2be2-4d89-a9c3-35b48cb667d8, 488D91B7237C9FDEC56C70D9374C721A2F230821, 7BB3577E7F5595B494687818149EE168FEBC2C03
2025-07-15 19:41:22.167, Lookup, 31fc9f2f-6c33-4ee9-998a-80512e258b47, 488D91B7237C9FDEC56C70D9374C721A2F230821, 11B0360EA62C39206E5C34FC4D5CD314A72CEF4E
2025-07-15 19:41:22.208, FindNode, 951a41c2-3915-42ed-b425-9c3279504c9e, 7BB3577E7F5595B494687818149EE168FEBC2C03, 11B0360EA62C39206E5C34FC4D5CD314A72CEF4E
2025-07-15 19:41:22.208, ReplyFindNode, 951a41c2-3915-42ed-b425-9c3279504c9e, 7BB3577E7F5595B494687818149EE168FEBC2C03, 488D91B7237C9FDEC56C70D9374C721A2F230821
2025-07-15 19:41:22.298, ReplyLookup, 31fc9f2f-6c33-4ee9-998a-80512e258b47, 7BB3577E7F5595B494687818149EE168FEBC2C03, 24DAF896A03CCBF5D163984055555602B08D50EC
2025-07-15 19:41:22.660, Lookup, 54e95c95-8f35-4738-8d68-c30516689a55, 7BB3577E7F5595B494687818149EE168FEBC2C03, 0F10C12292978628EC49BB62F7D445E8E99F3C25
2025-07-15 19:41:22.706, ReplyLookup, 54e95c95-8f35-4738-8d68-c30516689a55, 488D91B7237C9FDEC56C70D9374C721A2F230821, 580A928439F2EFF0F5ED81454EBF7EE7EFE93F21
2025-07-15 19:41:23.323, FindNode, f45dc1f8-556a-417f-ba2d-ff53071c5ddb, 7BB3577E7F5595B494687818149EE168FEBC2C03, 7BB3577E7F5595B49468781814DEE168FEBC2C03
2025-07-15 19:41:23.324, ReplyFindNode, f45dc1f8-556a-417f-ba2d-ff53071c5ddb, 7BB3577E7F5595B494687818149EE168FEBC2C03, 488D91B7237C9FDEC56C70D9374C721A2F230821
2025-07-15 19:41:31.327, FindNode, 23b0f804-7c67-4e7b-a02a-25ae3537e411, 488D91B7237C9FDEC56C70D9374C721A2F230821, 488D91B9237C9FDEC56C70D9374C721A2F230821
2025-07-15 19:41:31.327, ReplyFindNode, 23b0f804-7c67-4e7b-a02a-25ae3537e411, 488D91B7237C9FDEC56C70D9374C721A2F230821, 7BB3577E7F5595B494687818149EE168FEBC2C03
2025-07-15 19:41:35.324, FindNode, daffbe9b-b5c5-4540-97f6-c657d9da699d, 7BB3577E7F5595B494687818149EE168FEBC2C03, 7BB3577E7F5595B494687818149EE268FEBC2C03
2025-07-15 19:41:35.324, ReplyFindNode, daffbe9b-b5c5-4540-97f6-c657d9da699d, 7BB3577E7F5595B494687818149EE168FEBC2C03, 488D91B7237C9FDEC56C70D9374C721A2F230821
2025-07-15 19:41:37.167, Lookup, 7589ed55-1e6d-4289-ab86-1d64b8b132fa, 488D91B7237C9FDEC56C70D9374C721A2F230821, CA16F112A365243121E2146E747A6A7EE1D81533
2025-07-15 19:41:37.208, FindNode, 30a1e201-bafb-4ae0-9e83-caee9a565807, 7BB3577E7F5595B494687818149EE168FEBC2C03, CA16F112A365243121E2146E747A6A7EE1D81533
2025-07-15 19:41:37.208, ReplyFindNode, 30a1e201-bafb-4ae0-9e83-caee9a565807, 7BB3577E7F5595B494687818149EE168FEBC2C03, 488D91B7237C9FDEC56C70D9374C721A2F230821
2025-07-15 19:41:37.298, ReplyLookup, 7589ed55-1e6d-4289-ab86-1d64b8b132fa, 7BB3577E7F5595B494687818149EE168FEBC2C03, F795060E4622240A4FC257DAD04AE0ECE508C1C3
2025-07-15 19:41:37.660, Lookup, 9f279def-02cd-4972-ba23-da6e4da7825b, 7BB3577E7F5595B494687818149EE168FEBC2C03, 2781DD5755E5E35F9F81321950D2F389078662CF
2025-07-15 19:41:37.705, ReplyLookup, 9f279def-02cd-4972-ba23-da6e4da7825b, 488D91B7237C9FDEC56C70D9374C721A2F230821,
2025-07-15 19:41:43.327, FindNode, 59bbff50-1aa9-4762-be97-a6eb8654daaf, 488D91B7237C9FDEC56C70D9374C721A2F230821, 488D91B7237C9FDEC56C70D9374CB21A2F230821
2025-07-15 19:41:43.328, ReplyFindNode, 59bbff50-1aa9-4762-be97-a6eb8654daaf, 488D91B7237C9FDEC56C70D9374C721A2F230821, 7BB3577E7F5595B494687818149EE168FEBC2C03
2025-07-15 19:41:47.325, FindNode, b28fddf0-0a14-4e1a-80a6-e6ea4ebed624, 7BB3577E7F5595B494687818149EE168FEBC2C03, 7BB3577E7F5595B494687818149EE16AFEBC2C03
2025-07-15 19:41:47.325, ReplyFindNode, b28fddf0-0a14-4e1a-80a6-e6ea4ebed624, 7BB3577E7F5595B494687818149EE168FEBC2C03, 488D91B7237C9FDEC56C70D9374C721A2F230821
2025-07-15 19:41:52.167, Lookup, 4782383a-2a64-4615-aded-75a2b1672a1a, 488D91B7237C9FDEC56C70D9374C721A2F230821, 288CD921BA8C133DDF4324FE520803BDFB66FE5B
2025-07-15 19:41:52.208, FindNode, 91ae5756-8fa1-4be3-9960-467d392feef8, 7BB3577E7F5595B494687818149EE168FEBC2C03, 288CD921BA8C133DDF4324FE520803BDFB66FE5B
2025-07-15 19:41:52.208, ReplyFindNode, 91ae5756-8fa1-4be3-9960-467d392feef8, 7BB3577E7F5595B494687818149EE168FEBC2C03, 488D91B7237C9FDEC56C70D9374C721A2F230821
2025-07-15 19:41:52.340, ReplyLookup, 4782383a-2a64-4615-aded-75a2b1672a1a, 7BB3577E7F5595B494687818149EE168FEBC2C03,
2025-07-15 19:41:52.661, Lookup, 711fae73-d71d-4e97-b64a-694b82e46894, 7BB3577E7F5595B494687818149EE168FEBC2C03, 4627A4E94BB06C98596A66ADA50F1E718F849876
2025-07-15 19:41:52.705, ReplyLookup, 711fae73-d71d-4e97-b64a-694b82e46894, 488D91B7237C9FDEC56C70D9374C721A2F230821,
2025-07-15 19:41:55.328, FindNode, 7ae3d17f-2c00-4315-9b38-a75a30dec2c3, 488D91B7237C9FDEC56C70D9374C721A2F230821, 488D91B7237C9FDEC57470D9374C721A2F230821
2025-07-15 19:41:55.328, ReplyFindNode, 7ae3d17f-2c00-4315-9b38-a75a30dec2c3, 488D91B7237C9FDEC56C70D9374C721A2F230821, 7BB3577E7F5595B494687818149EE168FEBC2C03
2025-07-15 19:41:59.325, FindNode, 6b7c1de5-f16f-458e-8f2c-b1c3445a6102, 7BB3577E7F5595B494687818149EE168FEBC2C03, 7BB3577E7F5595B494687818149EE168FF3C2C03
2025-07-15 19:41:59.325, ReplyFindNode, 6b7c1de5-f16f-458e-8f2c-b1c3445a6102, 7BB3577E7F5595B494687818149EE168FEBC2C03, 488D91B7237C9FDEC56C70D9374C721A2F230821
2025-07-15 19:42:07.168, Lookup, 94fb57aa-99ce-4c4f-8e4f-27696ea54618, 488D91B7237C9FDEC56C70D9374C721A2F230821, 662318F4D2CEEF4A170FE647C45DDA903DFBB412
2025-07-15 19:42:07.213, ReplyLookup, 94fb57aa-99ce-4c4f-8e4f-27696ea54618, 7BB3577E7F5595B494687818149EE168FEBC2C03,
2025-07-15 19:42:07.329, FindNode, 37e71b1f-fcdf-4ddf-aa5d-0c6b21795b0f, 488D91B7237C9FDEC56C70D9374C721A2F230821, 488D91B7237C9FDEC56C70D9378C721A2F230821
2025-07-15 19:42:07.329, ReplyFindNode, 37e71b1f-fcdf-4ddf-aa5d-0c6b21795b0f, 488D91B7237C9FDEC56C70D9374C721A2F230821, 7BB3577E7F5595B494687818149EE168FEBC2C03
2025-07-15 19:42:07.661, Lookup, b92f1e1b-f5d7-41e3-b797-19fe69ca5032, 7BB3577E7F5595B494687818149EE168FEBC2C03, 8FC188F8387A28FC06A18A49F14A8E6A09608B56
2025-07-15 19:42:07.705, ReplyLookup, b92f1e1b-f5d7-41e3-b797-19fe69ca5032, 488D91B7237C9FDEC56C70D9374C721A2F230821,
2025-07-15 19:42:11.326, FindNode, 41c7dde3-b33d-4e33-b226-d5b2931efcdd, 7BB3577E7F5595B494687818149EE168FEBC2C03, 7BB3577E7F55A5B494687818149EE168FEBC2C03
2025-07-15 19:42:11.326, ReplyFindNode, 41c7dde3-b33d-4e33-b226-d5b2931efcdd, 7BB3577E7F5595B494687818149EE168FEBC2C03, 488D91B7237C9FDEC56C70D9374C721A2F230821
2025-07-15 19:42:19.329, FindNode, 1a6b65b2-6fa1-419f-8b41-6ec56ee28b35, 488D91B7237C9FDEC56C70D9374C721A2F230821, 488D91B7237C9FDEC56C71D9374C721A2F230821
2025-07-15 19:42:19.330, ReplyFindNode, 1a6b65b2-6fa1-419f-8b41-6ec56ee28b35, 488D91B7237C9FDEC56C70D9374C721A2F230821, 7BB3577E7F5595B494687818149EE168FEBC2C03
2025-07-15 19:42:22.169, Lookup, 9779eccf-9f4b-4f95-8b4a-672a669c0d38, 488D91B7237C9FDEC56C70D9374C721A2F230821, CA16F112A365243121E2146E747A6A7EE1D81533
2025-07-15 19:42:22.212, FindNode, 250f81c0-6bfa-433f-9065-ce7a2d8c9ffd, 7BB3577E7F5595B494687818149EE168FEBC2C03, CA16F112A365243121E2146E747A6A7EE1D81533
2025-07-15 19:42:22.213, ReplyFindNode, 250f81c0-6bfa-433f-9065-ce7a2d8c9ffd, 7BB3577E7F5595B494687818149EE168FEBC2C03, 488D91B7237C9FDEC56C70D9374C721A2F230821
2025-07-15 19:42:22.303, ReplyLookup, 9779eccf-9f4b-4f95-8b4a-672a669c0d38, 7BB3577E7F5595B494687818149EE168FEBC2C03, F795060E4622240A4FC257DAD04AE0ECE508C1C3
2025-07-15 19:42:22.662, Lookup, 39646c7a-ecc6-461a-9bc1-5c30610be18b, 7BB3577E7F5595B494687818149EE168FEBC2C03, 8537B074D13C5AB7CDECD272B196BB12F281A871
2025-07-15 19:42:22.705, ReplyLookup, 39646c7a-ecc6-461a-9bc1-5c30610be18b, 488D91B7237C9FDEC56C70D9374C721A2F230821,
2025-07-15 19:42:23.327, FindNode, 1b6579c9-80fe-4e37-b185-4c685de6b50b, 7BB3577E7F5595B494687818149EE168FEBC2C03, 7BB3577E7F5595B494687818149EE168FEBC2C83
2025-07-15 19:42:23.327, ReplyFindNode, 1b6579c9-80fe-4e37-b185-4c685de6b50b, 7BB3577E7F5595B494687818149EE168FEBC2C03, 488D91B7237C9FDEC56C70D9374C721A2F230821
2025-07-15 19:42:31.330, FindNode, 653d0984-34b2-42bb-aa7a-93e72a0099d1, 488D91B7237C9FDEC56C70D9374C721A2F230821, 488D91B7237C9FDEC76C70D9374C721A2F230821
2025-07-15 19:42:31.330, ReplyFindNode, 653d0984-34b2-42bb-aa7a-93e72a0099d1, 488D91B7237C9FDEC56C70D9374C721A2F230821, 7BB3577E7F5595B494687818149EE168FEBC2C03
2025-07-15 19:42:35.327, FindNode, 09f37e6a-1355-4714-bc77-10064a918d28, 7BB3577E7F5595B494687818149EE168FEBC2C03, 7BB3577E7F5595B494687820149EE168FEBC2C03
2025-07-15 19:42:35.327, ReplyFindNode, 09f37e6a-1355-4714-bc77-10064a918d28, 7BB3577E7F5595B494687818149EE168FEBC2C03, 488D91B7237C9FDEC56C70D9374C721A2F230821
2025-07-15 19:42:37.168, Lookup, e58d3e78-2feb-48c1-8c4d-52beb9000148, 488D91B7237C9FDEC56C70D9374C721A2F230821, BCBF13DA13688FBB4F40685B29D0BC6AA5958FE1
2025-07-15 19:42:37.212, FindNode, 9c699a75-8c4b-43bb-a6a7-deeb59797363, 7BB3577E7F5595B494687818149EE168FEBC2C03, BCBF13DA13688FBB4F40685B29D0BC6AA5958FE1
2025-07-15 19:42:37.213, ReplyFindNode, 9c699a75-8c4b-43bb-a6a7-deeb59797363, 7BB3577E7F5595B494687818149EE168FEBC2C03, 488D91B7237C9FDEC56C70D9374C721A2F230821
2025-07-15 19:42:37.344, ReplyLookup, e58d3e78-2feb-48c1-8c4d-52beb9000148, 7BB3577E7F5595B494687818149EE168FEBC2C03,
2025-07-15 19:42:37.663, Lookup, 17c86113-fa2d-4840-8f49-fcd77a6ed599, 7BB3577E7F5595B494687818149EE168FEBC2C03, 3BB1F7FCFE6013B35DAF5CE6AAEF6EAA60B1CF9D
2025-07-15 19:42:37.705, ReplyLookup, 17c86113-fa2d-4840-8f49-fcd77a6ed599, 488D91B7237C9FDEC56C70D9374C721A2F230821,
2025-07-15 19:42:43.331, FindNode, c4ef76d4-76eb-4ed3-9379-6ec85bcd6dfd, 488D91B7237C9FDEC56C70D9374C721A2F230821, 488D91B7237C9FE0C56C70D9374C721A2F230821
2025-07-15 19:42:43.331, ReplyFindNode, c4ef76d4-76eb-4ed3-9379-6ec85bcd6dfd, 488D91B7237C9FDEC56C70D9374C721A2F230821, 7BB3577E7F5595B494687818149EE168FEBC2C03
2025-07-15 19:42:47.328, FindNode, e54b79e5-de53-486f-954a-79a77b3d5448, 7BB3577E7F5595B494687818149EE168FEBC2C03, 7BB3577E815595B494687818149EE168FEBC2C03
2025-07-15 19:42:47.328, ReplyFindNode, e54b79e5-de53-486f-954a-79a77b3d5448, 7BB3577E7F5595B494687818149EE168FEBC2C03, 488D91B7237C9FDEC56C70D9374C721A2F230821
2025-07-15 19:42:52.169, Lookup, 00097f1c-39d1-4ad8-b2eb-6cb8bfa80d98, 488D91B7237C9FDEC56C70D9374C721A2F230821, AC9ECC6A80EDC8D08A6B2F8A731E806C9AFD36CF
2025-07-15 19:42:52.212, FindNode, 9e270b0a-52b6-489c-ad29-401591426be6, 7BB3577E7F5595B494687818149EE168FEBC2C03, AC9ECC6A80EDC8D08A6B2F8A731E806C9AFD36CF
2025-07-15 19:42:52.212, ReplyFindNode, 9e270b0a-52b6-489c-ad29-401591426be6, 7BB3577E7F5595B494687818149EE168FEBC2C03, 488D91B7237C9FDEC56C70D9374C721A2F230821
2025-07-15 19:42:52.344, ReplyLookup, 00097f1c-39d1-4ad8-b2eb-6cb8bfa80d98, 7BB3577E7F5595B494687818149EE168FEBC2C03,
2025-07-15 19:42:52.662, Lookup, 86bd6f08-a881-4c9d-ab94-5acd24bbcaad, 7BB3577E7F5595B494687818149EE168FEBC2C03, 0D72C8E05CBB0A1D1B6071D976C5CDA18D1A124C
2025-07-15 19:42:52.706, ReplyLookup, 86bd6f08-a881-4c9d-ab94-5acd24bbcaad, 488D91B7237C9FDEC56C70D9374C721A2F230821, 7DEB9A3C72639C3BE93B85AE69F74D98F0EF5558
2025-07-15 19:42:55.331, FindNode, 93eda1d7-4f2e-477e-8164-b84b07419fb7, 488D91B7237C9FDEC56C70D9374C721A2F230821, 489591B7237C9FDEC56C70D9374C721A2F230821
2025-07-15 19:42:55.331, ReplyFindNode, 93eda1d7-4f2e-477e-8164-b84b07419fb7, 488D91B7237C9FDEC56C70D9374C721A2F230821, 7BB3577E7F5595B494687818149EE168FEBC2C03
2025-07-15 19:42:59.328, FindNode, 21dcee4e-02c0-4451-aa6e-537c653f63b4, 7BB3577E7F5595B494687818149EE168FEBC2C03, 7BB3577E7F5595B494687818149EE1693EBC2C03
2025-07-15 19:42:59.328, ReplyFindNode, 21dcee4e-02c0-4451-aa6e-537c653f63b4, 7BB3577E7F5595B494687818149EE168FEBC2C03, 488D91B7237C9FDEC56C70D9374C721A2F230821
2025-07-15 19:43:07.170, Lookup, 4db5dc5b-e3d3-481b-aaa7-83b4ba1c5f58, 488D91B7237C9FDEC56C70D9374C721A2F230821, 1FD13B1049224883D640FB9F829432E99C08100A
2025-07-15 19:43:07.212, FindNode, 7845aa06-bd67-4b03-be9c-35a90b9d6a40, 7BB3577E7F5595B494687818149EE168FEBC2C03, 1FD13B1049224883D640FB9F829432E99C08100A
2025-07-15 19:43:07.213, ReplyFindNode, 7845aa06-bd67-4b03-be9c-35a90b9d6a40, 7BB3577E7F5595B494687818149EE168FEBC2C03, 488D91B7237C9FDEC56C70D9374C721A2F230821
2025-07-15 19:43:07.332, FindNode, 2c838b96-9b88-4aae-9657-426dbb13dd4a, 488D91B7237C9FDEC56C70D9374C721A2F230821, 488D91B7237CA1DEC56C70D9374C721A2F230821
2025-07-15 19:43:07.333, ReplyFindNode, 2c838b96-9b88-4aae-9657-426dbb13dd4a, 488D91B7237C9FDEC56C70D9374C721A2F230821, 7BB3577E7F5595B494687818149EE168FEBC2C03
2025-07-15 19:43:07.344, ReplyLookup, 4db5dc5b-e3d3-481b-aaa7-83b4ba1c5f58, 7BB3577E7F5595B494687818149EE168FEBC2C03,
2025-07-15 19:43:07.662, Lookup, b7bfa431-be06-46c0-bf10-698167bb1ba9, 7BB3577E7F5595B494687818149EE168FEBC2C03, E92299375924C3D5164B511ABB275262712364E3
2025-07-15 19:43:07.705, ReplyLookup, b7bfa431-be06-46c0-bf10-698167bb1ba9, 488D91B7237C9FDEC56C70D9374C721A2F230821,
2025-07-15 19:43:11.329, FindNode, 109b7e5e-91af-49c7-8573-16f29c7dac3f, 7BB3577E7F5595B494687818149EE168FEBC2C03, 7BB3577E7F5595B49468781814A6E168FEBC2C03
2025-07-15 19:43:11.329, ReplyFindNode, 109b7e5e-91af-49c7-8573-16f29c7dac3f, 7BB3577E7F5595B494687818149EE168FEBC2C03, 488D91B7237C9FDEC56C70D9374C721A2F230821
2025-07-15 19:43:19.333, FindNode, 6baccc80-d713-4846-93d8-fc2a484e1b97, 488D91B7237C9FDEC56C70D9374C721A2F230821, 888D91B7237C9FDEC56C70D9374C721A2F230821
2025-07-15 19:43:19.376, FindNode, 7dd3a0af-1c2c-47ce-8b58-ff48c55305a5, 7BB3577E7F5595B494687818149EE168FEBC2C03, 888D91B7237C9FDEC56C70D9374C721A2F230821
2025-07-15 19:43:19.376, ReplyFindNode, 7dd3a0af-1c2c-47ce-8b58-ff48c55305a5, 7BB3577E7F5595B494687818149EE168FEBC2C03, 488D91B7237C9FDEC56C70D9374C721A2F230821
2025-07-15 19:43:19.378, ReplyFindNode, 6baccc80-d713-4846-93d8-fc2a484e1b97, 488D91B7237C9FDEC56C70D9374C721A2F230821, 7BB3577E7F5595B494687818149EE168FEBC2C03
2025-07-15 19:43:22.169, Lookup, aa4d6556-9d4b-4e9f-a232-d964e4fe6c6e, 488D91B7237C9FDEC56C70D9374C721A2F230821, E92299375924C3D5164B511ABB275262712364E3
2025-07-15 19:43:22.212, FindNode, 9be5eb6e-4faa-4447-9de6-8799e3b85aed, 7BB3577E7F5595B494687818149EE168FEBC2C03, E92299375924C3D5164B511ABB275262712364E3
2025-07-15 19:43:22.212, ReplyFindNode, 9be5eb6e-4faa-4447-9de6-8799e3b85aed, 7BB3577E7F5595B494687818149EE168FEBC2C03, 488D91B7237C9FDEC56C70D9374C721A2F230821
2025-07-15 19:43:22.344, ReplyLookup, aa4d6556-9d4b-4e9f-a232-d964e4fe6c6e, 7BB3577E7F5595B494687818149EE168FEBC2C03,
2025-07-15 19:43:22.663, Lookup, bc163513-1647-4aa1-bf51-d93e8fe6c0b2, 7BB3577E7F5595B494687818149EE168FEBC2C03, F283F65B4F3BC43D5CDE609449592EF014AD317E
2025-07-15 19:43:22.705, ReplyLookup, bc163513-1647-4aa1-bf51-d93e8fe6c0b2, 488D91B7237C9FDEC56C70D9374C721A2F230821, 86954B0558ACBE6787B6FB108FCA3CA9645718FA
2025-07-15 19:43:23.329, FindNode, 87ac298c-e9d8-4c6b-b2e1-bed6c8617345, 7BB3577E7F5595B494687818149EE168FEBC2C03, 7BB3577E7F5595B494687818149EE168FEFC2C03
2025-07-15 19:43:23.330, ReplyFindNode, 87ac298c-e9d8-4c6b-b2e1-bed6c8617345, 7BB3577E7F5595B494687818149EE168FEBC2C03, 488D91B7237C9FDEC56C70D9374C721A2F230821
2025-07-15 19:43:24.345, EndReadOnlyRegimen
2025-07-15 19:43:31.378, FindNode, 6c19bba0-1069-4190-950a-188457136d22, 488D91B7237C9FDEC56C70D9374C721A2F230821, 488D91B7237C9FDEC56C70D9374C721A2F230841
2025-07-15 19:43:31.379, ReplyFindNode, 6c19bba0-1069-4190-950a-188457136d22, 488D91B7237C9FDEC56C70D9374C721A2F230821, 7BB3577E7F5595B494687818149EE168FEBC2C03
2025-07-15 19:43:35.330, FindNode, d892b398-dde9-45d5-b276-0d341ab00593, 7BB3577E7F5595B494687818149EE168FEBC2C03, 7BB3577E7F5595B494687818149EE168FEFC2C03
2025-07-15 19:43:35.330, ReplyFindNode, d892b398-dde9-45d5-b276-0d341ab00593, 7BB3577E7F5595B494687818149EE168FEBC2C03, 488D91B7237C9FDEC56C70D9374C721A2F230821
2025-07-15 19:43:43.379, FindNode, 64e25d11-c238-4d7b-bf0b-0e53eb2065c8, 488D91B7237C9FDEC56C70D9374C721A2F230821, 488D91B7237C9FDEC56C70D9B74C721A2F230821
2025-07-15 19:43:43.379, ReplyFindNode, 64e25d11-c238-4d7b-bf0b-0e53eb2065c8, 488D91B7237C9FDEC56C70D9374C721A2F230821, 7BB3577E7F5595B494687818149EE168FEBC2C03
2025-07-15 19:43:47.331, FindNode, 83d19047-bde0-4b6d-b8c8-48ef2311de9a, 7BB3577E7F5595B494687818149EE168FEBC2C03, 8BB3577E7F5595B494687818149EE168FEBC2C03
2025-07-15 19:43:47.331, ReplyFindNode, 83d19047-bde0-4b6d-b8c8-48ef2311de9a, 7BB3577E7F5595B494687818149EE168FEBC2C03, 488D91B7237C9FDEC56C70D9374C721A2F230821
2025-07-15 19:43:55.380, FindNode, 3a17e4cf-c4b6-4cff-b2ea-b03584ac237f, 488D91B7237C9FDEC56C70D9374C721A2F230821, 488D91B7237C9FDEC56C80D9374C721A2F230821
2025-07-15 19:43:55.380, ReplyFindNode, 3a17e4cf-c4b6-4cff-b2ea-b03584ac237f, 488D91B7237C9FDEC56C70D9374C721A2F230821, 7BB3577E7F5595B494687818149EE168FEBC2C03
2025-07-15 19:43:59.331, FindNode, d55664ca-24d2-481c-b886-a40b081ff6d6, 7BB3577E7F5595B494687818149EE168FEBC2C03, 7BB3577E7F5595B494E87818149EE168FEBC2C03
2025-07-15 19:43:59.331, ReplyFindNode, d55664ca-24d2-481c-b886-a40b081ff6d6, 7BB3577E7F5595B494687818149EE168FEBC2C03, 488D91B7237C9FDEC56C70D9374C721A2F230821
2025-07-15 19:44:07.381, FindNode, 9895cdbf-50b8-46ab-881e-2f19631dc5f7, 488D91B7237C9FDEC56C70D9374C721A2F230821, 488D91C7237C9FDEC56C70D9374C721A2F230821
2025-07-15 19:44:07.381, ReplyFindNode, 9895cdbf-50b8-46ab-881e-2f19631dc5f7, 488D91B7237C9FDEC56C70D9374C721A2F230821, 7BB3577E7F5595B494687818149EE168FEBC2C03
2025-07-15 19:44:11.332, FindNode, 815b32a7-0eb5-4604-927e-8f6bcf6de246, 7BB3577E7F5595B494687818149EE168FEBC2C03, 7BB357FE7F5595B494687818149EE168FEBC2C03
2025-07-15 19:44:11.332, ReplyFindNode, 815b32a7-0eb5-4604-927e-8f6bcf6de246, 7BB3577E7F5595B494687818149EE168FEBC2C03, 488D91B7237C9FDEC56C70D9374C721A2F230821
2025-07-15 19:44:19.382, FindNode, 7a8bd814-6ea5-48c8-b9e0-d800a2187e93, 488D91B7237C9FDEC56C70D9374C721A2F230821, 488D91B7237C9FDEC56C70D9374C721A2F630821
2025-07-15 19:44:19.382, ReplyFindNode, 7a8bd814-6ea5-48c8-b9e0-d800a2187e93, 488D91B7237C9FDEC56C70D9374C721A2F230821, 7BB3577E7F5595B494687818149EE168FEBC2C03
2025-07-15 19:44:23.332, FindNode, b7f43c97-ae5c-4090-bf8b-bbdffcae43ff, 7BB3577E7F5595B494687818149EE168FEBC2C03, 7BB3577EFF5595B494687818149EE168FEBC2C03
2025-07-15 19:44:23.333, ReplyFindNode, b7f43c97-ae5c-4090-bf8b-bbdffcae43ff, 7BB3577E7F5595B494687818149EE168FEBC2C03, 488D91B7237C9FDEC56C70D9374C721A2F230821
2025-07-15 19:44:24.965, EndStableRegimen
2025-07-15 19:44:25.464, Leave, 21cf1e5a-c3be-4c69-9342-a4c2ac8697b3, 488D91B7237C9FDEC56C70D9374C721A2F230821
2025-07-15 19:44:25.513, ReplyLeave, 21cf1e5a-c3be-4c69-9342-a4c2ac8697b3
2025-07-15 19:44:25.514, EndMember, 488D91B7237C9FDEC56C70D9374C721A2F230821
2025-07-15 19:44:35.333, FindNode, af13e865-7de4-41ca-ad3b-696d672edc89, 7BB3577E7F5595B494687818149EE168FEBC2C03, 7BB3577E7F5595B494687818149EE968FEBC2C03
2025-07-15 19:44:35.333, ReplyFindNode, af13e865-7de4-41ca-ad3b-696d672edc89, 7BB3577E7F5595B494687818149EE168FEBC2C03, 7BB3577E7F5595B494687818149EE168FEBC2C03
2025-07-15 19:44:47.334, FindNode, 96ee0d9e-b4fe-43be-9687-00acdc3913db, 7BB3577E7F5595B494687818149EE168FEBC2C03, 7BD3577E7F5595B494687818149EE168FEBC2C03
2025-07-15 19:44:47.334, ReplyFindNode, 96ee0d9e-b4fe-43be-9687-00acdc3913db, 7BB3577E7F5595B494687818149EE168FEBC2C03, 7BB3577E7F5595B494687818149EE168FEBC2C03
2025-07-15 19:44:56.069, Leave, fc9cc41d-423e-4d7c-a6ea-558e6edea790, 7BB3577E7F5595B494687818149EE168FEBC2C03
2025-07-15 19:44:56.071, ReplyLeave, fc9cc41d-423e-4d7c-a6ea-558e6edea790
2025-07-15 19:44:56.074, EndMember, 7BB3577E7F5595B494687818149EE168FEBC2C03
