2025-07-15 19:14:38.555, FindNode, 52e7ed9c-e733-43f1-ac2c-d8909eee3bd8, 7BB3577E7F5595B494687818149EE168FEBC2C03, 7BBB577E7F5595B494687818149EE168FEBC2C03
2025-07-15 19:14:38.564, ReplyFindNode, 52e7ed9c-e733-43f1-ac2c-d8909eee3bd8, 7BB3577E7F5595B494687818149EE168FEBC2C03, 7BB3577E7F5595B494687818149EE168FEBC2C03
2025-07-15 19:14:50.565, FindNode, 01f40092-eda8-4672-8138-743b9bd9e7c5, 7BB3577E7F5595B494687818149EE168FEBC2C03, 7BB3577E7F5595B494687818149EE168FEBC3003
2025-07-15 19:14:50.566, ReplyFindNode, 01f40092-eda8-4672-8138-743b9bd9e7c5, 7BB3577E7F5595B494687818149EE168FEBC2C03, 7BB3577E7F5595B494687818149EE168FEBC2C03
2025-07-15 19:15:02.566, FindNode, fdc70fcd-89fb-4eff-9ded-3e15ed8bec59, 7BB3577E7F5595B494687818149EE168FEBC2C03, 7BB3577E835595B494687818149EE168FEBC2C03
2025-07-15 19:15:02.567, ReplyFindNode, fdc70fcd-89fb-4eff-9ded-3e15ed8bec59, 7BB3577E7F5595B494687818149EE168FEBC2C03, 7BB3577E7F5595B494687818149EE168FEBC2C03
2025-07-15 19:15:09.659, Join, 7723f414-abce-4d15-9859-a6e36c8e7845, 488D91B7237C9FDEC56C70D9374C721A2F230821
2025-07-15 19:15:10.175, FindNode, 3d467dfd-d629-438f-9494-23eb341d258c, 7BB3577E7F5595B494687818149EE168FEBC2C03, 488D91B7237C9FDEC56C70D9374C721A2F230821
2025-07-15 19:15:10.176, ReplyFindNode, 3d467dfd-d629-438f-9494-23eb341d258c, 7BB3577E7F5595B494687818149EE168FEBC2C03, 7BB3577E7F5595B494687818149EE168FEBC2C03
2025-07-15 19:15:10.576, FindNode, 9f1914ef-cf6a-42aa-ba59-e057f538f492, 488D91B7237C9FDEC56C70D9374C721A2F230821, 488D91B7237C9FDEC56C70D9374C723A2F230821
2025-07-15 19:15:10.577, ReplyJoin, 7723f414-abce-4d15-9859-a6e36c8e7845
2025-07-15 19:15:10.586, ReplyFindNode, 9f1914ef-cf6a-42aa-ba59-e057f538f492, 488D91B7237C9FDEC56C70D9374C721A2F230821, 7BB3577E7F5595B494687818149EE168FEBC2C03
2025-07-15 19:15:14.567, FindNode, 20611e37-aff4-4dde-84c0-6657d58cc552, 7BB3577E7F5595B494687818149EE168FEBC2C03, 7BB3577E7F5595B494687818949EE168FEBC2C03
2025-07-15 19:15:14.567, ReplyFindNode, 20611e37-aff4-4dde-84c0-6657d58cc552, 7BB3577E7F5595B494687818149EE168FEBC2C03, 488D91B7237C9FDEC56C70D9374C721A2F230821
2025-07-15 19:15:22.587, FindNode, 1590f75a-477a-4d21-961b-6bc0a5633319, 488D91B7237C9FDEC56C70D9374C721A2F230821, 488D91B7237C9FDEC56C74D9374C721A2F230821
2025-07-15 19:15:22.588, ReplyFindNode, 1590f75a-477a-4d21-961b-6bc0a5633319, 488D91B7237C9FDEC56C70D9374C721A2F230821, 7BB3577E7F5595B494687818149EE168FEBC2C03
2025-07-15 19:15:26.568, FindNode, 5fad3cbb-4f3d-471e-ad18-62a475c14a9b, 7BB3577E7F5595B494687818149EE168FEBC2C03, 7BB3577E7F5595B514687818149EE168FEBC2C03
2025-07-15 19:15:26.568, ReplyFindNode, 5fad3cbb-4f3d-471e-ad18-62a475c14a9b, 7BB3577E7F5595B494687818149EE168FEBC2C03, 488D91B7237C9FDEC56C70D9374C721A2F230821
2025-07-15 19:15:34.588, FindNode, b9f7d4fe-bf49-44f3-93c3-0b9033da4539, 488D91B7237C9FDEC56C70D9374C721A2F230821, 488D91B7237CA0DEC56C70D9374C721A2F230821
2025-07-15 19:15:34.589, ReplyFindNode, b9f7d4fe-bf49-44f3-93c3-0b9033da4539, 488D91B7237C9FDEC56C70D9374C721A2F230821, 7BB3577E7F5595B494687818149EE168FEBC2C03
2025-07-15 19:15:38.569, FindNode, 8678c642-bbc4-4081-adb8-b2f312364076, 7BB3577E7F5595B494687818149EE168FEBC2C03, 7BB3577E7F5595B494687838149EE168FEBC2C03
2025-07-15 19:15:38.569, ReplyFindNode, 8678c642-bbc4-4081-adb8-b2f312364076, 7BB3577E7F5595B494687818149EE168FEBC2C03, 488D91B7237C9FDEC56C70D9374C721A2F230821
2025-07-15 19:15:40.859, Join, 83bbc894-eba5-4209-bc91-7cd54e363300, ADC0E723DF6E376068DC6BEFDD59C00882974E21
2025-07-15 19:15:41.285, FindNode, 37c791b1-43f9-4b43-95cb-14ac2d76f1d9, 7BB3577E7F5595B494687818149EE168FEBC2C03, ADC0E723DF6E376068DC6BEFDD59C00882974E21
2025-07-15 19:15:41.285, ReplyFindNode, 37c791b1-43f9-4b43-95cb-14ac2d76f1d9, 7BB3577E7F5595B494687818149EE168FEBC2C03, 488D91B7237C9FDEC56C70D9374C721A2F230821
2025-07-15 19:15:42.083, FindNode, 50651562-0465-4543-ba7a-4d61ec8a78c1, ADC0E723DF6E376068DC6BEFDD59C00882974E21, ADC0E733DF6E376068DC6BEFDD59C00882974E21
2025-07-15 19:15:42.085, ReplyJoin, 83bbc894-eba5-4209-bc91-7cd54e363300
2025-07-15 19:15:42.093, ReplyFindNode, 50651562-0465-4543-ba7a-4d61ec8a78c1, ADC0E723DF6E376068DC6BEFDD59C00882974E21, 488D91B7237C9FDEC56C70D9374C721A2F230821
2025-07-15 19:15:46.589, FindNode, c8cf5789-bf70-4d44-b73c-ac8fb694b2f9, 488D91B7237C9FDEC56C70D9374C721A2F230821, 488D93B7237C9FDEC56C70D9374C721A2F230821
2025-07-15 19:15:46.590, ReplyFindNode, c8cf5789-bf70-4d44-b73c-ac8fb694b2f9, 488D91B7237C9FDEC56C70D9374C721A2F230821, 7BB3577E7F5595B494687818149EE168FEBC2C03
2025-07-15 19:15:50.570, FindNode, 049751bf-6469-4306-b8b6-636f92fe18cb, 7BB3577E7F5595B494687818149EE168FEBC2C03, 7BB3597E7F5595B494687818149EE168FEBC2C03
2025-07-15 19:15:50.571, ReplyFindNode, 049751bf-6469-4306-b8b6-636f92fe18cb, 7BB3577E7F5595B494687818149EE168FEBC2C03, ADC0E723DF6E376068DC6BEFDD59C00882974E21
2025-07-15 19:15:54.094, FindNode, 3fbd22b3-b06b-4850-b65c-a5134469af29, ADC0E723DF6E376068DC6BEFDD59C00882974E21, ADC0E723DF6E377068DC6BEFDD59C00882974E21
2025-07-15 19:15:54.094, ReplyFindNode, 3fbd22b3-b06b-4850-b65c-a5134469af29, ADC0E723DF6E376068DC6BEFDD59C00882974E21, 488D91B7237C9FDEC56C70D9374C721A2F230821
2025-07-15 19:15:58.590, FindNode, 41a5e730-f465-4226-9d0e-6497f1f9ded5, 488D91B7237C9FDEC56C70D9374C721A2F230821, 488D91B7237C9FDF056C70D9374C721A2F230821
2025-07-15 19:15:58.591, ReplyFindNode, 41a5e730-f465-4226-9d0e-6497f1f9ded5, 488D91B7237C9FDEC56C70D9374C721A2F230821, 7BB3577E7F5595B494687818149EE168FEBC2C03
2025-07-15 19:16:02.571, FindNode, bf4bcb13-57e8-4ca0-9bd0-0f6fb33c6fb0, 7BB3577E7F5595B494687818149EE168FEBC2C03, 7BB3577E7F5595B494687818149EE168FEBC2C43
2025-07-15 19:16:02.571, ReplyFindNode, bf4bcb13-57e8-4ca0-9bd0-0f6fb33c6fb0, 7BB3577E7F5595B494687818149EE168FEBC2C03, ADC0E723DF6E376068DC6BEFDD59C00882974E21
2025-07-15 19:16:06.095, FindNode, d823e0bc-2699-4e1a-9a5e-451b4b71fedc, ADC0E723DF6E376068DC6BEFDD59C00882974E21, ADC0E723DFAE376068DC6BEFDD59C00882974E21
2025-07-15 19:16:06.095, ReplyFindNode, d823e0bc-2699-4e1a-9a5e-451b4b71fedc, ADC0E723DF6E376068DC6BEFDD59C00882974E21, 488D91B7237C9FDEC56C70D9374C721A2F230821
2025-07-15 19:16:10.591, FindNode, ec2ea391-920d-44cb-84c7-244436be78e2, 488D91B7237C9FDEC56C70D9374C721A2F230821, 488D91F7237C9FDEC56C70D9374C721A2F230821
2025-07-15 19:16:10.592, ReplyFindNode, ec2ea391-920d-44cb-84c7-244436be78e2, 488D91B7237C9FDEC56C70D9374C721A2F230821, 7BB3577E7F5595B494687818149EE168FEBC2C03
2025-07-15 19:16:11.783, StartStableRegimen
2025-07-15 19:16:14.572, FindNode, e6f3c6f6-b807-4609-beef-e03bc23b6711, 7BB3577E7F5595B494687818149EE168FEBC2C03, 7BB3577E7F5595B494687818149EE268FEBC2C03
2025-07-15 19:16:14.572, ReplyFindNode, e6f3c6f6-b807-4609-beef-e03bc23b6711, 7BB3577E7F5595B494687818149EE168FEBC2C03, ADC0E723DF6E376068DC6BEFDD59C00882974E21
2025-07-15 19:16:18.096, FindNode, f2446e58-15b8-473d-b780-d3fa886aa375, ADC0E723DF6E376068DC6BEFDD59C00882974E21, ADC0E723DF6E376068DC6BEFDD59C00882975621
2025-07-15 19:16:18.096, ReplyFindNode, f2446e58-15b8-473d-b780-d3fa886aa375, ADC0E723DF6E376068DC6BEFDD59C00882974E21, 488D91B7237C9FDEC56C70D9374C721A2F230821
2025-07-15 19:16:22.592, FindNode, 14be5b4d-c222-495f-821e-b0ca1218d82a, 488D91B7237C9FDEC56C70D9374C721A2F230821, 488D91B7237C9FDEC56C70D9374C741A2F230821
2025-07-15 19:16:22.593, ReplyFindNode, 14be5b4d-c222-495f-821e-b0ca1218d82a, 488D91B7237C9FDEC56C70D9374C721A2F230821, 7BB3577E7F5595B494687818149EE168FEBC2C03
2025-07-15 19:16:26.573, FindNode, 06c2b590-7719-4c59-aee3-07a3cdc9d292, 7BB3577E7F5595B494687818149EE168FEBC2C03, 7BB3577E7F5595B514687818149EE168FEBC2C03
2025-07-15 19:16:26.573, ReplyFindNode, 06c2b590-7719-4c59-aee3-07a3cdc9d292, 7BB3577E7F5595B494687818149EE168FEBC2C03, ADC0E723DF6E376068DC6BEFDD59C00882974E21
2025-07-15 19:16:30.097, FindNode, f0eb9792-1d97-4c21-a121-b42b6bbfe2f9, ADC0E723DF6E376068DC6BEFDD59C00882974E21, ADC0E723DF6E376068DC6BEFE159C00882974E21
2025-07-15 19:16:30.097, ReplyFindNode, f0eb9792-1d97-4c21-a121-b42b6bbfe2f9, ADC0E723DF6E376068DC6BEFDD59C00882974E21, 488D91B7237C9FDEC56C70D9374C721A2F230821
2025-07-15 19:16:34.593, FindNode, d8521f8a-29fc-4b4c-ab42-53a3777abd8a, 488D91B7237C9FDEC56C70D9374C721A2F230821, 488D91B7237C9FDEC56C70F9374C721A2F230821
2025-07-15 19:16:34.594, ReplyFindNode, d8521f8a-29fc-4b4c-ab42-53a3777abd8a, 488D91B7237C9FDEC56C70D9374C721A2F230821, 7BB3577E7F5595B494687818149EE168FEBC2C03
2025-07-15 19:16:38.574, FindNode, c4259510-ed77-434b-833f-62f91ba0ecb5, 7BB3577E7F5595B494687818149EE168FEBC2C03, 7BB3577E7F5595B494787818149EE168FEBC2C03
2025-07-15 19:16:38.574, ReplyFindNode, c4259510-ed77-434b-833f-62f91ba0ecb5, 7BB3577E7F5595B494687818149EE168FEBC2C03, ADC0E723DF6E376068DC6BEFDD59C00882974E21
2025-07-15 19:16:42.098, FindNode, 4e5873e8-c388-46be-9ad9-e340b9844df0, ADC0E723DF6E376068DC6BEFDD59C00882974E21, ADC0E723DF6E376068DC6BEFDD59C008829B4E21
2025-07-15 19:16:42.098, ReplyFindNode, 4e5873e8-c388-46be-9ad9-e340b9844df0, ADC0E723DF6E376068DC6BEFDD59C00882974E21, 488D91B7237C9FDEC56C70D9374C721A2F230821
2025-07-15 19:16:46.594, FindNode, 0b67b6d3-6bf3-44a5-a623-9789e2c10c09, 488D91B7237C9FDEC56C70D9374C721A2F230821, 488D91BB237C9FDEC56C70D9374C721A2F230821
2025-07-15 19:16:46.594, ReplyFindNode, 0b67b6d3-6bf3-44a5-a623-9789e2c10c09, 488D91B7237C9FDEC56C70D9374C721A2F230821, 7BB3577E7F5595B494687818149EE168FEBC2C03
2025-07-15 19:16:50.575, FindNode, 1ea4b2e8-f91a-40d7-a83e-17cedaf62bf4, 7BB3577E7F5595B494687818149EE168FEBC2C03, 7BB3777E7F5595B494687818149EE168FEBC2C03
2025-07-15 19:16:50.576, ReplyFindNode, 1ea4b2e8-f91a-40d7-a83e-17cedaf62bf4, 7BB3577E7F5595B494687818149EE168FEBC2C03, ADC0E723DF6E376068DC6BEFDD59C00882974E21
2025-07-15 19:16:54.098, FindNode, fb963409-b9eb-4e59-8f99-1c397d429e05, ADC0E723DF6E376068DC6BEFDD59C00882974E21, ADC0E723DF6E3760695C6BEFDD59C00882974E21
2025-07-15 19:16:54.099, ReplyFindNode, fb963409-b9eb-4e59-8f99-1c397d429e05, ADC0E723DF6E376068DC6BEFDD59C00882974E21, 488D91B7237C9FDEC56C70D9374C721A2F230821
2025-07-15 19:16:58.595, FindNode, c35feed1-8b2d-4419-904f-1bb2e654879f, 488D91B7237C9FDEC56C70D9374C721A2F230821, 488D91B7237C9FDEC56C70D9374C921A2F230821
2025-07-15 19:16:58.595, ReplyFindNode, c35feed1-8b2d-4419-904f-1bb2e654879f, 488D91B7237C9FDEC56C70D9374C721A2F230821, 7BB3577E7F5595B494687818149EE168FEBC2C03
2025-07-15 19:17:02.576, FindNode, b7054742-ac28-469d-9e9c-c607a9894836, 7BB3577E7F5595B494687818149EE168FEBC2C03, 7BB3577E7F5595B496687818149EE168FEBC2C03
2025-07-15 19:17:02.576, ReplyFindNode, b7054742-ac28-469d-9e9c-c607a9894836, 7BB3577E7F5595B494687818149EE168FEBC2C03, ADC0E723DF6E376068DC6BEFDD59C00882974E21
2025-07-15 19:17:06.099, FindNode, c150e907-e2e7-4d8c-bcf5-55f0628d1dc5, ADC0E723DF6E376068DC6BEFDD59C00882974E21, ADC0E743DF6E376068DC6BEFDD59C00882974E21
2025-07-15 19:17:06.099, ReplyFindNode, c150e907-e2e7-4d8c-bcf5-55f0628d1dc5, ADC0E723DF6E376068DC6BEFDD59C00882974E21, 488D91B7237C9FDEC56C70D9374C721A2F230821
2025-07-15 19:17:10.596, FindNode, f7dd2109-cb5f-43b5-9461-d2070d6f912a, 488D91B7237C9FDEC56C70D9374C721A2F230821, 488D91B7237C9FDEC56C70D9374C721A2F232821
2025-07-15 19:17:10.596, ReplyFindNode, f7dd2109-cb5f-43b5-9461-d2070d6f912a, 488D91B7237C9FDEC56C70D9374C721A2F230821, 7BB3577E7F5595B494687818149EE168FEBC2C03
2025-07-15 19:17:12.488, StartReadWriteRegimen
2025-07-15 19:17:13.060, Lookup, 5eafd027-edda-41d6-b14b-27546ee5a7c2, ADC0E723DF6E376068DC6BEFDD59C00882974E21, 623451B1C32F4EAF28A948346B38E0C435C9B941
2025-07-15 19:17:13.109, FindNode, e4c2a786-2f35-4d88-92b3-9e420f6c4ddf, 488D91B7237C9FDEC56C70D9374C721A2F230821, 623451B1C32F4EAF28A948346B38E0C435C9B941
2025-07-15 19:17:13.109, ReplyFindNode, e4c2a786-2f35-4d88-92b3-9e420f6c4ddf, 488D91B7237C9FDEC56C70D9374C721A2F230821, 7BB3577E7F5595B494687818149EE168FEBC2C03
2025-07-15 19:17:13.329, ReplyLookup, 5eafd027-edda-41d6-b14b-27546ee5a7c2, 488D91B7237C9FDEC56C70D9374C721A2F230821,
2025-07-15 19:17:13.569, Lookup, cb3b23c1-d5b5-4ac2-8e56-0d4fa94a018f, 488D91B7237C9FDEC56C70D9374C721A2F230821, CBA409FE9BE57AC094BAA16FFE3B518CA8EAB1AD
2025-07-15 19:17:13.572, FindNode, 07d90b0f-836a-46bd-9f75-1e7c23e15008, ADC0E723DF6E376068DC6BEFDD59C00882974E21, CBA409FE9BE57AC094BAA16FFE3B518CA8EAB1AD
2025-07-15 19:17:13.573, ReplyFindNode, 07d90b0f-836a-46bd-9f75-1e7c23e15008, ADC0E723DF6E376068DC6BEFDD59C00882974E21, 488D91B7237C9FDEC56C70D9374C721A2F230821
2025-07-15 19:17:13.769, ReplyLookup, cb3b23c1-d5b5-4ac2-8e56-0d4fa94a018f, ADC0E723DF6E376068DC6BEFDD59C00882974E21,
2025-07-15 19:17:14.067, Store, 9b2a5397-42ae-4afc-b394-533ae0058d0f, 7BB3577E7F5595B494687818149EE168FEBC2C03, 8C1E5403FD8A45BBECB50ED48E66CE309B51C285, 44E65DC814999576EFB356FC593C6BA788A52070
2025-07-15 19:17:14.125, ReplyStore, 9b2a5397-42ae-4afc-b394-533ae0058d0f, ADC0E723DF6E376068DC6BEFDD59C00882974E21
2025-07-15 19:17:14.577, FindNode, d84eac81-8576-4776-9a8e-2f9e46e3f616, 7BB3577E7F5595B494687818149EE168FEBC2C03, 7BB3577E7F5D95B494687818149EE168FEBC2C03
2025-07-15 19:17:14.577, ReplyFindNode, d84eac81-8576-4776-9a8e-2f9e46e3f616, 7BB3577E7F5595B494687818149EE168FEBC2C03, ADC0E723DF6E376068DC6BEFDD59C00882974E21
2025-07-15 19:17:18.100, FindNode, 67ad24bd-5744-4f72-95c0-8c973c7de5fb, ADC0E723DF6E376068DC6BEFDD59C00882974E21, ADC0E723DF6E376068DC6BEFDD59C00C82974E21
2025-07-15 19:17:18.100, ReplyFindNode, 67ad24bd-5744-4f72-95c0-8c973c7de5fb, ADC0E723DF6E376068DC6BEFDD59C00882974E21, 488D91B7237C9FDEC56C70D9374C721A2F230821
2025-07-15 19:17:22.597, FindNode, 9d218332-bfb3-491f-96e2-c38cc6db26c3, 488D91B7237C9FDEC56C70D9374C721A2F230821, 488D91B7237C9FDEC56C70D9374C723A2F230821
2025-07-15 19:17:22.597, ReplyFindNode, 9d218332-bfb3-491f-96e2-c38cc6db26c3, 488D91B7237C9FDEC56C70D9374C721A2F230821, 7BB3577E7F5595B494687818149EE168FEBC2C03
2025-07-15 19:17:26.578, FindNode, 1fc7a8ce-ea26-45aa-99ca-f1cfc5abbfab, 7BB3577E7F5595B494687818149EE168FEBC2C03, 7BB3577E7F5595B4946C7818149EE168FEBC2C03
2025-07-15 19:17:26.578, ReplyFindNode, 1fc7a8ce-ea26-45aa-99ca-f1cfc5abbfab, 7BB3577E7F5595B494687818149EE168FEBC2C03, ADC0E723DF6E376068DC6BEFDD59C00882974E21
2025-07-15 19:17:28.059, Store, 2583ee6a-d858-426f-b0fc-824107cedb6d, ADC0E723DF6E376068DC6BEFDD59C00882974E21, E9C37BEEF51AAC584CB600E7D83DC7410DC57FBC, 7A320980AE11BB283ACC7735052FFFA99DD52EB4
2025-07-15 19:17:28.113, ReplyStore, 2583ee6a-d858-426f-b0fc-824107cedb6d, 488D91B7237C9FDEC56C70D9374C721A2F230821
2025-07-15 19:17:28.568, Lookup, d6360fd2-63bf-4bfa-9fbd-4d0fa7a044f6, 488D91B7237C9FDEC56C70D9374C721A2F230821, 084C92B05146C206856D5BD6B710423B147C02BE
2025-07-15 19:17:28.613, FindNode, 04566cfb-5139-4594-9f3b-cfd16a389732, ADC0E723DF6E376068DC6BEFDD59C00882974E21, 084C92B05146C206856D5BD6B710423B147C02BE
2025-07-15 19:17:28.613, ReplyFindNode, 04566cfb-5139-4594-9f3b-cfd16a389732, ADC0E723DF6E376068DC6BEFDD59C00882974E21, 488D91B7237C9FDEC56C70D9374C721A2F230821
2025-07-15 19:17:28.788, ReplyLookup, d6360fd2-63bf-4bfa-9fbd-4d0fa7a044f6, ADC0E723DF6E376068DC6BEFDD59C00882974E21,
2025-07-15 19:17:29.065, Store, aed35172-b291-4fd7-b1f5-70a500a928cb, 7BB3577E7F5595B494687818149EE168FEBC2C03, 6482183064C6312DE3FC14FE912062CC67103876, 211E69D0731F68DE798C256BE7F9304533D57B87
2025-07-15 19:17:29.109, FindNode, 7f41e689-dccd-48f7-92b6-d49ca923fe22, 488D91B7237C9FDEC56C70D9374C721A2F230821, 6482183064C6312DE3FC14FE912062CC67103876
2025-07-15 19:17:29.109, ReplyFindNode, 7f41e689-dccd-48f7-92b6-d49ca923fe22, 488D91B7237C9FDEC56C70D9374C721A2F230821, 7BB3577E7F5595B494687818149EE168FEBC2C03
2025-07-15 19:17:29.204, ReplyStore, aed35172-b291-4fd7-b1f5-70a500a928cb, 488D91B7237C9FDEC56C70D9374C721A2F230821
2025-07-15 19:17:30.101, FindNode, 1318d3b1-f6f8-49ab-b46e-f14307285145, ADC0E723DF6E376068DC6BEFDD59C00882974E21, ADC0E723DF6E376078DC6BEFDD59C00882974E21
2025-07-15 19:17:30.101, ReplyFindNode, 1318d3b1-f6f8-49ab-b46e-f14307285145, ADC0E723DF6E376068DC6BEFDD59C00882974E21, 488D91B7237C9FDEC56C70D9374C721A2F230821
2025-07-15 19:17:34.598, FindNode, b5ba36d1-70e7-41db-ad69-6b16e1d1eb75, 488D91B7237C9FDEC56C70D9374C721A2F230821, 488D91B7237C9FDEC56C70D93750721A2F230821
2025-07-15 19:17:34.599, ReplyFindNode, b5ba36d1-70e7-41db-ad69-6b16e1d1eb75, 488D91B7237C9FDEC56C70D9374C721A2F230821, 7BB3577E7F5595B494687818149EE168FEBC2C03
2025-07-15 19:17:38.579, FindNode, b0e201fe-75b3-4995-a907-a5af43b11059, 7BB3577E7F5595B494687818149EE168FEBC2C03, 7BB3577E7F5597B494687818149EE168FEBC2C03
2025-07-15 19:17:38.579, ReplyFindNode, b0e201fe-75b3-4995-a907-a5af43b11059, 7BB3577E7F5595B494687818149EE168FEBC2C03, ADC0E723DF6E376068DC6BEFDD59C00882974E21
2025-07-15 19:17:42.102, FindNode, c7a47cff-b8f9-43ee-a2cd-832bdfd1434e, ADC0E723DF6E376068DC6BEFDD59C00882974E21, ADC0E723DF6E376068DC6BEFDD59C00886974E21
2025-07-15 19:17:42.102, ReplyFindNode, c7a47cff-b8f9-43ee-a2cd-832bdfd1434e, ADC0E723DF6E376068DC6BEFDD59C00882974E21, 488D91B7237C9FDEC56C70D9374C721A2F230821
2025-07-15 19:17:43.059, Remove, 66d86def-95ff-4e6c-900d-1facab46b9e3, ADC0E723DF6E376068DC6BEFDD59C00882974E21, E9C37BEEF51AAC584CB600E7D83DC7410DC57FBC, 7A320980AE11BB283ACC7735052FFFA99DD52EB4
2025-07-15 19:17:43.109, ReplyRemove, 66d86def-95ff-4e6c-900d-1facab46b9e3, 488D91B7237C9FDEC56C70D9374C721A2F230821
2025-07-15 19:17:43.568, Lookup, bde128a1-7f2f-4c75-898d-8a3054aa03a4, 488D91B7237C9FDEC56C70D9374C721A2F230821, 524377CDE8725AC0D2731F7427E2BA0C75991BCC
2025-07-15 19:17:43.614, ReplyLookup, bde128a1-7f2f-4c75-898d-8a3054aa03a4, 7BB3577E7F5595B494687818149EE168FEBC2C03,
2025-07-15 19:17:44.065, Store, e1764d01-29e1-47df-b15c-cf81b9406d82, 7BB3577E7F5595B494687818149EE168FEBC2C03, 0D72C8E05CBB0A1D1B6071D976C5CDA18D1A124C, 7DEB9A3C72639C3BE93B85AE69F74D98F0EF5558
2025-07-15 19:17:44.109, FindNode, 2393cc85-0d57-4d77-8514-2fdbb43d9460, ADC0E723DF6E376068DC6BEFDD59C00882974E21, 0D72C8E05CBB0A1D1B6071D976C5CDA18D1A124C
2025-07-15 19:17:44.109, ReplyFindNode, 2393cc85-0d57-4d77-8514-2fdbb43d9460, ADC0E723DF6E376068DC6BEFDD59C00882974E21, 488D91B7237C9FDEC56C70D9374C721A2F230821
2025-07-15 19:17:44.204, ReplyStore, e1764d01-29e1-47df-b15c-cf81b9406d82, ADC0E723DF6E376068DC6BEFDD59C00882974E21
2025-07-15 19:17:46.599, FindNode, 326d5b99-9a63-40a6-a4e8-5c4b1a2baf81, 488D91B7237C9FDEC56C70D9374C721A2F230821, 488D91B7237C9FDEC56C70D9374C721A2F230825
2025-07-15 19:17:46.600, ReplyFindNode, 326d5b99-9a63-40a6-a4e8-5c4b1a2baf81, 488D91B7237C9FDEC56C70D9374C721A2F230821, 7BB3577E7F5595B494687818149EE168FEBC2C03
2025-07-15 19:17:50.580, FindNode, 64b81c8f-b5da-4014-a0a6-bb7f8ee74872, 7BB3577E7F5595B494687818149EE168FEBC2C03, 7BB5577E7F5595B494687818149EE168FEBC2C03
2025-07-15 19:17:50.580, ReplyFindNode, 64b81c8f-b5da-4014-a0a6-bb7f8ee74872, 7BB3577E7F5595B494687818149EE168FEBC2C03, ADC0E723DF6E376068DC6BEFDD59C00882974E21
2025-07-15 19:17:54.102, FindNode, c570fffa-bbc6-43ad-9c41-c6dabbe43796, ADC0E723DF6E376068DC6BEFDD59C00882974E21, ADC0E723DF6E376068DC6BEFDD5BC00882974E21
2025-07-15 19:17:54.103, ReplyFindNode, c570fffa-bbc6-43ad-9c41-c6dabbe43796, ADC0E723DF6E376068DC6BEFDD59C00882974E21, 488D91B7237C9FDEC56C70D9374C721A2F230821
2025-07-15 19:17:58.059, Store, ad59201a-90a0-47f6-a2b6-3260022db80c, ADC0E723DF6E376068DC6BEFDD59C00882974E21, 00BF75C0771FE5C00E4E21973BCFD90CDFBF8992, 4872D52F470A9C7E0B66D0A4062715D07BBF24C0
2025-07-15 19:17:58.104, ReplyStore, ad59201a-90a0-47f6-a2b6-3260022db80c, 488D91B7237C9FDEC56C70D9374C721A2F230821
2025-07-15 19:17:58.569, Store, bf213099-ae6f-4390-9fd6-4b6588f0c546, 488D91B7237C9FDEC56C70D9374C721A2F230821, 20A5461E257D93E9FCBFB4F19F2A9243AFEE918C, B4841A6CFF87141380778AF4406DCD14D736B6E1
2025-07-15 19:17:58.600, FindNode, 12a77023-3494-4372-83ad-1126320f4ac3, 488D91B7237C9FDEC56C70D9374C721A2F230821, 488D91B72B7C9FDEC56C70D9374C721A2F230821
2025-07-15 19:17:58.600, ReplyFindNode, 12a77023-3494-4372-83ad-1126320f4ac3, 488D91B7237C9FDEC56C70D9374C721A2F230821, 7BB3577E7F5595B494687818149EE168FEBC2C03
2025-07-15 19:17:58.620, FindNode, 719f609c-4450-4e51-91f4-814b3ba2b74f, ADC0E723DF6E376068DC6BEFDD59C00882974E21, 20A5461E257D93E9FCBFB4F19F2A9243AFEE918C
2025-07-15 19:17:58.621, ReplyFindNode, 719f609c-4450-4e51-91f4-814b3ba2b74f, ADC0E723DF6E376068DC6BEFDD59C00882974E21, 488D91B7237C9FDEC56C70D9374C721A2F230821
2025-07-15 19:17:58.717, ReplyStore, bf213099-ae6f-4390-9fd6-4b6588f0c546, ADC0E723DF6E376068DC6BEFDD59C00882974E21
2025-07-15 19:17:59.066, Lookup, 15dd56b8-183b-42d4-94f9-ff5dac234b9f, 7BB3577E7F5595B494687818149EE168FEBC2C03, 6482183064C6312DE3FC14FE912062CC67103876
2025-07-15 19:17:59.109, FindNode, c1b1ae28-4498-4e19-9a46-48a707686253, 488D91B7237C9FDEC56C70D9374C721A2F230821, 6482183064C6312DE3FC14FE912062CC67103876
2025-07-15 19:17:59.109, ReplyFindNode, c1b1ae28-4498-4e19-9a46-48a707686253, 488D91B7237C9FDEC56C70D9374C721A2F230821, 7BB3577E7F5595B494687818149EE168FEBC2C03
2025-07-15 19:17:59.285, ReplyLookup, 15dd56b8-183b-42d4-94f9-ff5dac234b9f, 488D91B7237C9FDEC56C70D9374C721A2F230821, 211E69D0731F68DE798C256BE7F9304533D57B87
2025-07-15 19:18:02.580, FindNode, d6c0d084-9d93-401a-88e2-7a606d02eaa4, 7BB3577E7F5595B494687818149EE168FEBC2C03, 7BB3577E7F5595B494687818149EE168FEFC2C03
2025-07-15 19:18:02.581, ReplyFindNode, d6c0d084-9d93-401a-88e2-7a606d02eaa4, 7BB3577E7F5595B494687818149EE168FEBC2C03, ADC0E723DF6E376068DC6BEFDD59C00882974E21
2025-07-15 19:18:06.103, FindNode, 842c5ebd-4e7a-429b-aea3-765e6feb9a90, ADC0E723DF6E376068DC6BEFDD59C00882974E21, ADC0E723DF6E376068DC6BEFDD5A000882974E21
2025-07-15 19:18:06.104, ReplyFindNode, 842c5ebd-4e7a-429b-aea3-765e6feb9a90, ADC0E723DF6E376068DC6BEFDD59C00882974E21, 488D91B7237C9FDEC56C70D9374C721A2F230821
2025-07-15 19:18:10.601, FindNode, 96ceae53-d97a-4563-9a87-1f3b97c018f5, 488D91B7237C9FDEC56C70D9374C721A2F230821, 488D91B7237CA7DEC56C70D9374C721A2F230821
2025-07-15 19:18:10.601, ReplyFindNode, 96ceae53-d97a-4563-9a87-1f3b97c018f5, 488D91B7237C9FDEC56C70D9374C721A2F230821, 7BB3577E7F5595B494687818149EE168FEBC2C03
2025-07-15 19:18:13.058, Remove, 70f8178d-2b98-460b-a992-e96f20ad0885, ADC0E723DF6E376068DC6BEFDD59C00882974E21, 00BF75C0771FE5C00E4E21973BCFD90CDFBF8992, 4872D52F470A9C7E0B66D0A4062715D07BBF24C0
2025-07-15 19:18:13.104, ReplyRemove, 70f8178d-2b98-460b-a992-e96f20ad0885, 488D91B7237C9FDEC56C70D9374C721A2F230821
2025-07-15 19:18:13.569, Store, 5139e23a-2dcb-4cd9-98ed-9ab101b90bfe, 488D91B7237C9FDEC56C70D9374C721A2F230821, 4972B78B75E1FBE7528F0BCC0C7B0CF7E0E6BB0B, CD80598EC517EAE9A358EDA9FD94A445051EF53F
2025-07-15 19:18:13.612, ReplyStore, 5139e23a-2dcb-4cd9-98ed-9ab101b90bfe, 7BB3577E7F5595B494687818149EE168FEBC2C03
2025-07-15 19:18:14.066, Lookup, 8b11a1ac-3145-471a-9c29-66450f8a7316, 7BB3577E7F5595B494687818149EE168FEBC2C03, E30B2DA212DBA96C958944E3E09107C4A46BFE85
2025-07-15 19:18:14.109, FindNode, c2f548e4-27e7-4d71-9745-bd94be50609c, ADC0E723DF6E376068DC6BEFDD59C00882974E21, E30B2DA212DBA96C958944E3E09107C4A46BFE85
2025-07-15 19:18:14.109, ReplyFindNode, c2f548e4-27e7-4d71-9745-bd94be50609c, ADC0E723DF6E376068DC6BEFDD59C00882974E21, 488D91B7237C9FDEC56C70D9374C721A2F230821
2025-07-15 19:18:14.284, ReplyLookup, 8b11a1ac-3145-471a-9c29-66450f8a7316, ADC0E723DF6E376068DC6BEFDD59C00882974E21,
2025-07-15 19:18:14.581, FindNode, 7b760c85-f9a6-4819-bc9a-8058f60bd50e, 7BB3577E7F5595B494687818149EE168FEBC2C03, 7BB3577E7F5595B494687818149EE1E8FEBC2C03
2025-07-15 19:18:14.581, ReplyFindNode, 7b760c85-f9a6-4819-bc9a-8058f60bd50e, 7BB3577E7F5595B494687818149EE168FEBC2C03, ADC0E723DF6E376068DC6BEFDD59C00882974E21
2025-07-15 19:18:18.104, FindNode, 21987edc-ad65-4303-a7ad-3193a387fca0, ADC0E723DF6E376068DC6BEFDD59C00882974E21, ADC0E723DF6E376068FC6BEFDD59C00882974E21
2025-07-15 19:18:18.104, ReplyFindNode, 21987edc-ad65-4303-a7ad-3193a387fca0, ADC0E723DF6E376068DC6BEFDD59C00882974E21, 488D91B7237C9FDEC56C70D9374C721A2F230821
2025-07-15 19:18:22.602, FindNode, c23dcd26-bc68-4a81-b207-ea96cf72d189, 488D91B7237C9FDEC56C70D9374C721A2F230821, 488D91C7237C9FDEC56C70D9374C721A2F230821
2025-07-15 19:18:22.602, ReplyFindNode, c23dcd26-bc68-4a81-b207-ea96cf72d189, 488D91B7237C9FDEC56C70D9374C721A2F230821, 7BB3577E7F5595B494687818149EE168FEBC2C03
2025-07-15 19:18:26.582, FindNode, b080036d-858a-4e00-a55a-8aca40ab93b2, 7BB3577E7F5595B494687818149EE168FEBC2C03, 7BB3577E7F5615B494687818149EE168FEBC2C03
2025-07-15 19:18:26.582, ReplyFindNode, b080036d-858a-4e00-a55a-8aca40ab93b2, 7BB3577E7F5595B494687818149EE168FEBC2C03, ADC0E723DF6E376068DC6BEFDD59C00882974E21
2025-07-15 19:18:28.058, Lookup, 683d733a-0c9b-4344-ad9b-a6857a17d718, ADC0E723DF6E376068DC6BEFDD59C00882974E21, 1A34561D16C8A240E962A8310514CE6213F86899
2025-07-15 19:18:28.102, ReplyLookup, 683d733a-0c9b-4344-ad9b-a6857a17d718, 488D91B7237C9FDEC56C70D9374C721A2F230821,
2025-07-15 19:18:28.569, Lookup, b748fc33-d668-49f0-9efe-eed3f2e88770, 488D91B7237C9FDEC56C70D9374C721A2F230821, DB0B4002144BE3AF077D960E607619CB36897DBF
2025-07-15 19:18:28.612, FindNode, da179012-59d0-4c09-9fa0-48219ff0845f, ADC0E723DF6E376068DC6BEFDD59C00882974E21, DB0B4002144BE3AF077D960E607619CB36897DBF
2025-07-15 19:18:28.613, ReplyFindNode, da179012-59d0-4c09-9fa0-48219ff0845f, ADC0E723DF6E376068DC6BEFDD59C00882974E21, 488D91B7237C9FDEC56C70D9374C721A2F230821
2025-07-15 19:18:28.788, ReplyLookup, b748fc33-d668-49f0-9efe-eed3f2e88770, ADC0E723DF6E376068DC6BEFDD59C00882974E21,
2025-07-15 19:18:29.066, Lookup, 59311dd6-898d-470a-ae85-97694a77b135, 7BB3577E7F5595B494687818149EE168FEBC2C03, D909219BBFB971BF485F85732D86097E4B8050BC
2025-07-15 19:18:29.109, FindNode, 5d3eea4b-2564-451c-a020-974921533529, ADC0E723DF6E376068DC6BEFDD59C00882974E21, D909219BBFB971BF485F85732D86097E4B8050BC
2025-07-15 19:18:29.109, ReplyFindNode, 5d3eea4b-2564-451c-a020-974921533529, ADC0E723DF6E376068DC6BEFDD59C00882974E21, 488D91B7237C9FDEC56C70D9374C721A2F230821
2025-07-15 19:18:29.244, ReplyLookup, 59311dd6-898d-470a-ae85-97694a77b135, ADC0E723DF6E376068DC6BEFDD59C00882974E21,
2025-07-15 19:18:30.105, FindNode, 44a42397-3220-49dc-bb96-c03bb02c248f, ADC0E723DF6E376068DC6BEFDD59C00882974E21, ADC0E723DFEE376068DC6BEFDD59C00882974E21
2025-07-15 19:18:30.105, ReplyFindNode, 44a42397-3220-49dc-bb96-c03bb02c248f, ADC0E723DF6E376068DC6BEFDD59C00882974E21, 488D91B7237C9FDEC56C70D9374C721A2F230821
2025-07-15 19:18:34.602, FindNode, 9f1bfb3a-887c-493d-8ddd-fa5672673f91, 488D91B7237C9FDEC56C70D9374C721A2F230821, 488D91B7237C9FDEC56C70D9384C721A2F230821
2025-07-15 19:18:34.603, ReplyFindNode, 9f1bfb3a-887c-493d-8ddd-fa5672673f91, 488D91B7237C9FDEC56C70D9374C721A2F230821, 7BB3577E7F5595B494687818149EE168FEBC2C03
2025-07-15 19:18:38.583, FindNode, 33ea2c26-850c-4c70-baa9-24cf0c5ccf61, 7BB3577E7F5595B494687818149EE168FEBC2C03, 7BB3577E875595B494687818149EE168FEBC2C03
2025-07-15 19:18:38.583, ReplyFindNode, 33ea2c26-850c-4c70-baa9-24cf0c5ccf61, 7BB3577E7F5595B494687818149EE168FEBC2C03, ADC0E723DF6E376068DC6BEFDD59C00882974E21
2025-07-15 19:18:42.105, FindNode, 563c872b-e44d-42f9-8484-08a0f0364e86, ADC0E723DF6E376068DC6BEFDD59C00882974E21, ADC0E823DF6E376068DC6BEFDD59C00882974E21
2025-07-15 19:18:42.106, ReplyFindNode, 563c872b-e44d-42f9-8484-08a0f0364e86, ADC0E723DF6E376068DC6BEFDD59C00882974E21, 488D91B7237C9FDEC56C70D9374C721A2F230821
2025-07-15 19:18:43.059, Store, 279dc708-1e44-4307-b1d9-180b01e77347, ADC0E723DF6E376068DC6BEFDD59C00882974E21, 46970298B7C49635134908446D6DD59B87AFD76A, 8E8E7481FC021BB47B823DDD87C38EB180994263
2025-07-15 19:18:43.104, ReplyStore, 279dc708-1e44-4307-b1d9-180b01e77347, 488D91B7237C9FDEC56C70D9374C721A2F230821
2025-07-15 19:18:43.569, Lookup, dd435f14-d043-4806-9a25-b16c1c6184fa, 488D91B7237C9FDEC56C70D9374C721A2F230821, 20A5461E257D93E9FCBFB4F19F2A9243AFEE918C
2025-07-15 19:18:43.612, FindNode, af2429c8-8e66-4b46-8344-1d314e5903df, ADC0E723DF6E376068DC6BEFDD59C00882974E21, 20A5461E257D93E9FCBFB4F19F2A9243AFEE918C
2025-07-15 19:18:43.613, ReplyFindNode, af2429c8-8e66-4b46-8344-1d314e5903df, ADC0E723DF6E376068DC6BEFDD59C00882974E21, 488D91B7237C9FDEC56C70D9374C721A2F230821
2025-07-15 19:18:43.789, ReplyLookup, dd435f14-d043-4806-9a25-b16c1c6184fa, ADC0E723DF6E376068DC6BEFDD59C00882974E21, B4841A6CFF87141380778AF4406DCD14D736B6E1
2025-07-15 19:18:44.067, Lookup, 2a560263-9cb9-4e88-a783-46ef3105e454, 7BB3577E7F5595B494687818149EE168FEBC2C03, A565259DBFCFE6D40D4D8FCAB1AAE55845015F69
2025-07-15 19:18:44.109, ReplyLookup, 2a560263-9cb9-4e88-a783-46ef3105e454, ADC0E723DF6E376068DC6BEFDD59C00882974E21,
2025-07-15 19:18:46.603, FindNode, 7adc58a7-03a7-470a-a27a-7bccefd1c6aa, 488D91B7237C9FDEC56C70D9374C721A2F230821, 488D91B7237C9FDEC56C70D9374C721A30230821
2025-07-15 19:18:46.603, ReplyFindNode, 7adc58a7-03a7-470a-a27a-7bccefd1c6aa, 488D91B7237C9FDEC56C70D9374C721A2F230821, 7BB3577E7F5595B494687818149EE168FEBC2C03
2025-07-15 19:18:50.583, FindNode, 7d91d8ac-b552-48e5-b22c-01b17b0034c4, 7BB3577E7F5595B494687818149EE168FEBC2C03, 7BB3577E7F5595B494689818149EE168FEBC2C03
2025-07-15 19:18:50.584, ReplyFindNode, 7d91d8ac-b552-48e5-b22c-01b17b0034c4, 7BB3577E7F5595B494687818149EE168FEBC2C03, ADC0E723DF6E376068DC6BEFDD59C00882974E21
2025-07-15 19:18:54.106, FindNode, 6edfbdf5-563f-45a9-9a86-17019a12c0e8, ADC0E723DF6E376068DC6BEFDD59C00882974E21, ADC0E723DF6E376068DC6BEFE159C00882974E21
2025-07-15 19:18:54.106, ReplyFindNode, 6edfbdf5-563f-45a9-9a86-17019a12c0e8, ADC0E723DF6E376068DC6BEFDD59C00882974E21, 488D91B7237C9FDEC56C70D9374C721A2F230821
2025-07-15 19:18:58.059, Lookup, 726b4523-387a-4f1e-8755-1b4d25e3db45, ADC0E723DF6E376068DC6BEFDD59C00882974E21, CE3F2F497EF5657EDA8D4E9F9D61E7535427D6FF
2025-07-15 19:18:58.102, ReplyLookup, 726b4523-387a-4f1e-8755-1b4d25e3db45, 488D91B7237C9FDEC56C70D9374C721A2F230821,
2025-07-15 19:18:58.570, Store, 11b76e89-ce5d-4875-9d36-bdc7f27f50c8, 488D91B7237C9FDEC56C70D9374C721A2F230821, F83AFDBF1E4A7279A5E4A0D63C7D2F354EB5E3C7, C46DF3FBA59172BD0B1E825BA5E0C1F5A109E510
2025-07-15 19:18:58.604, FindNode, 00df9a25-c8b5-46da-a132-fb5b8355bbe5, 488D91B7237C9FDEC56C70D9374C721A2F230821, 488D91B7237C9FDEC56C70D93754721A2F230821
2025-07-15 19:18:58.604, ReplyFindNode, 00df9a25-c8b5-46da-a132-fb5b8355bbe5, 488D91B7237C9FDEC56C70D9374C721A2F230821, 7BB3577E7F5595B494687818149EE168FEBC2C03
2025-07-15 19:18:58.612, FindNode, 9be62313-0a9c-4608-81e6-985b2eecbc57, ADC0E723DF6E376068DC6BEFDD59C00882974E21, F83AFDBF1E4A7279A5E4A0D63C7D2F354EB5E3C7
2025-07-15 19:18:58.613, ReplyFindNode, 9be62313-0a9c-4608-81e6-985b2eecbc57, ADC0E723DF6E376068DC6BEFDD59C00882974E21, 488D91B7237C9FDEC56C70D9374C721A2F230821
2025-07-15 19:18:58.704, ReplyStore, 11b76e89-ce5d-4875-9d36-bdc7f27f50c8, ADC0E723DF6E376068DC6BEFDD59C00882974E21
2025-07-15 19:18:59.067, Store, cb306577-9987-432d-95ec-f9455d7aa54a, 7BB3577E7F5595B494687818149EE168FEBC2C03, F283F65B4F3BC43D5CDE609449592EF014AD317E, 86954B0558ACBE6787B6FB108FCA3CA9645718FA
2025-07-15 19:18:59.112, FindNode, 6e0dea44-9717-4dd7-953d-7d92b64c9a00, ADC0E723DF6E376068DC6BEFDD59C00882974E21, F283F65B4F3BC43D5CDE609449592EF014AD317E
2025-07-15 19:18:59.113, ReplyFindNode, 6e0dea44-9717-4dd7-953d-7d92b64c9a00, ADC0E723DF6E376068DC6BEFDD59C00882974E21, 488D91B7237C9FDEC56C70D9374C721A2F230821
2025-07-15 19:18:59.204, ReplyStore, cb306577-9987-432d-95ec-f9455d7aa54a, ADC0E723DF6E376068DC6BEFDD59C00882974E21
2025-07-15 19:19:02.584, FindNode, 891149e4-1ba5-4451-9a95-4b756f15c56a, 7BB3577E7F5595B494687818149EE168FEBC2C03, 7BB3577E7F5595B49468B818149EE168FEBC2C03
2025-07-15 19:19:02.584, ReplyFindNode, 891149e4-1ba5-4451-9a95-4b756f15c56a, 7BB3577E7F5595B494687818149EE168FEBC2C03, ADC0E723DF6E376068DC6BEFDD59C00882974E21
2025-07-15 19:19:06.107, FindNode, 425ec779-299f-4ba7-b460-5260e3c1b2df, ADC0E723DF6E376068DC6BEFDD59C00882974E21, ADC0E723DF6E376068DC6BEFDD59C00A82974E21
2025-07-15 19:19:06.107, ReplyFindNode, 425ec779-299f-4ba7-b460-5260e3c1b2df, ADC0E723DF6E376068DC6BEFDD59C00882974E21, 488D91B7237C9FDEC56C70D9374C721A2F230821
2025-07-15 19:19:10.604, FindNode, 24048375-1ce4-425c-84f3-8ea55471734a, 488D91B7237C9FDEC56C70D9374C721A2F230821, 488D91B7237C9FDEC56C70D9374C722A2F230821
2025-07-15 19:19:10.605, ReplyFindNode, 24048375-1ce4-425c-84f3-8ea55471734a, 488D91B7237C9FDEC56C70D9374C721A2F230821, 7BB3577E7F5595B494687818149EE168FEBC2C03
2025-07-15 19:19:13.059, Store, 5d320f5a-d7d8-4968-9267-d1730d5687bb, ADC0E723DF6E376068DC6BEFDD59C00882974E21, D1EE42497945091A1654B4682DBB8B9E659AB7AA, 29D147E150828B31FDA006223A08ABDD566B8504
2025-07-15 19:19:13.104, ReplyStore, 5d320f5a-d7d8-4968-9267-d1730d5687bb, 488D91B7237C9FDEC56C70D9374C721A2F230821
2025-07-15 19:19:13.569, Store, 35708fd4-ca74-4b7d-92a5-7b5ef22912de, 488D91B7237C9FDEC56C70D9374C721A2F230821, F8FB87BD1A25BD0684B9B409D0A528F256B12056, 77B9AC77EDD5BE54747B66D59377BC615FFCB4F1
2025-07-15 19:19:13.612, FindNode, f0400eb3-ef3b-466b-b0e8-028d47af2e1e, ADC0E723DF6E376068DC6BEFDD59C00882974E21, F8FB87BD1A25BD0684B9B409D0A528F256B12056
2025-07-15 19:19:13.613, ReplyFindNode, f0400eb3-ef3b-466b-b0e8-028d47af2e1e, ADC0E723DF6E376068DC6BEFDD59C00882974E21, 488D91B7237C9FDEC56C70D9374C721A2F230821
2025-07-15 19:19:13.704, ReplyStore, 35708fd4-ca74-4b7d-92a5-7b5ef22912de, ADC0E723DF6E376068DC6BEFDD59C00882974E21
2025-07-15 19:19:14.068, Remove, 95dd3e81-18f7-4456-bf0f-132f572036ec, 7BB3577E7F5595B494687818149EE168FEBC2C03, 8C1E5403FD8A45BBECB50ED48E66CE309B51C285, 44E65DC814999576EFB356FC593C6BA788A52070
2025-07-15 19:19:14.117, ReplyRemove, 95dd3e81-18f7-4456-bf0f-132f572036ec, ADC0E723DF6E376068DC6BEFDD59C00882974E21
2025-07-15 19:19:14.585, FindNode, a4cebc1c-ea71-4e4a-8bab-0c44f9eb7af8, 7BB3577E7F5595B494687818149EE168FEBC2C03, 7BC3577E7F5595B494687818149EE168FEBC2C03
2025-07-15 19:19:14.585, ReplyFindNode, a4cebc1c-ea71-4e4a-8bab-0c44f9eb7af8, 7BB3577E7F5595B494687818149EE168FEBC2C03, ADC0E723DF6E376068DC6BEFDD59C00882974E21
2025-07-15 19:19:18.107, FindNode, 7a2e887b-5475-463f-86b1-e72d052ca0bc, ADC0E723DF6E376068DC6BEFDD59C00882974E21, ADC0F723DF6E376068DC6BEFDD59C00882974E21
2025-07-15 19:19:18.108, ReplyFindNode, 7a2e887b-5475-463f-86b1-e72d052ca0bc, ADC0E723DF6E376068DC6BEFDD59C00882974E21, 488D91B7237C9FDEC56C70D9374C721A2F230821
2025-07-15 19:19:22.605, FindNode, b3f82529-7b5c-499f-8f1b-f2b9535526c7, 488D91B7237C9FDEC56C70D9374C721A2F230821, 488E91B7237C9FDEC56C70D9374C721A2F230821
2025-07-15 19:19:22.606, ReplyFindNode, b3f82529-7b5c-499f-8f1b-f2b9535526c7, 488D91B7237C9FDEC56C70D9374C721A2F230821, 7BB3577E7F5595B494687818149EE168FEBC2C03
2025-07-15 19:19:26.585, FindNode, f1c60f25-d73e-4576-a6cc-3e3734e8a3de, 7BB3577E7F5595B494687818149EE168FEBC2C03, 7BB3577E7F5595B494687818149EE168FEBC4C03
2025-07-15 19:19:26.586, ReplyFindNode, f1c60f25-d73e-4576-a6cc-3e3734e8a3de, 7BB3577E7F5595B494687818149EE168FEBC2C03, ADC0E723DF6E376068DC6BEFDD59C00882974E21
2025-07-15 19:19:28.060, Lookup, d9005e27-61c6-48f5-81c0-f9f6de1bd541, ADC0E723DF6E376068DC6BEFDD59C00882974E21, 46970298B7C49635134908446D6DD59B87AFD76A
2025-07-15 19:19:28.107, ReplyLookup, d9005e27-61c6-48f5-81c0-f9f6de1bd541, 488D91B7237C9FDEC56C70D9374C721A2F230821, 8E8E7481FC021BB47B823DDD87C38EB180994263
2025-07-15 19:19:28.569, Lookup, 7cf060f1-4120-4381-8939-cf48cd308489, 488D91B7237C9FDEC56C70D9374C721A2F230821, D6220063ED4F3235813F3E2DC8549CDEB817DE3D
2025-07-15 19:19:28.612, FindNode, 2de792be-f121-4d50-8000-05d30f03c6bd, ADC0E723DF6E376068DC6BEFDD59C00882974E21, D6220063ED4F3235813F3E2DC8549CDEB817DE3D
2025-07-15 19:19:28.613, ReplyFindNode, 2de792be-f121-4d50-8000-05d30f03c6bd, ADC0E723DF6E376068DC6BEFDD59C00882974E21, 488D91B7237C9FDEC56C70D9374C721A2F230821
2025-07-15 19:19:28.788, ReplyLookup, 7cf060f1-4120-4381-8939-cf48cd308489, ADC0E723DF6E376068DC6BEFDD59C00882974E21,
2025-07-15 19:19:29.069, Remove, fd010fb8-c9cb-4e15-89b0-8b2d5457d371, 7BB3577E7F5595B494687818149EE168FEBC2C03, 6482183064C6312DE3FC14FE912062CC67103876, 211E69D0731F68DE798C256BE7F9304533D57B87
2025-07-15 19:19:29.112, FindNode, 3894faf0-8258-4976-89e2-cac440e62eba, 488D91B7237C9FDEC56C70D9374C721A2F230821, 6482183064C6312DE3FC14FE912062CC67103876
2025-07-15 19:19:29.113, ReplyFindNode, 3894faf0-8258-4976-89e2-cac440e62eba, 488D91B7237C9FDEC56C70D9374C721A2F230821, 7BB3577E7F5595B494687818149EE168FEBC2C03
2025-07-15 19:19:29.123, ReplyRemove, fd010fb8-c9cb-4e15-89b0-8b2d5457d371, 488D91B7237C9FDEC56C70D9374C721A2F230821
2025-07-15 19:19:30.108, FindNode, 30b40caa-a0aa-467e-8a99-94b5a1278e56, ADC0E723DF6E376068DC6BEFDD59C00882974E21, ADC0E723DF6E376068DC6BEFDD59C00883974E21
2025-07-15 19:19:30.108, ReplyFindNode, 30b40caa-a0aa-467e-8a99-94b5a1278e56, ADC0E723DF6E376068DC6BEFDD59C00882974E21, 488D91B7237C9FDEC56C70D9374C721A2F230821
2025-07-15 19:19:34.606, FindNode, dd447202-f7b7-4ed7-810f-9cb8092b3f47, 488D91B7237C9FDEC56C70D9374C721A2F230821, 888D91B7237C9FDEC56C70D9374C721A2F230821
2025-07-15 19:19:34.648, FindNode, 65ef0e9c-ccfa-41b0-be99-37f323dd70ae, 7BB3577E7F5595B494687818149EE168FEBC2C03, 888D91B7237C9FDEC56C70D9374C721A2F230821
2025-07-15 19:19:34.649, ReplyFindNode, 65ef0e9c-ccfa-41b0-be99-37f323dd70ae, 7BB3577E7F5595B494687818149EE168FEBC2C03, ADC0E723DF6E376068DC6BEFDD59C00882974E21
2025-07-15 19:19:34.651, ReplyFindNode, dd447202-f7b7-4ed7-810f-9cb8092b3f47, 488D91B7237C9FDEC56C70D9374C721A2F230821, 7BB3577E7F5595B494687818149EE168FEBC2C03
2025-07-15 19:19:38.586, FindNode, b780594e-0219-4de6-9a64-977b06f60191, 7BB3577E7F5595B494687818149EE168FEBC2C03, 7CB3577E7F5595B494687818149EE168FEBC2C03
2025-07-15 19:19:38.586, ReplyFindNode, b780594e-0219-4de6-9a64-977b06f60191, 7BB3577E7F5595B494687818149EE168FEBC2C03, ADC0E723DF6E376068DC6BEFDD59C00882974E21
2025-07-15 19:19:42.109, FindNode, 100bbf61-566a-424f-b82d-44b2abf3609e, ADC0E723DF6E376068DC6BEFDD59C00882974E21, ADC0E723DF6E37A068DC6BEFDD59C00882974E21
2025-07-15 19:19:42.109, ReplyFindNode, 100bbf61-566a-424f-b82d-44b2abf3609e, ADC0E723DF6E376068DC6BEFDD59C00882974E21, 488D91B7237C9FDEC56C70D9374C721A2F230821
2025-07-15 19:19:43.060, Lookup, 33284d23-d0a3-4859-a57d-34d6fac02e20, ADC0E723DF6E376068DC6BEFDD59C00882974E21, 46970298B7C49635134908446D6DD59B87AFD76A
2025-07-15 19:19:43.106, ReplyLookup, 33284d23-d0a3-4859-a57d-34d6fac02e20, 488D91B7237C9FDEC56C70D9374C721A2F230821, 8E8E7481FC021BB47B823DDD87C38EB180994263
2025-07-15 19:19:43.569, Remove, 704271ff-72b0-4103-ae68-63528a16bb31, 488D91B7237C9FDEC56C70D9374C721A2F230821, F8FB87BD1A25BD0684B9B409D0A528F256B12056, 77B9AC77EDD5BE54747B66D59377BC615FFCB4F1
2025-07-15 19:19:43.612, FindNode, 5bb45426-1e93-4523-af0f-da25f47db2a4, ADC0E723DF6E376068DC6BEFDD59C00882974E21, F8FB87BD1A25BD0684B9B409D0A528F256B12056
2025-07-15 19:19:43.613, ReplyFindNode, 5bb45426-1e93-4523-af0f-da25f47db2a4, ADC0E723DF6E376068DC6BEFDD59C00882974E21, 488D91B7237C9FDEC56C70D9374C721A2F230821
2025-07-15 19:19:43.704, ReplyRemove, 704271ff-72b0-4103-ae68-63528a16bb31, ADC0E723DF6E376068DC6BEFDD59C00882974E21
2025-07-15 19:19:44.068, Lookup, ce0173c0-de10-4f62-9d13-21f1a2ce2a74, 7BB3577E7F5595B494687818149EE168FEBC2C03, E0FA1E729C81CAB1D1F71449C4DEFDC7C2089D1D
2025-07-15 19:19:44.112, FindNode, c59fe714-4610-4f9f-a12b-1716b4049322, ADC0E723DF6E376068DC6BEFDD59C00882974E21, E0FA1E729C81CAB1D1F71449C4DEFDC7C2089D1D
2025-07-15 19:19:44.113, ReplyFindNode, c59fe714-4610-4f9f-a12b-1716b4049322, ADC0E723DF6E376068DC6BEFDD59C00882974E21, 488D91B7237C9FDEC56C70D9374C721A2F230821
2025-07-15 19:19:44.288, ReplyLookup, ce0173c0-de10-4f62-9d13-21f1a2ce2a74, ADC0E723DF6E376068DC6BEFDD59C00882974E21,
2025-07-15 19:19:46.651, FindNode, f6c6d9c4-8ddc-4095-bc8e-36b865f24ff7, 488D91B7237C9FDEC56C70D9374C721A2F230821, 488D91B7237C9FDEC56C70D9B74C721A2F230821
2025-07-15 19:19:46.651, ReplyFindNode, f6c6d9c4-8ddc-4095-bc8e-36b865f24ff7, 488D91B7237C9FDEC56C70D9374C721A2F230821, 7BB3577E7F5595B494687818149EE168FEBC2C03
2025-07-15 19:19:50.587, FindNode, f9de8c83-ecca-40de-ac94-2a013962d37e, 7BB3577E7F5595B494687818149EE168FEBC2C03, 7BB3577E7F5595B494687818149EE16CFEBC2C03
2025-07-15 19:19:50.587, ReplyFindNode, f9de8c83-ecca-40de-ac94-2a013962d37e, 7BB3577E7F5595B494687818149EE168FEBC2C03, ADC0E723DF6E376068DC6BEFDD59C00882974E21
2025-07-15 19:19:54.110, FindNode, f8ec26ef-f91c-4b0c-b78d-02425ab03ec6, ADC0E723DF6E376068DC6BEFDD59C00882974E21, ADC0E723DF6E376068DC73EFDD59C00882974E21
2025-07-15 19:19:54.110, ReplyFindNode, f8ec26ef-f91c-4b0c-b78d-02425ab03ec6, ADC0E723DF6E376068DC6BEFDD59C00882974E21, 488D91B7237C9FDEC56C70D9374C721A2F230821
2025-07-15 19:19:58.060, Lookup, 7633a44d-1d7a-45aa-b966-4eacade6525c, ADC0E723DF6E376068DC6BEFDD59C00882974E21, D1EE42497945091A1654B4682DBB8B9E659AB7AA
2025-07-15 19:19:58.106, ReplyLookup, 7633a44d-1d7a-45aa-b966-4eacade6525c, 488D91B7237C9FDEC56C70D9374C721A2F230821, 29D147E150828B31FDA006223A08ABDD566B8504
2025-07-15 19:19:58.569, Lookup, dcf6324e-3538-46ef-b261-e8a8ba8d4e62, 488D91B7237C9FDEC56C70D9374C721A2F230821, 46970298B7C49635134908446D6DD59B87AFD76A
2025-07-15 19:19:58.612, FindNode, 026d9fad-dfd3-4100-9267-ce7bc828424c, ADC0E723DF6E376068DC6BEFDD59C00882974E21, 46970298B7C49635134908446D6DD59B87AFD76A
2025-07-15 19:19:58.613, ReplyFindNode, 026d9fad-dfd3-4100-9267-ce7bc828424c, ADC0E723DF6E376068DC6BEFDD59C00882974E21, 488D91B7237C9FDEC56C70D9374C721A2F230821
2025-07-15 19:19:58.652, FindNode, 20c379cf-f1d1-48d0-bf15-d99fc4d787a3, 488D91B7237C9FDEC56C70D9374C721A2F230821, 488D91B7237C9FDEC57C70D9374C721A2F230821
2025-07-15 19:19:58.652, ReplyFindNode, 20c379cf-f1d1-48d0-bf15-d99fc4d787a3, 488D91B7237C9FDEC56C70D9374C721A2F230821, 7BB3577E7F5595B494687818149EE168FEBC2C03
2025-07-15 19:19:58.789, ReplyLookup, dcf6324e-3538-46ef-b261-e8a8ba8d4e62, ADC0E723DF6E376068DC6BEFDD59C00882974E21, 8E8E7481FC021BB47B823DDD87C38EB180994263
2025-07-15 19:19:59.068, Lookup, eb2eb909-49df-48a6-ad10-17ad0b5bd687, 7BB3577E7F5595B494687818149EE168FEBC2C03, 0D72C8E05CBB0A1D1B6071D976C5CDA18D1A124C
2025-07-15 19:19:59.112, FindNode, 21fd68ee-87b5-4fb7-a88a-a85a2fdf129a, ADC0E723DF6E376068DC6BEFDD59C00882974E21, 0D72C8E05CBB0A1D1B6071D976C5CDA18D1A124C
2025-07-15 19:19:59.113, ReplyFindNode, 21fd68ee-87b5-4fb7-a88a-a85a2fdf129a, ADC0E723DF6E376068DC6BEFDD59C00882974E21, 488D91B7237C9FDEC56C70D9374C721A2F230821
2025-07-15 19:19:59.245, ReplyLookup, eb2eb909-49df-48a6-ad10-17ad0b5bd687, ADC0E723DF6E376068DC6BEFDD59C00882974E21, 7DEB9A3C72639C3BE93B85AE69F74D98F0EF5558
2025-07-15 19:20:02.587, FindNode, e74f65ae-0ade-40d7-ae17-28e982b0b5c2, 7BB3577E7F5595B494687818149EE168FEBC2C03, 7BB3577E7F5D95B494687818149EE168FEBC2C03
2025-07-15 19:20:02.588, ReplyFindNode, e74f65ae-0ade-40d7-ae17-28e982b0b5c2, 7BB3577E7F5595B494687818149EE168FEBC2C03, ADC0E723DF6E376068DC6BEFDD59C00882974E21
2025-07-15 19:20:06.110, FindNode, 1b4ab8db-7149-4a26-9e7b-63a74dbdd34d, ADC0E723DF6E376068DC6BEFDD59C00882974E21, ADC0E723DF6E376068DC6BEFDD59C00882974E41
2025-07-15 19:20:06.111, ReplyFindNode, 1b4ab8db-7149-4a26-9e7b-63a74dbdd34d, ADC0E723DF6E376068DC6BEFDD59C00882974E21, 488D91B7237C9FDEC56C70D9374C721A2F230821
2025-07-15 19:20:10.652, FindNode, 49ee4dab-4d38-44fd-be12-fcfaf9d47777, 488D91B7237C9FDEC56C70D9374C721A2F230821, 488D91B7237C9FDEC56D70D9374C721A2F230821
2025-07-15 19:20:10.653, ReplyFindNode, 49ee4dab-4d38-44fd-be12-fcfaf9d47777, 488D91B7237C9FDEC56C70D9374C721A2F230821, 7BB3577E7F5595B494687818149EE168FEBC2C03
2025-07-15 19:20:13.060, Lookup, 786f9010-b297-41bb-9ced-fab3515bc8b2, ADC0E723DF6E376068DC6BEFDD59C00882974E21, 46970298B7C49635134908446D6DD59B87AFD76A
2025-07-15 19:20:13.106, ReplyLookup, 786f9010-b297-41bb-9ced-fab3515bc8b2, 488D91B7237C9FDEC56C70D9374C721A2F230821, 8E8E7481FC021BB47B823DDD87C38EB180994263
2025-07-15 19:20:13.569, Lookup, bc9b65d0-e4f1-4f85-932d-9c063cdc92cb, 488D91B7237C9FDEC56C70D9374C721A2F230821, D81ABF5B3BB23D0CB80B64502B890DD2AE9651C1
2025-07-15 19:20:13.612, FindNode, be31292b-4bb4-4ff5-8de0-33f77819e8b2, ADC0E723DF6E376068DC6BEFDD59C00882974E21, D81ABF5B3BB23D0CB80B64502B890DD2AE9651C1
2025-07-15 19:20:13.613, ReplyFindNode, be31292b-4bb4-4ff5-8de0-33f77819e8b2, ADC0E723DF6E376068DC6BEFDD59C00882974E21, 488D91B7237C9FDEC56C70D9374C721A2F230821
2025-07-15 19:20:13.788, ReplyLookup, bc9b65d0-e4f1-4f85-932d-9c063cdc92cb, ADC0E723DF6E376068DC6BEFDD59C00882974E21,
2025-07-15 19:20:14.068, Lookup, 00367dac-cf7a-4d56-b644-0e25ac6978ec, 7BB3577E7F5595B494687818149EE168FEBC2C03, 0D72C8E05CBB0A1D1B6071D976C5CDA18D1A124C
2025-07-15 19:20:14.112, FindNode, 16340a32-7428-47b4-be38-2652a793c709, ADC0E723DF6E376068DC6BEFDD59C00882974E21, 0D72C8E05CBB0A1D1B6071D976C5CDA18D1A124C
2025-07-15 19:20:14.113, ReplyFindNode, 16340a32-7428-47b4-be38-2652a793c709, ADC0E723DF6E376068DC6BEFDD59C00882974E21, 488D91B7237C9FDEC56C70D9374C721A2F230821
2025-07-15 19:20:14.245, ReplyLookup, 00367dac-cf7a-4d56-b644-0e25ac6978ec, ADC0E723DF6E376068DC6BEFDD59C00882974E21, 7DEB9A3C72639C3BE93B85AE69F74D98F0EF5558
2025-07-15 19:20:14.588, FindNode, f0dabf10-554c-4948-bd23-aa3aa6c24dbd, 7BB3577E7F5595B494687818149EE168FEBC2C03, 7FB3577E7F5595B494687818149EE168FEBC2C03
2025-07-15 19:20:14.588, ReplyFindNode, f0dabf10-554c-4948-bd23-aa3aa6c24dbd, 7BB3577E7F5595B494687818149EE168FEBC2C03, ADC0E723DF6E376068DC6BEFDD59C00882974E21
2025-07-15 19:20:14.747, EndStableRegimen
2025-07-15 19:20:15.183, Fail, 27894314-b4e7-484b-8dbb-7d2a1bd098aa, 488D91B7237C9FDEC56C70D9374C721A2F230821
2025-07-15 19:20:15.678, MARK FAIL openchord-2
2025-07-15 19:20:16.170, StartStableRegimen
2025-07-15 19:20:18.111, FindNode, 98b5d17b-34ca-4921-a2cc-7b08172dd7cb, ADC0E723DF6E376068DC6BEFDD59C00882974E21, ADC10723DF6E376068DC6BEFDD59C00882974E21
2025-07-15 19:20:18.112, ReplyFindNode, 98b5d17b-34ca-4921-a2cc-7b08172dd7cb, ADC0E723DF6E376068DC6BEFDD59C00882974E21, 488D91B7237C9FDEC56C70D9374C721A2F230821
2025-07-15 19:20:26.589, FindNode, b9c74770-abf8-467d-854d-9989ce9c7d91, 7BB3577E7F5595B494687818149EE168FEBC2C03, 7BB3577E7F5595B494687818149EE968FEBC2C03
2025-07-15 19:20:26.589, ReplyFindNode, b9c74770-abf8-467d-854d-9989ce9c7d91, 7BB3577E7F5595B494687818149EE168FEBC2C03, ADC0E723DF6E376068DC6BEFDD59C00882974E21
2025-07-15 19:20:28.060, Lookup, 43aebc0f-2c5c-433d-890a-76dff66c3eaa, ADC0E723DF6E376068DC6BEFDD59C00882974E21, D1EE42497945091A1654B4682DBB8B9E659AB7AA
2025-07-15 19:20:28.105, ReplyLookup, 43aebc0f-2c5c-433d-890a-76dff66c3eaa, 7BB3577E7F5595B494687818149EE168FEBC2C03,
2025-07-15 19:20:29.068, Lookup, 14e51fc5-2cd1-42e0-93d1-8ebf9b766ecc, 7BB3577E7F5595B494687818149EE168FEBC2C03, 0D72C8E05CBB0A1D1B6071D976C5CDA18D1A124C
2025-07-15 19:20:29.112, FindNode, 1191b7b3-104a-49e0-80d5-c75a22942cb7, ADC0E723DF6E376068DC6BEFDD59C00882974E21, 0D72C8E05CBB0A1D1B6071D976C5CDA18D1A124C
2025-07-15 19:20:29.113, ReplyFindNode, 1191b7b3-104a-49e0-80d5-c75a22942cb7, ADC0E723DF6E376068DC6BEFDD59C00882974E21, 7BB3577E7F5595B494687818149EE168FEBC2C03
2025-07-15 19:20:29.244, ReplyLookup, 14e51fc5-2cd1-42e0-93d1-8ebf9b766ecc, ADC0E723DF6E376068DC6BEFDD59C00882974E21,
2025-07-15 19:20:30.112, FindNode, 5fdcbfbc-e5dd-40a0-9a7f-1ccfed58c2c5, ADC0E723DF6E376068DC6BEFDD59C00882974E21, ADC0E723DF6E376068DC6BEFDD59C00882D74E21
2025-07-15 19:20:30.112, ReplyFindNode, 5fdcbfbc-e5dd-40a0-9a7f-1ccfed58c2c5, ADC0E723DF6E376068DC6BEFDD59C00882974E21, 7BB3577E7F5595B494687818149EE168FEBC2C03
2025-07-15 19:20:38.590, FindNode, fed794a3-101e-4f18-b317-f9b0af7ff094, 7BB3577E7F5595B494687818149EE168FEBC2C03, 7BB3597E7F5595B494687818149EE168FEBC2C03
2025-07-15 19:20:38.590, ReplyFindNode, fed794a3-101e-4f18-b317-f9b0af7ff094, 7BB3577E7F5595B494687818149EE168FEBC2C03, ADC0E723DF6E376068DC6BEFDD59C00882974E21
2025-07-15 19:20:42.113, FindNode, f8a670b8-d0ea-4d01-9f83-51f4a8c54d50, ADC0E723DF6E376068DC6BEFDD59C00882974E21, ADC0E723DF6E376068DC6BEFDD59C00882B74E21
2025-07-15 19:20:42.113, ReplyFindNode, f8a670b8-d0ea-4d01-9f83-51f4a8c54d50, ADC0E723DF6E376068DC6BEFDD59C00882974E21, 7BB3577E7F5595B494687818149EE168FEBC2C03
2025-07-15 19:20:43.061, Remove, 89f0cc78-b279-45d6-b845-824c63425c7c, ADC0E723DF6E376068DC6BEFDD59C00882974E21, D1EE42497945091A1654B4682DBB8B9E659AB7AA, 29D147E150828B31FDA006223A08ABDD566B8504
2025-07-15 19:20:43.104, ReplyRemove, 89f0cc78-b279-45d6-b845-824c63425c7c, 7BB3577E7F5595B494687818149EE168FEBC2C03
2025-07-15 19:20:44.069, Lookup, 7346e505-af09-4542-a540-b0a0b8c0c2ba, 7BB3577E7F5595B494687818149EE168FEBC2C03, 0D72C8E05CBB0A1D1B6071D976C5CDA18D1A124C
2025-07-15 19:20:44.112, FindNode, 2fd80c32-8145-4482-8b6f-c643f8a6e0c2, ADC0E723DF6E376068DC6BEFDD59C00882974E21, 0D72C8E05CBB0A1D1B6071D976C5CDA18D1A124C
2025-07-15 19:20:44.113, ReplyFindNode, 2fd80c32-8145-4482-8b6f-c643f8a6e0c2, ADC0E723DF6E376068DC6BEFDD59C00882974E21, 7BB3577E7F5595B494687818149EE168FEBC2C03
2025-07-15 19:20:44.244, ReplyLookup, 7346e505-af09-4542-a540-b0a0b8c0c2ba, ADC0E723DF6E376068DC6BEFDD59C00882974E21,
2025-07-15 19:20:50.590, FindNode, aaf68b0e-4b3e-414c-8f48-923fca8ebc0a, 7BB3577E7F5595B494687818149EE168FEBC2C03, 7BB3577E7F5595B494687818149EE168FEBC4C03
2025-07-15 19:20:50.590, ReplyFindNode, aaf68b0e-4b3e-414c-8f48-923fca8ebc0a, 7BB3577E7F5595B494687818149EE168FEBC2C03, ADC0E723DF6E376068DC6BEFDD59C00882974E21
2025-07-15 19:20:54.113, FindNode, 0f88df8d-2e7e-4cfd-a018-a0dc54b45a1e, ADC0E723DF6E376068DC6BEFDD59C00882974E21, ADC0E723DF6E376068DC6BEFDD59C04882974E21
2025-07-15 19:20:54.113, ReplyFindNode, 0f88df8d-2e7e-4cfd-a018-a0dc54b45a1e, ADC0E723DF6E376068DC6BEFDD59C00882974E21, 7BB3577E7F5595B494687818149EE168FEBC2C03
2025-07-15 19:20:58.062, Lookup, 8611dcec-02f6-463d-b91e-251120a906fd, ADC0E723DF6E376068DC6BEFDD59C00882974E21, 4CB5B57F811220A0F1B25807BEDD7A96F18914DA
2025-07-15 19:20:58.105, ReplyLookup, 8611dcec-02f6-463d-b91e-251120a906fd, 7BB3577E7F5595B494687818149EE168FEBC2C03,
2025-07-15 19:20:59.070, Lookup, 3ccd0acc-03c2-434e-bb74-80d294b8d25f, 7BB3577E7F5595B494687818149EE168FEBC2C03, 0D72C8E05CBB0A1D1B6071D976C5CDA18D1A124C
2025-07-15 19:20:59.112, FindNode, dbf4586f-96ab-43c6-8dd6-2ac7d9a3fbff, ADC0E723DF6E376068DC6BEFDD59C00882974E21, 0D72C8E05CBB0A1D1B6071D976C5CDA18D1A124C
2025-07-15 19:20:59.113, ReplyFindNode, dbf4586f-96ab-43c6-8dd6-2ac7d9a3fbff, ADC0E723DF6E376068DC6BEFDD59C00882974E21, 7BB3577E7F5595B494687818149EE168FEBC2C03
2025-07-15 19:20:59.244, ReplyLookup, 3ccd0acc-03c2-434e-bb74-80d294b8d25f, ADC0E723DF6E376068DC6BEFDD59C00882974E21,
2025-07-15 19:21:02.591, FindNode, 673ffdec-42d1-4708-acbb-1c4ad1c020c0, 7BB3577E7F5595B494687818149EE168FEBC2C03, 7BB3577E7F6595B494687818149EE168FEBC2C03
2025-07-15 19:21:02.591, ReplyFindNode, 673ffdec-42d1-4708-acbb-1c4ad1c020c0, 7BB3577E7F5595B494687818149EE168FEBC2C03, ADC0E723DF6E376068DC6BEFDD59C00882974E21
2025-07-15 19:21:06.114, FindNode, 75c31311-a476-40b5-8412-6ea340bc3136, ADC0E723DF6E376068DC6BEFDD59C00882974E21, ADC0E723DF6E376068DC6BEFDD59C80882974E21
2025-07-15 19:21:06.114, ReplyFindNode, 75c31311-a476-40b5-8412-6ea340bc3136, ADC0E723DF6E376068DC6BEFDD59C00882974E21, 7BB3577E7F5595B494687818149EE168FEBC2C03
2025-07-15 19:21:13.061, Lookup, 9805387f-d685-4151-9852-8b9922927b9b, ADC0E723DF6E376068DC6BEFDD59C00882974E21, 46970298B7C49635134908446D6DD59B87AFD76A
2025-07-15 19:21:13.070, ReplyLookup, 9805387f-d685-4151-9852-8b9922927b9b, 7BB3577E7F5595B494687818149EE168FEBC2C03,
2025-07-15 19:21:14.070, Lookup, d39302b8-c348-40e8-bb91-e21e901ae1eb, 7BB3577E7F5595B494687818149EE168FEBC2C03, 26613E766BFA6AABB037628873F09AEA94A876A2
2025-07-15 19:21:14.113, FindNode, d5a1b086-ae73-4dcd-a0c1-cfce3ccc1d9e, ADC0E723DF6E376068DC6BEFDD59C00882974E21, 26613E766BFA6AABB037628873F09AEA94A876A2
2025-07-15 19:21:14.113, ReplyFindNode, d5a1b086-ae73-4dcd-a0c1-cfce3ccc1d9e, ADC0E723DF6E376068DC6BEFDD59C00882974E21, 7BB3577E7F5595B494687818149EE168FEBC2C03
2025-07-15 19:21:14.244, ReplyLookup, d39302b8-c348-40e8-bb91-e21e901ae1eb, ADC0E723DF6E376068DC6BEFDD59C00882974E21,
2025-07-15 19:21:14.591, FindNode, 0c1bd98a-6b1c-4082-aca3-71e71589fc7f, 7BB3577E7F5595B494687818149EE168FEBC2C03, 7BB3577E9F5595B494687818149EE168FEBC2C03
2025-07-15 19:21:14.592, ReplyFindNode, 0c1bd98a-6b1c-4082-aca3-71e71589fc7f, 7BB3577E7F5595B494687818149EE168FEBC2C03, ADC0E723DF6E376068DC6BEFDD59C00882974E21
2025-07-15 19:21:18.115, FindNode, cf136de4-4b3f-418f-837e-135f5616fc69, ADC0E723DF6E376068DC6BEFDD59C00882974E21, ADC0E723DF6E376068DC6BF3DD59C00882974E21
2025-07-15 19:21:18.115, ReplyFindNode, cf136de4-4b3f-418f-837e-135f5616fc69, ADC0E723DF6E376068DC6BEFDD59C00882974E21, 7BB3577E7F5595B494687818149EE168FEBC2C03
2025-07-15 19:21:26.592, FindNode, aeda1f22-7043-4cc2-aa22-b8b04662f223, 7BB3577E7F5595B494687818149EE168FEBC2C03, 7BB3577EBF5595B494687818149EE168FEBC2C03
2025-07-15 19:21:26.592, ReplyFindNode, aeda1f22-7043-4cc2-aa22-b8b04662f223, 7BB3577E7F5595B494687818149EE168FEBC2C03, ADC0E723DF6E376068DC6BEFDD59C00882974E21
2025-07-15 19:21:28.062, Store, 04215a04-564f-43aa-adca-b73fb354fce1, ADC0E723DF6E376068DC6BEFDD59C00882974E21, EF461A172E10E6EA07A5D3337222C447C1BE57F1, 42B8EDF71004DC216629DBDFC221E7E33A024619
2025-07-15 19:21:28.064, ReplyStore, 04215a04-564f-43aa-adca-b73fb354fce1, 7BB3577E7F5595B494687818149EE168FEBC2C03
2025-07-15 19:21:29.071, Lookup, 379abc42-405c-4457-9ac3-903540c6e3d8, 7BB3577E7F5595B494687818149EE168FEBC2C03, 8953B8A7BD064050D5F41F201FF0FB3049A97373
2025-07-15 19:21:29.113, ReplyLookup, 379abc42-405c-4457-9ac3-903540c6e3d8, ADC0E723DF6E376068DC6BEFDD59C00882974E21,
2025-07-15 19:21:30.115, FindNode, 64dfb0ed-b9b7-4adc-9e1a-b143b25b3c3e, ADC0E723DF6E376068DC6BEFDD59C00882974E21, ADC0EB23DF6E376068DC6BEFDD59C00882974E21
2025-07-15 19:21:30.115, ReplyFindNode, 64dfb0ed-b9b7-4adc-9e1a-b143b25b3c3e, ADC0E723DF6E376068DC6BEFDD59C00882974E21, 7BB3577E7F5595B494687818149EE168FEBC2C03
2025-07-15 19:21:38.593, FindNode, 7a9fd87c-5dc9-4968-8278-5469708e9caa, 7BB3577E7F5595B494687818149EE168FEBC2C03, 7BB3577E7F5595B494687C18149EE168FEBC2C03
2025-07-15 19:21:38.593, ReplyFindNode, 7a9fd87c-5dc9-4968-8278-5469708e9caa, 7BB3577E7F5595B494687818149EE168FEBC2C03, ADC0E723DF6E376068DC6BEFDD59C00882974E21
2025-07-15 19:21:42.116, FindNode, ad4c608c-7907-4cec-85cb-84dcb54061cd, ADC0E723DF6E376068DC6BEFDD59C00882974E21, ADC0E723DF6E376069DC6BEFDD59C00882974E21
2025-07-15 19:21:42.116, ReplyFindNode, ad4c608c-7907-4cec-85cb-84dcb54061cd, ADC0E723DF6E376068DC6BEFDD59C00882974E21, 7BB3577E7F5595B494687818149EE168FEBC2C03
2025-07-15 19:21:43.062, Store, a543a222-bf8a-4228-9f35-9c4ea976b713, ADC0E723DF6E376068DC6BEFDD59C00882974E21, C8B8B30DF9CCAF9240BC5E19F2C3A9263EB56B68, 1E9857830CC4CD5742B26F45710A8537190E914C
2025-07-15 19:21:43.104, ReplyStore, a543a222-bf8a-4228-9f35-9c4ea976b713, 7BB3577E7F5595B494687818149EE168FEBC2C03
2025-07-15 19:21:44.072, Store, 18a21967-42bf-41e1-a7c1-49128b41b20a, 7BB3577E7F5595B494687818149EE168FEBC2C03, 0F10C12292978628EC49BB62F7D445E8E99F3C25, 580A928439F2EFF0F5ED81454EBF7EE7EFE93F21
2025-07-15 19:21:44.116, FindNode, 1270fe21-2aa7-4c80-af87-7f6dfa043914, ADC0E723DF6E376068DC6BEFDD59C00882974E21, 0F10C12292978628EC49BB62F7D445E8E99F3C25
2025-07-15 19:21:44.117, ReplyFindNode, 1270fe21-2aa7-4c80-af87-7f6dfa043914, ADC0E723DF6E376068DC6BEFDD59C00882974E21, 7BB3577E7F5595B494687818149EE168FEBC2C03
2025-07-15 19:21:44.208, ReplyStore, 18a21967-42bf-41e1-a7c1-49128b41b20a, ADC0E723DF6E376068DC6BEFDD59C00882974E21
2025-07-15 19:21:50.593, FindNode, beac6410-5ee7-4d93-a4ba-7a96ac4f8921, 7BB3577E7F5595B494687818149EE168FEBC2C03, 7BB3577E7F5595B494687818149EE168FEBC2C05
2025-07-15 19:21:50.593, ReplyFindNode, beac6410-5ee7-4d93-a4ba-7a96ac4f8921, 7BB3577E7F5595B494687818149EE168FEBC2C03, ADC0E723DF6E376068DC6BEFDD59C00882974E21
2025-07-15 19:21:54.116, FindNode, c8d24f57-84e6-48b1-a28f-71142a909129, ADC0E723DF6E376068DC6BEFDD59C00882974E21, AE00E723DF6E376068DC6BEFDD59C00882974E21
2025-07-15 19:21:54.117, ReplyFindNode, c8d24f57-84e6-48b1-a28f-71142a909129, ADC0E723DF6E376068DC6BEFDD59C00882974E21, 7BB3577E7F5595B494687818149EE168FEBC2C03
2025-07-15 19:21:58.062, Remove, 9ac3b510-51d1-4ef2-a78f-41d8f3b3fd3e, ADC0E723DF6E376068DC6BEFDD59C00882974E21, 46970298B7C49635134908446D6DD59B87AFD76A, 8E8E7481FC021BB47B823DDD87C38EB180994263
2025-07-15 19:21:58.064, ReplyRemove, 9ac3b510-51d1-4ef2-a78f-41d8f3b3fd3e, 7BB3577E7F5595B494687818149EE168FEBC2C03
2025-07-15 19:21:59.072, Lookup, d50d53da-94cc-4c24-bcfb-2f5c703604c7, 7BB3577E7F5595B494687818149EE168FEBC2C03, 0D72C8E05CBB0A1D1B6071D976C5CDA18D1A124C
2025-07-15 19:21:59.116, FindNode, d87da854-4e4d-4df9-b499-d3cd51409c76, ADC0E723DF6E376068DC6BEFDD59C00882974E21, 0D72C8E05CBB0A1D1B6071D976C5CDA18D1A124C
2025-07-15 19:21:59.117, ReplyFindNode, d87da854-4e4d-4df9-b499-d3cd51409c76, ADC0E723DF6E376068DC6BEFDD59C00882974E21, 7BB3577E7F5595B494687818149EE168FEBC2C03
2025-07-15 19:21:59.248, ReplyLookup, d50d53da-94cc-4c24-bcfb-2f5c703604c7, ADC0E723DF6E376068DC6BEFDD59C00882974E21,
2025-07-15 19:22:02.594, FindNode, a6d00dcb-8ddd-41c5-ac4e-bcebc05189b8, 7BB3577E7F5595B494687818149EE168FEBC2C03, 7BB3577E7F5595B496687818149EE168FEBC2C03
2025-07-15 19:22:02.594, ReplyFindNode, a6d00dcb-8ddd-41c5-ac4e-bcebc05189b8, 7BB3577E7F5595B494687818149EE168FEBC2C03, ADC0E723DF6E376068DC6BEFDD59C00882974E21
2025-07-15 19:22:06.117, FindNode, d8794a8d-aa43-4106-8c9a-9222546faa22, ADC0E723DF6E376068DC6BEFDD59C00882974E21, ADC0E723E36E376068DC6BEFDD59C00882974E21
2025-07-15 19:22:06.117, ReplyFindNode, d8794a8d-aa43-4106-8c9a-9222546faa22, ADC0E723DF6E376068DC6BEFDD59C00882974E21, 7BB3577E7F5595B494687818149EE168FEBC2C03
2025-07-15 19:22:13.062, Lookup, abb0121a-ac44-4d9e-b079-764f6d76aaff, ADC0E723DF6E376068DC6BEFDD59C00882974E21, C8B8B30DF9CCAF9240BC5E19F2C3A9263EB56B68
2025-07-15 19:22:13.106, ReplyLookup, abb0121a-ac44-4d9e-b079-764f6d76aaff, 7BB3577E7F5595B494687818149EE168FEBC2C03, 1E9857830CC4CD5742B26F45710A8537190E914C
2025-07-15 19:22:14.073, Lookup, 52dc9b76-38be-4a77-89e8-fe71d447dfd2, 7BB3577E7F5595B494687818149EE168FEBC2C03, F283F65B4F3BC43D5CDE609449592EF014AD317E
2025-07-15 19:22:14.116, FindNode, 26b1f960-88eb-4d8c-aafb-76057d0171fa, ADC0E723DF6E376068DC6BEFDD59C00882974E21, F283F65B4F3BC43D5CDE609449592EF014AD317E
2025-07-15 19:22:14.117, ReplyFindNode, 26b1f960-88eb-4d8c-aafb-76057d0171fa, ADC0E723DF6E376068DC6BEFDD59C00882974E21, 7BB3577E7F5595B494687818149EE168FEBC2C03
2025-07-15 19:22:14.248, ReplyLookup, 52dc9b76-38be-4a77-89e8-fe71d447dfd2, ADC0E723DF6E376068DC6BEFDD59C00882974E21,
2025-07-15 19:22:14.594, FindNode, 041a0a72-d5a9-4b9c-9d39-fe977c9230db, 7BB3577E7F5595B494687818149EE168FEBC2C03, 7BB3577E7F5595B494687818169EE168FEBC2C03
2025-07-15 19:22:14.595, ReplyFindNode, 041a0a72-d5a9-4b9c-9d39-fe977c9230db, 7BB3577E7F5595B494687818149EE168FEBC2C03, ADC0E723DF6E376068DC6BEFDD59C00882974E21
2025-07-15 19:22:18.118, FindNode, da5c167f-211c-4c64-9669-d9ce9de1fc08, ADC0E723DF6E376068DC6BEFDD59C00882974E21, ADC1E723DF6E376068DC6BEFDD59C00882974E21
2025-07-15 19:22:18.118, ReplyFindNode, da5c167f-211c-4c64-9669-d9ce9de1fc08, ADC0E723DF6E376068DC6BEFDD59C00882974E21, 7BB3577E7F5595B494687818149EE168FEBC2C03
2025-07-15 19:22:26.595, FindNode, debf2572-ba47-4919-b9e5-910af46a2399, 7BB3577E7F5595B494687818149EE168FEBC2C03, 9BB3577E7F5595B494687818149EE168FEBC2C03
2025-07-15 19:22:26.595, ReplyFindNode, debf2572-ba47-4919-b9e5-910af46a2399, 7BB3577E7F5595B494687818149EE168FEBC2C03, ADC0E723DF6E376068DC6BEFDD59C00882974E21
2025-07-15 19:22:28.071, Store, 711862fb-ac92-4d4a-bb76-93eee94f22c1, ADC0E723DF6E376068DC6BEFDD59C00882974E21, E263E59015CD7056609B58E9B1CD834BB5FFC60D, 80467EFB49B2CE0A052DCC4EBF90572E29B7934F
2025-07-15 19:22:28.081, ReplyStore, 711862fb-ac92-4d4a-bb76-93eee94f22c1, 7BB3577E7F5595B494687818149EE168FEBC2C03
2025-07-15 19:22:29.075, Lookup, 8ce0de6f-54b0-4e72-b926-022a68ec155b, 7BB3577E7F5595B494687818149EE168FEBC2C03, F283F65B4F3BC43D5CDE609449592EF014AD317E
2025-07-15 19:22:29.120, FindNode, a487d64a-034f-4328-9f06-101533058107, ADC0E723DF6E376068DC6BEFDD59C00882974E21, F283F65B4F3BC43D5CDE609449592EF014AD317E
2025-07-15 19:22:29.121, ReplyFindNode, a487d64a-034f-4328-9f06-101533058107, ADC0E723DF6E376068DC6BEFDD59C00882974E21, 7BB3577E7F5595B494687818149EE168FEBC2C03
2025-07-15 19:22:29.252, ReplyLookup, 8ce0de6f-54b0-4e72-b926-022a68ec155b, ADC0E723DF6E376068DC6BEFDD59C00882974E21,
2025-07-15 19:22:30.120, FindNode, 4cf38b05-4340-4339-b1f3-1b87fdebfee1, ADC0E723DF6E376068DC6BEFDD59C00882974E21, ADC12723DF6E376068DC6BEFDD59C00882974E21
2025-07-15 19:22:30.120, ReplyFindNode, 4cf38b05-4340-4339-b1f3-1b87fdebfee1, ADC0E723DF6E376068DC6BEFDD59C00882974E21, 7BB3577E7F5595B494687818149EE168FEBC2C03
2025-07-15 19:22:38.596, FindNode, 9c6d79bc-8bce-43eb-b40b-b7fafbbe2a50, 7BB3577E7F5595B494687818149EE168FEBC2C03, 7DB3577E7F5595B494687818149EE168FEBC2C03
2025-07-15 19:22:38.596, ReplyFindNode, 9c6d79bc-8bce-43eb-b40b-b7fafbbe2a50, 7BB3577E7F5595B494687818149EE168FEBC2C03, ADC0E723DF6E376068DC6BEFDD59C00882974E21
2025-07-15 19:22:42.120, FindNode, 3722130f-b7cd-4063-bb60-7043e1cb50d3, ADC0E723DF6E376068DC6BEFDD59C00882974E21, ADC0E723DF6E376068DC6BEFDD59C00882A74E21
2025-07-15 19:22:42.121, ReplyFindNode, 3722130f-b7cd-4063-bb60-7043e1cb50d3, ADC0E723DF6E376068DC6BEFDD59C00882974E21, 7BB3577E7F5595B494687818149EE168FEBC2C03
2025-07-15 19:22:43.066, Lookup, b7ef93bf-6278-4607-9789-91a452bfb3e3, ADC0E723DF6E376068DC6BEFDD59C00882974E21, EF461A172E10E6EA07A5D3337222C447C1BE57F1
2025-07-15 19:22:43.110, ReplyLookup, b7ef93bf-6278-4607-9789-91a452bfb3e3, 7BB3577E7F5595B494687818149EE168FEBC2C03, 42B8EDF71004DC216629DBDFC221E7E33A024619
2025-07-15 19:22:44.076, Lookup, 246e1e58-cadd-4bd3-a9d6-827c89405075, 7BB3577E7F5595B494687818149EE168FEBC2C03, BE3862AEB1338B90C0556BD3B1843470B831D205
2025-07-15 19:22:44.120, FindNode, 57605611-f9d3-4dfd-92b2-d9244376e388, ADC0E723DF6E376068DC6BEFDD59C00882974E21, BE3862AEB1338B90C0556BD3B1843470B831D205
2025-07-15 19:22:44.121, ReplyFindNode, 57605611-f9d3-4dfd-92b2-d9244376e388, ADC0E723DF6E376068DC6BEFDD59C00882974E21, 7BB3577E7F5595B494687818149EE168FEBC2C03
2025-07-15 19:22:44.252, ReplyLookup, 246e1e58-cadd-4bd3-a9d6-827c89405075, ADC0E723DF6E376068DC6BEFDD59C00882974E21,
2025-07-15 19:22:50.596, FindNode, f362c34f-e4b3-4ad3-8a28-34fcc9861dd2, 7BB3577E7F5595B494687818149EE168FEBC2C03, 7BB3577E7F5995B494687818149EE168FEBC2C03
2025-07-15 19:22:50.597, ReplyFindNode, f362c34f-e4b3-4ad3-8a28-34fcc9861dd2, 7BB3577E7F5595B494687818149EE168FEBC2C03, ADC0E723DF6E376068DC6BEFDD59C00882974E21
2025-07-15 19:22:54.121, FindNode, 58363661-9653-47ee-b49b-adc5af0d8bba, ADC0E723DF6E376068DC6BEFDD59C00882974E21, ADC0E723E36E376068DC6BEFDD59C00882974E21
2025-07-15 19:22:54.121, ReplyFindNode, 58363661-9653-47ee-b49b-adc5af0d8bba, ADC0E723DF6E376068DC6BEFDD59C00882974E21, 7BB3577E7F5595B494687818149EE168FEBC2C03
2025-07-15 19:22:58.066, Lookup, 02e7a8ff-dce7-45f8-99a7-d6f940902e31, ADC0E723DF6E376068DC6BEFDD59C00882974E21, C8B8B30DF9CCAF9240BC5E19F2C3A9263EB56B68
2025-07-15 19:22:58.110, ReplyLookup, 02e7a8ff-dce7-45f8-99a7-d6f940902e31, 7BB3577E7F5595B494687818149EE168FEBC2C03, 1E9857830CC4CD5742B26F45710A8537190E914C
2025-07-15 19:22:59.077, Store, d1526392-8d73-4c47-a7f2-3475edbd0986, 7BB3577E7F5595B494687818149EE168FEBC2C03, 0C0D55BB44BDD82AE345763EE07A0F2640389669, B6D5D2F8B36E629C224D81AD2915EDDE5CA1049C
2025-07-15 19:22:59.120, FindNode, a895c7e1-5b9e-4441-ac8a-0e22e95f98d8, ADC0E723DF6E376068DC6BEFDD59C00882974E21, 0C0D55BB44BDD82AE345763EE07A0F2640389669
2025-07-15 19:22:59.121, ReplyFindNode, a895c7e1-5b9e-4441-ac8a-0e22e95f98d8, ADC0E723DF6E376068DC6BEFDD59C00882974E21, 7BB3577E7F5595B494687818149EE168FEBC2C03
2025-07-15 19:22:59.212, ReplyStore, d1526392-8d73-4c47-a7f2-3475edbd0986, ADC0E723DF6E376068DC6BEFDD59C00882974E21
2025-07-15 19:23:02.597, FindNode, 0113010d-8ebe-4e04-b027-763c3e8ba472, 7BB3577E7F5595B494687818149EE168FEBC2C03, 7BB3577E9F5595B494687818149EE168FEBC2C03
2025-07-15 19:23:02.597, ReplyFindNode, 0113010d-8ebe-4e04-b027-763c3e8ba472, 7BB3577E7F5595B494687818149EE168FEBC2C03, ADC0E723DF6E376068DC6BEFDD59C00882974E21
2025-07-15 19:23:06.122, FindNode, cfa2319e-3291-4e1a-b39f-ec98294e4c21, ADC0E723DF6E376068DC6BEFDD59C00882974E21, ADC0E723DF6E376068DC6BEFDD59C00884974E21
2025-07-15 19:23:06.122, ReplyFindNode, cfa2319e-3291-4e1a-b39f-ec98294e4c21, ADC0E723DF6E376068DC6BEFDD59C00882974E21, 7BB3577E7F5595B494687818149EE168FEBC2C03
2025-07-15 19:23:13.066, Lookup, f8b0c068-fa57-4bac-964b-5afe03d16ea4, ADC0E723DF6E376068DC6BEFDD59C00882974E21, 639190DE79C7E1D926DD6F874D7E068F9F108E3F
2025-07-15 19:23:13.109, ReplyLookup, f8b0c068-fa57-4bac-964b-5afe03d16ea4, 7BB3577E7F5595B494687818149EE168FEBC2C03,
2025-07-15 19:23:14.077, Lookup, 71dee5dd-5d8f-4bc6-ac8c-1aca053aae55, 7BB3577E7F5595B494687818149EE168FEBC2C03, 663FA5C146D4E62D872BDDAF4EECA1C34E6390B9
2025-07-15 19:23:14.120, FindNode, bb2cf4b0-890c-4096-8672-b762e2c603b6, ADC0E723DF6E376068DC6BEFDD59C00882974E21, 663FA5C146D4E62D872BDDAF4EECA1C34E6390B9
2025-07-15 19:23:14.121, ReplyFindNode, bb2cf4b0-890c-4096-8672-b762e2c603b6, ADC0E723DF6E376068DC6BEFDD59C00882974E21, 7BB3577E7F5595B494687818149EE168FEBC2C03
2025-07-15 19:23:14.252, ReplyLookup, 71dee5dd-5d8f-4bc6-ac8c-1aca053aae55, ADC0E723DF6E376068DC6BEFDD59C00882974E21,
2025-07-15 19:23:14.598, FindNode, 76da0666-ff10-4574-b830-087f48296841, 7BB3577E7F5595B494687818149EE168FEBC2C03, 7BB3577E7F5595B494687818149EE168FEBC2C43
2025-07-15 19:23:14.598, ReplyFindNode, 76da0666-ff10-4574-b830-087f48296841, 7BB3577E7F5595B494687818149EE168FEBC2C03, ADC0E723DF6E376068DC6BEFDD59C00882974E21
2025-07-15 19:23:17.845, EndReadWriteRegimen
2025-07-15 19:23:18.122, FindNode, daf3c906-4484-4fdf-9de9-8dcb79559902, ADC0E723DF6E376068DC6BEFDD59C00882974E21, ADC4E723DF6E376068DC6BEFDD59C00882974E21
2025-07-15 19:23:18.123, ReplyFindNode, daf3c906-4484-4fdf-9de9-8dcb79559902, ADC0E723DF6E376068DC6BEFDD59C00882974E21, 7BB3577E7F5595B494687818149EE168FEBC2C03
2025-07-15 19:23:26.598, FindNode, b6a84966-0922-4e06-a2a3-3bc2c6c066e8, 7BB3577E7F5595B494687818149EE168FEBC2C03, 7BB3577E7F5595B494687818149EE16902BC2C03
2025-07-15 19:23:26.599, ReplyFindNode, b6a84966-0922-4e06-a2a3-3bc2c6c066e8, 7BB3577E7F5595B494687818149EE168FEBC2C03, ADC0E723DF6E376068DC6BEFDD59C00882974E21
2025-07-15 19:23:30.123, FindNode, 1e5d7723-68f9-4326-a863-a3f91128af96, ADC0E723DF6E376068DC6BEFDD59C00882974E21, ADC0E723DF6E376068DC6BEFDD59C00882975621
2025-07-15 19:23:30.123, ReplyFindNode, 1e5d7723-68f9-4326-a863-a3f91128af96, ADC0E723DF6E376068DC6BEFDD59C00882974E21, 7BB3577E7F5595B494687818149EE168FEBC2C03
2025-07-15 19:23:38.599, FindNode, 9298e7a0-72f8-4ad0-89e8-38963fef0dbd, 7BB3577E7F5595B494687818149EE168FEBC2C03, 7BB3577E7F5595B49468781814AEE168FEBC2C03
2025-07-15 19:23:38.599, ReplyFindNode, 9298e7a0-72f8-4ad0-89e8-38963fef0dbd, 7BB3577E7F5595B494687818149EE168FEBC2C03, ADC0E723DF6E376068DC6BEFDD59C00882974E21
2025-07-15 19:23:42.124, FindNode, 4a393c66-9bc4-4f0d-a8e2-0537fbf4ff6e, ADC0E723DF6E376068DC6BEFDD59C00882974E21, ADC0E723DF6E376068DC6BEFDD59C00882974E61
2025-07-15 19:23:42.124, ReplyFindNode, 4a393c66-9bc4-4f0d-a8e2-0537fbf4ff6e, ADC0E723DF6E376068DC6BEFDD59C00882974E21, 7BB3577E7F5595B494687818149EE168FEBC2C03
2025-07-15 19:23:50.599, FindNode, 1d27cdbc-7b5b-430b-a087-d95b1d434771, 7BB3577E7F5595B494687818149EE168FEBC2C03, 7BB3577E7F5595B494687818149EE1693EBC2C03
2025-07-15 19:23:50.600, ReplyFindNode, 1d27cdbc-7b5b-430b-a087-d95b1d434771, 7BB3577E7F5595B494687818149EE168FEBC2C03, ADC0E723DF6E376068DC6BEFDD59C00882974E21
2025-07-15 19:23:54.124, FindNode, 117a74aa-21b5-44a5-9515-7a8e7c568f0b, ADC0E723DF6E376068DC6BEFDD59C00882974E21, ADC0E723E06E376068DC6BEFDD59C00882974E21
2025-07-15 19:23:54.125, ReplyFindNode, 117a74aa-21b5-44a5-9515-7a8e7c568f0b, ADC0E723DF6E376068DC6BEFDD59C00882974E21, 7BB3577E7F5595B494687818149EE168FEBC2C03
2025-07-15 19:24:02.600, FindNode, 0a3be073-da2e-4bf2-ad87-5e4d0f622adb, 7BB3577E7F5595B494687818149EE168FEBC2C03, 7BB3577E7F5795B494687818149EE168FEBC2C03
2025-07-15 19:24:02.600, ReplyFindNode, 0a3be073-da2e-4bf2-ad87-5e4d0f622adb, 7BB3577E7F5595B494687818149EE168FEBC2C03, ADC0E723DF6E376068DC6BEFDD59C00882974E21
2025-07-15 19:24:06.125, FindNode, 7974e8ea-6302-4285-99e3-a80f7176e82b, ADC0E723DF6E376068DC6BEFDD59C00882974E21, ADC0E723DF6E376068DC6BEFDD59C00882994E21
2025-07-15 19:24:06.125, ReplyFindNode, 7974e8ea-6302-4285-99e3-a80f7176e82b, ADC0E723DF6E376068DC6BEFDD59C00882974E21, 7BB3577E7F5595B494687818149EE168FEBC2C03
2025-07-15 19:24:14.601, FindNode, a8a26f24-2d04-4db6-b914-61b10b59ed48, 7BB3577E7F5595B494687818149EE168FEBC2C03, 7BB357FE7F5595B494687818149EE168FEBC2C03
2025-07-15 19:24:14.601, ReplyFindNode, a8a26f24-2d04-4db6-b914-61b10b59ed48, 7BB3577E7F5595B494687818149EE168FEBC2C03, ADC0E723DF6E376068DC6BEFDD59C00882974E21
2025-07-15 19:24:18.126, FindNode, eebc3e3c-19ef-486e-8100-de192a381383, ADC0E723DF6E376068DC6BEFDD59C00882974E21, ADC0E743DF6E376068DC6BEFDD59C00882974E21
2025-07-15 19:24:18.126, ReplyFindNode, eebc3e3c-19ef-486e-8100-de192a381383, ADC0E723DF6E376068DC6BEFDD59C00882974E21, 7BB3577E7F5595B494687818149EE168FEBC2C03
2025-07-15 19:24:18.546, StartReadOnlyRegimen
2025-07-15 19:24:19.059, Lookup, 37bc661c-6676-4fef-981c-fb58a93ea471, ADC0E723DF6E376068DC6BEFDD59C00882974E21, 63F1618E4EEFAC62E6C69B6BB65D4DF5D3A91F3E
2025-07-15 19:24:19.102, ReplyLookup, 37bc661c-6676-4fef-981c-fb58a93ea471, 7BB3577E7F5595B494687818149EE168FEBC2C03,
2025-07-15 19:24:19.563, Lookup, d996b855-ca56-4640-a052-02216a28bcb3, 7BB3577E7F5595B494687818149EE168FEBC2C03, 0F10C12292978628EC49BB62F7D445E8E99F3C25
2025-07-15 19:24:19.609, FindNode, e6f316cf-7764-44a1-b8d7-f1ae68f49625, ADC0E723DF6E376068DC6BEFDD59C00882974E21, 0F10C12292978628EC49BB62F7D445E8E99F3C25
2025-07-15 19:24:19.609, ReplyFindNode, e6f316cf-7764-44a1-b8d7-f1ae68f49625, ADC0E723DF6E376068DC6BEFDD59C00882974E21, 7BB3577E7F5595B494687818149EE168FEBC2C03
2025-07-15 19:24:19.699, ReplyLookup, d996b855-ca56-4640-a052-02216a28bcb3, ADC0E723DF6E376068DC6BEFDD59C00882974E21, 580A928439F2EFF0F5ED81454EBF7EE7EFE93F21
2025-07-15 19:24:26.601, FindNode, 10559885-5467-46de-b8a6-f9574c00f1a5, 7BB3577E7F5595B494687818149EE168FEBC2C03, 7BB3577E7F5595B494687818149EE168FEDC2C03
2025-07-15 19:24:26.602, ReplyFindNode, 10559885-5467-46de-b8a6-f9574c00f1a5, 7BB3577E7F5595B494687818149EE168FEBC2C03, ADC0E723DF6E376068DC6BEFDD59C00882974E21
2025-07-15 19:24:30.126, FindNode, 24867855-a839-478e-bded-62fce40ae30c, ADC0E723DF6E376068DC6BEFDD59C00882974E21, ADC0E723DF6E376068DC6BEFDD59C00882974E25
2025-07-15 19:24:30.126, ReplyFindNode, 24867855-a839-478e-bded-62fce40ae30c, ADC0E723DF6E376068DC6BEFDD59C00882974E21, 7BB3577E7F5595B494687818149EE168FEBC2C03
2025-07-15 19:24:34.058, Lookup, 20465f8a-1b43-43c0-a972-e64f5080add1, ADC0E723DF6E376068DC6BEFDD59C00882974E21, 76A3E33653F8D4DE4F3BF54A343CE16A567507D2
2025-07-15 19:24:34.101, ReplyLookup, 20465f8a-1b43-43c0-a972-e64f5080add1, 7BB3577E7F5595B494687818149EE168FEBC2C03,
2025-07-15 19:24:34.562, Lookup, 396cbe13-6c32-4060-bf82-5e52d60b2284, 7BB3577E7F5595B494687818149EE168FEBC2C03, F283F65B4F3BC43D5CDE609449592EF014AD317E
2025-07-15 19:24:34.604, FindNode, e16f7d5c-057b-46e2-af35-7785a0b37d21, ADC0E723DF6E376068DC6BEFDD59C00882974E21, F283F65B4F3BC43D5CDE609449592EF014AD317E
2025-07-15 19:24:34.605, ReplyFindNode, e16f7d5c-057b-46e2-af35-7785a0b37d21, ADC0E723DF6E376068DC6BEFDD59C00882974E21, 7BB3577E7F5595B494687818149EE168FEBC2C03
2025-07-15 19:24:34.736, ReplyLookup, 396cbe13-6c32-4060-bf82-5e52d60b2284, ADC0E723DF6E376068DC6BEFDD59C00882974E21,
2025-07-15 19:24:38.602, FindNode, 0f88809f-9969-4f4a-bb24-34d80d906f72, 7BB3577E7F5595B494687818149EE168FEBC2C03, 7BB3577E7F5595B49468B818149EE168FEBC2C03
2025-07-15 19:24:38.602, ReplyFindNode, 0f88809f-9969-4f4a-bb24-34d80d906f72, 7BB3577E7F5595B494687818149EE168FEBC2C03, ADC0E723DF6E376068DC6BEFDD59C00882974E21
2025-07-15 19:24:42.127, FindNode, 3d681abf-b441-4ce5-9fb1-74ec75cdbd8d, ADC0E723DF6E376068DC6BEFDD59C00882974E21, ADC1E723DF6E376068DC6BEFDD59C00882974E21
2025-07-15 19:24:42.127, ReplyFindNode, 3d681abf-b441-4ce5-9fb1-74ec75cdbd8d, ADC0E723DF6E376068DC6BEFDD59C00882974E21, 7BB3577E7F5595B494687818149EE168FEBC2C03
2025-07-15 19:24:49.059, Lookup, 106e36c9-beef-4d1a-ba1e-155eb73527d2, ADC0E723DF6E376068DC6BEFDD59C00882974E21, EF461A172E10E6EA07A5D3337222C447C1BE57F1
2025-07-15 19:24:49.102, ReplyLookup, 106e36c9-beef-4d1a-ba1e-155eb73527d2, 7BB3577E7F5595B494687818149EE168FEBC2C03, 42B8EDF71004DC216629DBDFC221E7E33A024619
2025-07-15 19:24:49.563, Lookup, 3955fe71-9600-4c1b-9510-ccc5ac156a5a, 7BB3577E7F5595B494687818149EE168FEBC2C03, F283F65B4F3BC43D5CDE609449592EF014AD317E
2025-07-15 19:24:49.604, FindNode, 0161dc58-7ef5-42c4-a90a-230ff9c05321, ADC0E723DF6E376068DC6BEFDD59C00882974E21, F283F65B4F3BC43D5CDE609449592EF014AD317E
2025-07-15 19:24:49.604, ReplyFindNode, 0161dc58-7ef5-42c4-a90a-230ff9c05321, ADC0E723DF6E376068DC6BEFDD59C00882974E21, 7BB3577E7F5595B494687818149EE168FEBC2C03
2025-07-15 19:24:49.736, ReplyLookup, 3955fe71-9600-4c1b-9510-ccc5ac156a5a, ADC0E723DF6E376068DC6BEFDD59C00882974E21,
2025-07-15 19:24:50.603, FindNode, 331462b1-3bb1-4327-88a5-d91edd8ad88a, 7BB3577E7F5595B494687818149EE168FEBC2C03, 7BB3577E7F5595B494687818149EE1690EBC2C03
2025-07-15 19:24:50.603, ReplyFindNode, 331462b1-3bb1-4327-88a5-d91edd8ad88a, 7BB3577E7F5595B494687818149EE168FEBC2C03, ADC0E723DF6E376068DC6BEFDD59C00882974E21
2025-07-15 19:24:54.127, FindNode, 7a6cb185-6156-47d2-a3af-19387bd2fc44, ADC0E723DF6E376068DC6BEFDD59C00882974E21, ADC0E723DF6E376168DC6BEFDD59C00882974E21
2025-07-15 19:24:54.128, ReplyFindNode, 7a6cb185-6156-47d2-a3af-19387bd2fc44, ADC0E723DF6E376068DC6BEFDD59C00882974E21, 7BB3577E7F5595B494687818149EE168FEBC2C03
2025-07-15 19:25:02.603, FindNode, 12e8ebc3-7763-47e7-85f0-1a656c813651, 7BB3577E7F5595B494687818149EE168FEBC2C03, 7BB3577E7F5595B494687818149EE178FEBC2C03
2025-07-15 19:25:02.603, ReplyFindNode, 12e8ebc3-7763-47e7-85f0-1a656c813651, 7BB3577E7F5595B494687818149EE168FEBC2C03, ADC0E723DF6E376068DC6BEFDD59C00882974E21
2025-07-15 19:25:04.059, Lookup, 5d8e78ea-a748-4360-b175-4f78d03959f3, ADC0E723DF6E376068DC6BEFDD59C00882974E21, 1CFFF69C6591CB6FA0B949D38B367B35ADCE97B7
2025-07-15 19:25:04.101, ReplyLookup, 5d8e78ea-a748-4360-b175-4f78d03959f3, 7BB3577E7F5595B494687818149EE168FEBC2C03,
2025-07-15 19:25:04.564, Lookup, 2de7c0da-5f7b-4c78-8f3f-e95b330338e6, 7BB3577E7F5595B494687818149EE168FEBC2C03, BF88B1F23BD269260A2D45FCDF410296ABCAA4F3
2025-07-15 19:25:04.608, FindNode, df9f7224-5d67-4764-83f6-4fe6d9957b18, ADC0E723DF6E376068DC6BEFDD59C00882974E21, BF88B1F23BD269260A2D45FCDF410296ABCAA4F3
2025-07-15 19:25:04.609, ReplyFindNode, df9f7224-5d67-4764-83f6-4fe6d9957b18, ADC0E723DF6E376068DC6BEFDD59C00882974E21, 7BB3577E7F5595B494687818149EE168FEBC2C03
2025-07-15 19:25:04.740, ReplyLookup, 2de7c0da-5f7b-4c78-8f3f-e95b330338e6, ADC0E723DF6E376068DC6BEFDD59C00882974E21,
2025-07-15 19:25:06.128, FindNode, ab98b1a4-d9df-47a6-b622-7757fd229786, ADC0E723DF6E376068DC6BEFDD59C00882974E21, ADC0E723DF72376068DC6BEFDD59C00882974E21
2025-07-15 19:25:06.129, ReplyFindNode, ab98b1a4-d9df-47a6-b622-7757fd229786, ADC0E723DF6E376068DC6BEFDD59C00882974E21, 7BB3577E7F5595B494687818149EE168FEBC2C03
2025-07-15 19:25:14.604, FindNode, 9c94b6e4-5aa6-44da-bd3b-e5853bcb2359, 7BB3577E7F5595B494687818149EE168FEBC2C03, 7BB3577E7F5595B494687818149EE168FEBC3403
2025-07-15 19:25:14.604, ReplyFindNode, 9c94b6e4-5aa6-44da-bd3b-e5853bcb2359, 7BB3577E7F5595B494687818149EE168FEBC2C03, ADC0E723DF6E376068DC6BEFDD59C00882974E21
2025-07-15 19:25:18.129, FindNode, fa74eaeb-465a-4963-8573-64fb6ca87dac, ADC0E723DF6E376068DC6BEFDD59C00882974E21, ADC0E723DF6E376068DC6BEFDD5BC00882974E21
2025-07-15 19:25:18.129, ReplyFindNode, fa74eaeb-465a-4963-8573-64fb6ca87dac, ADC0E723DF6E376068DC6BEFDD59C00882974E21, 7BB3577E7F5595B494687818149EE168FEBC2C03
2025-07-15 19:25:19.060, Lookup, 71a82c16-bcd4-471e-994f-b9a134227f95, ADC0E723DF6E376068DC6BEFDD59C00882974E21, EF461A172E10E6EA07A5D3337222C447C1BE57F1
2025-07-15 19:25:19.106, ReplyLookup, 71a82c16-bcd4-471e-994f-b9a134227f95, 7BB3577E7F5595B494687818149EE168FEBC2C03, 42B8EDF71004DC216629DBDFC221E7E33A024619
2025-07-15 19:25:19.565, Lookup, 9db47ce5-4523-4052-8ef9-da35c5988488, 7BB3577E7F5595B494687818149EE168FEBC2C03, 0C0D55BB44BDD82AE345763EE07A0F2640389669
2025-07-15 19:25:19.608, FindNode, fe27f682-5290-4d18-9e74-e2a35a2eb1c8, ADC0E723DF6E376068DC6BEFDD59C00882974E21, 0C0D55BB44BDD82AE345763EE07A0F2640389669
2025-07-15 19:25:19.609, ReplyFindNode, fe27f682-5290-4d18-9e74-e2a35a2eb1c8, ADC0E723DF6E376068DC6BEFDD59C00882974E21, 7BB3577E7F5595B494687818149EE168FEBC2C03
2025-07-15 19:25:19.699, ReplyLookup, 9db47ce5-4523-4052-8ef9-da35c5988488, ADC0E723DF6E376068DC6BEFDD59C00882974E21, B6D5D2F8B36E629C224D81AD2915EDDE5CA1049C
2025-07-15 19:25:26.604, FindNode, dced6df2-65fc-474a-839c-6a766fc4b640, 7BB3577E7F5595B494687818149EE168FEBC2C03, 7BB3577E7F5595B494687818149EE168FEBC2C07
2025-07-15 19:25:26.605, ReplyFindNode, dced6df2-65fc-474a-839c-6a766fc4b640, 7BB3577E7F5595B494687818149EE168FEBC2C03, ADC0E723DF6E376068DC6BEFDD59C00882974E21
2025-07-15 19:25:30.130, FindNode, 3219fe43-95ad-416b-9e1e-12a0d383e00b, ADC0E723DF6E376068DC6BEFDD59C00882974E21, ADC0E723DF6E386068DC6BEFDD59C00882974E21
2025-07-15 19:25:30.130, ReplyFindNode, 3219fe43-95ad-416b-9e1e-12a0d383e00b, ADC0E723DF6E376068DC6BEFDD59C00882974E21, 7BB3577E7F5595B494687818149EE168FEBC2C03
2025-07-15 19:25:34.060, Lookup, 9ca7bc27-8c85-4a8e-b2ea-46e414dd2486, ADC0E723DF6E376068DC6BEFDD59C00882974E21, C8B8B30DF9CCAF9240BC5E19F2C3A9263EB56B68
2025-07-15 19:25:34.106, ReplyLookup, 9ca7bc27-8c85-4a8e-b2ea-46e414dd2486, 7BB3577E7F5595B494687818149EE168FEBC2C03, 1E9857830CC4CD5742B26F45710A8537190E914C
2025-07-15 19:25:34.565, Lookup, 4f1bede8-e5ab-4cf5-b418-de6ff5c49e26, 7BB3577E7F5595B494687818149EE168FEBC2C03, 0F10C12292978628EC49BB62F7D445E8E99F3C25
2025-07-15 19:25:34.601, FindNode, 3be8232b-e602-47ff-a3b4-569fa22071bb, ADC0E723DF6E376068DC6BEFDD59C00882974E21, 0F10C12292978628EC49BB62F7D445E8E99F3C25
2025-07-15 19:25:34.601, ReplyFindNode, 3be8232b-e602-47ff-a3b4-569fa22071bb, ADC0E723DF6E376068DC6BEFDD59C00882974E21, 7BB3577E7F5595B494687818149EE168FEBC2C03
2025-07-15 19:25:34.691, ReplyLookup, 4f1bede8-e5ab-4cf5-b418-de6ff5c49e26, ADC0E723DF6E376068DC6BEFDD59C00882974E21, 580A928439F2EFF0F5ED81454EBF7EE7EFE93F21
2025-07-15 19:25:38.605, FindNode, cb6dbacc-3f9e-4bac-847b-c86c7e2b60ed, 7BB3577E7F5595B494687818149EE168FEBC2C03, 7BB3577E7F5595B49468781814DEE168FEBC2C03
2025-07-15 19:25:38.605, ReplyFindNode, cb6dbacc-3f9e-4bac-847b-c86c7e2b60ed, 7BB3577E7F5595B494687818149EE168FEBC2C03, ADC0E723DF6E376068DC6BEFDD59C00882974E21
2025-07-15 19:25:42.130, FindNode, 26acc065-0ce7-4b94-bfc8-75c917f28c33, ADC0E723DF6E376068DC6BEFDD59C00882974E21, ADC0E723DF6E3B6068DC6BEFDD59C00882974E21
2025-07-15 19:25:42.130, ReplyFindNode, 26acc065-0ce7-4b94-bfc8-75c917f28c33, ADC0E723DF6E376068DC6BEFDD59C00882974E21, 7BB3577E7F5595B494687818149EE168FEBC2C03
2025-07-15 19:25:49.060, Lookup, ad308e3e-514e-4191-8aa4-d88c207e1504, ADC0E723DF6E376068DC6BEFDD59C00882974E21, E263E59015CD7056609B58E9B1CD834BB5FFC60D
2025-07-15 19:25:49.106, ReplyLookup, ad308e3e-514e-4191-8aa4-d88c207e1504, 7BB3577E7F5595B494687818149EE168FEBC2C03, 80467EFB49B2CE0A052DCC4EBF90572E29B7934F
2025-07-15 19:25:49.565, Lookup, ca39fe03-60ba-41a4-b0d1-4a5371234b95, 7BB3577E7F5595B494687818149EE168FEBC2C03, 0F10C12292978628EC49BB62F7D445E8E99F3C25
2025-07-15 19:25:49.608, FindNode, 5b512dd6-a51c-4ba8-8ebc-3e6289e88f52, ADC0E723DF6E376068DC6BEFDD59C00882974E21, 0F10C12292978628EC49BB62F7D445E8E99F3C25
2025-07-15 19:25:49.608, ReplyFindNode, 5b512dd6-a51c-4ba8-8ebc-3e6289e88f52, ADC0E723DF6E376068DC6BEFDD59C00882974E21, 7BB3577E7F5595B494687818149EE168FEBC2C03
2025-07-15 19:25:49.699, ReplyLookup, ca39fe03-60ba-41a4-b0d1-4a5371234b95, ADC0E723DF6E376068DC6BEFDD59C00882974E21, 580A928439F2EFF0F5ED81454EBF7EE7EFE93F21
2025-07-15 19:25:50.606, FindNode, 85301722-16d9-4387-abcc-1b0ba75dd9e2, 7BB3577E7F5595B494687818149EE168FEBC2C03, 7BB357BE7F5595B494687818149EE168FEBC2C03
2025-07-15 19:25:50.606, ReplyFindNode, 85301722-16d9-4387-abcc-1b0ba75dd9e2, 7BB3577E7F5595B494687818149EE168FEBC2C03, ADC0E723DF6E376068DC6BEFDD59C00882974E21
2025-07-15 19:25:54.131, FindNode, f6ac46e1-d0bc-4cc8-bf94-a324d50cb39a, ADC0E723DF6E376068DC6BEFDD59C00882974E21, ADC0E723DF6E376068DC6BEFDD59C00882975E21
2025-07-15 19:25:54.131, ReplyFindNode, f6ac46e1-d0bc-4cc8-bf94-a324d50cb39a, ADC0E723DF6E376068DC6BEFDD59C00882974E21, 7BB3577E7F5595B494687818149EE168FEBC2C03
2025-07-15 19:26:02.606, FindNode, 3962a17e-81d0-4692-af46-dff923354337, 7BB3577E7F5595B494687818149EE168FEBC2C03, 7BB3577E7F5595B494E87818149EE168FEBC2C03
2025-07-15 19:26:02.606, ReplyFindNode, 3962a17e-81d0-4692-af46-dff923354337, 7BB3577E7F5595B494687818149EE168FEBC2C03, ADC0E723DF6E376068DC6BEFDD59C00882974E21
2025-07-15 19:26:04.060, Lookup, a8d50e57-41ef-42ff-a9a6-82556e77ae1a, ADC0E723DF6E376068DC6BEFDD59C00882974E21, 76A3E33653F8D4DE4F3BF54A343CE16A567507D2
2025-07-15 19:26:04.105, ReplyLookup, a8d50e57-41ef-42ff-a9a6-82556e77ae1a, 7BB3577E7F5595B494687818149EE168FEBC2C03,
2025-07-15 19:26:04.565, Lookup, ff60ca14-bacb-4358-aa1e-de389601cd83, 7BB3577E7F5595B494687818149EE168FEBC2C03, 0F10C12292978628EC49BB62F7D445E8E99F3C25
2025-07-15 19:26:04.577, FindNode, fb44383a-f675-4e08-9d83-e21f754269a7, ADC0E723DF6E376068DC6BEFDD59C00882974E21, 0F10C12292978628EC49BB62F7D445E8E99F3C25
2025-07-15 19:26:04.577, ReplyFindNode, fb44383a-f675-4e08-9d83-e21f754269a7, ADC0E723DF6E376068DC6BEFDD59C00882974E21, 7BB3577E7F5595B494687818149EE168FEBC2C03
2025-07-15 19:26:04.667, ReplyLookup, ff60ca14-bacb-4358-aa1e-de389601cd83, ADC0E723DF6E376068DC6BEFDD59C00882974E21, 580A928439F2EFF0F5ED81454EBF7EE7EFE93F21
2025-07-15 19:26:06.131, FindNode, 1bb7a303-6f5a-4687-b156-fb342a528efa, ADC0E723DF6E376068DC6BEFDD59C00882974E21, ADC0E723DF6E376068DC6CEFDD59C00882974E21
2025-07-15 19:26:06.132, ReplyFindNode, 1bb7a303-6f5a-4687-b156-fb342a528efa, ADC0E723DF6E376068DC6BEFDD59C00882974E21, 7BB3577E7F5595B494687818149EE168FEBC2C03
2025-07-15 19:26:14.607, FindNode, f3bab18a-65ca-4d20-a583-f786c300cbc9, 7BB3577E7F5595B494687818149EE168FEBC2C03, 7BB3577E7F5595B494687838149EE168FEBC2C03
2025-07-15 19:26:14.607, ReplyFindNode, f3bab18a-65ca-4d20-a583-f786c300cbc9, 7BB3577E7F5595B494687818149EE168FEBC2C03, ADC0E723DF6E376068DC6BEFDD59C00882974E21
2025-07-15 19:26:18.132, FindNode, 36bf85ec-6afc-425b-b3a0-8a3024de5f7b, ADC0E723DF6E376068DC6BEFDD59C00882974E21, ADC0E723E76E376068DC6BEFDD59C00882974E21
2025-07-15 19:26:18.132, ReplyFindNode, 36bf85ec-6afc-425b-b3a0-8a3024de5f7b, ADC0E723DF6E376068DC6BEFDD59C00882974E21, 7BB3577E7F5595B494687818149EE168FEBC2C03
2025-07-15 19:26:19.061, Lookup, ba75cc25-ff03-47ec-a362-11db28dc71a0, ADC0E723DF6E376068DC6BEFDD59C00882974E21, 1A114D868F54D0C0AA5852DAA9183CB803E52462
2025-07-15 19:26:19.105, ReplyLookup, ba75cc25-ff03-47ec-a362-11db28dc71a0, 7BB3577E7F5595B494687818149EE168FEBC2C03,
2025-07-15 19:26:19.565, Lookup, 7ac3a4eb-be05-4d66-bb5b-66d5ccc1c244, 7BB3577E7F5595B494687818149EE168FEBC2C03, 2781DD5755E5E35F9F81321950D2F389078662CF
2025-07-15 19:26:19.608, FindNode, 4990ad85-98e6-4b8f-a9b2-508bb3be4461, ADC0E723DF6E376068DC6BEFDD59C00882974E21, 2781DD5755E5E35F9F81321950D2F389078662CF
2025-07-15 19:26:19.609, ReplyFindNode, 4990ad85-98e6-4b8f-a9b2-508bb3be4461, ADC0E723DF6E376068DC6BEFDD59C00882974E21, 7BB3577E7F5595B494687818149EE168FEBC2C03
2025-07-15 19:26:19.740, ReplyLookup, 7ac3a4eb-be05-4d66-bb5b-66d5ccc1c244, ADC0E723DF6E376068DC6BEFDD59C00882974E21,
2025-07-15 19:26:26.607, FindNode, 348f1cc3-4688-4fcc-bb75-4edc80700e7a, 7BB3577E7F5595B494687818149EE168FEBC2C03, 7BB3577E7F5595B494687818149EE170FEBC2C03
2025-07-15 19:26:26.607, ReplyFindNode, 348f1cc3-4688-4fcc-bb75-4edc80700e7a, 7BB3577E7F5595B494687818149EE168FEBC2C03, ADC0E723DF6E376068DC6BEFDD59C00882974E21
2025-07-15 19:26:30.132, FindNode, b843f41f-b1ff-4842-af3a-a9be7e5f70c3, ADC0E723DF6E376068DC6BEFDD59C00882974E21, ADC0E723DFEE376068DC6BEFDD59C00882974E21
2025-07-15 19:26:30.133, ReplyFindNode, b843f41f-b1ff-4842-af3a-a9be7e5f70c3, ADC0E723DF6E376068DC6BEFDD59C00882974E21, 7BB3577E7F5595B494687818149EE168FEBC2C03
2025-07-15 19:26:34.061, Lookup, 6900e1a2-59ec-4ad4-a2b1-70d859fa3824, ADC0E723DF6E376068DC6BEFDD59C00882974E21, FEFC4833ED72B08AA63DDDDE958E43D2B4B6D314
2025-07-15 19:26:34.105, ReplyLookup, 6900e1a2-59ec-4ad4-a2b1-70d859fa3824, 7BB3577E7F5595B494687818149EE168FEBC2C03,
2025-07-15 19:26:34.566, Lookup, 9df03337-38fb-4fed-93e8-0b8bada21195, 7BB3577E7F5595B494687818149EE168FEBC2C03, 4627A4E94BB06C98596A66ADA50F1E718F849876
2025-07-15 19:26:34.609, FindNode, 620088ef-3b17-412c-970a-40bb4849092a, ADC0E723DF6E376068DC6BEFDD59C00882974E21, 4627A4E94BB06C98596A66ADA50F1E718F849876
2025-07-15 19:26:34.609, ReplyFindNode, 620088ef-3b17-412c-970a-40bb4849092a, ADC0E723DF6E376068DC6BEFDD59C00882974E21, 7BB3577E7F5595B494687818149EE168FEBC2C03
2025-07-15 19:26:34.735, ReplyLookup, 9df03337-38fb-4fed-93e8-0b8bada21195, ADC0E723DF6E376068DC6BEFDD59C00882974E21,
2025-07-15 19:26:38.608, FindNode, de4d6942-e463-4983-94f6-20bad094e652, 7BB3577E7F5595B494687818149EE168FEBC2C03, 7BB3577E875595B494687818149EE168FEBC2C03
2025-07-15 19:26:38.608, ReplyFindNode, de4d6942-e463-4983-94f6-20bad094e652, 7BB3577E7F5595B494687818149EE168FEBC2C03, ADC0E723DF6E376068DC6BEFDD59C00882974E21
2025-07-15 19:26:42.133, FindNode, ea79642c-eab5-4a3a-b6b1-d39e503b3f75, ADC0E723DF6E376068DC6BEFDD59C00882974E21, ADC0E723DF6E376068DC6BEFDD59C00882B74E21
2025-07-15 19:26:42.133, ReplyFindNode, ea79642c-eab5-4a3a-b6b1-d39e503b3f75, ADC0E723DF6E376068DC6BEFDD59C00882974E21, 7BB3577E7F5595B494687818149EE168FEBC2C03
2025-07-15 19:26:49.061, Lookup, 5c17d3ea-6d47-45e0-93ca-322104163ad3, ADC0E723DF6E376068DC6BEFDD59C00882974E21, 8FB19822EC1A9F78B748DE61D7744C3CEA3730A4
2025-07-15 19:26:49.104, FindNode, bda22f8f-d4e1-4c67-ab3b-69aa48558c50, 7BB3577E7F5595B494687818149EE168FEBC2C03, 8FB19822EC1A9F78B748DE61D7744C3CEA3730A4
2025-07-15 19:26:49.104, ReplyFindNode, bda22f8f-d4e1-4c67-ab3b-69aa48558c50, 7BB3577E7F5595B494687818149EE168FEBC2C03, ADC0E723DF6E376068DC6BEFDD59C00882974E21
2025-07-15 19:26:49.236, ReplyLookup, 5c17d3ea-6d47-45e0-93ca-322104163ad3, 7BB3577E7F5595B494687818149EE168FEBC2C03,
2025-07-15 19:26:49.567, Lookup, 4681d6c4-7e83-4ee6-9282-2735e5ed1ba7, 7BB3577E7F5595B494687818149EE168FEBC2C03, 8FC188F8387A28FC06A18A49F14A8E6A09608B56
2025-07-15 19:26:49.610, ReplyLookup, 4681d6c4-7e83-4ee6-9282-2735e5ed1ba7, ADC0E723DF6E376068DC6BEFDD59C00882974E21,
2025-07-15 19:26:50.609, FindNode, f1d49362-f91c-44b9-bf21-296358e18699, 7BB3577E7F5595B494687818149EE168FEBC2C03, 7BB3577E7F5595B494687818549EE168FEBC2C03
2025-07-15 19:26:50.609, ReplyFindNode, f1d49362-f91c-44b9-bf21-296358e18699, 7BB3577E7F5595B494687818149EE168FEBC2C03, ADC0E723DF6E376068DC6BEFDD59C00882974E21
2025-07-15 19:26:54.133, FindNode, 6b87b95b-63e5-4567-8e17-523ea2138b4a, ADC0E723DF6E376068DC6BEFDD59C00882974E21, ADC0E723DF6E376068DC6BEFDD59C00882976E21
2025-07-15 19:26:54.134, ReplyFindNode, 6b87b95b-63e5-4567-8e17-523ea2138b4a, ADC0E723DF6E376068DC6BEFDD59C00882974E21, 7BB3577E7F5595B494687818149EE168FEBC2C03
2025-07-15 19:27:02.609, FindNode, f82c24eb-84d4-4d26-9494-d10602f7781e, 7BB3577E7F5595B494687818149EE168FEBC2C03, 7BB3577E7F5595B496687818149EE168FEBC2C03
2025-07-15 19:27:02.609, ReplyFindNode, f82c24eb-84d4-4d26-9494-d10602f7781e, 7BB3577E7F5595B494687818149EE168FEBC2C03, ADC0E723DF6E376068DC6BEFDD59C00882974E21
2025-07-15 19:27:04.061, Lookup, 0ea4f499-e59c-4a96-a429-4204e68dda22, ADC0E723DF6E376068DC6BEFDD59C00882974E21, EF461A172E10E6EA07A5D3337222C447C1BE57F1
2025-07-15 19:27:04.106, ReplyLookup, 0ea4f499-e59c-4a96-a429-4204e68dda22, 7BB3577E7F5595B494687818149EE168FEBC2C03, 42B8EDF71004DC216629DBDFC221E7E33A024619
2025-07-15 19:27:04.566, Lookup, 68e4fe21-34a6-4a75-848a-405d761ea058, 7BB3577E7F5595B494687818149EE168FEBC2C03, 8537B074D13C5AB7CDECD272B196BB12F281A871
2025-07-15 19:27:04.610, ReplyLookup, 68e4fe21-34a6-4a75-848a-405d761ea058, ADC0E723DF6E376068DC6BEFDD59C00882974E21,
2025-07-15 19:27:06.134, FindNode, 142cefe8-b298-46b7-908e-85553947a87c, ADC0E723DF6E376068DC6BEFDD59C00882974E21, ADC0E723DF6E376068DC8BEFDD59C00882974E21
2025-07-15 19:27:06.134, ReplyFindNode, 142cefe8-b298-46b7-908e-85553947a87c, ADC0E723DF6E376068DC6BEFDD59C00882974E21, 7BB3577E7F5595B494687818149EE168FEBC2C03
2025-07-15 19:27:14.610, FindNode, 77b2fe02-8df3-42e8-bc13-6d28c62c6849, 7BB3577E7F5595B494687818149EE168FEBC2C03, 8BB3577E7F5595B494687818149EE168FEBC2C03
2025-07-15 19:27:14.610, ReplyFindNode, 77b2fe02-8df3-42e8-bc13-6d28c62c6849, 7BB3577E7F5595B494687818149EE168FEBC2C03, ADC0E723DF6E376068DC6BEFDD59C00882974E21
2025-07-15 19:27:18.135, FindNode, bee4b74c-7ee2-451b-b766-798ba0fdbf66, ADC0E723DF6E376068DC6BEFDD59C00882974E21, ADC0E723DF6E376068DC6BEFE159C00882974E21
2025-07-15 19:27:18.135, ReplyFindNode, bee4b74c-7ee2-451b-b766-798ba0fdbf66, ADC0E723DF6E376068DC6BEFDD59C00882974E21, 7BB3577E7F5595B494687818149EE168FEBC2C03
2025-07-15 19:27:19.061, Lookup, e8b65017-97d2-49fe-9ff5-189b96b72e2e, ADC0E723DF6E376068DC6BEFDD59C00882974E21, E263E59015CD7056609B58E9B1CD834BB5FFC60D
2025-07-15 19:27:19.106, ReplyLookup, e8b65017-97d2-49fe-9ff5-189b96b72e2e, 7BB3577E7F5595B494687818149EE168FEBC2C03, 80467EFB49B2CE0A052DCC4EBF90572E29B7934F
2025-07-15 19:27:19.566, Lookup, a63591ec-7e8e-42c0-bf6d-dc89ed2acbae, 7BB3577E7F5595B494687818149EE168FEBC2C03, 3BB1F7FCFE6013B35DAF5CE6AAEF6EAA60B1CF9D
2025-07-15 19:27:19.608, FindNode, 952be23a-47ef-47b6-a22e-633c3282f93f, ADC0E723DF6E376068DC6BEFDD59C00882974E21, 3BB1F7FCFE6013B35DAF5CE6AAEF6EAA60B1CF9D
2025-07-15 19:27:19.609, ReplyFindNode, 952be23a-47ef-47b6-a22e-633c3282f93f, ADC0E723DF6E376068DC6BEFDD59C00882974E21, 7BB3577E7F5595B494687818149EE168FEBC2C03
2025-07-15 19:27:19.744, ReplyLookup, a63591ec-7e8e-42c0-bf6d-dc89ed2acbae, ADC0E723DF6E376068DC6BEFDD59C00882974E21,
2025-07-15 19:27:21.188, EndReadOnlyRegimen
2025-07-15 19:27:26.610, FindNode, 61735f81-7d76-40f3-bc87-0d25fbdd2a26, 7BB3577E7F5595B494687818149EE168FEBC2C03, 7BF3577E7F5595B494687818149EE168FEBC2C03
2025-07-15 19:27:26.611, ReplyFindNode, 61735f81-7d76-40f3-bc87-0d25fbdd2a26, 7BB3577E7F5595B494687818149EE168FEBC2C03, ADC0E723DF6E376068DC6BEFDD59C00882974E21
2025-07-15 19:27:30.135, FindNode, 5e3936bf-7521-4f20-a2f6-8c68cd93966a, ADC0E723DF6E376068DC6BEFDD59C00882974E21, ADC0E723DF6E376068DC6BEFED59C00882974E21
2025-07-15 19:27:30.135, ReplyFindNode, 5e3936bf-7521-4f20-a2f6-8c68cd93966a, ADC0E723DF6E376068DC6BEFDD59C00882974E21, 7BB3577E7F5595B494687818149EE168FEBC2C03
2025-07-15 19:27:38.611, FindNode, d28251dd-12c4-4bde-9c79-9417c865e272, 7BB3577E7F5595B494687818149EE168FEBC2C03, 7BB3577E7F5595B494687818169EE168FEBC2C03
2025-07-15 19:27:38.611, ReplyFindNode, d28251dd-12c4-4bde-9c79-9417c865e272, 7BB3577E7F5595B494687818149EE168FEBC2C03, ADC0E723DF6E376068DC6BEFDD59C00882974E21
2025-07-15 19:27:42.137, FindNode, 6902bda2-e9ce-4356-9da2-8dcda31b79e2, ADC0E723DF6E376068DC6BEFDD59C00882974E21, ADC0E723DF6E376068DE6BEFDD59C00882974E21
2025-07-15 19:27:42.137, ReplyFindNode, 6902bda2-e9ce-4356-9da2-8dcda31b79e2, ADC0E723DF6E376068DC6BEFDD59C00882974E21, 7BB3577E7F5595B494687818149EE168FEBC2C03
2025-07-15 19:27:50.612, FindNode, e35409f0-1352-457e-8efe-713697210b25, 7BB3577E7F5595B494687818149EE168FEBC2C03, 7BB3577E7F5595B494687818149EE188FEBC2C03
2025-07-15 19:27:50.612, ReplyFindNode, e35409f0-1352-457e-8efe-713697210b25, 7BB3577E7F5595B494687818149EE168FEBC2C03, ADC0E723DF6E376068DC6BEFDD59C00882974E21
2025-07-15 19:27:54.137, FindNode, e40f75a5-0df9-4016-8878-21fefc79844e, ADC0E723DF6E376068DC6BEFDD59C00882974E21, ADC0E723DF6E376068DC6BEFDD59C00883174E21
2025-07-15 19:27:54.137, ReplyFindNode, e40f75a5-0df9-4016-8878-21fefc79844e, ADC0E723DF6E376068DC6BEFDD59C00882974E21, 7BB3577E7F5595B494687818149EE168FEBC2C03
2025-07-15 19:28:02.612, FindNode, 78def28b-dde7-4d0f-a65c-334ab6d5203e, 7BB3577E7F5595B494687818149EE168FEBC2C03, 7BB3577E7F5595B494707818149EE168FEBC2C03
2025-07-15 19:28:02.612, ReplyFindNode, 78def28b-dde7-4d0f-a65c-334ab6d5203e, 7BB3577E7F5595B494687818149EE168FEBC2C03, ADC0E723DF6E376068DC6BEFDD59C00882974E21
2025-07-15 19:28:06.138, FindNode, e9187ac1-99cf-48ba-b547-c8a038c17e93, ADC0E723DF6E376068DC6BEFDD59C00882974E21, ADC0E723DF6E376068DC6BEFDDD9C00882974E21
2025-07-15 19:28:06.138, ReplyFindNode, e9187ac1-99cf-48ba-b547-c8a038c17e93, ADC0E723DF6E376068DC6BEFDD59C00882974E21, 7BB3577E7F5595B494687818149EE168FEBC2C03
2025-07-15 19:28:14.613, FindNode, 5c330878-d55b-44a6-a3b3-fb1b2d9fb249, 7BB3577E7F5595B494687818149EE168FEBC2C03, 7BB3577E7F6595B494687818149EE168FEBC2C03
2025-07-15 19:28:14.613, ReplyFindNode, 5c330878-d55b-44a6-a3b3-fb1b2d9fb249, 7BB3577E7F5595B494687818149EE168FEBC2C03, ADC0E723DF6E376068DC6BEFDD59C00882974E21
2025-07-15 19:28:18.138, FindNode, c1b9bf94-42f3-4ffc-910d-527fed2f898e, ADC0E723DF6E376068DC6BEFDD59C00882974E21, ADC0E723DF6E3760E8DC6BEFDD59C00882974E21
2025-07-15 19:28:18.139, ReplyFindNode, c1b9bf94-42f3-4ffc-910d-527fed2f898e, ADC0E723DF6E376068DC6BEFDD59C00882974E21, 7BB3577E7F5595B494687818149EE168FEBC2C03
2025-07-15 19:28:21.951, EndStableRegimen
2025-07-15 19:28:22.457, Leave, b144a912-4b14-43be-8013-4b62994a6846, ADC0E723DF6E376068DC6BEFDD59C00882974E21
2025-07-15 19:28:22.505, ReplyLeave, b144a912-4b14-43be-8013-4b62994a6846
2025-07-15 19:28:22.506, EndMember, ADC0E723DF6E376068DC6BEFDD59C00882974E21
2025-07-15 19:28:26.613, FindNode, d4d1482d-6a4a-41ed-b3c3-4df10801034d, 7BB3577E7F5595B494687818149EE168FEBC2C03, 7BB3577E7F5595B894687818149EE168FEBC2C03
2025-07-15 19:28:26.614, ReplyFindNode, d4d1482d-6a4a-41ed-b3c3-4df10801034d, 7BB3577E7F5595B494687818149EE168FEBC2C03, 7BB3577E7F5595B494687818149EE168FEBC2C03
2025-07-15 19:28:38.614, FindNode, 92705d88-89ec-4c85-940c-ce7d5df28823, 7BB3577E7F5595B494687818149EE168FEBC2C03, FBB3577E7F5595B494687818149EE168FEBC2C03
2025-07-15 19:28:38.614, ReplyFindNode, 92705d88-89ec-4c85-940c-ce7d5df28823, 7BB3577E7F5595B494687818149EE168FEBC2C03, 7BB3577E7F5595B494687818149EE168FEBC2C03
2025-07-15 19:28:50.615, FindNode, 1016a0e2-6d17-4cb4-a813-3811e267130b, 7BB3577E7F5595B494687818149EE168FEBC2C03, 7BB3577E7F5595B49468781814AEE168FEBC2C03
2025-07-15 19:28:50.615, ReplyFindNode, 1016a0e2-6d17-4cb4-a813-3811e267130b, 7BB3577E7F5595B494687818149EE168FEBC2C03, 7BB3577E7F5595B494687818149EE168FEBC2C03
2025-07-15 19:28:53.144, Leave, aeaf3f49-47c0-4555-9d58-3b6ec6cc7950, 7BB3577E7F5595B494687818149EE168FEBC2C03
2025-07-15 19:28:53.146, ReplyLeave, aeaf3f49-47c0-4555-9d58-3b6ec6cc7950
2025-07-15 19:28:53.149, EndMember, 7BB3577E7F5595B494687818149EE168FEBC2C03
