2025-07-15 19:46:13.973, FindNode, 3dd4f37a-3d54-4e8f-a65f-4e6a496c9245, 7BB3577E7F5595B494687818149EE168FEBC2C03, 7BB3577E7F5595B494707818149EE168FEBC2C03
2025-07-15 19:46:13.985, ReplyFindNode, 3dd4f37a-3d54-4e8f-a65f-4e6a496c9245, 7BB3577E7F5595B494687818149EE168FEBC2C03, 7BB3577E7F5595B494687818149EE168FEBC2C03
2025-07-15 19:46:25.986, FindNode, bbe9737e-474d-4e96-9a9f-f1391de0612f, 7BB3577E7F5595B494687818149EE168FEBC2C03, 7BB3577E7F5595B49468781814DEE168FEBC2C03
2025-07-15 19:46:25.987, ReplyFindNode, bbe9737e-474d-4e96-9a9f-f1391de0612f, 7BB3577E7F5595B494687818149EE168FEBC2C03, 7BB3577E7F5595B494687818149EE168FEBC2C03
2025-07-15 19:46:37.987, FindNode, cd361fc7-ebd1-46c3-ae83-64bf4c3170b9, 7BB3577E7F5595B494687818149EE168FEBC2C03, 7BB3577E7F5595B494687818149EE968FEBC2C03
2025-07-15 19:46:37.988, ReplyFindNode, cd361fc7-ebd1-46c3-ae83-64bf4c3170b9, 7BB3577E7F5595B494687818149EE168FEBC2C03, 7BB3577E7F5595B494687818149EE168FEBC2C03
2025-07-15 19:46:44.959, Join, 93d783b7-d660-46aa-b103-af73189ecb23, 488D91B7237C9FDEC56C70D9374C721A2F230821
2025-07-15 19:46:45.463, FindNode, 09c005a2-9bf7-4248-9bfb-7526cd4adbf8, 7BB3577E7F5595B494687818149EE168FEBC2C03, 488D91B7237C9FDEC56C70D9374C721A2F230821
2025-07-15 19:46:45.464, ReplyFindNode, 09c005a2-9bf7-4248-9bfb-7526cd4adbf8, 7BB3577E7F5595B494687818149EE168FEBC2C03, 7BB3577E7F5595B494687818149EE168FEBC2C03
2025-07-15 19:46:45.864, FindNode, 0a30189a-ae2c-40a7-abce-741bcc069809, 488D91B7237C9FDEC56C70D9374C721A2F230821, 488D91B7237C9FDEC56C70E9374C721A2F230821
2025-07-15 19:46:45.865, ReplyJoin, 93d783b7-d660-46aa-b103-af73189ecb23
2025-07-15 19:46:45.874, ReplyFindNode, 0a30189a-ae2c-40a7-abce-741bcc069809, 488D91B7237C9FDEC56C70D9374C721A2F230821, 7BB3577E7F5595B494687818149EE168FEBC2C03
2025-07-15 19:46:49.988, FindNode, ce883e50-8e78-4c5e-9d61-d48e100bdb97, 7BB3577E7F5595B494687818149EE168FEBC2C03, 7BB3577E7F5595B594687818149EE168FEBC2C03
2025-07-15 19:46:49.989, ReplyFindNode, ce883e50-8e78-4c5e-9d61-d48e100bdb97, 7BB3577E7F5595B494687818149EE168FEBC2C03, 488D91B7237C9FDEC56C70D9374C721A2F230821
2025-07-15 19:46:57.875, FindNode, ff79611b-76d2-45b9-b1b4-cfd92c3a9234, 488D91B7237C9FDEC56C70D9374C721A2F230821, 488D91B7237C9FDEC56C70D9374C721A2F230921
2025-07-15 19:46:57.875, ReplyFindNode, ff79611b-76d2-45b9-b1b4-cfd92c3a9234, 488D91B7237C9FDEC56C70D9374C721A2F230821, 7BB3577E7F5595B494687818149EE168FEBC2C03
2025-07-15 19:47:01.989, FindNode, cf1ebae3-0fde-4909-8484-d5fb1a236518, 7BB3577E7F5595B494687818149EE168FEBC2C03, 7BB3577E7F5595B494687818249EE168FEBC2C03
2025-07-15 19:47:01.990, ReplyFindNode, cf1ebae3-0fde-4909-8484-d5fb1a236518, 7BB3577E7F5595B494687818149EE168FEBC2C03, 488D91B7237C9FDEC56C70D9374C721A2F230821
2025-07-15 19:47:09.876, FindNode, 447212ed-88ca-47d4-9f4d-981d9e702bc8, 488D91B7237C9FDEC56C70D9374C721A2F230821, 488D91B7237C9FDEC57470D9374C721A2F230821
2025-07-15 19:47:09.876, ReplyFindNode, 447212ed-88ca-47d4-9f4d-981d9e702bc8, 488D91B7237C9FDEC56C70D9374C721A2F230821, 7BB3577E7F5595B494687818149EE168FEBC2C03
2025-07-15 19:47:13.990, FindNode, abe048f5-aab1-4728-8b7d-dd0ec9f49a4e, 7BB3577E7F5595B494687818149EE168FEBC2C03, 7BB3577E7F5795B494687818149EE168FEBC2C03
2025-07-15 19:47:13.990, ReplyFindNode, abe048f5-aab1-4728-8b7d-dd0ec9f49a4e, 7BB3577E7F5595B494687818149EE168FEBC2C03, 488D91B7237C9FDEC56C70D9374C721A2F230821
2025-07-15 19:47:16.158, Join, e83f141e-ade9-4e02-9b88-545d5bf56f56, ADC0E723DF6E376068DC6BEFDD59C00882974E21
2025-07-15 19:47:16.585, FindNode, 1363224d-87bf-4a30-9f1b-1fd9904228e9, 7BB3577E7F5595B494687818149EE168FEBC2C03, ADC0E723DF6E376068DC6BEFDD59C00882974E21
2025-07-15 19:47:16.585, ReplyFindNode, 1363224d-87bf-4a30-9f1b-1fd9904228e9, 7BB3577E7F5595B494687818149EE168FEBC2C03, 488D91B7237C9FDEC56C70D9374C721A2F230821
2025-07-15 19:47:17.427, FindNode, 654c34e1-64af-4249-b5b9-4d29f3513ff6, ADC0E723DF6E376068DC6BEFDD59C00882974E21, AE00E723DF6E376068DC6BEFDD59C00882974E21
2025-07-15 19:47:17.429, ReplyJoin, e83f141e-ade9-4e02-9b88-545d5bf56f56
2025-07-15 19:47:17.437, ReplyFindNode, 654c34e1-64af-4249-b5b9-4d29f3513ff6, ADC0E723DF6E376068DC6BEFDD59C00882974E21, 488D91B7237C9FDEC56C70D9374C721A2F230821
2025-07-15 19:47:21.876, FindNode, 1bef86f9-98b1-4ebe-87b5-79cacc44ef02, 488D91B7237C9FDEC56C70D9374C721A2F230821, 488D91D7237C9FDEC56C70D9374C721A2F230821
2025-07-15 19:47:21.877, ReplyFindNode, 1bef86f9-98b1-4ebe-87b5-79cacc44ef02, 488D91B7237C9FDEC56C70D9374C721A2F230821, 7BB3577E7F5595B494687818149EE168FEBC2C03
2025-07-15 19:47:25.991, FindNode, 4b29c011-e31e-4e6e-a2c5-6f289962e563, 7BB3577E7F5595B494687818149EE168FEBC2C03, 7BB357807F5595B494687818149EE168FEBC2C03
2025-07-15 19:47:25.991, ReplyFindNode, 4b29c011-e31e-4e6e-a2c5-6f289962e563, 7BB3577E7F5595B494687818149EE168FEBC2C03, ADC0E723DF6E376068DC6BEFDD59C00882974E21
2025-07-15 19:47:29.438, FindNode, 7696e5a1-ab1a-425d-8d84-3df35dabc5aa, ADC0E723DF6E376068DC6BEFDD59C00882974E21, ADC0E723DF6E376068DCABEFDD59C00882974E21
2025-07-15 19:47:29.438, ReplyFindNode, 7696e5a1-ab1a-425d-8d84-3df35dabc5aa, ADC0E723DF6E376068DC6BEFDD59C00882974E21, 488D91B7237C9FDEC56C70D9374C721A2F230821
2025-07-15 19:47:33.878, FindNode, 7c30232e-bbfd-453e-94e5-e819b60aed9d, 488D91B7237C9FDEC56C70D9374C721A2F230821, 490D91B7237C9FDEC56C70D9374C721A2F230821
2025-07-15 19:47:33.878, ReplyFindNode, 7c30232e-bbfd-453e-94e5-e819b60aed9d, 488D91B7237C9FDEC56C70D9374C721A2F230821, 7BB3577E7F5595B494687818149EE168FEBC2C03
2025-07-15 19:47:37.992, FindNode, 5e46408d-6de9-4940-a1e0-3c400824aaf7, 7BB3577E7F5595B494687818149EE168FEBC2C03, 7BB3577E7F5595B494687818149EE1697EBC2C03
2025-07-15 19:47:37.992, ReplyFindNode, 5e46408d-6de9-4940-a1e0-3c400824aaf7, 7BB3577E7F5595B494687818149EE168FEBC2C03, ADC0E723DF6E376068DC6BEFDD59C00882974E21
2025-07-15 19:47:41.439, FindNode, 47a57853-2089-485c-921a-b29dd63ce202, ADC0E723DF6E376068DC6BEFDD59C00882974E21, ADC0E723DF6E376868DC6BEFDD59C00882974E21
2025-07-15 19:47:41.439, ReplyFindNode, 47a57853-2089-485c-921a-b29dd63ce202, ADC0E723DF6E376068DC6BEFDD59C00882974E21, 488D91B7237C9FDEC56C70D9374C721A2F230821
2025-07-15 19:47:45.879, FindNode, e6729736-b16d-422e-a98d-321b76b0ad26, 488D91B7237C9FDEC56C70D9374C721A2F230821, 488D91B7237C9FDEC57470D9374C721A2F230821
2025-07-15 19:47:45.879, ReplyFindNode, e6729736-b16d-422e-a98d-321b76b0ad26, 488D91B7237C9FDEC56C70D9374C721A2F230821, 7BB3577E7F5595B494687818149EE168FEBC2C03
2025-07-15 19:47:47.245, StartStableRegimen
2025-07-15 19:47:49.993, FindNode, 9d7c53a2-acb4-4d87-a712-0e238d6b96c5, 7BB3577E7F5595B494687818149EE168FEBC2C03, 7BB3577E7F5595B498687818149EE168FEBC2C03
2025-07-15 19:47:49.993, ReplyFindNode, 9d7c53a2-acb4-4d87-a712-0e238d6b96c5, 7BB3577E7F5595B494687818149EE168FEBC2C03, ADC0E723DF6E376068DC6BEFDD59C00882974E21
2025-07-15 19:47:53.440, FindNode, 4b74ccd3-dc10-4c65-bbce-d9276a044ad1, ADC0E723DF6E376068DC6BEFDD59C00882974E21, ADC0E723DF6E376068DC6DEFDD59C00882974E21
2025-07-15 19:47:53.440, ReplyFindNode, 4b74ccd3-dc10-4c65-bbce-d9276a044ad1, ADC0E723DF6E376068DC6BEFDD59C00882974E21, 488D91B7237C9FDEC56C70D9374C721A2F230821
2025-07-15 19:47:57.745, StartReadWriteRegimen
2025-07-15 19:47:57.880, FindNode, 71899f7f-d058-4d03-9fd3-95fc6f0fe81d, 488D91B7237C9FDEC56C70D9374C721A2F230821, 48AD91B7237C9FDEC56C70D9374C721A2F230821
2025-07-15 19:47:57.880, ReplyFindNode, 71899f7f-d058-4d03-9fd3-95fc6f0fe81d, 488D91B7237C9FDEC56C70D9374C721A2F230821, 7BB3577E7F5595B494687818149EE168FEBC2C03
2025-07-15 19:47:58.255, Lookup, 56b70d68-66cf-4c1e-ade8-fd13cce1dd84, ADC0E723DF6E376068DC6BEFDD59C00882974E21, 623451B1C32F4EAF28A948346B38E0C435C9B941
2025-07-15 19:47:58.301, FindNode, d0ac68a3-facf-4625-b945-fc5059519a03, 488D91B7237C9FDEC56C70D9374C721A2F230821, 623451B1C32F4EAF28A948346B38E0C435C9B941
2025-07-15 19:47:58.301, ReplyFindNode, d0ac68a3-facf-4625-b945-fc5059519a03, 488D91B7237C9FDEC56C70D9374C721A2F230821, 7BB3577E7F5595B494687818149EE168FEBC2C03
2025-07-15 19:47:58.517, ReplyLookup, 56b70d68-66cf-4c1e-ade8-fd13cce1dd84, 488D91B7237C9FDEC56C70D9374C721A2F230821,
2025-07-15 19:47:58.770, Lookup, 8e32014f-94c2-4183-8808-15a57049d80a, 488D91B7237C9FDEC56C70D9374C721A2F230821, CBA409FE9BE57AC094BAA16FFE3B518CA8EAB1AD
2025-07-15 19:47:58.774, FindNode, e3976ad9-ba82-4cd3-93b6-451a48364a48, ADC0E723DF6E376068DC6BEFDD59C00882974E21, CBA409FE9BE57AC094BAA16FFE3B518CA8EAB1AD
2025-07-15 19:47:58.774, ReplyFindNode, e3976ad9-ba82-4cd3-93b6-451a48364a48, ADC0E723DF6E376068DC6BEFDD59C00882974E21, 488D91B7237C9FDEC56C70D9374C721A2F230821
2025-07-15 19:47:58.973, ReplyLookup, 8e32014f-94c2-4183-8808-15a57049d80a, ADC0E723DF6E376068DC6BEFDD59C00882974E21,
2025-07-15 19:47:59.276, Store, 36460f76-a951-4f67-96cf-d791320e0a6a, 7BB3577E7F5595B494687818149EE168FEBC2C03, 8C1E5403FD8A45BBECB50ED48E66CE309B51C285, 44E65DC814999576EFB356FC593C6BA788A52070
2025-07-15 19:47:59.344, ReplyStore, 36460f76-a951-4f67-96cf-d791320e0a6a, ADC0E723DF6E376068DC6BEFDD59C00882974E21
2025-07-15 19:48:01.993, FindNode, 9427a0a4-becb-438b-919b-fa31c6faad9f, 7BB3577E7F5595B494687818149EE168FEBC2C03, 7BB3577E7F5595B494687818249EE168FEBC2C03
2025-07-15 19:48:01.994, ReplyFindNode, 9427a0a4-becb-438b-919b-fa31c6faad9f, 7BB3577E7F5595B494687818149EE168FEBC2C03, ADC0E723DF6E376068DC6BEFDD59C00882974E21
2025-07-15 19:48:05.441, FindNode, 008239f9-c2eb-4f46-a288-225f4f9cb2b7, ADC0E723DF6E376068DC6BEFDD59C00882974E21, ADC0E723DF6E3B6068DC6BEFDD59C00882974E21
2025-07-15 19:48:05.441, ReplyFindNode, 008239f9-c2eb-4f46-a288-225f4f9cb2b7, ADC0E723DF6E376068DC6BEFDD59C00882974E21, 488D91B7237C9FDEC56C70D9374C721A2F230821
2025-07-15 19:48:09.881, FindNode, 64b5e90b-e10f-4429-bd3a-69183a2b0f50, 488D91B7237C9FDEC56C70D9374C721A2F230821, 488D91B7237C9FDEC56CB0D9374C721A2F230821
2025-07-15 19:48:09.881, ReplyFindNode, 64b5e90b-e10f-4429-bd3a-69183a2b0f50, 488D91B7237C9FDEC56C70D9374C721A2F230821, 7BB3577E7F5595B494687818149EE168FEBC2C03
2025-07-15 19:48:13.254, Store, c623d2bf-aa62-4c37-aa14-49f896249174, ADC0E723DF6E376068DC6BEFDD59C00882974E21, E9C37BEEF51AAC584CB600E7D83DC7410DC57FBC, 7A320980AE11BB283ACC7735052FFFA99DD52EB4
2025-07-15 19:48:13.309, ReplyStore, c623d2bf-aa62-4c37-aa14-49f896249174, 488D91B7237C9FDEC56C70D9374C721A2F230821
2025-07-15 19:48:13.769, Lookup, 8b6a5415-71b7-472d-9abb-3aa51b075c0a, 488D91B7237C9FDEC56C70D9374C721A2F230821, 084C92B05146C206856D5BD6B710423B147C02BE
2025-07-15 19:48:13.813, FindNode, 910ed384-85f5-4ff9-9a87-b87cc044f505, ADC0E723DF6E376068DC6BEFDD59C00882974E21, 084C92B05146C206856D5BD6B710423B147C02BE
2025-07-15 19:48:13.813, ReplyFindNode, 910ed384-85f5-4ff9-9a87-b87cc044f505, ADC0E723DF6E376068DC6BEFDD59C00882974E21, 488D91B7237C9FDEC56C70D9374C721A2F230821
2025-07-15 19:48:13.994, FindNode, 74b91e42-21a3-4b4a-8350-4bda2cd83096, 7BB3577E7F5595B494687818149EE168FEBC2C03, 7BB3577E7F5595B494687818149EE1690EBC2C03
2025-07-15 19:48:13.995, ReplyFindNode, 74b91e42-21a3-4b4a-8350-4bda2cd83096, 7BB3577E7F5595B494687818149EE168FEBC2C03, ADC0E723DF6E376068DC6BEFDD59C00882974E21
2025-07-15 19:48:13.997, ReplyLookup, 8b6a5415-71b7-472d-9abb-3aa51b075c0a, ADC0E723DF6E376068DC6BEFDD59C00882974E21,
2025-07-15 19:48:14.273, Store, 44c08c75-99f4-4c16-a5af-91fb2d95c8dc, 7BB3577E7F5595B494687818149EE168FEBC2C03, 6482183064C6312DE3FC14FE912062CC67103876, 211E69D0731F68DE798C256BE7F9304533D57B87
2025-07-15 19:48:14.317, FindNode, 69fab498-4752-4b75-aabb-3634b2ce034d, 488D91B7237C9FDEC56C70D9374C721A2F230821, 6482183064C6312DE3FC14FE912062CC67103876
2025-07-15 19:48:14.317, ReplyFindNode, 69fab498-4752-4b75-aabb-3634b2ce034d, 488D91B7237C9FDEC56C70D9374C721A2F230821, 7BB3577E7F5595B494687818149EE168FEBC2C03
2025-07-15 19:48:14.372, ReplyStore, 44c08c75-99f4-4c16-a5af-91fb2d95c8dc, 488D91B7237C9FDEC56C70D9374C721A2F230821
2025-07-15 19:48:17.441, FindNode, 115494dc-b3e7-4af7-8dd1-55b9178f0616, ADC0E723DF6E376068DC6BEFDD59C00882974E21, ADC0E723DF6E376068DC6BF0DD59C00882974E21
2025-07-15 19:48:17.442, ReplyFindNode, 115494dc-b3e7-4af7-8dd1-55b9178f0616, ADC0E723DF6E376068DC6BEFDD59C00882974E21, 488D91B7237C9FDEC56C70D9374C721A2F230821
2025-07-15 19:48:21.882, FindNode, 92ad7085-d10c-4c9b-af60-62807a176a5e, 488D91B7237C9FDEC56C70D9374C721A2F230821, 488D91B7237C9FDEC56C70D9374C721C2F230821
2025-07-15 19:48:21.882, ReplyFindNode, 92ad7085-d10c-4c9b-af60-62807a176a5e, 488D91B7237C9FDEC56C70D9374C721A2F230821, 7BB3577E7F5595B494687818149EE168FEBC2C03
2025-07-15 19:48:25.995, FindNode, bf5e8ac7-c660-406e-8afe-573b3893bc74, 7BB3577E7F5595B494687818149EE168FEBC2C03, 8BB3577E7F5595B494687818149EE168FEBC2C03
2025-07-15 19:48:25.995, ReplyFindNode, bf5e8ac7-c660-406e-8afe-573b3893bc74, 7BB3577E7F5595B494687818149EE168FEBC2C03, ADC0E723DF6E376068DC6BEFDD59C00882974E21
2025-07-15 19:48:28.254, Remove, d2069500-505f-4b9e-ad7e-d39a5f23e280, ADC0E723DF6E376068DC6BEFDD59C00882974E21, E9C37BEEF51AAC584CB600E7D83DC7410DC57FBC, 7A320980AE11BB283ACC7735052FFFA99DD52EB4
2025-07-15 19:48:28.301, ReplyRemove, d2069500-505f-4b9e-ad7e-d39a5f23e280, 488D91B7237C9FDEC56C70D9374C721A2F230821
2025-07-15 19:48:28.768, Lookup, 34dfc39d-5621-483b-9865-a2a529466020, 488D91B7237C9FDEC56C70D9374C721A2F230821, 524377CDE8725AC0D2731F7427E2BA0C75991BCC
2025-07-15 19:48:28.814, ReplyLookup, 34dfc39d-5621-483b-9865-a2a529466020, 7BB3577E7F5595B494687818149EE168FEBC2C03,
2025-07-15 19:48:29.273, Store, 645c5d01-3820-4367-b673-62a1cd48e902, 7BB3577E7F5595B494687818149EE168FEBC2C03, 0D72C8E05CBB0A1D1B6071D976C5CDA18D1A124C, 7DEB9A3C72639C3BE93B85AE69F74D98F0EF5558
2025-07-15 19:48:29.317, FindNode, 38377594-fa4d-404e-b250-8b26af738567, ADC0E723DF6E376068DC6BEFDD59C00882974E21, 0D72C8E05CBB0A1D1B6071D976C5CDA18D1A124C
2025-07-15 19:48:29.317, ReplyFindNode, 38377594-fa4d-404e-b250-8b26af738567, ADC0E723DF6E376068DC6BEFDD59C00882974E21, 488D91B7237C9FDEC56C70D9374C721A2F230821
2025-07-15 19:48:29.412, ReplyStore, 645c5d01-3820-4367-b673-62a1cd48e902, ADC0E723DF6E376068DC6BEFDD59C00882974E21
2025-07-15 19:48:29.442, FindNode, dc9bb285-d4e9-4702-a304-a343e05891bc, ADC0E723DF6E376068DC6BEFDD59C00882974E21, AE00E723DF6E376068DC6BEFDD59C00882974E21
2025-07-15 19:48:29.443, ReplyFindNode, dc9bb285-d4e9-4702-a304-a343e05891bc, ADC0E723DF6E376068DC6BEFDD59C00882974E21, 488D91B7237C9FDEC56C70D9374C721A2F230821
2025-07-15 19:48:33.882, FindNode, a8eb524f-ca86-4432-80ed-aa4ae373cc6e, 488D91B7237C9FDEC56C70D9374C721A2F230821, 488D93B7237C9FDEC56C70D9374C721A2F230821
2025-07-15 19:48:33.883, ReplyFindNode, a8eb524f-ca86-4432-80ed-aa4ae373cc6e, 488D91B7237C9FDEC56C70D9374C721A2F230821, 7BB3577E7F5595B494687818149EE168FEBC2C03
2025-07-15 19:48:37.996, FindNode, 2f883684-52df-4fec-827a-cc370abef724, 7BB3577E7F5595B494687818149EE168FEBC2C03, 7BB3577E7F5595B4946A7818149EE168FEBC2C03
2025-07-15 19:48:37.996, ReplyFindNode, 2f883684-52df-4fec-827a-cc370abef724, 7BB3577E7F5595B494687818149EE168FEBC2C03, ADC0E723DF6E376068DC6BEFDD59C00882974E21
2025-07-15 19:48:41.443, FindNode, e1e16ff0-117c-4fb5-8418-a46c22aed90a, ADC0E723DF6E376068DC6BEFDD59C00882974E21, BDC0E723DF6E376068DC6BEFDD59C00882974E21
2025-07-15 19:48:41.443, ReplyFindNode, e1e16ff0-117c-4fb5-8418-a46c22aed90a, ADC0E723DF6E376068DC6BEFDD59C00882974E21, 488D91B7237C9FDEC56C70D9374C721A2F230821
2025-07-15 19:48:43.253, Store, 4d502499-bda3-4af5-ab48-de91f4de716d, ADC0E723DF6E376068DC6BEFDD59C00882974E21, 00BF75C0771FE5C00E4E21973BCFD90CDFBF8992, 4872D52F470A9C7E0B66D0A4062715D07BBF24C0
2025-07-15 19:48:43.300, ReplyStore, 4d502499-bda3-4af5-ab48-de91f4de716d, 488D91B7237C9FDEC56C70D9374C721A2F230821
2025-07-15 19:48:43.769, Store, be8d2e42-809b-4b32-82ef-9e721ef99f50, 488D91B7237C9FDEC56C70D9374C721A2F230821, 20A5461E257D93E9FCBFB4F19F2A9243AFEE918C, B4841A6CFF87141380778AF4406DCD14D736B6E1
2025-07-15 19:48:43.821, FindNode, df03a03a-58de-4a2d-b0f9-c1817307b1f2, ADC0E723DF6E376068DC6BEFDD59C00882974E21, 20A5461E257D93E9FCBFB4F19F2A9243AFEE918C
2025-07-15 19:48:43.821, ReplyFindNode, df03a03a-58de-4a2d-b0f9-c1817307b1f2, ADC0E723DF6E376068DC6BEFDD59C00882974E21, 488D91B7237C9FDEC56C70D9374C721A2F230821
2025-07-15 19:48:43.912, ReplyStore, be8d2e42-809b-4b32-82ef-9e721ef99f50, ADC0E723DF6E376068DC6BEFDD59C00882974E21
2025-07-15 19:48:44.273, Lookup, 5109d810-5dd0-4d49-84fc-a40b78bde121, 7BB3577E7F5595B494687818149EE168FEBC2C03, 6482183064C6312DE3FC14FE912062CC67103876
2025-07-15 19:48:44.316, FindNode, 40825810-ff53-429d-9700-9c8003928373, 488D91B7237C9FDEC56C70D9374C721A2F230821, 6482183064C6312DE3FC14FE912062CC67103876
2025-07-15 19:48:44.317, ReplyFindNode, 40825810-ff53-429d-9700-9c8003928373, 488D91B7237C9FDEC56C70D9374C721A2F230821, 7BB3577E7F5595B494687818149EE168FEBC2C03
2025-07-15 19:48:44.454, ReplyLookup, 5109d810-5dd0-4d49-84fc-a40b78bde121, 488D91B7237C9FDEC56C70D9374C721A2F230821, 211E69D0731F68DE798C256BE7F9304533D57B87
2025-07-15 19:48:45.883, FindNode, afb4acb3-8ee9-4082-a084-213b592d2b45, 488D91B7237C9FDEC56C70D9374C721A2F230821, 489D91B7237C9FDEC56C70D9374C721A2F230821
2025-07-15 19:48:45.883, ReplyFindNode, afb4acb3-8ee9-4082-a084-213b592d2b45, 488D91B7237C9FDEC56C70D9374C721A2F230821, 7BB3577E7F5595B494687818149EE168FEBC2C03
2025-07-15 19:48:49.997, FindNode, e244abca-7794-4096-aaa3-360641583b22, 7BB3577E7F5595B494687818149EE168FEBC2C03, 7BB7577E7F5595B494687818149EE168FEBC2C03
2025-07-15 19:48:49.997, ReplyFindNode, e244abca-7794-4096-aaa3-360641583b22, 7BB3577E7F5595B494687818149EE168FEBC2C03, ADC0E723DF6E376068DC6BEFDD59C00882974E21
2025-07-15 19:48:53.444, FindNode, 60b89dd3-9080-4ee9-a823-f8cdb99f934b, ADC0E723DF6E376068DC6BEFDD59C00882974E21, ADC0E723DF6E376068DC6BEFDD59C00882974E41
2025-07-15 19:48:53.444, ReplyFindNode, 60b89dd3-9080-4ee9-a823-f8cdb99f934b, ADC0E723DF6E376068DC6BEFDD59C00882974E21, 488D91B7237C9FDEC56C70D9374C721A2F230821
2025-07-15 19:48:57.884, FindNode, 892ddbfe-28a5-4a2e-bda4-441cb8b496fe, 488D91B7237C9FDEC56C70D9374C721A2F230821, 488D91B7237C9FDFC56C70D9374C721A2F230821
2025-07-15 19:48:57.884, ReplyFindNode, 892ddbfe-28a5-4a2e-bda4-441cb8b496fe, 488D91B7237C9FDEC56C70D9374C721A2F230821, 7BB3577E7F5595B494687818149EE168FEBC2C03
2025-07-15 19:48:58.253, Remove, 35b58aaf-306b-42db-8705-a5d3c49397da, ADC0E723DF6E376068DC6BEFDD59C00882974E21, 00BF75C0771FE5C00E4E21973BCFD90CDFBF8992, 4872D52F470A9C7E0B66D0A4062715D07BBF24C0
2025-07-15 19:48:58.296, ReplyRemove, 35b58aaf-306b-42db-8705-a5d3c49397da, 488D91B7237C9FDEC56C70D9374C721A2F230821
2025-07-15 19:48:58.768, Store, 38593d48-d6ab-42a3-a0e2-bcb8129d5fb6, 488D91B7237C9FDEC56C70D9374C721A2F230821, 4972B78B75E1FBE7528F0BCC0C7B0CF7E0E6BB0B, CD80598EC517EAE9A358EDA9FD94A445051EF53F
2025-07-15 19:48:58.816, ReplyStore, 38593d48-d6ab-42a3-a0e2-bcb8129d5fb6, 7BB3577E7F5595B494687818149EE168FEBC2C03
2025-07-15 19:48:59.273, Lookup, dc0e76f7-30dd-4eb7-afd8-fe01faae236a, 7BB3577E7F5595B494687818149EE168FEBC2C03, E30B2DA212DBA96C958944E3E09107C4A46BFE85
2025-07-15 19:48:59.317, FindNode, 8e3a7357-b4c2-45a3-b538-c1e32c78216a, ADC0E723DF6E376068DC6BEFDD59C00882974E21, E30B2DA212DBA96C958944E3E09107C4A46BFE85
2025-07-15 19:48:59.317, ReplyFindNode, 8e3a7357-b4c2-45a3-b538-c1e32c78216a, ADC0E723DF6E376068DC6BEFDD59C00882974E21, 488D91B7237C9FDEC56C70D9374C721A2F230821
2025-07-15 19:48:59.492, ReplyLookup, dc0e76f7-30dd-4eb7-afd8-fe01faae236a, ADC0E723DF6E376068DC6BEFDD59C00882974E21,
2025-07-15 19:48:59.965, EndStableRegimen
2025-07-15 19:49:00.467, Leave, e45a1155-3d77-4d93-8812-1167fd73cf59, ADC0E723DF6E376068DC6BEFDD59C00882974E21
2025-07-15 19:49:00.519, ReplyLeave, e45a1155-3d77-4d93-8812-1167fd73cf59
2025-07-15 19:49:00.520, EndMember, ADC0E723DF6E376068DC6BEFDD59C00882974E21
2025-07-15 19:49:00.961, StartStableRegimen
2025-07-15 19:49:01.997, FindNode, 3b8ecdfc-ae58-45d9-bdd0-a669ebe90f82, 7BB3577E7F5595B494687818149EE168FEBC2C03, 7BB3577E7F5595B494707818149EE168FEBC2C03
2025-07-15 19:49:01.998, ReplyFindNode, 3b8ecdfc-ae58-45d9-bdd0-a669ebe90f82, 7BB3577E7F5595B494687818149EE168FEBC2C03, ADC0E723DF6E376068DC6BEFDD59C00882974E21
2025-07-15 19:49:09.885, FindNode, 74d2fa83-4577-4f68-b442-49735cd1dbfa, 488D91B7237C9FDEC56C70D9374C721A2F230821, C88D91B7237C9FDEC56C70D9374C721A2F230821
2025-07-15 19:49:09.929, FindNode, 7b873e3d-9014-4cb3-935c-2ac682280f04, 7BB3577E7F5595B494687818149EE168FEBC2C03, C88D91B7237C9FDEC56C70D9374C721A2F230821
2025-07-15 19:49:09.929, ReplyFindNode, 7b873e3d-9014-4cb3-935c-2ac682280f04, 7BB3577E7F5595B494687818149EE168FEBC2C03, 488D91B7237C9FDEC56C70D9374C721A2F230821
2025-07-15 19:49:09.931, ReplyFindNode, 74d2fa83-4577-4f68-b442-49735cd1dbfa, 488D91B7237C9FDEC56C70D9374C721A2F230821, 7BB3577E7F5595B494687818149EE168FEBC2C03
2025-07-15 19:49:13.768, Lookup, c92a7a62-1cea-4609-a305-db0b22f20cf4, 488D91B7237C9FDEC56C70D9374C721A2F230821, DB0B4002144BE3AF077D960E607619CB36897DBF
2025-07-15 19:49:13.813, FindNode, 0f98869f-c2a2-45c8-af9e-7645fbaa347e, 7BB3577E7F5595B494687818149EE168FEBC2C03, DB0B4002144BE3AF077D960E607619CB36897DBF
2025-07-15 19:49:13.813, ReplyFindNode, 0f98869f-c2a2-45c8-af9e-7645fbaa347e, 7BB3577E7F5595B494687818149EE168FEBC2C03, 488D91B7237C9FDEC56C70D9374C721A2F230821
2025-07-15 19:49:13.944, ReplyLookup, c92a7a62-1cea-4609-a305-db0b22f20cf4, 7BB3577E7F5595B494687818149EE168FEBC2C03,
2025-07-15 19:49:13.998, FindNode, 5c5b4628-893d-4d59-9a44-1f59deb4113b, 7BB3577E7F5595B494687818149EE168FEBC2C03, 7BB3577E7F5595B494687818149EE168FEBC2C83
2025-07-15 19:49:13.998, ReplyFindNode, 5c5b4628-893d-4d59-9a44-1f59deb4113b, 7BB3577E7F5595B494687818149EE168FEBC2C03, 488D91B7237C9FDEC56C70D9374C721A2F230821
2025-07-15 19:49:14.273, Lookup, 71d2a8b3-aa79-4636-8a0f-279b9ea2341a, 7BB3577E7F5595B494687818149EE168FEBC2C03, D909219BBFB971BF485F85732D86097E4B8050BC
2025-07-15 19:49:14.317, ReplyLookup, 71d2a8b3-aa79-4636-8a0f-279b9ea2341a, 488D91B7237C9FDEC56C70D9374C721A2F230821,
2025-07-15 19:49:21.931, FindNode, 77788554-6d67-4f04-81b0-2ebedeb0f9b9, 488D91B7237C9FDEC56C70D9374C721A2F230821, 488D91B7237C9FDEC56C7159374C721A2F230821
2025-07-15 19:49:21.932, ReplyFindNode, 77788554-6d67-4f04-81b0-2ebedeb0f9b9, 488D91B7237C9FDEC56C70D9374C721A2F230821, 7BB3577E7F5595B494687818149EE168FEBC2C03
2025-07-15 19:49:25.999, FindNode, 25f2946b-e765-4ae7-981e-db729c1b7023, 7BB3577E7F5595B494687818149EE168FEBC2C03, 7BB3577E7F5595B494687818349EE168FEBC2C03
2025-07-15 19:49:25.999, ReplyFindNode, 25f2946b-e765-4ae7-981e-db729c1b7023, 7BB3577E7F5595B494687818149EE168FEBC2C03, 488D91B7237C9FDEC56C70D9374C721A2F230821
2025-07-15 19:49:28.768, Lookup, ed1aaec5-50ba-48db-b7b0-69a02830bfeb, 488D91B7237C9FDEC56C70D9374C721A2F230821, 20A5461E257D93E9FCBFB4F19F2A9243AFEE918C
2025-07-15 19:49:28.812, FindNode, 69c338db-d329-430c-9c7b-2f8be08f3806, 7BB3577E7F5595B494687818149EE168FEBC2C03, 20A5461E257D93E9FCBFB4F19F2A9243AFEE918C
2025-07-15 19:49:28.813, ReplyFindNode, 69c338db-d329-430c-9c7b-2f8be08f3806, 7BB3577E7F5595B494687818149EE168FEBC2C03, 488D91B7237C9FDEC56C70D9374C721A2F230821
2025-07-15 19:49:28.945, ReplyLookup, ed1aaec5-50ba-48db-b7b0-69a02830bfeb, 7BB3577E7F5595B494687818149EE168FEBC2C03, B4841A6CFF87141380778AF4406DCD14D736B6E1
2025-07-15 19:49:29.273, Lookup, 2aa1d653-405f-4f74-881a-a3c953743251, 7BB3577E7F5595B494687818149EE168FEBC2C03, A565259DBFCFE6D40D4D8FCAB1AAE55845015F69
2025-07-15 19:49:29.317, ReplyLookup, 2aa1d653-405f-4f74-881a-a3c953743251, 488D91B7237C9FDEC56C70D9374C721A2F230821,
2025-07-15 19:49:33.932, FindNode, 7a7d01a1-3d68-4454-9a1a-568d58174580, 488D91B7237C9FDEC56C70D9374C721A2F230821, 488D91B7237C9FDED56C70D9374C721A2F230821
2025-07-15 19:49:33.933, ReplyFindNode, 7a7d01a1-3d68-4454-9a1a-568d58174580, 488D91B7237C9FDEC56C70D9374C721A2F230821, 7BB3577E7F5595B494687818149EE168FEBC2C03
2025-07-15 19:49:37.999, FindNode, f50573ce-e18d-4d7d-a804-b20cfbc6aaa0, 7BB3577E7F5595B494687818149EE168FEBC2C03, 7CB3577E7F5595B494687818149EE168FEBC2C03
2025-07-15 19:49:38.000, ReplyFindNode, f50573ce-e18d-4d7d-a804-b20cfbc6aaa0, 7BB3577E7F5595B494687818149EE168FEBC2C03, 488D91B7237C9FDEC56C70D9374C721A2F230821
2025-07-15 19:49:43.769, Store, 5b078299-4e1c-44f9-88df-d9b9a8ec669e, 488D91B7237C9FDEC56C70D9374C721A2F230821, F83AFDBF1E4A7279A5E4A0D63C7D2F354EB5E3C7, C46DF3FBA59172BD0B1E825BA5E0C1F5A109E510
2025-07-15 19:49:43.812, FindNode, ae48d3fe-fa16-4d2e-ae9d-55b56c69124b, 7BB3577E7F5595B494687818149EE168FEBC2C03, F83AFDBF1E4A7279A5E4A0D63C7D2F354EB5E3C7
2025-07-15 19:49:43.813, ReplyFindNode, ae48d3fe-fa16-4d2e-ae9d-55b56c69124b, 7BB3577E7F5595B494687818149EE168FEBC2C03, 488D91B7237C9FDEC56C70D9374C721A2F230821
2025-07-15 19:49:43.905, ReplyStore, 5b078299-4e1c-44f9-88df-d9b9a8ec669e, 7BB3577E7F5595B494687818149EE168FEBC2C03
2025-07-15 19:49:44.273, Store, 0e702d40-b884-4669-8163-d74e74eea5ae, 7BB3577E7F5595B494687818149EE168FEBC2C03, F283F65B4F3BC43D5CDE609449592EF014AD317E, 86954B0558ACBE6787B6FB108FCA3CA9645718FA
2025-07-15 19:49:44.316, ReplyStore, 0e702d40-b884-4669-8163-d74e74eea5ae, 488D91B7237C9FDEC56C70D9374C721A2F230821
2025-07-15 19:49:45.933, FindNode, 96f22719-e693-4d4d-8560-0b9ecc5d4c87, 488D91B7237C9FDEC56C70D9374C721A2F230821, 488D91B7237C9FDEC56C70D9374C721A2F238821
2025-07-15 19:49:45.933, ReplyFindNode, 96f22719-e693-4d4d-8560-0b9ecc5d4c87, 488D91B7237C9FDEC56C70D9374C721A2F230821, 7BB3577E7F5595B494687818149EE168FEBC2C03
2025-07-15 19:49:50.000, FindNode, 417e2369-ce19-4153-87cd-a351abc0b1d1, 7BB3577E7F5595B494687818149EE168FEBC2C03, 7BB3577E7F5595B494687818149EE1697EBC2C03
2025-07-15 19:49:50.000, ReplyFindNode, 417e2369-ce19-4153-87cd-a351abc0b1d1, 7BB3577E7F5595B494687818149EE168FEBC2C03, 488D91B7237C9FDEC56C70D9374C721A2F230821
2025-07-15 19:49:57.934, FindNode, d7edcdc8-24e0-4624-8a76-9432cb1e07be, 488D91B7237C9FDEC56C70D9374C721A2F230821, 488D91B7237C9FDEC56C70D9374C721A2F230823
2025-07-15 19:49:57.934, ReplyFindNode, d7edcdc8-24e0-4624-8a76-9432cb1e07be, 488D91B7237C9FDEC56C70D9374C721A2F230821, 7BB3577E7F5595B494687818149EE168FEBC2C03
2025-07-15 19:49:58.769, Store, 96be5edd-d733-48e8-8638-61e221a628d5, 488D91B7237C9FDEC56C70D9374C721A2F230821, F8FB87BD1A25BD0684B9B409D0A528F256B12056, 77B9AC77EDD5BE54747B66D59377BC615FFCB4F1
2025-07-15 19:49:58.812, FindNode, a7cbe50c-c186-4ba7-a334-43a14e101c04, 7BB3577E7F5595B494687818149EE168FEBC2C03, F8FB87BD1A25BD0684B9B409D0A528F256B12056
2025-07-15 19:49:58.813, ReplyFindNode, a7cbe50c-c186-4ba7-a334-43a14e101c04, 7BB3577E7F5595B494687818149EE168FEBC2C03, 488D91B7237C9FDEC56C70D9374C721A2F230821
2025-07-15 19:49:58.904, ReplyStore, 96be5edd-d733-48e8-8638-61e221a628d5, 7BB3577E7F5595B494687818149EE168FEBC2C03
2025-07-15 19:49:59.274, Remove, 666477cc-d4d9-4f5f-9854-794b08ce1d97, 7BB3577E7F5595B494687818149EE168FEBC2C03, 8C1E5403FD8A45BBECB50ED48E66CE309B51C285, 44E65DC814999576EFB356FC593C6BA788A52070
2025-07-15 19:49:59.320, ReplyRemove, 666477cc-d4d9-4f5f-9854-794b08ce1d97, 488D91B7237C9FDEC56C70D9374C721A2F230821
2025-07-15 19:50:02.001, FindNode, 08e74645-dc78-48f0-91d7-5b0db614c46d, 7BB3577E7F5595B494687818149EE168FEBC2C03, 7BB3577E7F5595B494687818149EE168FEBCAC03
2025-07-15 19:50:02.001, ReplyFindNode, 08e74645-dc78-48f0-91d7-5b0db614c46d, 7BB3577E7F5595B494687818149EE168FEBC2C03, 488D91B7237C9FDEC56C70D9374C721A2F230821
2025-07-15 19:50:09.934, FindNode, ea4b6017-a7d2-4746-b663-e063630b22ad, 488D91B7237C9FDEC56C70D9374C721A2F230821, 488D91B723849FDEC56C70D9374C721A2F230821
2025-07-15 19:50:09.935, ReplyFindNode, ea4b6017-a7d2-4746-b663-e063630b22ad, 488D91B7237C9FDEC56C70D9374C721A2F230821, 7BB3577E7F5595B494687818149EE168FEBC2C03
2025-07-15 19:50:13.769, Lookup, e8030841-2567-4467-9ff7-4e1d6df8d47f, 488D91B7237C9FDEC56C70D9374C721A2F230821, D6220063ED4F3235813F3E2DC8549CDEB817DE3D
2025-07-15 19:50:13.812, FindNode, a3f8ab45-d8a9-474e-ac68-420a3c41ac1b, 7BB3577E7F5595B494687818149EE168FEBC2C03, D6220063ED4F3235813F3E2DC8549CDEB817DE3D
2025-07-15 19:50:13.813, ReplyFindNode, a3f8ab45-d8a9-474e-ac68-420a3c41ac1b, 7BB3577E7F5595B494687818149EE168FEBC2C03, 488D91B7237C9FDEC56C70D9374C721A2F230821
2025-07-15 19:50:13.944, ReplyLookup, e8030841-2567-4467-9ff7-4e1d6df8d47f, 7BB3577E7F5595B494687818149EE168FEBC2C03,
2025-07-15 19:50:14.001, FindNode, e057f6d2-e5a2-408e-b5d1-de6d478b5ce5, 7BB3577E7F5595B494687818149EE168FEBC2C03, 7BB3577E7F5595B494687818149F6168FEBC2C03
2025-07-15 19:50:14.002, ReplyFindNode, e057f6d2-e5a2-408e-b5d1-de6d478b5ce5, 7BB3577E7F5595B494687818149EE168FEBC2C03, 488D91B7237C9FDEC56C70D9374C721A2F230821
2025-07-15 19:50:14.274, Remove, 1b46ccf8-029e-445c-9e2f-9cac48d3d4a7, 7BB3577E7F5595B494687818149EE168FEBC2C03, 6482183064C6312DE3FC14FE912062CC67103876, 211E69D0731F68DE798C256BE7F9304533D57B87
2025-07-15 19:50:14.316, FindNode, 15a30d7b-a7eb-4275-bcfc-d3d7464918ee, 488D91B7237C9FDEC56C70D9374C721A2F230821, 6482183064C6312DE3FC14FE912062CC67103876
2025-07-15 19:50:14.317, ReplyFindNode, 15a30d7b-a7eb-4275-bcfc-d3d7464918ee, 488D91B7237C9FDEC56C70D9374C721A2F230821, 7BB3577E7F5595B494687818149EE168FEBC2C03
2025-07-15 19:50:14.324, ReplyRemove, 1b46ccf8-029e-445c-9e2f-9cac48d3d4a7, 488D91B7237C9FDEC56C70D9374C721A2F230821
2025-07-15 19:50:21.935, FindNode, d5fd65b5-ba6f-47d7-810a-d90b1bb86af3, 488D91B7237C9FDEC56C70D9374C721A2F230821, 488D91B7237C9FDEC56C70E9374C721A2F230821
2025-07-15 19:50:21.935, ReplyFindNode, d5fd65b5-ba6f-47d7-810a-d90b1bb86af3, 488D91B7237C9FDEC56C70D9374C721A2F230821, 7BB3577E7F5595B494687818149EE168FEBC2C03
2025-07-15 19:50:26.002, FindNode, 1c06e67a-dc6f-4c6a-a013-d3c319570229, 7BB3577E7F5595B494687818149EE168FEBC2C03, 7BB3D77E7F5595B494687818149EE168FEBC2C03
2025-07-15 19:50:26.002, ReplyFindNode, 1c06e67a-dc6f-4c6a-a013-d3c319570229, 7BB3577E7F5595B494687818149EE168FEBC2C03, 488D91B7237C9FDEC56C70D9374C721A2F230821
2025-07-15 19:50:28.769, Remove, c61ecd4f-be35-4e99-9f51-bfe0932550a5, 488D91B7237C9FDEC56C70D9374C721A2F230821, F8FB87BD1A25BD0684B9B409D0A528F256B12056, 77B9AC77EDD5BE54747B66D59377BC615FFCB4F1
2025-07-15 19:50:28.812, FindNode, a5117cb6-70b1-472f-b3d7-49855ba619cd, 7BB3577E7F5595B494687818149EE168FEBC2C03, F8FB87BD1A25BD0684B9B409D0A528F256B12056
2025-07-15 19:50:28.813, ReplyFindNode, a5117cb6-70b1-472f-b3d7-49855ba619cd, 7BB3577E7F5595B494687818149EE168FEBC2C03, 488D91B7237C9FDEC56C70D9374C721A2F230821
2025-07-15 19:50:28.904, ReplyRemove, c61ecd4f-be35-4e99-9f51-bfe0932550a5, 7BB3577E7F5595B494687818149EE168FEBC2C03
2025-07-15 19:50:29.274, Lookup, fb357124-297f-4ddd-b341-42d198e92bc4, 7BB3577E7F5595B494687818149EE168FEBC2C03, E0FA1E729C81CAB1D1F71449C4DEFDC7C2089D1D
2025-07-15 19:50:29.317, ReplyLookup, fb357124-297f-4ddd-b341-42d198e92bc4, 488D91B7237C9FDEC56C70D9374C721A2F230821,
2025-07-15 19:50:33.936, FindNode, 1d6ecfe7-63d8-4d4a-970d-668c2ebdf3d2, 488D91B7237C9FDEC56C70D9374C721A2F230821, 488DA1B7237C9FDEC56C70D9374C721A2F230821
2025-07-15 19:50:33.936, ReplyFindNode, 1d6ecfe7-63d8-4d4a-970d-668c2ebdf3d2, 488D91B7237C9FDEC56C70D9374C721A2F230821, 7BB3577E7F5595B494687818149EE168FEBC2C03
2025-07-15 19:50:38.003, FindNode, 53fc4dc9-8a3a-4769-bd16-49149e6e6d03, 7BB3577E7F5595B494687818149EE168FEBC2C03, 7BB3577E7F5595B494687858149EE168FEBC2C03
2025-07-15 19:50:38.003, ReplyFindNode, 53fc4dc9-8a3a-4769-bd16-49149e6e6d03, 7BB3577E7F5595B494687818149EE168FEBC2C03, 488D91B7237C9FDEC56C70D9374C721A2F230821
2025-07-15 19:50:43.769, Lookup, 9ef156d6-2014-4f94-aabc-c7c14504c464, 488D91B7237C9FDEC56C70D9374C721A2F230821, 46970298B7C49635134908446D6DD59B87AFD76A
2025-07-15 19:50:43.812, FindNode, dc2ca4eb-20b8-491c-bf75-c3846c1515fc, 7BB3577E7F5595B494687818149EE168FEBC2C03, 46970298B7C49635134908446D6DD59B87AFD76A
2025-07-15 19:50:43.813, ReplyFindNode, dc2ca4eb-20b8-491c-bf75-c3846c1515fc, 7BB3577E7F5595B494687818149EE168FEBC2C03, 488D91B7237C9FDEC56C70D9374C721A2F230821
2025-07-15 19:50:43.944, ReplyLookup, 9ef156d6-2014-4f94-aabc-c7c14504c464, 7BB3577E7F5595B494687818149EE168FEBC2C03,
2025-07-15 19:50:44.274, Lookup, 48e89171-7a9f-4c97-8026-d2f60acb28e8, 7BB3577E7F5595B494687818149EE168FEBC2C03, 0D72C8E05CBB0A1D1B6071D976C5CDA18D1A124C
2025-07-15 19:50:44.318, ReplyLookup, 48e89171-7a9f-4c97-8026-d2f60acb28e8, 488D91B7237C9FDEC56C70D9374C721A2F230821, 7DEB9A3C72639C3BE93B85AE69F74D98F0EF5558
2025-07-15 19:50:45.936, FindNode, daa4dbe5-af4e-460c-9f77-5ea213cbc011, 488D91B7237C9FDEC56C70D9374C721A2F230821, 488D91BB237C9FDEC56C70D9374C721A2F230821
2025-07-15 19:50:45.937, ReplyFindNode, daa4dbe5-af4e-460c-9f77-5ea213cbc011, 488D91B7237C9FDEC56C70D9374C721A2F230821, 7BB3577E7F5595B494687818149EE168FEBC2C03
2025-07-15 19:50:50.003, FindNode, 4b6d4916-34f5-4feb-897e-c6d4b76b9651, 7BB3577E7F5595B494687818149EE168FEBC2C03, 7BB3577E7F5595B494687818149EE16CFEBC2C03
2025-07-15 19:50:50.003, ReplyFindNode, 4b6d4916-34f5-4feb-897e-c6d4b76b9651, 7BB3577E7F5595B494687818149EE168FEBC2C03, 488D91B7237C9FDEC56C70D9374C721A2F230821
2025-07-15 19:50:57.937, FindNode, a5c063c5-b0d6-4528-8025-3bbe68cc9844, 488D91B7237C9FDEC56C70D9374C721A2F230821, 488D91B7237C9FDEC56C70D9374C721A2F232821
2025-07-15 19:50:57.937, ReplyFindNode, a5c063c5-b0d6-4528-8025-3bbe68cc9844, 488D91B7237C9FDEC56C70D9374C721A2F230821, 7BB3577E7F5595B494687818149EE168FEBC2C03
2025-07-15 19:50:58.769, Lookup, aac3124e-c4e5-4369-b456-242c1191f983, 488D91B7237C9FDEC56C70D9374C721A2F230821, D81ABF5B3BB23D0CB80B64502B890DD2AE9651C1
2025-07-15 19:50:58.812, FindNode, f62b31fe-121e-4ae7-8a7c-8d622fc5890c, 7BB3577E7F5595B494687818149EE168FEBC2C03, D81ABF5B3BB23D0CB80B64502B890DD2AE9651C1
2025-07-15 19:50:58.813, ReplyFindNode, f62b31fe-121e-4ae7-8a7c-8d622fc5890c, 7BB3577E7F5595B494687818149EE168FEBC2C03, 488D91B7237C9FDEC56C70D9374C721A2F230821
2025-07-15 19:50:58.988, ReplyLookup, aac3124e-c4e5-4369-b456-242c1191f983, 7BB3577E7F5595B494687818149EE168FEBC2C03,
2025-07-15 19:50:59.274, Lookup, e47b9c2e-810e-4740-87ea-f24525aeda1f, 7BB3577E7F5595B494687818149EE168FEBC2C03, 0D72C8E05CBB0A1D1B6071D976C5CDA18D1A124C
2025-07-15 19:50:59.318, ReplyLookup, e47b9c2e-810e-4740-87ea-f24525aeda1f, 488D91B7237C9FDEC56C70D9374C721A2F230821, 7DEB9A3C72639C3BE93B85AE69F74D98F0EF5558
2025-07-15 19:51:02.004, FindNode, 2f2f3d18-7328-4484-ba1b-42f61c748eb9, 7BB3577E7F5595B494687818149EE168FEBC2C03, 7BB3579E7F5595B494687818149EE168FEBC2C03
2025-07-15 19:51:02.004, ReplyFindNode, 2f2f3d18-7328-4484-ba1b-42f61c748eb9, 7BB3577E7F5595B494687818149EE168FEBC2C03, 488D91B7237C9FDEC56C70D9374C721A2F230821
2025-07-15 19:51:02.548, EndReadWriteRegimen
2025-07-15 19:51:08.052, StartReadOnlyRegimen
2025-07-15 19:51:08.557, Lookup, 7f0e52de-86d2-44bb-b19b-c6b0b846026b, 488D91B7237C9FDEC56C70D9374C721A2F230821, 20A5461E257D93E9FCBFB4F19F2A9243AFEE918C
2025-07-15 19:51:08.600, FindNode, 96c00091-e851-4965-a5b4-6a07b9dbab43, 7BB3577E7F5595B494687818149EE168FEBC2C03, 20A5461E257D93E9FCBFB4F19F2A9243AFEE918C
2025-07-15 19:51:08.601, ReplyFindNode, 96c00091-e851-4965-a5b4-6a07b9dbab43, 7BB3577E7F5595B494687818149EE168FEBC2C03, 488D91B7237C9FDEC56C70D9374C721A2F230821
2025-07-15 19:51:08.737, ReplyLookup, 7f0e52de-86d2-44bb-b19b-c6b0b846026b, 7BB3577E7F5595B494687818149EE168FEBC2C03, B4841A6CFF87141380778AF4406DCD14D736B6E1
2025-07-15 19:51:09.066, Lookup, 926fe03e-f8aa-45e0-8c72-510b6aa6a92d, 7BB3577E7F5595B494687818149EE168FEBC2C03, EB1A82B269F88A5D84270F2A31C89B7CAABF957E
2025-07-15 19:51:09.110, ReplyLookup, 926fe03e-f8aa-45e0-8c72-510b6aa6a92d, 488D91B7237C9FDEC56C70D9374C721A2F230821,
2025-07-15 19:51:09.938, FindNode, a26b892f-6a7e-49d0-85a2-ca65f5153a8f, 488D91B7237C9FDEC56C70D9374C721A2F230821, 488D91B7237C9FDEC56C70D9374C721AAF230821
2025-07-15 19:51:09.938, ReplyFindNode, a26b892f-6a7e-49d0-85a2-ca65f5153a8f, 488D91B7237C9FDEC56C70D9374C721A2F230821, 7BB3577E7F5595B494687818149EE168FEBC2C03
2025-07-15 19:51:13.770, Lookup, 9108a507-a16a-4f8e-b141-e729667c2b62, 488D91B7237C9FDEC56C70D9374C721A2F230821, 4972B78B75E1FBE7528F0BCC0C7B0CF7E0E6BB0B
2025-07-15 19:51:13.814, ReplyLookup, 9108a507-a16a-4f8e-b141-e729667c2b62, 7BB3577E7F5595B494687818149EE168FEBC2C03, CD80598EC517EAE9A358EDA9FD94A445051EF53F
2025-07-15 19:51:14.004, FindNode, 040b1884-cdc2-42e2-8eb1-90d97b7cf86c, 7BB3577E7F5595B494687818149EE168FEBC2C03, 7BB3577E7F5595BC94687818149EE168FEBC2C03
2025-07-15 19:51:14.004, ReplyFindNode, 040b1884-cdc2-42e2-8eb1-90d97b7cf86c, 7BB3577E7F5595B494687818149EE168FEBC2C03, 488D91B7237C9FDEC56C70D9374C721A2F230821
2025-07-15 19:51:14.274, Lookup, 4df843db-7f9a-4e6d-9968-c0f3dbbe9046, 7BB3577E7F5595B494687818149EE168FEBC2C03, 841DA76B017FCD7BCD80D5DB88B5A9AFD5BE04FE
2025-07-15 19:51:14.317, ReplyLookup, 4df843db-7f9a-4e6d-9968-c0f3dbbe9046, 488D91B7237C9FDEC56C70D9374C721A2F230821,
2025-07-15 19:51:21.939, FindNode, bc544766-636a-4ba6-a729-048b07733bc3, 488D91B7237C9FDEC56C70D9374C721A2F230821, 488D91B7237C9FDEC56C70D9374C721A2F238821
2025-07-15 19:51:21.939, ReplyFindNode, bc544766-636a-4ba6-a729-048b07733bc3, 488D91B7237C9FDEC56C70D9374C721A2F230821, 7BB3577E7F5595B494687818149EE168FEBC2C03
2025-07-15 19:51:23.556, Lookup, 6696b755-02a2-4774-87d5-a3614fcf6f34, 488D91B7237C9FDEC56C70D9374C721A2F230821, F83AFDBF1E4A7279A5E4A0D63C7D2F354EB5E3C7
2025-07-15 19:51:23.600, FindNode, be60e788-98fc-425e-b94e-437203bb5240, 7BB3577E7F5595B494687818149EE168FEBC2C03, F83AFDBF1E4A7279A5E4A0D63C7D2F354EB5E3C7
2025-07-15 19:51:23.601, ReplyFindNode, be60e788-98fc-425e-b94e-437203bb5240, 7BB3577E7F5595B494687818149EE168FEBC2C03, 488D91B7237C9FDEC56C70D9374C721A2F230821
2025-07-15 19:51:23.737, ReplyLookup, 6696b755-02a2-4774-87d5-a3614fcf6f34, 7BB3577E7F5595B494687818149EE168FEBC2C03, C46DF3FBA59172BD0B1E825BA5E0C1F5A109E510
2025-07-15 19:51:24.065, Lookup, 8fd3fc0f-91f9-4d7d-bed4-d1f8d50e16c3, 7BB3577E7F5595B494687818149EE168FEBC2C03, 0D72C8E05CBB0A1D1B6071D976C5CDA18D1A124C
2025-07-15 19:51:24.110, ReplyLookup, 8fd3fc0f-91f9-4d7d-bed4-d1f8d50e16c3, 488D91B7237C9FDEC56C70D9374C721A2F230821, 7DEB9A3C72639C3BE93B85AE69F74D98F0EF5558
2025-07-15 19:51:26.005, FindNode, 9e287e26-8513-4e9c-9592-63150657aaa9, 7BB3577E7F5595B494687818149EE168FEBC2C03, 7BB357BE7F5595B494687818149EE168FEBC2C03
2025-07-15 19:51:26.005, ReplyFindNode, 9e287e26-8513-4e9c-9592-63150657aaa9, 7BB3577E7F5595B494687818149EE168FEBC2C03, 488D91B7237C9FDEC56C70D9374C721A2F230821
2025-07-15 19:51:28.770, Lookup, 298fbc65-a113-494f-b013-8fac205d6561, 488D91B7237C9FDEC56C70D9374C721A2F230821, D754AD8C706A890BF4E5AE496A2E129565E8BD0E
2025-07-15 19:51:28.812, FindNode, e98915a6-0579-499c-825f-0fc9e593e59a, 7BB3577E7F5595B494687818149EE168FEBC2C03, D754AD8C706A890BF4E5AE496A2E129565E8BD0E
2025-07-15 19:51:28.813, ReplyFindNode, e98915a6-0579-499c-825f-0fc9e593e59a, 7BB3577E7F5595B494687818149EE168FEBC2C03, 488D91B7237C9FDEC56C70D9374C721A2F230821
2025-07-15 19:51:28.988, ReplyLookup, 298fbc65-a113-494f-b013-8fac205d6561, 7BB3577E7F5595B494687818149EE168FEBC2C03,
2025-07-15 19:51:29.275, Lookup, 1a67be7a-9ff6-40fb-a6ca-c69a96a58684, 7BB3577E7F5595B494687818149EE168FEBC2C03, F283F65B4F3BC43D5CDE609449592EF014AD317E
2025-07-15 19:51:29.318, ReplyLookup, 1a67be7a-9ff6-40fb-a6ca-c69a96a58684, 488D91B7237C9FDEC56C70D9374C721A2F230821, 86954B0558ACBE6787B6FB108FCA3CA9645718FA
2025-07-15 19:51:33.939, FindNode, bb60cc52-9117-410e-be09-c944ee827830, 488D91B7237C9FDEC56C70D9374C721A2F230821, 488D91B7237C9FDEC57070D9374C721A2F230821
2025-07-15 19:51:33.939, ReplyFindNode, bb60cc52-9117-410e-be09-c944ee827830, 488D91B7237C9FDEC56C70D9374C721A2F230821, 7BB3577E7F5595B494687818149EE168FEBC2C03
2025-07-15 19:51:38.005, FindNode, 76259bc0-210b-498c-9579-8cf2b54e9182, 7BB3577E7F5595B494687818149EE168FEBC2C03, 7BB3577E7F5595B494687818149EE168FEBD2C03
2025-07-15 19:51:38.006, ReplyFindNode, 76259bc0-210b-498c-9579-8cf2b54e9182, 7BB3577E7F5595B494687818149EE168FEBC2C03, 488D91B7237C9FDEC56C70D9374C721A2F230821
2025-07-15 19:51:38.556, Lookup, 23e5ce8f-6b09-4ccf-9af7-9f74d99154ed, 488D91B7237C9FDEC56C70D9374C721A2F230821, F83AFDBF1E4A7279A5E4A0D63C7D2F354EB5E3C7
2025-07-15 19:51:38.600, FindNode, 30f57eb7-f40e-4e16-a678-1ff2c73461ac, 7BB3577E7F5595B494687818149EE168FEBC2C03, F83AFDBF1E4A7279A5E4A0D63C7D2F354EB5E3C7
2025-07-15 19:51:38.601, ReplyFindNode, 30f57eb7-f40e-4e16-a678-1ff2c73461ac, 7BB3577E7F5595B494687818149EE168FEBC2C03, 488D91B7237C9FDEC56C70D9374C721A2F230821
2025-07-15 19:51:38.733, ReplyLookup, 23e5ce8f-6b09-4ccf-9af7-9f74d99154ed, 7BB3577E7F5595B494687818149EE168FEBC2C03, C46DF3FBA59172BD0B1E825BA5E0C1F5A109E510
2025-07-15 19:51:39.065, Lookup, a0c4638c-e599-4236-b712-e0a4e619d6ac, 7BB3577E7F5595B494687818149EE168FEBC2C03, 0D72C8E05CBB0A1D1B6071D976C5CDA18D1A124C
2025-07-15 19:51:39.103, ReplyLookup, a0c4638c-e599-4236-b712-e0a4e619d6ac, 488D91B7237C9FDEC56C70D9374C721A2F230821, 7DEB9A3C72639C3BE93B85AE69F74D98F0EF5558
2025-07-15 19:51:43.771, Lookup, e4307a20-acd0-4ca5-bf66-480845498d78, 488D91B7237C9FDEC56C70D9374C721A2F230821, 40ABDF0A8CBD27C671039AD086F8E05FF204A138
2025-07-15 19:51:43.812, FindNode, 32f851d3-8545-45d3-89f6-3667ddc86d22, 7BB3577E7F5595B494687818149EE168FEBC2C03, 40ABDF0A8CBD27C671039AD086F8E05FF204A138
2025-07-15 19:51:43.813, ReplyFindNode, 32f851d3-8545-45d3-89f6-3667ddc86d22, 7BB3577E7F5595B494687818149EE168FEBC2C03, 488D91B7237C9FDEC56C70D9374C721A2F230821
2025-07-15 19:51:43.944, ReplyLookup, e4307a20-acd0-4ca5-bf66-480845498d78, 7BB3577E7F5595B494687818149EE168FEBC2C03,
2025-07-15 19:51:44.275, Lookup, 6273e2f2-d632-42ff-8d63-fcb8fe2c9cbc, 7BB3577E7F5595B494687818149EE168FEBC2C03, 26613E766BFA6AABB037628873F09AEA94A876A2
2025-07-15 19:51:44.317, ReplyLookup, 6273e2f2-d632-42ff-8d63-fcb8fe2c9cbc, 488D91B7237C9FDEC56C70D9374C721A2F230821,
2025-07-15 19:51:45.940, FindNode, a8b0186b-f7c4-474e-92bc-c3f26f7a9eb1, 488D91B7237C9FDEC56C70D9374C721A2F230821, 488D91B7237C9FDEC56C70D9374C721A2F234821
2025-07-15 19:51:45.940, ReplyFindNode, a8b0186b-f7c4-474e-92bc-c3f26f7a9eb1, 488D91B7237C9FDEC56C70D9374C721A2F230821, 7BB3577E7F5595B494687818149EE168FEBC2C03
2025-07-15 19:51:50.006, FindNode, 5d0f1cb7-3169-4c39-bc48-38c4709361cb, 7BB3577E7F5595B494687818149EE168FEBC2C03, 7BB3577E7F5595D494687818149EE168FEBC2C03
2025-07-15 19:51:50.006, ReplyFindNode, 5d0f1cb7-3169-4c39-bc48-38c4709361cb, 7BB3577E7F5595B494687818149EE168FEBC2C03, 488D91B7237C9FDEC56C70D9374C721A2F230821
2025-07-15 19:51:53.556, Lookup, 22a414bf-4ec1-4a72-ae17-330d5931edc2, 488D91B7237C9FDEC56C70D9374C721A2F230821, F83AFDBF1E4A7279A5E4A0D63C7D2F354EB5E3C7
2025-07-15 19:51:53.600, FindNode, bfc1ac83-e013-4a63-8925-c0c2a6fbdeb8, 7BB3577E7F5595B494687818149EE168FEBC2C03, F83AFDBF1E4A7279A5E4A0D63C7D2F354EB5E3C7
2025-07-15 19:51:53.601, ReplyFindNode, bfc1ac83-e013-4a63-8925-c0c2a6fbdeb8, 7BB3577E7F5595B494687818149EE168FEBC2C03, 488D91B7237C9FDEC56C70D9374C721A2F230821
2025-07-15 19:51:53.733, ReplyLookup, 22a414bf-4ec1-4a72-ae17-330d5931edc2, 7BB3577E7F5595B494687818149EE168FEBC2C03, C46DF3FBA59172BD0B1E825BA5E0C1F5A109E510
2025-07-15 19:51:54.066, Lookup, 3d8b3c57-3967-433f-b6b1-3d383dceba02, 7BB3577E7F5595B494687818149EE168FEBC2C03, C66D3D5219629FCFA97408FBA8159A4D3B5027E8
2025-07-15 19:51:54.109, ReplyLookup, 3d8b3c57-3967-433f-b6b1-3d383dceba02, 488D91B7237C9FDEC56C70D9374C721A2F230821,
2025-07-15 19:51:57.940, FindNode, 55552c24-3123-4cca-8000-3b3ba384785d, 488D91B7237C9FDEC56C70D9374C721A2F230821, 488D91B7237C9FDEC56C70D9374E721A2F230821
2025-07-15 19:51:57.941, ReplyFindNode, 55552c24-3123-4cca-8000-3b3ba384785d, 488D91B7237C9FDEC56C70D9374C721A2F230821, 7BB3577E7F5595B494687818149EE168FEBC2C03
2025-07-15 19:51:58.772, Lookup, 53610804-be83-4fe7-ba4e-1d5862bc25cc, 488D91B7237C9FDEC56C70D9374C721A2F230821, 4972B78B75E1FBE7528F0BCC0C7B0CF7E0E6BB0B
2025-07-15 19:51:58.774, ReplyLookup, 53610804-be83-4fe7-ba4e-1d5862bc25cc, 7BB3577E7F5595B494687818149EE168FEBC2C03, CD80598EC517EAE9A358EDA9FD94A445051EF53F
2025-07-15 19:51:59.276, Lookup, 3364ba9a-9e1e-4537-b81f-594e9073f3cf, 7BB3577E7F5595B494687818149EE168FEBC2C03, F283F65B4F3BC43D5CDE609449592EF014AD317E
2025-07-15 19:51:59.322, ReplyLookup, 3364ba9a-9e1e-4537-b81f-594e9073f3cf, 488D91B7237C9FDEC56C70D9374C721A2F230821, 86954B0558ACBE6787B6FB108FCA3CA9645718FA
2025-07-15 19:52:02.007, FindNode, 702bf16c-a432-4dfd-9c65-2455c906a1e4, 7BB3577E7F5595B494687818149EE168FEBC2C03, 7BB3577E7F5595B494687818149EE168FEBC2C05
2025-07-15 19:52:02.007, ReplyFindNode, 702bf16c-a432-4dfd-9c65-2455c906a1e4, 7BB3577E7F5595B494687818149EE168FEBC2C03, 488D91B7237C9FDEC56C70D9374C721A2F230821
2025-07-15 19:52:08.556, Lookup, f32ffe34-106c-44bb-8f16-d36a02fb08ce, 488D91B7237C9FDEC56C70D9374C721A2F230821, AF20C1AF40B2C6767682BEBC11E3E4662747C993
2025-07-15 19:52:08.600, FindNode, c8145073-8071-4e6f-9759-c61efcf9e395, 7BB3577E7F5595B494687818149EE168FEBC2C03, AF20C1AF40B2C6767682BEBC11E3E4662747C993
2025-07-15 19:52:08.601, ReplyFindNode, c8145073-8071-4e6f-9759-c61efcf9e395, 7BB3577E7F5595B494687818149EE168FEBC2C03, 488D91B7237C9FDEC56C70D9374C721A2F230821
2025-07-15 19:52:08.732, ReplyLookup, f32ffe34-106c-44bb-8f16-d36a02fb08ce, 7BB3577E7F5595B494687818149EE168FEBC2C03,
2025-07-15 19:52:09.066, Lookup, e0b031da-133d-40eb-8251-8d0d76a23235, 7BB3577E7F5595B494687818149EE168FEBC2C03, 640D44623CE2D6AB63D3630F1BCDA5A78C1A3400
2025-07-15 19:52:09.108, FindNode, 52aab4e2-4e4c-4a29-b494-b0d6d41066c5, 488D91B7237C9FDEC56C70D9374C721A2F230821, 640D44623CE2D6AB63D3630F1BCDA5A78C1A3400
2025-07-15 19:52:09.109, ReplyFindNode, 52aab4e2-4e4c-4a29-b494-b0d6d41066c5, 488D91B7237C9FDEC56C70D9374C721A2F230821, 7BB3577E7F5595B494687818149EE168FEBC2C03
2025-07-15 19:52:09.197, ReplyLookup, e0b031da-133d-40eb-8251-8d0d76a23235, 488D91B7237C9FDEC56C70D9374C721A2F230821,
2025-07-15 19:52:09.941, FindNode, b6cd82d9-352a-4d52-95bc-7be0fb503224, 488D91B7237C9FDEC56C70D9374C721A2F230821, 488D91B7237C9FDEC56C70D9374C721B2F230821
2025-07-15 19:52:09.941, ReplyFindNode, b6cd82d9-352a-4d52-95bc-7be0fb503224, 488D91B7237C9FDEC56C70D9374C721A2F230821, 7BB3577E7F5595B494687818149EE168FEBC2C03
2025-07-15 19:52:13.772, Lookup, 194a017f-8cc6-48f4-b4d6-4af7f4bf836c, 488D91B7237C9FDEC56C70D9374C721A2F230821, F83AFDBF1E4A7279A5E4A0D63C7D2F354EB5E3C7
2025-07-15 19:52:13.816, FindNode, d4299a6c-22d7-4087-b7f8-461ce46843de, 7BB3577E7F5595B494687818149EE168FEBC2C03, F83AFDBF1E4A7279A5E4A0D63C7D2F354EB5E3C7
2025-07-15 19:52:13.817, ReplyFindNode, d4299a6c-22d7-4087-b7f8-461ce46843de, 7BB3577E7F5595B494687818149EE168FEBC2C03, 488D91B7237C9FDEC56C70D9374C721A2F230821
2025-07-15 19:52:13.949, ReplyLookup, 194a017f-8cc6-48f4-b4d6-4af7f4bf836c, 7BB3577E7F5595B494687818149EE168FEBC2C03, C46DF3FBA59172BD0B1E825BA5E0C1F5A109E510
2025-07-15 19:52:14.007, FindNode, 8a420f0b-5506-4bcf-a479-62eb27b6ea33, 7BB3577E7F5595B494687818149EE168FEBC2C03, 7BB3577E7F5595B494687818149EE16906BC2C03
2025-07-15 19:52:14.007, ReplyFindNode, 8a420f0b-5506-4bcf-a479-62eb27b6ea33, 7BB3577E7F5595B494687818149EE168FEBC2C03, 488D91B7237C9FDEC56C70D9374C721A2F230821
2025-07-15 19:52:14.277, Lookup, 4f557138-a076-48cf-9070-84623a832242, 7BB3577E7F5595B494687818149EE168FEBC2C03, AF20C1AF40B2C6767682BEBC11E3E4662747C993
2025-07-15 19:52:14.321, ReplyLookup, 4f557138-a076-48cf-9070-84623a832242, 488D91B7237C9FDEC56C70D9374C721A2F230821,
2025-07-15 19:52:21.942, FindNode, 776e0554-95ff-484b-89fa-13120052a512, 488D91B7237C9FDEC56C70D9374C721A2F230821, 488D91B7237C9FDEC58C70D9374C721A2F230821
2025-07-15 19:52:21.942, ReplyFindNode, 776e0554-95ff-484b-89fa-13120052a512, 488D91B7237C9FDEC56C70D9374C721A2F230821, 7BB3577E7F5595B494687818149EE168FEBC2C03
2025-07-15 19:52:23.556, Lookup, 1f505fb5-15d9-44a5-9779-c9a292e63038, 488D91B7237C9FDEC56C70D9374C721A2F230821, 20A5461E257D93E9FCBFB4F19F2A9243AFEE918C
2025-07-15 19:52:23.600, FindNode, f373dee4-7aa5-4de5-a8d0-0bd9670c2dd9, 7BB3577E7F5595B494687818149EE168FEBC2C03, 20A5461E257D93E9FCBFB4F19F2A9243AFEE918C
2025-07-15 19:52:23.601, ReplyFindNode, f373dee4-7aa5-4de5-a8d0-0bd9670c2dd9, 7BB3577E7F5595B494687818149EE168FEBC2C03, 488D91B7237C9FDEC56C70D9374C721A2F230821
2025-07-15 19:52:23.691, ReplyLookup, 1f505fb5-15d9-44a5-9779-c9a292e63038, 7BB3577E7F5595B494687818149EE168FEBC2C03, B4841A6CFF87141380778AF4406DCD14D736B6E1
2025-07-15 19:52:24.066, Lookup, eb4df547-462e-4029-b4fe-1540c80f1edd, 7BB3577E7F5595B494687818149EE168FEBC2C03, 0D72C8E05CBB0A1D1B6071D976C5CDA18D1A124C
2025-07-15 19:52:24.110, ReplyLookup, eb4df547-462e-4029-b4fe-1540c80f1edd, 488D91B7237C9FDEC56C70D9374C721A2F230821, 7DEB9A3C72639C3BE93B85AE69F74D98F0EF5558
2025-07-15 19:52:26.008, FindNode, 74bccb81-3ff2-45c4-8e0c-ad6c82d45dea, 7BB3577E7F5595B494687818149EE168FEBC2C03, 7BB3577E7F5595B494687818149F2168FEBC2C03
2025-07-15 19:52:26.008, ReplyFindNode, 74bccb81-3ff2-45c4-8e0c-ad6c82d45dea, 7BB3577E7F5595B494687818149EE168FEBC2C03, 488D91B7237C9FDEC56C70D9374C721A2F230821
2025-07-15 19:52:28.772, Lookup, 9dfb14c3-6001-4c50-8e59-7f45113f1715, 488D91B7237C9FDEC56C70D9374C721A2F230821, 6557CD6E6C23C4C33D08447837221F5005BF8240
2025-07-15 19:52:28.816, ReplyLookup, 9dfb14c3-6001-4c50-8e59-7f45113f1715, 7BB3577E7F5595B494687818149EE168FEBC2C03,
2025-07-15 19:52:29.276, Lookup, dd0c044a-51de-47a9-aa2f-01631e6050be, 7BB3577E7F5595B494687818149EE168FEBC2C03, 0D72C8E05CBB0A1D1B6071D976C5CDA18D1A124C
2025-07-15 19:52:29.322, ReplyLookup, dd0c044a-51de-47a9-aa2f-01631e6050be, 488D91B7237C9FDEC56C70D9374C721A2F230821, 7DEB9A3C72639C3BE93B85AE69F74D98F0EF5558
2025-07-15 19:52:33.942, FindNode, 744c1e0b-0a1a-4a22-bc1e-ff55a2bb2e4d, 488D91B7237C9FDEC56C70D9374C721A2F230821, 488D91B7237C9FDEC56C70D9374C721A2F230822
2025-07-15 19:52:33.942, ReplyFindNode, 744c1e0b-0a1a-4a22-bc1e-ff55a2bb2e4d, 488D91B7237C9FDEC56C70D9374C721A2F230821, 7BB3577E7F5595B494687818149EE168FEBC2C03
2025-07-15 19:52:38.008, FindNode, 6dca63b3-2541-4aec-bfda-064f85347209, 7BB3577E7F5595B494687818149EE168FEBC2C03, 7BB3577E7F5595B494687818149EE168FEFC2C03
2025-07-15 19:52:38.008, ReplyFindNode, 6dca63b3-2541-4aec-bfda-064f85347209, 7BB3577E7F5595B494687818149EE168FEBC2C03, 488D91B7237C9FDEC56C70D9374C721A2F230821
2025-07-15 19:52:38.556, Lookup, 1912a85c-839c-451e-8168-95a664c7273d, 488D91B7237C9FDEC56C70D9374C721A2F230821, DE5B282323123CA302D56568530C363B70ACCB69
2025-07-15 19:52:38.600, FindNode, 71f3ceaf-9757-4560-8d25-c8d77cbff934, 7BB3577E7F5595B494687818149EE168FEBC2C03, DE5B282323123CA302D56568530C363B70ACCB69
2025-07-15 19:52:38.601, ReplyFindNode, 71f3ceaf-9757-4560-8d25-c8d77cbff934, 7BB3577E7F5595B494687818149EE168FEBC2C03, 488D91B7237C9FDEC56C70D9374C721A2F230821
2025-07-15 19:52:38.732, ReplyLookup, 1912a85c-839c-451e-8168-95a664c7273d, 7BB3577E7F5595B494687818149EE168FEBC2C03,
2025-07-15 19:52:39.066, Lookup, c378be40-8a85-4b46-95d0-a8b04b4b8a58, 7BB3577E7F5595B494687818149EE168FEBC2C03, B43706B446AA32B35F3CA8DE3794EF5643EFF8A9
2025-07-15 19:52:39.109, ReplyLookup, c378be40-8a85-4b46-95d0-a8b04b4b8a58, 488D91B7237C9FDEC56C70D9374C721A2F230821,
2025-07-15 19:52:43.773, Lookup, 3432e9d8-d00a-4953-b1b5-df6f94c5a9a8, 488D91B7237C9FDEC56C70D9374C721A2F230821, 4972B78B75E1FBE7528F0BCC0C7B0CF7E0E6BB0B
2025-07-15 19:52:43.818, ReplyLookup, 3432e9d8-d00a-4953-b1b5-df6f94c5a9a8, 7BB3577E7F5595B494687818149EE168FEBC2C03, CD80598EC517EAE9A358EDA9FD94A445051EF53F
2025-07-15 19:52:44.276, Lookup, 218ba159-8033-4ddf-9c40-c097a8d85748, 7BB3577E7F5595B494687818149EE168FEBC2C03, F283F65B4F3BC43D5CDE609449592EF014AD317E
2025-07-15 19:52:44.322, ReplyLookup, 218ba159-8033-4ddf-9c40-c097a8d85748, 488D91B7237C9FDEC56C70D9374C721A2F230821, 86954B0558ACBE6787B6FB108FCA3CA9645718FA
2025-07-15 19:52:45.943, FindNode, ea05229b-50f5-49e4-8006-387519a47cf7, 488D91B7237C9FDEC56C70D9374C721A2F230821, C88D91B7237C9FDEC56C70D9374C721A2F230821
2025-07-15 19:52:45.984, FindNode, 08e36c34-23ba-44d3-8e69-97333a61333c, 7BB3577E7F5595B494687818149EE168FEBC2C03, C88D91B7237C9FDEC56C70D9374C721A2F230821
2025-07-15 19:52:45.985, ReplyFindNode, 08e36c34-23ba-44d3-8e69-97333a61333c, 7BB3577E7F5595B494687818149EE168FEBC2C03, 488D91B7237C9FDEC56C70D9374C721A2F230821
2025-07-15 19:52:45.986, ReplyFindNode, ea05229b-50f5-49e4-8006-387519a47cf7, 488D91B7237C9FDEC56C70D9374C721A2F230821, 7BB3577E7F5595B494687818149EE168FEBC2C03
2025-07-15 19:52:50.009, FindNode, b8fc82f4-88a8-4c2d-8a7a-f379b1b8e0f3, 7BB3577E7F5595B494687818149EE168FEBC2C03, 7BB3577E7F5595B494687838149EE168FEBC2C03
2025-07-15 19:52:50.009, ReplyFindNode, b8fc82f4-88a8-4c2d-8a7a-f379b1b8e0f3, 7BB3577E7F5595B494687818149EE168FEBC2C03, 488D91B7237C9FDEC56C70D9374C721A2F230821
2025-07-15 19:52:53.556, Lookup, ad746b66-b759-4d47-9fc0-b419a8e29181, 488D91B7237C9FDEC56C70D9374C721A2F230821, 4972B78B75E1FBE7528F0BCC0C7B0CF7E0E6BB0B
2025-07-15 19:52:53.602, ReplyLookup, ad746b66-b759-4d47-9fc0-b419a8e29181, 7BB3577E7F5595B494687818149EE168FEBC2C03, CD80598EC517EAE9A358EDA9FD94A445051EF53F
2025-07-15 19:52:54.067, Lookup, 6505e796-3934-47e0-b7fa-2f3f04ecd223, 7BB3577E7F5595B494687818149EE168FEBC2C03, BE3862AEB1338B90C0556BD3B1843470B831D205
2025-07-15 19:52:54.109, ReplyLookup, 6505e796-3934-47e0-b7fa-2f3f04ecd223, 488D91B7237C9FDEC56C70D9374C721A2F230821,
2025-07-15 19:52:57.987, FindNode, 37c153f4-9710-41f2-bdb7-c32956f2d023, 488D91B7237C9FDEC56C70D9374C721A2F230821, 488D91BB237C9FDEC56C70D9374C721A2F230821
2025-07-15 19:52:57.987, ReplyFindNode, 37c153f4-9710-41f2-bdb7-c32956f2d023, 488D91B7237C9FDEC56C70D9374C721A2F230821, 7BB3577E7F5595B494687818149EE168FEBC2C03
2025-07-15 19:52:58.773, Lookup, d9dde026-2ece-4ba2-8f75-ebf08ea34484, 488D91B7237C9FDEC56C70D9374C721A2F230821, 4972B78B75E1FBE7528F0BCC0C7B0CF7E0E6BB0B
2025-07-15 19:52:58.818, ReplyLookup, d9dde026-2ece-4ba2-8f75-ebf08ea34484, 7BB3577E7F5595B494687818149EE168FEBC2C03, CD80598EC517EAE9A358EDA9FD94A445051EF53F
2025-07-15 19:52:59.276, Lookup, 76309d71-4085-4ce5-8035-46bb30099ca5, 7BB3577E7F5595B494687818149EE168FEBC2C03, 0D72C8E05CBB0A1D1B6071D976C5CDA18D1A124C
2025-07-15 19:52:59.322, ReplyLookup, 76309d71-4085-4ce5-8035-46bb30099ca5, 488D91B7237C9FDEC56C70D9374C721A2F230821, 7DEB9A3C72639C3BE93B85AE69F74D98F0EF5558
2025-07-15 19:53:02.009, FindNode, f3541049-4682-4c9f-86cd-cb8657bce275, 7BB3577E7F5595B494687818149EE168FEBC2C03, 7BB3577E7F5595B494687818149EE168FEBC4C03
2025-07-15 19:53:02.009, ReplyFindNode, f3541049-4682-4c9f-86cd-cb8657bce275, 7BB3577E7F5595B494687818149EE168FEBC2C03, 488D91B7237C9FDEC56C70D9374C721A2F230821
2025-07-15 19:53:08.556, Lookup, eefc662c-ac5f-47db-bde4-afe3edfcbb2a, 488D91B7237C9FDEC56C70D9374C721A2F230821, 4972B78B75E1FBE7528F0BCC0C7B0CF7E0E6BB0B
2025-07-15 19:53:08.602, ReplyLookup, eefc662c-ac5f-47db-bde4-afe3edfcbb2a, 7BB3577E7F5595B494687818149EE168FEBC2C03, CD80598EC517EAE9A358EDA9FD94A445051EF53F
2025-07-15 19:53:09.067, Lookup, aa0832d3-f739-4121-945f-e26575c58e39, 7BB3577E7F5595B494687818149EE168FEBC2C03, 0D72C8E05CBB0A1D1B6071D976C5CDA18D1A124C
2025-07-15 19:53:09.110, ReplyLookup, aa0832d3-f739-4121-945f-e26575c58e39, 488D91B7237C9FDEC56C70D9374C721A2F230821, 7DEB9A3C72639C3BE93B85AE69F74D98F0EF5558
2025-07-15 19:53:09.987, FindNode, 67075962-2387-4146-aea8-493efa13169f, 488D91B7237C9FDEC56C70D9374C721A2F230821, 488D91B7237C9FDEC56C70D9374C721A2F230831
2025-07-15 19:53:09.988, ReplyFindNode, 67075962-2387-4146-aea8-493efa13169f, 488D91B7237C9FDEC56C70D9374C721A2F230821, 7BB3577E7F5595B494687818149EE168FEBC2C03
2025-07-15 19:53:10.662, EndReadOnlyRegimen
2025-07-15 19:53:14.010, FindNode, 03c77998-cb85-4cf7-b5c1-2f923586a2dc, 7BB3577E7F5595B494687818149EE168FEBC2C03, 7BB3577E7F5595B49468781814DEE168FEBC2C03
2025-07-15 19:53:14.010, ReplyFindNode, 03c77998-cb85-4cf7-b5c1-2f923586a2dc, 7BB3577E7F5595B494687818149EE168FEBC2C03, 488D91B7237C9FDEC56C70D9374C721A2F230821
2025-07-15 19:53:21.988, FindNode, 90ae13e3-732d-4676-ba9a-16fad2be8d38, 488D91B7237C9FDEC56C70D9374C721A2F230821, 488D91B7237C9FDEC56C70D9374C721A33230821
2025-07-15 19:53:21.988, ReplyFindNode, 90ae13e3-732d-4676-ba9a-16fad2be8d38, 488D91B7237C9FDEC56C70D9374C721A2F230821, 7BB3577E7F5595B494687818149EE168FEBC2C03
2025-07-15 19:53:26.011, FindNode, cf85d1c5-cc0b-4622-a5f8-00fed667e800, 7BB3577E7F5595B494687818149EE168FEBC2C03, 7BB3577E835595B494687818149EE168FEBC2C03
2025-07-15 19:53:26.011, ReplyFindNode, cf85d1c5-cc0b-4622-a5f8-00fed667e800, 7BB3577E7F5595B494687818149EE168FEBC2C03, 488D91B7237C9FDEC56C70D9374C721A2F230821
2025-07-15 19:53:33.989, FindNode, 83a9e6b0-43f9-4a73-bcac-6f754e11927e, 488D91B7237C9FDEC56C70D9374C721A2F230821, 488D91B7237C9FDEC56C70D9374C721AAF230821
2025-07-15 19:53:33.989, ReplyFindNode, 83a9e6b0-43f9-4a73-bcac-6f754e11927e, 488D91B7237C9FDEC56C70D9374C721A2F230821, 7BB3577E7F5595B494687818149EE168FEBC2C03
2025-07-15 19:53:38.012, FindNode, 04f0b347-33fa-4fac-8be0-93c1bf3715a6, 7BB3577E7F5595B494687818149EE168FEBC2C03, 7BB3577E7F5595B494687818149EE168FEBE2C03
2025-07-15 19:53:38.012, ReplyFindNode, 04f0b347-33fa-4fac-8be0-93c1bf3715a6, 7BB3577E7F5595B494687818149EE168FEBC2C03, 488D91B7237C9FDEC56C70D9374C721A2F230821
2025-07-15 19:53:45.989, FindNode, 2b99cd95-4151-41aa-ad6f-35b821f01c24, 488D91B7237C9FDEC56C70D9374C721A2F230821, 488D91B7337C9FDEC56C70D9374C721A2F230821
2025-07-15 19:53:45.990, ReplyFindNode, 2b99cd95-4151-41aa-ad6f-35b821f01c24, 488D91B7237C9FDEC56C70D9374C721A2F230821, 7BB3577E7F5595B494687818149EE168FEBC2C03
2025-07-15 19:53:50.012, FindNode, f7623703-cecf-4dec-ae4c-d6f4c64c021c, 7BB3577E7F5595B494687818149EE168FEBC2C03, 7DB3577E7F5595B494687818149EE168FEBC2C03
2025-07-15 19:53:50.013, ReplyFindNode, f7623703-cecf-4dec-ae4c-d6f4c64c021c, 7BB3577E7F5595B494687818149EE168FEBC2C03, 488D91B7237C9FDEC56C70D9374C721A2F230821
2025-07-15 19:53:57.990, FindNode, dc5607a8-dce0-4241-9422-7380c67e771b, 488D91B7237C9FDEC56C70D9374C721A2F230821, 488D91B7237C9FDEC56C70D9374C721A2F250821
2025-07-15 19:53:57.990, ReplyFindNode, dc5607a8-dce0-4241-9422-7380c67e771b, 488D91B7237C9FDEC56C70D9374C721A2F230821, 7BB3577E7F5595B494687818149EE168FEBC2C03
2025-07-15 19:54:02.013, FindNode, d25bd2c5-3222-4696-827f-c575acbdc654, 7BB3577E7F5595B494687818149EE168FEBC2C03, 7BB3577E7F559DB494687818149EE168FEBC2C03
2025-07-15 19:54:02.013, ReplyFindNode, d25bd2c5-3222-4696-827f-c575acbdc654, 7BB3577E7F5595B494687818149EE168FEBC2C03, 488D91B7237C9FDEC56C70D9374C721A2F230821
2025-07-15 19:54:09.991, FindNode, eed75637-00e6-4880-9a11-99babd826375, 488D91B7237C9FDEC56C70D9374C721A2F230821, 488D91B723BC9FDEC56C70D9374C721A2F230821
2025-07-15 19:54:09.991, ReplyFindNode, eed75637-00e6-4880-9a11-99babd826375, 488D91B7237C9FDEC56C70D9374C721A2F230821, 7BB3577E7F5595B494687818149EE168FEBC2C03
2025-07-15 19:54:11.352, EndStableRegimen
2025-07-15 19:54:11.856, Leave, aad9afe9-938d-4b38-b4af-3c9cb47abd54, 488D91B7237C9FDEC56C70D9374C721A2F230821
2025-07-15 19:54:11.904, ReplyLeave, aad9afe9-938d-4b38-b4af-3c9cb47abd54
2025-07-15 19:54:11.905, EndMember, 488D91B7237C9FDEC56C70D9374C721A2F230821
2025-07-15 19:54:14.014, FindNode, 393c524c-d664-4652-9c17-9417d4ea6980, 7BB3577E7F5595B494687818149EE168FEBC2C03, 7BB3577E7F55A5B494687818149EE168FEBC2C03
2025-07-15 19:54:14.014, ReplyFindNode, 393c524c-d664-4652-9c17-9417d4ea6980, 7BB3577E7F5595B494687818149EE168FEBC2C03, 7BB3577E7F5595B494687818149EE168FEBC2C03
2025-07-15 19:54:26.014, FindNode, 6c993aa4-d52d-4da2-a76d-6d729c313b73, 7BB3577E7F5595B494687818149EE168FEBC2C03, 7DB3577E7F5595B494687818149EE168FEBC2C03
2025-07-15 19:54:26.015, ReplyFindNode, 6c993aa4-d52d-4da2-a76d-6d729c313b73, 7BB3577E7F5595B494687818149EE168FEBC2C03, 7BB3577E7F5595B494687818149EE168FEBC2C03
2025-07-15 19:54:38.015, FindNode, 750b147a-8f8d-40b7-92a3-2e6e71e26e93, 7BB3577E7F5595B494687818149EE168FEBC2C03, 7BB3577E7F5595B494687818149EE16900BC2C03
2025-07-15 19:54:38.015, ReplyFindNode, 750b147a-8f8d-40b7-92a3-2e6e71e26e93, 7BB3577E7F5595B494687818149EE168FEBC2C03, 7BB3577E7F5595B494687818149EE168FEBC2C03
2025-07-15 19:54:42.469, Leave, 8566deed-0ae6-41de-8a43-d64a6c7c5db9, 7BB3577E7F5595B494687818149EE168FEBC2C03
2025-07-15 19:54:42.471, EndMember, 7BB3577E7F5595B494687818149EE168FEBC2C03
2025-07-15 19:54:42.471, ReplyLeave, 8566deed-0ae6-41de-8a43-d64a6c7c5db9
