2025-07-15 19:56:00.562, FindNode, 4a7754e0-f9b8-43b7-b43b-3b6660654190, 7BB3577E7F5595B494687818149EE168FEBC2C03, 7BB3577E7F5595B49468781814A0E168FEBC2C03
2025-07-15 19:56:00.573, ReplyFindNode, 4a7754e0-f9b8-43b7-b43b-3b6660654190, 7BB3577E7F5595B494687818149EE168FEBC2C03, 7BB3577E7F5595B494687818149EE168FEBC2C03
2025-07-15 19:56:12.574, FindNode, d84330be-d9b7-432c-9f35-c7af33f00105, 7BB3577E7F5595B494687818149EE168FEBC2C03, 7BB3577E7F5595B494A87818149EE168FEBC2C03
2025-07-15 19:56:12.575, ReplyFindNode, d84330be-d9b7-432c-9f35-c7af33f00105, 7BB3577E7F5595B494687818149EE168FEBC2C03, 7BB3577E7F5595B494687818149EE168FEBC2C03
2025-07-15 19:56:24.576, FindNode, e3572994-7f33-4242-89b9-b96759808679, 7BB3577E7F5595B494687818149EE168FEBC2C03, 7BB3677E7F5595B494687818149EE168FEBC2C03
2025-07-15 19:56:24.576, ReplyFindNode, e3572994-7f33-4242-89b9-b96759808679, 7BB3577E7F5595B494687818149EE168FEBC2C03, 7BB3577E7F5595B494687818149EE168FEBC2C03
2025-07-15 19:56:31.744, Join, 7015d975-3bbb-45ed-8266-806e04ac0a7f, 488D91B7237C9FDEC56C70D9374C721A2F230821
2025-07-15 19:56:32.231, FindNode, 1913c974-1f9d-4fdd-96ff-49250076cfef, 7BB3577E7F5595B494687818149EE168FEBC2C03, 488D91B7237C9FDEC56C70D9374C721A2F230821
2025-07-15 19:56:32.232, ReplyFindNode, 1913c974-1f9d-4fdd-96ff-49250076cfef, 7BB3577E7F5595B494687818149EE168FEBC2C03, 7BB3577E7F5595B494687818149EE168FEBC2C03
2025-07-15 19:56:32.632, FindNode, 7e3eaa2e-22eb-4fc0-b2a8-2877e30d28fa, 488D91B7237C9FDEC56C70D9374C721A2F230821, 488D91B7237C9FDEC56C78D9374C721A2F230821
2025-07-15 19:56:32.633, ReplyJoin, 7015d975-3bbb-45ed-8266-806e04ac0a7f
2025-07-15 19:56:32.642, ReplyFindNode, 7e3eaa2e-22eb-4fc0-b2a8-2877e30d28fa, 488D91B7237C9FDEC56C70D9374C721A2F230821, 7BB3577E7F5595B494687818149EE168FEBC2C03
2025-07-15 19:56:36.578, FindNode, e631e2a1-30ea-420b-8eb7-2de23d94fbfa, 7BB3577E7F5595B494687818149EE168FEBC2C03, 7BB3577E7F5595B494687818149EE168FECC2C03
2025-07-15 19:56:36.578, ReplyFindNode, e631e2a1-30ea-420b-8eb7-2de23d94fbfa, 7BB3577E7F5595B494687818149EE168FEBC2C03, 488D91B7237C9FDEC56C70D9374C721A2F230821
2025-07-15 19:56:44.643, FindNode, 6d87284f-2e46-416f-8df0-ce018a1c8cfa, 488D91B7237C9FDEC56C70D9374C721A2F230821, 488D91B7237C9FDEC56C70D9374C821A2F230821
2025-07-15 19:56:44.643, ReplyFindNode, 6d87284f-2e46-416f-8df0-ce018a1c8cfa, 488D91B7237C9FDEC56C70D9374C721A2F230821, 7BB3577E7F5595B494687818149EE168FEBC2C03
2025-07-15 19:56:48.579, FindNode, 59e9181a-7b9b-41e8-ae64-16650aadeee0, 7BB3577E7F5595B494687818149EE168FEBC2C03, 7BB3577E7F5595B494687A18149EE168FEBC2C03
2025-07-15 19:56:48.579, ReplyFindNode, 59e9181a-7b9b-41e8-ae64-16650aadeee0, 7BB3577E7F5595B494687818149EE168FEBC2C03, 488D91B7237C9FDEC56C70D9374C721A2F230821
2025-07-15 19:56:56.644, FindNode, ac5d35be-68f7-47b5-86ca-29d6f770cb3e, 488D91B7237C9FDEC56C70D9374C721A2F230821, 488E91B7237C9FDEC56C70D9374C721A2F230821
2025-07-15 19:56:56.644, ReplyFindNode, ac5d35be-68f7-47b5-86ca-29d6f770cb3e, 488D91B7237C9FDEC56C70D9374C721A2F230821, 7BB3577E7F5595B494687818149EE168FEBC2C03
2025-07-15 19:57:00.579, FindNode, c01c1a22-e42f-4123-9419-1c7078394f56, 7BB3577E7F5595B494687818149EE168FEBC2C03, 7BB3577E7F5595B494687819149EE168FEBC2C03
2025-07-15 19:57:00.580, ReplyFindNode, c01c1a22-e42f-4123-9419-1c7078394f56, 7BB3577E7F5595B494687818149EE168FEBC2C03, 488D91B7237C9FDEC56C70D9374C721A2F230821
2025-07-15 19:57:02.865, Join, abcb51e5-35e5-4a00-9b75-ee70018d586f, ADC0E723DF6E376068DC6BEFDD59C00882974E21
2025-07-15 19:57:03.337, FindNode, fb495170-e813-4081-8f22-372462f3c780, 7BB3577E7F5595B494687818149EE168FEBC2C03, ADC0E723DF6E376068DC6BEFDD59C00882974E21
2025-07-15 19:57:03.337, ReplyFindNode, fb495170-e813-4081-8f22-372462f3c780, 7BB3577E7F5595B494687818149EE168FEBC2C03, 488D91B7237C9FDEC56C70D9374C721A2F230821
2025-07-15 19:57:04.139, FindNode, 6fb269c9-9ad0-4656-848f-cdb0abf12e19, ADC0E723DF6E376068DC6BEFDD59C00882974E21, ADC0E723DF70376068DC6BEFDD59C00882974E21
2025-07-15 19:57:04.141, ReplyJoin, abcb51e5-35e5-4a00-9b75-ee70018d586f
2025-07-15 19:57:04.150, ReplyFindNode, 6fb269c9-9ad0-4656-848f-cdb0abf12e19, ADC0E723DF6E376068DC6BEFDD59C00882974E21, 488D91B7237C9FDEC56C70D9374C721A2F230821
2025-07-15 19:57:08.645, FindNode, 6cf94096-299f-462f-96ed-7054a27f5cf1, 488D91B7237C9FDEC56C70D9374C721A2F230821, 488D91B7237CA7DEC56C70D9374C721A2F230821
2025-07-15 19:57:08.646, ReplyFindNode, 6cf94096-299f-462f-96ed-7054a27f5cf1, 488D91B7237C9FDEC56C70D9374C721A2F230821, 7BB3577E7F5595B494687818149EE168FEBC2C03
2025-07-15 19:57:12.580, FindNode, c6fb8be7-850a-4279-9177-8588268eac68, 7BB3577E7F5595B494687818149EE168FEBC2C03, 7BB35B7E7F5595B494687818149EE168FEBC2C03
2025-07-15 19:57:12.581, ReplyFindNode, c6fb8be7-850a-4279-9177-8588268eac68, 7BB3577E7F5595B494687818149EE168FEBC2C03, ADC0E723DF6E376068DC6BEFDD59C00882974E21
2025-07-15 19:57:16.151, FindNode, ffb44b7e-f2f8-4c45-bda8-c7c7361719a5, ADC0E723DF6E376068DC6BEFDD59C00882974E21, ADC0E723DF6EB76068DC6BEFDD59C00882974E21
2025-07-15 19:57:16.151, ReplyFindNode, ffb44b7e-f2f8-4c45-bda8-c7c7361719a5, ADC0E723DF6E376068DC6BEFDD59C00882974E21, 488D91B7237C9FDEC56C70D9374C721A2F230821
2025-07-15 19:57:20.646, FindNode, 21426ee7-156b-47ce-ae43-41d3b50385ba, 488D91B7237C9FDEC56C70D9374C721A2F230821, 488D91BF237C9FDEC56C70D9374C721A2F230821
2025-07-15 19:57:20.647, ReplyFindNode, 21426ee7-156b-47ce-ae43-41d3b50385ba, 488D91B7237C9FDEC56C70D9374C721A2F230821, 7BB3577E7F5595B494687818149EE168FEBC2C03
2025-07-15 19:57:24.581, FindNode, 2895645f-db52-4b15-9143-ef37465c2b79, 7BB3577E7F5595B494687818149EE168FEBC2C03, 7BBB577E7F5595B494687818149EE168FEBC2C03
2025-07-15 19:57:24.582, ReplyFindNode, 2895645f-db52-4b15-9143-ef37465c2b79, 7BB3577E7F5595B494687818149EE168FEBC2C03, ADC0E723DF6E376068DC6BEFDD59C00882974E21
2025-07-15 19:57:28.152, FindNode, 95a449cc-f0be-41d2-935e-7fb6e6a26c9e, ADC0E723DF6E376068DC6BEFDD59C00882974E21, ADC4E723DF6E376068DC6BEFDD59C00882974E21
2025-07-15 19:57:28.152, ReplyFindNode, 95a449cc-f0be-41d2-935e-7fb6e6a26c9e, ADC0E723DF6E376068DC6BEFDD59C00882974E21, 488D91B7237C9FDEC56C70D9374C721A2F230821
2025-07-15 19:57:32.647, FindNode, 4436b550-0c8d-4d6d-9159-2b01910b61ae, 488D91B7237C9FDEC56C70D9374C721A2F230821, 488D91B723809FDEC56C70D9374C721A2F230821
2025-07-15 19:57:32.648, ReplyFindNode, 4436b550-0c8d-4d6d-9159-2b01910b61ae, 488D91B7237C9FDEC56C70D9374C721A2F230821, 7BB3577E7F5595B494687818149EE168FEBC2C03
2025-07-15 19:57:33.949, StartStableRegimen
2025-07-15 19:57:36.582, FindNode, 2d690647-b119-4c7c-ae0d-60339b913d5f, 7BB3577E7F5595B494687818149EE168FEBC2C03, 7BB3577E7F5595B4B4687818149EE168FEBC2C03
2025-07-15 19:57:36.583, ReplyFindNode, 2d690647-b119-4c7c-ae0d-60339b913d5f, 7BB3577E7F5595B494687818149EE168FEBC2C03, ADC0E723DF6E376068DC6BEFDD59C00882974E21
2025-07-15 19:57:40.153, FindNode, 15dcb71e-f05e-45fc-ac31-7da0e1be9e26, ADC0E723DF6E376068DC6BEFDD59C00882974E21, ADC0E723DF76376068DC6BEFDD59C00882974E21
2025-07-15 19:57:40.153, ReplyFindNode, 15dcb71e-f05e-45fc-ac31-7da0e1be9e26, ADC0E723DF6E376068DC6BEFDD59C00882974E21, 488D91B7237C9FDEC56C70D9374C721A2F230821
2025-07-15 19:57:44.648, FindNode, caf53b1b-b370-49fc-9f63-7887d7bb46af, 488D91B7237C9FDEC56C70D9374C721A2F230821, 488D91B7237C9FDEC56C7159374C721A2F230821
2025-07-15 19:57:44.649, ReplyFindNode, caf53b1b-b370-49fc-9f63-7887d7bb46af, 488D91B7237C9FDEC56C70D9374C721A2F230821, 7BB3577E7F5595B494687818149EE168FEBC2C03
2025-07-15 19:57:48.583, FindNode, 574a460c-04ca-4f64-b4f7-b735e94be0ea, 7BB3577E7F5595B494687818149EE168FEBC2C03, 7BB3577E7F5595B494687838149EE168FEBC2C03
2025-07-15 19:57:48.583, ReplyFindNode, 574a460c-04ca-4f64-b4f7-b735e94be0ea, 7BB3577E7F5595B494687818149EE168FEBC2C03, ADC0E723DF6E376068DC6BEFDD59C00882974E21
2025-07-15 19:57:52.154, FindNode, e199516f-83e8-4324-aaf2-4e50185c0e50, ADC0E723DF6E376068DC6BEFDD59C00882974E21, ADC0E723DF6E376068DC6BEFDD59C00886974E21
2025-07-15 19:57:52.154, ReplyFindNode, e199516f-83e8-4324-aaf2-4e50185c0e50, ADC0E723DF6E376068DC6BEFDD59C00882974E21, 488D91B7237C9FDEC56C70D9374C721A2F230821
2025-07-15 19:57:56.649, FindNode, 1dfb9ddb-3e96-42af-96f8-1d5a8172d689, 488D91B7237C9FDEC56C70D9374C721A2F230821, 488D91B7237C9FDEC56C70D9374C721A2F250821
2025-07-15 19:57:56.650, ReplyFindNode, 1dfb9ddb-3e96-42af-96f8-1d5a8172d689, 488D91B7237C9FDEC56C70D9374C721A2F230821, 7BB3577E7F5595B494687818149EE168FEBC2C03
2025-07-15 19:58:00.584, FindNode, a8bc5188-4413-4293-97e6-37709be76426, 7BB3577E7F5595B494687818149EE168FEBC2C03, 7BB3577E815595B494687818149EE168FEBC2C03
2025-07-15 19:58:00.584, ReplyFindNode, a8bc5188-4413-4293-97e6-37709be76426, 7BB3577E7F5595B494687818149EE168FEBC2C03, ADC0E723DF6E376068DC6BEFDD59C00882974E21
2025-07-15 19:58:04.155, FindNode, c6de1459-3517-4f47-8a51-94f1eb75199b, ADC0E723DF6E376068DC6BEFDD59C00882974E21, ADC0E723DF6E376068DC6BEFDD59C00882B74E21
2025-07-15 19:58:04.155, ReplyFindNode, c6de1459-3517-4f47-8a51-94f1eb75199b, ADC0E723DF6E376068DC6BEFDD59C00882974E21, 488D91B7237C9FDEC56C70D9374C721A2F230821
2025-07-15 19:58:08.650, FindNode, c5f226b2-8610-4631-8705-8d36239ff0c0, 488D91B7237C9FDEC56C70D9374C721A2F230821, 488D91B7237C9FDEC56D70D9374C721A2F230821
2025-07-15 19:58:08.651, ReplyFindNode, c5f226b2-8610-4631-8705-8d36239ff0c0, 488D91B7237C9FDEC56C70D9374C721A2F230821, 7BB3577E7F5595B494687818149EE168FEBC2C03
2025-07-15 19:58:12.585, FindNode, 4cbc3aab-04dc-4d17-b2c5-d320407c77e9, 7BB3577E7F5595B494687818149EE168FEBC2C03, 7BB3577E7F55A5B494687818149EE168FEBC2C03
2025-07-15 19:58:12.585, ReplyFindNode, 4cbc3aab-04dc-4d17-b2c5-d320407c77e9, 7BB3577E7F5595B494687818149EE168FEBC2C03, ADC0E723DF6E376068DC6BEFDD59C00882974E21
2025-07-15 19:58:16.156, FindNode, 55cdf591-82c7-4662-b2f6-54908235975b, ADC0E723DF6E376068DC6BEFDD59C00882974E21, ADC0E723DF6E376068DC6BEFDD59C00882A74E21
2025-07-15 19:58:16.156, ReplyFindNode, 55cdf591-82c7-4662-b2f6-54908235975b, ADC0E723DF6E376068DC6BEFDD59C00882974E21, 488D91B7237C9FDEC56C70D9374C721A2F230821
2025-07-15 19:58:20.651, FindNode, e7f8701d-dbb1-4945-9304-6a9b9ec7dd4f, 488D91B7237C9FDEC56C70D9374C721A2F230821, 488D91B7237C9FDEC56C80D9374C721A2F230821
2025-07-15 19:58:20.651, ReplyFindNode, e7f8701d-dbb1-4945-9304-6a9b9ec7dd4f, 488D91B7237C9FDEC56C70D9374C721A2F230821, 7BB3577E7F5595B494687818149EE168FEBC2C03
2025-07-15 19:58:24.586, FindNode, e2874c56-1ab1-4e73-8d27-ed9118cd2cee, 7BB3577E7F5595B494687818149EE168FEBC2C03, 7BB3577E7F5595B494687818549EE168FEBC2C03
2025-07-15 19:58:24.586, ReplyFindNode, e2874c56-1ab1-4e73-8d27-ed9118cd2cee, 7BB3577E7F5595B494687818149EE168FEBC2C03, ADC0E723DF6E376068DC6BEFDD59C00882974E21
2025-07-15 19:58:28.156, FindNode, cef2d5c1-4397-475b-8544-34d8d4baeee6, ADC0E723DF6E376068DC6BEFDD59C00882974E21, ADC0E727DF6E376068DC6BEFDD59C00882974E21
2025-07-15 19:58:28.157, ReplyFindNode, cef2d5c1-4397-475b-8544-34d8d4baeee6, ADC0E723DF6E376068DC6BEFDD59C00882974E21, 488D91B7237C9FDEC56C70D9374C721A2F230821
2025-07-15 19:58:32.652, FindNode, a4a9a66a-a48c-476c-a2c2-03770d8d8450, 488D91B7237C9FDEC56C70D9374C721A2F230821, 488D91B7237C9FE2C56C70D9374C721A2F230821
2025-07-15 19:58:32.652, ReplyFindNode, a4a9a66a-a48c-476c-a2c2-03770d8d8450, 488D91B7237C9FDEC56C70D9374C721A2F230821, 7BB3577E7F5595B494687818149EE168FEBC2C03
2025-07-15 19:58:34.569, StartReadWriteRegimen
2025-07-15 19:58:35.079, Lookup, 8899da12-68a1-471e-992c-d2ea1f1a1b68, ADC0E723DF6E376068DC6BEFDD59C00882974E21, 623451B1C32F4EAF28A948346B38E0C435C9B941
2025-07-15 19:58:35.125, FindNode, aaa837ae-8730-4c5d-8af8-66147e850d28, 488D91B7237C9FDEC56C70D9374C721A2F230821, 623451B1C32F4EAF28A948346B38E0C435C9B941
2025-07-15 19:58:35.125, ReplyFindNode, aaa837ae-8730-4c5d-8af8-66147e850d28, 488D91B7237C9FDEC56C70D9374C721A2F230821, 7BB3577E7F5595B494687818149EE168FEBC2C03
2025-07-15 19:58:35.341, ReplyLookup, 8899da12-68a1-471e-992c-d2ea1f1a1b68, 488D91B7237C9FDEC56C70D9374C721A2F230821,
2025-07-15 19:58:35.581, Lookup, 904f0e33-7687-4a70-ae7b-6988c0555dab, 488D91B7237C9FDEC56C70D9374C721A2F230821, CBA409FE9BE57AC094BAA16FFE3B518CA8EAB1AD
2025-07-15 19:58:35.583, FindNode, a1ba39e9-c562-4463-bd42-0bf177a50da9, ADC0E723DF6E376068DC6BEFDD59C00882974E21, CBA409FE9BE57AC094BAA16FFE3B518CA8EAB1AD
2025-07-15 19:58:35.584, ReplyFindNode, a1ba39e9-c562-4463-bd42-0bf177a50da9, ADC0E723DF6E376068DC6BEFDD59C00882974E21, 488D91B7237C9FDEC56C70D9374C721A2F230821
2025-07-15 19:58:35.789, ReplyLookup, 904f0e33-7687-4a70-ae7b-6988c0555dab, ADC0E723DF6E376068DC6BEFDD59C00882974E21,
2025-07-15 19:58:36.088, Store, 854cf74d-126a-4798-892a-a39a945ce3a1, 7BB3577E7F5595B494687818149EE168FEBC2C03, 8C1E5403FD8A45BBECB50ED48E66CE309B51C285, 44E65DC814999576EFB356FC593C6BA788A52070
2025-07-15 19:58:36.201, ReplyStore, 854cf74d-126a-4798-892a-a39a945ce3a1, ADC0E723DF6E376068DC6BEFDD59C00882974E21
2025-07-15 19:58:36.587, FindNode, e0d78e55-77de-4d2a-8b35-cb62740286e2, 7BB3577E7F5595B494687818149EE168FEBC2C03, 7BB3577E7F5595B494687818149EE968FEBC2C03
2025-07-15 19:58:36.587, ReplyFindNode, e0d78e55-77de-4d2a-8b35-cb62740286e2, 7BB3577E7F5595B494687818149EE168FEBC2C03, ADC0E723DF6E376068DC6BEFDD59C00882974E21
2025-07-15 19:58:40.157, FindNode, 0ac8e511-a627-44d6-b40a-f734eb69a4bd, ADC0E723DF6E376068DC6BEFDD59C00882974E21, ADC8E723DF6E376068DC6BEFDD59C00882974E21
2025-07-15 19:58:40.158, ReplyFindNode, 0ac8e511-a627-44d6-b40a-f734eb69a4bd, ADC0E723DF6E376068DC6BEFDD59C00882974E21, 488D91B7237C9FDEC56C70D9374C721A2F230821
2025-07-15 19:58:44.653, FindNode, 7f2a57c2-dab1-4e65-a541-2c63537304ea, 488D91B7237C9FDEC56C70D9374C721A2F230821, 488D91B7237C9FDEC56C70D93B4C721A2F230821
2025-07-15 19:58:44.653, ReplyFindNode, 7f2a57c2-dab1-4e65-a541-2c63537304ea, 488D91B7237C9FDEC56C70D9374C721A2F230821, 7BB3577E7F5595B494687818149EE168FEBC2C03
2025-07-15 19:58:48.588, FindNode, c4ab050f-a918-4e37-a853-c2c0bcbf7e2f, 7BB3577E7F5595B494687818149EE168FEBC2C03, 7CB3577E7F5595B494687818149EE168FEBC2C03
2025-07-15 19:58:48.588, ReplyFindNode, c4ab050f-a918-4e37-a853-c2c0bcbf7e2f, 7BB3577E7F5595B494687818149EE168FEBC2C03, ADC0E723DF6E376068DC6BEFDD59C00882974E21
2025-07-15 19:58:50.079, Store, 44319c1d-ca9d-4937-983f-b771caf4dcfb, ADC0E723DF6E376068DC6BEFDD59C00882974E21, E9C37BEEF51AAC584CB600E7D83DC7410DC57FBC, 7A320980AE11BB283ACC7735052FFFA99DD52EB4
2025-07-15 19:58:50.137, ReplyStore, 44319c1d-ca9d-4937-983f-b771caf4dcfb, 488D91B7237C9FDEC56C70D9374C721A2F230821
2025-07-15 19:58:50.580, Lookup, d213546c-01ab-4815-9a46-dc0a6fc463dd, 488D91B7237C9FDEC56C70D9374C721A2F230821, 084C92B05146C206856D5BD6B710423B147C02BE
2025-07-15 19:58:50.625, FindNode, ce2ff34a-031a-4f71-a258-ec3cfa64da31, ADC0E723DF6E376068DC6BEFDD59C00882974E21, 084C92B05146C206856D5BD6B710423B147C02BE
2025-07-15 19:58:50.625, ReplyFindNode, ce2ff34a-031a-4f71-a258-ec3cfa64da31, ADC0E723DF6E376068DC6BEFDD59C00882974E21, 488D91B7237C9FDEC56C70D9374C721A2F230821
2025-07-15 19:58:50.800, ReplyLookup, d213546c-01ab-4815-9a46-dc0a6fc463dd, ADC0E723DF6E376068DC6BEFDD59C00882974E21,
2025-07-15 19:58:51.086, Store, c2e5e0d7-3739-479e-bb36-684933636903, 7BB3577E7F5595B494687818149EE168FEBC2C03, 6482183064C6312DE3FC14FE912062CC67103876, 211E69D0731F68DE798C256BE7F9304533D57B87
2025-07-15 19:58:51.128, FindNode, 72bade75-b71a-4b49-bcf3-4d12cd4e069f, 488D91B7237C9FDEC56C70D9374C721A2F230821, 6482183064C6312DE3FC14FE912062CC67103876
2025-07-15 19:58:51.129, ReplyFindNode, 72bade75-b71a-4b49-bcf3-4d12cd4e069f, 488D91B7237C9FDEC56C70D9374C721A2F230821, 7BB3577E7F5595B494687818149EE168FEBC2C03
2025-07-15 19:58:51.224, ReplyStore, c2e5e0d7-3739-479e-bb36-684933636903, 488D91B7237C9FDEC56C70D9374C721A2F230821
2025-07-15 19:58:52.158, FindNode, 02711d58-946c-4315-bd5e-c2edaf0d0e46, ADC0E723DF6E376068DC6BEFDD59C00882974E21, ADC0E723DF6E376068DC6BEFDD59C00882974E29
2025-07-15 19:58:52.159, ReplyFindNode, 02711d58-946c-4315-bd5e-c2edaf0d0e46, ADC0E723DF6E376068DC6BEFDD59C00882974E21, 488D91B7237C9FDEC56C70D9374C721A2F230821
2025-07-15 19:58:56.654, FindNode, b10fd7b0-5c2a-41d1-a563-d362e4b8907d, 488D91B7237C9FDEC56C70D9374C721A2F230821, 488D91B7237C9FDEC56C70D93B4C721A2F230821
2025-07-15 19:58:56.654, ReplyFindNode, b10fd7b0-5c2a-41d1-a563-d362e4b8907d, 488D91B7237C9FDEC56C70D9374C721A2F230821, 7BB3577E7F5595B494687818149EE168FEBC2C03
2025-07-15 19:59:00.588, FindNode, e5b9ee9c-7f22-498a-99fb-60e8899ba64e, 7BB3577E7F5595B494687818149EE168FEBC2C03, 7BB3577E7F5595B494687818149FE168FEBC2C03
2025-07-15 19:59:00.589, ReplyFindNode, e5b9ee9c-7f22-498a-99fb-60e8899ba64e, 7BB3577E7F5595B494687818149EE168FEBC2C03, ADC0E723DF6E376068DC6BEFDD59C00882974E21
2025-07-15 19:59:04.159, FindNode, 0c0e6315-4394-421d-aa9e-7b8e9d04695a, ADC0E723DF6E376068DC6BEFDD59C00882974E21, ADC0E723DFAE376068DC6BEFDD59C00882974E21
2025-07-15 19:59:04.159, ReplyFindNode, 0c0e6315-4394-421d-aa9e-7b8e9d04695a, ADC0E723DF6E376068DC6BEFDD59C00882974E21, 488D91B7237C9FDEC56C70D9374C721A2F230821
2025-07-15 19:59:05.079, Remove, 514aedc5-b063-4a6e-b8de-c0bf2e6ee273, ADC0E723DF6E376068DC6BEFDD59C00882974E21, E9C37BEEF51AAC584CB600E7D83DC7410DC57FBC, 7A320980AE11BB283ACC7735052FFFA99DD52EB4
2025-07-15 19:59:05.129, ReplyRemove, 514aedc5-b063-4a6e-b8de-c0bf2e6ee273, 488D91B7237C9FDEC56C70D9374C721A2F230821
2025-07-15 19:59:05.580, Lookup, ae613e3d-837e-4a1c-86b3-056ba926df71, 488D91B7237C9FDEC56C70D9374C721A2F230821, 524377CDE8725AC0D2731F7427E2BA0C75991BCC
2025-07-15 19:59:05.626, ReplyLookup, ae613e3d-837e-4a1c-86b3-056ba926df71, 7BB3577E7F5595B494687818149EE168FEBC2C03,
2025-07-15 19:59:06.085, Store, 50855818-76c3-444b-8903-f430d05428ce, 7BB3577E7F5595B494687818149EE168FEBC2C03, 0D72C8E05CBB0A1D1B6071D976C5CDA18D1A124C, 7DEB9A3C72639C3BE93B85AE69F74D98F0EF5558
2025-07-15 19:59:06.129, FindNode, fe466231-77d0-418b-b178-69e451f7c49e, ADC0E723DF6E376068DC6BEFDD59C00882974E21, 0D72C8E05CBB0A1D1B6071D976C5CDA18D1A124C
2025-07-15 19:59:06.129, ReplyFindNode, fe466231-77d0-418b-b178-69e451f7c49e, ADC0E723DF6E376068DC6BEFDD59C00882974E21, 488D91B7237C9FDEC56C70D9374C721A2F230821
2025-07-15 19:59:06.224, ReplyStore, 50855818-76c3-444b-8903-f430d05428ce, ADC0E723DF6E376068DC6BEFDD59C00882974E21
2025-07-15 19:59:08.654, FindNode, 094f7fe5-5678-4b02-8558-69bd17221ace, 488D91B7237C9FDEC56C70D9374C721A2F230821, 488D91B7237C9FDEC56C70DB374C721A2F230821
2025-07-15 19:59:08.655, ReplyFindNode, 094f7fe5-5678-4b02-8558-69bd17221ace, 488D91B7237C9FDEC56C70D9374C721A2F230821, 7BB3577E7F5595B494687818149EE168FEBC2C03
2025-07-15 19:59:12.589, FindNode, fbf90abe-8b26-405e-92b0-b5edda06859e, 7BB3577E7F5595B494687818149EE168FEBC2C03, 7BB3577E7F5595D494687818149EE168FEBC2C03
2025-07-15 19:59:12.590, ReplyFindNode, fbf90abe-8b26-405e-92b0-b5edda06859e, 7BB3577E7F5595B494687818149EE168FEBC2C03, ADC0E723DF6E376068DC6BEFDD59C00882974E21
2025-07-15 19:59:16.160, FindNode, c69a12ae-55d5-47cd-9e98-ad3b09dd111e, ADC0E723DF6E376068DC6BEFDD59C00882974E21, ADC0E723DF6E3760A8DC6BEFDD59C00882974E21
2025-07-15 19:59:16.160, ReplyFindNode, c69a12ae-55d5-47cd-9e98-ad3b09dd111e, ADC0E723DF6E376068DC6BEFDD59C00882974E21, 488D91B7237C9FDEC56C70D9374C721A2F230821
2025-07-15 19:59:20.078, Store, a78dc1cc-e2cc-420d-b61f-b1bd4abd5dc3, ADC0E723DF6E376068DC6BEFDD59C00882974E21, 00BF75C0771FE5C00E4E21973BCFD90CDFBF8992, 4872D52F470A9C7E0B66D0A4062715D07BBF24C0
2025-07-15 19:59:20.124, ReplyStore, a78dc1cc-e2cc-420d-b61f-b1bd4abd5dc3, 488D91B7237C9FDEC56C70D9374C721A2F230821
2025-07-15 19:59:20.580, Store, d8aa83bb-603e-45b3-bc8a-f9395de4cb04, 488D91B7237C9FDEC56C70D9374C721A2F230821, 20A5461E257D93E9FCBFB4F19F2A9243AFEE918C, B4841A6CFF87141380778AF4406DCD14D736B6E1
2025-07-15 19:59:20.632, FindNode, 4a00e8c5-a130-46f2-8886-41da74a48945, ADC0E723DF6E376068DC6BEFDD59C00882974E21, 20A5461E257D93E9FCBFB4F19F2A9243AFEE918C
2025-07-15 19:59:20.633, ReplyFindNode, 4a00e8c5-a130-46f2-8886-41da74a48945, ADC0E723DF6E376068DC6BEFDD59C00882974E21, 488D91B7237C9FDEC56C70D9374C721A2F230821
2025-07-15 19:59:20.655, FindNode, 4941f3d4-e5c2-415c-b31b-88c1e789c40c, 488D91B7237C9FDEC56C70D9374C721A2F230821, 488D95B7237C9FDEC56C70D9374C721A2F230821
2025-07-15 19:59:20.655, ReplyFindNode, 4941f3d4-e5c2-415c-b31b-88c1e789c40c, 488D91B7237C9FDEC56C70D9374C721A2F230821, 7BB3577E7F5595B494687818149EE168FEBC2C03
2025-07-15 19:59:20.724, ReplyStore, d8aa83bb-603e-45b3-bc8a-f9395de4cb04, ADC0E723DF6E376068DC6BEFDD59C00882974E21
2025-07-15 19:59:21.085, Lookup, 94d6a35e-c52e-441a-bcda-1e140e9cdaf9, 7BB3577E7F5595B494687818149EE168FEBC2C03, 6482183064C6312DE3FC14FE912062CC67103876
2025-07-15 19:59:21.128, FindNode, 71542bbe-c1d9-48bc-a52f-4ac3f4b3e03c, 488D91B7237C9FDEC56C70D9374C721A2F230821, 6482183064C6312DE3FC14FE912062CC67103876
2025-07-15 19:59:21.129, ReplyFindNode, 71542bbe-c1d9-48bc-a52f-4ac3f4b3e03c, 488D91B7237C9FDEC56C70D9374C721A2F230821, 7BB3577E7F5595B494687818149EE168FEBC2C03
2025-07-15 19:59:21.309, ReplyLookup, 94d6a35e-c52e-441a-bcda-1e140e9cdaf9, 488D91B7237C9FDEC56C70D9374C721A2F230821, 211E69D0731F68DE798C256BE7F9304533D57B87
2025-07-15 19:59:24.590, FindNode, bc492ee0-380a-4da8-a357-6179427f59a8, 7BB3577E7F5595B494687818149EE168FEBC2C03, 7BB3577E7F5595B494687818149EF168FEBC2C03
2025-07-15 19:59:24.591, ReplyFindNode, bc492ee0-380a-4da8-a357-6179427f59a8, 7BB3577E7F5595B494687818149EE168FEBC2C03, ADC0E723DF6E376068DC6BEFDD59C00882974E21
2025-07-15 19:59:28.161, FindNode, 1694c7c1-d819-493c-a335-304b31cc3ad4, ADC0E723DF6E376068DC6BEFDD59C00882974E21, ADC2E723DF6E376068DC6BEFDD59C00882974E21
2025-07-15 19:59:28.161, ReplyFindNode, 1694c7c1-d819-493c-a335-304b31cc3ad4, ADC0E723DF6E376068DC6BEFDD59C00882974E21, 488D91B7237C9FDEC56C70D9374C721A2F230821
2025-07-15 19:59:32.656, FindNode, 8417efec-058a-4b87-93fe-bcdb9c4be63f, 488D91B7237C9FDEC56C70D9374C721A2F230821, 488D91B7237C9FDEC56C70D9374C721C2F230821
2025-07-15 19:59:32.656, ReplyFindNode, 8417efec-058a-4b87-93fe-bcdb9c4be63f, 488D91B7237C9FDEC56C70D9374C721A2F230821, 7BB3577E7F5595B494687818149EE168FEBC2C03
2025-07-15 19:59:35.079, Remove, b04f6962-c40d-4667-8352-1ff18f68b677, ADC0E723DF6E376068DC6BEFDD59C00882974E21, 00BF75C0771FE5C00E4E21973BCFD90CDFBF8992, 4872D52F470A9C7E0B66D0A4062715D07BBF24C0
2025-07-15 19:59:35.082, ReplyRemove, b04f6962-c40d-4667-8352-1ff18f68b677, 488D91B7237C9FDEC56C70D9374C721A2F230821
2025-07-15 19:59:35.580, Store, d14cd1ed-b5c0-4b2c-9166-a96743ed9a1e, 488D91B7237C9FDEC56C70D9374C721A2F230821, 4972B78B75E1FBE7528F0BCC0C7B0CF7E0E6BB0B, CD80598EC517EAE9A358EDA9FD94A445051EF53F
2025-07-15 19:59:35.624, ReplyStore, d14cd1ed-b5c0-4b2c-9166-a96743ed9a1e, 7BB3577E7F5595B494687818149EE168FEBC2C03
2025-07-15 19:59:36.085, Lookup, 7e7fc4ae-d94e-4594-b7b1-05deac001aa6, 7BB3577E7F5595B494687818149EE168FEBC2C03, E30B2DA212DBA96C958944E3E09107C4A46BFE85
2025-07-15 19:59:36.129, FindNode, d50961a6-98c1-458a-a4ce-1dd284e81521, ADC0E723DF6E376068DC6BEFDD59C00882974E21, E30B2DA212DBA96C958944E3E09107C4A46BFE85
2025-07-15 19:59:36.129, ReplyFindNode, d50961a6-98c1-458a-a4ce-1dd284e81521, ADC0E723DF6E376068DC6BEFDD59C00882974E21, 488D91B7237C9FDEC56C70D9374C721A2F230821
2025-07-15 19:59:36.304, ReplyLookup, 7e7fc4ae-d94e-4594-b7b1-05deac001aa6, ADC0E723DF6E376068DC6BEFDD59C00882974E21,
2025-07-15 19:59:36.591, FindNode, c29d7737-c95e-4456-9243-a71e40d67d31, 7BB3577E7F5595B494687818149EE168FEBC2C03, 7BB3577E7F5595B494687818149FE168FEBC2C03
2025-07-15 19:59:36.591, ReplyFindNode, c29d7737-c95e-4456-9243-a71e40d67d31, 7BB3577E7F5595B494687818149EE168FEBC2C03, ADC0E723DF6E376068DC6BEFDD59C00882974E21
2025-07-15 19:59:40.161, FindNode, 9ef91283-43a9-4ab8-9855-c620b55560a6, ADC0E723DF6E376068DC6BEFDD59C00882974E21, ADC0E723DF6E376068DC6BEFDD59C00882974E29
2025-07-15 19:59:40.162, ReplyFindNode, 9ef91283-43a9-4ab8-9855-c620b55560a6, ADC0E723DF6E376068DC6BEFDD59C00882974E21, 488D91B7237C9FDEC56C70D9374C721A2F230821
2025-07-15 19:59:44.657, FindNode, 5e463f4d-bafb-4d27-875e-61c12e31a36e, 488D91B7237C9FDEC56C70D9374C721A2F230821, 488D91B7237C9FDEC56C70D9374C721A37230821
2025-07-15 19:59:44.657, ReplyFindNode, 5e463f4d-bafb-4d27-875e-61c12e31a36e, 488D91B7237C9FDEC56C70D9374C721A2F230821, 7BB3577E7F5595B494687818149EE168FEBC2C03
2025-07-15 19:59:48.592, FindNode, d28d4e97-8787-4d15-9598-52a9ffdb202d, 7BB3577E7F5595B494687818149EE168FEBC2C03, 7BB3577E7F5595F494687818149EE168FEBC2C03
2025-07-15 19:59:48.592, ReplyFindNode, d28d4e97-8787-4d15-9598-52a9ffdb202d, 7BB3577E7F5595B494687818149EE168FEBC2C03, ADC0E723DF6E376068DC6BEFDD59C00882974E21
2025-07-15 19:59:50.079, Lookup, c19079a8-f838-4f90-a757-9cc0ecf2a157, ADC0E723DF6E376068DC6BEFDD59C00882974E21, 1A34561D16C8A240E962A8310514CE6213F86899
2025-07-15 19:59:50.125, ReplyLookup, c19079a8-f838-4f90-a757-9cc0ecf2a157, 488D91B7237C9FDEC56C70D9374C721A2F230821,
2025-07-15 19:59:50.581, Lookup, 76a1e40e-66ba-41c9-a413-99157fc2ca8c, 488D91B7237C9FDEC56C70D9374C721A2F230821, DB0B4002144BE3AF077D960E607619CB36897DBF
2025-07-15 19:59:50.624, FindNode, c00c7ce7-65c9-437d-bddb-7f35b15e066d, ADC0E723DF6E376068DC6BEFDD59C00882974E21, DB0B4002144BE3AF077D960E607619CB36897DBF
2025-07-15 19:59:50.625, ReplyFindNode, c00c7ce7-65c9-437d-bddb-7f35b15e066d, ADC0E723DF6E376068DC6BEFDD59C00882974E21, 488D91B7237C9FDEC56C70D9374C721A2F230821
2025-07-15 19:59:50.800, ReplyLookup, 76a1e40e-66ba-41c9-a413-99157fc2ca8c, ADC0E723DF6E376068DC6BEFDD59C00882974E21,
2025-07-15 19:59:51.085, Lookup, d54b47ad-dca5-475b-8bf5-73f1c26bd51e, 7BB3577E7F5595B494687818149EE168FEBC2C03, D909219BBFB971BF485F85732D86097E4B8050BC
2025-07-15 19:59:51.128, FindNode, d7b1efa0-508a-48fa-acd5-1210b5a32bbc, ADC0E723DF6E376068DC6BEFDD59C00882974E21, D909219BBFB971BF485F85732D86097E4B8050BC
2025-07-15 19:59:51.129, ReplyFindNode, d7b1efa0-508a-48fa-acd5-1210b5a32bbc, ADC0E723DF6E376068DC6BEFDD59C00882974E21, 488D91B7237C9FDEC56C70D9374C721A2F230821
2025-07-15 19:59:51.260, ReplyLookup, d54b47ad-dca5-475b-8bf5-73f1c26bd51e, ADC0E723DF6E376068DC6BEFDD59C00882974E21,
2025-07-15 19:59:52.162, FindNode, 4b3be0d0-7571-43bd-af14-cb98fc99f0b6, ADC0E723DF6E376068DC6BEFDD59C00882974E21, ADC0E723DF6E376068DC6BEFDD59C00884974E21
2025-07-15 19:59:52.162, ReplyFindNode, 4b3be0d0-7571-43bd-af14-cb98fc99f0b6, ADC0E723DF6E376068DC6BEFDD59C00882974E21, 488D91B7237C9FDEC56C70D9374C721A2F230821
2025-07-15 19:59:56.658, FindNode, 3c988790-cfcf-41d7-92ec-41a1f50685dc, 488D91B7237C9FDEC56C70D9374C721A2F230821, 488D91B7237C9FDED56C70D9374C721A2F230821
2025-07-15 19:59:56.658, ReplyFindNode, 3c988790-cfcf-41d7-92ec-41a1f50685dc, 488D91B7237C9FDEC56C70D9374C721A2F230821, 7BB3577E7F5595B494687818149EE168FEBC2C03
2025-07-15 20:00:00.593, FindNode, e3af9b9a-b425-4950-ab92-3c955f9119b1, 7BB3577E7F5595B494687818149EE168FEBC2C03, 7BB3577E875595B494687818149EE168FEBC2C03
2025-07-15 20:00:00.593, ReplyFindNode, e3af9b9a-b425-4950-ab92-3c955f9119b1, 7BB3577E7F5595B494687818149EE168FEBC2C03, ADC0E723DF6E376068DC6BEFDD59C00882974E21
2025-07-15 20:00:04.163, FindNode, 34ffffd1-ca24-4755-9683-23023e9af025, ADC0E723DF6E376068DC6BEFDD59C00882974E21, ADC0E723DF6E376468DC6BEFDD59C00882974E21
2025-07-15 20:00:04.163, ReplyFindNode, 34ffffd1-ca24-4755-9683-23023e9af025, ADC0E723DF6E376068DC6BEFDD59C00882974E21, 488D91B7237C9FDEC56C70D9374C721A2F230821
2025-07-15 20:00:05.079, Store, 2fa40c72-95e9-4ede-979f-f3764654c68d, ADC0E723DF6E376068DC6BEFDD59C00882974E21, 46970298B7C49635134908446D6DD59B87AFD76A, 8E8E7481FC021BB47B823DDD87C38EB180994263
2025-07-15 20:00:05.124, ReplyStore, 2fa40c72-95e9-4ede-979f-f3764654c68d, 488D91B7237C9FDEC56C70D9374C721A2F230821
2025-07-15 20:00:05.581, Lookup, 2d4fc435-407a-443f-8d3b-6899336896c5, 488D91B7237C9FDEC56C70D9374C721A2F230821, 20A5461E257D93E9FCBFB4F19F2A9243AFEE918C
2025-07-15 20:00:05.624, FindNode, 20d12651-f19a-40c6-8c13-6c2838294925, ADC0E723DF6E376068DC6BEFDD59C00882974E21, 20A5461E257D93E9FCBFB4F19F2A9243AFEE918C
2025-07-15 20:00:05.625, ReplyFindNode, 20d12651-f19a-40c6-8c13-6c2838294925, ADC0E723DF6E376068DC6BEFDD59C00882974E21, 488D91B7237C9FDEC56C70D9374C721A2F230821
2025-07-15 20:00:05.801, ReplyLookup, 2d4fc435-407a-443f-8d3b-6899336896c5, ADC0E723DF6E376068DC6BEFDD59C00882974E21, B4841A6CFF87141380778AF4406DCD14D736B6E1
2025-07-15 20:00:06.085, Lookup, 5c23b26e-8032-4287-8e78-62afe342d296, 7BB3577E7F5595B494687818149EE168FEBC2C03, A565259DBFCFE6D40D4D8FCAB1AAE55845015F69
2025-07-15 20:00:06.129, ReplyLookup, 5c23b26e-8032-4287-8e78-62afe342d296, ADC0E723DF6E376068DC6BEFDD59C00882974E21,
2025-07-15 20:00:08.659, FindNode, 1b2e392c-d1e2-46f3-bf22-d988f5af6012, 488D91B7237C9FDEC56C70D9374C721A2F230821, 488D91B7237C9FDEC56C70D9375C721A2F230821
2025-07-15 20:00:08.659, ReplyFindNode, 1b2e392c-d1e2-46f3-bf22-d988f5af6012, 488D91B7237C9FDEC56C70D9374C721A2F230821, 7BB3577E7F5595B494687818149EE168FEBC2C03
2025-07-15 20:00:12.593, FindNode, 2ff604a3-2095-4767-ae07-7ce88273bbc7, 7BB3577E7F5595B494687818149EE168FEBC2C03, 7BB3577E7F5595BC94687818149EE168FEBC2C03
2025-07-15 20:00:12.594, ReplyFindNode, 2ff604a3-2095-4767-ae07-7ce88273bbc7, 7BB3577E7F5595B494687818149EE168FEBC2C03, ADC0E723DF6E376068DC6BEFDD59C00882974E21
2025-07-15 20:00:16.163, FindNode, ad926112-6a2a-4c8f-992b-bd5d1873b7a5, ADC0E723DF6E376068DC6BEFDD59C00882974E21, ADC0E723DF6E376068DC6BEFDD59C00902974E21
2025-07-15 20:00:16.164, ReplyFindNode, ad926112-6a2a-4c8f-992b-bd5d1873b7a5, ADC0E723DF6E376068DC6BEFDD59C00882974E21, 488D91B7237C9FDEC56C70D9374C721A2F230821
2025-07-15 20:00:20.080, Lookup, 689041a3-0e3d-4192-ad70-c373657da914, ADC0E723DF6E376068DC6BEFDD59C00882974E21, CE3F2F497EF5657EDA8D4E9F9D61E7535427D6FF
2025-07-15 20:00:20.125, ReplyLookup, 689041a3-0e3d-4192-ad70-c373657da914, 488D91B7237C9FDEC56C70D9374C721A2F230821,
2025-07-15 20:00:20.582, Store, 13fb3446-169d-4d63-a874-9714df5abc88, 488D91B7237C9FDEC56C70D9374C721A2F230821, F83AFDBF1E4A7279A5E4A0D63C7D2F354EB5E3C7, C46DF3FBA59172BD0B1E825BA5E0C1F5A109E510
2025-07-15 20:00:20.624, FindNode, 40fec99e-da38-495b-9488-f3407a734505, ADC0E723DF6E376068DC6BEFDD59C00882974E21, F83AFDBF1E4A7279A5E4A0D63C7D2F354EB5E3C7
2025-07-15 20:00:20.625, ReplyFindNode, 40fec99e-da38-495b-9488-f3407a734505, ADC0E723DF6E376068DC6BEFDD59C00882974E21, 488D91B7237C9FDEC56C70D9374C721A2F230821
2025-07-15 20:00:20.659, FindNode, e63370be-e1d9-4afc-8aa4-2faae8bc5885, 488D91B7237C9FDEC56C70D9374C721A2F230821, 488D91B7237C9FDEC56C70D9374D721A2F230821
2025-07-15 20:00:20.659, ReplyFindNode, e63370be-e1d9-4afc-8aa4-2faae8bc5885, 488D91B7237C9FDEC56C70D9374C721A2F230821, 7BB3577E7F5595B494687818149EE168FEBC2C03
2025-07-15 20:00:20.717, ReplyStore, 13fb3446-169d-4d63-a874-9714df5abc88, ADC0E723DF6E376068DC6BEFDD59C00882974E21
2025-07-15 20:00:21.085, Store, ac2b0145-5164-4337-b538-7189d01f14cc, 7BB3577E7F5595B494687818149EE168FEBC2C03, F283F65B4F3BC43D5CDE609449592EF014AD317E, 86954B0558ACBE6787B6FB108FCA3CA9645718FA
2025-07-15 20:00:21.128, FindNode, 9bc5579d-45b2-4e0e-be18-525cdada0abe, ADC0E723DF6E376068DC6BEFDD59C00882974E21, F283F65B4F3BC43D5CDE609449592EF014AD317E
2025-07-15 20:00:21.129, ReplyFindNode, 9bc5579d-45b2-4e0e-be18-525cdada0abe, ADC0E723DF6E376068DC6BEFDD59C00882974E21, 488D91B7237C9FDEC56C70D9374C721A2F230821
2025-07-15 20:00:21.220, ReplyStore, ac2b0145-5164-4337-b538-7189d01f14cc, ADC0E723DF6E376068DC6BEFDD59C00882974E21
2025-07-15 20:00:24.594, FindNode, af757957-18b9-488d-9c2c-fbf2fe423501, 7BB3577E7F5595B494687818149EE168FEBC2C03, 7BD3577E7F5595B494687818149EE168FEBC2C03
2025-07-15 20:00:24.595, ReplyFindNode, af757957-18b9-488d-9c2c-fbf2fe423501, 7BB3577E7F5595B494687818149EE168FEBC2C03, ADC0E723DF6E376068DC6BEFDD59C00882974E21
2025-07-15 20:00:28.164, FindNode, 30eb1384-1079-4e1f-b139-74b3d6d3dcf6, ADC0E723DF6E376068DC6BEFDD59C00882974E21, ADD0E723DF6E376068DC6BEFDD59C00882974E21
2025-07-15 20:00:28.165, ReplyFindNode, 30eb1384-1079-4e1f-b139-74b3d6d3dcf6, ADC0E723DF6E376068DC6BEFDD59C00882974E21, 488D91B7237C9FDEC56C70D9374C721A2F230821
2025-07-15 20:00:32.660, FindNode, 130d6abf-217f-44e4-a011-0f8f858424bf, 488D91B7237C9FDEC56C70D9374C721A2F230821, 488D91B723849FDEC56C70D9374C721A2F230821
2025-07-15 20:00:32.660, ReplyFindNode, 130d6abf-217f-44e4-a011-0f8f858424bf, 488D91B7237C9FDEC56C70D9374C721A2F230821, 7BB3577E7F5595B494687818149EE168FEBC2C03
2025-07-15 20:00:35.080, Store, 7a3fdb59-fefd-49c7-bfa9-6f3dcd29b80e, ADC0E723DF6E376068DC6BEFDD59C00882974E21, D1EE42497945091A1654B4682DBB8B9E659AB7AA, 29D147E150828B31FDA006223A08ABDD566B8504
2025-07-15 20:00:35.124, ReplyStore, 7a3fdb59-fefd-49c7-bfa9-6f3dcd29b80e, 488D91B7237C9FDEC56C70D9374C721A2F230821
2025-07-15 20:00:35.581, Store, c6d12641-6d55-46bc-9ec6-c50eb03e6096, 488D91B7237C9FDEC56C70D9374C721A2F230821, F8FB87BD1A25BD0684B9B409D0A528F256B12056, 77B9AC77EDD5BE54747B66D59377BC615FFCB4F1
2025-07-15 20:00:35.624, FindNode, 1f6b4e74-6e3b-428e-8e01-0bfdf056b073, ADC0E723DF6E376068DC6BEFDD59C00882974E21, F8FB87BD1A25BD0684B9B409D0A528F256B12056
2025-07-15 20:00:35.625, ReplyFindNode, 1f6b4e74-6e3b-428e-8e01-0bfdf056b073, ADC0E723DF6E376068DC6BEFDD59C00882974E21, 488D91B7237C9FDEC56C70D9374C721A2F230821
2025-07-15 20:00:35.716, ReplyStore, c6d12641-6d55-46bc-9ec6-c50eb03e6096, ADC0E723DF6E376068DC6BEFDD59C00882974E21
2025-07-15 20:00:36.086, Remove, 0bdfd6b0-7d4f-4022-b73a-91ee1b0a9200, 7BB3577E7F5595B494687818149EE168FEBC2C03, 8C1E5403FD8A45BBECB50ED48E66CE309B51C285, 44E65DC814999576EFB356FC593C6BA788A52070
2025-07-15 20:00:36.133, ReplyRemove, 0bdfd6b0-7d4f-4022-b73a-91ee1b0a9200, ADC0E723DF6E376068DC6BEFDD59C00882974E21
2025-07-15 20:00:36.595, FindNode, e05c6353-d0f9-4592-aba0-dd31442077a4, 7BB3577E7F5595B494687818149EE168FEBC2C03, 7BB3577E7F5595B494687818149EE170FEBC2C03
2025-07-15 20:00:36.595, ReplyFindNode, e05c6353-d0f9-4592-aba0-dd31442077a4, 7BB3577E7F5595B494687818149EE168FEBC2C03, ADC0E723DF6E376068DC6BEFDD59C00882974E21
2025-07-15 20:00:40.165, FindNode, 1084f81a-df8b-4ba6-97fb-b68c4c13be2f, ADC0E723DF6E376068DC6BEFDD59C00882974E21, ADC0E723DF6E376068DC6BEFDE59C00882974E21
2025-07-15 20:00:40.165, ReplyFindNode, 1084f81a-df8b-4ba6-97fb-b68c4c13be2f, ADC0E723DF6E376068DC6BEFDD59C00882974E21, 488D91B7237C9FDEC56C70D9374C721A2F230821
2025-07-15 20:00:44.661, FindNode, 1672f889-6902-461e-aaaf-ec3826f3a568, 488D91B7237C9FDEC56C70D9374C721A2F230821, 488D91B7237C9FE6C56C70D9374C721A2F230821
2025-07-15 20:00:44.661, ReplyFindNode, 1672f889-6902-461e-aaaf-ec3826f3a568, 488D91B7237C9FDEC56C70D9374C721A2F230821, 7BB3577E7F5595B494687818149EE168FEBC2C03
2025-07-15 20:00:48.596, FindNode, 5227f1cf-b225-43fb-9f0b-d32073cb4390, 7BB3577E7F5595B494687818149EE168FEBC2C03, 7BB3577E7F5595B494887818149EE168FEBC2C03
2025-07-15 20:00:48.596, ReplyFindNode, 5227f1cf-b225-43fb-9f0b-d32073cb4390, 7BB3577E7F5595B494687818149EE168FEBC2C03, ADC0E723DF6E376068DC6BEFDD59C00882974E21
2025-07-15 20:00:50.081, Lookup, 379d894d-36bb-4971-8b60-21403bbd20e8, ADC0E723DF6E376068DC6BEFDD59C00882974E21, 46970298B7C49635134908446D6DD59B87AFD76A
2025-07-15 20:00:50.127, ReplyLookup, 379d894d-36bb-4971-8b60-21403bbd20e8, 488D91B7237C9FDEC56C70D9374C721A2F230821, 8E8E7481FC021BB47B823DDD87C38EB180994263
2025-07-15 20:00:50.581, Lookup, 65498c60-7b94-41a1-afc0-35f21ff616f8, 488D91B7237C9FDEC56C70D9374C721A2F230821, D6220063ED4F3235813F3E2DC8549CDEB817DE3D
2025-07-15 20:00:50.624, FindNode, 1ce61610-7ff3-447b-8d35-d6fe2bf19124, ADC0E723DF6E376068DC6BEFDD59C00882974E21, D6220063ED4F3235813F3E2DC8549CDEB817DE3D
2025-07-15 20:00:50.624, ReplyFindNode, 1ce61610-7ff3-447b-8d35-d6fe2bf19124, ADC0E723DF6E376068DC6BEFDD59C00882974E21, 488D91B7237C9FDEC56C70D9374C721A2F230821
2025-07-15 20:00:50.800, ReplyLookup, 65498c60-7b94-41a1-afc0-35f21ff616f8, ADC0E723DF6E376068DC6BEFDD59C00882974E21,
2025-07-15 20:00:51.087, Remove, c80b61cc-ff19-4d8c-8142-1291ca5ce3f1, 7BB3577E7F5595B494687818149EE168FEBC2C03, 6482183064C6312DE3FC14FE912062CC67103876, 211E69D0731F68DE798C256BE7F9304533D57B87
2025-07-15 20:00:51.128, FindNode, c241d505-df1b-4c2e-abe7-d7ad72bff8ad, 488D91B7237C9FDEC56C70D9374C721A2F230821, 6482183064C6312DE3FC14FE912062CC67103876
2025-07-15 20:00:51.129, ReplyFindNode, c241d505-df1b-4c2e-abe7-d7ad72bff8ad, 488D91B7237C9FDEC56C70D9374C721A2F230821, 7BB3577E7F5595B494687818149EE168FEBC2C03
2025-07-15 20:00:51.138, ReplyRemove, c80b61cc-ff19-4d8c-8142-1291ca5ce3f1, 488D91B7237C9FDEC56C70D9374C721A2F230821
2025-07-15 20:00:52.166, FindNode, 19e17872-0f31-4d54-8698-2125ef66ffff, ADC0E723DF6E376068DC6BEFDD59C00882974E21, ADE0E723DF6E376068DC6BEFDD59C00882974E21
2025-07-15 20:00:52.166, ReplyFindNode, 19e17872-0f31-4d54-8698-2125ef66ffff, ADC0E723DF6E376068DC6BEFDD59C00882974E21, 488D91B7237C9FDEC56C70D9374C721A2F230821
2025-07-15 20:00:56.661, FindNode, adc509e8-9973-4dcd-8b03-3be0246979c7, 488D91B7237C9FDEC56C70D9374C721A2F230821, 488D91B7237C9FDEC56C7119374C721A2F230821
2025-07-15 20:00:56.661, ReplyFindNode, adc509e8-9973-4dcd-8b03-3be0246979c7, 488D91B7237C9FDEC56C70D9374C721A2F230821, 7BB3577E7F5595B494687818149EE168FEBC2C03
2025-07-15 20:01:00.596, FindNode, 19a7a152-3592-4291-ab43-517eb5372cbe, 7BB3577E7F5595B494687818149EE168FEBC2C03, 7BB3577E7F5595B494697818149EE168FEBC2C03
2025-07-15 20:01:00.597, ReplyFindNode, 19a7a152-3592-4291-ab43-517eb5372cbe, 7BB3577E7F5595B494687818149EE168FEBC2C03, ADC0E723DF6E376068DC6BEFDD59C00882974E21
2025-07-15 20:01:04.166, FindNode, 788bff6e-bc92-4bb6-b68a-dc1e7b06b8e6, ADC0E723DF6E376068DC6BEFDD59C00882974E21, ADC0E723DF6E3760695C6BEFDD59C00882974E21
2025-07-15 20:01:04.167, ReplyFindNode, 788bff6e-bc92-4bb6-b68a-dc1e7b06b8e6, ADC0E723DF6E376068DC6BEFDD59C00882974E21, 488D91B7237C9FDEC56C70D9374C721A2F230821
2025-07-15 20:01:05.082, Lookup, 02d395b9-c0b4-486c-ad03-b700f662fb28, ADC0E723DF6E376068DC6BEFDD59C00882974E21, 46970298B7C49635134908446D6DD59B87AFD76A
2025-07-15 20:01:05.169, ReplyLookup, 02d395b9-c0b4-486c-ad03-b700f662fb28, 488D91B7237C9FDEC56C70D9374C721A2F230821, 8E8E7481FC021BB47B823DDD87C38EB180994263
2025-07-15 20:01:05.581, Remove, 06298566-72fd-4217-a5a5-b72f43d2c6fc, 488D91B7237C9FDEC56C70D9374C721A2F230821, F8FB87BD1A25BD0684B9B409D0A528F256B12056, 77B9AC77EDD5BE54747B66D59377BC615FFCB4F1
2025-07-15 20:01:05.624, FindNode, 72fc7e66-3518-43d2-9f1d-3094aea1d43a, ADC0E723DF6E376068DC6BEFDD59C00882974E21, F8FB87BD1A25BD0684B9B409D0A528F256B12056
2025-07-15 20:01:05.625, ReplyFindNode, 72fc7e66-3518-43d2-9f1d-3094aea1d43a, ADC0E723DF6E376068DC6BEFDD59C00882974E21, 488D91B7237C9FDEC56C70D9374C721A2F230821
2025-07-15 20:01:05.717, ReplyRemove, 06298566-72fd-4217-a5a5-b72f43d2c6fc, ADC0E723DF6E376068DC6BEFDD59C00882974E21
2025-07-15 20:01:06.087, Lookup, fe39b936-2aa9-410d-a26e-c2e9046de6b0, 7BB3577E7F5595B494687818149EE168FEBC2C03, E0FA1E729C81CAB1D1F71449C4DEFDC7C2089D1D
2025-07-15 20:01:06.128, FindNode, 87aa6a9e-9746-4e4a-9e88-c48122ae672d, ADC0E723DF6E376068DC6BEFDD59C00882974E21, E0FA1E729C81CAB1D1F71449C4DEFDC7C2089D1D
2025-07-15 20:01:06.129, ReplyFindNode, 87aa6a9e-9746-4e4a-9e88-c48122ae672d, ADC0E723DF6E376068DC6BEFDD59C00882974E21, 488D91B7237C9FDEC56C70D9374C721A2F230821
2025-07-15 20:01:06.315, ReplyLookup, fe39b936-2aa9-410d-a26e-c2e9046de6b0, ADC0E723DF6E376068DC6BEFDD59C00882974E21,
2025-07-15 20:01:08.662, FindNode, 8e48c330-b036-481f-aff4-13d2667c05a1, 488D91B7237C9FDEC56C70D9374C721A2F230821, C88D91B7237C9FDEC56C70D9374C721A2F230821
2025-07-15 20:01:08.705, FindNode, 0551cc71-c1fb-4ee4-999b-63c70f164d99, ADC0E723DF6E376068DC6BEFDD59C00882974E21, C88D91B7237C9FDEC56C70D9374C721A2F230821
2025-07-15 20:01:08.705, ReplyFindNode, 0551cc71-c1fb-4ee4-999b-63c70f164d99, ADC0E723DF6E376068DC6BEFDD59C00882974E21, 488D91B7237C9FDEC56C70D9374C721A2F230821
2025-07-15 20:01:08.707, ReplyFindNode, 8e48c330-b036-481f-aff4-13d2667c05a1, 488D91B7237C9FDEC56C70D9374C721A2F230821, ADC0E723DF6E376068DC6BEFDD59C00882974E21
2025-07-15 20:01:12.597, FindNode, d70b050f-b4f1-4db0-9d58-de1d3759798f, 7BB3577E7F5595B494687818149EE168FEBC2C03, 7BB3579E7F5595B494687818149EE168FEBC2C03
2025-07-15 20:01:12.598, ReplyFindNode, d70b050f-b4f1-4db0-9d58-de1d3759798f, 7BB3577E7F5595B494687818149EE168FEBC2C03, ADC0E723DF6E376068DC6BEFDD59C00882974E21
2025-07-15 20:01:16.167, FindNode, 27246f3f-5f8f-4bf8-91b4-0f316390d91d, ADC0E723DF6E376068DC6BEFDD59C00882974E21, ADC0E723FF6E376068DC6BEFDD59C00882974E21
2025-07-15 20:01:16.167, ReplyFindNode, 27246f3f-5f8f-4bf8-91b4-0f316390d91d, ADC0E723DF6E376068DC6BEFDD59C00882974E21, 488D91B7237C9FDEC56C70D9374C721A2F230821
2025-07-15 20:01:20.082, Lookup, bc3fc109-d5b1-45b7-b173-5d888995ba23, ADC0E723DF6E376068DC6BEFDD59C00882974E21, D1EE42497945091A1654B4682DBB8B9E659AB7AA
2025-07-15 20:01:20.127, ReplyLookup, bc3fc109-d5b1-45b7-b173-5d888995ba23, 488D91B7237C9FDEC56C70D9374C721A2F230821, 29D147E150828B31FDA006223A08ABDD566B8504
2025-07-15 20:01:20.581, Lookup, 7475d9c8-b3f3-485e-a3ad-1e0fa9c2046b, 488D91B7237C9FDEC56C70D9374C721A2F230821, 46970298B7C49635134908446D6DD59B87AFD76A
2025-07-15 20:01:20.624, FindNode, 12e110e2-0f17-4efc-a995-2e1c1ef21193, ADC0E723DF6E376068DC6BEFDD59C00882974E21, 46970298B7C49635134908446D6DD59B87AFD76A
2025-07-15 20:01:20.625, ReplyFindNode, 12e110e2-0f17-4efc-a995-2e1c1ef21193, ADC0E723DF6E376068DC6BEFDD59C00882974E21, 488D91B7237C9FDEC56C70D9374C721A2F230821
2025-07-15 20:01:20.708, FindNode, 2db8227e-b438-46d7-9aa6-51f6626fec5f, 488D91B7237C9FDEC56C70D9374C721A2F230821, 488D91B7237C9FDEC56C70D9374C731A2F230821
2025-07-15 20:01:20.708, ReplyFindNode, 2db8227e-b438-46d7-9aa6-51f6626fec5f, 488D91B7237C9FDEC56C70D9374C721A2F230821, 7BB3577E7F5595B494687818149EE168FEBC2C03
2025-07-15 20:01:20.801, ReplyLookup, 7475d9c8-b3f3-485e-a3ad-1e0fa9c2046b, ADC0E723DF6E376068DC6BEFDD59C00882974E21, 8E8E7481FC021BB47B823DDD87C38EB180994263
2025-07-15 20:01:21.091, Lookup, f9be737a-c958-463d-a0d9-523ac40401bd, 7BB3577E7F5595B494687818149EE168FEBC2C03, 0D72C8E05CBB0A1D1B6071D976C5CDA18D1A124C
2025-07-15 20:01:21.136, FindNode, a1539e01-e460-4527-afc9-b0fcb6689e9a, ADC0E723DF6E376068DC6BEFDD59C00882974E21, 0D72C8E05CBB0A1D1B6071D976C5CDA18D1A124C
2025-07-15 20:01:21.137, ReplyFindNode, a1539e01-e460-4527-afc9-b0fcb6689e9a, ADC0E723DF6E376068DC6BEFDD59C00882974E21, 488D91B7237C9FDEC56C70D9374C721A2F230821
2025-07-15 20:01:21.273, ReplyLookup, f9be737a-c958-463d-a0d9-523ac40401bd, ADC0E723DF6E376068DC6BEFDD59C00882974E21, 7DEB9A3C72639C3BE93B85AE69F74D98F0EF5558
2025-07-15 20:01:24.598, FindNode, ea69b7a3-24f0-4bdc-9edf-5db29e71b85b, 7BB3577E7F5595B494687818149EE168FEBC2C03, 7BB3577E7F5595B494687818149EE168FEBC2D03
2025-07-15 20:01:24.599, ReplyFindNode, ea69b7a3-24f0-4bdc-9edf-5db29e71b85b, 7BB3577E7F5595B494687818149EE168FEBC2C03, ADC0E723DF6E376068DC6BEFDD59C00882974E21
2025-07-15 20:01:28.168, FindNode, 793b5650-e905-4f84-8688-d13de6427aee, ADC0E723DF6E376068DC6BEFDD59C00882974E21, ADC0E723DF6E376068DC6BEFDD59C00886974E21
2025-07-15 20:01:28.168, ReplyFindNode, 793b5650-e905-4f84-8688-d13de6427aee, ADC0E723DF6E376068DC6BEFDD59C00882974E21, 488D91B7237C9FDEC56C70D9374C721A2F230821
2025-07-15 20:01:32.708, FindNode, 0e8b9587-4d5a-4eaa-a6c8-8a439d8dc9b8, 488D91B7237C9FDEC56C70D9374C721A2F230821, 488D92B7237C9FDEC56C70D9374C721A2F230821
2025-07-15 20:01:32.709, ReplyFindNode, 0e8b9587-4d5a-4eaa-a6c8-8a439d8dc9b8, 488D91B7237C9FDEC56C70D9374C721A2F230821, 7BB3577E7F5595B494687818149EE168FEBC2C03
2025-07-15 20:01:35.082, Lookup, c321adf2-b0c2-41a9-8e63-7f66915b9790, ADC0E723DF6E376068DC6BEFDD59C00882974E21, 46970298B7C49635134908446D6DD59B87AFD76A
2025-07-15 20:01:35.126, ReplyLookup, c321adf2-b0c2-41a9-8e63-7f66915b9790, 488D91B7237C9FDEC56C70D9374C721A2F230821, 8E8E7481FC021BB47B823DDD87C38EB180994263
2025-07-15 20:01:35.581, Lookup, b180b42e-2f3b-45b0-964a-7b307cb63908, 488D91B7237C9FDEC56C70D9374C721A2F230821, D81ABF5B3BB23D0CB80B64502B890DD2AE9651C1
2025-07-15 20:01:35.624, FindNode, f7bc664b-040e-4ca9-bbfa-26ec0e529f76, ADC0E723DF6E376068DC6BEFDD59C00882974E21, D81ABF5B3BB23D0CB80B64502B890DD2AE9651C1
2025-07-15 20:01:35.625, ReplyFindNode, f7bc664b-040e-4ca9-bbfa-26ec0e529f76, ADC0E723DF6E376068DC6BEFDD59C00882974E21, 488D91B7237C9FDEC56C70D9374C721A2F230821
2025-07-15 20:01:35.800, ReplyLookup, b180b42e-2f3b-45b0-964a-7b307cb63908, ADC0E723DF6E376068DC6BEFDD59C00882974E21,
2025-07-15 20:01:36.089, Lookup, 9baeb873-95ed-44af-83ee-b3183808bbc0, 7BB3577E7F5595B494687818149EE168FEBC2C03, 0D72C8E05CBB0A1D1B6071D976C5CDA18D1A124C
2025-07-15 20:01:36.132, FindNode, 24c30d50-dd05-4d3a-ae46-f99cde5ccf32, ADC0E723DF6E376068DC6BEFDD59C00882974E21, 0D72C8E05CBB0A1D1B6071D976C5CDA18D1A124C
2025-07-15 20:01:36.133, ReplyFindNode, 24c30d50-dd05-4d3a-ae46-f99cde5ccf32, ADC0E723DF6E376068DC6BEFDD59C00882974E21, 488D91B7237C9FDEC56C70D9374C721A2F230821
2025-07-15 20:01:36.265, ReplyLookup, 9baeb873-95ed-44af-83ee-b3183808bbc0, ADC0E723DF6E376068DC6BEFDD59C00882974E21, 7DEB9A3C72639C3BE93B85AE69F74D98F0EF5558
2025-07-15 20:01:36.599, FindNode, b36d7b21-4fa1-4483-b0fc-2ac4d1a4f3ae, 7BB3577E7F5595B494687818149EE168FEBC2C03, 7BB3577E7F5595B4B4687818149EE168FEBC2C03
2025-07-15 20:01:36.599, ReplyFindNode, b36d7b21-4fa1-4483-b0fc-2ac4d1a4f3ae, 7BB3577E7F5595B494687818149EE168FEBC2C03, ADC0E723DF6E376068DC6BEFDD59C00882974E21
2025-07-15 20:01:36.789, EndStableRegimen
2025-07-15 20:01:37.360, Leave, d62cd12b-18e8-47f1-9026-d8ff7e19965e, 488D91B7237C9FDEC56C70D9374C721A2F230821
2025-07-15 20:01:37.415, ReplyLeave, d62cd12b-18e8-47f1-9026-d8ff7e19965e
2025-07-15 20:01:37.419, EndMember, 488D91B7237C9FDEC56C70D9374C721A2F230821
2025-07-15 20:01:40.168, FindNode, e2e93583-c5b5-4c01-82d0-8b80166ac9f7, ADC0E723DF6E376068DC6BEFDD59C00882974E21, ADC0E723DF6E3F6068DC6BEFDD59C00882974E21
2025-07-15 20:01:40.169, ReplyFindNode, e2e93583-c5b5-4c01-82d0-8b80166ac9f7, ADC0E723DF6E376068DC6BEFDD59C00882974E21, 488D91B7237C9FDEC56C70D9374C721A2F230821
2025-07-15 20:01:48.600, FindNode, 567ff85b-2ef3-4f69-9da3-4a476f04ab2c, 7BB3577E7F5595B494687818149EE168FEBC2C03, 7BB3577E7F5595B494687918149EE168FEBC2C03
2025-07-15 20:01:48.600, ReplyFindNode, 567ff85b-2ef3-4f69-9da3-4a476f04ab2c, 7BB3577E7F5595B494687818149EE168FEBC2C03, ADC0E723DF6E376068DC6BEFDD59C00882974E21
2025-07-15 20:01:50.082, Lookup, dfc93231-1527-4e89-8f38-71bb1f50b9f2, ADC0E723DF6E376068DC6BEFDD59C00882974E21, D1EE42497945091A1654B4682DBB8B9E659AB7AA
2025-07-15 20:01:50.125, ReplyLookup, dfc93231-1527-4e89-8f38-71bb1f50b9f2, 7BB3577E7F5595B494687818149EE168FEBC2C03,
2025-07-15 20:01:51.089, Lookup, c340f2f8-7114-49b2-8404-0462615cff2b, 7BB3577E7F5595B494687818149EE168FEBC2C03, 0D72C8E05CBB0A1D1B6071D976C5CDA18D1A124C
2025-07-15 20:01:51.132, FindNode, f2cc125b-1058-4b53-a954-06206bcd8ab9, ADC0E723DF6E376068DC6BEFDD59C00882974E21, 0D72C8E05CBB0A1D1B6071D976C5CDA18D1A124C
2025-07-15 20:01:51.133, ReplyFindNode, f2cc125b-1058-4b53-a954-06206bcd8ab9, ADC0E723DF6E376068DC6BEFDD59C00882974E21, 7BB3577E7F5595B494687818149EE168FEBC2C03
2025-07-15 20:01:51.264, ReplyLookup, c340f2f8-7114-49b2-8404-0462615cff2b, ADC0E723DF6E376068DC6BEFDD59C00882974E21,
2025-07-15 20:01:52.169, FindNode, f698e746-00cd-44b8-93f9-89aad731f2b5, ADC0E723DF6E376068DC6BEFDD59C00882974E21, BDC0E723DF6E376068DC6BEFDD59C00882974E21
2025-07-15 20:01:52.169, ReplyFindNode, f698e746-00cd-44b8-93f9-89aad731f2b5, ADC0E723DF6E376068DC6BEFDD59C00882974E21, 7BB3577E7F5595B494687818149EE168FEBC2C03
2025-07-15 20:02:00.601, FindNode, 05da0ff1-894e-49f3-ba79-212b15b7b979, 7BB3577E7F5595B494687818149EE168FEBC2C03, 7BB3977E7F5595B494687818149EE168FEBC2C03
2025-07-15 20:02:00.601, ReplyFindNode, 05da0ff1-894e-49f3-ba79-212b15b7b979, 7BB3577E7F5595B494687818149EE168FEBC2C03, ADC0E723DF6E376068DC6BEFDD59C00882974E21
2025-07-15 20:02:04.170, FindNode, 7b098ecd-6fd4-4e82-95e0-63ff22685a84, ADC0E723DF6E376068DC6BEFDD59C00882974E21, ADC0E723DF6E3760A8DC6BEFDD59C00882974E21
2025-07-15 20:02:04.170, ReplyFindNode, 7b098ecd-6fd4-4e82-95e0-63ff22685a84, ADC0E723DF6E376068DC6BEFDD59C00882974E21, 488D91B7237C9FDEC56C70D9374C721A2F230821
2025-07-15 20:02:05.082, Remove, f4eff59e-ba87-4231-83c9-42464e109b1c, ADC0E723DF6E376068DC6BEFDD59C00882974E21, D1EE42497945091A1654B4682DBB8B9E659AB7AA, 29D147E150828B31FDA006223A08ABDD566B8504
2025-07-15 20:02:05.246, ReplyRemove, f4eff59e-ba87-4231-83c9-42464e109b1c, 7BB3577E7F5595B494687818149EE168FEBC2C03
2025-07-15 20:02:06.090, Lookup, ac5efa50-de34-4505-924d-794ceabbce37, 7BB3577E7F5595B494687818149EE168FEBC2C03, 0D72C8E05CBB0A1D1B6071D976C5CDA18D1A124C
2025-07-15 20:02:06.132, FindNode, a0cc3599-5d0f-4616-acb8-492853d0f7d8, ADC0E723DF6E376068DC6BEFDD59C00882974E21, 0D72C8E05CBB0A1D1B6071D976C5CDA18D1A124C
2025-07-15 20:02:06.133, ReplyFindNode, a0cc3599-5d0f-4616-acb8-492853d0f7d8, ADC0E723DF6E376068DC6BEFDD59C00882974E21, 7BB3577E7F5595B494687818149EE168FEBC2C03
2025-07-15 20:02:06.264, ReplyLookup, ac5efa50-de34-4505-924d-794ceabbce37, ADC0E723DF6E376068DC6BEFDD59C00882974E21,
2025-07-15 20:02:08.051, StartStableRegimen
2025-07-15 20:02:12.601, FindNode, 6b796ee5-be7d-4344-841d-2f5c84934578, 7BB3577E7F5595B494687818149EE168FEBC2C03, 7C33577E7F5595B494687818149EE168FEBC2C03
2025-07-15 20:02:12.602, ReplyFindNode, 6b796ee5-be7d-4344-841d-2f5c84934578, 7BB3577E7F5595B494687818149EE168FEBC2C03, ADC0E723DF6E376068DC6BEFDD59C00882974E21
2025-07-15 20:02:16.170, FindNode, e1a6e2a8-6b79-48c4-9344-17f4655f66b1, ADC0E723DF6E376068DC6BEFDD59C00882974E21, ADC0E723DF6E376068DC6BEFDD59C00883974E21
2025-07-15 20:02:16.171, ReplyFindNode, e1a6e2a8-6b79-48c4-9344-17f4655f66b1, ADC0E723DF6E376068DC6BEFDD59C00882974E21, 7BB3577E7F5595B494687818149EE168FEBC2C03
2025-07-15 20:02:20.082, Lookup, fcece6d8-6cd3-4a4a-b57e-bf5813d56ada, ADC0E723DF6E376068DC6BEFDD59C00882974E21, 4CB5B57F811220A0F1B25807BEDD7A96F18914DA
2025-07-15 20:02:20.129, ReplyLookup, fcece6d8-6cd3-4a4a-b57e-bf5813d56ada, 7BB3577E7F5595B494687818149EE168FEBC2C03,
2025-07-15 20:02:21.090, Lookup, 5528dfe2-b999-49af-ba14-785d584e224a, 7BB3577E7F5595B494687818149EE168FEBC2C03, 0D72C8E05CBB0A1D1B6071D976C5CDA18D1A124C
2025-07-15 20:02:21.132, FindNode, 254298c4-5bb6-4a36-82b0-a91d16bfda5a, ADC0E723DF6E376068DC6BEFDD59C00882974E21, 0D72C8E05CBB0A1D1B6071D976C5CDA18D1A124C
2025-07-15 20:02:21.133, ReplyFindNode, 254298c4-5bb6-4a36-82b0-a91d16bfda5a, ADC0E723DF6E376068DC6BEFDD59C00882974E21, 7BB3577E7F5595B494687818149EE168FEBC2C03
2025-07-15 20:02:21.264, ReplyLookup, 5528dfe2-b999-49af-ba14-785d584e224a, ADC0E723DF6E376068DC6BEFDD59C00882974E21,
2025-07-15 20:02:24.602, FindNode, afadd6cd-f2e4-4cd1-a665-f411ab17883a, 7BB3577E7F5595B494687818149EE168FEBC2C03, 7BB35F7E7F5595B494687818149EE168FEBC2C03
2025-07-15 20:02:24.603, ReplyFindNode, afadd6cd-f2e4-4cd1-a665-f411ab17883a, 7BB3577E7F5595B494687818149EE168FEBC2C03, ADC0E723DF6E376068DC6BEFDD59C00882974E21
2025-07-15 20:02:28.171, FindNode, c9334c75-1e13-46e9-b7b2-2446b0538903, ADC0E723DF6E376068DC6BEFDD59C00882974E21, ADC0E723DF6E376068DC6BEFDD59C00882974E41
2025-07-15 20:02:28.171, ReplyFindNode, c9334c75-1e13-46e9-b7b2-2446b0538903, ADC0E723DF6E376068DC6BEFDD59C00882974E21, 7BB3577E7F5595B494687818149EE168FEBC2C03
2025-07-15 20:02:35.082, Lookup, 254176dd-9bba-4fd8-8bce-251159bddd3e, ADC0E723DF6E376068DC6BEFDD59C00882974E21, 46970298B7C49635134908446D6DD59B87AFD76A
2025-07-15 20:02:36.090, Lookup, 5dc0405a-aafe-422e-bb93-bf24e1880f36, 7BB3577E7F5595B494687818149EE168FEBC2C03, 26613E766BFA6AABB037628873F09AEA94A876A2
2025-07-15 20:02:36.134, FindNode, 68ddaff0-f8d8-4914-8da5-dec5d9bf0bd8, ADC0E723DF6E376068DC6BEFDD59C00882974E21, 26613E766BFA6AABB037628873F09AEA94A876A2
2025-07-15 20:02:36.134, ReplyFindNode, 68ddaff0-f8d8-4914-8da5-dec5d9bf0bd8, ADC0E723DF6E376068DC6BEFDD59C00882974E21, 488D91B7237C9FDEC56C70D9374C721A2F230821
2025-07-15 20:02:36.268, ReplyLookup, 5dc0405a-aafe-422e-bb93-bf24e1880f36, ADC0E723DF6E376068DC6BEFDD59C00882974E21,
2025-07-15 20:02:36.603, FindNode, 656bb654-1a4f-4af7-9d39-40e00c10d784, 7BB3577E7F5595B494687818149EE168FEBC2C03, 7BB3577E8F5595B494687818149EE168FEBC2C03
2025-07-15 20:02:36.604, ReplyFindNode, 656bb654-1a4f-4af7-9d39-40e00c10d784, 7BB3577E7F5595B494687818149EE168FEBC2C03, ADC0E723DF6E376068DC6BEFDD59C00882974E21
2025-07-15 20:02:40.174, FindNode, 70130e40-8dbc-4a48-b6e9-4404eab9f5e2, ADC0E723DF6E376068DC6BEFDD59C00882974E21, ADC0E723DF6E376068DC6BEFDD59C00883174E21
2025-07-15 20:02:40.175, ReplyFindNode, 70130e40-8dbc-4a48-b6e9-4404eab9f5e2, ADC0E723DF6E376068DC6BEFDD59C00882974E21, 488D91B7237C9FDEC56C70D9374C721A2F230821
2025-07-15 20:02:41.366, ReplyLookup, 254176dd-9bba-4fd8-8bce-251159bddd3e, 7BB3577E7F5595B494687818149EE168FEBC2C03,
2025-07-15 20:02:48.604, FindNode, 01867322-99ca-4c2f-a2b5-a74518129e80, 7BB3577E7F5595B494687818149EE168FEBC2C03, 7BB3577E7F5595B494687818149EE168FEBC3C03
2025-07-15 20:02:48.604, ReplyFindNode, 01867322-99ca-4c2f-a2b5-a74518129e80, 7BB3577E7F5595B494687818149EE168FEBC2C03, ADC0E723DF6E376068DC6BEFDD59C00882974E21
2025-07-15 20:02:50.083, Store, 241e856c-d0ad-48c3-8e7f-79f8f2ca1902, ADC0E723DF6E376068DC6BEFDD59C00882974E21, EF461A172E10E6EA07A5D3337222C447C1BE57F1, 42B8EDF71004DC216629DBDFC221E7E33A024619
2025-07-15 20:02:50.128, ReplyStore, 241e856c-d0ad-48c3-8e7f-79f8f2ca1902, 7BB3577E7F5595B494687818149EE168FEBC2C03
2025-07-15 20:02:51.090, Lookup, 14eab652-c983-4b0e-9e6d-4e028b860b5e, 7BB3577E7F5595B494687818149EE168FEBC2C03, 8953B8A7BD064050D5F41F201FF0FB3049A97373
2025-07-15 20:02:51.133, ReplyLookup, 14eab652-c983-4b0e-9e6d-4e028b860b5e, ADC0E723DF6E376068DC6BEFDD59C00882974E21,
2025-07-15 20:02:52.175, FindNode, 8b327f0c-1dde-4e38-9084-d57dff59df18, ADC0E723DF6E376068DC6BEFDD59C00882974E21, ADC0E723DF6E376068DC6BEFDD59C01082974E21
2025-07-15 20:02:52.175, ReplyFindNode, 8b327f0c-1dde-4e38-9084-d57dff59df18, ADC0E723DF6E376068DC6BEFDD59C00882974E21, 7BB3577E7F5595B494687818149EE168FEBC2C03
2025-07-15 20:03:00.605, FindNode, c3812d7d-fe5f-43ca-aa96-145df6d18a80, 7BB3577E7F5595B494687818149EE168FEBC2C03, 7BB3577E7F5D95B494687818149EE168FEBC2C03
2025-07-15 20:03:00.605, ReplyFindNode, c3812d7d-fe5f-43ca-aa96-145df6d18a80, 7BB3577E7F5595B494687818149EE168FEBC2C03, ADC0E723DF6E376068DC6BEFDD59C00882974E21
2025-07-15 20:03:04.176, FindNode, 740d9afb-7185-4a09-a5bb-c0e4276fd34c, ADC0E723DF6E376068DC6BEFDD59C00882974E21, ADC0E723DF6E376068DC6C0FDD59C00882974E21
2025-07-15 20:03:04.176, ReplyFindNode, 740d9afb-7185-4a09-a5bb-c0e4276fd34c, ADC0E723DF6E376068DC6BEFDD59C00882974E21, 488D91B7237C9FDEC56C70D9374C721A2F230821
2025-07-15 20:03:05.083, Store, 07fd7d53-587a-4813-a826-300c754486c0, ADC0E723DF6E376068DC6BEFDD59C00882974E21, C8B8B30DF9CCAF9240BC5E19F2C3A9263EB56B68, 1E9857830CC4CD5742B26F45710A8537190E914C
2025-07-15 20:03:05.412, ReplyStore, 07fd7d53-587a-4813-a826-300c754486c0, 7BB3577E7F5595B494687818149EE168FEBC2C03
2025-07-15 20:03:06.090, Store, de161282-a1de-4ac0-91a1-4513e54cbad6, 7BB3577E7F5595B494687818149EE168FEBC2C03, 0F10C12292978628EC49BB62F7D445E8E99F3C25, 580A928439F2EFF0F5ED81454EBF7EE7EFE93F21
2025-07-15 20:03:06.132, FindNode, f058cccc-b20b-4252-af49-35bd2c187e4e, ADC0E723DF6E376068DC6BEFDD59C00882974E21, 0F10C12292978628EC49BB62F7D445E8E99F3C25
2025-07-15 20:03:06.133, ReplyFindNode, f058cccc-b20b-4252-af49-35bd2c187e4e, ADC0E723DF6E376068DC6BEFDD59C00882974E21, 7BB3577E7F5595B494687818149EE168FEBC2C03
2025-07-15 20:03:06.224, ReplyStore, de161282-a1de-4ac0-91a1-4513e54cbad6, ADC0E723DF6E376068DC6BEFDD59C00882974E21
2025-07-15 20:03:12.605, FindNode, 10a382f9-0282-4849-ba0a-e5e6446a5ce6, 7BB3577E7F5595B494687818149EE168FEBC2C03, 7BB3577E7F5995B494687818149EE168FEBC2C03
2025-07-15 20:03:12.606, ReplyFindNode, 10a382f9-0282-4849-ba0a-e5e6446a5ce6, 7BB3577E7F5595B494687818149EE168FEBC2C03, ADC0E723DF6E376068DC6BEFDD59C00882974E21
2025-07-15 20:03:16.176, FindNode, 2ad3a90d-26fe-4338-9ef4-e520499a4828, ADC0E723DF6E376068DC6BEFDD59C00882974E21, ADC0E723DF6E376068DC6BEFDD69C00882974E21
2025-07-15 20:03:16.176, ReplyFindNode, 2ad3a90d-26fe-4338-9ef4-e520499a4828, ADC0E723DF6E376068DC6BEFDD59C00882974E21, 7BB3577E7F5595B494687818149EE168FEBC2C03
2025-07-15 20:03:20.084, Remove, 9348e8d6-0c46-4ec8-b800-e7e4297412cb, ADC0E723DF6E376068DC6BEFDD59C00882974E21, 46970298B7C49635134908446D6DD59B87AFD76A, 8E8E7481FC021BB47B823DDD87C38EB180994263
2025-07-15 20:03:21.090, Lookup, a17a7a4d-6ff7-4cb4-9d31-7d55e4547677, 7BB3577E7F5595B494687818149EE168FEBC2C03, 0D72C8E05CBB0A1D1B6071D976C5CDA18D1A124C
2025-07-15 20:03:21.133, FindNode, 5e9950f8-a79a-4f2d-97a1-1902b2033ff3, ADC0E723DF6E376068DC6BEFDD59C00882974E21, 0D72C8E05CBB0A1D1B6071D976C5CDA18D1A124C
2025-07-15 20:03:21.133, ReplyFindNode, 5e9950f8-a79a-4f2d-97a1-1902b2033ff3, ADC0E723DF6E376068DC6BEFDD59C00882974E21, 488D91B7237C9FDEC56C70D9374C721A2F230821
2025-07-15 20:03:21.264, ReplyLookup, a17a7a4d-6ff7-4cb4-9d31-7d55e4547677, ADC0E723DF6E376068DC6BEFDD59C00882974E21,
2025-07-15 20:03:24.606, FindNode, 05f18b36-4d02-47a1-8c2a-4e27cc17d7be, 7BB3577E7F5595B494687818149EE168FEBC2C03, 7BB3577E7F5595BC94687818149EE168FEBC2C03
2025-07-15 20:03:24.606, ReplyFindNode, 05f18b36-4d02-47a1-8c2a-4e27cc17d7be, 7BB3577E7F5595B494687818149EE168FEBC2C03, ADC0E723DF6E376068DC6BEFDD59C00882974E21
2025-07-15 20:03:28.177, FindNode, f8d8d947-41aa-43c8-bc15-01e428ea0056, ADC0E723DF6E376068DC6BEFDD59C00882974E21, ADC0E723DF6E476068DC6BEFDD59C00882974E21
2025-07-15 20:03:28.178, ReplyFindNode, f8d8d947-41aa-43c8-bc15-01e428ea0056, ADC0E723DF6E376068DC6BEFDD59C00882974E21, 488D91B7237C9FDEC56C70D9374C721A2F230821
2025-07-15 20:03:29.423, ReplyRemove, 9348e8d6-0c46-4ec8-b800-e7e4297412cb, 7BB3577E7F5595B494687818149EE168FEBC2C03
2025-07-15 20:03:35.084, Lookup, d5517045-41c1-4436-8feb-af537b558a1f, ADC0E723DF6E376068DC6BEFDD59C00882974E21, C8B8B30DF9CCAF9240BC5E19F2C3A9263EB56B68
2025-07-15 20:03:35.130, ReplyLookup, d5517045-41c1-4436-8feb-af537b558a1f, 7BB3577E7F5595B494687818149EE168FEBC2C03, 1E9857830CC4CD5742B26F45710A8537190E914C
2025-07-15 20:03:36.090, Lookup, 75010081-33b7-44e0-83cd-810e6004a4d6, 7BB3577E7F5595B494687818149EE168FEBC2C03, F283F65B4F3BC43D5CDE609449592EF014AD317E
2025-07-15 20:03:36.132, FindNode, 860cec9a-edd3-4228-85e7-d455ab8eb1bc, ADC0E723DF6E376068DC6BEFDD59C00882974E21, F283F65B4F3BC43D5CDE609449592EF014AD317E
2025-07-15 20:03:36.133, ReplyFindNode, 860cec9a-edd3-4228-85e7-d455ab8eb1bc, ADC0E723DF6E376068DC6BEFDD59C00882974E21, 7BB3577E7F5595B494687818149EE168FEBC2C03
2025-07-15 20:03:36.264, ReplyLookup, 75010081-33b7-44e0-83cd-810e6004a4d6, ADC0E723DF6E376068DC6BEFDD59C00882974E21,
2025-07-15 20:03:36.607, FindNode, a8dda26f-9b38-4526-9f62-047fd737070c, 7BB3577E7F5595B494687818149EE168FEBC2C03, 7BB3577E7F5595B494687818149EE168FEBD2C03
2025-07-15 20:03:36.607, ReplyFindNode, a8dda26f-9b38-4526-9f62-047fd737070c, 7BB3577E7F5595B494687818149EE168FEBC2C03, ADC0E723DF6E376068DC6BEFDD59C00882974E21
2025-07-15 20:03:40.178, FindNode, 3e5e4ebd-c595-4574-b7a8-b0b18e66efa3, ADC0E723DF6E376068DC6BEFDD59C00882974E21, ADC4E723DF6E376068DC6BEFDD59C00882974E21
2025-07-15 20:03:40.179, ReplyFindNode, 3e5e4ebd-c595-4574-b7a8-b0b18e66efa3, ADC0E723DF6E376068DC6BEFDD59C00882974E21, 7BB3577E7F5595B494687818149EE168FEBC2C03
2025-07-15 20:03:48.608, FindNode, 31f23b20-40be-4894-94b8-b198045dba16, 7BB3577E7F5595B494687818149EE168FEBC2C03, 7BB3577E7F5595B49468781814AEE168FEBC2C03
2025-07-15 20:03:48.608, ReplyFindNode, 31f23b20-40be-4894-94b8-b198045dba16, 7BB3577E7F5595B494687818149EE168FEBC2C03, ADC0E723DF6E376068DC6BEFDD59C00882974E21
2025-07-15 20:03:50.085, Store, fd20d590-f071-4931-b030-8fe61f0d9258, ADC0E723DF6E376068DC6BEFDD59C00882974E21, E263E59015CD7056609B58E9B1CD834BB5FFC60D, 80467EFB49B2CE0A052DCC4EBF90572E29B7934F
2025-07-15 20:03:51.090, Lookup, e490f48a-00e8-4f6e-9ccb-211596636650, 7BB3577E7F5595B494687818149EE168FEBC2C03, F283F65B4F3BC43D5CDE609449592EF014AD317E
2025-07-15 20:03:51.137, FindNode, 832c380f-9577-4f70-a12c-c573657f51da, ADC0E723DF6E376068DC6BEFDD59C00882974E21, F283F65B4F3BC43D5CDE609449592EF014AD317E
2025-07-15 20:03:51.137, ReplyFindNode, 832c380f-9577-4f70-a12c-c573657f51da, ADC0E723DF6E376068DC6BEFDD59C00882974E21, 488D91B7237C9FDEC56C70D9374C721A2F230821
2025-07-15 20:03:51.288, ReplyLookup, e490f48a-00e8-4f6e-9ccb-211596636650, ADC0E723DF6E376068DC6BEFDD59C00882974E21,
2025-07-15 20:03:52.180, FindNode, 5831e44a-9d35-421c-99cd-8269a2411ac1, ADC0E723DF6E376068DC6BEFDD59C00882974E21, ADC0E723DF6E3760E8DC6BEFDD59C00882974E21
2025-07-15 20:03:52.181, ReplyFindNode, 5831e44a-9d35-421c-99cd-8269a2411ac1, ADC0E723DF6E376068DC6BEFDD59C00882974E21, 488D91B7237C9FDEC56C70D9374C721A2F230821
2025-07-15 20:03:53.517, ReplyStore, fd20d590-f071-4931-b030-8fe61f0d9258, 7BB3577E7F5595B494687818149EE168FEBC2C03
2025-07-15 20:04:00.608, FindNode, 38cf292e-5ec3-449b-9d3e-a4cf0bbde7c0, 7BB3577E7F5595B494687818149EE168FEBC2C03, 7BB3577E7FD595B494687818149EE168FEBC2C03
2025-07-15 20:04:00.609, ReplyFindNode, 38cf292e-5ec3-449b-9d3e-a4cf0bbde7c0, 7BB3577E7F5595B494687818149EE168FEBC2C03, ADC0E723DF6E376068DC6BEFDD59C00882974E21
2025-07-15 20:04:04.182, FindNode, f9ccfb81-fac2-4d0d-94ba-2520837f0e1e, ADC0E723DF6E376068DC6BEFDD59C00882974E21, ADC0E723DF6E376068DC6BEFE559C00882974E21
2025-07-15 20:04:04.182, ReplyFindNode, f9ccfb81-fac2-4d0d-94ba-2520837f0e1e, ADC0E723DF6E376068DC6BEFDD59C00882974E21, 7BB3577E7F5595B494687818149EE168FEBC2C03
2025-07-15 20:04:05.085, Lookup, 746b4e44-90a6-4208-90a0-a95c70b5bd92, ADC0E723DF6E376068DC6BEFDD59C00882974E21, EF461A172E10E6EA07A5D3337222C447C1BE57F1
2025-07-15 20:04:05.130, ReplyLookup, 746b4e44-90a6-4208-90a0-a95c70b5bd92, 7BB3577E7F5595B494687818149EE168FEBC2C03, 42B8EDF71004DC216629DBDFC221E7E33A024619
2025-07-15 20:04:06.090, Lookup, 7e5d64fd-776b-4fc9-824e-c54b12e9c639, 7BB3577E7F5595B494687818149EE168FEBC2C03, BE3862AEB1338B90C0556BD3B1843470B831D205
2025-07-15 20:04:06.132, FindNode, 701ac9a3-addf-433a-8af0-6d33379f1662, ADC0E723DF6E376068DC6BEFDD59C00882974E21, BE3862AEB1338B90C0556BD3B1843470B831D205
2025-07-15 20:04:06.133, ReplyFindNode, 701ac9a3-addf-433a-8af0-6d33379f1662, ADC0E723DF6E376068DC6BEFDD59C00882974E21, 488D91B7237C9FDEC56C70D9374C721A2F230821
2025-07-15 20:04:06.264, ReplyLookup, 7e5d64fd-776b-4fc9-824e-c54b12e9c639, ADC0E723DF6E376068DC6BEFDD59C00882974E21,
2025-07-15 20:04:12.609, FindNode, 0bf48651-e5e7-487a-88c4-0f4f4634daf8, 7BB3577E7F5595B494687818149EE168FEBC2C03, 7BB3577E7F5595B494687818149EE168FEBC2C83
2025-07-15 20:04:12.610, ReplyFindNode, 0bf48651-e5e7-487a-88c4-0f4f4634daf8, 7BB3577E7F5595B494687818149EE168FEBC2C03, ADC0E723DF6E376068DC6BEFDD59C00882974E21
2025-07-15 20:04:16.183, FindNode, 5cda6395-a24b-441f-9987-aca5b265f22e, ADC0E723DF6E376068DC6BEFDD59C00882974E21, AFC0E723DF6E376068DC6BEFDD59C00882974E21
2025-07-15 20:04:16.183, ReplyFindNode, 5cda6395-a24b-441f-9987-aca5b265f22e, ADC0E723DF6E376068DC6BEFDD59C00882974E21, 488D91B7237C9FDEC56C70D9374C721A2F230821
2025-07-15 20:04:20.086, Lookup, d7772ebe-427e-4dca-9152-817d54b75be8, ADC0E723DF6E376068DC6BEFDD59C00882974E21, C8B8B30DF9CCAF9240BC5E19F2C3A9263EB56B68
2025-07-15 20:04:20.130, ReplyLookup, d7772ebe-427e-4dca-9152-817d54b75be8, 7BB3577E7F5595B494687818149EE168FEBC2C03, 1E9857830CC4CD5742B26F45710A8537190E914C
2025-07-15 20:04:21.090, Store, 8095f020-d4f4-4966-88e1-4514a5f22bf5, 7BB3577E7F5595B494687818149EE168FEBC2C03, 0C0D55BB44BDD82AE345763EE07A0F2640389669, B6D5D2F8B36E629C224D81AD2915EDDE5CA1049C
2025-07-15 20:04:21.132, FindNode, 1f6616f9-fbd0-4865-b401-fb7cb4c6ea08, ADC0E723DF6E376068DC6BEFDD59C00882974E21, 0C0D55BB44BDD82AE345763EE07A0F2640389669
2025-07-15 20:04:21.133, ReplyFindNode, 1f6616f9-fbd0-4865-b401-fb7cb4c6ea08, ADC0E723DF6E376068DC6BEFDD59C00882974E21, 7BB3577E7F5595B494687818149EE168FEBC2C03
2025-07-15 20:04:21.224, ReplyStore, 8095f020-d4f4-4966-88e1-4514a5f22bf5, ADC0E723DF6E376068DC6BEFDD59C00882974E21
2025-07-15 20:04:24.610, FindNode, 5db817e0-a8a0-4738-8763-5ef889b63b00, 7BB3577E7F5595B494687818149EE168FEBC2C03, 7BB3577E7F5595B494687818249EE168FEBC2C03
2025-07-15 20:04:24.610, ReplyFindNode, 5db817e0-a8a0-4738-8763-5ef889b63b00, 7BB3577E7F5595B494687818149EE168FEBC2C03, ADC0E723DF6E376068DC6BEFDD59C00882974E21
2025-07-15 20:04:28.183, FindNode, 6b4697eb-03f1-40b7-964f-0461e493facc, ADC0E723DF6E376068DC6BEFDD59C00882974E21, ADC0E723DF6E376068DC6BEFDD59C00882974E29
2025-07-15 20:04:28.184, ReplyFindNode, 6b4697eb-03f1-40b7-964f-0461e493facc, ADC0E723DF6E376068DC6BEFDD59C00882974E21, 7BB3577E7F5595B494687818149EE168FEBC2C03
2025-07-15 20:04:35.085, Lookup, 61025550-b118-4d4a-91bf-f6d568f74959, ADC0E723DF6E376068DC6BEFDD59C00882974E21, 639190DE79C7E1D926DD6F874D7E068F9F108E3F
2025-07-15 20:04:35.129, ReplyLookup, 61025550-b118-4d4a-91bf-f6d568f74959, 7BB3577E7F5595B494687818149EE168FEBC2C03,
2025-07-15 20:04:36.090, Lookup, 2d635c52-ea9d-4296-a163-7553959ea512, 7BB3577E7F5595B494687818149EE168FEBC2C03, 663FA5C146D4E62D872BDDAF4EECA1C34E6390B9
2025-07-15 20:04:36.136, FindNode, be61ac06-e602-455d-9b8f-fcba29a400a3, ADC0E723DF6E376068DC6BEFDD59C00882974E21, 663FA5C146D4E62D872BDDAF4EECA1C34E6390B9
2025-07-15 20:04:36.136, ReplyFindNode, be61ac06-e602-455d-9b8f-fcba29a400a3, ADC0E723DF6E376068DC6BEFDD59C00882974E21, 7BB3577E7F5595B494687818149EE168FEBC2C03
2025-07-15 20:04:36.268, ReplyLookup, 2d635c52-ea9d-4296-a163-7553959ea512, ADC0E723DF6E376068DC6BEFDD59C00882974E21,
2025-07-15 20:04:36.611, FindNode, e3b66057-f527-4a29-93b7-faab6617d5e3, 7BB3577E7F5595B494687818149EE168FEBC2C03, 7BB3577E7F5595B494687818149EE178FEBC2C03
2025-07-15 20:04:36.611, ReplyFindNode, e3b66057-f527-4a29-93b7-faab6617d5e3, 7BB3577E7F5595B494687818149EE168FEBC2C03, ADC0E723DF6E376068DC6BEFDD59C00882974E21
2025-07-15 20:04:40.184, FindNode, 6a176c52-1985-45bd-9e0f-fcf3c2b7df15, ADC0E723DF6E376068DC6BEFDD59C00882974E21, ADC0E723DF6E376068DC6BEFDD5BC00882974E21
2025-07-15 20:04:40.184, ReplyFindNode, 6a176c52-1985-45bd-9e0f-fcf3c2b7df15, ADC0E723DF6E376068DC6BEFDD59C00882974E21, 7BB3577E7F5595B494687818149EE168FEBC2C03
2025-07-15 20:04:48.611, FindNode, 0ecf59da-26cc-440a-97f0-62e1fe0dfba9, 7BB3577E7F5595B494687818149EE168FEBC2C03, 7BB3577E7F5595B4B4687818149EE168FEBC2C03
2025-07-15 20:04:48.611, ReplyFindNode, 0ecf59da-26cc-440a-97f0-62e1fe0dfba9, 7BB3577E7F5595B494687818149EE168FEBC2C03, ADC0E723DF6E376068DC6BEFDD59C00882974E21
2025-07-15 20:04:50.086, Lookup, 6884022a-ec72-45be-bd37-879d6c2df369, ADC0E723DF6E376068DC6BEFDD59C00882974E21, EF461A172E10E6EA07A5D3337222C447C1BE57F1
2025-07-15 20:04:50.130, ReplyLookup, 6884022a-ec72-45be-bd37-879d6c2df369, 7BB3577E7F5595B494687818149EE168FEBC2C03, 42B8EDF71004DC216629DBDFC221E7E33A024619
2025-07-15 20:04:51.091, Lookup, 1d59e8f0-bfcf-4962-a354-34128f2996fd, 7BB3577E7F5595B494687818149EE168FEBC2C03, 0F10C12292978628EC49BB62F7D445E8E99F3C25
2025-07-15 20:04:51.132, FindNode, 7033950a-e83a-4703-8d4a-9fb0f5835bb9, ADC0E723DF6E376068DC6BEFDD59C00882974E21, 0F10C12292978628EC49BB62F7D445E8E99F3C25
2025-07-15 20:04:51.133, ReplyFindNode, 7033950a-e83a-4703-8d4a-9fb0f5835bb9, ADC0E723DF6E376068DC6BEFDD59C00882974E21, 7BB3577E7F5595B494687818149EE168FEBC2C03
2025-07-15 20:04:51.223, ReplyLookup, 1d59e8f0-bfcf-4962-a354-34128f2996fd, ADC0E723DF6E376068DC6BEFDD59C00882974E21, 580A928439F2EFF0F5ED81454EBF7EE7EFE93F21
2025-07-15 20:04:52.185, FindNode, aec220ac-f8ea-4669-9a8a-a9adb6356fac, ADC0E723DF6E376068DC6BEFDD59C00882974E21, ADC0E723DF72376068DC6BEFDD59C00882974E21
2025-07-15 20:04:52.185, ReplyFindNode, aec220ac-f8ea-4669-9a8a-a9adb6356fac, ADC0E723DF6E376068DC6BEFDD59C00882974E21, 7BB3577E7F5595B494687818149EE168FEBC2C03
2025-07-15 20:05:00.612, FindNode, 0b5eff8a-ad7f-4265-9cf6-2e220d4c7f8a, 7BB3577E7F5595B494687818149EE168FEBC2C03, 7BB3577E7F5595B494687A18149EE168FEBC2C03
2025-07-15 20:05:00.612, ReplyFindNode, 0b5eff8a-ad7f-4265-9cf6-2e220d4c7f8a, 7BB3577E7F5595B494687818149EE168FEBC2C03, ADC0E723DF6E376068DC6BEFDD59C00882974E21
2025-07-15 20:05:04.185, FindNode, bbfdd713-e2c2-45c0-84d3-7d3dfc6417f3, ADC0E723DF6E376068DC6BEFDD59C00882974E21, ADC0E723DF6E3F6068DC6BEFDD59C00882974E21
2025-07-15 20:05:04.186, ReplyFindNode, bbfdd713-e2c2-45c0-84d3-7d3dfc6417f3, ADC0E723DF6E376068DC6BEFDD59C00882974E21, 7BB3577E7F5595B494687818149EE168FEBC2C03
2025-07-15 20:05:05.086, Lookup, 5c8c9918-7f93-4044-bc98-5c442c1b26c7, ADC0E723DF6E376068DC6BEFDD59C00882974E21, EF461A172E10E6EA07A5D3337222C447C1BE57F1
2025-07-15 20:05:05.130, ReplyLookup, 5c8c9918-7f93-4044-bc98-5c442c1b26c7, 7BB3577E7F5595B494687818149EE168FEBC2C03, 42B8EDF71004DC216629DBDFC221E7E33A024619
2025-07-15 20:05:06.091, Lookup, 1419b1c2-782c-47e7-9beb-7a7c53c380c6, 7BB3577E7F5595B494687818149EE168FEBC2C03, F283F65B4F3BC43D5CDE609449592EF014AD317E
2025-07-15 20:05:06.132, FindNode, 1b93e611-8884-428c-b463-0a850ac70896, ADC0E723DF6E376068DC6BEFDD59C00882974E21, F283F65B4F3BC43D5CDE609449592EF014AD317E
2025-07-15 20:05:06.132, ReplyFindNode, 1b93e611-8884-428c-b463-0a850ac70896, ADC0E723DF6E376068DC6BEFDD59C00882974E21, 7BB3577E7F5595B494687818149EE168FEBC2C03
2025-07-15 20:05:06.264, ReplyLookup, 1419b1c2-782c-47e7-9beb-7a7c53c380c6, ADC0E723DF6E376068DC6BEFDD59C00882974E21,
2025-07-15 20:05:09.662, EndReadWriteRegimen
2025-07-15 20:05:12.612, FindNode, 73bb06ae-5b47-4a1d-8400-21f79594e731, 7BB3577E7F5595B494687818149EE168FEBC2C03, 7BB3577E7F5595B494687818149EE568FEBC2C03
2025-07-15 20:05:12.613, ReplyFindNode, 73bb06ae-5b47-4a1d-8400-21f79594e731, 7BB3577E7F5595B494687818149EE168FEBC2C03, ADC0E723DF6E376068DC6BEFDD59C00882974E21
2025-07-15 20:05:16.186, FindNode, c659b380-5993-479e-a204-4306c5ab549d, ADC0E723DF6E376068DC6BEFDD59C00882974E21, ADC0E723DF6E376068DCEBEFDD59C00882974E21
2025-07-15 20:05:16.186, ReplyFindNode, c659b380-5993-479e-a204-4306c5ab549d, ADC0E723DF6E376068DC6BEFDD59C00882974E21, 7BB3577E7F5595B494687818149EE168FEBC2C03
2025-07-15 20:05:24.613, FindNode, c928152f-f4a8-43d0-9087-86f1b6802538, 7BB3577E7F5595B494687818149EE168FEBC2C03, 7BB3577E7F5595B496687818149EE168FEBC2C03
2025-07-15 20:05:24.614, ReplyFindNode, c928152f-f4a8-43d0-9087-86f1b6802538, 7BB3577E7F5595B494687818149EE168FEBC2C03, ADC0E723DF6E376068DC6BEFDD59C00882974E21
2025-07-15 20:05:28.187, FindNode, 0dd7fff5-21a0-4186-9ed6-612ce1bbadd2, ADC0E723DF6E376068DC6BEFDD59C00882974E21, ADC0E723DF6E376068DC6BF3DD59C00882974E21
2025-07-15 20:05:28.187, ReplyFindNode, 0dd7fff5-21a0-4186-9ed6-612ce1bbadd2, ADC0E723DF6E376068DC6BEFDD59C00882974E21, 7BB3577E7F5595B494687818149EE168FEBC2C03
2025-07-15 20:05:36.614, FindNode, 266d9323-b725-487a-8591-59e72f5251d8, 7BB3577E7F5595B494687818149EE168FEBC2C03, 8BB3577E7F5595B494687818149EE168FEBC2C03
2025-07-15 20:05:36.614, ReplyFindNode, 266d9323-b725-487a-8591-59e72f5251d8, 7BB3577E7F5595B494687818149EE168FEBC2C03, ADC0E723DF6E376068DC6BEFDD59C00882974E21
2025-07-15 20:05:40.187, FindNode, 31ecba0a-51b6-494d-912d-4bbbfddee031, ADC0E723DF6E376068DC6BEFDD59C00882974E21, ADC0E723DF6E376068DC6C6FDD59C00882974E21
2025-07-15 20:05:40.188, ReplyFindNode, 31ecba0a-51b6-494d-912d-4bbbfddee031, ADC0E723DF6E376068DC6BEFDD59C00882974E21, 7BB3577E7F5595B494687818149EE168FEBC2C03
2025-07-15 20:05:48.615, FindNode, 74921e5a-bd2f-40a3-bd55-a338cf922762, 7BB3577E7F5595B494687818149EE168FEBC2C03, 7BB3577E7F5995B494687818149EE168FEBC2C03
2025-07-15 20:05:48.615, ReplyFindNode, 74921e5a-bd2f-40a3-bd55-a338cf922762, 7BB3577E7F5595B494687818149EE168FEBC2C03, ADC0E723DF6E376068DC6BEFDD59C00882974E21
2025-07-15 20:05:52.188, FindNode, 6b07abe6-16d1-4fad-8d8e-de4d5e2dbfeb, ADC0E723DF6E376068DC6BEFDD59C00882974E21, ADC0E723DF6E376068DC6BEFED59C00882974E21
2025-07-15 20:05:52.188, ReplyFindNode, 6b07abe6-16d1-4fad-8d8e-de4d5e2dbfeb, ADC0E723DF6E376068DC6BEFDD59C00882974E21, 7BB3577E7F5595B494687818149EE168FEBC2C03
2025-07-15 20:06:00.615, FindNode, da070d12-ad25-4a9a-8127-b1d2064cc0b4, 7BB3577E7F5595B494687818149EE168FEBC2C03, 7BB3577E7F5595B494687818149F0168FEBC2C03
2025-07-15 20:06:00.616, ReplyFindNode, da070d12-ad25-4a9a-8127-b1d2064cc0b4, 7BB3577E7F5595B494687818149EE168FEBC2C03, ADC0E723DF6E376068DC6BEFDD59C00882974E21
2025-07-15 20:06:04.189, FindNode, 41de84e7-1482-4a5d-8433-e3b74d5e45f5, ADC0E723DF6E376068DC6BEFDD59C00882974E21, ADC0E723DF6E376068DC6BF1DD59C00882974E21
2025-07-15 20:06:04.189, ReplyFindNode, 41de84e7-1482-4a5d-8433-e3b74d5e45f5, ADC0E723DF6E376068DC6BEFDD59C00882974E21, 7BB3577E7F5595B494687818149EE168FEBC2C03
2025-07-15 20:06:10.361, StartReadOnlyRegimen
2025-07-15 20:06:10.873, Lookup, 696bfbd4-15fa-4017-adad-0fabe9a1bc06, ADC0E723DF6E376068DC6BEFDD59C00882974E21, 1CFFF69C6591CB6FA0B949D38B367B35ADCE97B7
2025-07-15 20:06:10.922, ReplyLookup, 696bfbd4-15fa-4017-adad-0fabe9a1bc06, 7BB3577E7F5595B494687818149EE168FEBC2C03,
2025-07-15 20:06:11.381, Lookup, 166ef750-0bd9-421a-bd9c-5a032f2d1915, 7BB3577E7F5595B494687818149EE168FEBC2C03, BF88B1F23BD269260A2D45FCDF410296ABCAA4F3
2025-07-15 20:06:11.425, FindNode, d6077844-4603-4322-8908-e54820197f69, ADC0E723DF6E376068DC6BEFDD59C00882974E21, BF88B1F23BD269260A2D45FCDF410296ABCAA4F3
2025-07-15 20:06:11.425, ReplyFindNode, d6077844-4603-4322-8908-e54820197f69, ADC0E723DF6E376068DC6BEFDD59C00882974E21, 7BB3577E7F5595B494687818149EE168FEBC2C03
2025-07-15 20:06:11.576, ReplyLookup, 166ef750-0bd9-421a-bd9c-5a032f2d1915, ADC0E723DF6E376068DC6BEFDD59C00882974E21,
2025-07-15 20:06:12.616, FindNode, fac029fb-1afd-4eaf-a468-8909b99390d6, 7BB3577E7F5595B494687818149EE168FEBC2C03, 7BB3577E7F5615B494687818149EE168FEBC2C03
2025-07-15 20:06:12.616, ReplyFindNode, fac029fb-1afd-4eaf-a468-8909b99390d6, 7BB3577E7F5595B494687818149EE168FEBC2C03, ADC0E723DF6E376068DC6BEFDD59C00882974E21
2025-07-15 20:06:16.189, FindNode, 12d1bea9-ea44-4299-9941-5ae107868c5f, ADC0E723DF6E376068DC6BEFDD59C00882974E21, ADC0E723DF6E376068DC6BF01D59C00882974E21
2025-07-15 20:06:16.190, ReplyFindNode, 12d1bea9-ea44-4299-9941-5ae107868c5f, ADC0E723DF6E376068DC6BEFDD59C00882974E21, 7BB3577E7F5595B494687818149EE168FEBC2C03
2025-07-15 20:06:24.617, FindNode, feb310b5-d380-4dbb-a633-d96df3e6a66b, 7BB3577E7F5595B494687818149EE168FEBC2C03, 7BB3577E7F5595B494697818149EE168FEBC2C03
2025-07-15 20:06:24.617, ReplyFindNode, feb310b5-d380-4dbb-a633-d96df3e6a66b, 7BB3577E7F5595B494687818149EE168FEBC2C03, ADC0E723DF6E376068DC6BEFDD59C00882974E21
2025-07-15 20:06:25.874, Lookup, 9d31d2a9-ea7c-4d3a-8c28-d57782b2f298, ADC0E723DF6E376068DC6BEFDD59C00882974E21, EF461A172E10E6EA07A5D3337222C447C1BE57F1
2025-07-15 20:06:25.918, ReplyLookup, 9d31d2a9-ea7c-4d3a-8c28-d57782b2f298, 7BB3577E7F5595B494687818149EE168FEBC2C03, 42B8EDF71004DC216629DBDFC221E7E33A024619
2025-07-15 20:06:26.380, Lookup, 65af365a-dbaf-48df-80ba-ffc3df9f95db, 7BB3577E7F5595B494687818149EE168FEBC2C03, 0C0D55BB44BDD82AE345763EE07A0F2640389669
2025-07-15 20:06:26.424, FindNode, 3f448069-7e01-455e-acb5-c183a2e6232e, ADC0E723DF6E376068DC6BEFDD59C00882974E21, 0C0D55BB44BDD82AE345763EE07A0F2640389669
2025-07-15 20:06:26.425, ReplyFindNode, 3f448069-7e01-455e-acb5-c183a2e6232e, ADC0E723DF6E376068DC6BEFDD59C00882974E21, 7BB3577E7F5595B494687818149EE168FEBC2C03
2025-07-15 20:06:26.515, ReplyLookup, 65af365a-dbaf-48df-80ba-ffc3df9f95db, ADC0E723DF6E376068DC6BEFDD59C00882974E21, B6D5D2F8B36E629C224D81AD2915EDDE5CA1049C
2025-07-15 20:06:28.190, FindNode, 961009b1-f24b-4d72-9162-85d079dfce1b, ADC0E723DF6E376068DC6BEFDD59C00882974E21, ADC0E723DF6E376068DC6BF05D59C00882974E21
2025-07-15 20:06:28.190, ReplyFindNode, 961009b1-f24b-4d72-9162-85d079dfce1b, ADC0E723DF6E376068DC6BEFDD59C00882974E21, 7BB3577E7F5595B494687818149EE168FEBC2C03
2025-07-15 20:06:36.618, FindNode, c85cbb12-f8ba-41a6-a06c-989febff555b, 7BB3577E7F5595B494687818149EE168FEBC2C03, 7BB3577E7F5595B495687818149EE168FEBC2C03
2025-07-15 20:06:36.618, ReplyFindNode, c85cbb12-f8ba-41a6-a06c-989febff555b, 7BB3577E7F5595B494687818149EE168FEBC2C03, ADC0E723DF6E376068DC6BEFDD59C00882974E21
2025-07-15 20:06:40.191, FindNode, ca8dc7eb-6caf-4c01-8f79-d5d65965dfd1, ADC0E723DF6E376068DC6BEFDD59C00882974E21, ADC0E723DF6E376068DC8BEFDD59C00882974E21
2025-07-15 20:06:40.191, ReplyFindNode, ca8dc7eb-6caf-4c01-8f79-d5d65965dfd1, ADC0E723DF6E376068DC6BEFDD59C00882974E21, 7BB3577E7F5595B494687818149EE168FEBC2C03
2025-07-15 20:06:40.873, Lookup, eeb1528e-dec0-49a1-afb8-a9a63c1d3a79, ADC0E723DF6E376068DC6BEFDD59C00882974E21, C8B8B30DF9CCAF9240BC5E19F2C3A9263EB56B68
2025-07-15 20:06:40.918, ReplyLookup, eeb1528e-dec0-49a1-afb8-a9a63c1d3a79, 7BB3577E7F5595B494687818149EE168FEBC2C03, 1E9857830CC4CD5742B26F45710A8537190E914C
2025-07-15 20:06:41.380, Lookup, 86f54a6f-de66-4f8b-a66e-b4c17e344927, 7BB3577E7F5595B494687818149EE168FEBC2C03, 0F10C12292978628EC49BB62F7D445E8E99F3C25
2025-07-15 20:06:41.424, FindNode, b86e4fd5-da41-4c98-acba-59342743e6a5, ADC0E723DF6E376068DC6BEFDD59C00882974E21, 0F10C12292978628EC49BB62F7D445E8E99F3C25
2025-07-15 20:06:41.424, ReplyFindNode, b86e4fd5-da41-4c98-acba-59342743e6a5, ADC0E723DF6E376068DC6BEFDD59C00882974E21, 7BB3577E7F5595B494687818149EE168FEBC2C03
2025-07-15 20:06:41.515, ReplyLookup, 86f54a6f-de66-4f8b-a66e-b4c17e344927, ADC0E723DF6E376068DC6BEFDD59C00882974E21, 580A928439F2EFF0F5ED81454EBF7EE7EFE93F21
2025-07-15 20:06:48.618, FindNode, c3086eda-ad05-4df2-9da1-1db500106651, 7BB3577E7F5595B494687818149EE168FEBC2C03, 7BB3577E7F5615B494687818149EE168FEBC2C03
2025-07-15 20:06:48.619, ReplyFindNode, c3086eda-ad05-4df2-9da1-1db500106651, 7BB3577E7F5595B494687818149EE168FEBC2C03, ADC0E723DF6E376068DC6BEFDD59C00882974E21
2025-07-15 20:06:52.191, FindNode, a3e6c9be-1b75-4347-a642-c9c19441eb4c, ADC0E723DF6E376068DC6BEFDD59C00882974E21, ADC0E723DF6E376068DC6BEFDD59C00882975221
2025-07-15 20:06:52.191, ReplyFindNode, a3e6c9be-1b75-4347-a642-c9c19441eb4c, ADC0E723DF6E376068DC6BEFDD59C00882974E21, 7BB3577E7F5595B494687818149EE168FEBC2C03
2025-07-15 20:06:55.873, Lookup, 78673349-1ac0-4f64-89d2-b8ad907cdc51, ADC0E723DF6E376068DC6BEFDD59C00882974E21, E263E59015CD7056609B58E9B1CD834BB5FFC60D
2025-07-15 20:06:55.918, ReplyLookup, 78673349-1ac0-4f64-89d2-b8ad907cdc51, 7BB3577E7F5595B494687818149EE168FEBC2C03, 80467EFB49B2CE0A052DCC4EBF90572E29B7934F
2025-07-15 20:06:56.380, Lookup, 8828b1e1-ad8e-411e-9ae3-37708705d459, 7BB3577E7F5595B494687818149EE168FEBC2C03, 0F10C12292978628EC49BB62F7D445E8E99F3C25
2025-07-15 20:06:56.424, FindNode, edf70fd5-2e02-4185-9b70-a5192f1c2e70, ADC0E723DF6E376068DC6BEFDD59C00882974E21, 0F10C12292978628EC49BB62F7D445E8E99F3C25
2025-07-15 20:06:56.424, ReplyFindNode, edf70fd5-2e02-4185-9b70-a5192f1c2e70, ADC0E723DF6E376068DC6BEFDD59C00882974E21, 7BB3577E7F5595B494687818149EE168FEBC2C03
2025-07-15 20:06:56.515, ReplyLookup, 8828b1e1-ad8e-411e-9ae3-37708705d459, ADC0E723DF6E376068DC6BEFDD59C00882974E21, 580A928439F2EFF0F5ED81454EBF7EE7EFE93F21
2025-07-15 20:07:00.619, FindNode, 73aef000-968c-4cd4-8bf9-2a0a34e478e2, 7BB3577E7F5595B494687818149EE168FEBC2C03, 7BB357807F5595B494687818149EE168FEBC2C03
2025-07-15 20:07:00.619, ReplyFindNode, 73aef000-968c-4cd4-8bf9-2a0a34e478e2, 7BB3577E7F5595B494687818149EE168FEBC2C03, ADC0E723DF6E376068DC6BEFDD59C00882974E21
2025-07-15 20:07:04.192, FindNode, 36240c69-ec5b-4bba-b161-5507f1259b60, ADC0E723DF6E376068DC6BEFDD59C00882974E21, ADC0E7241F6E376068DC6BEFDD59C00882974E21
2025-07-15 20:07:04.192, ReplyFindNode, 36240c69-ec5b-4bba-b161-5507f1259b60, ADC0E723DF6E376068DC6BEFDD59C00882974E21, 7BB3577E7F5595B494687818149EE168FEBC2C03
2025-07-15 20:07:10.873, Lookup, ac860282-4ee0-48ef-9beb-424157c75096, ADC0E723DF6E376068DC6BEFDD59C00882974E21, 76A3E33653F8D4DE4F3BF54A343CE16A567507D2
2025-07-15 20:07:10.917, ReplyLookup, ac860282-4ee0-48ef-9beb-424157c75096, 7BB3577E7F5595B494687818149EE168FEBC2C03,
2025-07-15 20:07:11.380, Lookup, d6818ba6-bb64-4f2a-bf3a-88de0b94e70a, 7BB3577E7F5595B494687818149EE168FEBC2C03, 0F10C12292978628EC49BB62F7D445E8E99F3C25
2025-07-15 20:07:11.424, FindNode, eb41be12-15c5-4bc5-8156-f14989b89e2c, ADC0E723DF6E376068DC6BEFDD59C00882974E21, 0F10C12292978628EC49BB62F7D445E8E99F3C25
2025-07-15 20:07:11.424, ReplyFindNode, eb41be12-15c5-4bc5-8156-f14989b89e2c, ADC0E723DF6E376068DC6BEFDD59C00882974E21, 7BB3577E7F5595B494687818149EE168FEBC2C03
2025-07-15 20:07:11.515, ReplyLookup, d6818ba6-bb64-4f2a-bf3a-88de0b94e70a, ADC0E723DF6E376068DC6BEFDD59C00882974E21, 580A928439F2EFF0F5ED81454EBF7EE7EFE93F21
2025-07-15 20:07:12.619, FindNode, 88672091-62af-4166-81c6-745fb0b479bc, 7BB3577E7F5595B494687818149EE168FEBC2C03, 7BB3577E7F5595B494687818149EE168FEBC4C03
2025-07-15 20:07:12.620, ReplyFindNode, 88672091-62af-4166-81c6-745fb0b479bc, 7BB3577E7F5595B494687818149EE168FEBC2C03, ADC0E723DF6E376068DC6BEFDD59C00882974E21
2025-07-15 20:07:16.192, FindNode, 26800ab5-7dad-44ff-9dfd-f89987a2355b, ADC0E723DF6E376068DC6BEFDD59C00882974E21, ADC0E723E36E376068DC6BEFDD59C00882974E21
2025-07-15 20:07:16.192, ReplyFindNode, 26800ab5-7dad-44ff-9dfd-f89987a2355b, ADC0E723DF6E376068DC6BEFDD59C00882974E21, 7BB3577E7F5595B494687818149EE168FEBC2C03
2025-07-15 20:07:24.620, FindNode, 01832cf0-2454-405f-a674-a2d2f15fcbe3, 7BB3577E7F5595B494687818149EE168FEBC2C03, 7BB3597E7F5595B494687818149EE168FEBC2C03
2025-07-15 20:07:24.620, ReplyFindNode, 01832cf0-2454-405f-a674-a2d2f15fcbe3, 7BB3577E7F5595B494687818149EE168FEBC2C03, ADC0E723DF6E376068DC6BEFDD59C00882974E21
2025-07-15 20:07:25.874, Lookup, 43a7d499-cb80-4bc7-802c-b2f601bf5ed4, ADC0E723DF6E376068DC6BEFDD59C00882974E21, 1A114D868F54D0C0AA5852DAA9183CB803E52462
2025-07-15 20:07:25.917, ReplyLookup, 43a7d499-cb80-4bc7-802c-b2f601bf5ed4, 7BB3577E7F5595B494687818149EE168FEBC2C03,
2025-07-15 20:07:26.380, Lookup, 2d18070a-0183-42dc-a138-ee64a4a240c2, 7BB3577E7F5595B494687818149EE168FEBC2C03, 2781DD5755E5E35F9F81321950D2F389078662CF
2025-07-15 20:07:26.424, FindNode, dfb62b3a-f508-4447-9697-6d3c80f67705, ADC0E723DF6E376068DC6BEFDD59C00882974E21, 2781DD5755E5E35F9F81321950D2F389078662CF
2025-07-15 20:07:26.424, ReplyFindNode, dfb62b3a-f508-4447-9697-6d3c80f67705, ADC0E723DF6E376068DC6BEFDD59C00882974E21, 7BB3577E7F5595B494687818149EE168FEBC2C03
2025-07-15 20:07:26.556, ReplyLookup, 2d18070a-0183-42dc-a138-ee64a4a240c2, ADC0E723DF6E376068DC6BEFDD59C00882974E21,
2025-07-15 20:07:28.193, FindNode, 5afc4797-e93a-44f4-b732-db90cdcd44f9, ADC0E723DF6E376068DC6BEFDD59C00882974E21, B5C0E723DF6E376068DC6BEFDD59C00882974E21
2025-07-15 20:07:28.193, ReplyFindNode, 5afc4797-e93a-44f4-b732-db90cdcd44f9, ADC0E723DF6E376068DC6BEFDD59C00882974E21, 7BB3577E7F5595B494687818149EE168FEBC2C03
2025-07-15 20:07:36.621, FindNode, 23427109-9736-414b-9856-bf0d7bea4625, 7BB3577E7F5595B494687818149EE168FEBC2C03, 7BB3577E7F5595B496687818149EE168FEBC2C03
2025-07-15 20:07:36.621, ReplyFindNode, 23427109-9736-414b-9856-bf0d7bea4625, 7BB3577E7F5595B494687818149EE168FEBC2C03, ADC0E723DF6E376068DC6BEFDD59C00882974E21
2025-07-15 20:07:40.194, FindNode, 25023fb6-6675-46e3-b64d-2c4e6d570e27, ADC0E723DF6E376068DC6BEFDD59C00882974E21, ADC0E723DF70376068DC6BEFDD59C00882974E21
2025-07-15 20:07:40.194, ReplyFindNode, 25023fb6-6675-46e3-b64d-2c4e6d570e27, ADC0E723DF6E376068DC6BEFDD59C00882974E21, 7BB3577E7F5595B494687818149EE168FEBC2C03
2025-07-15 20:07:40.875, Lookup, bf049964-368e-4979-a521-26ca7226f5a2, ADC0E723DF6E376068DC6BEFDD59C00882974E21, FEFC4833ED72B08AA63DDDDE958E43D2B4B6D314
2025-07-15 20:07:40.917, ReplyLookup, bf049964-368e-4979-a521-26ca7226f5a2, 7BB3577E7F5595B494687818149EE168FEBC2C03,
2025-07-15 20:07:41.381, Lookup, 17687089-665b-495f-934d-e2cd5173a56f, 7BB3577E7F5595B494687818149EE168FEBC2C03, 4627A4E94BB06C98596A66ADA50F1E718F849876
2025-07-15 20:07:41.424, FindNode, eaef234e-9afa-4e25-bfdf-c62c0f79222a, ADC0E723DF6E376068DC6BEFDD59C00882974E21, 4627A4E94BB06C98596A66ADA50F1E718F849876
2025-07-15 20:07:41.424, ReplyFindNode, eaef234e-9afa-4e25-bfdf-c62c0f79222a, ADC0E723DF6E376068DC6BEFDD59C00882974E21, 7BB3577E7F5595B494687818149EE168FEBC2C03
2025-07-15 20:07:41.556, ReplyLookup, 17687089-665b-495f-934d-e2cd5173a56f, ADC0E723DF6E376068DC6BEFDD59C00882974E21,
2025-07-15 20:07:48.621, FindNode, 9c9f365f-e348-4e7d-a4e8-80c24f9b41c4, 7BB3577E7F5595B494687818149EE168FEBC2C03, 7BB3578E7F5595B494687818149EE168FEBC2C03
2025-07-15 20:07:48.621, ReplyFindNode, 9c9f365f-e348-4e7d-a4e8-80c24f9b41c4, 7BB3577E7F5595B494687818149EE168FEBC2C03, ADC0E723DF6E376068DC6BEFDD59C00882974E21
2025-07-15 20:07:52.194, FindNode, 75072ae1-c7d8-41ff-9d42-705caccc3285, ADC0E723DF6E376068DC6BEFDD59C00882974E21, AE00E723DF6E376068DC6BEFDD59C00882974E21
2025-07-15 20:07:52.194, ReplyFindNode, 75072ae1-c7d8-41ff-9d42-705caccc3285, ADC0E723DF6E376068DC6BEFDD59C00882974E21, 7BB3577E7F5595B494687818149EE168FEBC2C03
2025-07-15 20:07:55.876, Lookup, 71e486af-2421-48eb-ae1b-cb3f0df95bf2, ADC0E723DF6E376068DC6BEFDD59C00882974E21, 8FB19822EC1A9F78B748DE61D7744C3CEA3730A4
2025-07-15 20:07:55.920, FindNode, d7b38c16-35ee-4601-b989-a51fb1e70555, 7BB3577E7F5595B494687818149EE168FEBC2C03, 8FB19822EC1A9F78B748DE61D7744C3CEA3730A4
2025-07-15 20:07:55.921, ReplyFindNode, d7b38c16-35ee-4601-b989-a51fb1e70555, 7BB3577E7F5595B494687818149EE168FEBC2C03, ADC0E723DF6E376068DC6BEFDD59C00882974E21
2025-07-15 20:07:56.052, ReplyLookup, 71e486af-2421-48eb-ae1b-cb3f0df95bf2, 7BB3577E7F5595B494687818149EE168FEBC2C03,
2025-07-15 20:07:56.382, Lookup, 75aff393-b32d-412b-92ed-75d1b18c2b62, 7BB3577E7F5595B494687818149EE168FEBC2C03, 8FC188F8387A28FC06A18A49F14A8E6A09608B56
2025-07-15 20:07:56.425, ReplyLookup, 75aff393-b32d-412b-92ed-75d1b18c2b62, ADC0E723DF6E376068DC6BEFDD59C00882974E21,
2025-07-15 20:08:00.622, FindNode, f9ccedce-1354-4628-b511-d568a7e05691, 7BB3577E7F5595B494687818149EE168FEBC2C03, 7BB3577E7F5615B494687818149EE168FEBC2C03
2025-07-15 20:08:00.622, ReplyFindNode, f9ccedce-1354-4628-b511-d568a7e05691, 7BB3577E7F5595B494687818149EE168FEBC2C03, ADC0E723DF6E376068DC6BEFDD59C00882974E21
2025-07-15 20:08:04.195, FindNode, dc193ccd-d51a-40f6-8145-c519f77d037c, ADC0E723DF6E376068DC6BEFDD59C00882974E21, ADD0E723DF6E376068DC6BEFDD59C00882974E21
2025-07-15 20:08:04.195, ReplyFindNode, dc193ccd-d51a-40f6-8145-c519f77d037c, ADC0E723DF6E376068DC6BEFDD59C00882974E21, 7BB3577E7F5595B494687818149EE168FEBC2C03
2025-07-15 20:08:10.877, Lookup, ee86ff1f-2a29-44fa-8cec-1b4ce3aca22c, ADC0E723DF6E376068DC6BEFDD59C00882974E21, EF461A172E10E6EA07A5D3337222C447C1BE57F1
2025-07-15 20:08:10.922, ReplyLookup, ee86ff1f-2a29-44fa-8cec-1b4ce3aca22c, 7BB3577E7F5595B494687818149EE168FEBC2C03, 42B8EDF71004DC216629DBDFC221E7E33A024619
2025-07-15 20:08:11.383, Lookup, 187aacfd-b4ad-46fc-b155-37cbec587308, 7BB3577E7F5595B494687818149EE168FEBC2C03, 8537B074D13C5AB7CDECD272B196BB12F281A871
2025-07-15 20:08:11.425, ReplyLookup, 187aacfd-b4ad-46fc-b155-37cbec587308, ADC0E723DF6E376068DC6BEFDD59C00882974E21,
2025-07-15 20:08:12.622, FindNode, eb002d4f-0e86-4273-b587-149d132d0bf2, 7BB3577E7F5595B494687818149EE168FEBC2C03, 7BB3577E7F9595B494687818149EE168FEBC2C03
2025-07-15 20:08:12.623, ReplyFindNode, eb002d4f-0e86-4273-b587-149d132d0bf2, 7BB3577E7F5595B494687818149EE168FEBC2C03, ADC0E723DF6E376068DC6BEFDD59C00882974E21
2025-07-15 20:08:16.195, FindNode, a3d49b8d-9982-49e6-8cda-f8f759fbb956, ADC0E723DF6E376068DC6BEFDD59C00882974E21, ADC0E723DF6E376068DC6BEFDD59C00A82974E21
2025-07-15 20:08:16.195, ReplyFindNode, a3d49b8d-9982-49e6-8cda-f8f759fbb956, ADC0E723DF6E376068DC6BEFDD59C00882974E21, 7BB3577E7F5595B494687818149EE168FEBC2C03
2025-07-15 20:08:24.623, FindNode, c0680530-d1c4-4f62-af64-2e5795085a1d, 7BB3577E7F5595B494687818149EE168FEBC2C03, 7BB3577E7F5595B494687818149EE168FEBE2C03
2025-07-15 20:08:24.623, ReplyFindNode, c0680530-d1c4-4f62-af64-2e5795085a1d, 7BB3577E7F5595B494687818149EE168FEBC2C03, ADC0E723DF6E376068DC6BEFDD59C00882974E21
2025-07-15 20:08:25.877, Lookup, ad012384-4d2e-40d5-b8ad-4e5e0e8ce87e, ADC0E723DF6E376068DC6BEFDD59C00882974E21, E263E59015CD7056609B58E9B1CD834BB5FFC60D
2025-07-15 20:08:25.922, ReplyLookup, ad012384-4d2e-40d5-b8ad-4e5e0e8ce87e, 7BB3577E7F5595B494687818149EE168FEBC2C03, 80467EFB49B2CE0A052DCC4EBF90572E29B7934F
2025-07-15 20:08:26.382, Lookup, 993a00a0-dfa0-4d67-b3df-4d606f603abf, 7BB3577E7F5595B494687818149EE168FEBC2C03, 3BB1F7FCFE6013B35DAF5CE6AAEF6EAA60B1CF9D
2025-07-15 20:08:26.424, FindNode, 838e8178-e831-461b-a3e4-c4f5c620b40d, ADC0E723DF6E376068DC6BEFDD59C00882974E21, 3BB1F7FCFE6013B35DAF5CE6AAEF6EAA60B1CF9D
2025-07-15 20:08:26.424, ReplyFindNode, 838e8178-e831-461b-a3e4-c4f5c620b40d, ADC0E723DF6E376068DC6BEFDD59C00882974E21, 7BB3577E7F5595B494687818149EE168FEBC2C03
2025-07-15 20:08:26.556, ReplyLookup, 993a00a0-dfa0-4d67-b3df-4d606f603abf, ADC0E723DF6E376068DC6BEFDD59C00882974E21,
2025-07-15 20:08:28.196, FindNode, 34f31944-b18c-4f79-b2a4-84c269c66dc4, ADC0E723DF6E376068DC6BEFDD59C00882974E21, ADC0E763DF6E376068DC6BEFDD59C00882974E21
2025-07-15 20:08:28.196, ReplyFindNode, 34f31944-b18c-4f79-b2a4-84c269c66dc4, ADC0E723DF6E376068DC6BEFDD59C00882974E21, 7BB3577E7F5595B494687818149EE168FEBC2C03
2025-07-15 20:08:36.624, FindNode, 1ebf115f-c169-4c63-8cf7-3cf8caaee7b4, 7BB3577E7F5595B494687818149EE168FEBC2C03, 7BB3577E7F5595B494687818149EE16AFEBC2C03
2025-07-15 20:08:36.624, ReplyFindNode, 1ebf115f-c169-4c63-8cf7-3cf8caaee7b4, 7BB3577E7F5595B494687818149EE168FEBC2C03, ADC0E723DF6E376068DC6BEFDD59C00882974E21
2025-07-15 20:08:40.196, FindNode, 8a571da8-1fb3-4ce1-abc5-d03a5ae6ef42, ADC0E723DF6E376068DC6BEFDD59C00882974E21, ADC0E723EF6E376068DC6BEFDD59C00882974E21
2025-07-15 20:08:40.196, ReplyFindNode, 8a571da8-1fb3-4ce1-abc5-d03a5ae6ef42, ADC0E723DF6E376068DC6BEFDD59C00882974E21, 7BB3577E7F5595B494687818149EE168FEBC2C03
2025-07-15 20:08:40.877, Lookup, 6b166be4-1ba5-4352-8253-3843f6fbabfc, ADC0E723DF6E376068DC6BEFDD59C00882974E21, E263E59015CD7056609B58E9B1CD834BB5FFC60D
2025-07-15 20:08:40.922, ReplyLookup, 6b166be4-1ba5-4352-8253-3843f6fbabfc, 7BB3577E7F5595B494687818149EE168FEBC2C03, 80467EFB49B2CE0A052DCC4EBF90572E29B7934F
2025-07-15 20:08:41.382, Lookup, ec8f50d4-e0e0-44a9-b4e8-1035a2ad8f0c, 7BB3577E7F5595B494687818149EE168FEBC2C03, 0D72C8E05CBB0A1D1B6071D976C5CDA18D1A124C
2025-07-15 20:08:41.424, FindNode, eca58c14-af1a-4f3f-957a-7a7244bb051b, ADC0E723DF6E376068DC6BEFDD59C00882974E21, 0D72C8E05CBB0A1D1B6071D976C5CDA18D1A124C
2025-07-15 20:08:41.424, ReplyFindNode, eca58c14-af1a-4f3f-957a-7a7244bb051b, ADC0E723DF6E376068DC6BEFDD59C00882974E21, 7BB3577E7F5595B494687818149EE168FEBC2C03
2025-07-15 20:08:41.556, ReplyLookup, ec8f50d4-e0e0-44a9-b4e8-1035a2ad8f0c, ADC0E723DF6E376068DC6BEFDD59C00882974E21,
2025-07-15 20:08:48.624, FindNode, 3a5651cb-3913-40d9-be7d-83f70502f829, 7BB3577E7F5595B494687818149EE168FEBC2C03, 7BB3577E7F5595B494687818149EE168FEBD2C03
2025-07-15 20:08:48.624, ReplyFindNode, 3a5651cb-3913-40d9-be7d-83f70502f829, 7BB3577E7F5595B494687818149EE168FEBC2C03, ADC0E723DF6E376068DC6BEFDD59C00882974E21
2025-07-15 20:08:52.197, FindNode, bf83f31c-9375-41b8-8e71-70f5e7600d39, ADC0E723DF6E376068DC6BEFDD59C00882974E21, ADC0E7A3DF6E376068DC6BEFDD59C00882974E21
2025-07-15 20:08:52.197, ReplyFindNode, bf83f31c-9375-41b8-8e71-70f5e7600d39, ADC0E723DF6E376068DC6BEFDD59C00882974E21, 7BB3577E7F5595B494687818149EE168FEBC2C03
2025-07-15 20:08:55.877, Lookup, 5b23a2d2-e208-43e3-a268-d332eaa2d2fd, ADC0E723DF6E376068DC6BEFDD59C00882974E21, C8B8B30DF9CCAF9240BC5E19F2C3A9263EB56B68
2025-07-15 20:08:55.922, ReplyLookup, 5b23a2d2-e208-43e3-a268-d332eaa2d2fd, 7BB3577E7F5595B494687818149EE168FEBC2C03, 1E9857830CC4CD5742B26F45710A8537190E914C
2025-07-15 20:08:56.383, Lookup, 74b29cf3-c204-4d6e-963a-de78955d6931, 7BB3577E7F5595B494687818149EE168FEBC2C03, E92299375924C3D5164B511ABB275262712364E3
2025-07-15 20:08:56.424, FindNode, fe3f1307-f678-4d71-ac50-c4b86c6bb094, ADC0E723DF6E376068DC6BEFDD59C00882974E21, E92299375924C3D5164B511ABB275262712364E3
2025-07-15 20:08:56.425, ReplyFindNode, fe3f1307-f678-4d71-ac50-c4b86c6bb094, ADC0E723DF6E376068DC6BEFDD59C00882974E21, 7BB3577E7F5595B494687818149EE168FEBC2C03
2025-07-15 20:08:56.556, ReplyLookup, 74b29cf3-c204-4d6e-963a-de78955d6931, ADC0E723DF6E376068DC6BEFDD59C00882974E21,
2025-07-15 20:09:00.625, FindNode, e531bbbe-ce79-4e57-bf8b-8d386ea020c7, 7BB3577E7F5595B494687818149EE168FEBC2C03, 7BB3577EFF5595B494687818149EE168FEBC2C03
2025-07-15 20:09:00.625, ReplyFindNode, e531bbbe-ce79-4e57-bf8b-8d386ea020c7, 7BB3577E7F5595B494687818149EE168FEBC2C03, ADC0E723DF6E376068DC6BEFDD59C00882974E21
2025-07-15 20:09:04.198, FindNode, 335a03b3-fb83-4e5e-b11c-4d683d304229, ADC0E723DF6E376068DC6BEFDD59C00882974E21, ADC0E723DF6E376068DC6FEFDD59C00882974E21
2025-07-15 20:09:04.198, ReplyFindNode, 335a03b3-fb83-4e5e-b11c-4d683d304229, ADC0E723DF6E376068DC6BEFDD59C00882974E21, 7BB3577E7F5595B494687818149EE168FEBC2C03
2025-07-15 20:09:10.877, Lookup, 3fccf401-0bb6-4bb7-82c5-377679f0444d, ADC0E723DF6E376068DC6BEFDD59C00882974E21, 8A8AC395C43863828DA6A46F963E1F78A030D24F
2025-07-15 20:09:10.920, FindNode, 3af4e3b4-6973-4425-b956-2054e95249fd, 7BB3577E7F5595B494687818149EE168FEBC2C03, 8A8AC395C43863828DA6A46F963E1F78A030D24F
2025-07-15 20:09:10.920, ReplyFindNode, 3af4e3b4-6973-4425-b956-2054e95249fd, 7BB3577E7F5595B494687818149EE168FEBC2C03, ADC0E723DF6E376068DC6BEFDD59C00882974E21
2025-07-15 20:09:11.052, ReplyLookup, 3fccf401-0bb6-4bb7-82c5-377679f0444d, 7BB3577E7F5595B494687818149EE168FEBC2C03,
2025-07-15 20:09:11.384, Lookup, 86185f3f-92ff-49b2-8b1b-c149a3f3b04e, 7BB3577E7F5595B494687818149EE168FEBC2C03, F283F65B4F3BC43D5CDE609449592EF014AD317E
2025-07-15 20:09:11.428, FindNode, a89f86d5-fea7-4abc-b796-3fbbe63b7f09, ADC0E723DF6E376068DC6BEFDD59C00882974E21, F283F65B4F3BC43D5CDE609449592EF014AD317E
2025-07-15 20:09:11.428, ReplyFindNode, a89f86d5-fea7-4abc-b796-3fbbe63b7f09, ADC0E723DF6E376068DC6BEFDD59C00882974E21, 7BB3577E7F5595B494687818149EE168FEBC2C03
2025-07-15 20:09:11.520, ReplyLookup, 86185f3f-92ff-49b2-8b1b-c149a3f3b04e, ADC0E723DF6E376068DC6BEFDD59C00882974E21,
2025-07-15 20:09:12.625, FindNode, f6fa5a86-bdd1-48b5-8683-9856064baf6c, 7BB3577E7F5595B494687818149EE168FEBC2C03, 7BB3577E7F5595B494687818349EE168FEBC2C03
2025-07-15 20:09:12.626, ReplyFindNode, f6fa5a86-bdd1-48b5-8683-9856064baf6c, 7BB3577E7F5595B494687818149EE168FEBC2C03, ADC0E723DF6E376068DC6BEFDD59C00882974E21
2025-07-15 20:09:13.057, EndReadOnlyRegimen
2025-07-15 20:09:16.198, FindNode, 56c7b4c6-3b86-4021-a8af-aa7d3e36a530, ADC0E723DF6E376068DC6BEFDD59C00882974E21, ADC0E723DFEE376068DC6BEFDD59C00882974E21
2025-07-15 20:09:16.199, ReplyFindNode, 56c7b4c6-3b86-4021-a8af-aa7d3e36a530, ADC0E723DF6E376068DC6BEFDD59C00882974E21, 7BB3577E7F5595B494687818149EE168FEBC2C03
2025-07-15 20:09:24.626, FindNode, 29144947-f8da-4b0c-bd59-6df164129247, 7BB3577E7F5595B494687818149EE168FEBC2C03, 7BB3677E7F5595B494687818149EE168FEBC2C03
2025-07-15 20:09:24.626, ReplyFindNode, 29144947-f8da-4b0c-bd59-6df164129247, 7BB3577E7F5595B494687818149EE168FEBC2C03, ADC0E723DF6E376068DC6BEFDD59C00882974E21
2025-07-15 20:09:28.199, FindNode, 5b7d4156-5b1e-420a-ad34-0fb51594df9f, ADC0E723DF6E376068DC6BEFDD59C00882974E21, ADC0E723DF6E376068DC6BEFDD59C00882984E21
2025-07-15 20:09:28.199, ReplyFindNode, 5b7d4156-5b1e-420a-ad34-0fb51594df9f, ADC0E723DF6E376068DC6BEFDD59C00882974E21, 7BB3577E7F5595B494687818149EE168FEBC2C03
2025-07-15 20:09:36.627, FindNode, dcb2efae-cdd5-4ac4-a727-e18d65241364, 7BB3577E7F5595B494687818149EE168FEBC2C03, 7BBB577E7F5595B494687818149EE168FEBC2C03
2025-07-15 20:09:36.627, ReplyFindNode, dcb2efae-cdd5-4ac4-a727-e18d65241364, 7BB3577E7F5595B494687818149EE168FEBC2C03, ADC0E723DF6E376068DC6BEFDD59C00882974E21
2025-07-15 20:09:40.200, FindNode, 15ffe1a3-8363-4063-8564-8304134e434b, ADC0E723DF6E376068DC6BEFDD59C00882974E21, ADC12723DF6E376068DC6BEFDD59C00882974E21
2025-07-15 20:09:40.200, ReplyFindNode, 15ffe1a3-8363-4063-8564-8304134e434b, ADC0E723DF6E376068DC6BEFDD59C00882974E21, 7BB3577E7F5595B494687818149EE168FEBC2C03
2025-07-15 20:09:48.627, FindNode, e0039dc5-b4f5-41eb-8dac-6bec4fc21ecf, 7BB3577E7F5595B494687818149EE168FEBC2C03, 7C33577E7F5595B494687818149EE168FEBC2C03
2025-07-15 20:09:48.628, ReplyFindNode, e0039dc5-b4f5-41eb-8dac-6bec4fc21ecf, 7BB3577E7F5595B494687818149EE168FEBC2C03, ADC0E723DF6E376068DC6BEFDD59C00882974E21
2025-07-15 20:09:52.201, FindNode, 9141901e-bbcb-470a-99bb-274249b71f1a, ADC0E723DF6E376068DC6BEFDD59C00882974E21, ADC4E723DF6E376068DC6BEFDD59C00882974E21
2025-07-15 20:09:52.201, ReplyFindNode, 9141901e-bbcb-470a-99bb-274249b71f1a, ADC0E723DF6E376068DC6BEFDD59C00882974E21, 7BB3577E7F5595B494687818149EE168FEBC2C03
2025-07-15 20:10:00.628, FindNode, d947eed5-7cd6-4c18-b6be-8b0197dfe66d, 7BB3577E7F5595B494687818149EE168FEBC2C03, 7BB3577E7F55963494687818149EE168FEBC2C03
2025-07-15 20:10:00.628, ReplyFindNode, d947eed5-7cd6-4c18-b6be-8b0197dfe66d, 7BB3577E7F5595B494687818149EE168FEBC2C03, ADC0E723DF6E376068DC6BEFDD59C00882974E21
2025-07-15 20:10:04.201, FindNode, 81608b61-aff7-46eb-8071-6144157db6b8, ADC0E723DF6E376068DC6BEFDD59C00882974E21, ADC0E723DF6E376078DC6BEFDD59C00882974E21
2025-07-15 20:10:04.201, ReplyFindNode, 81608b61-aff7-46eb-8071-6144157db6b8, ADC0E723DF6E376068DC6BEFDD59C00882974E21, 7BB3577E7F5595B494687818149EE168FEBC2C03
2025-07-15 20:10:12.629, FindNode, 240447e2-b85a-4ff4-a37a-b0bc7b6a38bc, 7BB3577E7F5595B494687818149EE168FEBC2C03, 7BB3579E7F5595B494687818149EE168FEBC2C03
2025-07-15 20:10:12.629, ReplyFindNode, 240447e2-b85a-4ff4-a37a-b0bc7b6a38bc, 7BB3577E7F5595B494687818149EE168FEBC2C03, ADC0E723DF6E376068DC6BEFDD59C00882974E21
2025-07-15 20:10:13.754, EndStableRegimen
2025-07-15 20:10:14.248, Leave, abf7a913-6715-4124-8511-02e8f4df63e6, ADC0E723DF6E376068DC6BEFDD59C00882974E21
2025-07-15 20:10:14.297, ReplyLeave, abf7a913-6715-4124-8511-02e8f4df63e6
2025-07-15 20:10:14.298, EndMember, ADC0E723DF6E376068DC6BEFDD59C00882974E21
2025-07-15 20:10:24.629, FindNode, 4651cb85-c1f3-40b0-858d-b5b7e661d375, 7BB3577E7F5595B494687818149EE168FEBC2C03, 7BB3577E7F5595B4D4687818149EE168FEBC2C03
2025-07-15 20:10:24.630, ReplyFindNode, 4651cb85-c1f3-40b0-858d-b5b7e661d375, 7BB3577E7F5595B494687818149EE168FEBC2C03, 7BB3577E7F5595B494687818149EE168FEBC2C03
2025-07-15 20:10:36.630, FindNode, d50344b9-e493-428b-b1b5-1ee4987f0884, 7BB3577E7F5595B494687818149EE168FEBC2C03, 7BB3577E7F5595B49468781814AEE168FEBC2C03
2025-07-15 20:10:36.630, ReplyFindNode, d50344b9-e493-428b-b1b5-1ee4987f0884, 7BB3577E7F5595B494687818149EE168FEBC2C03, 7BB3577E7F5595B494687818149EE168FEBC2C03
2025-07-15 20:10:44.876, Leave, 66410d08-7803-49d4-85e6-d4ce604e573e, 7BB3577E7F5595B494687818149EE168FEBC2C03
2025-07-15 20:10:44.878, ReplyLeave, 66410d08-7803-49d4-85e6-d4ce604e573e
2025-07-15 20:10:44.945, EndMember, 7BB3577E7F5595B494687818149EE168FEBC2C03
