2025-07-21 13:42:52.857, FindNode, 32167cd8-1dd8-44fa-9dc9-4a572ba58fcd, 7BB3577E7F5595B494687818149EE168FEBC2C03, 7BB3577E875595B494687818149EE168FEBC2C03
2025-07-21 13:42:52.860, ReplyFindNode, 32167cd8-1dd8-44fa-9dc9-4a572ba58fcd, 7BB3577E7F5595B494687818149EE168FEBC2C03, 7BB3577E7F5595B494687818149EE168FEBC2C03
2025-07-21 13:43:04.861, FindNode, df62ef61-af0e-47ba-96f7-9d767be0feea, 7BB3577E7F5595B494687818149EE168FEBC2C03, 7BB3577E7F5595B494687818549EE168FEBC2C03
2025-07-21 13:43:04.861, ReplyFindNode, df62ef61-af0e-47ba-96f7-9d767be0feea, 7BB3577E7F5595B494687818149EE168FEBC2C03, 7BB3577E7F5595B494687818149EE168FEBC2C03
2025-07-21 13:43:16.862, FindNode, f6251ce7-ffc7-4094-95a7-3891987f29d1, 7BB3577E7F5595B494687818149EE168FEBC2C03, 7BB3577E7F5595B494687818149EE168FEC42C03
2025-07-21 13:43:16.862, ReplyFindNode, f6251ce7-ffc7-4094-95a7-3891987f29d1, 7BB3577E7F5595B494687818149EE168FEBC2C03, 7BB3577E7F5595B494687818149EE168FEBC2C03
2025-07-21 13:43:23.668, Join, de3708b9-cc29-406a-9d04-562cc9218578, 488D91B7237C9FDEC56C70D9374C721A2F230821
2025-07-21 13:43:24.086, FindNode, 85c48dd9-7365-4469-b2eb-56bf7802f93e, 7BB3577E7F5595B494687818149EE168FEBC2C03, 488D91B7237C9FDEC56C70D9374C721A2F230821
2025-07-21 13:43:24.087, ReplyFindNode, 85c48dd9-7365-4469-b2eb-56bf7802f93e, 7BB3577E7F5595B494687818149EE168FEBC2C03, 7BB3577E7F5595B494687818149EE168FEBC2C03
2025-07-21 13:43:24.470, FindNode, 082e4779-9127-40ba-a9ae-6a87ff2075df, 488D91B7237C9FDEC56C70D9374C721A2F230821, 488D91B7237CBFDEC56C70D9374C721A2F230821
2025-07-21 13:43:24.471, ReplyJoin, de3708b9-cc29-406a-9d04-562cc9218578
2025-07-21 13:43:24.473, ReplyFindNode, 082e4779-9127-40ba-a9ae-6a87ff2075df, 488D91B7237C9FDEC56C70D9374C721A2F230821, 7BB3577E7F5595B494687818149EE168FEBC2C03
2025-07-21 13:43:28.863, FindNode, 17a8a51f-7db6-4826-9175-fd91ac300691, 7BB3577E7F5595B494687818149EE168FEBC2C03, 7BB3577E7F5595B594687818149EE168FEBC2C03
2025-07-21 13:43:28.863, ReplyFindNode, 17a8a51f-7db6-4826-9175-fd91ac300691, 7BB3577E7F5595B494687818149EE168FEBC2C03, 488D91B7237C9FDEC56C70D9374C721A2F230821
2025-07-21 13:43:36.473, FindNode, 346ac5d0-3f58-4d29-99d2-a8673b3e47c6, 488D91B7237C9FDEC56C70D9374C721A2F230821, 488D91B7237C9FDEC56C70D9374C721A2F230C21
2025-07-21 13:43:36.474, ReplyFindNode, 346ac5d0-3f58-4d29-99d2-a8673b3e47c6, 488D91B7237C9FDEC56C70D9374C721A2F230821, 7BB3577E7F5595B494687818149EE168FEBC2C03
2025-07-21 13:43:40.864, FindNode, 8eb42748-a81b-4c2d-9e35-aeedf95e891b, 7BB3577E7F5595B494687818149EE168FEBC2C03, 7BB3577E7F5595B498687818149EE168FEBC2C03
2025-07-21 13:43:40.864, ReplyFindNode, 8eb42748-a81b-4c2d-9e35-aeedf95e891b, 7BB3577E7F5595B494687818149EE168FEBC2C03, 488D91B7237C9FDEC56C70D9374C721A2F230821
2025-07-21 13:43:48.474, FindNode, 45ac91ff-4b28-49ee-9666-f825de2c6e92, 488D91B7237C9FDEC56C70D9374C721A2F230821, 488D91B7237CBFDEC56C70D9374C721A2F230821
2025-07-21 13:43:48.475, ReplyFindNode, 45ac91ff-4b28-49ee-9666-f825de2c6e92, 488D91B7237C9FDEC56C70D9374C721A2F230821, 7BB3577E7F5595B494687818149EE168FEBC2C03
2025-07-21 13:43:52.865, FindNode, a90206d7-94b1-47b0-998f-abc7dc964c0e, 7BB3577E7F5595B494687818149EE168FEBC2C03, 7BB3577E7F5595B494687818149EE168FEBC2C13
2025-07-21 13:43:52.865, ReplyFindNode, a90206d7-94b1-47b0-998f-abc7dc964c0e, 7BB3577E7F5595B494687818149EE168FEBC2C03, 488D91B7237C9FDEC56C70D9374C721A2F230821
2025-07-21 13:43:54.562, Join, b6f08228-266c-43eb-a73a-5e59afede59b, ADC0E723DF6E376068DC6BEFDD59C00882974E21
2025-07-21 13:43:54.929, FindNode, 00db58dc-59a4-4ad2-a5e5-8093b6c5c2c9, 7BB3577E7F5595B494687818149EE168FEBC2C03, ADC0E723DF6E376068DC6BEFDD59C00882974E21
2025-07-21 13:43:54.930, ReplyFindNode, 00db58dc-59a4-4ad2-a5e5-8093b6c5c2c9, 7BB3577E7F5595B494687818149EE168FEBC2C03, 488D91B7237C9FDEC56C70D9374C721A2F230821
2025-07-21 13:43:55.752, FindNode, 648ed71b-b6cb-434f-a4c1-026a68a0c18c, ADC0E723DF6E376068DC6BEFDD59C00882974E21, ADC0E723EF6E376068DC6BEFDD59C00882974E21
2025-07-21 13:43:55.753, ReplyJoin, b6f08228-266c-43eb-a73a-5e59afede59b
2025-07-21 13:43:55.755, ReplyFindNode, 648ed71b-b6cb-434f-a4c1-026a68a0c18c, ADC0E723DF6E376068DC6BEFDD59C00882974E21, 488D91B7237C9FDEC56C70D9374C721A2F230821
2025-07-21 13:44:00.475, FindNode, 8519320a-96eb-4c94-8658-3b05c7458dee, 488D91B7237C9FDEC56C70D9374C721A2F230821, 488D91B7238C9FDEC56C70D9374C721A2F230821
2025-07-21 13:44:00.475, ReplyFindNode, 8519320a-96eb-4c94-8658-3b05c7458dee, 488D91B7237C9FDEC56C70D9374C721A2F230821, 7BB3577E7F5595B494687818149EE168FEBC2C03
2025-07-21 13:44:04.866, FindNode, 13f7d2df-cf69-493e-95d2-b82b3ec49de9, 7BB3577E7F5595B494687818149EE168FEBC2C03, 7BB3577E7F5595B494687818169EE168FEBC2C03
2025-07-21 13:44:04.866, ReplyFindNode, 13f7d2df-cf69-493e-95d2-b82b3ec49de9, 7BB3577E7F5595B494687818149EE168FEBC2C03, ADC0E723DF6E376068DC6BEFDD59C00882974E21
2025-07-21 13:44:07.755, FindNode, 93a3feb4-5f1e-466c-bc77-b6ce1662debe, ADC0E723DF6E376068DC6BEFDD59C00882974E21, ADC0E723DF6E376068DC6BEFDD59C00882A74E21
2025-07-21 13:44:07.755, ReplyFindNode, 93a3feb4-5f1e-466c-bc77-b6ce1662debe, ADC0E723DF6E376068DC6BEFDD59C00882974E21, 488D91B7237C9FDEC56C70D9374C721A2F230821
2025-07-21 13:44:12.476, FindNode, a87087bb-6f2c-4cd9-85ac-028a69f0f511, 488D91B7237C9FDEC56C70D9374C721A2F230821, 488D91B7A37C9FDEC56C70D9374C721A2F230821
2025-07-21 13:44:12.476, ReplyFindNode, a87087bb-6f2c-4cd9-85ac-028a69f0f511, 488D91B7237C9FDEC56C70D9374C721A2F230821, 7BB3577E7F5595B494687818149EE168FEBC2C03
2025-07-21 13:44:16.866, FindNode, 0b3b0d28-0c53-4d36-8dcf-95fada7ab128, 7BB3577E7F5595B494687818149EE168FEBC2C03, 7BB3577E7F5595B494687818149EE168FEBCAC03
2025-07-21 13:44:16.867, ReplyFindNode, 0b3b0d28-0c53-4d36-8dcf-95fada7ab128, 7BB3577E7F5595B494687818149EE168FEBC2C03, ADC0E723DF6E376068DC6BEFDD59C00882974E21
2025-07-21 13:44:19.756, FindNode, cd0901ea-ecb9-4316-b08f-64fc847e5faa, ADC0E723DF6E376068DC6BEFDD59C00882974E21, ADC0E723DF6E376068DC6C2FDD59C00882974E21
2025-07-21 13:44:19.756, ReplyFindNode, cd0901ea-ecb9-4316-b08f-64fc847e5faa, ADC0E723DF6E376068DC6BEFDD59C00882974E21, 488D91B7237C9FDEC56C70D9374C721A2F230821
2025-07-21 13:44:24.477, FindNode, 209ca5bf-1954-49d3-9bfa-f6ebf4e01177, 488D91B7237C9FDEC56C70D9374C721A2F230821, 488D91F7237C9FDEC56C70D9374C721A2F230821
2025-07-21 13:44:24.477, ReplyFindNode, 209ca5bf-1954-49d3-9bfa-f6ebf4e01177, 488D91B7237C9FDEC56C70D9374C721A2F230821, 7BB3577E7F5595B494687818149EE168FEBC2C03
2025-07-21 13:44:25.321, StartStableRegimen
2025-07-21 13:44:28.867, FindNode, 7073ef20-b486-490c-8464-551e248f3e1c, 7BB3577E7F5595B494687818149EE168FEBC2C03, 7BB3577EFF5595B494687818149EE168FEBC2C03
2025-07-21 13:44:28.868, ReplyFindNode, 7073ef20-b486-490c-8464-551e248f3e1c, 7BB3577E7F5595B494687818149EE168FEBC2C03, ADC0E723DF6E376068DC6BEFDD59C00882974E21
2025-07-21 13:44:31.757, FindNode, f6320ba6-3e46-4c11-8b2c-5e4936cb6121, ADC0E723DF6E376068DC6BEFDD59C00882974E21, ADC0E723DF6E376068DC6BEFDD59E00882974E21
2025-07-21 13:44:31.757, ReplyFindNode, f6320ba6-3e46-4c11-8b2c-5e4936cb6121, ADC0E723DF6E376068DC6BEFDD59C00882974E21, 488D91B7237C9FDEC56C70D9374C721A2F230821
2025-07-21 13:44:35.819, StartReadWriteRegimen
2025-07-21 13:44:36.209, Lookup, 6e81e8c4-bbfd-4fe9-82d4-1b4ee0693a30, ADC0E723DF6E376068DC6BEFDD59C00882974E21, E824869B684158C07A787A5C645FF0140BF874A6
2025-07-21 13:44:36.286, ReplyLookup, 6e81e8c4-bbfd-4fe9-82d4-1b4ee0693a30, 488D91B7237C9FDEC56C70D9374C721A2F230821,
2025-07-21 13:44:36.478, FindNode, 5529976e-e5d6-41e7-8fd3-36b5e89b6ec4, 488D91B7237C9FDEC56C70D9374C721A2F230821, 488D91B7337C9FDEC56C70D9374C721A2F230821
2025-07-21 13:44:36.478, ReplyFindNode, 5529976e-e5d6-41e7-8fd3-36b5e89b6ec4, 488D91B7237C9FDEC56C70D9374C721A2F230821, 7BB3577E7F5595B494687818149EE168FEBC2C03
2025-07-21 13:44:36.615, Lookup, a21b1fd4-26c7-471f-9bf6-f961b9bb69b1, 488D91B7237C9FDEC56C70D9374C721A2F230821, 4CCF6933EB529A47464DD9E5224728394224058B
2025-07-21 13:44:36.662, ReplyLookup, a21b1fd4-26c7-471f-9bf6-f961b9bb69b1, 7BB3577E7F5595B494687818149EE168FEBC2C03,
2025-07-21 13:44:37.020, Store, 88dc77ee-d75f-403f-bfd1-79a3b2ecebca, 7BB3577E7F5595B494687818149EE168FEBC2C03, 858F097B0451CF1D56F13568E3729ED4387F5743, 43CD2911F75409D31767C6AF2BF526575A5D3C5E
2025-07-21 13:44:37.089, ReplyStore, 88dc77ee-d75f-403f-bfd1-79a3b2ecebca, ADC0E723DF6E376068DC6BEFDD59C00882974E21
2025-07-21 13:44:40.868, FindNode, f4124005-8630-47b3-8032-5bd6c4217e84, 7BB3577E7F5595B494687818149EE168FEBC2C03, 7BB3577E7F5595B49C687818149EE168FEBC2C03
2025-07-21 13:44:40.869, ReplyFindNode, f4124005-8630-47b3-8032-5bd6c4217e84, 7BB3577E7F5595B494687818149EE168FEBC2C03, ADC0E723DF6E376068DC6BEFDD59C00882974E21
2025-07-21 13:44:43.758, FindNode, 60a822a4-9697-473c-99fd-e71fcbb51e81, ADC0E723DF6E376068DC6BEFDD59C00882974E21, ADC0E723DF6E376068DC6BEFDDD9C00882974E21
2025-07-21 13:44:43.758, ReplyFindNode, 60a822a4-9697-473c-99fd-e71fcbb51e81, ADC0E723DF6E376068DC6BEFDD59C00882974E21, 488D91B7237C9FDEC56C70D9374C721A2F230821
2025-07-21 13:44:48.478, FindNode, 319ca118-1523-4ccf-86bf-aa3489098511, 488D91B7237C9FDEC56C70D9374C721A2F230821, 488D91B7237C9FDEC56C70D9374C723A2F230821
2025-07-21 13:44:48.479, ReplyFindNode, 319ca118-1523-4ccf-86bf-aa3489098511, 488D91B7237C9FDEC56C70D9374C721A2F230821, 7BB3577E7F5595B494687818149EE168FEBC2C03
2025-07-21 13:44:51.209, Store, e32f4797-cca9-405a-9339-d5122de89380, ADC0E723DF6E376068DC6BEFDD59C00882974E21, 6D7D7C11BD2C2C4AFB07B0C036CFD55EFDDBEC31, 8159747587B87BD1A8AE24AD9292F5AC92A345A1
2025-07-21 13:44:51.257, FindNode, 892cd758-d4c4-479d-88ab-a2a3cf9643b5, 488D91B7237C9FDEC56C70D9374C721A2F230821, 6D7D7C11BD2C2C4AFB07B0C036CFD55EFDDBEC31
2025-07-21 13:44:51.258, ReplyFindNode, 892cd758-d4c4-479d-88ab-a2a3cf9643b5, 488D91B7237C9FDEC56C70D9374C721A2F230821, 7BB3577E7F5595B494687818149EE168FEBC2C03
2025-07-21 13:44:51.313, ReplyStore, e32f4797-cca9-405a-9339-d5122de89380, 488D91B7237C9FDEC56C70D9374C721A2F230821
2025-07-21 13:44:51.615, Lookup, 9fb35d84-a4fc-4d3b-a178-15261fdd6f8a, 488D91B7237C9FDEC56C70D9374C721A2F230821, DE5B282323123CA302D56568530C363B70ACCB69
2025-07-21 13:44:51.657, FindNode, 760afaaf-e782-4034-b7cd-1e5b445e01d0, ADC0E723DF6E376068DC6BEFDD59C00882974E21, DE5B282323123CA302D56568530C363B70ACCB69
2025-07-21 13:44:51.658, ReplyFindNode, 760afaaf-e782-4034-b7cd-1e5b445e01d0, ADC0E723DF6E376068DC6BEFDD59C00882974E21, 488D91B7237C9FDEC56C70D9374C721A2F230821
2025-07-21 13:44:51.849, ReplyLookup, 9fb35d84-a4fc-4d3b-a178-15261fdd6f8a, ADC0E723DF6E376068DC6BEFDD59C00882974E21,
2025-07-21 13:44:52.020, Store, 8673268b-f08c-4911-8cac-f7bdb093f134, 7BB3577E7F5595B494687818149EE168FEBC2C03, 8A8AC395C43863828DA6A46F963E1F78A030D24F, 08328F590FAD71E9652DCF6D8FA27F5C3179838D
2025-07-21 13:44:52.024, ReplyStore, 8673268b-f08c-4911-8cac-f7bdb093f134, ADC0E723DF6E376068DC6BEFDD59C00882974E21
2025-07-21 13:44:52.869, FindNode, f08fd75e-93ae-41ae-b572-7b06f800a3cc, 7BB3577E7F5595B494687818149EE168FEBC2C03, BBB3577E7F5595B494687818149EE168FEBC2C03
2025-07-21 13:44:52.913, FindNode, e38ccd1d-1147-4452-97c6-1437c3abd389, ADC0E723DF6E376068DC6BEFDD59C00882974E21, BBB3577E7F5595B494687818149EE168FEBC2C03
2025-07-21 13:44:52.914, ReplyFindNode, e38ccd1d-1147-4452-97c6-1437c3abd389, ADC0E723DF6E376068DC6BEFDD59C00882974E21, 488D91B7237C9FDEC56C70D9374C721A2F230821
2025-07-21 13:44:52.916, ReplyFindNode, f08fd75e-93ae-41ae-b572-7b06f800a3cc, 7BB3577E7F5595B494687818149EE168FEBC2C03, ADC0E723DF6E376068DC6BEFDD59C00882974E21
2025-07-21 13:44:55.759, FindNode, 0b31eaa7-ba50-435e-b46e-e42028cf5f9f, ADC0E723DF6E376068DC6BEFDD59C00882974E21, AEC0E723DF6E376068DC6BEFDD59C00882974E21
2025-07-21 13:44:55.759, ReplyFindNode, 0b31eaa7-ba50-435e-b46e-e42028cf5f9f, ADC0E723DF6E376068DC6BEFDD59C00882974E21, 488D91B7237C9FDEC56C70D9374C721A2F230821
2025-07-21 13:45:00.479, FindNode, 519e6584-5fbe-4acb-9d7f-31072c8a96ea, 488D91B7237C9FDEC56C70D9374C721A2F230821, 488D91B7239C9FDEC56C70D9374C721A2F230821
2025-07-21 13:45:00.480, ReplyFindNode, 519e6584-5fbe-4acb-9d7f-31072c8a96ea, 488D91B7237C9FDEC56C70D9374C721A2F230821, 7BB3577E7F5595B494687818149EE168FEBC2C03
2025-07-21 13:45:04.917, FindNode, 07079e78-bb72-4234-b4b6-0936f1c2eca7, 7BB3577E7F5595B494687818149EE168FEBC2C03, 7BB3577E8F5595B494687818149EE168FEBC2C03
2025-07-21 13:45:04.917, ReplyFindNode, 07079e78-bb72-4234-b4b6-0936f1c2eca7, 7BB3577E7F5595B494687818149EE168FEBC2C03, ADC0E723DF6E376068DC6BEFDD59C00882974E21
2025-07-21 13:45:06.209, Remove, 37471c57-6316-444d-9bff-486941c523ab, ADC0E723DF6E376068DC6BEFDD59C00882974E21, 6D7D7C11BD2C2C4AFB07B0C036CFD55EFDDBEC31, 8159747587B87BD1A8AE24AD9292F5AC92A345A1
2025-07-21 13:45:06.253, FindNode, 4b008f55-f5ca-4a3e-8c3d-1d3248f80c34, 488D91B7237C9FDEC56C70D9374C721A2F230821, 6D7D7C11BD2C2C4AFB07B0C036CFD55EFDDBEC31
2025-07-21 13:45:06.253, ReplyFindNode, 4b008f55-f5ca-4a3e-8c3d-1d3248f80c34, 488D91B7237C9FDEC56C70D9374C721A2F230821, 7BB3577E7F5595B494687818149EE168FEBC2C03
2025-07-21 13:45:06.309, ReplyRemove, 37471c57-6316-444d-9bff-486941c523ab, 488D91B7237C9FDEC56C70D9374C721A2F230821
2025-07-21 13:45:06.616, Lookup, 56b32534-7c1b-4779-827f-4ae8011e3e3b, 488D91B7237C9FDEC56C70D9374C721A2F230821, 4CCF6933EB529A47464DD9E5224728394224058B
2025-07-21 13:45:06.662, ReplyLookup, 56b32534-7c1b-4779-827f-4ae8011e3e3b, 7BB3577E7F5595B494687818149EE168FEBC2C03,
2025-07-21 13:45:07.020, Store, 397a87ff-0765-45b6-8645-e6c45e1a0d35, 7BB3577E7F5595B494687818149EE168FEBC2C03, 37D50FCF19804A70BE2116E9CF46685C2802C790, 343DBC5DE41B09BDE7418DCB07FF74F9BC36FF54
2025-07-21 13:45:07.065, FindNode, b09bb422-043f-4e63-9728-bbdc59f8b593, ADC0E723DF6E376068DC6BEFDD59C00882974E21, 37D50FCF19804A70BE2116E9CF46685C2802C790
2025-07-21 13:45:07.066, ReplyFindNode, b09bb422-043f-4e63-9728-bbdc59f8b593, ADC0E723DF6E376068DC6BEFDD59C00882974E21, 488D91B7237C9FDEC56C70D9374C721A2F230821
2025-07-21 13:45:07.161, ReplyStore, 397a87ff-0765-45b6-8645-e6c45e1a0d35, ADC0E723DF6E376068DC6BEFDD59C00882974E21
2025-07-21 13:45:07.760, FindNode, 979b3853-422c-464e-abd2-3dc49cd549bf, ADC0E723DF6E376068DC6BEFDD59C00882974E21, ADC0E723DF6E376068DCABEFDD59C00882974E21
2025-07-21 13:45:07.760, ReplyFindNode, 979b3853-422c-464e-abd2-3dc49cd549bf, ADC0E723DF6E376068DC6BEFDD59C00882974E21, 488D91B7237C9FDEC56C70D9374C721A2F230821
2025-07-21 13:45:12.480, FindNode, a4135743-2fa3-4c9a-98d4-2b0e092cd5d5, 488D91B7237C9FDEC56C70D9374C721A2F230821, 488D91B7237C9FDEC57470D9374C721A2F230821
2025-07-21 13:45:12.481, ReplyFindNode, a4135743-2fa3-4c9a-98d4-2b0e092cd5d5, 488D91B7237C9FDEC56C70D9374C721A2F230821, 7BB3577E7F5595B494687818149EE168FEBC2C03
2025-07-21 13:45:16.918, FindNode, b891e62a-d57b-429e-afd5-8735795d9298, 7BB3577E7F5595B494687818149EE168FEBC2C03, 7BB3577E7F5595B494687818149EE168FEBC3C03
2025-07-21 13:45:16.918, ReplyFindNode, b891e62a-d57b-429e-afd5-8735795d9298, 7BB3577E7F5595B494687818149EE168FEBC2C03, ADC0E723DF6E376068DC6BEFDD59C00882974E21
2025-07-21 13:45:19.761, FindNode, 49c3367e-3404-4d15-a08b-5966b98a32c6, ADC0E723DF6E376068DC6BEFDD59C00882974E21, ADC0E723DF6E37E068DC6BEFDD59C00882974E21
2025-07-21 13:45:19.761, ReplyFindNode, 49c3367e-3404-4d15-a08b-5966b98a32c6, ADC0E723DF6E376068DC6BEFDD59C00882974E21, 488D91B7237C9FDEC56C70D9374C721A2F230821
2025-07-21 13:45:21.209, Store, fa64ea5e-01d9-45c1-93d6-8236b418165b, ADC0E723DF6E376068DC6BEFDD59C00882974E21, 0399D5485AEE2DBE46CBEB81BF5D648AB98AE879, 46915788B7CDB791571941DECC212EB4F1C45E4E
2025-07-21 13:45:21.213, ReplyStore, fa64ea5e-01d9-45c1-93d6-8236b418165b, 488D91B7237C9FDEC56C70D9374C721A2F230821
2025-07-21 13:45:21.617, Store, af87842b-eabc-41bc-8020-3d60ef08e37e, 488D91B7237C9FDEC56C70D9374C721A2F230821, CE3F2F497EF5657EDA8D4E9F9D61E7535427D6FF, 2E86017D28D3F7DFD10C323A6293B75E2F1FACCE
2025-07-21 13:45:21.665, FindNode, d6e4ab0b-8c5c-4510-8c70-65f6a286e007, ADC0E723DF6E376068DC6BEFDD59C00882974E21, CE3F2F497EF5657EDA8D4E9F9D61E7535427D6FF
2025-07-21 13:45:21.666, ReplyFindNode, d6e4ab0b-8c5c-4510-8c70-65f6a286e007, ADC0E723DF6E376068DC6BEFDD59C00882974E21, 488D91B7237C9FDEC56C70D9374C721A2F230821
2025-07-21 13:45:21.761, ReplyStore, af87842b-eabc-41bc-8020-3d60ef08e37e, ADC0E723DF6E376068DC6BEFDD59C00882974E21
2025-07-21 13:45:22.020, Lookup, 5954cb73-8d37-40d8-aa2d-ecee43a86489, 7BB3577E7F5595B494687818149EE168FEBC2C03, 858F097B0451CF1D56F13568E3729ED4387F5743
2025-07-21 13:45:22.067, ReplyLookup, 5954cb73-8d37-40d8-aa2d-ecee43a86489, ADC0E723DF6E376068DC6BEFDD59C00882974E21, 43CD2911F75409D31767C6AF2BF526575A5D3C5E
2025-07-21 13:45:24.481, FindNode, 110c49de-2adf-4191-90bf-ae8adba9c93d, 488D91B7237C9FDEC56C70D9374C721A2F230821, 488D91B7237C9FE6C56C70D9374C721A2F230821
2025-07-21 13:45:24.482, ReplyFindNode, 110c49de-2adf-4191-90bf-ae8adba9c93d, 488D91B7237C9FDEC56C70D9374C721A2F230821, 7BB3577E7F5595B494687818149EE168FEBC2C03
2025-07-21 13:45:28.919, FindNode, 6283f0dd-23da-4229-af6c-01da5380103c, 7BB3577E7F5595B494687818149EE168FEBC2C03, 7BB3577EFF5595B494687818149EE168FEBC2C03
2025-07-21 13:45:28.919, ReplyFindNode, 6283f0dd-23da-4229-af6c-01da5380103c, 7BB3577E7F5595B494687818149EE168FEBC2C03, ADC0E723DF6E376068DC6BEFDD59C00882974E21
2025-07-21 13:45:31.762, FindNode, 298611bd-5b61-479d-8f0e-ed399d4850fd, ADC0E723DF6E376068DC6BEFDD59C00882974E21, ADC0E723E36E376068DC6BEFDD59C00882974E21
2025-07-21 13:45:31.762, ReplyFindNode, 298611bd-5b61-479d-8f0e-ed399d4850fd, ADC0E723DF6E376068DC6BEFDD59C00882974E21, 488D91B7237C9FDEC56C70D9374C721A2F230821
2025-07-21 13:45:36.209, Remove, f644e70c-ba0e-4f32-980f-108e9c4a0866, ADC0E723DF6E376068DC6BEFDD59C00882974E21, 0399D5485AEE2DBE46CBEB81BF5D648AB98AE879, 46915788B7CDB791571941DECC212EB4F1C45E4E
2025-07-21 13:45:36.214, ReplyRemove, f644e70c-ba0e-4f32-980f-108e9c4a0866, 488D91B7237C9FDEC56C70D9374C721A2F230821
2025-07-21 13:45:36.482, FindNode, 8b76ab62-e2f2-4c1f-bf9a-a9a200b53b36, 488D91B7237C9FDEC56C70D9374C721A2F230821, 488D91B7237C9FDF456C70D9374C721A2F230821
2025-07-21 13:45:36.483, ReplyFindNode, 8b76ab62-e2f2-4c1f-bf9a-a9a200b53b36, 488D91B7237C9FDEC56C70D9374C721A2F230821, 7BB3577E7F5595B494687818149EE168FEBC2C03
2025-07-21 13:45:36.616, Store, aefdbfe9-b847-4ded-99cd-3d5c4201d506, 488D91B7237C9FDEC56C70D9374C721A2F230821, 1330DB16179C53B6C04EB201C153E03CCD2D87E7, 7FF3154F7ADFF5153FA18F6EF0D0BF81B58BC327
2025-07-21 13:45:36.661, FindNode, b2212762-c2ec-4615-b99b-2fd7d7465345, ADC0E723DF6E376068DC6BEFDD59C00882974E21, 1330DB16179C53B6C04EB201C153E03CCD2D87E7
2025-07-21 13:45:36.662, ReplyFindNode, b2212762-c2ec-4615-b99b-2fd7d7465345, ADC0E723DF6E376068DC6BEFDD59C00882974E21, 488D91B7237C9FDEC56C70D9374C721A2F230821
2025-07-21 13:45:36.713, ReplyStore, aefdbfe9-b847-4ded-99cd-3d5c4201d506, ADC0E723DF6E376068DC6BEFDD59C00882974E21
2025-07-21 13:45:37.019, Lookup, af7fbbe7-6e3b-4b8b-85ff-e5607ea85cbd, 7BB3577E7F5595B494687818149EE168FEBC2C03, 9BDC0DACD1F3417CC97F7EEAE0769EB69758FAD4
2025-07-21 13:45:37.062, ReplyLookup, af7fbbe7-6e3b-4b8b-85ff-e5607ea85cbd, ADC0E723DF6E376068DC6BEFDD59C00882974E21,
2025-07-21 13:45:37.536, EndStableRegimen
2025-07-21 13:45:37.942, Leave, 13ba8baf-3a44-49ef-adcc-e11312ebb20e, ADC0E723DF6E376068DC6BEFDD59C00882974E21
2025-07-21 13:45:37.988, ReplyLeave, 13ba8baf-3a44-49ef-adcc-e11312ebb20e
2025-07-21 13:45:37.989, EndMember, ADC0E723DF6E376068DC6BEFDD59C00882974E21
2025-07-21 13:45:38.343, StartStableRegimen
2025-07-21 13:45:40.920, FindNode, d7541cfb-faaf-4da8-80d3-5989c34cc37d, 7BB3577E7F5595B494687818149EE168FEBC2C03, 7BB3577E7F5595B894687818149EE168FEBC2C03
2025-07-21 13:45:40.920, ReplyFindNode, d7541cfb-faaf-4da8-80d3-5989c34cc37d, 7BB3577E7F5595B494687818149EE168FEBC2C03, ADC0E723DF6E376068DC6BEFDD59C00882974E21
2025-07-21 13:45:48.483, FindNode, 7876b900-329a-4447-a40a-450fc7eb780d, 488D91B7237C9FDEC56C70D9374C721A2F230821, 489191B7237C9FDEC56C70D9374C721A2F230821
2025-07-21 13:45:48.484, ReplyFindNode, 7876b900-329a-4447-a40a-450fc7eb780d, 488D91B7237C9FDEC56C70D9374C721A2F230821, 7BB3577E7F5595B494687818149EE168FEBC2C03
2025-07-21 13:45:51.616, Lookup, f0a53447-b933-42b5-99de-d871a30490ec, 488D91B7237C9FDEC56C70D9374C721A2F230821, 6D7D7C11BD2C2C4AFB07B0C036CFD55EFDDBEC31
2025-07-21 13:45:51.662, ReplyLookup, f0a53447-b933-42b5-99de-d871a30490ec, 7BB3577E7F5595B494687818149EE168FEBC2C03,
2025-07-21 13:45:52.019, Lookup, d4bd7b2e-7ac0-4138-a531-050804969d6b, 7BB3577E7F5595B494687818149EE168FEBC2C03, 0399D5485AEE2DBE46CBEB81BF5D648AB98AE879
2025-07-21 13:45:52.062, ReplyLookup, d4bd7b2e-7ac0-4138-a531-050804969d6b, 488D91B7237C9FDEC56C70D9374C721A2F230821,
2025-07-21 13:45:52.921, FindNode, f9707d72-b6b6-4008-99b1-aca9b6f294bc, 7BB3577E7F5595B494687818149EE168FEBC2C03, FBB3577E7F5595B494687818149EE168FEBC2C03
2025-07-21 13:45:52.921, ReplyFindNode, f9707d72-b6b6-4008-99b1-aca9b6f294bc, 7BB3577E7F5595B494687818149EE168FEBC2C03, 488D91B7237C9FDEC56C70D9374C721A2F230821
2025-07-21 13:46:00.484, FindNode, 212c0d0f-e078-4027-a008-eea5845e6279, 488D91B7237C9FDEC56C70D9374C721A2F230821, 488D91B7237C9FDEC56C70D9374C761A2F230821
2025-07-21 13:46:00.485, ReplyFindNode, 212c0d0f-e078-4027-a008-eea5845e6279, 488D91B7237C9FDEC56C70D9374C721A2F230821, 7BB3577E7F5595B494687818149EE168FEBC2C03
2025-07-21 13:46:04.922, FindNode, dfd7179a-7d42-492a-ad37-0d174661b271, 7BB3577E7F5595B494687818149EE168FEBC2C03, 7BB3577E7F5595B494687C18149EE168FEBC2C03
2025-07-21 13:46:04.922, ReplyFindNode, dfd7179a-7d42-492a-ad37-0d174661b271, 7BB3577E7F5595B494687818149EE168FEBC2C03, 488D91B7237C9FDEC56C70D9374C721A2F230821
2025-07-21 13:46:06.616, Lookup, 20d89ca9-357b-4f41-a01d-4928c1ffaf87, 488D91B7237C9FDEC56C70D9374C721A2F230821, 1330DB16179C53B6C04EB201C153E03CCD2D87E7
2025-07-21 13:46:06.661, FindNode, c06ff50c-06e5-4db4-bb38-929fec4508ac, 7BB3577E7F5595B494687818149EE168FEBC2C03, 1330DB16179C53B6C04EB201C153E03CCD2D87E7
2025-07-21 13:46:06.661, ReplyFindNode, c06ff50c-06e5-4db4-bb38-929fec4508ac, 7BB3577E7F5595B494687818149EE168FEBC2C03, 488D91B7237C9FDEC56C70D9374C721A2F230821
2025-07-21 13:46:06.793, ReplyLookup, 20d89ca9-357b-4f41-a01d-4928c1ffaf87, 7BB3577E7F5595B494687818149EE168FEBC2C03, 7FF3154F7ADFF5153FA18F6EF0D0BF81B58BC327
2025-07-21 13:46:07.019, Lookup, dffd985b-0d96-490e-8764-c5624a9d8247, 7BB3577E7F5595B494687818149EE168FEBC2C03, E824869B684158C07A787A5C645FF0140BF874A6
2025-07-21 13:46:07.062, ReplyLookup, dffd985b-0d96-490e-8764-c5624a9d8247, 488D91B7237C9FDEC56C70D9374C721A2F230821,
2025-07-21 13:46:12.485, FindNode, ea464a82-ae71-428d-82d4-e84c7eb83cef, 488D91B7237C9FDEC56C70D9374C721A2F230821, 488D91B7237C9FDEC56C70D9378C721A2F230821
2025-07-21 13:46:12.486, ReplyFindNode, ea464a82-ae71-428d-82d4-e84c7eb83cef, 488D91B7237C9FDEC56C70D9374C721A2F230821, 7BB3577E7F5595B494687818149EE168FEBC2C03
2025-07-21 13:46:16.923, FindNode, 929543fb-a96c-4cd2-86a5-2dd9017c9479, 7BB3577E7F5595B494687818149EE168FEBC2C03, 7BB3577E7F5595B494A87818149EE168FEBC2C03
2025-07-21 13:46:16.923, ReplyFindNode, 929543fb-a96c-4cd2-86a5-2dd9017c9479, 7BB3577E7F5595B494687818149EE168FEBC2C03, 488D91B7237C9FDEC56C70D9374C721A2F230821
2025-07-21 13:46:21.616, Store, 4db429d5-c8bb-4a97-8d67-d5f24c347259, 488D91B7237C9FDEC56C70D9374C721A2F230821, C56628FB2747CE2E0CEDE7E6A9774A3AC78AC625, 67D75E97A566C8C78E83CBF7A38DA0BC7923DD24
2025-07-21 13:46:21.661, FindNode, a8366c7c-87f7-4536-a437-49ad8de7271a, 7BB3577E7F5595B494687818149EE168FEBC2C03, C56628FB2747CE2E0CEDE7E6A9774A3AC78AC625
2025-07-21 13:46:21.661, ReplyFindNode, a8366c7c-87f7-4536-a437-49ad8de7271a, 7BB3577E7F5595B494687818149EE168FEBC2C03, 488D91B7237C9FDEC56C70D9374C721A2F230821
2025-07-21 13:46:21.709, ReplyStore, 4db429d5-c8bb-4a97-8d67-d5f24c347259, 7BB3577E7F5595B494687818149EE168FEBC2C03
2025-07-21 13:46:22.020, Store, 2bf9cd47-30e1-4376-90a6-31107537e808, 7BB3577E7F5595B494687818149EE168FEBC2C03, CCB63B7D33DC43CAD86706330FA8F1BAB1A1811A, A0C5282F8FB4D87C370AE63988DB3D27729D7EE0
2025-07-21 13:46:22.023, ReplyStore, 2bf9cd47-30e1-4376-90a6-31107537e808, 488D91B7237C9FDEC56C70D9374C721A2F230821
2025-07-21 13:46:24.486, FindNode, ff98002a-7454-4c7c-aca3-7011c3f5bf02, 488D91B7237C9FDEC56C70D9374C721A2F230821, 4C8D91B7237C9FDEC56C70D9374C721A2F230821
2025-07-21 13:46:24.487, ReplyFindNode, ff98002a-7454-4c7c-aca3-7011c3f5bf02, 488D91B7237C9FDEC56C70D9374C721A2F230821, 7BB3577E7F5595B494687818149EE168FEBC2C03
2025-07-21 13:46:28.924, FindNode, a783e4cc-0fa7-4cd6-89f5-fc8c2fc1e3af, 7BB3577E7F5595B494687818149EE168FEBC2C03, 7BB35F7E7F5595B494687818149EE168FEBC2C03
2025-07-21 13:46:28.924, ReplyFindNode, a783e4cc-0fa7-4cd6-89f5-fc8c2fc1e3af, 7BB3577E7F5595B494687818149EE168FEBC2C03, 488D91B7237C9FDEC56C70D9374C721A2F230821
2025-07-21 13:46:36.487, FindNode, e4acc3dc-edbc-4867-a5e2-0ed724233e7d, 488D91B7237C9FDEC56C70D9374C721A2F230821, 488D91B7237C9FDEC56C70D9374C721A4F230821
2025-07-21 13:46:36.488, ReplyFindNode, e4acc3dc-edbc-4867-a5e2-0ed724233e7d, 488D91B7237C9FDEC56C70D9374C721A2F230821, 7BB3577E7F5595B494687818149EE168FEBC2C03
2025-07-21 13:46:36.617, Store, 1bbc4ccb-1dc6-4d6f-9e1b-25f695bd4ed4, 488D91B7237C9FDEC56C70D9374C721A2F230821, B0097FF07623ED5B730FF757525C145E31266FE9, D47144E8FED0F435250B2B0DD2E07040A4975D9F
2025-07-21 13:46:36.661, FindNode, bc70be2a-a030-4f3b-9650-bdec63fa789d, 7BB3577E7F5595B494687818149EE168FEBC2C03, B0097FF07623ED5B730FF757525C145E31266FE9
2025-07-21 13:46:36.661, ReplyFindNode, bc70be2a-a030-4f3b-9650-bdec63fa789d, 7BB3577E7F5595B494687818149EE168FEBC2C03, 488D91B7237C9FDEC56C70D9374C721A2F230821
2025-07-21 13:46:36.708, ReplyStore, 1bbc4ccb-1dc6-4d6f-9e1b-25f695bd4ed4, 7BB3577E7F5595B494687818149EE168FEBC2C03
2025-07-21 13:46:37.021, Remove, 1b9cdadf-b1f7-4b2b-87b6-a2ecde19519d, 7BB3577E7F5595B494687818149EE168FEBC2C03, 8A8AC395C43863828DA6A46F963E1F78A030D24F, 08328F590FAD71E9652DCF6D8FA27F5C3179838D
2025-07-21 13:46:37.024, ReplyRemove, 1b9cdadf-b1f7-4b2b-87b6-a2ecde19519d, 488D91B7237C9FDEC56C70D9374C721A2F230821
2025-07-21 13:46:40.924, FindNode, 9f82142f-1f74-475a-aae4-8b4a329ab20c, 7BB3577E7F5595B494687818149EE168FEBC2C03, 7BB3577E7F5595B494687818149EE168FEBC6C03
2025-07-21 13:46:40.925, ReplyFindNode, 9f82142f-1f74-475a-aae4-8b4a329ab20c, 7BB3577E7F5595B494687818149EE168FEBC2C03, 488D91B7237C9FDEC56C70D9374C721A2F230821
2025-07-21 13:46:48.488, FindNode, 25e1d37a-6acd-4cc7-af56-8dac61cda607, 488D91B7237C9FDEC56C70D9374C721A2F230821, 488D91B7237C9FDEE56C70D9374C721A2F230821
2025-07-21 13:46:48.488, ReplyFindNode, 25e1d37a-6acd-4cc7-af56-8dac61cda607, 488D91B7237C9FDEC56C70D9374C721A2F230821, 7BB3577E7F5595B494687818149EE168FEBC2C03
2025-07-21 13:46:51.616, Lookup, e5673a06-8bb9-4269-aeba-92cd58c124c3, 488D91B7237C9FDEC56C70D9374C721A2F230821, C8B8B30DF9CCAF9240BC5E19F2C3A9263EB56B68
2025-07-21 13:46:51.661, FindNode, 19362649-1963-4054-bcab-716930d38e9f, 7BB3577E7F5595B494687818149EE168FEBC2C03, C8B8B30DF9CCAF9240BC5E19F2C3A9263EB56B68
2025-07-21 13:46:51.661, ReplyFindNode, 19362649-1963-4054-bcab-716930d38e9f, 7BB3577E7F5595B494687818149EE168FEBC2C03, 488D91B7237C9FDEC56C70D9374C721A2F230821
2025-07-21 13:46:51.793, ReplyLookup, e5673a06-8bb9-4269-aeba-92cd58c124c3, 7BB3577E7F5595B494687818149EE168FEBC2C03,
2025-07-21 13:46:52.021, Remove, a14989b7-73c9-48fd-91f2-abaefd6afdda, 7BB3577E7F5595B494687818149EE168FEBC2C03, CCB63B7D33DC43CAD86706330FA8F1BAB1A1811A, A0C5282F8FB4D87C370AE63988DB3D27729D7EE0
2025-07-21 13:46:52.024, ReplyRemove, a14989b7-73c9-48fd-91f2-abaefd6afdda, 488D91B7237C9FDEC56C70D9374C721A2F230821
2025-07-21 13:46:52.925, FindNode, 46b2cde3-8967-4ae7-95d5-ad12ff379c90, 7BB3577E7F5595B494687818149EE168FEBC2C03, 7BB3577E7F5595B494687818149EE168FEDC2C03
2025-07-21 13:46:52.925, ReplyFindNode, 46b2cde3-8967-4ae7-95d5-ad12ff379c90, 7BB3577E7F5595B494687818149EE168FEBC2C03, 488D91B7237C9FDEC56C70D9374C721A2F230821
2025-07-21 13:47:00.489, FindNode, 2303c2c3-b988-41c7-b1ff-1a0671f78cfa, 488D91B7237C9FDEC56C70D9374C721A2F230821, 489591B7237C9FDEC56C70D9374C721A2F230821
2025-07-21 13:47:00.489, ReplyFindNode, 2303c2c3-b988-41c7-b1ff-1a0671f78cfa, 488D91B7237C9FDEC56C70D9374C721A2F230821, 7BB3577E7F5595B494687818149EE168FEBC2C03
2025-07-21 13:47:04.926, FindNode, c14b35ff-4bf1-448e-85f1-143a7a69a7c4, 7BB3577E7F5595B494687818149EE168FEBC2C03, 7BB3577E7F5595B494687818149EE168FF3C2C03
2025-07-21 13:47:04.926, ReplyFindNode, c14b35ff-4bf1-448e-85f1-143a7a69a7c4, 7BB3577E7F5595B494687818149EE168FEBC2C03, 488D91B7237C9FDEC56C70D9374C721A2F230821
2025-07-21 13:47:06.617, Remove, bfb4d2f0-41a8-4065-98ab-fe5a2d0f5ce4, 488D91B7237C9FDEC56C70D9374C721A2F230821, B0097FF07623ED5B730FF757525C145E31266FE9, D47144E8FED0F435250B2B0DD2E07040A4975D9F
2025-07-21 13:47:06.661, FindNode, c7712ff5-bbdc-44a3-8c7d-0a3028dfba8a, 7BB3577E7F5595B494687818149EE168FEBC2C03, B0097FF07623ED5B730FF757525C145E31266FE9
2025-07-21 13:47:06.661, ReplyFindNode, c7712ff5-bbdc-44a3-8c7d-0a3028dfba8a, 7BB3577E7F5595B494687818149EE168FEBC2C03, 488D91B7237C9FDEC56C70D9374C721A2F230821
2025-07-21 13:47:06.753, ReplyRemove, bfb4d2f0-41a8-4065-98ab-fe5a2d0f5ce4, 7BB3577E7F5595B494687818149EE168FEBC2C03
2025-07-21 13:47:07.020, Lookup, ead74110-272e-4126-9bea-474bf3896b8d, 7BB3577E7F5595B494687818149EE168FEBC2C03, B0097FF07623ED5B730FF757525C145E31266FE9
2025-07-21 13:47:07.066, ReplyLookup, ead74110-272e-4126-9bea-474bf3896b8d, 488D91B7237C9FDEC56C70D9374C721A2F230821,
2025-07-21 13:47:12.490, FindNode, 6ca5e78a-d462-4080-a807-afc9baa768db, 488D91B7237C9FDEC56C70D9374C721A2F230821, 488D91B7237C9FDEC56C70D9374C721A2F2B0821
2025-07-21 13:47:12.490, ReplyFindNode, 6ca5e78a-d462-4080-a807-afc9baa768db, 488D91B7237C9FDEC56C70D9374C721A2F230821, 7BB3577E7F5595B494687818149EE168FEBC2C03
2025-07-21 13:47:16.927, FindNode, 5cccc74a-ac25-4d8f-a8ab-e295a16bea10, 7BB3577E7F5595B494687818149EE168FEBC2C03, 7BB3577E7F5595B494687818149EE168FEBC2C43
2025-07-21 13:47:16.927, ReplyFindNode, 5cccc74a-ac25-4d8f-a8ab-e295a16bea10, 7BB3577E7F5595B494687818149EE168FEBC2C03, 488D91B7237C9FDEC56C70D9374C721A2F230821
2025-07-21 13:47:21.616, Lookup, f1c6c2ff-a1a9-406f-9470-114cf9510a62, 488D91B7237C9FDEC56C70D9374C721A2F230821, 74C606FD49C2BBA8C6C5AC0164A99DAF9C99FCE7
2025-07-21 13:47:21.662, ReplyLookup, f1c6c2ff-a1a9-406f-9470-114cf9510a62, 7BB3577E7F5595B494687818149EE168FEBC2C03,
2025-07-21 13:47:22.020, Lookup, bc70b0d9-b419-4e5a-bde1-0a4a1efc94c0, 7BB3577E7F5595B494687818149EE168FEBC2C03, 858F097B0451CF1D56F13568E3729ED4387F5743
2025-07-21 13:47:22.066, ReplyLookup, bc70b0d9-b419-4e5a-bde1-0a4a1efc94c0, 488D91B7237C9FDEC56C70D9374C721A2F230821,
2025-07-21 13:47:24.491, FindNode, 74a3abeb-6e1c-4cdd-b153-452adba0b8fc, 488D91B7237C9FDEC56C70D9374C721A2F230821, 488D91B7237C9FDEC56C70D9374C721A2F232821
2025-07-21 13:47:24.491, ReplyFindNode, 74a3abeb-6e1c-4cdd-b153-452adba0b8fc, 488D91B7237C9FDEC56C70D9374C721A2F230821, 7BB3577E7F5595B494687818149EE168FEBC2C03
2025-07-21 13:47:28.928, FindNode, 02ba62a0-d448-42d1-9988-17bd35deec55, 7BB3577E7F5595B494687818149EE168FEBC2C03, 7BB3577E7F5595B494687818149EE268FEBC2C03
2025-07-21 13:47:28.928, ReplyFindNode, 02ba62a0-d448-42d1-9988-17bd35deec55, 7BB3577E7F5595B494687818149EE168FEBC2C03, 488D91B7237C9FDEC56C70D9374C721A2F230821
2025-07-21 13:47:36.491, FindNode, b39d0074-da56-4902-8f1b-8e614c38d22a, 488D91B7237C9FDEC56C70D9374C721A2F230821, 488D91B723FC9FDEC56C70D9374C721A2F230821
2025-07-21 13:47:36.492, ReplyFindNode, b39d0074-da56-4902-8f1b-8e614c38d22a, 488D91B7237C9FDEC56C70D9374C721A2F230821, 7BB3577E7F5595B494687818149EE168FEBC2C03
2025-07-21 13:47:36.617, Lookup, 5f4ca05c-b3d0-429e-a4d5-5dd76eba6ac7, 488D91B7237C9FDEC56C70D9374C721A2F230821, 32D283B3505A0C7F87BED59BB729D2905E3206D7
2025-07-21 13:47:36.661, FindNode, 3c41a174-8995-46ae-95d8-202f9dd825c5, 7BB3577E7F5595B494687818149EE168FEBC2C03, 32D283B3505A0C7F87BED59BB729D2905E3206D7
2025-07-21 13:47:36.661, ReplyFindNode, 3c41a174-8995-46ae-95d8-202f9dd825c5, 7BB3577E7F5595B494687818149EE168FEBC2C03, 488D91B7237C9FDEC56C70D9374C721A2F230821
2025-07-21 13:47:36.793, ReplyLookup, 5f4ca05c-b3d0-429e-a4d5-5dd76eba6ac7, 7BB3577E7F5595B494687818149EE168FEBC2C03,
2025-07-21 13:47:37.021, Lookup, 571f406d-7f46-4aad-a4e5-d11e825c305b, 7BB3577E7F5595B494687818149EE168FEBC2C03, 858F097B0451CF1D56F13568E3729ED4387F5743
2025-07-21 13:47:37.066, ReplyLookup, 571f406d-7f46-4aad-a4e5-d11e825c305b, 488D91B7237C9FDEC56C70D9374C721A2F230821,
2025-07-21 13:47:39.580, EndReadWriteRegimen
2025-07-21 13:47:40.929, FindNode, 00048b54-2149-4ce4-a074-c2264effe062, 7BB3577E7F5595B494687818149EE168FEBC2C03, 7BB3577E7F5595B494687858149EE168FEBC2C03
2025-07-21 13:47:40.929, ReplyFindNode, 00048b54-2149-4ce4-a074-c2264effe062, 7BB3577E7F5595B494687818149EE168FEBC2C03, 488D91B7237C9FDEC56C70D9374C721A2F230821
2025-07-21 13:47:45.021, StartReadOnlyRegimen
2025-07-21 13:47:45.451, Lookup, 7e4b7562-6036-45d5-8782-ba2a6d12b882, 488D91B7237C9FDEC56C70D9374C721A2F230821, 1330DB16179C53B6C04EB201C153E03CCD2D87E7
2025-07-21 13:47:45.497, FindNode, 49939934-355d-46f7-872a-9c291b2d98bd, 7BB3577E7F5595B494687818149EE168FEBC2C03, 1330DB16179C53B6C04EB201C153E03CCD2D87E7
2025-07-21 13:47:45.497, ReplyFindNode, 49939934-355d-46f7-872a-9c291b2d98bd, 7BB3577E7F5595B494687818149EE168FEBC2C03, 488D91B7237C9FDEC56C70D9374C721A2F230821
2025-07-21 13:47:45.629, ReplyLookup, 7e4b7562-6036-45d5-8782-ba2a6d12b882, 7BB3577E7F5595B494687818149EE168FEBC2C03, 7FF3154F7ADFF5153FA18F6EF0D0BF81B58BC327
2025-07-21 13:47:45.853, Lookup, e384ea84-96e7-4c02-8f40-680b59a0978c, 7BB3577E7F5595B494687818149EE168FEBC2C03, C56628FB2747CE2E0CEDE7E6A9774A3AC78AC625
2025-07-21 13:47:45.902, ReplyLookup, e384ea84-96e7-4c02-8f40-680b59a0978c, 488D91B7237C9FDEC56C70D9374C721A2F230821, 67D75E97A566C8C78E83CBF7A38DA0BC7923DD24
2025-07-21 13:47:48.492, FindNode, 62041678-9016-4f8e-bca7-01accb12cd8d, 488D91B7237C9FDEC56C70D9374C721A2F230821, 488D91B7237C9FDEC56C70D93754721A2F230821
2025-07-21 13:47:48.493, ReplyFindNode, 62041678-9016-4f8e-bca7-01accb12cd8d, 488D91B7237C9FDEC56C70D9374C721A2F230821, 7BB3577E7F5595B494687818149EE168FEBC2C03
2025-07-21 13:47:51.617, Lookup, d9e6a846-4562-4443-865e-aa39b86e2fda, 488D91B7237C9FDEC56C70D9374C721A2F230821, CE3F2F497EF5657EDA8D4E9F9D61E7535427D6FF
2025-07-21 13:47:51.661, FindNode, ba40768f-cffd-4395-a2b3-8ec2bd5951c3, 7BB3577E7F5595B494687818149EE168FEBC2C03, CE3F2F497EF5657EDA8D4E9F9D61E7535427D6FF
2025-07-21 13:47:51.661, ReplyFindNode, ba40768f-cffd-4395-a2b3-8ec2bd5951c3, 7BB3577E7F5595B494687818149EE168FEBC2C03, 488D91B7237C9FDEC56C70D9374C721A2F230821
2025-07-21 13:47:51.793, ReplyLookup, d9e6a846-4562-4443-865e-aa39b86e2fda, 7BB3577E7F5595B494687818149EE168FEBC2C03, 2E86017D28D3F7DFD10C323A6293B75E2F1FACCE
2025-07-21 13:47:52.021, Lookup, 74f28a82-03a6-4d08-ba4c-e6d013d9b02d, 7BB3577E7F5595B494687818149EE168FEBC2C03, C56628FB2747CE2E0CEDE7E6A9774A3AC78AC625
2025-07-21 13:47:52.066, ReplyLookup, 74f28a82-03a6-4d08-ba4c-e6d013d9b02d, 488D91B7237C9FDEC56C70D9374C721A2F230821, 67D75E97A566C8C78E83CBF7A38DA0BC7923DD24
2025-07-21 13:47:52.929, FindNode, 72a94890-aa2b-4635-954f-5ae7b8769349, 7BB3577E7F5595B494687818149EE168FEBC2C03, 7BB3577E7F5595B494687858149EE168FEBC2C03
2025-07-21 13:47:52.929, ReplyFindNode, 72a94890-aa2b-4635-954f-5ae7b8769349, 7BB3577E7F5595B494687818149EE168FEBC2C03, 488D91B7237C9FDEC56C70D9374C721A2F230821
2025-07-21 13:48:00.452, Lookup, cac276a4-017f-400c-ba21-0be28134152c, 488D91B7237C9FDEC56C70D9374C721A2F230821, C56628FB2747CE2E0CEDE7E6A9774A3AC78AC625
2025-07-21 13:48:00.493, FindNode, d4623b40-1317-45b5-8057-afa3e3bd04b6, 488D91B7237C9FDEC56C70D9374C721A2F230821, 588D91B7237C9FDEC56C70D9374C721A2F230821
2025-07-21 13:48:00.494, ReplyFindNode, d4623b40-1317-45b5-8057-afa3e3bd04b6, 488D91B7237C9FDEC56C70D9374C721A2F230821, 7BB3577E7F5595B494687818149EE168FEBC2C03
2025-07-21 13:48:00.497, FindNode, b51055db-f0a9-405f-9e21-7d5232fe325d, 7BB3577E7F5595B494687818149EE168FEBC2C03, C56628FB2747CE2E0CEDE7E6A9774A3AC78AC625
2025-07-21 13:48:00.497, ReplyFindNode, b51055db-f0a9-405f-9e21-7d5232fe325d, 7BB3577E7F5595B494687818149EE168FEBC2C03, 488D91B7237C9FDEC56C70D9374C721A2F230821
2025-07-21 13:48:00.629, ReplyLookup, cac276a4-017f-400c-ba21-0be28134152c, 7BB3577E7F5595B494687818149EE168FEBC2C03, 67D75E97A566C8C78E83CBF7A38DA0BC7923DD24
2025-07-21 13:48:00.853, Lookup, 81dd548a-a171-4589-96de-4fb8ac3ee692, 7BB3577E7F5595B494687818149EE168FEBC2C03, 858F097B0451CF1D56F13568E3729ED4387F5743
2025-07-21 13:48:00.898, ReplyLookup, 81dd548a-a171-4589-96de-4fb8ac3ee692, 488D91B7237C9FDEC56C70D9374C721A2F230821,
2025-07-21 13:48:04.930, FindNode, 3b20c51b-30b8-42e7-9dd5-d23582dbafb1, 7BB3577E7F5595B494687818149EE168FEBC2C03, 7BB3577E8F5595B494687818149EE168FEBC2C03
2025-07-21 13:48:04.930, ReplyFindNode, 3b20c51b-30b8-42e7-9dd5-d23582dbafb1, 7BB3577E7F5595B494687818149EE168FEBC2C03, 488D91B7237C9FDEC56C70D9374C721A2F230821
2025-07-21 13:48:06.617, Lookup, 34481450-b87a-4414-a4f2-7c389fb698c5, 488D91B7237C9FDEC56C70D9374C721A2F230821, 327158E2349C0F40CDD9A8BE6D444C350B0B93DC
2025-07-21 13:48:06.661, FindNode, 1b269972-7381-400c-80c7-1966d287ac34, 7BB3577E7F5595B494687818149EE168FEBC2C03, 327158E2349C0F40CDD9A8BE6D444C350B0B93DC
2025-07-21 13:48:06.661, ReplyFindNode, 1b269972-7381-400c-80c7-1966d287ac34, 7BB3577E7F5595B494687818149EE168FEBC2C03, 488D91B7237C9FDEC56C70D9374C721A2F230821
2025-07-21 13:48:06.792, ReplyLookup, 34481450-b87a-4414-a4f2-7c389fb698c5, 7BB3577E7F5595B494687818149EE168FEBC2C03,
2025-07-21 13:48:07.021, Lookup, 9a384469-de0f-4ed8-b383-f2800527d79c, 7BB3577E7F5595B494687818149EE168FEBC2C03, 37D50FCF19804A70BE2116E9CF46685C2802C790
2025-07-21 13:48:07.068, ReplyLookup, 9a384469-de0f-4ed8-b383-f2800527d79c, 488D91B7237C9FDEC56C70D9374C721A2F230821, 343DBC5DE41B09BDE7418DCB07FF74F9BC36FF54
2025-07-21 13:48:12.494, FindNode, 661e8786-0b4f-45a1-b6cd-e7904de5283e, 488D91B7237C9FDEC56C70D9374C721A2F230821, 488D91B7237E9FDEC56C70D9374C721A2F230821
2025-07-21 13:48:12.494, ReplyFindNode, 661e8786-0b4f-45a1-b6cd-e7904de5283e, 488D91B7237C9FDEC56C70D9374C721A2F230821, 7BB3577E7F5595B494687818149EE168FEBC2C03
2025-07-21 13:48:15.451, Lookup, ac39aa07-1b90-4913-933b-bb9602e581e2, 488D91B7237C9FDEC56C70D9374C721A2F230821, C56628FB2747CE2E0CEDE7E6A9774A3AC78AC625
2025-07-21 13:48:15.493, FindNode, 0ef5ca1b-8f36-4cef-981f-6c64041d216d, 7BB3577E7F5595B494687818149EE168FEBC2C03, C56628FB2747CE2E0CEDE7E6A9774A3AC78AC625
2025-07-21 13:48:15.493, ReplyFindNode, 0ef5ca1b-8f36-4cef-981f-6c64041d216d, 7BB3577E7F5595B494687818149EE168FEBC2C03, 488D91B7237C9FDEC56C70D9374C721A2F230821
2025-07-21 13:48:15.625, ReplyLookup, ac39aa07-1b90-4913-933b-bb9602e581e2, 7BB3577E7F5595B494687818149EE168FEBC2C03, 67D75E97A566C8C78E83CBF7A38DA0BC7923DD24
2025-07-21 13:48:15.852, Lookup, d13449ce-725d-43bb-980f-b18246324811, 7BB3577E7F5595B494687818149EE168FEBC2C03, 858F097B0451CF1D56F13568E3729ED4387F5743
2025-07-21 13:48:15.898, ReplyLookup, d13449ce-725d-43bb-980f-b18246324811, 488D91B7237C9FDEC56C70D9374C721A2F230821,
2025-07-21 13:48:16.931, FindNode, 5a1409c5-d3fc-4bae-9cae-868d038b0c4d, 7BB3577E7F5595B494687818149EE168FEBC2C03, 7BB3577E7F55963494687818149EE168FEBC2C03
2025-07-21 13:48:16.931, ReplyFindNode, 5a1409c5-d3fc-4bae-9cae-868d038b0c4d, 7BB3577E7F5595B494687818149EE168FEBC2C03, 488D91B7237C9FDEC56C70D9374C721A2F230821
2025-07-21 13:48:21.616, Lookup, a5b50180-b956-48df-b75b-b0bb9dbe220c, 488D91B7237C9FDEC56C70D9374C721A2F230821, 1D3C9F6AAE06D1A1855FAF03B36F21415901D219
2025-07-21 13:48:21.661, FindNode, d758abe2-5da9-4776-8013-fc596ab94501, 7BB3577E7F5595B494687818149EE168FEBC2C03, 1D3C9F6AAE06D1A1855FAF03B36F21415901D219
2025-07-21 13:48:21.661, ReplyFindNode, d758abe2-5da9-4776-8013-fc596ab94501, 7BB3577E7F5595B494687818149EE168FEBC2C03, 488D91B7237C9FDEC56C70D9374C721A2F230821
2025-07-21 13:48:21.793, ReplyLookup, a5b50180-b956-48df-b75b-b0bb9dbe220c, 7BB3577E7F5595B494687818149EE168FEBC2C03,
2025-07-21 13:48:22.021, Lookup, f06102f9-35a0-4d7c-8c9d-0ba60abefe0d, 7BB3577E7F5595B494687818149EE168FEBC2C03, 327158E2349C0F40CDD9A8BE6D444C350B0B93DC
2025-07-21 13:48:22.066, ReplyLookup, f06102f9-35a0-4d7c-8c9d-0ba60abefe0d, 488D91B7237C9FDEC56C70D9374C721A2F230821,
2025-07-21 13:48:24.495, FindNode, 90dfe894-3c9d-4428-96c9-235a370383a0, 488D91B7237C9FDEC56C70D9374C721A2F230821, 488D91B7237C9FDEC56C70D9374C721A2F230825
2025-07-21 13:48:24.495, ReplyFindNode, 90dfe894-3c9d-4428-96c9-235a370383a0, 488D91B7237C9FDEC56C70D9374C721A2F230821, 7BB3577E7F5595B494687818149EE168FEBC2C03
2025-07-21 13:48:28.932, FindNode, 2752ab2e-ff28-4389-9f97-0d8dc7c5e219, 7BB3577E7F5595B494687818149EE168FEBC2C03, 7BB3577E7F5595B494687818549EE168FEBC2C03
2025-07-21 13:48:28.932, ReplyFindNode, 2752ab2e-ff28-4389-9f97-0d8dc7c5e219, 7BB3577E7F5595B494687818149EE168FEBC2C03, 488D91B7237C9FDEC56C70D9374C721A2F230821
2025-07-21 13:48:30.452, Lookup, c65f32b3-67db-4abc-894d-21dd5db2cccf, 488D91B7237C9FDEC56C70D9374C721A2F230821, C56628FB2747CE2E0CEDE7E6A9774A3AC78AC625
2025-07-21 13:48:30.497, FindNode, 0af3d98e-e65e-4af0-83e0-b069ed426a37, 7BB3577E7F5595B494687818149EE168FEBC2C03, C56628FB2747CE2E0CEDE7E6A9774A3AC78AC625
2025-07-21 13:48:30.497, ReplyFindNode, 0af3d98e-e65e-4af0-83e0-b069ed426a37, 7BB3577E7F5595B494687818149EE168FEBC2C03, 488D91B7237C9FDEC56C70D9374C721A2F230821
2025-07-21 13:48:30.629, ReplyLookup, c65f32b3-67db-4abc-894d-21dd5db2cccf, 7BB3577E7F5595B494687818149EE168FEBC2C03, 67D75E97A566C8C78E83CBF7A38DA0BC7923DD24
2025-07-21 13:48:30.853, Lookup, 19fa3a7b-fd47-4747-b0dd-93594a27e006, 7BB3577E7F5595B494687818149EE168FEBC2C03, C5C27D6764A1B88EE308F9AAC7EF957A0CAA9AC9
2025-07-21 13:48:30.898, ReplyLookup, 19fa3a7b-fd47-4747-b0dd-93594a27e006, 488D91B7237C9FDEC56C70D9374C721A2F230821,
2025-07-21 13:48:36.496, FindNode, 1d36f702-dbb7-4ab6-a75d-e1abe064bd72, 488D91B7237C9FDEC56C70D9374C721A2F230821, 488D91B7237C9FDEC56C70D9374C921A2F230821
2025-07-21 13:48:36.496, ReplyFindNode, 1d36f702-dbb7-4ab6-a75d-e1abe064bd72, 488D91B7237C9FDEC56C70D9374C721A2F230821, 7BB3577E7F5595B494687818149EE168FEBC2C03
2025-07-21 13:48:36.617, Lookup, 1f3040f8-ef2a-4d52-858c-2ce84b8f600b, 488D91B7237C9FDEC56C70D9374C721A2F230821, CE3F2F497EF5657EDA8D4E9F9D61E7535427D6FF
2025-07-21 13:48:36.661, FindNode, 4f327f6e-43e4-47c2-b36e-2c78c82461fe, 7BB3577E7F5595B494687818149EE168FEBC2C03, CE3F2F497EF5657EDA8D4E9F9D61E7535427D6FF
2025-07-21 13:48:36.661, ReplyFindNode, 4f327f6e-43e4-47c2-b36e-2c78c82461fe, 7BB3577E7F5595B494687818149EE168FEBC2C03, 488D91B7237C9FDEC56C70D9374C721A2F230821
2025-07-21 13:48:36.793, ReplyLookup, 1f3040f8-ef2a-4d52-858c-2ce84b8f600b, 7BB3577E7F5595B494687818149EE168FEBC2C03, 2E86017D28D3F7DFD10C323A6293B75E2F1FACCE
2025-07-21 13:48:37.022, Lookup, d657cc13-9076-4d59-9eb8-12544b9a661a, 7BB3577E7F5595B494687818149EE168FEBC2C03, 37D50FCF19804A70BE2116E9CF46685C2802C790
2025-07-21 13:48:37.067, ReplyLookup, d657cc13-9076-4d59-9eb8-12544b9a661a, 488D91B7237C9FDEC56C70D9374C721A2F230821, 343DBC5DE41B09BDE7418DCB07FF74F9BC36FF54
2025-07-21 13:48:40.933, FindNode, c0eefbd3-f456-441b-b709-06048cee1270, 7BB3577E7F5595B494687818149EE168FEBC2C03, 7BB3577E835595B494687818149EE168FEBC2C03
2025-07-21 13:48:40.933, ReplyFindNode, c0eefbd3-f456-441b-b709-06048cee1270, 7BB3577E7F5595B494687818149EE168FEBC2C03, 488D91B7237C9FDEC56C70D9374C721A2F230821
2025-07-21 13:48:45.453, Lookup, 25a362ca-59a2-4fb4-89de-5bc2189b9f5a, 488D91B7237C9FDEC56C70D9374C721A2F230821, DE5B282323123CA302D56568530C363B70ACCB69
2025-07-21 13:48:45.497, FindNode, c240408d-3102-4112-9139-3981adc7d91c, 7BB3577E7F5595B494687818149EE168FEBC2C03, DE5B282323123CA302D56568530C363B70ACCB69
2025-07-21 13:48:45.497, ReplyFindNode, c240408d-3102-4112-9139-3981adc7d91c, 7BB3577E7F5595B494687818149EE168FEBC2C03, 488D91B7237C9FDEC56C70D9374C721A2F230821
2025-07-21 13:48:45.629, ReplyLookup, 25a362ca-59a2-4fb4-89de-5bc2189b9f5a, 7BB3577E7F5595B494687818149EE168FEBC2C03,
2025-07-21 13:48:45.854, Lookup, d03a0a31-ab8b-4a40-a832-b90b956b210f, 7BB3577E7F5595B494687818149EE168FEBC2C03, B0097FF07623ED5B730FF757525C145E31266FE9
2025-07-21 13:48:45.898, ReplyLookup, d03a0a31-ab8b-4a40-a832-b90b956b210f, 488D91B7237C9FDEC56C70D9374C721A2F230821,
2025-07-21 13:48:48.497, FindNode, 2dc97b7d-395a-47ba-b3da-84f00b3df03f, 488D91B7237C9FDEC56C70D9374C721A2F230821, 489D91B7237C9FDEC56C70D9374C721A2F230821
2025-07-21 13:48:48.497, ReplyFindNode, 2dc97b7d-395a-47ba-b3da-84f00b3df03f, 488D91B7237C9FDEC56C70D9374C721A2F230821, 7BB3577E7F5595B494687818149EE168FEBC2C03
2025-07-21 13:48:51.617, Lookup, b07e1381-96c5-47a3-9560-8d687e032857, 488D91B7237C9FDEC56C70D9374C721A2F230821, C56628FB2747CE2E0CEDE7E6A9774A3AC78AC625
2025-07-21 13:48:51.661, FindNode, a2333a5c-445e-4cf3-9297-57f019fc819f, 7BB3577E7F5595B494687818149EE168FEBC2C03, C56628FB2747CE2E0CEDE7E6A9774A3AC78AC625
2025-07-21 13:48:51.661, ReplyFindNode, a2333a5c-445e-4cf3-9297-57f019fc819f, 7BB3577E7F5595B494687818149EE168FEBC2C03, 488D91B7237C9FDEC56C70D9374C721A2F230821
2025-07-21 13:48:51.793, ReplyLookup, b07e1381-96c5-47a3-9560-8d687e032857, 7BB3577E7F5595B494687818149EE168FEBC2C03, 67D75E97A566C8C78E83CBF7A38DA0BC7923DD24
2025-07-21 13:48:52.022, Lookup, 2874c671-ab2f-45e5-9716-87219f4e56fa, 7BB3577E7F5595B494687818149EE168FEBC2C03, C56628FB2747CE2E0CEDE7E6A9774A3AC78AC625
2025-07-21 13:48:52.067, ReplyLookup, 2874c671-ab2f-45e5-9716-87219f4e56fa, 488D91B7237C9FDEC56C70D9374C721A2F230821, 67D75E97A566C8C78E83CBF7A38DA0BC7923DD24
2025-07-21 13:48:52.934, FindNode, 8b2efd63-edb7-48f3-885e-ba740dec7296, 7BB3577E7F5595B494687818149EE168FEBC2C03, 7BB3577E7F55B5B494687818149EE168FEBC2C03
2025-07-21 13:48:52.934, ReplyFindNode, 8b2efd63-edb7-48f3-885e-ba740dec7296, 7BB3577E7F5595B494687818149EE168FEBC2C03, 488D91B7237C9FDEC56C70D9374C721A2F230821
2025-07-21 13:49:00.453, Lookup, 45dad1cb-d6e4-4063-9a14-414f41f8ee67, 488D91B7237C9FDEC56C70D9374C721A2F230821, 1330DB16179C53B6C04EB201C153E03CCD2D87E7
2025-07-21 13:49:00.497, FindNode, 69c8af21-09ba-4f2a-96d0-ac09fd78e1c0, 7BB3577E7F5595B494687818149EE168FEBC2C03, 1330DB16179C53B6C04EB201C153E03CCD2D87E7
2025-07-21 13:49:00.497, FindNode, 9484fba2-7d66-4842-b5ad-3364e86d8eb2, 488D91B7237C9FDEC56C70D9374C721A2F230821, 488D91B7237C9FDEC56C70D9394C721A2F230821
2025-07-21 13:49:00.497, ReplyFindNode, 69c8af21-09ba-4f2a-96d0-ac09fd78e1c0, 7BB3577E7F5595B494687818149EE168FEBC2C03, 488D91B7237C9FDEC56C70D9374C721A2F230821
2025-07-21 13:49:00.498, ReplyFindNode, 9484fba2-7d66-4842-b5ad-3364e86d8eb2, 488D91B7237C9FDEC56C70D9374C721A2F230821, 7BB3577E7F5595B494687818149EE168FEBC2C03
2025-07-21 13:49:00.629, ReplyLookup, 45dad1cb-d6e4-4063-9a14-414f41f8ee67, 7BB3577E7F5595B494687818149EE168FEBC2C03, 7FF3154F7ADFF5153FA18F6EF0D0BF81B58BC327
2025-07-21 13:49:00.854, Lookup, fd0f1e52-532a-43f4-bb33-4b4f9d11977a, 7BB3577E7F5595B494687818149EE168FEBC2C03, 858F097B0451CF1D56F13568E3729ED4387F5743
2025-07-21 13:49:00.898, ReplyLookup, fd0f1e52-532a-43f4-bb33-4b4f9d11977a, 488D91B7237C9FDEC56C70D9374C721A2F230821,
2025-07-21 13:49:04.934, FindNode, 2b3a434f-f6fb-442d-8672-5ef4e52c2418, 7BB3577E7F5595B494687818149EE168FEBC2C03, 7BB3577E7F5595B494687818159EE168FEBC2C03
2025-07-21 13:49:04.935, ReplyFindNode, 2b3a434f-f6fb-442d-8672-5ef4e52c2418, 7BB3577E7F5595B494687818149EE168FEBC2C03, 488D91B7237C9FDEC56C70D9374C721A2F230821
2025-07-21 13:49:06.617, Lookup, a0a28a1a-91f2-4c0f-9eec-1d32c1feff40, 488D91B7237C9FDEC56C70D9374C721A2F230821, C8B8B30DF9CCAF9240BC5E19F2C3A9263EB56B68
2025-07-21 13:49:06.661, FindNode, 18fcbac2-512f-40dc-b66a-4111aa3d68ce, 7BB3577E7F5595B494687818149EE168FEBC2C03, C8B8B30DF9CCAF9240BC5E19F2C3A9263EB56B68
2025-07-21 13:49:06.661, ReplyFindNode, 18fcbac2-512f-40dc-b66a-4111aa3d68ce, 7BB3577E7F5595B494687818149EE168FEBC2C03, 488D91B7237C9FDEC56C70D9374C721A2F230821
2025-07-21 13:49:06.797, ReplyLookup, a0a28a1a-91f2-4c0f-9eec-1d32c1feff40, 7BB3577E7F5595B494687818149EE168FEBC2C03,
2025-07-21 13:49:07.022, Lookup, 6298f13f-5d68-4c16-9d44-6882eddc9cb2, 7BB3577E7F5595B494687818149EE168FEBC2C03, 858F097B0451CF1D56F13568E3729ED4387F5743
2025-07-21 13:49:07.066, ReplyLookup, 6298f13f-5d68-4c16-9d44-6882eddc9cb2, 488D91B7237C9FDEC56C70D9374C721A2F230821,
2025-07-21 13:49:12.498, FindNode, 1387c219-7232-49b2-a3e9-6c3731d7942d, 488D91B7237C9FDEC56C70D9374C721A2F230821, 488D91B7237C9FDEC56C70E1374C721A2F230821
2025-07-21 13:49:12.499, ReplyFindNode, 1387c219-7232-49b2-a3e9-6c3731d7942d, 488D91B7237C9FDEC56C70D9374C721A2F230821, 7BB3577E7F5595B494687818149EE168FEBC2C03
2025-07-21 13:49:15.453, Lookup, b5ffcfe4-aa56-4c94-a6cd-13c4a104c2bc, 488D91B7237C9FDEC56C70D9374C721A2F230821, DE5B282323123CA302D56568530C363B70ACCB69
2025-07-21 13:49:15.497, FindNode, 14a0fb16-9675-4b39-b8ff-42c708ebc3a0, 7BB3577E7F5595B494687818149EE168FEBC2C03, DE5B282323123CA302D56568530C363B70ACCB69
2025-07-21 13:49:15.497, ReplyFindNode, 14a0fb16-9675-4b39-b8ff-42c708ebc3a0, 7BB3577E7F5595B494687818149EE168FEBC2C03, 488D91B7237C9FDEC56C70D9374C721A2F230821
2025-07-21 13:49:15.629, ReplyLookup, b5ffcfe4-aa56-4c94-a6cd-13c4a104c2bc, 7BB3577E7F5595B494687818149EE168FEBC2C03,
2025-07-21 13:49:15.854, Lookup, 6c4af7e7-0c84-4192-95d1-9e1ab28d3d3a, 7BB3577E7F5595B494687818149EE168FEBC2C03, C5C27D6764A1B88EE308F9AAC7EF957A0CAA9AC9
2025-07-21 13:49:15.898, ReplyLookup, 6c4af7e7-0c84-4192-95d1-9e1ab28d3d3a, 488D91B7237C9FDEC56C70D9374C721A2F230821,
2025-07-21 13:49:16.935, FindNode, 1468e5b9-679a-49af-871f-00b67fc03b4f, 7BB3577E7F5595B494687818149EE168FEBC2C03, 7BB3577E7F55A5B494687818149EE168FEBC2C03
2025-07-21 13:49:16.935, ReplyFindNode, 1468e5b9-679a-49af-871f-00b67fc03b4f, 7BB3577E7F5595B494687818149EE168FEBC2C03, 488D91B7237C9FDEC56C70D9374C721A2F230821
2025-07-21 13:49:21.617, Lookup, 826ab208-6cb7-4b0f-ab59-a1283546523a, 488D91B7237C9FDEC56C70D9374C721A2F230821, CE3F2F497EF5657EDA8D4E9F9D61E7535427D6FF
2025-07-21 13:49:21.661, FindNode, 8e4f2c51-e734-44df-9c06-0f08449775de, 7BB3577E7F5595B494687818149EE168FEBC2C03, CE3F2F497EF5657EDA8D4E9F9D61E7535427D6FF
2025-07-21 13:49:21.661, ReplyFindNode, 8e4f2c51-e734-44df-9c06-0f08449775de, 7BB3577E7F5595B494687818149EE168FEBC2C03, 488D91B7237C9FDEC56C70D9374C721A2F230821
2025-07-21 13:49:21.751, ReplyLookup, 826ab208-6cb7-4b0f-ab59-a1283546523a, 7BB3577E7F5595B494687818149EE168FEBC2C03, 2E86017D28D3F7DFD10C323A6293B75E2F1FACCE
2025-07-21 13:49:22.022, Lookup, f8b0a5b0-33a8-4be9-b043-d07ba7449a6d, 7BB3577E7F5595B494687818149EE168FEBC2C03, 37D50FCF19804A70BE2116E9CF46685C2802C790
2025-07-21 13:49:22.066, ReplyLookup, f8b0a5b0-33a8-4be9-b043-d07ba7449a6d, 488D91B7237C9FDEC56C70D9374C721A2F230821, 343DBC5DE41B09BDE7418DCB07FF74F9BC36FF54
2025-07-21 13:49:24.499, FindNode, 474e8ac1-4794-4925-9e5f-123b68fcb227, 488D91B7237C9FDEC56C70D9374C721A2F230821, 488D91B7237C9FDEC56C71D9374C721A2F230821
2025-07-21 13:49:24.499, ReplyFindNode, 474e8ac1-4794-4925-9e5f-123b68fcb227, 488D91B7237C9FDEC56C70D9374C721A2F230821, 7BB3577E7F5595B494687818149EE168FEBC2C03
2025-07-21 13:49:28.936, FindNode, 1ed59769-5b7f-4fc9-9b35-d7dc8485c32f, 7BB3577E7F5595B494687818149EE168FEBC2C03, 7BB3577E7F5595B594687818149EE168FEBC2C03
2025-07-21 13:49:28.936, ReplyFindNode, 1ed59769-5b7f-4fc9-9b35-d7dc8485c32f, 7BB3577E7F5595B494687818149EE168FEBC2C03, 488D91B7237C9FDEC56C70D9374C721A2F230821
2025-07-21 13:49:30.453, Lookup, ddfecde9-d155-4de4-9644-ecbe6925e3cc, 488D91B7237C9FDEC56C70D9374C721A2F230821, CE3F2F497EF5657EDA8D4E9F9D61E7535427D6FF
2025-07-21 13:49:30.497, FindNode, 41139995-0493-45f2-9e49-ccf9a0161364, 7BB3577E7F5595B494687818149EE168FEBC2C03, CE3F2F497EF5657EDA8D4E9F9D61E7535427D6FF
2025-07-21 13:49:30.497, ReplyFindNode, 41139995-0493-45f2-9e49-ccf9a0161364, 7BB3577E7F5595B494687818149EE168FEBC2C03, 488D91B7237C9FDEC56C70D9374C721A2F230821
2025-07-21 13:49:30.587, ReplyLookup, ddfecde9-d155-4de4-9644-ecbe6925e3cc, 7BB3577E7F5595B494687818149EE168FEBC2C03, 2E86017D28D3F7DFD10C323A6293B75E2F1FACCE
2025-07-21 13:49:30.854, Lookup, b2629c44-7e1c-4305-bc51-fbd7eaef44bb, 7BB3577E7F5595B494687818149EE168FEBC2C03, CE3F2F497EF5657EDA8D4E9F9D61E7535427D6FF
2025-07-21 13:49:30.898, ReplyLookup, b2629c44-7e1c-4305-bc51-fbd7eaef44bb, 488D91B7237C9FDEC56C70D9374C721A2F230821, 2E86017D28D3F7DFD10C323A6293B75E2F1FACCE
2025-07-21 13:49:36.500, FindNode, fd6ec5b5-bb35-4c4f-af15-11a8d4c60dd7, 488D91B7237C9FDEC56C70D9374C721A2F230821, 488D91B7237C9FDEC56E70D9374C721A2F230821
2025-07-21 13:49:36.500, ReplyFindNode, fd6ec5b5-bb35-4c4f-af15-11a8d4c60dd7, 488D91B7237C9FDEC56C70D9374C721A2F230821, 7BB3577E7F5595B494687818149EE168FEBC2C03
2025-07-21 13:49:36.618, Lookup, 77b60f4f-935f-4270-ab02-99e8f0112886, 488D91B7237C9FDEC56C70D9374C721A2F230821, CE3F2F497EF5657EDA8D4E9F9D61E7535427D6FF
2025-07-21 13:49:36.661, FindNode, 7551d0df-8473-45a0-9a1b-784d9823bba4, 7BB3577E7F5595B494687818149EE168FEBC2C03, CE3F2F497EF5657EDA8D4E9F9D61E7535427D6FF
2025-07-21 13:49:36.661, ReplyFindNode, 7551d0df-8473-45a0-9a1b-784d9823bba4, 7BB3577E7F5595B494687818149EE168FEBC2C03, 488D91B7237C9FDEC56C70D9374C721A2F230821
2025-07-21 13:49:36.751, ReplyLookup, 77b60f4f-935f-4270-ab02-99e8f0112886, 7BB3577E7F5595B494687818149EE168FEBC2C03, 2E86017D28D3F7DFD10C323A6293B75E2F1FACCE
2025-07-21 13:49:37.023, Lookup, f773ebdb-1c65-4ab2-83a9-2df45ad58619, 7BB3577E7F5595B494687818149EE168FEBC2C03, 858F097B0451CF1D56F13568E3729ED4387F5743
2025-07-21 13:49:37.066, ReplyLookup, f773ebdb-1c65-4ab2-83a9-2df45ad58619, 488D91B7237C9FDEC56C70D9374C721A2F230821,
2025-07-21 13:49:40.937, FindNode, 95d3c620-5482-4240-a2b8-2f69584d7f96, 7BB3577E7F5595B494687818149EE168FEBC2C03, 7BB3677E7F5595B494687818149EE168FEBC2C03
2025-07-21 13:49:40.937, ReplyFindNode, 95d3c620-5482-4240-a2b8-2f69584d7f96, 7BB3577E7F5595B494687818149EE168FEBC2C03, 488D91B7237C9FDEC56C70D9374C721A2F230821
2025-07-21 13:49:45.453, Lookup, 7e5d0b69-1c03-4097-a4c5-0fc11dbd52fe, 488D91B7237C9FDEC56C70D9374C721A2F230821, CE3F2F497EF5657EDA8D4E9F9D61E7535427D6FF
2025-07-21 13:49:45.497, FindNode, 307b5d2b-2805-41a9-9c4d-85e3aa37be36, 7BB3577E7F5595B494687818149EE168FEBC2C03, CE3F2F497EF5657EDA8D4E9F9D61E7535427D6FF
2025-07-21 13:49:45.497, ReplyFindNode, 307b5d2b-2805-41a9-9c4d-85e3aa37be36, 7BB3577E7F5595B494687818149EE168FEBC2C03, 488D91B7237C9FDEC56C70D9374C721A2F230821
2025-07-21 13:49:45.588, ReplyLookup, 7e5d0b69-1c03-4097-a4c5-0fc11dbd52fe, 7BB3577E7F5595B494687818149EE168FEBC2C03, 2E86017D28D3F7DFD10C323A6293B75E2F1FACCE
2025-07-21 13:49:45.854, Lookup, a319ca55-ddf3-41e5-844b-142b72a22186, 7BB3577E7F5595B494687818149EE168FEBC2C03, 858F097B0451CF1D56F13568E3729ED4387F5743
2025-07-21 13:49:45.898, ReplyLookup, a319ca55-ddf3-41e5-844b-142b72a22186, 488D91B7237C9FDEC56C70D9374C721A2F230821,
2025-07-21 13:49:47.140, EndReadOnlyRegimen
2025-07-21 13:49:48.501, FindNode, cbfd620f-789b-4c11-a33d-20ba48a99081, 488D91B7237C9FDEC56C70D9374C721A2F230821, 488D91B7237C9FDEC56C70D9374C722A2F230821
2025-07-21 13:49:48.501, ReplyFindNode, cbfd620f-789b-4c11-a33d-20ba48a99081, 488D91B7237C9FDEC56C70D9374C721A2F230821, 7BB3577E7F5595B494687818149EE168FEBC2C03
2025-07-21 13:49:52.937, FindNode, 3ed685e6-4b59-4ada-aa9a-b3a0bb2ed100, 7BB3577E7F5595B494687818149EE168FEBC2C03, 7BB3577E7F5595B494687818149EE1E8FEBC2C03
2025-07-21 13:49:52.937, ReplyFindNode, 3ed685e6-4b59-4ada-aa9a-b3a0bb2ed100, 7BB3577E7F5595B494687818149EE168FEBC2C03, 488D91B7237C9FDEC56C70D9374C721A2F230821
2025-07-21 13:50:00.502, FindNode, 5de8059f-2042-48b5-bdd3-1363f702d842, 488D91B7237C9FDEC56C70D9374C721A2F230821, 488D91B7237C9FDEC56C70DA374C721A2F230821
2025-07-21 13:50:00.502, ReplyFindNode, 5de8059f-2042-48b5-bdd3-1363f702d842, 488D91B7237C9FDEC56C70D9374C721A2F230821, 7BB3577E7F5595B494687818149EE168FEBC2C03
2025-07-21 13:50:04.938, FindNode, 7c912a07-0295-4dec-aad9-8bcb5a0ad88a, 7BB3577E7F5595B494687818149EE168FEBC2C03, 8BB3577E7F5595B494687818149EE168FEBC2C03
2025-07-21 13:50:04.938, ReplyFindNode, 7c912a07-0295-4dec-aad9-8bcb5a0ad88a, 7BB3577E7F5595B494687818149EE168FEBC2C03, 488D91B7237C9FDEC56C70D9374C721A2F230821
2025-07-21 13:50:12.503, FindNode, 6bfe61de-c1d0-45cd-a5cf-a5dde9613626, 488D91B7237C9FDEC56C70D9374C721A2F230821, 488D91B7237C9FDEC96C70D9374C721A2F230821
2025-07-21 13:50:12.503, ReplyFindNode, 6bfe61de-c1d0-45cd-a5cf-a5dde9613626, 488D91B7237C9FDEC56C70D9374C721A2F230821, 7BB3577E7F5595B494687818149EE168FEBC2C03
2025-07-21 13:50:16.939, FindNode, 106a588f-67bf-4211-83df-07794fffd177, 7BB3577E7F5595B494687818149EE168FEBC2C03, 7BB3577E7F5595B494687818149EE168FFBC2C03
2025-07-21 13:50:16.939, ReplyFindNode, 106a588f-67bf-4211-83df-07794fffd177, 7BB3577E7F5595B494687818149EE168FEBC2C03, 488D91B7237C9FDEC56C70D9374C721A2F230821
2025-07-21 13:50:24.503, FindNode, ffff7d0f-0c86-490c-94d4-2d4b5aeb7a0b, 488D91B7237C9FDEC56C70D9374C721A2F230821, 488D91B7237C9FDEC56C70D9374C721A31230821
2025-07-21 13:50:24.504, ReplyFindNode, ffff7d0f-0c86-490c-94d4-2d4b5aeb7a0b, 488D91B7237C9FDEC56C70D9374C721A2F230821, 7BB3577E7F5595B494687818149EE168FEBC2C03
2025-07-21 13:50:28.939, FindNode, 82171369-37d7-4732-a2b9-30b067ef112b, 7BB3577E7F5595B494687818149EE168FEBC2C03, 7BB3577E7F5595B494687818151EE168FEBC2C03
2025-07-21 13:50:28.940, ReplyFindNode, 82171369-37d7-4732-a2b9-30b067ef112b, 7BB3577E7F5595B494687818149EE168FEBC2C03, 488D91B7237C9FDEC56C70D9374C721A2F230821
2025-07-21 13:50:36.504, FindNode, d3f098e8-4d1f-4b48-b2ba-a312649dd664, 488D91B7237C9FDEC56C70D9374C721A2F230821, 488D91B7237CA05EC56C70D9374C721A2F230821
2025-07-21 13:50:36.505, ReplyFindNode, d3f098e8-4d1f-4b48-b2ba-a312649dd664, 488D91B7237C9FDEC56C70D9374C721A2F230821, 7BB3577E7F5595B494687818149EE168FEBC2C03
2025-07-21 13:50:40.940, FindNode, 2581ea03-7e15-4a6d-80b7-5d11a53e3891, 7BB3577E7F5595B494687818149EE168FEBC2C03, 7BBB577E7F5595B494687818149EE168FEBC2C03
2025-07-21 13:50:40.940, ReplyFindNode, 2581ea03-7e15-4a6d-80b7-5d11a53e3891, 7BB3577E7F5595B494687818149EE168FEBC2C03, 488D91B7237C9FDEC56C70D9374C721A2F230821
2025-07-21 13:50:47.675, EndStableRegimen
2025-07-21 13:50:48.037, Leave, 2a94add0-e2fd-49d2-9573-d8c7ee4e2ff5, 488D91B7237C9FDEC56C70D9374C721A2F230821
2025-07-21 13:50:48.083, ReplyLeave, 2a94add0-e2fd-49d2-9573-d8c7ee4e2ff5
2025-07-21 13:50:48.084, EndMember, 488D91B7237C9FDEC56C70D9374C721A2F230821
2025-07-21 13:50:52.941, FindNode, 934297ba-255a-43e6-8823-50da5da756d5, 7BB3577E7F5595B494687818149EE168FEBC2C03, 7BB3577E7F5595B494687818149EE1691EBC2C03
2025-07-21 13:50:52.941, ReplyFindNode, 934297ba-255a-43e6-8823-50da5da756d5, 7BB3577E7F5595B494687818149EE168FEBC2C03, 7BB3577E7F5595B494687818149EE168FEBC2C03
2025-07-21 13:51:04.942, FindNode, e8e5a4b0-e2b8-4ecf-b87e-7cc8e50143e7, 7BB3577E7F5595B494687818149EE168FEBC2C03, 7BB3577E7F5595B4B4687818149EE168FEBC2C03
2025-07-21 13:51:04.942, ReplyFindNode, e8e5a4b0-e2b8-4ecf-b87e-7cc8e50143e7, 7BB3577E7F5595B494687818149EE168FEBC2C03, 7BB3577E7F5595B494687818149EE168FEBC2C03
2025-07-21 13:51:16.943, FindNode, 18a96f44-ae11-4b8f-80c6-ef11c6b45288, 7BB3577E7F5595B494687818149EE168FEBC2C03, 7BB5577E7F5595B494687818149EE168FEBC2C03
2025-07-21 13:51:16.943, ReplyFindNode, 18a96f44-ae11-4b8f-80c6-ef11c6b45288, 7BB3577E7F5595B494687818149EE168FEBC2C03, 7BB3577E7F5595B494687818149EE168FEBC2C03
2025-07-21 13:51:18.514, EndMember, 7BB3577E7F5595B494687818149EE168FEBC2C03
2025-07-21 13:51:18.514, Leave, a8321c7d-4d21-40c5-8672-09ad93e5afd6, 7BB3577E7F5595B494687818149EE168FEBC2C03
2025-07-21 13:51:18.514, ReplyLeave, a8321c7d-4d21-40c5-8672-09ad93e5afd6
