2025-07-23 22:57:44.540, New Successor, 488D91B7237C9FDEC56C70D9374C721A2F230821, 7BB3577E7F5595B494687818149EE168FEBC2C03
2025-07-23 22:57:44.639, New Successor, 488D91B7237C9FDEC56C70D9374C721A2F230821, 7BB3577E7F5595B494687818149EE168FEBC2C03
2025-07-23 22:57:44.866, New Successor, 7BB3577E7F5595B494687818149EE168FEBC2C03, 488D91B7237C9FDEC56C70D9374C721A2F230821
2025-07-23 22:57:44.962, New Successor, 488D91B7237C9FDEC56C70D9374C721A2F230821, 7BB3577E7F5595B494687818149EE168FEBC2C03
2025-07-23 22:57:49.403, New Successor, 488D91B7237C9FDEC56C70D9374C721A2F230821, 7BB3577E7F5595B494687818149EE168FEBC2C03
2025-07-23 22:57:57.013, New Successor, 7BB3577E7F5595B494687818149EE168FEBC2C03, 488D91B7237C9FDEC56C70D9374C721A2F230821
2025-07-23 22:58:01.451, New Successor, 488D91B7237C9FDEC56C70D9374C721A2F230821, 7BB3577E7F5595B494687818149EE168FEBC2C03
2025-07-23 22:58:09.063, New Successor, 7BB3577E7F5595B494687818149EE168FEBC2C03, 488D91B7237C9FDEC56C70D9374C721A2F230821
2025-07-23 22:58:13.499, New Successor, 488D91B7237C9FDEC56C70D9374C721A2F230821, 7BB3577E7F5595B494687818149EE168FEBC2C03
2025-07-23 22:58:15.279, New Successor, ADC0E723DF6E376068DC6BEFDD59C00882974E21, 7BB3577E7F5595B494687818149EE168FEBC2C03
2025-07-23 22:58:15.371, New Successor, ADC0E723DF6E376068DC6BEFDD59C00882974E21, 7BB3577E7F5595B494687818149EE168FEBC2C03
2025-07-23 22:58:15.593, New Successor, 7BB3577E7F5595B494687818149EE168FEBC2C03, ADC0E723DF6E376068DC6BEFDD59C00882974E21
2025-07-23 22:58:15.821, New Successor, ADC0E723DF6E376068DC6BEFDD59C00882974E21, 488D91B7237C9FDEC56C70D9374C721A2F230821
2025-07-23 22:58:46.200, New Successor, 1310CA676570E3E69902AE9E8F0A939C39E6159B, 7BB3577E7F5595B494687818149EE168FEBC2C03
2025-07-23 22:58:46.344, New Successor, 1310CA676570E3E69902AE9E8F0A939C39E6159B, 7BB3577E7F5595B494687818149EE168FEBC2C03
2025-07-23 22:58:46.797, New Successor, 1310CA676570E3E69902AE9E8F0A939C39E6159B, 488D91B7237C9FDEC56C70D9374C721A2F230821
2025-07-23 22:58:52.591, New Successor, ADC0E723DF6E376068DC6BEFDD59C00882974E21, 1310CA676570E3E69902AE9E8F0A939C39E6159B
2025-07-23 22:59:17.088, New Successor, C6EEA59CE4CF611D37FA2777D94B23FB46252E13, 7BB3577E7F5595B494687818149EE168FEBC2C03
2025-07-23 22:59:17.232, New Successor, C6EEA59CE4CF611D37FA2777D94B23FB46252E13, 7BB3577E7F5595B494687818149EE168FEBC2C03
2025-07-23 22:59:17.685, New Successor, C6EEA59CE4CF611D37FA2777D94B23FB46252E13, 488D91B7237C9FDEC56C70D9374C721A2F230821
2025-07-23 22:59:17.958, New Successor, C6EEA59CE4CF611D37FA2777D94B23FB46252E13, 1310CA676570E3E69902AE9E8F0A939C39E6159B
2025-07-23 22:59:29.050, New Successor, ADC0E723DF6E376068DC6BEFDD59C00882974E21, C6EEA59CE4CF611D37FA2777D94B23FB46252E13
2025-07-23 23:08:31.989, New Successor, 1310CA676570E3E69902AE9E8F0A939C39E6159B, C6EEA59CE4CF611D37FA2777D94B23FB46252E13
2025-07-23 23:08:36.858, New Successor, C6EEA59CE4CF611D37FA2777D94B23FB46252E13, 1310CA676570E3E69902AE9E8F0A939C39E6159B
2025-07-23 23:08:36.863, New Successor, 1310CA676570E3E69902AE9E8F0A939C39E6159B, 488D91B7237C9FDEC56C70D9374C721A2F230821
