2025-07-15 18:26:16.489, New Successor, 488D91B7237C9FDEC56C70D9374C721A2F230821, 7BB3577E7F5595B494687818149EE168FEBC2C03
2025-07-15 18:26:16.589, New Successor, 488D91B7237C9FDEC56C70D9374C721A2F230821, 7BB3577E7F5595B494687818149EE168FEBC2C03
2025-07-15 18:26:16.831, New Successor, 7BB3577E7F5595B494687818149EE168FEBC2C03, 488D91B7237C9FDEC56C70D9374C721A2F230821
2025-07-15 18:26:16.929, New Successor, 488D91B7237C9FDEC56C70D9374C721A2F230821, 7BB3577E7F5595B494687818149EE168FEBC2C03
2025-07-15 18:26:20.904, New Successor, 488D91B7237C9FDEC56C70D9374C721A2F230821, 7BB3577E7F5595B494687818149EE168FEBC2C03
2025-07-15 18:26:28.980, New Successor, 7BB3577E7F5595B494687818149EE168FEBC2C03, 488D91B7237C9FDEC56C70D9374C721A2F230821
2025-07-15 18:26:32.956, New Successor, 488D91B7237C9FDEC56C70D9374C721A2F230821, 7BB3577E7F5595B494687818149EE168FEBC2C03
2025-07-15 18:26:41.032, New Successor, 7BB3577E7F5595B494687818149EE168FEBC2C03, 488D91B7237C9FDEC56C70D9374C721A2F230821
2025-07-15 18:26:45.007, New Successor, 488D91B7237C9FDEC56C70D9374C721A2F230821, 7BB3577E7F5595B494687818149EE168FEBC2C03
2025-07-15 18:26:47.741, New Successor, ADC0E723DF6E376068DC6BEFDD59C00882974E21, 7BB3577E7F5595B494687818149EE168FEBC2C03
2025-07-15 18:26:47.838, New Successor, ADC0E723DF6E376068DC6BEFDD59C00882974E21, 7BB3577E7F5595B494687818149EE168FEBC2C03
2025-07-15 18:26:48.068, New Successor, 7BB3577E7F5595B494687818149EE168FEBC2C03, ADC0E723DF6E376068DC6BEFDD59C00882974E21
2025-07-15 18:26:48.300, New Successor, ADC0E723DF6E376068DC6BEFDD59C00882974E21, 488D91B7237C9FDEC56C70D9374C721A2F230821
2025-07-15 18:27:19.033, New Successor, 1310CA676570E3E69902AE9E8F0A939C39E6159B, 7BB3577E7F5595B494687818149EE168FEBC2C03
2025-07-15 18:27:19.178, New Successor, 1310CA676570E3E69902AE9E8F0A939C39E6159B, 7BB3577E7F5595B494687818149EE168FEBC2C03
2025-07-15 18:27:19.640, New Successor, 1310CA676570E3E69902AE9E8F0A939C39E6159B, 488D91B7237C9FDEC56C70D9374C721A2F230821
2025-07-15 18:27:25.035, New Successor, ADC0E723DF6E376068DC6BEFDD59C00882974E21, 1310CA676570E3E69902AE9E8F0A939C39E6159B
2025-07-15 18:27:50.426, New Successor, C6EEA59CE4CF611D37FA2777D94B23FB46252E13, 7BB3577E7F5595B494687818149EE168FEBC2C03
2025-07-15 18:27:50.571, New Successor, C6EEA59CE4CF611D37FA2777D94B23FB46252E13, 7BB3577E7F5595B494687818149EE168FEBC2C03
2025-07-15 18:27:51.036, New Successor, C6EEA59CE4CF611D37FA2777D94B23FB46252E13, 488D91B7237C9FDEC56C70D9374C721A2F230821
2025-07-15 18:27:51.312, New Successor, C6EEA59CE4CF611D37FA2777D94B23FB46252E13, 1310CA676570E3E69902AE9E8F0A939C39E6159B
2025-07-15 18:28:01.515, New Successor, ADC0E723DF6E376068DC6BEFDD59C00882974E21, C6EEA59CE4CF611D37FA2777D94B23FB46252E13
2025-07-15 18:41:44.361, New Successor, 7BB3577E7F5595B494687818149EE168FEBC2C03, 488D91B7237C9FDEC56C70D9374C721A2F230821
2025-07-15 18:41:47.705, New Successor, 488D91B7237C9FDEC56C70D9374C721A2F230821, 7BB3577E7F5595B494687818149EE168FEBC2C03
2025-07-15 18:41:56.405, New Successor, 7BB3577E7F5595B494687818149EE168FEBC2C03, 488D91B7237C9FDEC56C70D9374C721A2F230821
2025-07-15 18:41:59.749, New Successor, 488D91B7237C9FDEC56C70D9374C721A2F230821, 7BB3577E7F5595B494687818149EE168FEBC2C03
